<?xml version="1.0" encoding="UTF-8"?>
<testsuite xmlns:xsi="http://www.w3.org/2001/XMLSchema-instance" xsi:noNamespaceSchemaLocation="https://maven.apache.org/surefire/maven-surefire-plugin/xsd/surefire-test-report.xsd" version="3.0.2" name="com.springboot.learn_spring_boot.LearnSpringBootApplicationTests" time="4.198" tests="1" errors="0" skipped="0" failures="0">
  <properties>
    <property name="java.specification.version" value="21"/>
    <property name="sun.cpu.isalist" value="amd64"/>
    <property name="sun.jnu.encoding" value="Cp1252"/>
    <property name="java.class.path" value="C:\Users\Dhruti Parmar\eclipse-workspace\learn-spring-boot\target\test-classes;C:\Users\Dhruti Parmar\eclipse-workspace\learn-spring-boot\target\classes;C:\Users\Dhruti Parmar\.m2\repository\org\springframework\boot\spring-boot-starter-web\3.4.4\spring-boot-starter-web-3.4.4.jar;C:\Users\Dhruti Parmar\.m2\repository\org\springframework\boot\spring-boot-starter\3.4.4\spring-boot-starter-3.4.4.jar;C:\Users\Dhruti Parmar\.m2\repository\org\springframework\boot\spring-boot-starter-logging\3.4.4\spring-boot-starter-logging-3.4.4.jar;C:\Users\Dhruti Parmar\.m2\repository\ch\qos\logback\logback-classic\1.5.18\logback-classic-1.5.18.jar;C:\Users\Dhruti Parmar\.m2\repository\ch\qos\logback\logback-core\1.5.18\logback-core-1.5.18.jar;C:\Users\Dhruti Parmar\.m2\repository\org\apache\logging\log4j\log4j-to-slf4j\2.24.3\log4j-to-slf4j-2.24.3.jar;C:\Users\Dhruti Parmar\.m2\repository\org\apache\logging\log4j\log4j-api\2.24.3\log4j-api-2.24.3.jar;C:\Users\Dhruti Parmar\.m2\repository\org\slf4j\jul-to-slf4j\2.0.17\jul-to-slf4j-2.0.17.jar;C:\Users\Dhruti Parmar\.m2\repository\jakarta\annotation\jakarta.annotation-api\2.1.1\jakarta.annotation-api-2.1.1.jar;C:\Users\Dhruti Parmar\.m2\repository\org\yaml\snakeyaml\2.3\snakeyaml-2.3.jar;C:\Users\Dhruti Parmar\.m2\repository\org\springframework\boot\spring-boot-starter-json\3.4.4\spring-boot-starter-json-3.4.4.jar;C:\Users\Dhruti Parmar\.m2\repository\com\fasterxml\jackson\core\jackson-databind\2.18.3\jackson-databind-2.18.3.jar;C:\Users\Dhruti Parmar\.m2\repository\com\fasterxml\jackson\core\jackson-annotations\2.18.3\jackson-annotations-2.18.3.jar;C:\Users\Dhruti Parmar\.m2\repository\com\fasterxml\jackson\core\jackson-core\2.18.3\jackson-core-2.18.3.jar;C:\Users\Dhruti Parmar\.m2\repository\com\fasterxml\jackson\datatype\jackson-datatype-jdk8\2.18.3\jackson-datatype-jdk8-2.18.3.jar;C:\Users\Dhruti Parmar\.m2\repository\com\fasterxml\jackson\datatype\jackson-datatype-jsr310\2.18.3\jackson-datatype-jsr310-2.18.3.jar;C:\Users\Dhruti Parmar\.m2\repository\com\fasterxml\jackson\module\jackson-module-parameter-names\2.18.3\jackson-module-parameter-names-2.18.3.jar;C:\Users\Dhruti Parmar\.m2\repository\org\springframework\boot\spring-boot-starter-tomcat\3.4.4\spring-boot-starter-tomcat-3.4.4.jar;C:\Users\Dhruti Parmar\.m2\repository\org\apache\tomcat\embed\tomcat-embed-core\10.1.39\tomcat-embed-core-10.1.39.jar;C:\Users\Dhruti Parmar\.m2\repository\org\apache\tomcat\embed\tomcat-embed-el\10.1.39\tomcat-embed-el-10.1.39.jar;C:\Users\Dhruti Parmar\.m2\repository\org\apache\tomcat\embed\tomcat-embed-websocket\10.1.39\tomcat-embed-websocket-10.1.39.jar;C:\Users\Dhruti Parmar\.m2\repository\org\springframework\spring-web\6.2.5\spring-web-6.2.5.jar;C:\Users\Dhruti Parmar\.m2\repository\org\springframework\spring-beans\6.2.5\spring-beans-6.2.5.jar;C:\Users\Dhruti Parmar\.m2\repository\org\springframework\spring-webmvc\6.2.5\spring-webmvc-6.2.5.jar;C:\Users\Dhruti Parmar\.m2\repository\org\springframework\spring-aop\6.2.5\spring-aop-6.2.5.jar;C:\Users\Dhruti Parmar\.m2\repository\org\springframework\spring-context\6.2.5\spring-context-6.2.5.jar;C:\Users\Dhruti Parmar\.m2\repository\org\springframework\spring-expression\6.2.5\spring-expression-6.2.5.jar;C:\Users\Dhruti Parmar\.m2\repository\org\springframework\boot\spring-boot-starter-actuator\3.4.4\spring-boot-starter-actuator-3.4.4.jar;C:\Users\Dhruti Parmar\.m2\repository\org\springframework\boot\spring-boot-actuator-autoconfigure\3.4.4\spring-boot-actuator-autoconfigure-3.4.4.jar;C:\Users\Dhruti Parmar\.m2\repository\org\springframework\boot\spring-boot-actuator\3.4.4\spring-boot-actuator-3.4.4.jar;C:\Users\Dhruti Parmar\.m2\repository\io\micrometer\micrometer-observation\1.14.5\micrometer-observation-1.14.5.jar;C:\Users\Dhruti Parmar\.m2\repository\io\micrometer\micrometer-commons\1.14.5\micrometer-commons-1.14.5.jar;C:\Users\Dhruti Parmar\.m2\repository\io\micrometer\micrometer-jakarta9\1.14.5\micrometer-jakarta9-1.14.5.jar;C:\Users\Dhruti Parmar\.m2\repository\io\micrometer\micrometer-core\1.14.5\micrometer-core-1.14.5.jar;C:\Users\Dhruti Parmar\.m2\repository\org\hdrhistogram\HdrHistogram\2.2.2\HdrHistogram-2.2.2.jar;C:\Users\Dhruti Parmar\.m2\repository\org\latencyutils\LatencyUtils\2.0.3\LatencyUtils-2.0.3.jar;C:\Users\Dhruti Parmar\.m2\repository\org\springframework\boot\spring-boot-devtools\3.4.4\spring-boot-devtools-3.4.4.jar;C:\Users\Dhruti Parmar\.m2\repository\org\springframework\boot\spring-boot\3.4.4\spring-boot-3.4.4.jar;C:\Users\Dhruti Parmar\.m2\repository\org\springframework\boot\spring-boot-autoconfigure\3.4.4\spring-boot-autoconfigure-3.4.4.jar;C:\Users\Dhruti Parmar\.m2\repository\org\springframework\boot\spring-boot-starter-test\3.4.4\spring-boot-starter-test-3.4.4.jar;C:\Users\Dhruti Parmar\.m2\repository\org\springframework\boot\spring-boot-test\3.4.4\spring-boot-test-3.4.4.jar;C:\Users\Dhruti Parmar\.m2\repository\org\springframework\boot\spring-boot-test-autoconfigure\3.4.4\spring-boot-test-autoconfigure-3.4.4.jar;C:\Users\Dhruti Parmar\.m2\repository\com\jayway\jsonpath\json-path\2.9.0\json-path-2.9.0.jar;C:\Users\Dhruti Parmar\.m2\repository\org\slf4j\slf4j-api\2.0.17\slf4j-api-2.0.17.jar;C:\Users\Dhruti Parmar\.m2\repository\jakarta\xml\bind\jakarta.xml.bind-api\4.0.2\jakarta.xml.bind-api-4.0.2.jar;C:\Users\Dhruti Parmar\.m2\repository\jakarta\activation\jakarta.activation-api\2.1.3\jakarta.activation-api-2.1.3.jar;C:\Users\Dhruti Parmar\.m2\repository\net\minidev\json-smart\2.5.2\json-smart-2.5.2.jar;C:\Users\Dhruti Parmar\.m2\repository\net\minidev\accessors-smart\2.5.2\accessors-smart-2.5.2.jar;C:\Users\Dhruti Parmar\.m2\repository\org\ow2\asm\asm\9.7.1\asm-9.7.1.jar;C:\Users\Dhruti Parmar\.m2\repository\org\assertj\assertj-core\3.26.3\assertj-core-3.26.3.jar;C:\Users\Dhruti Parmar\.m2\repository\net\bytebuddy\byte-buddy\1.15.11\byte-buddy-1.15.11.jar;C:\Users\Dhruti Parmar\.m2\repository\org\awaitility\awaitility\4.2.2\awaitility-4.2.2.jar;C:\Users\Dhruti Parmar\.m2\repository\org\hamcrest\hamcrest\2.2\hamcrest-2.2.jar;C:\Users\Dhruti Parmar\.m2\repository\org\junit\jupiter\junit-jupiter\5.11.4\junit-jupiter-5.11.4.jar;C:\Users\Dhruti Parmar\.m2\repository\org\junit\jupiter\junit-jupiter-api\5.11.4\junit-jupiter-api-5.11.4.jar;C:\Users\Dhruti Parmar\.m2\repository\org\opentest4j\opentest4j\1.3.0\opentest4j-1.3.0.jar;C:\Users\Dhruti Parmar\.m2\repository\org\junit\platform\junit-platform-commons\1.11.4\junit-platform-commons-1.11.4.jar;C:\Users\Dhruti Parmar\.m2\repository\org\apiguardian\apiguardian-api\1.1.2\apiguardian-api-1.1.2.jar;C:\Users\Dhruti Parmar\.m2\repository\org\junit\jupiter\junit-jupiter-params\5.11.4\junit-jupiter-params-5.11.4.jar;C:\Users\Dhruti Parmar\.m2\repository\org\junit\jupiter\junit-jupiter-engine\5.11.4\junit-jupiter-engine-5.11.4.jar;C:\Users\Dhruti Parmar\.m2\repository\org\junit\platform\junit-platform-engine\1.11.4\junit-platform-engine-1.11.4.jar;C:\Users\Dhruti Parmar\.m2\repository\org\mockito\mockito-core\5.14.2\mockito-core-5.14.2.jar;C:\Users\Dhruti Parmar\.m2\repository\net\bytebuddy\byte-buddy-agent\1.15.11\byte-buddy-agent-1.15.11.jar;C:\Users\Dhruti Parmar\.m2\repository\org\objenesis\objenesis\3.3\objenesis-3.3.jar;C:\Users\Dhruti Parmar\.m2\repository\org\mockito\mockito-junit-jupiter\5.14.2\mockito-junit-jupiter-5.14.2.jar;C:\Users\Dhruti Parmar\.m2\repository\org\skyscreamer\jsonassert\1.5.3\jsonassert-1.5.3.jar;C:\Users\Dhruti Parmar\.m2\repository\com\vaadin\external\google\android-json\0.0.20131108.vaadin1\android-json-0.0.20131108.vaadin1.jar;C:\Users\Dhruti Parmar\.m2\repository\org\springframework\spring-core\6.2.5\spring-core-6.2.5.jar;C:\Users\Dhruti Parmar\.m2\repository\org\springframework\spring-jcl\6.2.5\spring-jcl-6.2.5.jar;C:\Users\Dhruti Parmar\.m2\repository\org\springframework\spring-test\6.2.5\spring-test-6.2.5.jar;C:\Users\Dhruti Parmar\.m2\repository\org\xmlunit\xmlunit-core\2.10.0\xmlunit-core-2.10.0.jar;"/>
    <property name="java.vm.vendor" value="Oracle Corporation"/>
    <property name="sun.arch.data.model" value="64"/>
    <property name="user.variant" value=""/>
    <property name="java.vendor.url" value="https://java.oracle.com/"/>
    <property name="user.timezone" value="Asia/Calcutta"/>
    <property name="os.name" value="Windows 11"/>
    <property name="java.vm.specification.version" value="21"/>
    <property name="APPLICATION_NAME" value="learn-spring-boot"/>
    <property name="sun.java.launcher" value="SUN_STANDARD"/>
    <property name="user.country" value="IN"/>
    <property name="sun.boot.library.path" value="C:\Program Files\Java\jdk-21\bin"/>
    <property name="sun.java.command" value="C:\Users\Dhruti Parmar\AppData\Local\Temp\surefire16458465382230250991\surefirebooter-20250401151623410_3.jar C:\Users\Dhruti Parmar\AppData\Local\Temp\surefire16458465382230250991 2025-04-01T15-16-23_260-jvmRun1 surefire-20250401151623410_1tmp surefire_0-20250401151623410_2tmp"/>
    <property name="jdk.debug" value="release"/>
    <property name="surefire.test.class.path" value="C:\Users\Dhruti Parmar\eclipse-workspace\learn-spring-boot\target\test-classes;C:\Users\Dhruti Parmar\eclipse-workspace\learn-spring-boot\target\classes;C:\Users\Dhruti Parmar\.m2\repository\org\springframework\boot\spring-boot-starter-web\3.4.4\spring-boot-starter-web-3.4.4.jar;C:\Users\Dhruti Parmar\.m2\repository\org\springframework\boot\spring-boot-starter\3.4.4\spring-boot-starter-3.4.4.jar;C:\Users\Dhruti Parmar\.m2\repository\org\springframework\boot\spring-boot-starter-logging\3.4.4\spring-boot-starter-logging-3.4.4.jar;C:\Users\Dhruti Parmar\.m2\repository\ch\qos\logback\logback-classic\1.5.18\logback-classic-1.5.18.jar;C:\Users\Dhruti Parmar\.m2\repository\ch\qos\logback\logback-core\1.5.18\logback-core-1.5.18.jar;C:\Users\Dhruti Parmar\.m2\repository\org\apache\logging\log4j\log4j-to-slf4j\2.24.3\log4j-to-slf4j-2.24.3.jar;C:\Users\Dhruti Parmar\.m2\repository\org\apache\logging\log4j\log4j-api\2.24.3\log4j-api-2.24.3.jar;C:\Users\Dhruti Parmar\.m2\repository\org\slf4j\jul-to-slf4j\2.0.17\jul-to-slf4j-2.0.17.jar;C:\Users\Dhruti Parmar\.m2\repository\jakarta\annotation\jakarta.annotation-api\2.1.1\jakarta.annotation-api-2.1.1.jar;C:\Users\Dhruti Parmar\.m2\repository\org\yaml\snakeyaml\2.3\snakeyaml-2.3.jar;C:\Users\Dhruti Parmar\.m2\repository\org\springframework\boot\spring-boot-starter-json\3.4.4\spring-boot-starter-json-3.4.4.jar;C:\Users\Dhruti Parmar\.m2\repository\com\fasterxml\jackson\core\jackson-databind\2.18.3\jackson-databind-2.18.3.jar;C:\Users\Dhruti Parmar\.m2\repository\com\fasterxml\jackson\core\jackson-annotations\2.18.3\jackson-annotations-2.18.3.jar;C:\Users\Dhruti Parmar\.m2\repository\com\fasterxml\jackson\core\jackson-core\2.18.3\jackson-core-2.18.3.jar;C:\Users\Dhruti Parmar\.m2\repository\com\fasterxml\jackson\datatype\jackson-datatype-jdk8\2.18.3\jackson-datatype-jdk8-2.18.3.jar;C:\Users\Dhruti Parmar\.m2\repository\com\fasterxml\jackson\datatype\jackson-datatype-jsr310\2.18.3\jackson-datatype-jsr310-2.18.3.jar;C:\Users\Dhruti Parmar\.m2\repository\com\fasterxml\jackson\module\jackson-module-parameter-names\2.18.3\jackson-module-parameter-names-2.18.3.jar;C:\Users\Dhruti Parmar\.m2\repository\org\springframework\boot\spring-boot-starter-tomcat\3.4.4\spring-boot-starter-tomcat-3.4.4.jar;C:\Users\Dhruti Parmar\.m2\repository\org\apache\tomcat\embed\tomcat-embed-core\10.1.39\tomcat-embed-core-10.1.39.jar;C:\Users\Dhruti Parmar\.m2\repository\org\apache\tomcat\embed\tomcat-embed-el\10.1.39\tomcat-embed-el-10.1.39.jar;C:\Users\Dhruti Parmar\.m2\repository\org\apache\tomcat\embed\tomcat-embed-websocket\10.1.39\tomcat-embed-websocket-10.1.39.jar;C:\Users\Dhruti Parmar\.m2\repository\org\springframework\spring-web\6.2.5\spring-web-6.2.5.jar;C:\Users\Dhruti Parmar\.m2\repository\org\springframework\spring-beans\6.2.5\spring-beans-6.2.5.jar;C:\Users\Dhruti Parmar\.m2\repository\org\springframework\spring-webmvc\6.2.5\spring-webmvc-6.2.5.jar;C:\Users\Dhruti Parmar\.m2\repository\org\springframework\spring-aop\6.2.5\spring-aop-6.2.5.jar;C:\Users\Dhruti Parmar\.m2\repository\org\springframework\spring-context\6.2.5\spring-context-6.2.5.jar;C:\Users\Dhruti Parmar\.m2\repository\org\springframework\spring-expression\6.2.5\spring-expression-6.2.5.jar;C:\Users\Dhruti Parmar\.m2\repository\org\springframework\boot\spring-boot-starter-actuator\3.4.4\spring-boot-starter-actuator-3.4.4.jar;C:\Users\Dhruti Parmar\.m2\repository\org\springframework\boot\spring-boot-actuator-autoconfigure\3.4.4\spring-boot-actuator-autoconfigure-3.4.4.jar;C:\Users\Dhruti Parmar\.m2\repository\org\springframework\boot\spring-boot-actuator\3.4.4\spring-boot-actuator-3.4.4.jar;C:\Users\Dhruti Parmar\.m2\repository\io\micrometer\micrometer-observation\1.14.5\micrometer-observation-1.14.5.jar;C:\Users\Dhruti Parmar\.m2\repository\io\micrometer\micrometer-commons\1.14.5\micrometer-commons-1.14.5.jar;C:\Users\Dhruti Parmar\.m2\repository\io\micrometer\micrometer-jakarta9\1.14.5\micrometer-jakarta9-1.14.5.jar;C:\Users\Dhruti Parmar\.m2\repository\io\micrometer\micrometer-core\1.14.5\micrometer-core-1.14.5.jar;C:\Users\Dhruti Parmar\.m2\repository\org\hdrhistogram\HdrHistogram\2.2.2\HdrHistogram-2.2.2.jar;C:\Users\Dhruti Parmar\.m2\repository\org\latencyutils\LatencyUtils\2.0.3\LatencyUtils-2.0.3.jar;C:\Users\Dhruti Parmar\.m2\repository\org\springframework\boot\spring-boot-devtools\3.4.4\spring-boot-devtools-3.4.4.jar;C:\Users\Dhruti Parmar\.m2\repository\org\springframework\boot\spring-boot\3.4.4\spring-boot-3.4.4.jar;C:\Users\Dhruti Parmar\.m2\repository\org\springframework\boot\spring-boot-autoconfigure\3.4.4\spring-boot-autoconfigure-3.4.4.jar;C:\Users\Dhruti Parmar\.m2\repository\org\springframework\boot\spring-boot-starter-test\3.4.4\spring-boot-starter-test-3.4.4.jar;C:\Users\Dhruti Parmar\.m2\repository\org\springframework\boot\spring-boot-test\3.4.4\spring-boot-test-3.4.4.jar;C:\Users\Dhruti Parmar\.m2\repository\org\springframework\boot\spring-boot-test-autoconfigure\3.4.4\spring-boot-test-autoconfigure-3.4.4.jar;C:\Users\Dhruti Parmar\.m2\repository\com\jayway\jsonpath\json-path\2.9.0\json-path-2.9.0.jar;C:\Users\Dhruti Parmar\.m2\repository\org\slf4j\slf4j-api\2.0.17\slf4j-api-2.0.17.jar;C:\Users\Dhruti Parmar\.m2\repository\jakarta\xml\bind\jakarta.xml.bind-api\4.0.2\jakarta.xml.bind-api-4.0.2.jar;C:\Users\Dhruti Parmar\.m2\repository\jakarta\activation\jakarta.activation-api\2.1.3\jakarta.activation-api-2.1.3.jar;C:\Users\Dhruti Parmar\.m2\repository\net\minidev\json-smart\2.5.2\json-smart-2.5.2.jar;C:\Users\Dhruti Parmar\.m2\repository\net\minidev\accessors-smart\2.5.2\accessors-smart-2.5.2.jar;C:\Users\Dhruti Parmar\.m2\repository\org\ow2\asm\asm\9.7.1\asm-9.7.1.jar;C:\Users\Dhruti Parmar\.m2\repository\org\assertj\assertj-core\3.26.3\assertj-core-3.26.3.jar;C:\Users\Dhruti Parmar\.m2\repository\net\bytebuddy\byte-buddy\1.15.11\byte-buddy-1.15.11.jar;C:\Users\Dhruti Parmar\.m2\repository\org\awaitility\awaitility\4.2.2\awaitility-4.2.2.jar;C:\Users\Dhruti Parmar\.m2\repository\org\hamcrest\hamcrest\2.2\hamcrest-2.2.jar;C:\Users\Dhruti Parmar\.m2\repository\org\junit\jupiter\junit-jupiter\5.11.4\junit-jupiter-5.11.4.jar;C:\Users\Dhruti Parmar\.m2\repository\org\junit\jupiter\junit-jupiter-api\5.11.4\junit-jupiter-api-5.11.4.jar;C:\Users\Dhruti Parmar\.m2\repository\org\opentest4j\opentest4j\1.3.0\opentest4j-1.3.0.jar;C:\Users\Dhruti Parmar\.m2\repository\org\junit\platform\junit-platform-commons\1.11.4\junit-platform-commons-1.11.4.jar;C:\Users\Dhruti Parmar\.m2\repository\org\apiguardian\apiguardian-api\1.1.2\apiguardian-api-1.1.2.jar;C:\Users\Dhruti Parmar\.m2\repository\org\junit\jupiter\junit-jupiter-params\5.11.4\junit-jupiter-params-5.11.4.jar;C:\Users\Dhruti Parmar\.m2\repository\org\junit\jupiter\junit-jupiter-engine\5.11.4\junit-jupiter-engine-5.11.4.jar;C:\Users\Dhruti Parmar\.m2\repository\org\junit\platform\junit-platform-engine\1.11.4\junit-platform-engine-1.11.4.jar;C:\Users\Dhruti Parmar\.m2\repository\org\mockito\mockito-core\5.14.2\mockito-core-5.14.2.jar;C:\Users\Dhruti Parmar\.m2\repository\net\bytebuddy\byte-buddy-agent\1.15.11\byte-buddy-agent-1.15.11.jar;C:\Users\Dhruti Parmar\.m2\repository\org\objenesis\objenesis\3.3\objenesis-3.3.jar;C:\Users\Dhruti Parmar\.m2\repository\org\mockito\mockito-junit-jupiter\5.14.2\mockito-junit-jupiter-5.14.2.jar;C:\Users\Dhruti Parmar\.m2\repository\org\skyscreamer\jsonassert\1.5.3\jsonassert-1.5.3.jar;C:\Users\Dhruti Parmar\.m2\repository\com\vaadin\external\google\android-json\0.0.20131108.vaadin1\android-json-0.0.20131108.vaadin1.jar;C:\Users\Dhruti Parmar\.m2\repository\org\springframework\spring-core\6.2.5\spring-core-6.2.5.jar;C:\Users\Dhruti Parmar\.m2\repository\org\springframework\spring-jcl\6.2.5\spring-jcl-6.2.5.jar;C:\Users\Dhruti Parmar\.m2\repository\org\springframework\spring-test\6.2.5\spring-test-6.2.5.jar;C:\Users\Dhruti Parmar\.m2\repository\org\xmlunit\xmlunit-core\2.10.0\xmlunit-core-2.10.0.jar;"/>
    <property name="sun.cpu.endian" value="little"/>
    <property name="user.home" value="C:\Users\Dhruti Parmar"/>
    <property name="user.language" value="en"/>
    <property name="java.specification.vendor" value="Oracle Corporation"/>
    <property name="java.version.date" value="2024-10-15"/>
    <property name="java.home" value="C:\Program Files\Java\jdk-21"/>
    <property name="file.separator" value="\"/>
    <property name="basedir" value="C:\Users\Dhruti Parmar\eclipse-workspace\learn-spring-boot"/>
    <property name="style.color" value="always"/>
    <property name="java.vm.compressedOopsMode" value="Zero based"/>
    <property name="line.separator" value="&#10;"/>
    <property name="java.vm.specification.vendor" value="Oracle Corporation"/>
    <property name="java.specification.name" value="Java Platform API Specification"/>
    <property name="FILE_LOG_CHARSET" value="UTF-8"/>
    <property name="java.awt.headless" value="true"/>
    <property name="surefire.real.class.path" value="C:\Users\Dhruti Parmar\AppData\Local\Temp\surefire16458465382230250991\surefirebooter-20250401151623410_3.jar"/>
    <property name="user.script" value=""/>
    <property name="sun.management.compiler" value="HotSpot 64-Bit Tiered Compilers"/>
    <property name="java.runtime.version" value="21.0.5+9-LTS-239"/>
    <property name="user.name" value="Dhruti Parmar"/>
    <property name="stdout.encoding" value="Cp1252"/>
    <property name="path.separator" value=";"/>
    <property name="os.version" value="10.0"/>
    <property name="java.runtime.name" value="Java(TM) SE Runtime Environment"/>
    <property name="file.encoding" value="UTF-8"/>
    <property name="java.vm.name" value="Java HotSpot(TM) 64-Bit Server VM"/>
    <property name="localRepository" value="C:\Users\Dhruti Parmar\.m2\repository"/>
    <property name="java.vendor.url.bug" value="https://bugreport.java.com/bugreport/"/>
    <property name="java.io.tmpdir" value="C:\Users\DHRUTI~1\AppData\Local\Temp\"/>
    <property name="java.version" value="21.0.5"/>
    <property name="user.dir" value="C:\Users\Dhruti Parmar\eclipse-workspace\learn-spring-boot"/>
    <property name="os.arch" value="amd64"/>
    <property name="java.vm.specification.name" value="Java Virtual Machine Specification"/>
    <property name="PID" value="16888"/>
    <property name="sun.os.patch.level" value=""/>
    <property name="CONSOLE_LOG_CHARSET" value="UTF-8"/>
    <property name="native.encoding" value="Cp1252"/>
    <property name="java.library.path" value="C:\Program Files\Java\jdk-21\bin;C:\WINDOWS\Sun\Java\bin;C:\WINDOWS\system32;C:\WINDOWS;C:/Users/Dhruti Parmar/.p2/pool/plugins/org.eclipse.justj.openjdk.hotspot.jre.full.win32.x86_64_23.0.1.v20241024-1700/jre/bin/server;C:/Users/Dhruti Parmar/.p2/pool/plugins/org.eclipse.justj.openjdk.hotspot.jre.full.win32.x86_64_23.0.1.v20241024-1700/jre/bin;D:\Apache Maven\apache-maven-3.9.9\bin;D:\Node Js\;C:\Users\Dhruti Parmar\AppData\Local\Microsoft\WindowsApps;D:\Git\cmd;D:\Apache Maven\apache-maven-3.9.9\bin;C:\Program Files\Java\jdk-21\bin;D:\Microsoft VS Code\bin;C:\Users\Dhruti Parmar\AppData\Roaming\npm;C:\Users\Dhruti Parmar\Desktop;;."/>
    <property name="java.vm.info" value="mixed mode, sharing"/>
    <property name="stderr.encoding" value="Cp1252"/>
    <property name="java.vendor" value="Oracle Corporation"/>
    <property name="java.vm.version" value="21.0.5+9-LTS-239"/>
    <property name="sun.io.unicode.encoding" value="UnicodeLittle"/>
    <property name="java.class.version" value="65.0"/>
    <property name="LOGGED_APPLICATION_NAME" value="[learn-spring-boot] "/>
  </properties>
  <testcase name="contextLoads" classname="com.springboot.learn_spring_boot.LearnSpringBootApplicationTests" time="1.043">
    <system-out><![CDATA[15:16:24.271 [main] INFO org.springframework.test.context.support.AnnotationConfigContextLoaderUtils -- Could not detect default configuration classes for test class [com.springboot.learn_spring_boot.LearnSpringBootApplicationTests]: LearnSpringBootApplicationTests does not declare any static, non-private, non-final, nested classes annotated with @Configuration.
15:16:24.455 [main] INFO org.springframework.boot.test.context.SpringBootTestContextBootstrapper -- Found @SpringBootConfiguration com.springboot.learn_spring_boot.LearnSpringBootApplication for test class com.springboot.learn_spring_boot.LearnSpringBootApplicationTests
15:16:24.676 [main] INFO org.springframework.boot.devtools.restart.RestartApplicationListener -- Restart disabled due to context in which it is running
2025-04-01T15:16:24.924+05:30 TRACE 16888 --- [learn-spring-boot] [           main] o.s.c.io.support.SpringFactoriesLoader   : Loaded [org.springframework.boot.ApplicationContextFactory] names: [org.springframework.boot.web.reactive.context.ReactiveWebServerApplicationContextFactory, org.springframework.boot.web.servlet.context.ServletWebServerApplicationContextFactory]

  .   ____          _            __ _ _
 /\\ / ___'_ __ _ _(_)_ __  __ _ \ \ \ \
( ( )\___ | '_ | '_| | '_ \/ _` | \ \ \ \
 \\/  ___)| |_)| | | | | || (_| |  ) ) ) )
  '  |____| .__|_| |_|_| |_\__, | / / / /
 =========|_|==============|___/=/_/_/_/

 :: Spring Boot ::                (v3.4.4)

2025-04-01T15:16:24.994+05:30 TRACE 16888 --- [learn-spring-boot] [           main] o.s.b.f.s.DefaultListableBeanFactory     : Registering scope 'restart' with implementation [org.springframework.boot.devtools.restart.RestartScopeInitializer$RestartScope@2a3a299]
2025-04-01T15:16:24.996+05:30 TRACE 16888 --- [learn-spring-boot] [           main] o.s.c.io.support.SpringFactoriesLoader   : Loaded [org.springframework.core.io.ProtocolResolver] names: [org.springframework.boot.io.Base64ProtocolResolver]
2025-04-01T15:16:24.999+05:30 TRACE 16888 --- [learn-spring-boot] [           main] o.s.b.f.s.DefaultListableBeanFactory     : Returning cached instance of singleton bean 'autoConfigurationReport'
2025-04-01T15:16:25.003+05:30  INFO 16888 --- [learn-spring-boot] [           main] c.s.l.LearnSpringBootApplicationTests    : Starting LearnSpringBootApplicationTests using Java 21.0.5 with PID 16888 (started by Dhruti Parmar in C:\Users\Dhruti Parmar\eclipse-workspace\learn-spring-boot)
2025-04-01T15:16:25.004+05:30  INFO 16888 --- [learn-spring-boot] [           main] c.s.l.LearnSpringBootApplicationTests    : The following 1 profile is active: "dev"
2025-04-01T15:16:25.004+05:30 DEBUG 16888 --- [learn-spring-boot] [           main] o.s.boot.SpringApplication               : Loading source class com.springboot.learn_spring_boot.LearnSpringBootApplication
2025-04-01T15:16:25.029+05:30 TRACE 16888 --- [learn-spring-boot] [           main] o.s.c.a.ClassPathBeanDefinitionScanner   : JSR-250 'jakarta.annotation.ManagedBean' found and supported for component scanning
2025-04-01T15:16:25.050+05:30 TRACE 16888 --- [learn-spring-boot] [           main] uePropertySourceEnvironmentPostProcessor : RandomValuePropertySource add to Environment
2025-04-01T15:16:25.050+05:30 TRACE 16888 --- [learn-spring-boot] [           main] b.c.c.ConfigDataEnvironmentPostProcessor : Post-processing environment to add config data
2025-04-01T15:16:25.050+05:30 TRACE 16888 --- [learn-spring-boot] [           main] o.s.b.c.config.ConfigDataEnvironment     : Building config data environment contributors
2025-04-01T15:16:25.050+05:30 TRACE 16888 --- [learn-spring-boot] [           main] o.s.b.c.config.ConfigDataEnvironment     : Creating wrapped config data contributor for 'Inlined Test Properties'
2025-04-01T15:16:25.051+05:30 TRACE 16888 --- [learn-spring-boot] [           main] o.s.b.c.config.ConfigDataEnvironment     : Creating wrapped config data contributor for 'configurationProperties'
2025-04-01T15:16:25.051+05:30 TRACE 16888 --- [learn-spring-boot] [           main] o.s.b.c.config.ConfigDataEnvironment     : Creating wrapped config data contributor for 'servletConfigInitParams'
2025-04-01T15:16:25.051+05:30 TRACE 16888 --- [learn-spring-boot] [           main] o.s.b.c.config.ConfigDataEnvironment     : Creating wrapped config data contributor for 'servletContextInitParams'
2025-04-01T15:16:25.051+05:30 TRACE 16888 --- [learn-spring-boot] [           main] o.s.b.c.config.ConfigDataEnvironment     : Creating wrapped config data contributor for 'systemProperties'
2025-04-01T15:16:25.051+05:30 TRACE 16888 --- [learn-spring-boot] [           main] o.s.b.c.config.ConfigDataEnvironment     : Creating wrapped config data contributor for 'systemEnvironment'
2025-04-01T15:16:25.051+05:30 TRACE 16888 --- [learn-spring-boot] [           main] o.s.b.c.config.ConfigDataEnvironment     : Creating wrapped config data contributor for 'random'
2025-04-01T15:16:25.051+05:30 TRACE 16888 --- [learn-spring-boot] [           main] o.s.b.c.config.ConfigDataEnvironment     : Creating wrapped config data contributor for 'applicationInfo'
2025-04-01T15:16:25.051+05:30 TRACE 16888 --- [learn-spring-boot] [           main] o.s.b.c.config.ConfigDataEnvironment     : Adding initial config data import from location 'optional:file:./;optional:file:./config/;optional:file:./config/*/'
2025-04-01T15:16:25.051+05:30 TRACE 16888 --- [learn-spring-boot] [           main] o.s.b.c.config.ConfigDataEnvironment     : Adding initial config data import from location 'optional:classpath:/;optional:classpath:/config/'
2025-04-01T15:16:25.051+05:30 TRACE 16888 --- [learn-spring-boot] [           main] o.s.b.c.config.ConfigDataEnvironment     : Processing initial config data environment contributors without activation context
2025-04-01T15:16:25.051+05:30 TRACE 16888 --- [learn-spring-boot] [           main] .b.c.c.ConfigDataEnvironmentContributors : Processing imports for phase BEFORE_PROFILE_ACTIVATION. no activation context
2025-04-01T15:16:25.051+05:30 TRACE 16888 --- [learn-spring-boot] [           main] .b.c.c.ConfigDataEnvironmentContributors : Processing imports [optional:file:./;optional:file:./config/;optional:file:./config/*/]
2025-04-01T15:16:25.052+05:30 TRACE 16888 --- [learn-spring-boot] [           main] b.c.c.StandardConfigDataLocationResolver : Skipping missing resource file:./application.yaml
2025-04-01T15:16:25.052+05:30 TRACE 16888 --- [learn-spring-boot] [           main] b.c.c.StandardConfigDataLocationResolver : Skipping missing resource file:./application.yml
2025-04-01T15:16:25.052+05:30 TRACE 16888 --- [learn-spring-boot] [           main] b.c.c.StandardConfigDataLocationResolver : Skipping missing resource file:./application.xml
2025-04-01T15:16:25.052+05:30 TRACE 16888 --- [learn-spring-boot] [           main] b.c.c.StandardConfigDataLocationResolver : Skipping missing resource file:./application.properties
2025-04-01T15:16:25.052+05:30 TRACE 16888 --- [learn-spring-boot] [           main] b.c.c.StandardConfigDataLocationResolver : Skipping missing resource file:./config/application.yaml
2025-04-01T15:16:25.052+05:30 TRACE 16888 --- [learn-spring-boot] [           main] b.c.c.StandardConfigDataLocationResolver : Skipping missing resource file:./config/application.yml
2025-04-01T15:16:25.052+05:30 TRACE 16888 --- [learn-spring-boot] [           main] b.c.c.StandardConfigDataLocationResolver : Skipping missing resource file:./config/application.xml
2025-04-01T15:16:25.052+05:30 TRACE 16888 --- [learn-spring-boot] [           main] b.c.c.StandardConfigDataLocationResolver : Skipping missing resource file:./config/application.properties
2025-04-01T15:16:25.053+05:30 TRACE 16888 --- [learn-spring-boot] [           main] o.s.b.context.config.ConfigDataImporter  : Considering resource file [.] from location optional:file:./;optional:file:./config/;optional:file:./config/*/
2025-04-01T15:16:25.054+05:30 TRACE 16888 --- [learn-spring-boot] [           main] o.s.b.context.config.ConfigDataLoaders   : Loading file [.] using loader org.springframework.boot.context.config.StandardConfigDataLoader
2025-04-01T15:16:25.054+05:30 TRACE 16888 --- [learn-spring-boot] [           main] o.s.b.context.config.ConfigDataImporter  : Loaded resource file [.] from location optional:file:./;optional:file:./config/;optional:file:./config/*/
2025-04-01T15:16:25.057+05:30 TRACE 16888 --- [learn-spring-boot] [           main] .b.c.c.ConfigDataEnvironmentContributors : Imported 1 resource [file [.]]
2025-04-01T15:16:25.058+05:30 TRACE 16888 --- [learn-spring-boot] [           main] .b.c.c.ConfigDataEnvironmentContributors : Processing imports [optional:classpath:/;optional:classpath:/config/]
2025-04-01T15:16:25.058+05:30 TRACE 16888 --- [learn-spring-boot] [           main] b.c.c.StandardConfigDataLocationResolver : Skipping missing resource classpath:/application.yaml
2025-04-01T15:16:25.058+05:30 TRACE 16888 --- [learn-spring-boot] [           main] b.c.c.StandardConfigDataLocationResolver : Skipping missing resource classpath:/application.yml
2025-04-01T15:16:25.058+05:30 TRACE 16888 --- [learn-spring-boot] [           main] b.c.c.StandardConfigDataLocationResolver : Skipping missing resource classpath:/application.xml
2025-04-01T15:16:25.058+05:30 TRACE 16888 --- [learn-spring-boot] [           main] b.c.c.StandardConfigDataLocationResolver : Skipping missing resource classpath:/config/application.yaml
2025-04-01T15:16:25.058+05:30 TRACE 16888 --- [learn-spring-boot] [           main] b.c.c.StandardConfigDataLocationResolver : Skipping missing resource classpath:/config/application.yml
2025-04-01T15:16:25.058+05:30 TRACE 16888 --- [learn-spring-boot] [           main] b.c.c.StandardConfigDataLocationResolver : Skipping missing resource classpath:/config/application.xml
2025-04-01T15:16:25.058+05:30 TRACE 16888 --- [learn-spring-boot] [           main] b.c.c.StandardConfigDataLocationResolver : Skipping missing resource classpath:/config/application.properties
2025-04-01T15:16:25.058+05:30 TRACE 16888 --- [learn-spring-boot] [           main] o.s.b.context.config.ConfigDataImporter  : Considering resource class path resource [application.properties] from location optional:classpath:/;optional:classpath:/config/
2025-04-01T15:16:25.058+05:30 TRACE 16888 --- [learn-spring-boot] [           main] o.s.b.context.config.ConfigDataLoaders   : Loading class path resource [application.properties] using loader org.springframework.boot.context.config.StandardConfigDataLoader
2025-04-01T15:16:25.058+05:30 TRACE 16888 --- [learn-spring-boot] [           main] o.s.b.context.config.ConfigDataImporter  : Loaded resource class path resource [application.properties] from location optional:classpath:/;optional:classpath:/config/
2025-04-01T15:16:25.058+05:30 TRACE 16888 --- [learn-spring-boot] [           main] .b.c.c.ConfigDataEnvironmentContributors : Imported 1 resource [class path resource [application.properties]]
2025-04-01T15:16:25.059+05:30 TRACE 16888 --- [learn-spring-boot] [           main] .b.c.c.ConfigDataEnvironmentContributors : Processed imports for of 2 contributors
2025-04-01T15:16:25.059+05:30 TRACE 16888 --- [learn-spring-boot] [           main] o.s.b.c.config.ConfigDataEnvironment     : Creating config data activation context from initial contributions
2025-04-01T15:16:25.059+05:30 TRACE 16888 --- [learn-spring-boot] [           main] o.s.b.c.config.ConfigDataEnvironment     : Processing config data environment contributors with initial activation context
2025-04-01T15:16:25.062+05:30 TRACE 16888 --- [learn-spring-boot] [           main] .b.c.c.ConfigDataEnvironmentContributors : Processing imports for phase BEFORE_PROFILE_ACTIVATION. [ConfigDataActivationContext@7fae4d4a cloudPlatform = [null], profiles = [null]]
2025-04-01T15:16:25.062+05:30 TRACE 16888 --- [learn-spring-boot] [           main] .b.c.c.ConfigDataEnvironmentContributors : Processed imports for of 0 contributors
2025-04-01T15:16:25.062+05:30 TRACE 16888 --- [learn-spring-boot] [           main] o.s.b.c.config.ConfigDataEnvironment     : Deducing profiles from current config data environment contributors
2025-04-01T15:16:25.062+05:30 TRACE 16888 --- [learn-spring-boot] [           main] o.s.b.c.config.ConfigDataEnvironment     : Processing config data environment contributors with profile activation context
2025-04-01T15:16:25.062+05:30 TRACE 16888 --- [learn-spring-boot] [           main] .b.c.c.ConfigDataEnvironmentContributors : Processing imports for phase AFTER_PROFILE_ACTIVATION. [ConfigDataActivationContext@ba1f559 cloudPlatform = [null], profiles = [Profiles@3f4f9acd active = '[dev]', default = '[default]', accepted = '[dev]']]
2025-04-01T15:16:25.062+05:30 TRACE 16888 --- [learn-spring-boot] [           main] .b.c.c.ConfigDataEnvironmentContributors : Processing imports [optional:file:./;optional:file:./config/;optional:file:./config/*/]
2025-04-01T15:16:25.062+05:30 TRACE 16888 --- [learn-spring-boot] [           main] b.c.c.StandardConfigDataLocationResolver : Skipping missing resource file:./application.yaml
2025-04-01T15:16:25.062+05:30 TRACE 16888 --- [learn-spring-boot] [           main] b.c.c.StandardConfigDataLocationResolver : Skipping missing resource file:./application.yml
2025-04-01T15:16:25.062+05:30 TRACE 16888 --- [learn-spring-boot] [           main] b.c.c.StandardConfigDataLocationResolver : Skipping missing resource file:./application.xml
2025-04-01T15:16:25.062+05:30 TRACE 16888 --- [learn-spring-boot] [           main] b.c.c.StandardConfigDataLocationResolver : Skipping missing resource file:./application.properties
2025-04-01T15:16:25.062+05:30 TRACE 16888 --- [learn-spring-boot] [           main] b.c.c.StandardConfigDataLocationResolver : Skipping missing resource file:./config/application.yaml
2025-04-01T15:16:25.062+05:30 TRACE 16888 --- [learn-spring-boot] [           main] b.c.c.StandardConfigDataLocationResolver : Skipping missing resource file:./config/application.yml
2025-04-01T15:16:25.062+05:30 TRACE 16888 --- [learn-spring-boot] [           main] b.c.c.StandardConfigDataLocationResolver : Skipping missing resource file:./config/application.xml
2025-04-01T15:16:25.062+05:30 TRACE 16888 --- [learn-spring-boot] [           main] b.c.c.StandardConfigDataLocationResolver : Skipping missing resource file:./config/application.properties
2025-04-01T15:16:25.063+05:30 TRACE 16888 --- [learn-spring-boot] [           main] b.c.c.StandardConfigDataLocationResolver : Skipping missing resource file:./application-dev.yaml
2025-04-01T15:16:25.063+05:30 TRACE 16888 --- [learn-spring-boot] [           main] b.c.c.StandardConfigDataLocationResolver : Skipping missing resource file:./application-dev.yml
2025-04-01T15:16:25.063+05:30 TRACE 16888 --- [learn-spring-boot] [           main] b.c.c.StandardConfigDataLocationResolver : Skipping missing resource file:./application-dev.xml
2025-04-01T15:16:25.063+05:30 TRACE 16888 --- [learn-spring-boot] [           main] b.c.c.StandardConfigDataLocationResolver : Skipping missing resource file:./application-dev.properties
2025-04-01T15:16:25.063+05:30 TRACE 16888 --- [learn-spring-boot] [           main] b.c.c.StandardConfigDataLocationResolver : Skipping missing resource file:./config/application-dev.yaml
2025-04-01T15:16:25.063+05:30 TRACE 16888 --- [learn-spring-boot] [           main] b.c.c.StandardConfigDataLocationResolver : Skipping missing resource file:./config/application-dev.yml
2025-04-01T15:16:25.063+05:30 TRACE 16888 --- [learn-spring-boot] [           main] b.c.c.StandardConfigDataLocationResolver : Skipping missing resource file:./config/application-dev.xml
2025-04-01T15:16:25.063+05:30 TRACE 16888 --- [learn-spring-boot] [           main] b.c.c.StandardConfigDataLocationResolver : Skipping missing resource file:./config/application-dev.properties
2025-04-01T15:16:25.063+05:30 TRACE 16888 --- [learn-spring-boot] [           main] o.s.b.context.config.ConfigDataImporter  : Considering resource file [.] from location optional:file:./;optional:file:./config/;optional:file:./config/*/
2025-04-01T15:16:25.063+05:30 TRACE 16888 --- [learn-spring-boot] [           main] o.s.b.context.config.ConfigDataImporter  : Already loaded resource file [.] ignoring location optional:file:./;optional:file:./config/;optional:file:./config/*/
2025-04-01T15:16:25.063+05:30 TRACE 16888 --- [learn-spring-boot] [           main] o.s.b.context.config.ConfigDataImporter  : Considering resource file [.] from location optional:file:./;optional:file:./config/;optional:file:./config/*/
2025-04-01T15:16:25.064+05:30 TRACE 16888 --- [learn-spring-boot] [           main] o.s.b.context.config.ConfigDataImporter  : Already loaded resource file [.] ignoring location optional:file:./;optional:file:./config/;optional:file:./config/*/
2025-04-01T15:16:25.064+05:30 TRACE 16888 --- [learn-spring-boot] [           main] .b.c.c.ConfigDataEnvironmentContributors : Nothing imported
2025-04-01T15:16:25.064+05:30 TRACE 16888 --- [learn-spring-boot] [           main] .b.c.c.ConfigDataEnvironmentContributors : Processing imports [optional:classpath:/;optional:classpath:/config/]
2025-04-01T15:16:25.064+05:30 TRACE 16888 --- [learn-spring-boot] [           main] b.c.c.StandardConfigDataLocationResolver : Skipping missing resource classpath:/application.yaml
2025-04-01T15:16:25.064+05:30 TRACE 16888 --- [learn-spring-boot] [           main] b.c.c.StandardConfigDataLocationResolver : Skipping missing resource classpath:/application.yml
2025-04-01T15:16:25.064+05:30 TRACE 16888 --- [learn-spring-boot] [           main] b.c.c.StandardConfigDataLocationResolver : Skipping missing resource classpath:/application.xml
2025-04-01T15:16:25.064+05:30 TRACE 16888 --- [learn-spring-boot] [           main] b.c.c.StandardConfigDataLocationResolver : Skipping missing resource classpath:/config/application.yaml
2025-04-01T15:16:25.065+05:30 TRACE 16888 --- [learn-spring-boot] [           main] b.c.c.StandardConfigDataLocationResolver : Skipping missing resource classpath:/config/application.yml
2025-04-01T15:16:25.065+05:30 TRACE 16888 --- [learn-spring-boot] [           main] b.c.c.StandardConfigDataLocationResolver : Skipping missing resource classpath:/config/application.xml
2025-04-01T15:16:25.065+05:30 TRACE 16888 --- [learn-spring-boot] [           main] b.c.c.StandardConfigDataLocationResolver : Skipping missing resource classpath:/config/application.properties
2025-04-01T15:16:25.065+05:30 TRACE 16888 --- [learn-spring-boot] [           main] b.c.c.StandardConfigDataLocationResolver : Skipping missing resource classpath:/application-dev.yaml
2025-04-01T15:16:25.065+05:30 TRACE 16888 --- [learn-spring-boot] [           main] b.c.c.StandardConfigDataLocationResolver : Skipping missing resource classpath:/application-dev.yml
2025-04-01T15:16:25.065+05:30 TRACE 16888 --- [learn-spring-boot] [           main] b.c.c.StandardConfigDataLocationResolver : Skipping missing resource classpath:/application-dev.xml
2025-04-01T15:16:25.065+05:30 TRACE 16888 --- [learn-spring-boot] [           main] b.c.c.StandardConfigDataLocationResolver : Skipping missing resource classpath:/config/application-dev.yaml
2025-04-01T15:16:25.065+05:30 TRACE 16888 --- [learn-spring-boot] [           main] b.c.c.StandardConfigDataLocationResolver : Skipping missing resource classpath:/config/application-dev.yml
2025-04-01T15:16:25.065+05:30 TRACE 16888 --- [learn-spring-boot] [           main] b.c.c.StandardConfigDataLocationResolver : Skipping missing resource classpath:/config/application-dev.xml
2025-04-01T15:16:25.065+05:30 TRACE 16888 --- [learn-spring-boot] [           main] b.c.c.StandardConfigDataLocationResolver : Skipping missing resource classpath:/config/application-dev.properties
2025-04-01T15:16:25.065+05:30 TRACE 16888 --- [learn-spring-boot] [           main] o.s.b.context.config.ConfigDataImporter  : Considering resource class path resource [application-dev.properties] from location optional:classpath:/;optional:classpath:/config/
2025-04-01T15:16:25.065+05:30 TRACE 16888 --- [learn-spring-boot] [           main] o.s.b.context.config.ConfigDataLoaders   : Loading class path resource [application-dev.properties] using loader org.springframework.boot.context.config.StandardConfigDataLoader
2025-04-01T15:16:25.065+05:30 TRACE 16888 --- [learn-spring-boot] [           main] o.s.b.context.config.ConfigDataImporter  : Loaded resource class path resource [application-dev.properties] from location optional:classpath:/;optional:classpath:/config/
2025-04-01T15:16:25.065+05:30 TRACE 16888 --- [learn-spring-boot] [           main] o.s.b.context.config.ConfigDataImporter  : Considering resource class path resource [application.properties] from location optional:classpath:/;optional:classpath:/config/
2025-04-01T15:16:25.065+05:30 TRACE 16888 --- [learn-spring-boot] [           main] o.s.b.context.config.ConfigDataImporter  : Already loaded resource class path resource [application.properties] ignoring location optional:classpath:/;optional:classpath:/config/
2025-04-01T15:16:25.065+05:30 TRACE 16888 --- [learn-spring-boot] [           main] .b.c.c.ConfigDataEnvironmentContributors : Imported 1 resource [class path resource [application-dev.properties]]
2025-04-01T15:16:25.065+05:30 TRACE 16888 --- [learn-spring-boot] [           main] .b.c.c.ConfigDataEnvironmentContributors : Processed imports for of 2 contributors
2025-04-01T15:16:25.065+05:30 TRACE 16888 --- [learn-spring-boot] [           main] o.s.b.c.config.ConfigDataEnvironment     : Applying config data environment contributions
2025-04-01T15:16:25.065+05:30 TRACE 16888 --- [learn-spring-boot] [           main] o.s.b.c.config.ConfigDataEnvironment     : Adding imported property source 'Config resource 'class path resource [application-dev.properties]' via location 'optional:classpath:/''
2025-04-01T15:16:25.066+05:30 TRACE 16888 --- [learn-spring-boot] [           main] o.s.b.c.config.ConfigDataEnvironment     : Adding imported property source 'Config resource 'class path resource [application.properties]' via location 'optional:classpath:/''
2025-04-01T15:16:25.066+05:30 TRACE 16888 --- [learn-spring-boot] [           main] o.s.b.c.config.ConfigDataEnvironment     : Setting default profiles: [default]
2025-04-01T15:16:25.066+05:30 TRACE 16888 --- [learn-spring-boot] [           main] o.s.b.c.config.ConfigDataEnvironment     : Setting active profiles: [dev]
2025-04-01T15:16:25.074+05:30 TRACE 16888 --- [learn-spring-boot] [           main] o.s.w.c.s.GenericWebApplicationContext   : Refreshing org.springframework.web.context.support.GenericWebApplicationContext@5bbbdd4b, started on Tue Apr 01 15:16:25 IST 2025
2025-04-01T15:16:25.090+05:30 TRACE 16888 --- [learn-spring-boot] [           main] o.s.b.f.s.DefaultListableBeanFactory     : Registering scope 'request' with implementation [org.springframework.web.context.request.RequestScope@6dc1484]
2025-04-01T15:16:25.091+05:30 TRACE 16888 --- [learn-spring-boot] [           main] o.s.b.f.s.DefaultListableBeanFactory     : Registering scope 'session' with implementation [org.springframework.web.context.request.SessionScope@2375b321]
2025-04-01T15:16:25.092+05:30 TRACE 16888 --- [learn-spring-boot] [           main] o.s.b.f.s.DefaultListableBeanFactory     : Registering scope 'application' with implementation [org.springframework.web.context.support.ServletContextScope@411291e5]
2025-04-01T15:16:25.106+05:30 DEBUG 16888 --- [learn-spring-boot] [           main] o.s.b.f.s.DefaultListableBeanFactory     : Creating shared instance of singleton bean 'org.springframework.context.annotation.internalConfigurationAnnotationProcessor'
2025-04-01T15:16:25.106+05:30 TRACE 16888 --- [learn-spring-boot] [           main] o.s.b.f.s.DefaultListableBeanFactory     : Creating instance of bean 'org.springframework.context.annotation.internalConfigurationAnnotationProcessor'
2025-04-01T15:16:25.130+05:30 DEBUG 16888 --- [learn-spring-boot] [           main] o.s.b.f.s.DefaultListableBeanFactory     : Creating shared instance of singleton bean 'org.springframework.boot.autoconfigure.internalCachingMetadataReaderFactory'
2025-04-01T15:16:25.131+05:30 TRACE 16888 --- [learn-spring-boot] [           main] o.s.b.f.s.DefaultListableBeanFactory     : Creating instance of bean 'org.springframework.boot.autoconfigure.internalCachingMetadataReaderFactory'
2025-04-01T15:16:25.133+05:30 TRACE 16888 --- [learn-spring-boot] [           main] o.s.b.f.s.DefaultListableBeanFactory     : Finished creating instance of bean 'org.springframework.boot.autoconfigure.internalCachingMetadataReaderFactory'
2025-04-01T15:16:25.136+05:30 TRACE 16888 --- [learn-spring-boot] [           main] o.s.c.io.support.SpringFactoriesLoader   : Loaded [org.springframework.beans.BeanInfoFactory] names: []
2025-04-01T15:16:25.137+05:30 TRACE 16888 --- [learn-spring-boot] [           main] o.s.beans.CachedIntrospectionResults     : Getting BeanInfo for class [org.springframework.context.annotation.ConfigurationClassPostProcessor]
2025-04-01T15:16:25.141+05:30 TRACE 16888 --- [learn-spring-boot] [           main] o.s.beans.CachedIntrospectionResults     : Caching PropertyDescriptors for class [org.springframework.context.annotation.ConfigurationClassPostProcessor]
2025-04-01T15:16:25.141+05:30 TRACE 16888 --- [learn-spring-boot] [           main] o.s.beans.CachedIntrospectionResults     : Found bean property 'applicationStartup' of type [org.springframework.core.metrics.ApplicationStartup]
2025-04-01T15:16:25.142+05:30 TRACE 16888 --- [learn-spring-boot] [           main] o.s.beans.CachedIntrospectionResults     : Found bean property 'beanClassLoader' of type [java.lang.ClassLoader]
2025-04-01T15:16:25.142+05:30 TRACE 16888 --- [learn-spring-boot] [           main] o.s.beans.CachedIntrospectionResults     : Found bean property 'beanExcludedFromAotProcessing' of type [boolean]
2025-04-01T15:16:25.143+05:30 TRACE 16888 --- [learn-spring-boot] [           main] o.s.beans.CachedIntrospectionResults     : Found bean property 'beanNameGenerator' of type [org.springframework.beans.factory.support.BeanNameGenerator]
2025-04-01T15:16:25.143+05:30 TRACE 16888 --- [learn-spring-boot] [           main] o.s.beans.CachedIntrospectionResults     : Found bean property 'class' of type [java.lang.Class]
2025-04-01T15:16:25.144+05:30 TRACE 16888 --- [learn-spring-boot] [           main] o.s.beans.CachedIntrospectionResults     : Found bean property 'environment' of type [org.springframework.core.env.Environment]
2025-04-01T15:16:25.144+05:30 TRACE 16888 --- [learn-spring-boot] [           main] o.s.beans.CachedIntrospectionResults     : Found bean property 'metadataReaderFactory' of type [org.springframework.core.type.classreading.MetadataReaderFactory]
2025-04-01T15:16:25.144+05:30 TRACE 16888 --- [learn-spring-boot] [           main] o.s.beans.CachedIntrospectionResults     : Found bean property 'order' of type [int]
2025-04-01T15:16:25.144+05:30 TRACE 16888 --- [learn-spring-boot] [           main] o.s.beans.CachedIntrospectionResults     : Found bean property 'problemReporter' of type [org.springframework.beans.factory.parsing.ProblemReporter]
2025-04-01T15:16:25.144+05:30 TRACE 16888 --- [learn-spring-boot] [           main] o.s.beans.CachedIntrospectionResults     : Found bean property 'resourceLoader' of type [org.springframework.core.io.ResourceLoader]
2025-04-01T15:16:25.144+05:30 TRACE 16888 --- [learn-spring-boot] [           main] o.s.beans.CachedIntrospectionResults     : Found bean property 'sourceExtractor' of type [org.springframework.beans.factory.parsing.SourceExtractor]
2025-04-01T15:16:25.152+05:30 TRACE 16888 --- [learn-spring-boot] [           main] o.s.b.f.s.DefaultListableBeanFactory     : Finished creating instance of bean 'org.springframework.context.annotation.internalConfigurationAnnotationProcessor'
2025-04-01T15:16:25.174+05:30 TRACE 16888 --- [learn-spring-boot] [           main] o.s.c.a.ClassPathBeanDefinitionScanner   : JSR-250 'jakarta.annotation.ManagedBean' found and supported for component scanning
2025-04-01T15:16:25.177+05:30 TRACE 16888 --- [learn-spring-boot] [           main] .i.s.PathMatchingResourcePatternResolver : Resolved module-path location pattern [com/springboot/learn_spring_boot/**/*.class] to resources []
2025-04-01T15:16:25.178+05:30 TRACE 16888 --- [learn-spring-boot] [           main] .i.s.PathMatchingResourcePatternResolver : Resolved module-path location pattern [com/springboot/learn_spring_boot/] to resources []
2025-04-01T15:16:25.178+05:30 TRACE 16888 --- [learn-spring-boot] [           main] .i.s.PathMatchingResourcePatternResolver : Resolved class path location [com/springboot/learn_spring_boot/] to resources [file [C:\Users\Dhruti Parmar\eclipse-workspace\learn-spring-boot\target\test-classes\com\springboot\learn_spring_boot], file [C:\Users\Dhruti Parmar\eclipse-workspace\learn-spring-boot\target\classes\com\springboot\learn_spring_boot]]
2025-04-01T15:16:25.181+05:30 TRACE 16888 --- [learn-spring-boot] [           main] .i.s.PathMatchingResourcePatternResolver : Searching directory [C:\Users\Dhruti Parmar\eclipse-workspace\learn-spring-boot\target\test-classes\com\springboot\learn_spring_boot] for files matching pattern [**/*.class]
2025-04-01T15:16:25.183+05:30 TRACE 16888 --- [learn-spring-boot] [           main] .i.s.PathMatchingResourcePatternResolver : Searching directory [C:\Users\Dhruti Parmar\eclipse-workspace\learn-spring-boot\target\classes\com\springboot\learn_spring_boot] for files matching pattern [**/*.class]
2025-04-01T15:16:25.184+05:30 TRACE 16888 --- [learn-spring-boot] [           main] .i.s.PathMatchingResourcePatternResolver : Resolved location pattern [classpath*:com/springboot/learn_spring_boot/**/*.class] to resources [file [C:\Users\Dhruti Parmar\eclipse-workspace\learn-spring-boot\target\test-classes\com\springboot\learn_spring_boot\LearnSpringBootApplicationTests.class], file [C:\Users\Dhruti Parmar\eclipse-workspace\learn-spring-boot\target\classes\com\springboot\learn_spring_boot\Course.class], file [C:\Users\Dhruti Parmar\eclipse-workspace\learn-spring-boot\target\classes\com\springboot\learn_spring_boot\CourseController.class], file [C:\Users\Dhruti Parmar\eclipse-workspace\learn-spring-boot\target\classes\com\springboot\learn_spring_boot\CurrencyConfigurationController.class], file [C:\Users\Dhruti Parmar\eclipse-workspace\learn-spring-boot\target\classes\com\springboot\learn_spring_boot\CurrencyServiceConfiguration.class], file [C:\Users\Dhruti Parmar\eclipse-workspace\learn-spring-boot\target\classes\com\springboot\learn_spring_boot\LearnSpringBootApplication.class]]
2025-04-01T15:16:25.184+05:30 TRACE 16888 --- [learn-spring-boot] [           main] o.s.c.a.ClassPathBeanDefinitionScanner   : Scanning file [C:\Users\Dhruti Parmar\eclipse-workspace\learn-spring-boot\target\test-classes\com\springboot\learn_spring_boot\LearnSpringBootApplicationTests.class]
2025-04-01T15:16:25.184+05:30 TRACE 16888 --- [learn-spring-boot] [           main] o.s.b.f.s.DefaultListableBeanFactory     : Returning cached instance of singleton bean 'org.springframework.boot.test.context.filter.TestTypeExcludeFilter'
2025-04-01T15:16:25.185+05:30 TRACE 16888 --- [learn-spring-boot] [           main] o.s.c.a.ClassPathBeanDefinitionScanner   : Ignored because not matching any filter: file [C:\Users\Dhruti Parmar\eclipse-workspace\learn-spring-boot\target\test-classes\com\springboot\learn_spring_boot\LearnSpringBootApplicationTests.class]
2025-04-01T15:16:25.185+05:30 TRACE 16888 --- [learn-spring-boot] [           main] o.s.c.a.ClassPathBeanDefinitionScanner   : Scanning file [C:\Users\Dhruti Parmar\eclipse-workspace\learn-spring-boot\target\classes\com\springboot\learn_spring_boot\Course.class]
2025-04-01T15:16:25.185+05:30 TRACE 16888 --- [learn-spring-boot] [           main] o.s.c.a.ClassPathBeanDefinitionScanner   : Ignored because not matching any filter: file [C:\Users\Dhruti Parmar\eclipse-workspace\learn-spring-boot\target\classes\com\springboot\learn_spring_boot\Course.class]
2025-04-01T15:16:25.185+05:30 TRACE 16888 --- [learn-spring-boot] [           main] o.s.c.a.ClassPathBeanDefinitionScanner   : Scanning file [C:\Users\Dhruti Parmar\eclipse-workspace\learn-spring-boot\target\classes\com\springboot\learn_spring_boot\CourseController.class]
2025-04-01T15:16:25.186+05:30 DEBUG 16888 --- [learn-spring-boot] [           main] o.s.c.a.ClassPathBeanDefinitionScanner   : Identified candidate component class: file [C:\Users\Dhruti Parmar\eclipse-workspace\learn-spring-boot\target\classes\com\springboot\learn_spring_boot\CourseController.class]
2025-04-01T15:16:25.186+05:30 TRACE 16888 --- [learn-spring-boot] [           main] o.s.c.a.ClassPathBeanDefinitionScanner   : Scanning file [C:\Users\Dhruti Parmar\eclipse-workspace\learn-spring-boot\target\classes\com\springboot\learn_spring_boot\CurrencyConfigurationController.class]
2025-04-01T15:16:25.186+05:30 DEBUG 16888 --- [learn-spring-boot] [           main] o.s.c.a.ClassPathBeanDefinitionScanner   : Identified candidate component class: file [C:\Users\Dhruti Parmar\eclipse-workspace\learn-spring-boot\target\classes\com\springboot\learn_spring_boot\CurrencyConfigurationController.class]
2025-04-01T15:16:25.186+05:30 TRACE 16888 --- [learn-spring-boot] [           main] o.s.c.a.ClassPathBeanDefinitionScanner   : Scanning file [C:\Users\Dhruti Parmar\eclipse-workspace\learn-spring-boot\target\classes\com\springboot\learn_spring_boot\CurrencyServiceConfiguration.class]
2025-04-01T15:16:25.187+05:30 DEBUG 16888 --- [learn-spring-boot] [           main] o.s.c.a.ClassPathBeanDefinitionScanner   : Identified candidate component class: file [C:\Users\Dhruti Parmar\eclipse-workspace\learn-spring-boot\target\classes\com\springboot\learn_spring_boot\CurrencyServiceConfiguration.class]
2025-04-01T15:16:25.187+05:30 TRACE 16888 --- [learn-spring-boot] [           main] o.s.c.a.ClassPathBeanDefinitionScanner   : Scanning file [C:\Users\Dhruti Parmar\eclipse-workspace\learn-spring-boot\target\classes\com\springboot\learn_spring_boot\LearnSpringBootApplication.class]
2025-04-01T15:16:25.187+05:30 TRACE 16888 --- [learn-spring-boot] [           main] o.s.c.a.ClassPathBeanDefinitionScanner   : Ignored because not matching any filter: file [C:\Users\Dhruti Parmar\eclipse-workspace\learn-spring-boot\target\classes\com\springboot\learn_spring_boot\LearnSpringBootApplication.class]
2025-04-01T15:16:25.205+05:30 TRACE 16888 --- [learn-spring-boot] [           main] o.s.c.io.support.SpringFactoriesLoader   : Loaded [org.springframework.boot.autoconfigure.AutoConfigurationImportFilter] names: [org.springframework.boot.autoconfigure.condition.OnBeanCondition, org.springframework.boot.autoconfigure.condition.OnClassCondition, org.springframework.boot.autoconfigure.condition.OnWebApplicationCondition]
2025-04-01T15:16:25.232+05:30 TRACE 16888 --- [learn-spring-boot] [           main] o.s.b.f.s.DefaultListableBeanFactory     : Returning cached instance of singleton bean 'autoConfigurationReport'
2025-04-01T15:16:25.302+05:30 TRACE 16888 --- [learn-spring-boot] [           main] o.s.b.a.condition.OnClassCondition       : Condition OnClassCondition on org.springframework.boot.actuate.autoconfigure.amqp.RabbitHealthContributorAutoConfiguration did not match due to @ConditionalOnClass did not find required class 'org.springframework.amqp.rabbit.core.RabbitTemplate'
2025-04-01T15:16:25.305+05:30 TRACE 16888 --- [learn-spring-boot] [           main] o.s.b.a.condition.OnClassCondition       : Condition OnClassCondition on org.springframework.boot.actuate.autoconfigure.cassandra.CassandraHealthContributorAutoConfiguration did not match due to @ConditionalOnClass did not find required class 'com.datastax.oss.driver.api.core.CqlSession'
2025-04-01T15:16:25.305+05:30 TRACE 16888 --- [learn-spring-boot] [           main] o.s.b.a.condition.OnClassCondition       : Condition OnClassCondition on org.springframework.boot.actuate.autoconfigure.cassandra.CassandraReactiveHealthContributorAutoConfiguration did not match due to @ConditionalOnClass did not find required class 'com.datastax.oss.driver.api.core.CqlSession'
2025-04-01T15:16:25.305+05:30 TRACE 16888 --- [learn-spring-boot] [           main] o.s.b.a.condition.OnClassCondition       : Condition OnClassCondition on org.springframework.boot.actuate.autoconfigure.couchbase.CouchbaseHealthContributorAutoConfiguration did not match due to @ConditionalOnClass did not find required class 'com.couchbase.client.java.Cluster'
2025-04-01T15:16:25.305+05:30 TRACE 16888 --- [learn-spring-boot] [           main] o.s.b.a.condition.OnClassCondition       : Condition OnClassCondition on org.springframework.boot.actuate.autoconfigure.couchbase.CouchbaseReactiveHealthContributorAutoConfiguration did not match due to @ConditionalOnClass did not find required class 'com.couchbase.client.java.Cluster'
2025-04-01T15:16:25.305+05:30 TRACE 16888 --- [learn-spring-boot] [           main] o.s.b.a.condition.OnClassCondition       : Condition OnClassCondition on org.springframework.boot.actuate.autoconfigure.data.elasticsearch.ElasticsearchReactiveHealthContributorAutoConfiguration did not match due to @ConditionalOnClass did not find required class 'reactor.core.publisher.Flux'
2025-04-01T15:16:25.305+05:30 TRACE 16888 --- [learn-spring-boot] [           main] o.s.b.a.condition.OnClassCondition       : Condition OnClassCondition on org.springframework.boot.actuate.autoconfigure.elasticsearch.ElasticsearchRestHealthContributorAutoConfiguration did not match due to @ConditionalOnClass did not find required class 'org.elasticsearch.client.RestClient'
2025-04-01T15:16:25.305+05:30 TRACE 16888 --- [learn-spring-boot] [           main] o.s.b.a.condition.OnClassCondition       : Condition OnClassCondition on org.springframework.boot.actuate.autoconfigure.flyway.FlywayEndpointAutoConfiguration did not match due to @ConditionalOnClass did not find required class 'org.flywaydb.core.Flyway'
2025-04-01T15:16:25.305+05:30 TRACE 16888 --- [learn-spring-boot] [           main] o.s.b.a.condition.OnClassCondition       : Condition OnClassCondition on org.springframework.boot.actuate.autoconfigure.hazelcast.HazelcastHealthContributorAutoConfiguration did not match due to @ConditionalOnClass did not find required class 'com.hazelcast.core.HazelcastInstance'
2025-04-01T15:16:25.306+05:30 TRACE 16888 --- [learn-spring-boot] [           main] o.s.b.a.condition.OnClassCondition       : Condition OnClassCondition on org.springframework.boot.actuate.autoconfigure.integration.IntegrationGraphEndpointAutoConfiguration did not match due to @ConditionalOnClass did not find required class 'org.springframework.integration.graph.IntegrationGraphServer'
2025-04-01T15:16:25.306+05:30 TRACE 16888 --- [learn-spring-boot] [           main] o.s.b.a.condition.OnClassCondition       : Condition OnClassCondition on org.springframework.boot.actuate.autoconfigure.jdbc.DataSourceHealthContributorAutoConfiguration did not match due to @ConditionalOnClass did not find required class 'org.springframework.jdbc.core.JdbcTemplate'
2025-04-01T15:16:25.306+05:30 TRACE 16888 --- [learn-spring-boot] [           main] o.s.b.a.condition.OnClassCondition       : Condition OnClassCondition on org.springframework.boot.actuate.autoconfigure.jms.JmsHealthContributorAutoConfiguration did not match due to @ConditionalOnClass did not find required class 'jakarta.jms.ConnectionFactory'
2025-04-01T15:16:25.306+05:30 TRACE 16888 --- [learn-spring-boot] [           main] o.s.b.a.condition.OnClassCondition       : Condition OnClassCondition on org.springframework.boot.actuate.autoconfigure.ldap.LdapHealthContributorAutoConfiguration did not match due to @ConditionalOnClass did not find required class 'org.springframework.ldap.core.LdapOperations'
2025-04-01T15:16:25.306+05:30 TRACE 16888 --- [learn-spring-boot] [           main] o.s.b.a.condition.OnClassCondition       : Condition OnClassCondition on org.springframework.boot.actuate.autoconfigure.liquibase.LiquibaseEndpointAutoConfiguration did not match due to @ConditionalOnClass did not find required class 'liquibase.integration.spring.SpringLiquibase'
2025-04-01T15:16:25.306+05:30 TRACE 16888 --- [learn-spring-boot] [           main] o.s.b.a.condition.OnClassCondition       : Condition OnClassCondition on org.springframework.boot.actuate.autoconfigure.logging.OpenTelemetryLoggingAutoConfiguration did not match due to @ConditionalOnClass did not find required class 'io.opentelemetry.api.OpenTelemetry'
2025-04-01T15:16:25.306+05:30 TRACE 16888 --- [learn-spring-boot] [           main] o.s.b.a.condition.OnClassCondition       : Condition OnClassCondition on org.springframework.boot.actuate.autoconfigure.logging.otlp.OtlpLoggingAutoConfiguration did not match due to @ConditionalOnClass did not find required class 'io.opentelemetry.api.OpenTelemetry'
2025-04-01T15:16:25.306+05:30 TRACE 16888 --- [learn-spring-boot] [           main] o.s.b.a.condition.OnClassCondition       : Condition OnClassCondition on org.springframework.boot.actuate.autoconfigure.mail.MailHealthContributorAutoConfiguration did not match due to @ConditionalOnClass did not find required class 'org.springframework.mail.javamail.JavaMailSenderImpl'
2025-04-01T15:16:25.306+05:30 TRACE 16888 --- [learn-spring-boot] [           main] o.s.b.a.condition.OnClassCondition       : Condition OnClassCondition on org.springframework.boot.actuate.autoconfigure.metrics.KafkaMetricsAutoConfiguration did not match due to @ConditionalOnClass did not find required class 'org.springframework.kafka.core.ProducerFactory'
2025-04-01T15:16:25.306+05:30 TRACE 16888 --- [learn-spring-boot] [           main] o.s.b.a.condition.OnClassCondition       : Condition OnClassCondition on org.springframework.boot.actuate.autoconfigure.metrics.Log4J2MetricsAutoConfiguration did not match due to @ConditionalOnClass did not find required class 'org.apache.logging.log4j.core.LoggerContext'
2025-04-01T15:16:25.307+05:30 TRACE 16888 --- [learn-spring-boot] [           main] o.s.b.a.condition.OnClassCondition       : Condition OnClassCondition on org.springframework.boot.actuate.autoconfigure.metrics.MetricsAspectsAutoConfiguration did not match due to @ConditionalOnClass did not find required class 'org.aspectj.weaver.Advice'
2025-04-01T15:16:25.307+05:30 TRACE 16888 --- [learn-spring-boot] [           main] o.s.b.a.condition.OnClassCondition       : Condition OnClassCondition on org.springframework.boot.actuate.autoconfigure.metrics.amqp.RabbitMetricsAutoConfiguration did not match due to @ConditionalOnClass did not find required class 'com.rabbitmq.client.ConnectionFactory'
2025-04-01T15:16:25.307+05:30 TRACE 16888 --- [learn-spring-boot] [           main] o.s.b.a.condition.OnClassCondition       : Condition OnClassCondition on org.springframework.boot.actuate.autoconfigure.metrics.data.RepositoryMetricsAutoConfiguration did not match due to @ConditionalOnClass did not find required class 'org.springframework.data.repository.Repository'
2025-04-01T15:16:25.307+05:30 TRACE 16888 --- [learn-spring-boot] [           main] o.s.b.a.condition.OnClassCondition       : Condition OnClassCondition on org.springframework.boot.actuate.autoconfigure.metrics.export.appoptics.AppOpticsMetricsExportAutoConfiguration did not match due to @ConditionalOnClass did not find required class 'io.micrometer.appoptics.AppOpticsMeterRegistry'
2025-04-01T15:16:25.307+05:30 TRACE 16888 --- [learn-spring-boot] [           main] o.s.b.a.condition.OnClassCondition       : Condition OnClassCondition on org.springframework.boot.actuate.autoconfigure.metrics.export.atlas.AtlasMetricsExportAutoConfiguration did not match due to @ConditionalOnClass did not find required class 'io.micrometer.atlas.AtlasMeterRegistry'
2025-04-01T15:16:25.307+05:30 TRACE 16888 --- [learn-spring-boot] [           main] o.s.b.a.condition.OnClassCondition       : Condition OnClassCondition on org.springframework.boot.actuate.autoconfigure.metrics.export.datadog.DatadogMetricsExportAutoConfiguration did not match due to @ConditionalOnClass did not find required class 'io.micrometer.datadog.DatadogMeterRegistry'
2025-04-01T15:16:25.307+05:30 TRACE 16888 --- [learn-spring-boot] [           main] o.s.b.a.condition.OnClassCondition       : Condition OnClassCondition on org.springframework.boot.actuate.autoconfigure.metrics.export.dynatrace.DynatraceMetricsExportAutoConfiguration did not match due to @ConditionalOnClass did not find required class 'io.micrometer.dynatrace.DynatraceMeterRegistry'
2025-04-01T15:16:25.307+05:30 TRACE 16888 --- [learn-spring-boot] [           main] o.s.b.a.condition.OnClassCondition       : Condition OnClassCondition on org.springframework.boot.actuate.autoconfigure.metrics.export.elastic.ElasticMetricsExportAutoConfiguration did not match due to @ConditionalOnClass did not find required class 'io.micrometer.elastic.ElasticMeterRegistry'
2025-04-01T15:16:25.307+05:30 TRACE 16888 --- [learn-spring-boot] [           main] o.s.b.a.condition.OnClassCondition       : Condition OnClassCondition on org.springframework.boot.actuate.autoconfigure.metrics.export.ganglia.GangliaMetricsExportAutoConfiguration did not match due to @ConditionalOnClass did not find required class 'io.micrometer.ganglia.GangliaMeterRegistry'
2025-04-01T15:16:25.307+05:30 TRACE 16888 --- [learn-spring-boot] [           main] o.s.b.a.condition.OnClassCondition       : Condition OnClassCondition on org.springframework.boot.actuate.autoconfigure.metrics.export.graphite.GraphiteMetricsExportAutoConfiguration did not match due to @ConditionalOnClass did not find required class 'io.micrometer.graphite.GraphiteMeterRegistry'
2025-04-01T15:16:25.308+05:30 TRACE 16888 --- [learn-spring-boot] [           main] o.s.b.a.condition.OnClassCondition       : Condition OnClassCondition on org.springframework.boot.actuate.autoconfigure.metrics.export.humio.HumioMetricsExportAutoConfiguration did not match due to @ConditionalOnClass did not find required class 'io.micrometer.humio.HumioMeterRegistry'
2025-04-01T15:16:25.308+05:30 TRACE 16888 --- [learn-spring-boot] [           main] o.s.b.a.condition.OnClassCondition       : Condition OnClassCondition on org.springframework.boot.actuate.autoconfigure.metrics.export.influx.InfluxMetricsExportAutoConfiguration did not match due to @ConditionalOnClass did not find required class 'io.micrometer.influx.InfluxMeterRegistry'
2025-04-01T15:16:25.308+05:30 TRACE 16888 --- [learn-spring-boot] [           main] o.s.b.a.condition.OnClassCondition       : Condition OnClassCondition on org.springframework.boot.actuate.autoconfigure.metrics.export.jmx.JmxMetricsExportAutoConfiguration did not match due to @ConditionalOnClass did not find required class 'io.micrometer.jmx.JmxMeterRegistry'
2025-04-01T15:16:25.308+05:30 TRACE 16888 --- [learn-spring-boot] [           main] o.s.b.a.condition.OnClassCondition       : Condition OnClassCondition on org.springframework.boot.actuate.autoconfigure.metrics.export.kairos.KairosMetricsExportAutoConfiguration did not match due to @ConditionalOnClass did not find required class 'io.micrometer.kairos.KairosMeterRegistry'
2025-04-01T15:16:25.308+05:30 TRACE 16888 --- [learn-spring-boot] [           main] o.s.b.a.condition.OnClassCondition       : Condition OnClassCondition on org.springframework.boot.actuate.autoconfigure.metrics.export.newrelic.NewRelicMetricsExportAutoConfiguration did not match due to @ConditionalOnClass did not find required class 'io.micrometer.newrelic.NewRelicMeterRegistry'
2025-04-01T15:16:25.308+05:30 TRACE 16888 --- [learn-spring-boot] [           main] o.s.b.a.condition.OnClassCondition       : Condition OnClassCondition on org.springframework.boot.actuate.autoconfigure.metrics.export.otlp.OtlpMetricsExportAutoConfiguration did not match due to @ConditionalOnClass did not find required class 'io.micrometer.registry.otlp.OtlpMeterRegistry'
2025-04-01T15:16:25.308+05:30 TRACE 16888 --- [learn-spring-boot] [           main] o.s.b.a.condition.OnClassCondition       : Condition OnClassCondition on org.springframework.boot.actuate.autoconfigure.metrics.export.prometheus.PrometheusMetricsExportAutoConfiguration did not match due to @ConditionalOnClass did not find required class 'io.micrometer.prometheusmetrics.PrometheusMeterRegistry'
2025-04-01T15:16:25.308+05:30 TRACE 16888 --- [learn-spring-boot] [           main] o.s.b.a.condition.OnClassCondition       : Condition OnClassCondition on org.springframework.boot.actuate.autoconfigure.metrics.export.prometheus.PrometheusSimpleclientMetricsExportAutoConfiguration did not match due to @ConditionalOnClass did not find required class 'io.micrometer.prometheus.PrometheusMeterRegistry'
2025-04-01T15:16:25.308+05:30 TRACE 16888 --- [learn-spring-boot] [           main] o.s.b.a.condition.OnClassCondition       : Condition OnClassCondition on org.springframework.boot.actuate.autoconfigure.metrics.export.signalfx.SignalFxMetricsExportAutoConfiguration did not match due to @ConditionalOnClass did not find required class 'io.micrometer.signalfx.SignalFxMeterRegistry'
2025-04-01T15:16:25.308+05:30 TRACE 16888 --- [learn-spring-boot] [           main] o.s.b.a.condition.OnClassCondition       : Condition OnClassCondition on org.springframework.boot.actuate.autoconfigure.metrics.export.stackdriver.StackdriverMetricsExportAutoConfiguration did not match due to @ConditionalOnClass did not find required class 'io.micrometer.stackdriver.StackdriverMeterRegistry'
2025-04-01T15:16:25.309+05:30 TRACE 16888 --- [learn-spring-boot] [           main] o.s.b.a.condition.OnClassCondition       : Condition OnClassCondition on org.springframework.boot.actuate.autoconfigure.metrics.export.statsd.StatsdMetricsExportAutoConfiguration did not match due to @ConditionalOnClass did not find required class 'io.micrometer.statsd.StatsdMeterRegistry'
2025-04-01T15:16:25.309+05:30 TRACE 16888 --- [learn-spring-boot] [           main] o.s.b.a.condition.OnClassCondition       : Condition OnClassCondition on org.springframework.boot.actuate.autoconfigure.metrics.export.wavefront.WavefrontMetricsExportAutoConfiguration did not match due to @ConditionalOnClass did not find required class 'com.wavefront.sdk.common.WavefrontSender'
2025-04-01T15:16:25.309+05:30 TRACE 16888 --- [learn-spring-boot] [           main] o.s.b.a.condition.OnClassCondition       : Condition OnClassCondition on org.springframework.boot.actuate.autoconfigure.observation.batch.BatchObservationAutoConfiguration did not match due to @ConditionalOnClass did not find required class 'org.springframework.batch.core.configuration.annotation.BatchObservabilityBeanPostProcessor'
2025-04-01T15:16:25.309+05:30 TRACE 16888 --- [learn-spring-boot] [           main] o.s.b.a.condition.OnClassCondition       : Condition OnClassCondition on org.springframework.boot.actuate.autoconfigure.observation.graphql.GraphQlObservationAutoConfiguration did not match due to @ConditionalOnClass did not find required class 'graphql.GraphQL'
2025-04-01T15:16:25.309+05:30 TRACE 16888 --- [learn-spring-boot] [           main] o.s.b.a.condition.OnClassCondition       : Condition OnClassCondition on org.springframework.boot.actuate.autoconfigure.metrics.jersey.JerseyServerMetricsAutoConfiguration did not match due to @ConditionalOnClass did not find required class 'org.glassfish.jersey.micrometer.server.ObservationApplicationEventListener'
2025-04-01T15:16:25.309+05:30 TRACE 16888 --- [learn-spring-boot] [           main] o.s.b.a.condition.OnClassCondition       : Condition OnClassCondition on org.springframework.boot.actuate.autoconfigure.metrics.mongo.MongoMetricsAutoConfiguration did not match due to @ConditionalOnClass did not find required class 'com.mongodb.MongoClientSettings'
2025-04-01T15:16:25.309+05:30 TRACE 16888 --- [learn-spring-boot] [           main] o.s.b.a.condition.OnClassCondition       : Condition OnClassCondition on org.springframework.boot.actuate.autoconfigure.metrics.orm.jpa.HibernateMetricsAutoConfiguration did not match due to @ConditionalOnClass did not find required class 'jakarta.persistence.EntityManagerFactory'
2025-04-01T15:16:25.309+05:30 TRACE 16888 --- [learn-spring-boot] [           main] o.s.b.a.condition.OnClassCondition       : Condition OnClassCondition on org.springframework.boot.actuate.autoconfigure.metrics.r2dbc.ConnectionPoolMetricsAutoConfiguration did not match due to @ConditionalOnClass did not find required class 'io.r2dbc.pool.ConnectionPool'
2025-04-01T15:16:25.309+05:30 TRACE 16888 --- [learn-spring-boot] [           main] o.s.b.a.condition.OnClassCondition       : Condition OnClassCondition on org.springframework.boot.actuate.autoconfigure.metrics.redis.LettuceMetricsAutoConfiguration did not match due to @ConditionalOnClass did not find required class 'io.lettuce.core.metrics.MicrometerCommandLatencyRecorder'
2025-04-01T15:16:25.309+05:30 TRACE 16888 --- [learn-spring-boot] [           main] o.s.b.a.condition.OnClassCondition       : Condition OnClassCondition on org.springframework.boot.actuate.autoconfigure.metrics.web.jetty.JettyMetricsAutoConfiguration did not match due to @ConditionalOnClass did not find required class 'org.eclipse.jetty.server.Server'
2025-04-01T15:16:25.310+05:30 TRACE 16888 --- [learn-spring-boot] [           main] o.s.b.a.condition.OnClassCondition       : Condition OnClassCondition on org.springframework.boot.actuate.autoconfigure.data.mongo.MongoHealthContributorAutoConfiguration did not match due to @ConditionalOnClass did not find required class 'org.springframework.data.mongodb.core.MongoTemplate'
2025-04-01T15:16:25.310+05:30 TRACE 16888 --- [learn-spring-boot] [           main] o.s.b.a.condition.OnClassCondition       : Condition OnClassCondition on org.springframework.boot.actuate.autoconfigure.data.mongo.MongoReactiveHealthContributorAutoConfiguration did not match due to @ConditionalOnClass did not find required class 'reactor.core.publisher.Flux'
2025-04-01T15:16:25.310+05:30 TRACE 16888 --- [learn-spring-boot] [           main] o.s.b.a.condition.OnClassCondition       : Condition OnClassCondition on org.springframework.boot.actuate.autoconfigure.neo4j.Neo4jHealthContributorAutoConfiguration did not match due to @ConditionalOnClass did not find required class 'org.neo4j.driver.Driver'
2025-04-01T15:16:25.310+05:30 TRACE 16888 --- [learn-spring-boot] [           main] o.s.b.a.condition.OnClassCondition       : Condition OnClassCondition on org.springframework.boot.actuate.autoconfigure.opentelemetry.OpenTelemetryAutoConfiguration did not match due to @ConditionalOnClass did not find required class 'io.opentelemetry.sdk.OpenTelemetrySdk'
2025-04-01T15:16:25.310+05:30 TRACE 16888 --- [learn-spring-boot] [           main] o.s.b.a.condition.OnClassCondition       : Condition OnClassCondition on org.springframework.boot.actuate.autoconfigure.quartz.QuartzEndpointAutoConfiguration did not match due to @ConditionalOnClass did not find required class 'org.quartz.Scheduler'
2025-04-01T15:16:25.310+05:30 TRACE 16888 --- [learn-spring-boot] [           main] o.s.b.a.condition.OnClassCondition       : Condition OnClassCondition on org.springframework.boot.actuate.autoconfigure.r2dbc.ConnectionFactoryHealthContributorAutoConfiguration did not match due to @ConditionalOnClass did not find required class 'io.r2dbc.spi.ConnectionFactory'
2025-04-01T15:16:25.310+05:30 TRACE 16888 --- [learn-spring-boot] [           main] o.s.b.a.condition.OnClassCondition       : Condition OnClassCondition on org.springframework.boot.actuate.autoconfigure.r2dbc.R2dbcObservationAutoConfiguration did not match due to @ConditionalOnClass did not find required class 'io.r2dbc.proxy.ProxyConnectionFactory'
2025-04-01T15:16:25.310+05:30 TRACE 16888 --- [learn-spring-boot] [           main] o.s.b.a.condition.OnClassCondition       : Condition OnClassCondition on org.springframework.boot.actuate.autoconfigure.data.redis.RedisHealthContributorAutoConfiguration did not match due to @ConditionalOnClass did not find required class 'org.springframework.data.redis.connection.RedisConnectionFactory'
2025-04-01T15:16:25.310+05:30 TRACE 16888 --- [learn-spring-boot] [           main] o.s.b.a.condition.OnClassCondition       : Condition OnClassCondition on org.springframework.boot.actuate.autoconfigure.data.redis.RedisReactiveHealthContributorAutoConfiguration did not match due to @ConditionalOnClass did not find required class 'reactor.core.publisher.Flux'
2025-04-01T15:16:25.310+05:30 TRACE 16888 --- [learn-spring-boot] [           main] o.s.b.a.condition.OnClassCondition       : Condition OnClassCondition on org.springframework.boot.actuate.autoconfigure.security.reactive.ReactiveManagementWebSecurityAutoConfiguration did not match due to @ConditionalOnClass did not find required class 'org.springframework.security.config.annotation.web.reactive.EnableWebFluxSecurity'
2025-04-01T15:16:25.310+05:30 TRACE 16888 --- [learn-spring-boot] [           main] o.s.b.a.condition.OnClassCondition       : Condition OnClassCondition on org.springframework.boot.actuate.autoconfigure.session.SessionsEndpointAutoConfiguration did not match due to @ConditionalOnClass did not find required class 'org.springframework.session.Session'
2025-04-01T15:16:25.311+05:30 TRACE 16888 --- [learn-spring-boot] [           main] o.s.b.a.condition.OnClassCondition       : Condition OnClassCondition on org.springframework.boot.actuate.autoconfigure.tracing.BraveAutoConfiguration did not match due to @ConditionalOnClass did not find required class 'brave.Tracer'
2025-04-01T15:16:25.311+05:30 TRACE 16888 --- [learn-spring-boot] [           main] o.s.b.a.condition.OnClassCondition       : Condition OnClassCondition on org.springframework.boot.actuate.autoconfigure.tracing.MicrometerTracingAutoConfiguration did not match due to @ConditionalOnClass did not find required class 'io.micrometer.tracing.Tracer'
2025-04-01T15:16:25.311+05:30 TRACE 16888 --- [learn-spring-boot] [           main] o.s.b.a.condition.OnClassCondition       : Condition OnClassCondition on org.springframework.boot.actuate.autoconfigure.tracing.NoopTracerAutoConfiguration did not match due to @ConditionalOnClass did not find required class 'io.micrometer.tracing.Tracer'
2025-04-01T15:16:25.311+05:30 TRACE 16888 --- [learn-spring-boot] [           main] o.s.b.a.condition.OnClassCondition       : Condition OnClassCondition on org.springframework.boot.actuate.autoconfigure.tracing.OpenTelemetryTracingAutoConfiguration did not match due to @ConditionalOnClass did not find required class 'io.micrometer.tracing.otel.bridge.OtelTracer'
2025-04-01T15:16:25.311+05:30 TRACE 16888 --- [learn-spring-boot] [           main] o.s.b.a.condition.OnClassCondition       : Condition OnClassCondition on org.springframework.boot.actuate.autoconfigure.tracing.otlp.OtlpTracingAutoConfiguration did not match due to @ConditionalOnClass did not find required class 'io.micrometer.tracing.otel.bridge.OtelTracer'
2025-04-01T15:16:25.311+05:30 TRACE 16888 --- [learn-spring-boot] [           main] o.s.b.a.condition.OnClassCondition       : Condition OnClassCondition on org.springframework.boot.actuate.autoconfigure.tracing.prometheus.PrometheusExemplarsAutoConfiguration did not match due to @ConditionalOnClass did not find required class 'io.micrometer.tracing.Tracer'
2025-04-01T15:16:25.311+05:30 TRACE 16888 --- [learn-spring-boot] [           main] o.s.b.a.condition.OnClassCondition       : Condition OnClassCondition on org.springframework.boot.actuate.autoconfigure.tracing.prometheus.PrometheusSimpleclientExemplarsAutoConfiguration did not match due to @ConditionalOnClass did not find required class 'io.micrometer.tracing.Tracer'
2025-04-01T15:16:25.311+05:30 TRACE 16888 --- [learn-spring-boot] [           main] o.s.b.a.condition.OnClassCondition       : Condition OnClassCondition on org.springframework.boot.actuate.autoconfigure.tracing.wavefront.WavefrontTracingAutoConfiguration did not match due to @ConditionalOnClass did not find required class 'com.wavefront.sdk.common.WavefrontSender'
2025-04-01T15:16:25.311+05:30 TRACE 16888 --- [learn-spring-boot] [           main] o.s.b.a.condition.OnClassCondition       : Condition OnClassCondition on org.springframework.boot.actuate.autoconfigure.tracing.zipkin.ZipkinAutoConfiguration did not match due to @ConditionalOnClass did not find required class 'zipkin2.reporter.Encoding'
2025-04-01T15:16:25.311+05:30 TRACE 16888 --- [learn-spring-boot] [           main] o.s.b.a.condition.OnClassCondition       : Condition OnClassCondition on org.springframework.boot.actuate.autoconfigure.wavefront.WavefrontAutoConfiguration did not match due to @ConditionalOnClass did not find required class 'com.wavefront.sdk.common.application.ApplicationTags'
2025-04-01T15:16:25.311+05:30 TRACE 16888 --- [learn-spring-boot] [           main] o.s.b.a.condition.OnClassCondition       : Condition OnClassCondition on org.springframework.boot.actuate.autoconfigure.web.reactive.ReactiveManagementContextAutoConfiguration did not match due to @ConditionalOnClass did not find required class 'reactor.core.publisher.Flux'
2025-04-01T15:16:25.311+05:30 TRACE 16888 --- [learn-spring-boot] [           main] o.s.b.a.condition.OnClassCondition       : Condition OnClassCondition on org.springframework.boot.devtools.autoconfigure.DevToolsR2dbcAutoConfiguration did not match due to @ConditionalOnClass did not find required class 'io.r2dbc.spi.ConnectionFactory'
2025-04-01T15:16:25.311+05:30 TRACE 16888 --- [learn-spring-boot] [           main] o.s.b.a.condition.OnClassCondition       : Condition OnClassCondition on org.springframework.boot.autoconfigure.amqp.RabbitAutoConfiguration did not match due to @ConditionalOnClass did not find required class 'com.rabbitmq.client.Channel'
2025-04-01T15:16:25.312+05:30 TRACE 16888 --- [learn-spring-boot] [           main] o.s.b.a.condition.OnClassCondition       : Condition OnClassCondition on org.springframework.boot.autoconfigure.batch.BatchAutoConfiguration did not match due to @ConditionalOnClass did not find required class 'org.springframework.batch.core.launch.JobLauncher'
2025-04-01T15:16:25.312+05:30 TRACE 16888 --- [learn-spring-boot] [           main] o.s.b.a.condition.OnClassCondition       : Condition OnClassCondition on org.springframework.boot.autoconfigure.cassandra.CassandraAutoConfiguration did not match due to @ConditionalOnClass did not find required class 'com.datastax.oss.driver.api.core.CqlSession'
2025-04-01T15:16:25.312+05:30 TRACE 16888 --- [learn-spring-boot] [           main] o.s.b.a.condition.OnClassCondition       : Condition OnClassCondition on org.springframework.boot.autoconfigure.couchbase.CouchbaseAutoConfiguration did not match due to @ConditionalOnClass did not find required class 'com.couchbase.client.java.Cluster'
2025-04-01T15:16:25.312+05:30 TRACE 16888 --- [learn-spring-boot] [           main] o.s.b.a.condition.OnClassCondition       : Condition OnClassCondition on org.springframework.boot.autoconfigure.dao.PersistenceExceptionTranslationAutoConfiguration did not match due to @ConditionalOnClass did not find required class 'org.springframework.dao.annotation.PersistenceExceptionTranslationPostProcessor'
2025-04-01T15:16:25.312+05:30 TRACE 16888 --- [learn-spring-boot] [           main] o.s.b.a.condition.OnClassCondition       : Condition OnClassCondition on org.springframework.boot.autoconfigure.data.cassandra.CassandraDataAutoConfiguration did not match due to @ConditionalOnClass did not find required class 'com.datastax.oss.driver.api.core.CqlSession'
2025-04-01T15:16:25.312+05:30 TRACE 16888 --- [learn-spring-boot] [           main] o.s.b.a.condition.OnClassCondition       : Condition OnClassCondition on org.springframework.boot.autoconfigure.data.cassandra.CassandraReactiveDataAutoConfiguration did not match due to @ConditionalOnClass did not find required class 'com.datastax.oss.driver.api.core.CqlSession'
2025-04-01T15:16:25.312+05:30 TRACE 16888 --- [learn-spring-boot] [           main] o.s.b.a.condition.OnClassCondition       : Condition OnClassCondition on org.springframework.boot.autoconfigure.data.cassandra.CassandraReactiveRepositoriesAutoConfiguration did not match due to @ConditionalOnClass did not find required class 'org.springframework.data.cassandra.ReactiveSession'
2025-04-01T15:16:25.312+05:30 TRACE 16888 --- [learn-spring-boot] [           main] o.s.b.a.condition.OnClassCondition       : Condition OnClassCondition on org.springframework.boot.autoconfigure.data.cassandra.CassandraRepositoriesAutoConfiguration did not match due to @ConditionalOnClass did not find required class 'com.datastax.oss.driver.api.core.CqlSession'
2025-04-01T15:16:25.312+05:30 TRACE 16888 --- [learn-spring-boot] [           main] o.s.b.a.condition.OnClassCondition       : Condition OnClassCondition on org.springframework.boot.autoconfigure.data.couchbase.CouchbaseDataAutoConfiguration did not match due to @ConditionalOnClass did not find required class 'com.couchbase.client.java.Bucket'
2025-04-01T15:16:25.312+05:30 TRACE 16888 --- [learn-spring-boot] [           main] o.s.b.a.condition.OnClassCondition       : Condition OnClassCondition on org.springframework.boot.autoconfigure.data.couchbase.CouchbaseReactiveDataAutoConfiguration did not match due to @ConditionalOnClass did not find required class 'com.couchbase.client.java.Cluster'
2025-04-01T15:16:25.312+05:30 TRACE 16888 --- [learn-spring-boot] [           main] o.s.b.a.condition.OnClassCondition       : Condition OnClassCondition on org.springframework.boot.autoconfigure.data.couchbase.CouchbaseReactiveRepositoriesAutoConfiguration did not match due to @ConditionalOnClass did not find required class 'com.couchbase.client.java.Cluster'
2025-04-01T15:16:25.312+05:30 TRACE 16888 --- [learn-spring-boot] [           main] o.s.b.a.condition.OnClassCondition       : Condition OnClassCondition on org.springframework.boot.autoconfigure.data.couchbase.CouchbaseRepositoriesAutoConfiguration did not match due to @ConditionalOnClass did not find required class 'com.couchbase.client.java.Bucket'
2025-04-01T15:16:25.312+05:30 TRACE 16888 --- [learn-spring-boot] [           main] o.s.b.a.condition.OnClassCondition       : Condition OnClassCondition on org.springframework.boot.autoconfigure.data.elasticsearch.ElasticsearchDataAutoConfiguration did not match due to @ConditionalOnClass did not find required class 'org.springframework.data.elasticsearch.client.elc.ElasticsearchTemplate'
2025-04-01T15:16:25.313+05:30 TRACE 16888 --- [learn-spring-boot] [           main] o.s.b.a.condition.OnClassCondition       : Condition OnClassCondition on org.springframework.boot.autoconfigure.data.elasticsearch.ElasticsearchRepositoriesAutoConfiguration did not match due to @ConditionalOnClass did not find required class 'org.springframework.data.elasticsearch.repository.ElasticsearchRepository'
2025-04-01T15:16:25.313+05:30 TRACE 16888 --- [learn-spring-boot] [           main] o.s.b.a.condition.OnClassCondition       : Condition OnClassCondition on org.springframework.boot.autoconfigure.data.elasticsearch.ReactiveElasticsearchRepositoriesAutoConfiguration did not match due to @ConditionalOnClass did not find required class 'reactor.core.publisher.Mono'
2025-04-01T15:16:25.313+05:30 TRACE 16888 --- [learn-spring-boot] [           main] o.s.b.a.condition.OnClassCondition       : Condition OnClassCondition on org.springframework.boot.autoconfigure.data.jdbc.JdbcRepositoriesAutoConfiguration did not match due to @ConditionalOnClass did not find required class 'org.springframework.data.jdbc.repository.config.AbstractJdbcConfiguration'
2025-04-01T15:16:25.313+05:30 TRACE 16888 --- [learn-spring-boot] [           main] o.s.b.a.condition.OnClassCondition       : Condition OnClassCondition on org.springframework.boot.autoconfigure.data.jpa.JpaRepositoriesAutoConfiguration did not match due to @ConditionalOnClass did not find required class 'org.springframework.data.jpa.repository.JpaRepository'
2025-04-01T15:16:25.313+05:30 TRACE 16888 --- [learn-spring-boot] [           main] o.s.b.a.condition.OnClassCondition       : Condition OnClassCondition on org.springframework.boot.autoconfigure.data.ldap.LdapRepositoriesAutoConfiguration did not match due to @ConditionalOnClass did not find required class 'org.springframework.data.ldap.repository.LdapRepository'
2025-04-01T15:16:25.313+05:30 TRACE 16888 --- [learn-spring-boot] [           main] o.s.b.a.condition.OnClassCondition       : Condition OnClassCondition on org.springframework.boot.autoconfigure.data.mongo.MongoDataAutoConfiguration did not match due to @ConditionalOnClass did not find required class 'com.mongodb.client.MongoClient'
2025-04-01T15:16:25.313+05:30 TRACE 16888 --- [learn-spring-boot] [           main] o.s.b.a.condition.OnClassCondition       : Condition OnClassCondition on org.springframework.boot.autoconfigure.data.mongo.MongoReactiveDataAutoConfiguration did not match due to @ConditionalOnClass did not find required class 'com.mongodb.reactivestreams.client.MongoClient'
2025-04-01T15:16:25.313+05:30 TRACE 16888 --- [learn-spring-boot] [           main] o.s.b.a.condition.OnClassCondition       : Condition OnClassCondition on org.springframework.boot.autoconfigure.data.mongo.MongoReactiveRepositoriesAutoConfiguration did not match due to @ConditionalOnClass did not find required class 'com.mongodb.reactivestreams.client.MongoClient'
2025-04-01T15:16:25.313+05:30 TRACE 16888 --- [learn-spring-boot] [           main] o.s.b.a.condition.OnClassCondition       : Condition OnClassCondition on org.springframework.boot.autoconfigure.data.mongo.MongoRepositoriesAutoConfiguration did not match due to @ConditionalOnClass did not find required class 'com.mongodb.client.MongoClient'
2025-04-01T15:16:25.313+05:30 TRACE 16888 --- [learn-spring-boot] [           main] o.s.b.a.condition.OnClassCondition       : Condition OnClassCondition on org.springframework.boot.autoconfigure.data.neo4j.Neo4jDataAutoConfiguration did not match due to @ConditionalOnClass did not find required class 'org.neo4j.driver.Driver'
2025-04-01T15:16:25.313+05:30 TRACE 16888 --- [learn-spring-boot] [           main] o.s.b.a.condition.OnClassCondition       : Condition OnClassCondition on org.springframework.boot.autoconfigure.data.neo4j.Neo4jReactiveDataAutoConfiguration did not match due to @ConditionalOnClass did not find required class 'org.neo4j.driver.Driver'
2025-04-01T15:16:25.313+05:30 TRACE 16888 --- [learn-spring-boot] [           main] o.s.b.a.condition.OnClassCondition       : Condition OnClassCondition on org.springframework.boot.autoconfigure.data.neo4j.Neo4jReactiveRepositoriesAutoConfiguration did not match due to @ConditionalOnClass did not find required class 'org.neo4j.driver.Driver'
2025-04-01T15:16:25.314+05:30 TRACE 16888 --- [learn-spring-boot] [           main] o.s.b.a.condition.OnClassCondition       : Condition OnClassCondition on org.springframework.boot.autoconfigure.data.neo4j.Neo4jRepositoriesAutoConfiguration did not match due to @ConditionalOnClass did not find required class 'org.neo4j.driver.Driver'
2025-04-01T15:16:25.314+05:30 TRACE 16888 --- [learn-spring-boot] [           main] o.s.b.a.condition.OnClassCondition       : Condition OnClassCondition on org.springframework.boot.autoconfigure.data.r2dbc.R2dbcDataAutoConfiguration did not match due to @ConditionalOnClass did not find required class 'org.springframework.data.r2dbc.core.R2dbcEntityTemplate'
2025-04-01T15:16:25.314+05:30 TRACE 16888 --- [learn-spring-boot] [           main] o.s.b.a.condition.OnClassCondition       : Condition OnClassCondition on org.springframework.boot.autoconfigure.data.r2dbc.R2dbcRepositoriesAutoConfiguration did not match due to @ConditionalOnClass did not find required class 'io.r2dbc.spi.ConnectionFactory'
2025-04-01T15:16:25.314+05:30 TRACE 16888 --- [learn-spring-boot] [           main] o.s.b.a.condition.OnClassCondition       : Condition OnClassCondition on org.springframework.boot.autoconfigure.data.redis.RedisAutoConfiguration did not match due to @ConditionalOnClass did not find required class 'org.springframework.data.redis.core.RedisOperations'
2025-04-01T15:16:25.314+05:30 TRACE 16888 --- [learn-spring-boot] [           main] o.s.b.a.condition.OnClassCondition       : Condition OnClassCondition on org.springframework.boot.autoconfigure.data.redis.RedisReactiveAutoConfiguration did not match due to @ConditionalOnClass did not find required class 'reactor.core.publisher.Flux'
2025-04-01T15:16:25.314+05:30 TRACE 16888 --- [learn-spring-boot] [           main] o.s.b.a.condition.OnClassCondition       : Condition OnClassCondition on org.springframework.boot.autoconfigure.data.redis.RedisRepositoriesAutoConfiguration did not match due to @ConditionalOnClass did not find required class 'org.springframework.data.redis.repository.configuration.EnableRedisRepositories'
2025-04-01T15:16:25.314+05:30 TRACE 16888 --- [learn-spring-boot] [           main] o.s.b.a.condition.OnClassCondition       : Condition OnClassCondition on org.springframework.boot.autoconfigure.data.rest.RepositoryRestMvcAutoConfiguration did not match due to @ConditionalOnClass did not find required class 'org.springframework.data.rest.webmvc.config.RepositoryRestMvcConfiguration'
2025-04-01T15:16:25.314+05:30 TRACE 16888 --- [learn-spring-boot] [           main] o.s.b.a.condition.OnClassCondition       : Condition OnClassCondition on org.springframework.boot.autoconfigure.data.web.SpringDataWebAutoConfiguration did not match due to @ConditionalOnClass did not find required class 'org.springframework.data.web.PageableHandlerMethodArgumentResolver'
2025-04-01T15:16:25.314+05:30 TRACE 16888 --- [learn-spring-boot] [           main] o.s.b.a.condition.OnClassCondition       : Condition OnClassCondition on org.springframework.boot.autoconfigure.elasticsearch.ElasticsearchClientAutoConfiguration did not match due to @ConditionalOnClass did not find required class 'co.elastic.clients.elasticsearch.ElasticsearchClient'
2025-04-01T15:16:25.314+05:30 TRACE 16888 --- [learn-spring-boot] [           main] o.s.b.a.condition.OnClassCondition       : Condition OnClassCondition on org.springframework.boot.autoconfigure.elasticsearch.ElasticsearchRestClientAutoConfiguration did not match due to @ConditionalOnClass did not find required class 'org.elasticsearch.client.RestClientBuilder'
2025-04-01T15:16:25.315+05:30 TRACE 16888 --- [learn-spring-boot] [           main] o.s.b.a.condition.OnClassCondition       : Condition OnClassCondition on org.springframework.boot.autoconfigure.elasticsearch.ReactiveElasticsearchClientAutoConfiguration did not match due to @ConditionalOnClass did not find required class 'co.elastic.clients.transport.ElasticsearchTransport'
2025-04-01T15:16:25.315+05:30 TRACE 16888 --- [learn-spring-boot] [           main] o.s.b.a.condition.OnClassCondition       : Condition OnClassCondition on org.springframework.boot.autoconfigure.flyway.FlywayAutoConfiguration did not match due to @ConditionalOnClass did not find required class 'org.flywaydb.core.Flyway'
2025-04-01T15:16:25.315+05:30 TRACE 16888 --- [learn-spring-boot] [           main] o.s.b.a.condition.OnClassCondition       : Condition OnClassCondition on org.springframework.boot.autoconfigure.freemarker.FreeMarkerAutoConfiguration did not match due to @ConditionalOnClass did not find required class 'freemarker.template.Configuration'
2025-04-01T15:16:25.315+05:30 TRACE 16888 --- [learn-spring-boot] [           main] o.s.b.a.condition.OnClassCondition       : Condition OnClassCondition on org.springframework.boot.autoconfigure.graphql.GraphQlAutoConfiguration did not match due to @ConditionalOnClass did not find required class 'graphql.GraphQL'
2025-04-01T15:16:25.315+05:30 TRACE 16888 --- [learn-spring-boot] [           main] o.s.b.a.condition.OnClassCondition       : Condition OnClassCondition on org.springframework.boot.autoconfigure.graphql.data.GraphQlReactiveQueryByExampleAutoConfiguration did not match due to @ConditionalOnClass did not find required class 'graphql.GraphQL'
2025-04-01T15:16:25.315+05:30 TRACE 16888 --- [learn-spring-boot] [           main] o.s.b.a.condition.OnClassCondition       : Condition OnClassCondition on org.springframework.boot.autoconfigure.graphql.data.GraphQlReactiveQuerydslAutoConfiguration did not match due to @ConditionalOnClass did not find required class 'com.querydsl.core.Query'
2025-04-01T15:16:25.316+05:30 TRACE 16888 --- [learn-spring-boot] [           main] o.s.b.a.condition.OnClassCondition       : Condition OnClassCondition on org.springframework.boot.autoconfigure.graphql.data.GraphQlQueryByExampleAutoConfiguration did not match due to @ConditionalOnClass did not find required class 'graphql.GraphQL'
2025-04-01T15:16:25.316+05:30 TRACE 16888 --- [learn-spring-boot] [           main] o.s.b.a.condition.OnClassCondition       : Condition OnClassCondition on org.springframework.boot.autoconfigure.graphql.data.GraphQlQuerydslAutoConfiguration did not match due to @ConditionalOnClass did not find required class 'com.querydsl.core.Query'
2025-04-01T15:16:25.316+05:30 TRACE 16888 --- [learn-spring-boot] [           main] o.s.b.a.condition.OnClassCondition       : Condition OnClassCondition on org.springframework.boot.autoconfigure.graphql.reactive.GraphQlWebFluxAutoConfiguration did not match due to @ConditionalOnClass did not find required class 'graphql.GraphQL'
2025-04-01T15:16:25.316+05:30 TRACE 16888 --- [learn-spring-boot] [           main] o.s.b.a.condition.OnClassCondition       : Condition OnClassCondition on org.springframework.boot.autoconfigure.graphql.rsocket.GraphQlRSocketAutoConfiguration did not match due to @ConditionalOnClass did not find required class 'graphql.GraphQL'
2025-04-01T15:16:25.316+05:30 TRACE 16888 --- [learn-spring-boot] [           main] o.s.b.a.condition.OnClassCondition       : Condition OnClassCondition on org.springframework.boot.autoconfigure.graphql.rsocket.RSocketGraphQlClientAutoConfiguration did not match due to @ConditionalOnClass did not find required class 'graphql.GraphQL'
2025-04-01T15:16:25.316+05:30 TRACE 16888 --- [learn-spring-boot] [           main] o.s.b.a.condition.OnClassCondition       : Condition OnClassCondition on org.springframework.boot.autoconfigure.graphql.security.GraphQlWebFluxSecurityAutoConfiguration did not match due to @ConditionalOnClass did not find required class 'graphql.GraphQL'
2025-04-01T15:16:25.316+05:30 TRACE 16888 --- [learn-spring-boot] [           main] o.s.b.a.condition.OnClassCondition       : Condition OnClassCondition on org.springframework.boot.autoconfigure.graphql.security.GraphQlWebMvcSecurityAutoConfiguration did not match due to @ConditionalOnClass did not find required class 'graphql.GraphQL'
2025-04-01T15:16:25.316+05:30 TRACE 16888 --- [learn-spring-boot] [           main] o.s.b.a.condition.OnClassCondition       : Condition OnClassCondition on org.springframework.boot.autoconfigure.graphql.servlet.GraphQlWebMvcAutoConfiguration did not match due to @ConditionalOnClass did not find required class 'graphql.GraphQL'
2025-04-01T15:16:25.316+05:30 TRACE 16888 --- [learn-spring-boot] [           main] o.s.b.a.condition.OnClassCondition       : Condition OnClassCondition on org.springframework.boot.autoconfigure.groovy.template.GroovyTemplateAutoConfiguration did not match due to @ConditionalOnClass did not find required class 'groovy.text.markup.MarkupTemplateEngine'
2025-04-01T15:16:25.316+05:30 TRACE 16888 --- [learn-spring-boot] [           main] o.s.b.a.condition.OnClassCondition       : Condition OnClassCondition on org.springframework.boot.autoconfigure.gson.GsonAutoConfiguration did not match due to @ConditionalOnClass did not find required class 'com.google.gson.Gson'
2025-04-01T15:16:25.317+05:30 TRACE 16888 --- [learn-spring-boot] [           main] o.s.b.a.condition.OnClassCondition       : Condition OnClassCondition on org.springframework.boot.autoconfigure.h2.H2ConsoleAutoConfiguration did not match due to @ConditionalOnClass did not find required class 'org.h2.server.web.JakartaWebServlet'
2025-04-01T15:16:25.317+05:30 TRACE 16888 --- [learn-spring-boot] [           main] o.s.b.a.condition.OnClassCondition       : Condition OnClassCondition on org.springframework.boot.autoconfigure.hateoas.HypermediaAutoConfiguration did not match due to @ConditionalOnClass did not find required class 'org.springframework.hateoas.EntityModel'
2025-04-01T15:16:25.317+05:30 TRACE 16888 --- [learn-spring-boot] [           main] o.s.b.a.condition.OnClassCondition       : Condition OnClassCondition on org.springframework.boot.autoconfigure.hazelcast.HazelcastAutoConfiguration did not match due to @ConditionalOnClass did not find required class 'com.hazelcast.core.HazelcastInstance'
2025-04-01T15:16:25.317+05:30 TRACE 16888 --- [learn-spring-boot] [           main] o.s.b.a.condition.OnClassCondition       : Condition OnClassCondition on org.springframework.boot.autoconfigure.hazelcast.HazelcastJpaDependencyAutoConfiguration did not match due to @ConditionalOnClass did not find required class 'com.hazelcast.core.HazelcastInstance'
2025-04-01T15:16:25.317+05:30 TRACE 16888 --- [learn-spring-boot] [           main] o.s.b.a.condition.OnClassCondition       : Condition OnClassCondition on org.springframework.boot.autoconfigure.http.codec.CodecsAutoConfiguration did not match due to @ConditionalOnClass did not find required class 'org.springframework.web.reactive.function.client.WebClient'
2025-04-01T15:16:25.317+05:30 TRACE 16888 --- [learn-spring-boot] [           main] o.s.b.a.condition.OnClassCondition       : Condition OnClassCondition on org.springframework.boot.autoconfigure.integration.IntegrationAutoConfiguration did not match due to @ConditionalOnClass did not find required class 'org.springframework.integration.config.EnableIntegration'
2025-04-01T15:16:25.317+05:30 TRACE 16888 --- [learn-spring-boot] [           main] o.s.b.a.condition.OnClassCondition       : Condition OnClassCondition on org.springframework.boot.autoconfigure.jdbc.DataSourceAutoConfiguration did not match due to @ConditionalOnClass did not find required class 'org.springframework.jdbc.datasource.embedded.EmbeddedDatabaseType'
2025-04-01T15:16:25.317+05:30 TRACE 16888 --- [learn-spring-boot] [           main] o.s.b.a.condition.OnClassCondition       : Condition OnClassCondition on org.springframework.boot.autoconfigure.jdbc.JdbcTemplateAutoConfiguration did not match due to @ConditionalOnClass did not find required class 'org.springframework.jdbc.core.JdbcTemplate'
2025-04-01T15:16:25.318+05:30 TRACE 16888 --- [learn-spring-boot] [           main] o.s.b.a.condition.OnClassCondition       : Condition OnClassCondition on org.springframework.boot.autoconfigure.jdbc.JndiDataSourceAutoConfiguration did not match due to @ConditionalOnClass did not find required class 'org.springframework.jdbc.datasource.embedded.EmbeddedDatabaseType'
2025-04-01T15:16:25.318+05:30 TRACE 16888 --- [learn-spring-boot] [           main] o.s.b.a.condition.OnClassCondition       : Condition OnClassCondition on org.springframework.boot.autoconfigure.jdbc.XADataSourceAutoConfiguration did not match due to @ConditionalOnClass did not find required class 'jakarta.transaction.TransactionManager'
2025-04-01T15:16:25.318+05:30 TRACE 16888 --- [learn-spring-boot] [           main] o.s.b.a.condition.OnClassCondition       : Condition OnClassCondition on org.springframework.boot.autoconfigure.jdbc.DataSourceTransactionManagerAutoConfiguration did not match due to @ConditionalOnClass did not find required class 'org.springframework.jdbc.core.JdbcTemplate'
2025-04-01T15:16:25.318+05:30 TRACE 16888 --- [learn-spring-boot] [           main] o.s.b.a.condition.OnClassCondition       : Condition OnClassCondition on org.springframework.boot.autoconfigure.jersey.JerseyAutoConfiguration did not match due to @ConditionalOnClass did not find required class 'org.glassfish.jersey.server.spring.SpringComponentProvider'
2025-04-01T15:16:25.319+05:30 TRACE 16888 --- [learn-spring-boot] [           main] o.s.b.a.condition.OnClassCondition       : Condition OnClassCondition on org.springframework.boot.autoconfigure.jms.JmsAutoConfiguration did not match due to @ConditionalOnClass did not find required class 'jakarta.jms.Message'
2025-04-01T15:16:25.319+05:30 TRACE 16888 --- [learn-spring-boot] [           main] o.s.b.a.condition.OnClassCondition       : Condition OnClassCondition on org.springframework.boot.autoconfigure.jms.JndiConnectionFactoryAutoConfiguration did not match due to @ConditionalOnClass did not find required class 'org.springframework.jms.core.JmsTemplate'
2025-04-01T15:16:25.319+05:30 TRACE 16888 --- [learn-spring-boot] [           main] o.s.b.a.condition.OnClassCondition       : Condition OnClassCondition on org.springframework.boot.autoconfigure.jms.activemq.ActiveMQAutoConfiguration did not match due to @ConditionalOnClass did not find required class 'jakarta.jms.ConnectionFactory'
2025-04-01T15:16:25.319+05:30 TRACE 16888 --- [learn-spring-boot] [           main] o.s.b.a.condition.OnClassCondition       : Condition OnClassCondition on org.springframework.boot.autoconfigure.jms.artemis.ArtemisAutoConfiguration did not match due to @ConditionalOnClass did not find required class 'jakarta.jms.ConnectionFactory'
2025-04-01T15:16:25.319+05:30 TRACE 16888 --- [learn-spring-boot] [           main] o.s.b.a.condition.OnClassCondition       : Condition OnClassCondition on org.springframework.boot.autoconfigure.jooq.JooqAutoConfiguration did not match due to @ConditionalOnClass did not find required class 'org.jooq.DSLContext'
2025-04-01T15:16:25.319+05:30 TRACE 16888 --- [learn-spring-boot] [           main] o.s.b.a.condition.OnClassCondition       : Condition OnClassCondition on org.springframework.boot.autoconfigure.jsonb.JsonbAutoConfiguration did not match due to @ConditionalOnClass did not find required class 'jakarta.json.bind.Jsonb'
2025-04-01T15:16:25.319+05:30 TRACE 16888 --- [learn-spring-boot] [           main] o.s.b.a.condition.OnClassCondition       : Condition OnClassCondition on org.springframework.boot.autoconfigure.kafka.KafkaAutoConfiguration did not match due to @ConditionalOnClass did not find required class 'org.springframework.kafka.core.KafkaTemplate'
2025-04-01T15:16:25.319+05:30 TRACE 16888 --- [learn-spring-boot] [           main] o.s.b.a.condition.OnClassCondition       : Condition OnClassCondition on org.springframework.boot.autoconfigure.ldap.embedded.EmbeddedLdapAutoConfiguration did not match due to @ConditionalOnClass did not find required class 'com.unboundid.ldap.listener.InMemoryDirectoryServer'
2025-04-01T15:16:25.319+05:30 TRACE 16888 --- [learn-spring-boot] [           main] o.s.b.a.condition.OnClassCondition       : Condition OnClassCondition on org.springframework.boot.autoconfigure.ldap.LdapAutoConfiguration did not match due to @ConditionalOnClass did not find required class 'org.springframework.ldap.core.ContextSource'
2025-04-01T15:16:25.319+05:30 TRACE 16888 --- [learn-spring-boot] [           main] o.s.b.a.condition.OnClassCondition       : Condition OnClassCondition on org.springframework.boot.autoconfigure.liquibase.LiquibaseAutoConfiguration did not match due to @ConditionalOnClass did not find required class 'liquibase.change.DatabaseChange'
2025-04-01T15:16:25.319+05:30 TRACE 16888 --- [learn-spring-boot] [           main] o.s.b.a.condition.OnClassCondition       : Condition OnClassCondition on org.springframework.boot.autoconfigure.mail.MailSenderAutoConfiguration did not match due to @ConditionalOnClass did not find required class 'jakarta.mail.internet.MimeMessage'
2025-04-01T15:16:25.319+05:30 TRACE 16888 --- [learn-spring-boot] [           main] o.s.b.a.condition.OnClassCondition       : Condition OnClassCondition on org.springframework.boot.autoconfigure.mongo.MongoAutoConfiguration did not match due to @ConditionalOnClass did not find required class 'com.mongodb.client.MongoClient'
2025-04-01T15:16:25.319+05:30 TRACE 16888 --- [learn-spring-boot] [           main] o.s.b.a.condition.OnClassCondition       : Condition OnClassCondition on org.springframework.boot.autoconfigure.mongo.MongoReactiveAutoConfiguration did not match due to @ConditionalOnClass did not find required class 'com.mongodb.reactivestreams.client.MongoClient'
2025-04-01T15:16:25.320+05:30 TRACE 16888 --- [learn-spring-boot] [           main] o.s.b.a.condition.OnClassCondition       : Condition OnClassCondition on org.springframework.boot.autoconfigure.mustache.MustacheAutoConfiguration did not match due to @ConditionalOnClass did not find required class 'com.samskivert.mustache.Mustache'
2025-04-01T15:16:25.320+05:30 TRACE 16888 --- [learn-spring-boot] [           main] o.s.b.a.condition.OnClassCondition       : Condition OnClassCondition on org.springframework.boot.autoconfigure.neo4j.Neo4jAutoConfiguration did not match due to @ConditionalOnClass did not find required class 'org.neo4j.driver.Driver'
2025-04-01T15:16:25.320+05:30 TRACE 16888 --- [learn-spring-boot] [           main] o.s.b.a.condition.OnClassCondition       : Condition OnClassCondition on org.springframework.boot.autoconfigure.netty.NettyAutoConfiguration did not match due to @ConditionalOnClass did not find required class 'io.netty.util.NettyRuntime'
2025-04-01T15:16:25.320+05:30 TRACE 16888 --- [learn-spring-boot] [           main] o.s.b.a.condition.OnClassCondition       : Condition OnClassCondition on org.springframework.boot.autoconfigure.orm.jpa.HibernateJpaAutoConfiguration did not match due to @ConditionalOnClass did not find required class 'jakarta.persistence.EntityManager'
2025-04-01T15:16:25.324+05:30 TRACE 16888 --- [learn-spring-boot] [           main] o.s.b.a.condition.OnClassCondition       : Condition OnClassCondition on org.springframework.boot.autoconfigure.pulsar.PulsarAutoConfiguration did not match due to @ConditionalOnClass did not find required class 'org.apache.pulsar.client.api.PulsarClient'
2025-04-01T15:16:25.324+05:30 TRACE 16888 --- [learn-spring-boot] [           main] o.s.b.a.condition.OnClassCondition       : Condition OnClassCondition on org.springframework.boot.autoconfigure.pulsar.PulsarReactiveAutoConfiguration did not match due to @ConditionalOnClass did not find required class 'org.apache.pulsar.client.api.PulsarClient'
2025-04-01T15:16:25.324+05:30 TRACE 16888 --- [learn-spring-boot] [           main] o.s.b.a.condition.OnClassCondition       : Condition OnClassCondition on org.springframework.boot.autoconfigure.quartz.QuartzAutoConfiguration did not match due to @ConditionalOnClass did not find required class 'org.quartz.Scheduler'
2025-04-01T15:16:25.324+05:30 TRACE 16888 --- [learn-spring-boot] [           main] o.s.b.a.condition.OnClassCondition       : Condition OnClassCondition on org.springframework.boot.autoconfigure.r2dbc.R2dbcAutoConfiguration did not match due to @ConditionalOnClass did not find required class 'io.r2dbc.spi.ConnectionFactory'
2025-04-01T15:16:25.324+05:30 TRACE 16888 --- [learn-spring-boot] [           main] o.s.b.a.condition.OnClassCondition       : Condition OnClassCondition on org.springframework.boot.autoconfigure.r2dbc.R2dbcProxyAutoConfiguration did not match due to @ConditionalOnClass did not find required class 'io.r2dbc.proxy.ProxyConnectionFactory'
2025-04-01T15:16:25.324+05:30 TRACE 16888 --- [learn-spring-boot] [           main] o.s.b.a.condition.OnClassCondition       : Condition OnClassCondition on org.springframework.boot.autoconfigure.r2dbc.R2dbcTransactionManagerAutoConfiguration did not match due to @ConditionalOnClass did not find required class 'org.springframework.r2dbc.connection.R2dbcTransactionManager'
2025-04-01T15:16:25.325+05:30 TRACE 16888 --- [learn-spring-boot] [           main] o.s.b.a.condition.OnClassCondition       : Condition OnClassCondition on org.springframework.boot.autoconfigure.reactor.ReactorAutoConfiguration did not match due to @ConditionalOnClass did not find required class 'reactor.core.publisher.Hooks'
2025-04-01T15:16:25.325+05:30 TRACE 16888 --- [learn-spring-boot] [           main] o.s.b.a.condition.OnClassCondition       : Condition OnClassCondition on org.springframework.boot.autoconfigure.rsocket.RSocketMessagingAutoConfiguration did not match due to @ConditionalOnClass did not find required class 'io.rsocket.RSocket'
2025-04-01T15:16:25.325+05:30 TRACE 16888 --- [learn-spring-boot] [           main] o.s.b.a.condition.OnClassCondition       : Condition OnClassCondition on org.springframework.boot.autoconfigure.rsocket.RSocketRequesterAutoConfiguration did not match due to @ConditionalOnClass did not find required class 'io.rsocket.RSocket'
2025-04-01T15:16:25.325+05:30 TRACE 16888 --- [learn-spring-boot] [           main] o.s.b.a.condition.OnClassCondition       : Condition OnClassCondition on org.springframework.boot.autoconfigure.rsocket.RSocketServerAutoConfiguration did not match due to @ConditionalOnClass did not find required class 'io.rsocket.core.RSocketServer'
2025-04-01T15:16:25.325+05:30 TRACE 16888 --- [learn-spring-boot] [           main] o.s.b.a.condition.OnClassCondition       : Condition OnClassCondition on org.springframework.boot.autoconfigure.rsocket.RSocketStrategiesAutoConfiguration did not match due to @ConditionalOnClass did not find required class 'io.netty.buffer.PooledByteBufAllocator'
2025-04-01T15:16:25.325+05:30 TRACE 16888 --- [learn-spring-boot] [           main] o.s.b.a.condition.OnClassCondition       : Condition OnClassCondition on org.springframework.boot.autoconfigure.security.servlet.SecurityAutoConfiguration did not match due to @ConditionalOnClass did not find required class 'org.springframework.security.authentication.DefaultAuthenticationEventPublisher'
2025-04-01T15:16:25.325+05:30 TRACE 16888 --- [learn-spring-boot] [           main] o.s.b.a.condition.OnClassCondition       : Condition OnClassCondition on org.springframework.boot.autoconfigure.security.servlet.UserDetailsServiceAutoConfiguration did not match due to @ConditionalOnClass did not find required class 'org.springframework.security.authentication.AuthenticationManager'
2025-04-01T15:16:25.325+05:30 TRACE 16888 --- [learn-spring-boot] [           main] o.s.b.a.condition.OnClassCondition       : Condition OnClassCondition on org.springframework.boot.autoconfigure.security.servlet.SecurityFilterAutoConfiguration did not match due to @ConditionalOnClass did not find required class 'org.springframework.security.config.http.SessionCreationPolicy'
2025-04-01T15:16:25.325+05:30 TRACE 16888 --- [learn-spring-boot] [           main] o.s.b.a.condition.OnClassCondition       : Condition OnClassCondition on org.springframework.boot.autoconfigure.security.reactive.ReactiveSecurityAutoConfiguration did not match due to @ConditionalOnClass did not find required class 'reactor.core.publisher.Flux'
2025-04-01T15:16:25.325+05:30 TRACE 16888 --- [learn-spring-boot] [           main] o.s.b.a.condition.OnClassCondition       : Condition OnClassCondition on org.springframework.boot.autoconfigure.security.reactive.ReactiveUserDetailsServiceAutoConfiguration did not match due to @ConditionalOnClass did not find required class 'org.springframework.security.authentication.ReactiveAuthenticationManager'
2025-04-01T15:16:25.325+05:30 TRACE 16888 --- [learn-spring-boot] [           main] o.s.b.a.condition.OnClassCondition       : Condition OnClassCondition on org.springframework.boot.autoconfigure.security.rsocket.RSocketSecurityAutoConfiguration did not match due to @ConditionalOnClass did not find required class 'org.springframework.security.rsocket.core.SecuritySocketAcceptorInterceptor'
2025-04-01T15:16:25.325+05:30 TRACE 16888 --- [learn-spring-boot] [           main] o.s.b.a.condition.OnClassCondition       : Condition OnClassCondition on org.springframework.boot.autoconfigure.security.saml2.Saml2RelyingPartyAutoConfiguration did not match due to @ConditionalOnClass did not find required class 'org.springframework.security.saml2.provider.service.registration.RelyingPartyRegistrationRepository'
2025-04-01T15:16:25.325+05:30 TRACE 16888 --- [learn-spring-boot] [           main] o.s.b.a.condition.OnClassCondition       : Condition OnClassCondition on org.springframework.boot.autoconfigure.sendgrid.SendGridAutoConfiguration did not match due to @ConditionalOnClass did not find required class 'com.sendgrid.SendGrid'
2025-04-01T15:16:25.326+05:30 TRACE 16888 --- [learn-spring-boot] [           main] o.s.b.a.condition.OnClassCondition       : Condition OnClassCondition on org.springframework.boot.autoconfigure.session.SessionAutoConfiguration did not match due to @ConditionalOnClass did not find required class 'org.springframework.session.Session'
2025-04-01T15:16:25.326+05:30 TRACE 16888 --- [learn-spring-boot] [           main] o.s.b.a.condition.OnClassCondition       : Condition OnClassCondition on org.springframework.boot.autoconfigure.security.oauth2.client.servlet.OAuth2ClientAutoConfiguration did not match due to @ConditionalOnClass did not find required class 'org.springframework.security.config.annotation.web.configuration.EnableWebSecurity'
2025-04-01T15:16:25.326+05:30 TRACE 16888 --- [learn-spring-boot] [           main] o.s.b.a.condition.OnClassCondition       : Condition OnClassCondition on org.springframework.boot.autoconfigure.security.oauth2.client.reactive.ReactiveOAuth2ClientAutoConfiguration did not match due to @ConditionalOnClass did not find required class 'reactor.core.publisher.Flux'
2025-04-01T15:16:25.326+05:30 TRACE 16888 --- [learn-spring-boot] [           main] o.s.b.a.condition.OnClassCondition       : Condition OnClassCondition on org.springframework.boot.autoconfigure.security.oauth2.resource.servlet.OAuth2ResourceServerAutoConfiguration did not match due to @ConditionalOnClass did not find required class 'org.springframework.security.oauth2.server.resource.authentication.BearerTokenAuthenticationToken'
2025-04-01T15:16:25.326+05:30 TRACE 16888 --- [learn-spring-boot] [           main] o.s.b.a.condition.OnClassCondition       : Condition OnClassCondition on org.springframework.boot.autoconfigure.security.oauth2.resource.reactive.ReactiveOAuth2ResourceServerAutoConfiguration did not match due to @ConditionalOnClass did not find required class 'org.springframework.security.config.annotation.web.reactive.EnableWebFluxSecurity'
2025-04-01T15:16:25.326+05:30 TRACE 16888 --- [learn-spring-boot] [           main] o.s.b.a.condition.OnClassCondition       : Condition OnClassCondition on org.springframework.boot.autoconfigure.security.oauth2.server.servlet.OAuth2AuthorizationServerAutoConfiguration did not match due to @ConditionalOnClass did not find required class 'org.springframework.security.oauth2.server.authorization.OAuth2Authorization'
2025-04-01T15:16:25.326+05:30 TRACE 16888 --- [learn-spring-boot] [           main] o.s.b.a.condition.OnClassCondition       : Condition OnClassCondition on org.springframework.boot.autoconfigure.security.oauth2.server.servlet.OAuth2AuthorizationServerJwtAutoConfiguration did not match due to @ConditionalOnClass did not find required class 'org.springframework.security.oauth2.server.authorization.OAuth2Authorization'
2025-04-01T15:16:25.326+05:30 TRACE 16888 --- [learn-spring-boot] [           main] o.s.b.a.condition.OnClassCondition       : Condition OnClassCondition on org.springframework.boot.autoconfigure.thymeleaf.ThymeleafAutoConfiguration did not match due to @ConditionalOnClass did not find required class 'org.thymeleaf.spring6.SpringTemplateEngine'
2025-04-01T15:16:25.326+05:30 TRACE 16888 --- [learn-spring-boot] [           main] o.s.b.a.condition.OnClassCondition       : Condition OnClassCondition on org.springframework.boot.autoconfigure.transaction.TransactionAutoConfiguration did not match due to @ConditionalOnClass did not find required class 'org.springframework.transaction.PlatformTransactionManager'
2025-04-01T15:16:25.326+05:30 TRACE 16888 --- [learn-spring-boot] [           main] o.s.b.a.condition.OnClassCondition       : Condition OnClassCondition on org.springframework.boot.autoconfigure.transaction.TransactionManagerCustomizationAutoConfiguration did not match due to @ConditionalOnClass did not find required class 'org.springframework.transaction.PlatformTransactionManager'
2025-04-01T15:16:25.326+05:30 TRACE 16888 --- [learn-spring-boot] [           main] o.s.b.a.condition.OnClassCondition       : Condition OnClassCondition on org.springframework.boot.autoconfigure.transaction.jta.JtaAutoConfiguration did not match due to @ConditionalOnClass did not find required class 'jakarta.transaction.Transaction'
2025-04-01T15:16:25.326+05:30 TRACE 16888 --- [learn-spring-boot] [           main] o.s.b.a.condition.OnClassCondition       : Condition OnClassCondition on org.springframework.boot.autoconfigure.validation.ValidationAutoConfiguration did not match due to @ConditionalOnClass did not find required class 'jakarta.validation.executable.ExecutableValidator'
2025-04-01T15:16:25.326+05:30 TRACE 16888 --- [learn-spring-boot] [           main] o.s.b.a.condition.OnClassCondition       : Condition OnClassCondition on org.springframework.boot.autoconfigure.web.reactive.HttpHandlerAutoConfiguration did not match due to @ConditionalOnClass did not find required class 'org.springframework.web.reactive.DispatcherHandler'
2025-04-01T15:16:25.326+05:30 TRACE 16888 --- [learn-spring-boot] [           main] o.s.b.a.condition.OnClassCondition       : Condition OnClassCondition on org.springframework.boot.autoconfigure.web.reactive.ReactiveMultipartAutoConfiguration did not match due to @ConditionalOnClass did not find required class 'org.springframework.web.reactive.config.WebFluxConfigurer'
2025-04-01T15:16:25.327+05:30 TRACE 16888 --- [learn-spring-boot] [           main] o.s.b.a.condition.OnClassCondition       : Condition OnClassCondition on org.springframework.boot.autoconfigure.web.reactive.WebFluxAutoConfiguration did not match due to @ConditionalOnClass did not find required class 'org.springframework.web.reactive.config.WebFluxConfigurer'
2025-04-01T15:16:25.330+05:30 TRACE 16888 --- [learn-spring-boot] [           main] o.s.b.a.condition.OnClassCondition       : Condition OnClassCondition on org.springframework.boot.autoconfigure.web.reactive.WebSessionIdResolverAutoConfiguration did not match due to @ConditionalOnClass did not find required class 'reactor.core.publisher.Mono'
2025-04-01T15:16:25.333+05:30 TRACE 16888 --- [learn-spring-boot] [           main] o.s.b.a.condition.OnClassCondition       : Condition OnClassCondition on org.springframework.boot.autoconfigure.web.reactive.error.ErrorWebFluxAutoConfiguration did not match due to @ConditionalOnClass did not find required class 'org.springframework.web.reactive.config.WebFluxConfigurer'
2025-04-01T15:16:25.334+05:30 TRACE 16888 --- [learn-spring-boot] [           main] o.s.b.a.condition.OnClassCondition       : Condition OnClassCondition on org.springframework.boot.autoconfigure.web.reactive.function.client.ClientHttpConnectorAutoConfiguration did not match due to @ConditionalOnClass did not find required class 'org.springframework.web.reactive.function.client.WebClient'
2025-04-01T15:16:25.336+05:30 TRACE 16888 --- [learn-spring-boot] [           main] o.s.b.a.condition.OnClassCondition       : Condition OnClassCondition on org.springframework.boot.autoconfigure.web.reactive.function.client.WebClientAutoConfiguration did not match due to @ConditionalOnClass did not find required class 'org.springframework.web.reactive.function.client.WebClient'
2025-04-01T15:16:25.336+05:30 TRACE 16888 --- [learn-spring-boot] [           main] o.s.b.a.condition.OnClassCondition       : Condition OnClassCondition on org.springframework.boot.autoconfigure.websocket.servlet.WebSocketMessagingAutoConfiguration did not match due to @ConditionalOnClass did not find required class 'org.springframework.web.socket.config.annotation.WebSocketMessageBrokerConfigurer'
2025-04-01T15:16:25.337+05:30 TRACE 16888 --- [learn-spring-boot] [           main] o.s.b.a.condition.OnClassCondition       : Condition OnClassCondition on org.springframework.boot.autoconfigure.webservices.WebServicesAutoConfiguration did not match due to @ConditionalOnClass did not find required class 'org.springframework.ws.transport.http.MessageDispatcherServlet'
2025-04-01T15:16:25.337+05:30 TRACE 16888 --- [learn-spring-boot] [           main] o.s.b.a.condition.OnClassCondition       : Condition OnClassCondition on org.springframework.boot.autoconfigure.webservices.client.WebServiceTemplateAutoConfiguration did not match due to @ConditionalOnClass did not find required class 'org.springframework.oxm.Marshaller'
2025-04-01T15:16:25.338+05:30 TRACE 16888 --- [learn-spring-boot] [           main] o.s.b.f.s.DefaultListableBeanFactory     : Returning cached instance of singleton bean 'autoConfigurationReport'
2025-04-01T15:16:25.341+05:30 TRACE 16888 --- [learn-spring-boot] [           main] o.s.b.a.c.OnWebApplicationCondition      : Condition OnWebApplicationCondition on org.springframework.boot.actuate.autoconfigure.cloudfoundry.reactive.ReactiveCloudFoundryActuatorAutoConfiguration did not match due to @ConditionalOnWebApplication did not find reactive web application classes
2025-04-01T15:16:25.341+05:30 TRACE 16888 --- [learn-spring-boot] [           main] o.s.b.a.c.OnWebApplicationCondition      : Condition OnWebApplicationCondition on org.springframework.boot.actuate.autoconfigure.observation.web.reactive.WebFluxObservationAutoConfiguration did not match due to @ConditionalOnWebApplication did not find reactive web application classes
2025-04-01T15:16:25.341+05:30 TRACE 16888 --- [learn-spring-boot] [           main] o.s.b.a.c.OnWebApplicationCondition      : Condition OnWebApplicationCondition on org.springframework.boot.autoconfigure.web.reactive.ReactiveWebServerFactoryAutoConfiguration did not match due to @ConditionalOnWebApplication did not find reactive web application classes
2025-04-01T15:16:25.341+05:30 TRACE 16888 --- [learn-spring-boot] [           main] o.s.b.a.c.OnWebApplicationCondition      : Condition OnWebApplicationCondition on org.springframework.boot.autoconfigure.websocket.reactive.WebSocketReactiveAutoConfiguration did not match due to @ConditionalOnWebApplication did not find reactive web application classes
2025-04-01T15:16:25.341+05:30 TRACE 16888 --- [learn-spring-boot] [           main] o.s.b.f.s.DefaultListableBeanFactory     : Returning cached instance of singleton bean 'autoConfigurationReport'
2025-04-01T15:16:25.349+05:30 TRACE 16888 --- [learn-spring-boot] [           main] o.s.b.a.condition.OnBeanCondition        : Condition OnBeanCondition on org.springframework.boot.autoconfigure.jdbc.JdbcClientAutoConfiguration did not match due to @ConditionalOnSingleCandidate did not find required type 'org.springframework.jdbc.core.namedparam.NamedParameterJdbcTemplate'
2025-04-01T15:16:25.349+05:30 TRACE 16888 --- [learn-spring-boot] [           main] o.s.b.a.condition.OnBeanCondition        : Condition OnBeanCondition on org.springframework.boot.autoconfigure.mail.MailSenderValidatorAutoConfiguration did not match due to @ConditionalOnSingleCandidate did not find required type 'org.springframework.mail.javamail.JavaMailSenderImpl'
2025-04-01T15:16:25.353+05:30 TRACE 16888 --- [learn-spring-boot] [           main] o.s.b.a.AutoConfigurationImportSelector  : Filtered 200 auto configuration class in 117 ms
2025-04-01T15:16:25.353+05:30 TRACE 16888 --- [learn-spring-boot] [           main] o.s.c.io.support.SpringFactoriesLoader   : Loaded [org.springframework.boot.autoconfigure.AutoConfigurationImportListener] names: [org.springframework.boot.autoconfigure.condition.ConditionEvaluationReportAutoConfigurationImportListener]
2025-04-01T15:16:25.354+05:30 TRACE 16888 --- [learn-spring-boot] [           main] o.s.b.f.s.DefaultListableBeanFactory     : Returning cached instance of singleton bean 'autoConfigurationReport'
2025-04-01T15:16:25.366+05:30 TRACE 16888 --- [learn-spring-boot] [           main] o.s.b.f.s.DefaultListableBeanFactory     : Returning cached instance of singleton bean 'org.springframework.boot.autoconfigure.internalCachingMetadataReaderFactory'
2025-04-01T15:16:25.377+05:30 TRACE 16888 --- [learn-spring-boot] [           main] o.s.b.f.s.DefaultListableBeanFactory     : Returning cached instance of singleton bean 'autoConfigurationReport'
2025-04-01T15:16:25.378+05:30 TRACE 16888 --- [learn-spring-boot] [           main] o.s.b.f.s.DefaultListableBeanFactory     : Returning cached instance of singleton bean 'autoConfigurationReport'
2025-04-01T15:16:25.378+05:30 TRACE 16888 --- [learn-spring-boot] [           main] o.s.b.f.s.DefaultListableBeanFactory     : Returning cached instance of singleton bean 'autoConfigurationReport'
2025-04-01T15:16:25.378+05:30 TRACE 16888 --- [learn-spring-boot] [           main] o.s.b.f.s.DefaultListableBeanFactory     : Returning cached instance of singleton bean 'autoConfigurationReport'
2025-04-01T15:16:25.378+05:30 TRACE 16888 --- [learn-spring-boot] [           main] o.s.b.f.s.DefaultListableBeanFactory     : Returning cached instance of singleton bean 'autoConfigurationReport'
2025-04-01T15:16:25.378+05:30 TRACE 16888 --- [learn-spring-boot] [           main] o.s.b.f.s.DefaultListableBeanFactory     : Returning cached instance of singleton bean 'autoConfigurationReport'
2025-04-01T15:16:25.393+05:30 TRACE 16888 --- [learn-spring-boot] [           main] .i.s.PathMatchingResourcePatternResolver : Resolved module-path location pattern [messages.properties] to resources []
2025-04-01T15:16:25.394+05:30 TRACE 16888 --- [learn-spring-boot] [           main] .i.s.PathMatchingResourcePatternResolver : Resolved class path location [messages.properties] to resources []
2025-04-01T15:16:25.394+05:30 TRACE 16888 --- [learn-spring-boot] [           main] utoConfiguration$ResourceBundleCondition : Condition MessageSourceAutoConfiguration.ResourceBundleCondition on org.springframework.boot.autoconfigure.context.MessageSourceAutoConfiguration did not match due to ResourceBundle did not find bundle with basename messages
2025-04-01T15:16:25.394+05:30 TRACE 16888 --- [learn-spring-boot] [           main] o.s.b.f.s.DefaultListableBeanFactory     : Returning cached instance of singleton bean 'autoConfigurationReport'
2025-04-01T15:16:25.394+05:30 TRACE 16888 --- [learn-spring-boot] [           main] o.s.b.f.s.DefaultListableBeanFactory     : Returning cached instance of singleton bean 'autoConfigurationReport'
2025-04-01T15:16:25.394+05:30 TRACE 16888 --- [learn-spring-boot] [           main] o.s.b.f.s.DefaultListableBeanFactory     : Returning cached instance of singleton bean 'autoConfigurationReport'
2025-04-01T15:16:25.394+05:30 TRACE 16888 --- [learn-spring-boot] [           main] o.s.b.f.s.DefaultListableBeanFactory     : Returning cached instance of singleton bean 'autoConfigurationReport'
2025-04-01T15:16:25.394+05:30 TRACE 16888 --- [learn-spring-boot] [           main] o.s.b.f.s.DefaultListableBeanFactory     : Returning cached instance of singleton bean 'autoConfigurationReport'
2025-04-01T15:16:25.394+05:30 TRACE 16888 --- [learn-spring-boot] [           main] o.s.b.f.s.DefaultListableBeanFactory     : Returning cached instance of singleton bean 'autoConfigurationReport'
2025-04-01T15:16:25.395+05:30 TRACE 16888 --- [learn-spring-boot] [           main] o.s.b.f.s.DefaultListableBeanFactory     : Returning cached instance of singleton bean 'autoConfigurationReport'
2025-04-01T15:16:25.395+05:30 TRACE 16888 --- [learn-spring-boot] [           main] o.s.b.f.s.DefaultListableBeanFactory     : Returning cached instance of singleton bean 'autoConfigurationReport'
2025-04-01T15:16:25.395+05:30 TRACE 16888 --- [learn-spring-boot] [           main] o.s.b.f.s.DefaultListableBeanFactory     : Returning cached instance of singleton bean 'autoConfigurationReport'
2025-04-01T15:16:25.396+05:30 TRACE 16888 --- [learn-spring-boot] [           main] o.s.b.f.s.DefaultListableBeanFactory     : Returning cached instance of singleton bean 'autoConfigurationReport'
2025-04-01T15:16:25.401+05:30 TRACE 16888 --- [learn-spring-boot] [           main] o.s.b.f.s.DefaultListableBeanFactory     : Returning cached instance of singleton bean 'autoConfigurationReport'
2025-04-01T15:16:25.401+05:30 TRACE 16888 --- [learn-spring-boot] [           main] o.s.b.f.s.DefaultListableBeanFactory     : Returning cached instance of singleton bean 'autoConfigurationReport'
2025-04-01T15:16:25.401+05:30 TRACE 16888 --- [learn-spring-boot] [           main] o.s.b.f.s.DefaultListableBeanFactory     : Returning cached instance of singleton bean 'autoConfigurationReport'
2025-04-01T15:16:25.401+05:30 TRACE 16888 --- [learn-spring-boot] [           main] o.s.b.f.s.DefaultListableBeanFactory     : Returning cached instance of singleton bean 'autoConfigurationReport'
2025-04-01T15:16:25.401+05:30 TRACE 16888 --- [learn-spring-boot] [           main] o.s.b.f.s.DefaultListableBeanFactory     : Returning cached instance of singleton bean 'autoConfigurationReport'
2025-04-01T15:16:25.402+05:30 TRACE 16888 --- [learn-spring-boot] [           main] o.s.b.f.s.DefaultListableBeanFactory     : Returning cached instance of singleton bean 'autoConfigurationReport'
2025-04-01T15:16:25.402+05:30 TRACE 16888 --- [learn-spring-boot] [           main] o.s.b.f.s.DefaultListableBeanFactory     : Returning cached instance of singleton bean 'autoConfigurationReport'
2025-04-01T15:16:25.402+05:30 TRACE 16888 --- [learn-spring-boot] [           main] o.s.b.f.s.DefaultListableBeanFactory     : Returning cached instance of singleton bean 'autoConfigurationReport'
2025-04-01T15:16:25.402+05:30 TRACE 16888 --- [learn-spring-boot] [           main] o.s.b.f.s.DefaultListableBeanFactory     : Returning cached instance of singleton bean 'autoConfigurationReport'
2025-04-01T15:16:25.405+05:30 TRACE 16888 --- [learn-spring-boot] [           main] o.s.b.f.s.DefaultListableBeanFactory     : Returning cached instance of singleton bean 'autoConfigurationReport'
2025-04-01T15:16:25.405+05:30 TRACE 16888 --- [learn-spring-boot] [           main] o.s.b.f.s.DefaultListableBeanFactory     : Returning cached instance of singleton bean 'autoConfigurationReport'
2025-04-01T15:16:25.405+05:30 TRACE 16888 --- [learn-spring-boot] [           main] o.s.b.f.s.DefaultListableBeanFactory     : Returning cached instance of singleton bean 'autoConfigurationReport'
2025-04-01T15:16:25.405+05:30 TRACE 16888 --- [learn-spring-boot] [           main] o.s.b.f.s.DefaultListableBeanFactory     : Returning cached instance of singleton bean 'autoConfigurationReport'
2025-04-01T15:16:25.405+05:30 TRACE 16888 --- [learn-spring-boot] [           main] o.s.b.f.s.DefaultListableBeanFactory     : Returning cached instance of singleton bean 'autoConfigurationReport'
2025-04-01T15:16:25.405+05:30 TRACE 16888 --- [learn-spring-boot] [           main] o.s.b.f.s.DefaultListableBeanFactory     : Returning cached instance of singleton bean 'autoConfigurationReport'
2025-04-01T15:16:25.407+05:30 TRACE 16888 --- [learn-spring-boot] [           main] o.s.b.a.condition.OnClassCondition       : Condition OnClassCondition on org.springframework.boot.autoconfigure.websocket.servlet.WebSocketServletAutoConfiguration matched due to @ConditionalOnClass found required classes 'jakarta.servlet.Servlet', 'jakarta.websocket.server.ServerContainer'
2025-04-01T15:16:25.407+05:30 TRACE 16888 --- [learn-spring-boot] [           main] o.s.b.f.s.DefaultListableBeanFactory     : Returning cached instance of singleton bean 'autoConfigurationReport'
2025-04-01T15:16:25.408+05:30 TRACE 16888 --- [learn-spring-boot] [           main] o.s.b.a.c.OnWebApplicationCondition      : Condition OnWebApplicationCondition on org.springframework.boot.autoconfigure.websocket.servlet.WebSocketServletAutoConfiguration matched due to found 'session' scope
2025-04-01T15:16:25.408+05:30 TRACE 16888 --- [learn-spring-boot] [           main] o.s.b.f.s.DefaultListableBeanFactory     : Returning cached instance of singleton bean 'autoConfigurationReport'
2025-04-01T15:16:25.408+05:30 TRACE 16888 --- [learn-spring-boot] [           main] o.s.b.f.s.DefaultListableBeanFactory     : Returning cached instance of singleton bean 'autoConfigurationReport'
2025-04-01T15:16:25.408+05:30 TRACE 16888 --- [learn-spring-boot] [           main] o.s.b.f.s.DefaultListableBeanFactory     : Returning cached instance of singleton bean 'autoConfigurationReport'
2025-04-01T15:16:25.408+05:30 TRACE 16888 --- [learn-spring-boot] [           main] o.s.b.f.s.DefaultListableBeanFactory     : Returning cached instance of singleton bean 'autoConfigurationReport'
2025-04-01T15:16:25.411+05:30 TRACE 16888 --- [learn-spring-boot] [           main] o.s.b.a.condition.OnClassCondition       : Condition OnClassCondition on org.springframework.boot.autoconfigure.websocket.servlet.WebSocketServletAutoConfiguration$UndertowWebSocketConfiguration did not match due to @ConditionalOnClass did not find required class 'io.undertow.websockets.jsr.Bootstrap'
2025-04-01T15:16:25.412+05:30 TRACE 16888 --- [learn-spring-boot] [           main] o.s.b.f.s.DefaultListableBeanFactory     : Returning cached instance of singleton bean 'autoConfigurationReport'
2025-04-01T15:16:25.412+05:30 TRACE 16888 --- [learn-spring-boot] [           main] o.s.b.a.condition.OnClassCondition       : Condition OnClassCondition on org.springframework.boot.autoconfigure.websocket.servlet.WebSocketServletAutoConfiguration$JettyWebSocketConfiguration did not match due to @ConditionalOnClass did not find required class 'org.eclipse.jetty.ee10.websocket.jakarta.server.config.JakartaWebSocketServletContainerInitializer'
2025-04-01T15:16:25.412+05:30 TRACE 16888 --- [learn-spring-boot] [           main] o.s.b.f.s.DefaultListableBeanFactory     : Returning cached instance of singleton bean 'autoConfigurationReport'
2025-04-01T15:16:25.419+05:30 TRACE 16888 --- [learn-spring-boot] [           main] o.s.b.a.condition.OnClassCondition       : Condition OnClassCondition on org.springframework.boot.autoconfigure.websocket.servlet.WebSocketServletAutoConfiguration$TomcatWebSocketConfiguration matched due to @ConditionalOnClass found required classes 'org.apache.catalina.startup.Tomcat', 'org.apache.tomcat.websocket.server.WsSci'
2025-04-01T15:16:25.420+05:30 TRACE 16888 --- [learn-spring-boot] [           main] o.s.b.f.s.DefaultListableBeanFactory     : Returning cached instance of singleton bean 'autoConfigurationReport'
2025-04-01T15:16:25.420+05:30 TRACE 16888 --- [learn-spring-boot] [           main] o.s.b.f.s.DefaultListableBeanFactory     : Returning cached instance of singleton bean 'autoConfigurationReport'
2025-04-01T15:16:25.420+05:30 TRACE 16888 --- [learn-spring-boot] [           main] o.s.b.f.s.DefaultListableBeanFactory     : Returning cached instance of singleton bean 'autoConfigurationReport'
2025-04-01T15:16:25.420+05:30 TRACE 16888 --- [learn-spring-boot] [           main] o.s.b.f.s.DefaultListableBeanFactory     : Returning cached instance of singleton bean 'autoConfigurationReport'
2025-04-01T15:16:25.422+05:30 TRACE 16888 --- [learn-spring-boot] [           main] o.s.b.f.s.DefaultListableBeanFactory     : Returning cached instance of singleton bean 'autoConfigurationReport'
2025-04-01T15:16:25.422+05:30 TRACE 16888 --- [learn-spring-boot] [           main] o.s.b.f.s.DefaultListableBeanFactory     : Returning cached instance of singleton bean 'autoConfigurationReport'
2025-04-01T15:16:25.422+05:30 TRACE 16888 --- [learn-spring-boot] [           main] o.s.b.f.s.DefaultListableBeanFactory     : Returning cached instance of singleton bean 'autoConfigurationReport'
2025-04-01T15:16:25.422+05:30 TRACE 16888 --- [learn-spring-boot] [           main] o.s.b.f.s.DefaultListableBeanFactory     : Returning cached instance of singleton bean 'autoConfigurationReport'
2025-04-01T15:16:25.422+05:30 TRACE 16888 --- [learn-spring-boot] [           main] o.s.b.f.s.DefaultListableBeanFactory     : Returning cached instance of singleton bean 'autoConfigurationReport'
2025-04-01T15:16:25.422+05:30 TRACE 16888 --- [learn-spring-boot] [           main] o.s.b.f.s.DefaultListableBeanFactory     : Returning cached instance of singleton bean 'autoConfigurationReport'
2025-04-01T15:16:25.423+05:30 TRACE 16888 --- [learn-spring-boot] [           main] o.s.b.a.condition.OnClassCondition       : Condition OnClassCondition on org.springframework.boot.autoconfigure.web.servlet.ServletWebServerFactoryAutoConfiguration matched due to @ConditionalOnClass found required class 'jakarta.servlet.ServletRequest'
2025-04-01T15:16:25.423+05:30 TRACE 16888 --- [learn-spring-boot] [           main] o.s.b.f.s.DefaultListableBeanFactory     : Returning cached instance of singleton bean 'autoConfigurationReport'
2025-04-01T15:16:25.423+05:30 TRACE 16888 --- [learn-spring-boot] [           main] o.s.b.a.c.OnWebApplicationCondition      : Condition OnWebApplicationCondition on org.springframework.boot.autoconfigure.web.servlet.ServletWebServerFactoryAutoConfiguration matched due to found 'session' scope
2025-04-01T15:16:25.424+05:30 TRACE 16888 --- [learn-spring-boot] [           main] o.s.b.f.s.DefaultListableBeanFactory     : Returning cached instance of singleton bean 'autoConfigurationReport'
2025-04-01T15:16:25.424+05:30 TRACE 16888 --- [learn-spring-boot] [           main] o.s.b.f.s.DefaultListableBeanFactory     : Returning cached instance of singleton bean 'autoConfigurationReport'
2025-04-01T15:16:25.424+05:30 TRACE 16888 --- [learn-spring-boot] [           main] o.s.b.f.s.DefaultListableBeanFactory     : Returning cached instance of singleton bean 'autoConfigurationReport'
2025-04-01T15:16:25.424+05:30 TRACE 16888 --- [learn-spring-boot] [           main] o.s.b.f.s.DefaultListableBeanFactory     : Returning cached instance of singleton bean 'autoConfigurationReport'
2025-04-01T15:16:25.435+05:30 TRACE 16888 --- [learn-spring-boot] [           main] o.s.b.a.condition.OnPropertyCondition    : Condition OnPropertyCondition on org.springframework.boot.autoconfigure.web.servlet.ServletWebServerFactoryAutoConfiguration$ForwardedHeaderFilterConfiguration did not match due to @ConditionalOnProperty (server.forward-headers-strategy=framework) did not find property 'server.forward-headers-strategy'
2025-04-01T15:16:25.435+05:30 TRACE 16888 --- [learn-spring-boot] [           main] o.s.b.f.s.DefaultListableBeanFactory     : Returning cached instance of singleton bean 'autoConfigurationReport'
2025-04-01T15:16:25.439+05:30 TRACE 16888 --- [learn-spring-boot] [           main] o.s.b.a.condition.OnClassCondition       : Condition OnClassCondition on org.springframework.boot.autoconfigure.web.servlet.ServletWebServerFactoryConfiguration$EmbeddedTomcat matched due to @ConditionalOnClass found required classes 'jakarta.servlet.Servlet', 'org.apache.catalina.startup.Tomcat', 'org.apache.coyote.UpgradeProtocol'
2025-04-01T15:16:25.440+05:30 TRACE 16888 --- [learn-spring-boot] [           main] o.s.b.f.s.DefaultListableBeanFactory     : Returning cached instance of singleton bean 'autoConfigurationReport'
2025-04-01T15:16:25.440+05:30 TRACE 16888 --- [learn-spring-boot] [           main] o.s.b.f.s.DefaultListableBeanFactory     : Returning cached instance of singleton bean 'autoConfigurationReport'
2025-04-01T15:16:25.440+05:30 TRACE 16888 --- [learn-spring-boot] [           main] o.s.b.f.s.DefaultListableBeanFactory     : Returning cached instance of singleton bean 'autoConfigurationReport'
2025-04-01T15:16:25.440+05:30 TRACE 16888 --- [learn-spring-boot] [           main] o.s.b.f.s.DefaultListableBeanFactory     : Returning cached instance of singleton bean 'autoConfigurationReport'
2025-04-01T15:16:25.441+05:30 TRACE 16888 --- [learn-spring-boot] [           main] o.s.b.a.condition.OnClassCondition       : Condition OnClassCondition on org.springframework.boot.autoconfigure.web.servlet.ServletWebServerFactoryConfiguration$EmbeddedJetty did not match due to @ConditionalOnClass did not find required classes 'org.eclipse.jetty.server.Server', 'org.eclipse.jetty.util.Loader', 'org.eclipse.jetty.ee10.webapp.WebAppContext'
2025-04-01T15:16:25.441+05:30 TRACE 16888 --- [learn-spring-boot] [           main] o.s.b.f.s.DefaultListableBeanFactory     : Returning cached instance of singleton bean 'autoConfigurationReport'
2025-04-01T15:16:25.442+05:30 TRACE 16888 --- [learn-spring-boot] [           main] o.s.b.a.condition.OnClassCondition       : Condition OnClassCondition on org.springframework.boot.autoconfigure.web.servlet.ServletWebServerFactoryConfiguration$EmbeddedUndertow did not match due to @ConditionalOnClass did not find required classes 'io.undertow.Undertow', 'org.xnio.SslClientAuthMode'
2025-04-01T15:16:25.442+05:30 TRACE 16888 --- [learn-spring-boot] [           main] o.s.b.f.s.DefaultListableBeanFactory     : Returning cached instance of singleton bean 'autoConfigurationReport'
2025-04-01T15:16:25.442+05:30 TRACE 16888 --- [learn-spring-boot] [           main] o.s.b.f.s.DefaultListableBeanFactory     : Returning cached instance of singleton bean 'autoConfigurationReport'
2025-04-01T15:16:25.442+05:30 TRACE 16888 --- [learn-spring-boot] [           main] o.s.b.f.s.DefaultListableBeanFactory     : Returning cached instance of singleton bean 'autoConfigurationReport'
2025-04-01T15:16:25.442+05:30 TRACE 16888 --- [learn-spring-boot] [           main] o.s.b.f.s.DefaultListableBeanFactory     : Returning cached instance of singleton bean 'autoConfigurationReport'
2025-04-01T15:16:25.442+05:30 TRACE 16888 --- [learn-spring-boot] [           main] o.s.b.f.s.DefaultListableBeanFactory     : Returning cached instance of singleton bean 'autoConfigurationReport'
2025-04-01T15:16:25.442+05:30 TRACE 16888 --- [learn-spring-boot] [           main] o.s.b.f.s.DefaultListableBeanFactory     : Returning cached instance of singleton bean 'autoConfigurationReport'
2025-04-01T15:16:25.442+05:30 TRACE 16888 --- [learn-spring-boot] [           main] o.s.b.f.s.DefaultListableBeanFactory     : Returning cached instance of singleton bean 'autoConfigurationReport'
2025-04-01T15:16:25.443+05:30 TRACE 16888 --- [learn-spring-boot] [           main] o.s.b.a.condition.OnClassCondition       : Condition OnClassCondition on org.springframework.boot.autoconfigure.web.servlet.DispatcherServletAutoConfiguration matched due to @ConditionalOnClass found required class 'org.springframework.web.servlet.DispatcherServlet'
2025-04-01T15:16:25.443+05:30 TRACE 16888 --- [learn-spring-boot] [           main] o.s.b.f.s.DefaultListableBeanFactory     : Returning cached instance of singleton bean 'autoConfigurationReport'
2025-04-01T15:16:25.443+05:30 TRACE 16888 --- [learn-spring-boot] [           main] o.s.b.a.c.OnWebApplicationCondition      : Condition OnWebApplicationCondition on org.springframework.boot.autoconfigure.web.servlet.DispatcherServletAutoConfiguration matched due to found 'session' scope
2025-04-01T15:16:25.443+05:30 TRACE 16888 --- [learn-spring-boot] [           main] o.s.b.f.s.DefaultListableBeanFactory     : Returning cached instance of singleton bean 'autoConfigurationReport'
2025-04-01T15:16:25.443+05:30 TRACE 16888 --- [learn-spring-boot] [           main] o.s.b.f.s.DefaultListableBeanFactory     : Returning cached instance of singleton bean 'autoConfigurationReport'
2025-04-01T15:16:25.443+05:30 TRACE 16888 --- [learn-spring-boot] [           main] o.s.b.f.s.DefaultListableBeanFactory     : Returning cached instance of singleton bean 'autoConfigurationReport'
2025-04-01T15:16:25.443+05:30 TRACE 16888 --- [learn-spring-boot] [           main] o.s.b.f.s.DefaultListableBeanFactory     : Returning cached instance of singleton bean 'autoConfigurationReport'
2025-04-01T15:16:25.446+05:30 TRACE 16888 --- [learn-spring-boot] [           main] o.s.b.a.condition.OnClassCondition       : Condition OnClassCondition on org.springframework.boot.autoconfigure.web.servlet.DispatcherServletAutoConfiguration$DispatcherServletRegistrationConfiguration matched due to @ConditionalOnClass found required class 'jakarta.servlet.ServletRegistration'
2025-04-01T15:16:25.446+05:30 TRACE 16888 --- [learn-spring-boot] [           main] o.s.b.f.s.DefaultListableBeanFactory     : Returning cached instance of singleton bean 'autoConfigurationReport'
2025-04-01T15:16:25.449+05:30 TRACE 16888 --- [learn-spring-boot] [           main] n$DispatcherServletRegistrationCondition : Condition DispatcherServletAutoConfiguration.DispatcherServletRegistrationCondition on org.springframework.boot.autoconfigure.web.servlet.DispatcherServletAutoConfiguration$DispatcherServletRegistrationConfiguration matched due to DispatcherServlet Registration did not find servlet registration bean
2025-04-01T15:16:25.449+05:30 TRACE 16888 --- [learn-spring-boot] [           main] o.s.b.f.s.DefaultListableBeanFactory     : Returning cached instance of singleton bean 'autoConfigurationReport'
2025-04-01T15:16:25.449+05:30 TRACE 16888 --- [learn-spring-boot] [           main] o.s.b.f.s.DefaultListableBeanFactory     : Returning cached instance of singleton bean 'autoConfigurationReport'
2025-04-01T15:16:25.449+05:30 TRACE 16888 --- [learn-spring-boot] [           main] o.s.b.f.s.DefaultListableBeanFactory     : Returning cached instance of singleton bean 'autoConfigurationReport'
2025-04-01T15:16:25.449+05:30 TRACE 16888 --- [learn-spring-boot] [           main] o.s.b.f.s.DefaultListableBeanFactory     : Returning cached instance of singleton bean 'autoConfigurationReport'
2025-04-01T15:16:25.451+05:30 TRACE 16888 --- [learn-spring-boot] [           main] o.s.b.a.condition.OnClassCondition       : Condition OnClassCondition on org.springframework.boot.autoconfigure.web.servlet.DispatcherServletAutoConfiguration$DispatcherServletConfiguration matched due to @ConditionalOnClass found required class 'jakarta.servlet.ServletRegistration'
2025-04-01T15:16:25.451+05:30 TRACE 16888 --- [learn-spring-boot] [           main] o.s.b.f.s.DefaultListableBeanFactory     : Returning cached instance of singleton bean 'autoConfigurationReport'
2025-04-01T15:16:25.451+05:30 TRACE 16888 --- [learn-spring-boot] [           main] ration$DefaultDispatcherServletCondition : Condition DispatcherServletAutoConfiguration.DefaultDispatcherServletCondition on org.springframework.boot.autoconfigure.web.servlet.DispatcherServletAutoConfiguration$DispatcherServletConfiguration matched due to Default DispatcherServlet did not find dispatcher servlet beans
2025-04-01T15:16:25.451+05:30 TRACE 16888 --- [learn-spring-boot] [           main] o.s.b.f.s.DefaultListableBeanFactory     : Returning cached instance of singleton bean 'autoConfigurationReport'
2025-04-01T15:16:25.451+05:30 TRACE 16888 --- [learn-spring-boot] [           main] o.s.b.f.s.DefaultListableBeanFactory     : Returning cached instance of singleton bean 'autoConfigurationReport'
2025-04-01T15:16:25.451+05:30 TRACE 16888 --- [learn-spring-boot] [           main] o.s.b.f.s.DefaultListableBeanFactory     : Returning cached instance of singleton bean 'autoConfigurationReport'
2025-04-01T15:16:25.451+05:30 TRACE 16888 --- [learn-spring-boot] [           main] o.s.b.f.s.DefaultListableBeanFactory     : Returning cached instance of singleton bean 'autoConfigurationReport'
2025-04-01T15:16:25.452+05:30 TRACE 16888 --- [learn-spring-boot] [           main] o.s.b.a.condition.OnClassCondition       : Condition OnClassCondition on org.springframework.boot.autoconfigure.web.servlet.DispatcherServletAutoConfiguration$DispatcherServletConfiguration matched due to @ConditionalOnClass found required class 'jakarta.servlet.ServletRegistration'
2025-04-01T15:16:25.452+05:30 TRACE 16888 --- [learn-spring-boot] [           main] o.s.b.f.s.DefaultListableBeanFactory     : Returning cached instance of singleton bean 'autoConfigurationReport'
2025-04-01T15:16:25.452+05:30 TRACE 16888 --- [learn-spring-boot] [           main] ration$DefaultDispatcherServletCondition : Condition DispatcherServletAutoConfiguration.DefaultDispatcherServletCondition on org.springframework.boot.autoconfigure.web.servlet.DispatcherServletAutoConfiguration$DispatcherServletConfiguration matched due to Default DispatcherServlet did not find dispatcher servlet beans
2025-04-01T15:16:25.452+05:30 TRACE 16888 --- [learn-spring-boot] [           main] o.s.b.f.s.DefaultListableBeanFactory     : Returning cached instance of singleton bean 'autoConfigurationReport'
2025-04-01T15:16:25.452+05:30 TRACE 16888 --- [learn-spring-boot] [           main] o.s.b.f.s.DefaultListableBeanFactory     : Returning cached instance of singleton bean 'autoConfigurationReport'
2025-04-01T15:16:25.453+05:30 TRACE 16888 --- [learn-spring-boot] [           main] o.s.b.f.s.DefaultListableBeanFactory     : Returning cached instance of singleton bean 'autoConfigurationReport'
2025-04-01T15:16:25.453+05:30 TRACE 16888 --- [learn-spring-boot] [           main] o.s.b.f.s.DefaultListableBeanFactory     : Returning cached instance of singleton bean 'autoConfigurationReport'
2025-04-01T15:16:25.453+05:30 TRACE 16888 --- [learn-spring-boot] [           main] o.s.b.f.s.DefaultListableBeanFactory     : Returning cached instance of singleton bean 'autoConfigurationReport'
2025-04-01T15:16:25.453+05:30 TRACE 16888 --- [learn-spring-boot] [           main] o.s.b.f.s.DefaultListableBeanFactory     : Returning cached instance of singleton bean 'autoConfigurationReport'
2025-04-01T15:16:25.453+05:30 TRACE 16888 --- [learn-spring-boot] [           main] o.s.b.f.s.DefaultListableBeanFactory     : Returning cached instance of singleton bean 'autoConfigurationReport'
2025-04-01T15:16:25.454+05:30 TRACE 16888 --- [learn-spring-boot] [           main] o.s.b.a.condition.OnClassCondition       : Condition OnClassCondition on org.springframework.boot.autoconfigure.task.TaskExecutionAutoConfiguration matched due to @ConditionalOnClass found required class 'org.springframework.scheduling.concurrent.ThreadPoolTaskExecutor'
2025-04-01T15:16:25.454+05:30 TRACE 16888 --- [learn-spring-boot] [           main] o.s.b.f.s.DefaultListableBeanFactory     : Returning cached instance of singleton bean 'autoConfigurationReport'
2025-04-01T15:16:25.454+05:30 TRACE 16888 --- [learn-spring-boot] [           main] o.s.b.f.s.DefaultListableBeanFactory     : Returning cached instance of singleton bean 'autoConfigurationReport'
2025-04-01T15:16:25.454+05:30 TRACE 16888 --- [learn-spring-boot] [           main] o.s.b.f.s.DefaultListableBeanFactory     : Returning cached instance of singleton bean 'autoConfigurationReport'
2025-04-01T15:16:25.454+05:30 TRACE 16888 --- [learn-spring-boot] [           main] o.s.b.f.s.DefaultListableBeanFactory     : Returning cached instance of singleton bean 'autoConfigurationReport'
2025-04-01T15:16:25.459+05:30 TRACE 16888 --- [learn-spring-boot] [           main] o.s.b.f.s.DefaultListableBeanFactory     : Returning cached instance of singleton bean 'autoConfigurationReport'
2025-04-01T15:16:25.459+05:30 TRACE 16888 --- [learn-spring-boot] [           main] o.s.b.f.s.DefaultListableBeanFactory     : Returning cached instance of singleton bean 'autoConfigurationReport'
2025-04-01T15:16:25.459+05:30 TRACE 16888 --- [learn-spring-boot] [           main] o.s.b.f.s.DefaultListableBeanFactory     : Returning cached instance of singleton bean 'autoConfigurationReport'
2025-04-01T15:16:25.459+05:30 TRACE 16888 --- [learn-spring-boot] [           main] o.s.b.f.s.DefaultListableBeanFactory     : Returning cached instance of singleton bean 'autoConfigurationReport'
2025-04-01T15:16:25.459+05:30 TRACE 16888 --- [learn-spring-boot] [           main] o.s.b.f.s.DefaultListableBeanFactory     : Returning cached instance of singleton bean 'autoConfigurationReport'
2025-04-01T15:16:25.459+05:30 TRACE 16888 --- [learn-spring-boot] [           main] o.s.b.f.s.DefaultListableBeanFactory     : Returning cached instance of singleton bean 'autoConfigurationReport'
2025-04-01T15:16:25.459+05:30 TRACE 16888 --- [learn-spring-boot] [           main] o.s.b.f.s.DefaultListableBeanFactory     : Returning cached instance of singleton bean 'autoConfigurationReport'
2025-04-01T15:16:25.459+05:30 TRACE 16888 --- [learn-spring-boot] [           main] o.s.b.f.s.DefaultListableBeanFactory     : Returning cached instance of singleton bean 'autoConfigurationReport'
2025-04-01T15:16:25.459+05:30 TRACE 16888 --- [learn-spring-boot] [           main] o.s.b.f.s.DefaultListableBeanFactory     : Returning cached instance of singleton bean 'autoConfigurationReport'
2025-04-01T15:16:25.459+05:30 TRACE 16888 --- [learn-spring-boot] [           main] o.s.b.f.s.DefaultListableBeanFactory     : Returning cached instance of singleton bean 'autoConfigurationReport'
2025-04-01T15:16:25.459+05:30 TRACE 16888 --- [learn-spring-boot] [           main] o.s.b.f.s.DefaultListableBeanFactory     : Returning cached instance of singleton bean 'autoConfigurationReport'
2025-04-01T15:16:25.459+05:30 TRACE 16888 --- [learn-spring-boot] [           main] o.s.b.f.s.DefaultListableBeanFactory     : Returning cached instance of singleton bean 'autoConfigurationReport'
2025-04-01T15:16:25.460+05:30 TRACE 16888 --- [learn-spring-boot] [           main] o.s.b.f.s.DefaultListableBeanFactory     : Returning cached instance of singleton bean 'autoConfigurationReport'
2025-04-01T15:16:25.460+05:30 TRACE 16888 --- [learn-spring-boot] [           main] o.s.b.f.s.DefaultListableBeanFactory     : Returning cached instance of singleton bean 'autoConfigurationReport'
2025-04-01T15:16:25.460+05:30 TRACE 16888 --- [learn-spring-boot] [           main] o.s.b.f.s.DefaultListableBeanFactory     : Returning cached instance of singleton bean 'autoConfigurationReport'
2025-04-01T15:16:25.460+05:30 TRACE 16888 --- [learn-spring-boot] [           main] o.s.b.a.condition.OnClassCondition       : Condition OnClassCondition on org.springframework.boot.autoconfigure.web.servlet.error.ErrorMvcAutoConfiguration matched due to @ConditionalOnClass found required classes 'jakarta.servlet.Servlet', 'org.springframework.web.servlet.DispatcherServlet'
2025-04-01T15:16:25.460+05:30 TRACE 16888 --- [learn-spring-boot] [           main] o.s.b.f.s.DefaultListableBeanFactory     : Returning cached instance of singleton bean 'autoConfigurationReport'
2025-04-01T15:16:25.461+05:30 TRACE 16888 --- [learn-spring-boot] [           main] o.s.b.a.c.OnWebApplicationCondition      : Condition OnWebApplicationCondition on org.springframework.boot.autoconfigure.web.servlet.error.ErrorMvcAutoConfiguration matched due to found 'session' scope
2025-04-01T15:16:25.461+05:30 TRACE 16888 --- [learn-spring-boot] [           main] o.s.b.f.s.DefaultListableBeanFactory     : Returning cached instance of singleton bean 'autoConfigurationReport'
2025-04-01T15:16:25.461+05:30 TRACE 16888 --- [learn-spring-boot] [           main] o.s.b.f.s.DefaultListableBeanFactory     : Returning cached instance of singleton bean 'autoConfigurationReport'
2025-04-01T15:16:25.461+05:30 TRACE 16888 --- [learn-spring-boot] [           main] o.s.b.f.s.DefaultListableBeanFactory     : Returning cached instance of singleton bean 'autoConfigurationReport'
2025-04-01T15:16:25.461+05:30 TRACE 16888 --- [learn-spring-boot] [           main] o.s.b.f.s.DefaultListableBeanFactory     : Returning cached instance of singleton bean 'autoConfigurationReport'
2025-04-01T15:16:25.470+05:30 TRACE 16888 --- [learn-spring-boot] [           main] o.s.b.a.condition.OnPropertyCondition    : Condition OnPropertyCondition on org.springframework.boot.autoconfigure.web.servlet.error.ErrorMvcAutoConfiguration$WhitelabelErrorViewConfiguration matched due to @ConditionalOnProperty (server.error.whitelabel.enabled) matched
2025-04-01T15:16:25.471+05:30 TRACE 16888 --- [learn-spring-boot] [           main] o.s.b.f.s.DefaultListableBeanFactory     : Returning cached instance of singleton bean 'autoConfigurationReport'
2025-04-01T15:16:25.473+05:30 TRACE 16888 --- [learn-spring-boot] [           main] o.s.c.io.support.SpringFactoriesLoader   : Loaded [org.springframework.boot.autoconfigure.template.TemplateAvailabilityProvider] names: [org.springframework.boot.autoconfigure.freemarker.FreeMarkerTemplateAvailabilityProvider, org.springframework.boot.autoconfigure.groovy.template.GroovyTemplateAvailabilityProvider, org.springframework.boot.autoconfigure.mustache.MustacheTemplateAvailabilityProvider, org.springframework.boot.autoconfigure.thymeleaf.ThymeleafTemplateAvailabilityProvider, org.springframework.boot.autoconfigure.web.servlet.JspTemplateAvailabilityProvider]
2025-04-01T15:16:25.477+05:30 TRACE 16888 --- [learn-spring-boot] [           main] figuration$ErrorTemplateMissingCondition : Condition ErrorMvcAutoConfiguration.ErrorTemplateMissingCondition on org.springframework.boot.autoconfigure.web.servlet.error.ErrorMvcAutoConfiguration$WhitelabelErrorViewConfiguration matched due to ErrorTemplate Missing did not find error template view
2025-04-01T15:16:25.478+05:30 TRACE 16888 --- [learn-spring-boot] [           main] o.s.b.f.s.DefaultListableBeanFactory     : Returning cached instance of singleton bean 'autoConfigurationReport'
2025-04-01T15:16:25.478+05:30 TRACE 16888 --- [learn-spring-boot] [           main] o.s.b.f.s.DefaultListableBeanFactory     : Returning cached instance of singleton bean 'autoConfigurationReport'
2025-04-01T15:16:25.478+05:30 TRACE 16888 --- [learn-spring-boot] [           main] o.s.b.f.s.DefaultListableBeanFactory     : Returning cached instance of singleton bean 'autoConfigurationReport'
2025-04-01T15:16:25.478+05:30 TRACE 16888 --- [learn-spring-boot] [           main] o.s.b.f.s.DefaultListableBeanFactory     : Returning cached instance of singleton bean 'autoConfigurationReport'
2025-04-01T15:16:25.479+05:30 TRACE 16888 --- [learn-spring-boot] [           main] o.s.b.f.s.DefaultListableBeanFactory     : Returning cached instance of singleton bean 'autoConfigurationReport'
2025-04-01T15:16:25.479+05:30 TRACE 16888 --- [learn-spring-boot] [           main] o.s.b.f.s.DefaultListableBeanFactory     : Returning cached instance of singleton bean 'autoConfigurationReport'
2025-04-01T15:16:25.480+05:30 TRACE 16888 --- [learn-spring-boot] [           main] o.s.b.f.s.DefaultListableBeanFactory     : Returning cached instance of singleton bean 'autoConfigurationReport'
2025-04-01T15:16:25.482+05:30 TRACE 16888 --- [learn-spring-boot] [           main] o.s.b.f.s.DefaultListableBeanFactory     : Returning cached instance of singleton bean 'autoConfigurationReport'
2025-04-01T15:16:25.482+05:30 TRACE 16888 --- [learn-spring-boot] [           main] o.s.b.f.s.DefaultListableBeanFactory     : Returning cached instance of singleton bean 'autoConfigurationReport'
2025-04-01T15:16:25.483+05:30 TRACE 16888 --- [learn-spring-boot] [           main] o.s.b.f.s.DefaultListableBeanFactory     : Returning cached instance of singleton bean 'autoConfigurationReport'
2025-04-01T15:16:25.483+05:30 TRACE 16888 --- [learn-spring-boot] [           main] o.s.b.f.s.DefaultListableBeanFactory     : Returning cached instance of singleton bean 'autoConfigurationReport'
2025-04-01T15:16:25.483+05:30 TRACE 16888 --- [learn-spring-boot] [           main] o.s.b.f.s.DefaultListableBeanFactory     : Returning cached instance of singleton bean 'autoConfigurationReport'
2025-04-01T15:16:25.483+05:30 TRACE 16888 --- [learn-spring-boot] [           main] o.s.b.f.s.DefaultListableBeanFactory     : Returning cached instance of singleton bean 'autoConfigurationReport'
2025-04-01T15:16:25.485+05:30 TRACE 16888 --- [learn-spring-boot] [           main] o.s.b.a.condition.OnClassCondition       : Condition OnClassCondition on org.springframework.boot.autoconfigure.web.servlet.WebMvcAutoConfiguration matched due to @ConditionalOnClass found required classes 'jakarta.servlet.Servlet', 'org.springframework.web.servlet.DispatcherServlet', 'org.springframework.web.servlet.config.annotation.WebMvcConfigurer'
2025-04-01T15:16:25.485+05:30 TRACE 16888 --- [learn-spring-boot] [           main] o.s.b.f.s.DefaultListableBeanFactory     : Returning cached instance of singleton bean 'autoConfigurationReport'
2025-04-01T15:16:25.485+05:30 TRACE 16888 --- [learn-spring-boot] [           main] o.s.b.a.c.OnWebApplicationCondition      : Condition OnWebApplicationCondition on org.springframework.boot.autoconfigure.web.servlet.WebMvcAutoConfiguration matched due to found 'session' scope
2025-04-01T15:16:25.485+05:30 TRACE 16888 --- [learn-spring-boot] [           main] o.s.b.f.s.DefaultListableBeanFactory     : Returning cached instance of singleton bean 'autoConfigurationReport'
2025-04-01T15:16:25.485+05:30 TRACE 16888 --- [learn-spring-boot] [           main] o.s.b.f.s.DefaultListableBeanFactory     : Returning cached instance of singleton bean 'autoConfigurationReport'
2025-04-01T15:16:25.486+05:30 TRACE 16888 --- [learn-spring-boot] [           main] o.s.b.f.s.DefaultListableBeanFactory     : Returning cached instance of singleton bean 'autoConfigurationReport'
2025-04-01T15:16:25.486+05:30 TRACE 16888 --- [learn-spring-boot] [           main] o.s.b.f.s.DefaultListableBeanFactory     : Returning cached instance of singleton bean 'autoConfigurationReport'
2025-04-01T15:16:25.490+05:30 TRACE 16888 --- [learn-spring-boot] [           main] o.s.b.f.s.DefaultListableBeanFactory     : Returning cached instance of singleton bean 'autoConfigurationReport'
2025-04-01T15:16:25.490+05:30 TRACE 16888 --- [learn-spring-boot] [           main] o.s.b.f.s.DefaultListableBeanFactory     : Returning cached instance of singleton bean 'autoConfigurationReport'
2025-04-01T15:16:25.490+05:30 TRACE 16888 --- [learn-spring-boot] [           main] o.s.b.f.s.DefaultListableBeanFactory     : Returning cached instance of singleton bean 'autoConfigurationReport'
2025-04-01T15:16:25.493+05:30 TRACE 16888 --- [learn-spring-boot] [           main] o.s.b.f.s.DefaultListableBeanFactory     : Returning cached instance of singleton bean 'autoConfigurationReport'
2025-04-01T15:16:25.494+05:30 TRACE 16888 --- [learn-spring-boot] [           main] o.s.b.f.s.DefaultListableBeanFactory     : Returning cached instance of singleton bean 'autoConfigurationReport'
2025-04-01T15:16:25.494+05:30 TRACE 16888 --- [learn-spring-boot] [           main] o.s.b.f.s.DefaultListableBeanFactory     : Returning cached instance of singleton bean 'autoConfigurationReport'
2025-04-01T15:16:25.495+05:30 TRACE 16888 --- [learn-spring-boot] [           main] o.s.b.a.condition.OnPropertyCondition    : Condition OnPropertyCondition on org.springframework.boot.autoconfigure.web.servlet.WebMvcAutoConfiguration$ProblemDetailsErrorHandlingConfiguration did not match due to @ConditionalOnProperty (spring.mvc.problemdetails.enabled=true) did not find property 'enabled'
2025-04-01T15:16:25.495+05:30 TRACE 16888 --- [learn-spring-boot] [           main] o.s.b.f.s.DefaultListableBeanFactory     : Returning cached instance of singleton bean 'autoConfigurationReport'
2025-04-01T15:16:25.498+05:30 TRACE 16888 --- [learn-spring-boot] [           main] .s.b.a.w.OnEnabledResourceChainCondition : Condition OnEnabledResourceChainCondition on org.springframework.boot.autoconfigure.web.servlet.WebMvcAutoConfiguration$ResourceChainCustomizerConfiguration did not match due to @ConditionalOnEnabledResourceChain did not find class org.webjars.WebJarVersionLocator
2025-04-01T15:16:25.498+05:30 TRACE 16888 --- [learn-spring-boot] [           main] o.s.b.f.s.DefaultListableBeanFactory     : Returning cached instance of singleton bean 'autoConfigurationReport'
2025-04-01T15:16:25.499+05:30 TRACE 16888 --- [learn-spring-boot] [           main] o.s.b.f.s.DefaultListableBeanFactory     : Returning cached instance of singleton bean 'autoConfigurationReport'
2025-04-01T15:16:25.499+05:30 TRACE 16888 --- [learn-spring-boot] [           main] o.s.b.f.s.DefaultListableBeanFactory     : Returning cached instance of singleton bean 'autoConfigurationReport'
2025-04-01T15:16:25.499+05:30 TRACE 16888 --- [learn-spring-boot] [           main] o.s.b.f.s.DefaultListableBeanFactory     : Returning cached instance of singleton bean 'autoConfigurationReport'
2025-04-01T15:16:25.499+05:30 TRACE 16888 --- [learn-spring-boot] [           main] o.s.b.f.s.DefaultListableBeanFactory     : Returning cached instance of singleton bean 'autoConfigurationReport'
2025-04-01T15:16:25.499+05:30 TRACE 16888 --- [learn-spring-boot] [           main] o.s.b.f.s.DefaultListableBeanFactory     : Returning cached instance of singleton bean 'autoConfigurationReport'
2025-04-01T15:16:25.499+05:30 TRACE 16888 --- [learn-spring-boot] [           main] o.s.b.f.s.DefaultListableBeanFactory     : Returning cached instance of singleton bean 'autoConfigurationReport'
2025-04-01T15:16:25.500+05:30 TRACE 16888 --- [learn-spring-boot] [           main] o.s.b.a.condition.OnPropertyCondition    : Condition OnPropertyCondition on org.springframework.boot.actuate.autoconfigure.audit.AuditAutoConfiguration matched due to @ConditionalOnProperty (management.auditevents.enabled) matched
2025-04-01T15:16:25.500+05:30 TRACE 16888 --- [learn-spring-boot] [           main] o.s.b.f.s.DefaultListableBeanFactory     : Returning cached instance of singleton bean 'autoConfigurationReport'
2025-04-01T15:16:25.501+05:30 TRACE 16888 --- [learn-spring-boot] [           main] o.s.b.f.s.DefaultListableBeanFactory     : Returning cached instance of singleton bean 'autoConfigurationReport'
2025-04-01T15:16:25.501+05:30 TRACE 16888 --- [learn-spring-boot] [           main] o.s.b.f.s.DefaultListableBeanFactory     : Returning cached instance of singleton bean 'autoConfigurationReport'
2025-04-01T15:16:25.501+05:30 TRACE 16888 --- [learn-spring-boot] [           main] o.s.b.f.s.DefaultListableBeanFactory     : Returning cached instance of singleton bean 'autoConfigurationReport'
2025-04-01T15:16:25.501+05:30 TRACE 16888 --- [learn-spring-boot] [           main] o.s.b.f.s.DefaultListableBeanFactory     : Returning cached instance of singleton bean 'autoConfigurationReport'
2025-04-01T15:16:25.501+05:30 TRACE 16888 --- [learn-spring-boot] [           main] o.s.b.f.s.DefaultListableBeanFactory     : Returning cached instance of singleton bean 'autoConfigurationReport'
2025-04-01T15:16:25.501+05:30 TRACE 16888 --- [learn-spring-boot] [           main] o.s.b.f.s.DefaultListableBeanFactory     : Returning cached instance of singleton bean 'autoConfigurationReport'
2025-04-01T15:16:25.501+05:30 TRACE 16888 --- [learn-spring-boot] [           main] o.s.b.f.s.DefaultListableBeanFactory     : Returning cached instance of singleton bean 'autoConfigurationReport'
2025-04-01T15:16:25.501+05:30 TRACE 16888 --- [learn-spring-boot] [           main] o.s.b.f.s.DefaultListableBeanFactory     : Returning cached instance of singleton bean 'autoConfigurationReport'
2025-04-01T15:16:25.501+05:30 TRACE 16888 --- [learn-spring-boot] [           main] o.s.b.f.s.DefaultListableBeanFactory     : Returning cached instance of singleton bean 'autoConfigurationReport'
2025-04-01T15:16:25.516+05:30 TRACE 16888 --- [learn-spring-boot] [           main] o.s.c.io.support.SpringFactoriesLoader   : Loaded [org.springframework.boot.actuate.autoconfigure.endpoint.condition.EndpointExposureOutcomeContributor] names: [org.springframework.boot.actuate.autoconfigure.cloudfoundry.CloudFoundryEndpointExposureOutcomeContributor]
2025-04-01T15:16:25.517+05:30 TRACE 16888 --- [learn-spring-boot] [           main] s.b.a.a.e.c.OnAvailableEndpointCondition : Condition OnAvailableEndpointCondition on org.springframework.boot.actuate.autoconfigure.audit.AuditEventsEndpointAutoConfiguration did not match due to @ConditionalOnAvailableEndpoint not exposed
2025-04-01T15:16:25.517+05:30 TRACE 16888 --- [learn-spring-boot] [           main] o.s.b.f.s.DefaultListableBeanFactory     : Returning cached instance of singleton bean 'autoConfigurationReport'
2025-04-01T15:16:25.517+05:30 TRACE 16888 --- [learn-spring-boot] [           main] o.s.b.f.s.DefaultListableBeanFactory     : Returning cached instance of singleton bean 'autoConfigurationReport'
2025-04-01T15:16:25.517+05:30 TRACE 16888 --- [learn-spring-boot] [           main] o.s.b.f.s.DefaultListableBeanFactory     : Returning cached instance of singleton bean 'autoConfigurationReport'
2025-04-01T15:16:25.517+05:30 TRACE 16888 --- [learn-spring-boot] [           main] o.s.b.f.s.DefaultListableBeanFactory     : Returning cached instance of singleton bean 'autoConfigurationReport'
2025-04-01T15:16:25.517+05:30 TRACE 16888 --- [learn-spring-boot] [           main] o.s.b.f.s.DefaultListableBeanFactory     : Returning cached instance of singleton bean 'autoConfigurationReport'
2025-04-01T15:16:25.517+05:30 TRACE 16888 --- [learn-spring-boot] [           main] o.s.b.f.s.DefaultListableBeanFactory     : Returning cached instance of singleton bean 'autoConfigurationReport'
2025-04-01T15:16:25.518+05:30 TRACE 16888 --- [learn-spring-boot] [           main] o.s.b.f.s.DefaultListableBeanFactory     : Returning cached instance of singleton bean 'autoConfigurationReport'
2025-04-01T15:16:25.518+05:30 TRACE 16888 --- [learn-spring-boot] [           main] o.s.b.f.s.DefaultListableBeanFactory     : Returning cached instance of singleton bean 'autoConfigurationReport'
2025-04-01T15:16:25.518+05:30 TRACE 16888 --- [learn-spring-boot] [           main] o.s.b.f.s.DefaultListableBeanFactory     : Returning cached instance of singleton bean 'autoConfigurationReport'
2025-04-01T15:16:25.518+05:30 TRACE 16888 --- [learn-spring-boot] [           main] o.s.b.f.s.DefaultListableBeanFactory     : Returning cached instance of singleton bean 'autoConfigurationReport'
2025-04-01T15:16:25.518+05:30 TRACE 16888 --- [learn-spring-boot] [           main] o.s.b.f.s.DefaultListableBeanFactory     : Returning cached instance of singleton bean 'autoConfigurationReport'
2025-04-01T15:16:25.518+05:30 TRACE 16888 --- [learn-spring-boot] [           main] o.s.b.f.s.DefaultListableBeanFactory     : Returning cached instance of singleton bean 'autoConfigurationReport'
2025-04-01T15:16:25.518+05:30 TRACE 16888 --- [learn-spring-boot] [           main] o.s.b.f.s.DefaultListableBeanFactory     : Returning cached instance of singleton bean 'autoConfigurationReport'
2025-04-01T15:16:25.518+05:30 TRACE 16888 --- [learn-spring-boot] [           main] o.s.b.f.s.DefaultListableBeanFactory     : Returning cached instance of singleton bean 'autoConfigurationReport'
2025-04-01T15:16:25.518+05:30 TRACE 16888 --- [learn-spring-boot] [           main] o.s.b.f.s.DefaultListableBeanFactory     : Returning cached instance of singleton bean 'autoConfigurationReport'
2025-04-01T15:16:25.518+05:30 TRACE 16888 --- [learn-spring-boot] [           main] o.s.b.f.s.DefaultListableBeanFactory     : Returning cached instance of singleton bean 'autoConfigurationReport'
2025-04-01T15:16:25.519+05:30 TRACE 16888 --- [learn-spring-boot] [           main] o.s.b.f.s.DefaultListableBeanFactory     : Returning cached instance of singleton bean 'autoConfigurationReport'
2025-04-01T15:16:25.519+05:30 TRACE 16888 --- [learn-spring-boot] [           main] o.s.b.f.s.DefaultListableBeanFactory     : Returning cached instance of singleton bean 'autoConfigurationReport'
2025-04-01T15:16:25.519+05:30 TRACE 16888 --- [learn-spring-boot] [           main] o.s.b.f.s.DefaultListableBeanFactory     : Returning cached instance of singleton bean 'autoConfigurationReport'
2025-04-01T15:16:25.519+05:30 TRACE 16888 --- [learn-spring-boot] [           main] o.s.b.f.s.DefaultListableBeanFactory     : Returning cached instance of singleton bean 'autoConfigurationReport'
2025-04-01T15:16:25.519+05:30 TRACE 16888 --- [learn-spring-boot] [           main] o.s.b.f.s.DefaultListableBeanFactory     : Returning cached instance of singleton bean 'autoConfigurationReport'
2025-04-01T15:16:25.519+05:30 TRACE 16888 --- [learn-spring-boot] [           main] o.s.b.f.s.DefaultListableBeanFactory     : Returning cached instance of singleton bean 'autoConfigurationReport'
2025-04-01T15:16:25.519+05:30 TRACE 16888 --- [learn-spring-boot] [           main] o.s.b.f.s.DefaultListableBeanFactory     : Returning cached instance of singleton bean 'autoConfigurationReport'
2025-04-01T15:16:25.519+05:30 TRACE 16888 --- [learn-spring-boot] [           main] o.s.b.f.s.DefaultListableBeanFactory     : Returning cached instance of singleton bean 'autoConfigurationReport'
2025-04-01T15:16:25.519+05:30 TRACE 16888 --- [learn-spring-boot] [           main] o.s.b.f.s.DefaultListableBeanFactory     : Returning cached instance of singleton bean 'autoConfigurationReport'
2025-04-01T15:16:25.521+05:30 TRACE 16888 --- [learn-spring-boot] [           main] yProbesAutoConfiguration$ProbesCondition : Condition AvailabilityProbesAutoConfiguration.ProbesCondition on org.springframework.boot.actuate.autoconfigure.availability.AvailabilityProbesAutoConfiguration did not match due to Probes availability not running on a supported cloud platform
2025-04-01T15:16:25.521+05:30 TRACE 16888 --- [learn-spring-boot] [           main] o.s.b.f.s.DefaultListableBeanFactory     : Returning cached instance of singleton bean 'autoConfigurationReport'
2025-04-01T15:16:25.521+05:30 TRACE 16888 --- [learn-spring-boot] [           main] o.s.b.f.s.DefaultListableBeanFactory     : Returning cached instance of singleton bean 'autoConfigurationReport'
2025-04-01T15:16:25.522+05:30 TRACE 16888 --- [learn-spring-boot] [           main] o.s.b.f.s.DefaultListableBeanFactory     : Returning cached instance of singleton bean 'autoConfigurationReport'
2025-04-01T15:16:25.522+05:30 TRACE 16888 --- [learn-spring-boot] [           main] o.s.b.f.s.DefaultListableBeanFactory     : Returning cached instance of singleton bean 'autoConfigurationReport'
2025-04-01T15:16:25.522+05:30 TRACE 16888 --- [learn-spring-boot] [           main] o.s.b.f.s.DefaultListableBeanFactory     : Returning cached instance of singleton bean 'autoConfigurationReport'
2025-04-01T15:16:25.522+05:30 TRACE 16888 --- [learn-spring-boot] [           main] o.s.b.f.s.DefaultListableBeanFactory     : Returning cached instance of singleton bean 'autoConfigurationReport'
2025-04-01T15:16:25.522+05:30 TRACE 16888 --- [learn-spring-boot] [           main] o.s.b.f.s.DefaultListableBeanFactory     : Returning cached instance of singleton bean 'autoConfigurationReport'
2025-04-01T15:16:25.523+05:30 TRACE 16888 --- [learn-spring-boot] [           main] s.b.a.a.e.c.OnAvailableEndpointCondition : Condition OnAvailableEndpointCondition on org.springframework.boot.actuate.autoconfigure.beans.BeansEndpointAutoConfiguration did not match due to @ConditionalOnAvailableEndpoint not exposed
2025-04-01T15:16:25.523+05:30 TRACE 16888 --- [learn-spring-boot] [           main] o.s.b.f.s.DefaultListableBeanFactory     : Returning cached instance of singleton bean 'autoConfigurationReport'
2025-04-01T15:16:25.523+05:30 TRACE 16888 --- [learn-spring-boot] [           main] o.s.b.f.s.DefaultListableBeanFactory     : Returning cached instance of singleton bean 'autoConfigurationReport'
2025-04-01T15:16:25.523+05:30 TRACE 16888 --- [learn-spring-boot] [           main] o.s.b.f.s.DefaultListableBeanFactory     : Returning cached instance of singleton bean 'autoConfigurationReport'
2025-04-01T15:16:25.523+05:30 TRACE 16888 --- [learn-spring-boot] [           main] o.s.b.f.s.DefaultListableBeanFactory     : Returning cached instance of singleton bean 'autoConfigurationReport'
2025-04-01T15:16:25.523+05:30 TRACE 16888 --- [learn-spring-boot] [           main] o.s.b.f.s.DefaultListableBeanFactory     : Returning cached instance of singleton bean 'autoConfigurationReport'
2025-04-01T15:16:25.523+05:30 TRACE 16888 --- [learn-spring-boot] [           main] o.s.b.f.s.DefaultListableBeanFactory     : Returning cached instance of singleton bean 'autoConfigurationReport'
2025-04-01T15:16:25.523+05:30 TRACE 16888 --- [learn-spring-boot] [           main] o.s.b.f.s.DefaultListableBeanFactory     : Returning cached instance of singleton bean 'autoConfigurationReport'
2025-04-01T15:16:25.524+05:30 TRACE 16888 --- [learn-spring-boot] [           main] o.s.b.a.condition.OnClassCondition       : Condition OnClassCondition on org.springframework.boot.autoconfigure.jackson.JacksonAutoConfiguration matched due to @ConditionalOnClass found required class 'com.fasterxml.jackson.databind.ObjectMapper'
2025-04-01T15:16:25.524+05:30 TRACE 16888 --- [learn-spring-boot] [           main] o.s.b.f.s.DefaultListableBeanFactory     : Returning cached instance of singleton bean 'autoConfigurationReport'
2025-04-01T15:16:25.524+05:30 TRACE 16888 --- [learn-spring-boot] [           main] o.s.b.f.s.DefaultListableBeanFactory     : Returning cached instance of singleton bean 'autoConfigurationReport'
2025-04-01T15:16:25.524+05:30 TRACE 16888 --- [learn-spring-boot] [           main] o.s.b.f.s.DefaultListableBeanFactory     : Returning cached instance of singleton bean 'autoConfigurationReport'
2025-04-01T15:16:25.524+05:30 TRACE 16888 --- [learn-spring-boot] [           main] o.s.b.f.s.DefaultListableBeanFactory     : Returning cached instance of singleton bean 'autoConfigurationReport'
2025-04-01T15:16:25.527+05:30 TRACE 16888 --- [learn-spring-boot] [           main] o.s.b.a.condition.OnClassCondition       : Condition OnClassCondition on org.springframework.boot.autoconfigure.jackson.JacksonAutoConfiguration$Jackson2ObjectMapperBuilderCustomizerConfiguration matched due to @ConditionalOnClass found required class 'org.springframework.http.converter.json.Jackson2ObjectMapperBuilder'
2025-04-01T15:16:25.527+05:30 TRACE 16888 --- [learn-spring-boot] [           main] o.s.b.f.s.DefaultListableBeanFactory     : Returning cached instance of singleton bean 'autoConfigurationReport'
2025-04-01T15:16:25.527+05:30 TRACE 16888 --- [learn-spring-boot] [           main] o.s.b.f.s.DefaultListableBeanFactory     : Returning cached instance of singleton bean 'autoConfigurationReport'
2025-04-01T15:16:25.528+05:30 TRACE 16888 --- [learn-spring-boot] [           main] o.s.b.f.s.DefaultListableBeanFactory     : Returning cached instance of singleton bean 'autoConfigurationReport'
2025-04-01T15:16:25.528+05:30 TRACE 16888 --- [learn-spring-boot] [           main] o.s.b.f.s.DefaultListableBeanFactory     : Returning cached instance of singleton bean 'autoConfigurationReport'
2025-04-01T15:16:25.529+05:30 TRACE 16888 --- [learn-spring-boot] [           main] o.s.b.a.condition.OnClassCondition       : Condition OnClassCondition on org.springframework.boot.autoconfigure.jackson.JacksonAutoConfiguration$JacksonObjectMapperBuilderConfiguration matched due to @ConditionalOnClass found required class 'org.springframework.http.converter.json.Jackson2ObjectMapperBuilder'
2025-04-01T15:16:25.529+05:30 TRACE 16888 --- [learn-spring-boot] [           main] o.s.b.f.s.DefaultListableBeanFactory     : Returning cached instance of singleton bean 'autoConfigurationReport'
2025-04-01T15:16:25.529+05:30 TRACE 16888 --- [learn-spring-boot] [           main] o.s.b.f.s.DefaultListableBeanFactory     : Returning cached instance of singleton bean 'autoConfigurationReport'
2025-04-01T15:16:25.529+05:30 TRACE 16888 --- [learn-spring-boot] [           main] o.s.b.f.s.DefaultListableBeanFactory     : Returning cached instance of singleton bean 'autoConfigurationReport'
2025-04-01T15:16:25.529+05:30 TRACE 16888 --- [learn-spring-boot] [           main] o.s.b.f.s.DefaultListableBeanFactory     : Returning cached instance of singleton bean 'autoConfigurationReport'
2025-04-01T15:16:25.529+05:30 TRACE 16888 --- [learn-spring-boot] [           main] o.s.b.a.condition.OnClassCondition       : Condition OnClassCondition on org.springframework.boot.autoconfigure.jackson.JacksonAutoConfiguration$ParameterNamesModuleConfiguration matched due to @ConditionalOnClass found required class 'com.fasterxml.jackson.module.paramnames.ParameterNamesModule'
2025-04-01T15:16:25.529+05:30 TRACE 16888 --- [learn-spring-boot] [           main] o.s.b.f.s.DefaultListableBeanFactory     : Returning cached instance of singleton bean 'autoConfigurationReport'
2025-04-01T15:16:25.529+05:30 TRACE 16888 --- [learn-spring-boot] [           main] o.s.b.f.s.DefaultListableBeanFactory     : Returning cached instance of singleton bean 'autoConfigurationReport'
2025-04-01T15:16:25.529+05:30 TRACE 16888 --- [learn-spring-boot] [           main] o.s.b.f.s.DefaultListableBeanFactory     : Returning cached instance of singleton bean 'autoConfigurationReport'
2025-04-01T15:16:25.529+05:30 TRACE 16888 --- [learn-spring-boot] [           main] o.s.b.f.s.DefaultListableBeanFactory     : Returning cached instance of singleton bean 'autoConfigurationReport'
2025-04-01T15:16:25.529+05:30 TRACE 16888 --- [learn-spring-boot] [           main] o.s.b.a.condition.OnClassCondition       : Condition OnClassCondition on org.springframework.boot.autoconfigure.jackson.JacksonAutoConfiguration$JacksonObjectMapperConfiguration matched due to @ConditionalOnClass found required class 'org.springframework.http.converter.json.Jackson2ObjectMapperBuilder'
2025-04-01T15:16:25.529+05:30 TRACE 16888 --- [learn-spring-boot] [           main] o.s.b.f.s.DefaultListableBeanFactory     : Returning cached instance of singleton bean 'autoConfigurationReport'
2025-04-01T15:16:25.529+05:30 TRACE 16888 --- [learn-spring-boot] [           main] o.s.b.f.s.DefaultListableBeanFactory     : Returning cached instance of singleton bean 'autoConfigurationReport'
2025-04-01T15:16:25.529+05:30 TRACE 16888 --- [learn-spring-boot] [           main] o.s.b.f.s.DefaultListableBeanFactory     : Returning cached instance of singleton bean 'autoConfigurationReport'
2025-04-01T15:16:25.529+05:30 TRACE 16888 --- [learn-spring-boot] [           main] o.s.b.f.s.DefaultListableBeanFactory     : Returning cached instance of singleton bean 'autoConfigurationReport'
2025-04-01T15:16:25.529+05:30 TRACE 16888 --- [learn-spring-boot] [           main] o.s.b.f.s.DefaultListableBeanFactory     : Returning cached instance of singleton bean 'autoConfigurationReport'
2025-04-01T15:16:25.530+05:30 TRACE 16888 --- [learn-spring-boot] [           main] o.s.b.f.s.DefaultListableBeanFactory     : Returning cached instance of singleton bean 'autoConfigurationReport'
2025-04-01T15:16:25.530+05:30 TRACE 16888 --- [learn-spring-boot] [           main] o.s.b.f.s.DefaultListableBeanFactory     : Returning cached instance of singleton bean 'autoConfigurationReport'
2025-04-01T15:16:25.530+05:30 TRACE 16888 --- [learn-spring-boot] [           main] o.s.b.f.s.DefaultListableBeanFactory     : Returning cached instance of singleton bean 'autoConfigurationReport'
2025-04-01T15:16:25.530+05:30 TRACE 16888 --- [learn-spring-boot] [           main] o.s.b.f.s.DefaultListableBeanFactory     : Returning cached instance of singleton bean 'autoConfigurationReport'
2025-04-01T15:16:25.530+05:30 TRACE 16888 --- [learn-spring-boot] [           main] o.s.b.f.s.DefaultListableBeanFactory     : Returning cached instance of singleton bean 'autoConfigurationReport'
2025-04-01T15:16:25.530+05:30 TRACE 16888 --- [learn-spring-boot] [           main] o.s.b.f.s.DefaultListableBeanFactory     : Returning cached instance of singleton bean 'autoConfigurationReport'
2025-04-01T15:16:25.530+05:30 TRACE 16888 --- [learn-spring-boot] [           main] o.s.b.f.s.DefaultListableBeanFactory     : Returning cached instance of singleton bean 'autoConfigurationReport'
2025-04-01T15:16:25.530+05:30 TRACE 16888 --- [learn-spring-boot] [           main] o.s.b.f.s.DefaultListableBeanFactory     : Returning cached instance of singleton bean 'autoConfigurationReport'
2025-04-01T15:16:25.531+05:30 TRACE 16888 --- [learn-spring-boot] [           main] o.s.b.a.condition.OnClassCondition       : Condition OnClassCondition on org.springframework.boot.autoconfigure.cache.CacheAutoConfiguration matched due to @ConditionalOnClass found required class 'org.springframework.cache.CacheManager'
2025-04-01T15:16:25.531+05:30 TRACE 16888 --- [learn-spring-boot] [           main] o.s.b.f.s.DefaultListableBeanFactory     : Returning cached instance of singleton bean 'autoConfigurationReport'
2025-04-01T15:16:25.532+05:30 TRACE 16888 --- [learn-spring-boot] [           main] o.s.b.f.s.DefaultListableBeanFactory     : Returning cached instance of singleton bean 'autoConfigurationReport'
2025-04-01T15:16:25.532+05:30 TRACE 16888 --- [learn-spring-boot] [           main] o.s.b.f.s.DefaultListableBeanFactory     : Returning cached instance of singleton bean 'autoConfigurationReport'
2025-04-01T15:16:25.532+05:30 TRACE 16888 --- [learn-spring-boot] [           main] o.s.b.f.s.DefaultListableBeanFactory     : Returning cached instance of singleton bean 'autoConfigurationReport'
2025-04-01T15:16:25.539+05:30 TRACE 16888 --- [learn-spring-boot] [           main] o.s.b.f.s.DefaultListableBeanFactory     : Returning cached instance of singleton bean 'autoConfigurationReport'
2025-04-01T15:16:25.539+05:30 TRACE 16888 --- [learn-spring-boot] [           main] o.s.b.f.s.DefaultListableBeanFactory     : Returning cached instance of singleton bean 'autoConfigurationReport'
2025-04-01T15:16:25.539+05:30 TRACE 16888 --- [learn-spring-boot] [           main] o.s.b.f.s.DefaultListableBeanFactory     : Returning cached instance of singleton bean 'autoConfigurationReport'
2025-04-01T15:16:25.540+05:30 TRACE 16888 --- [learn-spring-boot] [           main] o.s.b.f.s.DefaultListableBeanFactory     : Returning cached instance of singleton bean 'autoConfigurationReport'
2025-04-01T15:16:25.540+05:30 TRACE 16888 --- [learn-spring-boot] [           main] o.s.b.a.condition.OnClassCondition       : Condition OnClassCondition on org.springframework.boot.autoconfigure.cache.JCacheCacheConfiguration did not match due to @ConditionalOnClass did not find required class 'javax.cache.Caching'
2025-04-01T15:16:25.540+05:30 TRACE 16888 --- [learn-spring-boot] [           main] o.s.b.f.s.DefaultListableBeanFactory     : Returning cached instance of singleton bean 'autoConfigurationReport'
2025-04-01T15:16:25.540+05:30 TRACE 16888 --- [learn-spring-boot] [           main] o.s.b.f.s.DefaultListableBeanFactory     : Returning cached instance of singleton bean 'autoConfigurationReport'
2025-04-01T15:16:25.540+05:30 TRACE 16888 --- [learn-spring-boot] [           main] o.s.b.a.AutoConfigurationImportSelector  : Filtered 1 auto configuration class in 0 ms
2025-04-01T15:16:25.540+05:30 TRACE 16888 --- [learn-spring-boot] [           main] o.s.b.f.s.DefaultListableBeanFactory     : Returning cached instance of singleton bean 'autoConfigurationReport'
2025-04-01T15:16:25.541+05:30 TRACE 16888 --- [learn-spring-boot] [           main] o.s.b.a.condition.OnClassCondition       : Condition OnClassCondition on org.springframework.boot.autoconfigure.cache.HazelcastCacheConfiguration did not match due to @ConditionalOnClass did not find required class 'com.hazelcast.core.HazelcastInstance'
2025-04-01T15:16:25.541+05:30 TRACE 16888 --- [learn-spring-boot] [           main] o.s.b.f.s.DefaultListableBeanFactory     : Returning cached instance of singleton bean 'autoConfigurationReport'
2025-04-01T15:16:25.541+05:30 TRACE 16888 --- [learn-spring-boot] [           main] o.s.b.f.s.DefaultListableBeanFactory     : Returning cached instance of singleton bean 'autoConfigurationReport'
2025-04-01T15:16:25.541+05:30 TRACE 16888 --- [learn-spring-boot] [           main] o.s.b.a.AutoConfigurationImportSelector  : Filtered 1 auto configuration class in 0 ms
2025-04-01T15:16:25.541+05:30 TRACE 16888 --- [learn-spring-boot] [           main] o.s.b.f.s.DefaultListableBeanFactory     : Returning cached instance of singleton bean 'autoConfigurationReport'
2025-04-01T15:16:25.541+05:30 TRACE 16888 --- [learn-spring-boot] [           main] o.s.b.a.condition.OnClassCondition       : Condition OnClassCondition on org.springframework.boot.autoconfigure.cache.CouchbaseCacheConfiguration did not match due to @ConditionalOnClass did not find required class 'com.couchbase.client.java.Cluster'
2025-04-01T15:16:25.541+05:30 TRACE 16888 --- [learn-spring-boot] [           main] o.s.b.f.s.DefaultListableBeanFactory     : Returning cached instance of singleton bean 'autoConfigurationReport'
2025-04-01T15:16:25.541+05:30 TRACE 16888 --- [learn-spring-boot] [           main] o.s.b.f.s.DefaultListableBeanFactory     : Returning cached instance of singleton bean 'autoConfigurationReport'
2025-04-01T15:16:25.541+05:30 TRACE 16888 --- [learn-spring-boot] [           main] o.s.b.a.AutoConfigurationImportSelector  : Filtered 1 auto configuration class in 0 ms
2025-04-01T15:16:25.541+05:30 TRACE 16888 --- [learn-spring-boot] [           main] o.s.b.f.s.DefaultListableBeanFactory     : Returning cached instance of singleton bean 'autoConfigurationReport'
2025-04-01T15:16:25.541+05:30 TRACE 16888 --- [learn-spring-boot] [           main] o.s.b.a.condition.OnClassCondition       : Condition OnClassCondition on org.springframework.boot.autoconfigure.cache.InfinispanCacheConfiguration did not match due to @ConditionalOnClass did not find required class 'org.infinispan.spring.embedded.provider.SpringEmbeddedCacheManager'
2025-04-01T15:16:25.541+05:30 TRACE 16888 --- [learn-spring-boot] [           main] o.s.b.f.s.DefaultListableBeanFactory     : Returning cached instance of singleton bean 'autoConfigurationReport'
2025-04-01T15:16:25.541+05:30 TRACE 16888 --- [learn-spring-boot] [           main] o.s.b.f.s.DefaultListableBeanFactory     : Returning cached instance of singleton bean 'autoConfigurationReport'
2025-04-01T15:16:25.541+05:30 TRACE 16888 --- [learn-spring-boot] [           main] o.s.b.a.AutoConfigurationImportSelector  : Filtered 1 auto configuration class in 0 ms
2025-04-01T15:16:25.541+05:30 TRACE 16888 --- [learn-spring-boot] [           main] o.s.b.f.s.DefaultListableBeanFactory     : Returning cached instance of singleton bean 'autoConfigurationReport'
2025-04-01T15:16:25.542+05:30 TRACE 16888 --- [learn-spring-boot] [           main] o.s.b.a.condition.OnClassCondition       : Condition OnClassCondition on org.springframework.boot.autoconfigure.cache.RedisCacheConfiguration did not match due to @ConditionalOnClass did not find required class 'org.springframework.data.redis.connection.RedisConnectionFactory'
2025-04-01T15:16:25.542+05:30 TRACE 16888 --- [learn-spring-boot] [           main] o.s.b.f.s.DefaultListableBeanFactory     : Returning cached instance of singleton bean 'autoConfigurationReport'
2025-04-01T15:16:25.542+05:30 TRACE 16888 --- [learn-spring-boot] [           main] o.s.b.f.s.DefaultListableBeanFactory     : Returning cached instance of singleton bean 'autoConfigurationReport'
2025-04-01T15:16:25.542+05:30 TRACE 16888 --- [learn-spring-boot] [           main] o.s.b.a.AutoConfigurationImportSelector  : Filtered 1 auto configuration class in 0 ms
2025-04-01T15:16:25.542+05:30 TRACE 16888 --- [learn-spring-boot] [           main] o.s.b.f.s.DefaultListableBeanFactory     : Returning cached instance of singleton bean 'autoConfigurationReport'
2025-04-01T15:16:25.542+05:30 TRACE 16888 --- [learn-spring-boot] [           main] o.s.b.a.condition.OnClassCondition       : Condition OnClassCondition on org.springframework.boot.autoconfigure.cache.Cache2kCacheConfiguration did not match due to @ConditionalOnClass did not find required class 'org.cache2k.Cache2kBuilder'
2025-04-01T15:16:25.542+05:30 TRACE 16888 --- [learn-spring-boot] [           main] o.s.b.f.s.DefaultListableBeanFactory     : Returning cached instance of singleton bean 'autoConfigurationReport'
2025-04-01T15:16:25.542+05:30 TRACE 16888 --- [learn-spring-boot] [           main] o.s.b.f.s.DefaultListableBeanFactory     : Returning cached instance of singleton bean 'autoConfigurationReport'
2025-04-01T15:16:25.542+05:30 TRACE 16888 --- [learn-spring-boot] [           main] o.s.b.a.AutoConfigurationImportSelector  : Filtered 1 auto configuration class in 0 ms
2025-04-01T15:16:25.542+05:30 TRACE 16888 --- [learn-spring-boot] [           main] o.s.b.f.s.DefaultListableBeanFactory     : Returning cached instance of singleton bean 'autoConfigurationReport'
2025-04-01T15:16:25.542+05:30 TRACE 16888 --- [learn-spring-boot] [           main] o.s.b.a.condition.OnClassCondition       : Condition OnClassCondition on org.springframework.boot.autoconfigure.cache.CaffeineCacheConfiguration did not match due to @ConditionalOnClass did not find required class 'com.github.benmanes.caffeine.cache.Caffeine'
2025-04-01T15:16:25.542+05:30 TRACE 16888 --- [learn-spring-boot] [           main] o.s.b.f.s.DefaultListableBeanFactory     : Returning cached instance of singleton bean 'autoConfigurationReport'
2025-04-01T15:16:25.542+05:30 TRACE 16888 --- [learn-spring-boot] [           main] o.s.b.f.s.DefaultListableBeanFactory     : Returning cached instance of singleton bean 'autoConfigurationReport'
2025-04-01T15:16:25.542+05:30 TRACE 16888 --- [learn-spring-boot] [           main] o.s.b.a.AutoConfigurationImportSelector  : Filtered 1 auto configuration class in 0 ms
2025-04-01T15:16:25.542+05:30 TRACE 16888 --- [learn-spring-boot] [           main] o.s.b.f.s.DefaultListableBeanFactory     : Returning cached instance of singleton bean 'autoConfigurationReport'
2025-04-01T15:16:25.542+05:30 TRACE 16888 --- [learn-spring-boot] [           main] o.s.b.f.s.DefaultListableBeanFactory     : Returning cached instance of singleton bean 'autoConfigurationReport'
2025-04-01T15:16:25.542+05:30 TRACE 16888 --- [learn-spring-boot] [           main] o.s.b.f.s.DefaultListableBeanFactory     : Returning cached instance of singleton bean 'autoConfigurationReport'
2025-04-01T15:16:25.543+05:30 TRACE 16888 --- [learn-spring-boot] [           main] o.s.b.f.s.DefaultListableBeanFactory     : Returning cached instance of singleton bean 'autoConfigurationReport'
2025-04-01T15:16:25.543+05:30 TRACE 16888 --- [learn-spring-boot] [           main] o.s.b.f.s.DefaultListableBeanFactory     : Returning cached instance of singleton bean 'autoConfigurationReport'
2025-04-01T15:16:25.543+05:30 TRACE 16888 --- [learn-spring-boot] [           main] o.s.b.f.s.DefaultListableBeanFactory     : Returning cached instance of singleton bean 'autoConfigurationReport'
2025-04-01T15:16:25.544+05:30 TRACE 16888 --- [learn-spring-boot] [           main] o.s.b.a.cache.CacheCondition             : Condition CacheCondition on org.springframework.boot.autoconfigure.cache.GenericCacheConfiguration matched due to Cache org.springframework.boot.autoconfigure.cache.GenericCacheConfiguration automatic cache type
2025-04-01T15:16:25.544+05:30 TRACE 16888 --- [learn-spring-boot] [           main] o.s.b.f.s.DefaultListableBeanFactory     : Returning cached instance of singleton bean 'autoConfigurationReport'
2025-04-01T15:16:25.544+05:30 TRACE 16888 --- [learn-spring-boot] [           main] o.s.b.f.s.DefaultListableBeanFactory     : Returning cached instance of singleton bean 'autoConfigurationReport'
2025-04-01T15:16:25.544+05:30 TRACE 16888 --- [learn-spring-boot] [           main] o.s.b.f.s.DefaultListableBeanFactory     : Returning cached instance of singleton bean 'autoConfigurationReport'
2025-04-01T15:16:25.545+05:30 TRACE 16888 --- [learn-spring-boot] [           main] o.s.b.f.s.DefaultListableBeanFactory     : Returning cached instance of singleton bean 'autoConfigurationReport'
2025-04-01T15:16:25.545+05:30 TRACE 16888 --- [learn-spring-boot] [           main] o.s.b.a.cache.CacheCondition             : Condition CacheCondition on org.springframework.boot.autoconfigure.cache.SimpleCacheConfiguration matched due to Cache org.springframework.boot.autoconfigure.cache.SimpleCacheConfiguration automatic cache type
2025-04-01T15:16:25.545+05:30 TRACE 16888 --- [learn-spring-boot] [           main] o.s.b.f.s.DefaultListableBeanFactory     : Returning cached instance of singleton bean 'autoConfigurationReport'
2025-04-01T15:16:25.545+05:30 TRACE 16888 --- [learn-spring-boot] [           main] o.s.b.f.s.DefaultListableBeanFactory     : Returning cached instance of singleton bean 'autoConfigurationReport'
2025-04-01T15:16:25.545+05:30 TRACE 16888 --- [learn-spring-boot] [           main] o.s.b.f.s.DefaultListableBeanFactory     : Returning cached instance of singleton bean 'autoConfigurationReport'
2025-04-01T15:16:25.545+05:30 TRACE 16888 --- [learn-spring-boot] [           main] o.s.b.f.s.DefaultListableBeanFactory     : Returning cached instance of singleton bean 'autoConfigurationReport'
2025-04-01T15:16:25.546+05:30 TRACE 16888 --- [learn-spring-boot] [           main] o.s.b.a.cache.CacheCondition             : Condition CacheCondition on org.springframework.boot.autoconfigure.cache.NoOpCacheConfiguration matched due to Cache org.springframework.boot.autoconfigure.cache.NoOpCacheConfiguration automatic cache type
2025-04-01T15:16:25.546+05:30 TRACE 16888 --- [learn-spring-boot] [           main] o.s.b.f.s.DefaultListableBeanFactory     : Returning cached instance of singleton bean 'autoConfigurationReport'
2025-04-01T15:16:25.546+05:30 TRACE 16888 --- [learn-spring-boot] [           main] o.s.b.f.s.DefaultListableBeanFactory     : Returning cached instance of singleton bean 'autoConfigurationReport'
2025-04-01T15:16:25.546+05:30 TRACE 16888 --- [learn-spring-boot] [           main] o.s.b.f.s.DefaultListableBeanFactory     : Returning cached instance of singleton bean 'autoConfigurationReport'
2025-04-01T15:16:25.546+05:30 TRACE 16888 --- [learn-spring-boot] [           main] o.s.b.f.s.DefaultListableBeanFactory     : Returning cached instance of singleton bean 'autoConfigurationReport'
2025-04-01T15:16:25.547+05:30 TRACE 16888 --- [learn-spring-boot] [           main] o.s.b.a.condition.OnClassCondition       : Condition OnClassCondition on org.springframework.boot.autoconfigure.cache.CacheAutoConfiguration$CacheManagerEntityManagerFactoryDependsOnPostProcessor did not match due to @ConditionalOnClass did not find required class 'org.springframework.orm.jpa.LocalContainerEntityManagerFactoryBean'
2025-04-01T15:16:25.548+05:30 TRACE 16888 --- [learn-spring-boot] [           main] o.s.b.f.s.DefaultListableBeanFactory     : Returning cached instance of singleton bean 'autoConfigurationReport'
2025-04-01T15:16:25.548+05:30 TRACE 16888 --- [learn-spring-boot] [           main] o.s.b.f.s.DefaultListableBeanFactory     : Returning cached instance of singleton bean 'autoConfigurationReport'
2025-04-01T15:16:25.548+05:30 TRACE 16888 --- [learn-spring-boot] [           main] o.s.b.f.s.DefaultListableBeanFactory     : Returning cached instance of singleton bean 'autoConfigurationReport'
2025-04-01T15:16:25.548+05:30 TRACE 16888 --- [learn-spring-boot] [           main] o.s.b.f.s.DefaultListableBeanFactory     : Returning cached instance of singleton bean 'autoConfigurationReport'
2025-04-01T15:16:25.548+05:30 TRACE 16888 --- [learn-spring-boot] [           main] o.s.b.f.s.DefaultListableBeanFactory     : Returning cached instance of singleton bean 'autoConfigurationReport'
2025-04-01T15:16:25.548+05:30 TRACE 16888 --- [learn-spring-boot] [           main] o.s.b.f.s.DefaultListableBeanFactory     : Returning cached instance of singleton bean 'autoConfigurationReport'
2025-04-01T15:16:25.548+05:30 TRACE 16888 --- [learn-spring-boot] [           main] o.s.b.f.s.DefaultListableBeanFactory     : Returning cached instance of singleton bean 'autoConfigurationReport'
2025-04-01T15:16:25.549+05:30 TRACE 16888 --- [learn-spring-boot] [           main] o.s.b.a.condition.OnClassCondition       : Condition OnClassCondition on org.springframework.boot.actuate.autoconfigure.cache.CachesEndpointAutoConfiguration matched due to @ConditionalOnClass found required class 'org.springframework.cache.CacheManager'
2025-04-01T15:16:25.549+05:30 TRACE 16888 --- [learn-spring-boot] [           main] o.s.b.f.s.DefaultListableBeanFactory     : Returning cached instance of singleton bean 'autoConfigurationReport'
2025-04-01T15:16:25.551+05:30 TRACE 16888 --- [learn-spring-boot] [           main] s.b.a.a.e.c.OnAvailableEndpointCondition : Condition OnAvailableEndpointCondition on org.springframework.boot.actuate.autoconfigure.cache.CachesEndpointAutoConfiguration did not match due to @ConditionalOnAvailableEndpoint not exposed
2025-04-01T15:16:25.551+05:30 TRACE 16888 --- [learn-spring-boot] [           main] o.s.b.f.s.DefaultListableBeanFactory     : Returning cached instance of singleton bean 'autoConfigurationReport'
2025-04-01T15:16:25.551+05:30 TRACE 16888 --- [learn-spring-boot] [           main] o.s.b.f.s.DefaultListableBeanFactory     : Returning cached instance of singleton bean 'autoConfigurationReport'
2025-04-01T15:16:25.551+05:30 TRACE 16888 --- [learn-spring-boot] [           main] o.s.b.f.s.DefaultListableBeanFactory     : Returning cached instance of singleton bean 'autoConfigurationReport'
2025-04-01T15:16:25.551+05:30 TRACE 16888 --- [learn-spring-boot] [           main] o.s.b.f.s.DefaultListableBeanFactory     : Returning cached instance of singleton bean 'autoConfigurationReport'
2025-04-01T15:16:25.551+05:30 TRACE 16888 --- [learn-spring-boot] [           main] o.s.b.f.s.DefaultListableBeanFactory     : Returning cached instance of singleton bean 'autoConfigurationReport'
2025-04-01T15:16:25.551+05:30 TRACE 16888 --- [learn-spring-boot] [           main] o.s.b.f.s.DefaultListableBeanFactory     : Returning cached instance of singleton bean 'autoConfigurationReport'
2025-04-01T15:16:25.551+05:30 TRACE 16888 --- [learn-spring-boot] [           main] o.s.b.f.s.DefaultListableBeanFactory     : Returning cached instance of singleton bean 'autoConfigurationReport'
2025-04-01T15:16:25.553+05:30 TRACE 16888 --- [learn-spring-boot] [           main] s.b.a.a.e.c.OnAvailableEndpointCondition : Condition OnAvailableEndpointCondition on org.springframework.boot.actuate.autoconfigure.health.HealthEndpointAutoConfiguration matched due to @ConditionalOnAvailableEndpoint marked as exposed by a 'management.endpoints.web.exposure' property
2025-04-01T15:16:25.553+05:30 TRACE 16888 --- [learn-spring-boot] [           main] o.s.b.f.s.DefaultListableBeanFactory     : Returning cached instance of singleton bean 'autoConfigurationReport'
2025-04-01T15:16:25.553+05:30 TRACE 16888 --- [learn-spring-boot] [           main] o.s.b.f.s.DefaultListableBeanFactory     : Returning cached instance of singleton bean 'autoConfigurationReport'
2025-04-01T15:16:25.553+05:30 TRACE 16888 --- [learn-spring-boot] [           main] o.s.b.f.s.DefaultListableBeanFactory     : Returning cached instance of singleton bean 'autoConfigurationReport'
2025-04-01T15:16:25.553+05:30 TRACE 16888 --- [learn-spring-boot] [           main] o.s.b.f.s.DefaultListableBeanFactory     : Returning cached instance of singleton bean 'autoConfigurationReport'
2025-04-01T15:16:25.556+05:30 TRACE 16888 --- [learn-spring-boot] [           main] o.s.b.f.s.DefaultListableBeanFactory     : Returning cached instance of singleton bean 'autoConfigurationReport'
2025-04-01T15:16:25.556+05:30 TRACE 16888 --- [learn-spring-boot] [           main] o.s.b.f.s.DefaultListableBeanFactory     : Returning cached instance of singleton bean 'autoConfigurationReport'
2025-04-01T15:16:25.556+05:30 TRACE 16888 --- [learn-spring-boot] [           main] o.s.b.f.s.DefaultListableBeanFactory     : Returning cached instance of singleton bean 'autoConfigurationReport'
2025-04-01T15:16:25.557+05:30 TRACE 16888 --- [learn-spring-boot] [           main] o.s.b.a.condition.OnClassCondition       : Condition OnClassCondition on org.springframework.boot.actuate.autoconfigure.health.ReactiveHealthEndpointConfiguration did not match due to @ConditionalOnClass did not find required class 'reactor.core.publisher.Flux'
2025-04-01T15:16:25.557+05:30 TRACE 16888 --- [learn-spring-boot] [           main] o.s.b.f.s.DefaultListableBeanFactory     : Returning cached instance of singleton bean 'autoConfigurationReport'
2025-04-01T15:16:25.558+05:30 TRACE 16888 --- [learn-spring-boot] [           main] o.s.b.a.c.OnWebApplicationCondition      : Condition OnWebApplicationCondition on org.springframework.boot.actuate.autoconfigure.health.HealthEndpointWebExtensionConfiguration matched due to found 'session' scope
2025-04-01T15:16:25.558+05:30 TRACE 16888 --- [learn-spring-boot] [           main] o.s.b.f.s.DefaultListableBeanFactory     : Returning cached instance of singleton bean 'autoConfigurationReport'
2025-04-01T15:16:25.558+05:30 TRACE 16888 --- [learn-spring-boot] [           main] s.b.a.a.e.c.OnAvailableEndpointCondition : Condition OnAvailableEndpointCondition on org.springframework.boot.actuate.autoconfigure.health.HealthEndpointWebExtensionConfiguration matched due to @ConditionalOnAvailableEndpoint marked as exposed by a 'management.endpoints.web.exposure' property
2025-04-01T15:16:25.558+05:30 TRACE 16888 --- [learn-spring-boot] [           main] o.s.b.f.s.DefaultListableBeanFactory     : Returning cached instance of singleton bean 'autoConfigurationReport'
2025-04-01T15:16:25.558+05:30 TRACE 16888 --- [learn-spring-boot] [           main] o.s.b.f.s.DefaultListableBeanFactory     : Returning cached instance of singleton bean 'autoConfigurationReport'
2025-04-01T15:16:25.558+05:30 TRACE 16888 --- [learn-spring-boot] [           main] o.s.b.f.s.DefaultListableBeanFactory     : Returning cached instance of singleton bean 'autoConfigurationReport'
2025-04-01T15:16:25.558+05:30 TRACE 16888 --- [learn-spring-boot] [           main] o.s.b.f.s.DefaultListableBeanFactory     : Returning cached instance of singleton bean 'autoConfigurationReport'
2025-04-01T15:16:25.560+05:30 TRACE 16888 --- [learn-spring-boot] [           main] o.s.b.a.condition.OnClassCondition       : Condition OnClassCondition on org.springframework.boot.actuate.autoconfigure.health.HealthEndpointWebExtensionConfiguration$JerseyAdditionalHealthEndpointPathsConfiguration did not match due to @ConditionalOnClass did not find required class 'org.glassfish.jersey.server.ResourceConfig'
2025-04-01T15:16:25.560+05:30 TRACE 16888 --- [learn-spring-boot] [           main] o.s.b.f.s.DefaultListableBeanFactory     : Returning cached instance of singleton bean 'autoConfigurationReport'
2025-04-01T15:16:25.560+05:30 TRACE 16888 --- [learn-spring-boot] [           main] o.s.b.f.s.DefaultListableBeanFactory     : Returning cached instance of singleton bean 'autoConfigurationReport'
2025-04-01T15:16:25.560+05:30 TRACE 16888 --- [learn-spring-boot] [           main] o.s.b.f.s.DefaultListableBeanFactory     : Returning cached instance of singleton bean 'autoConfigurationReport'
2025-04-01T15:16:25.560+05:30 TRACE 16888 --- [learn-spring-boot] [           main] o.s.b.f.s.DefaultListableBeanFactory     : Returning cached instance of singleton bean 'autoConfigurationReport'
2025-04-01T15:16:25.560+05:30 TRACE 16888 --- [learn-spring-boot] [           main] o.s.b.a.c.OnWebApplicationCondition      : Condition OnWebApplicationCondition on org.springframework.boot.actuate.autoconfigure.health.HealthEndpointReactiveWebExtensionConfiguration did not match due to did not find reactive web application classes
2025-04-01T15:16:25.561+05:30 TRACE 16888 --- [learn-spring-boot] [           main] o.s.b.f.s.DefaultListableBeanFactory     : Returning cached instance of singleton bean 'autoConfigurationReport'
2025-04-01T15:16:25.561+05:30 TRACE 16888 --- [learn-spring-boot] [           main] o.s.b.f.s.DefaultListableBeanFactory     : Returning cached instance of singleton bean 'autoConfigurationReport'
2025-04-01T15:16:25.561+05:30 TRACE 16888 --- [learn-spring-boot] [           main] o.s.b.f.s.DefaultListableBeanFactory     : Returning cached instance of singleton bean 'autoConfigurationReport'
2025-04-01T15:16:25.561+05:30 TRACE 16888 --- [learn-spring-boot] [           main] o.s.b.f.s.DefaultListableBeanFactory     : Returning cached instance of singleton bean 'autoConfigurationReport'
2025-04-01T15:16:25.561+05:30 TRACE 16888 --- [learn-spring-boot] [           main] o.s.b.f.s.DefaultListableBeanFactory     : Returning cached instance of singleton bean 'autoConfigurationReport'
2025-04-01T15:16:25.561+05:30 TRACE 16888 --- [learn-spring-boot] [           main] o.s.b.f.s.DefaultListableBeanFactory     : Returning cached instance of singleton bean 'autoConfigurationReport'
2025-04-01T15:16:25.561+05:30 TRACE 16888 --- [learn-spring-boot] [           main] o.s.b.f.s.DefaultListableBeanFactory     : Returning cached instance of singleton bean 'autoConfigurationReport'
2025-04-01T15:16:25.564+05:30 TRACE 16888 --- [learn-spring-boot] [           main] o.s.b.f.s.DefaultListableBeanFactory     : Returning cached instance of singleton bean 'autoConfigurationReport'
2025-04-01T15:16:25.564+05:30 TRACE 16888 --- [learn-spring-boot] [           main] o.s.b.f.s.DefaultListableBeanFactory     : Returning cached instance of singleton bean 'autoConfigurationReport'
2025-04-01T15:16:25.564+05:30 TRACE 16888 --- [learn-spring-boot] [           main] o.s.b.f.s.DefaultListableBeanFactory     : Returning cached instance of singleton bean 'autoConfigurationReport'
2025-04-01T15:16:25.565+05:30 TRACE 16888 --- [learn-spring-boot] [           main] o.s.b.f.s.DefaultListableBeanFactory     : Returning cached instance of singleton bean 'autoConfigurationReport'
2025-04-01T15:16:25.565+05:30 TRACE 16888 --- [learn-spring-boot] [           main] o.s.b.f.s.DefaultListableBeanFactory     : Returning cached instance of singleton bean 'autoConfigurationReport'
2025-04-01T15:16:25.565+05:30 TRACE 16888 --- [learn-spring-boot] [           main] o.s.b.f.s.DefaultListableBeanFactory     : Returning cached instance of singleton bean 'autoConfigurationReport'
2025-04-01T15:16:25.565+05:30 TRACE 16888 --- [learn-spring-boot] [           main] o.s.b.f.s.DefaultListableBeanFactory     : Returning cached instance of singleton bean 'autoConfigurationReport'
2025-04-01T15:16:25.565+05:30 TRACE 16888 --- [learn-spring-boot] [           main] o.s.b.f.s.DefaultListableBeanFactory     : Returning cached instance of singleton bean 'autoConfigurationReport'
2025-04-01T15:16:25.565+05:30 TRACE 16888 --- [learn-spring-boot] [           main] o.s.b.f.s.DefaultListableBeanFactory     : Returning cached instance of singleton bean 'autoConfigurationReport'
2025-04-01T15:16:25.568+05:30 TRACE 16888 --- [learn-spring-boot] [           main] o.s.b.f.s.DefaultListableBeanFactory     : Returning cached instance of singleton bean 'autoConfigurationReport'
2025-04-01T15:16:25.569+05:30 TRACE 16888 --- [learn-spring-boot] [           main] o.s.b.f.s.DefaultListableBeanFactory     : Returning cached instance of singleton bean 'autoConfigurationReport'
2025-04-01T15:16:25.569+05:30 TRACE 16888 --- [learn-spring-boot] [           main] o.s.b.f.s.DefaultListableBeanFactory     : Returning cached instance of singleton bean 'autoConfigurationReport'
2025-04-01T15:16:25.569+05:30 TRACE 16888 --- [learn-spring-boot] [           main] o.s.b.f.s.DefaultListableBeanFactory     : Returning cached instance of singleton bean 'autoConfigurationReport'
2025-04-01T15:16:25.569+05:30 TRACE 16888 --- [learn-spring-boot] [           main] o.s.b.f.s.DefaultListableBeanFactory     : Returning cached instance of singleton bean 'autoConfigurationReport'
2025-04-01T15:16:25.569+05:30 TRACE 16888 --- [learn-spring-boot] [           main] o.s.b.f.s.DefaultListableBeanFactory     : Returning cached instance of singleton bean 'autoConfigurationReport'
2025-04-01T15:16:25.569+05:30 TRACE 16888 --- [learn-spring-boot] [           main] o.s.b.f.s.DefaultListableBeanFactory     : Returning cached instance of singleton bean 'autoConfigurationReport'
2025-04-01T15:16:25.569+05:30 TRACE 16888 --- [learn-spring-boot] [           main] o.s.b.f.s.DefaultListableBeanFactory     : Returning cached instance of singleton bean 'autoConfigurationReport'
2025-04-01T15:16:25.569+05:30 TRACE 16888 --- [learn-spring-boot] [           main] o.s.b.f.s.DefaultListableBeanFactory     : Returning cached instance of singleton bean 'autoConfigurationReport'
2025-04-01T15:16:25.570+05:30 TRACE 16888 --- [learn-spring-boot] [           main] s.b.a.a.e.c.OnAvailableEndpointCondition : Condition OnAvailableEndpointCondition on org.springframework.boot.actuate.autoconfigure.info.InfoEndpointAutoConfiguration did not match due to @ConditionalOnAvailableEndpoint not exposed
2025-04-01T15:16:25.570+05:30 TRACE 16888 --- [learn-spring-boot] [           main] o.s.b.f.s.DefaultListableBeanFactory     : Returning cached instance of singleton bean 'autoConfigurationReport'
2025-04-01T15:16:25.570+05:30 TRACE 16888 --- [learn-spring-boot] [           main] o.s.b.f.s.DefaultListableBeanFactory     : Returning cached instance of singleton bean 'autoConfigurationReport'
2025-04-01T15:16:25.570+05:30 TRACE 16888 --- [learn-spring-boot] [           main] o.s.b.f.s.DefaultListableBeanFactory     : Returning cached instance of singleton bean 'autoConfigurationReport'
2025-04-01T15:16:25.571+05:30 TRACE 16888 --- [learn-spring-boot] [           main] o.s.b.f.s.DefaultListableBeanFactory     : Returning cached instance of singleton bean 'autoConfigurationReport'
2025-04-01T15:16:25.571+05:30 TRACE 16888 --- [learn-spring-boot] [           main] o.s.b.f.s.DefaultListableBeanFactory     : Returning cached instance of singleton bean 'autoConfigurationReport'
2025-04-01T15:16:25.571+05:30 TRACE 16888 --- [learn-spring-boot] [           main] o.s.b.f.s.DefaultListableBeanFactory     : Returning cached instance of singleton bean 'autoConfigurationReport'
2025-04-01T15:16:25.571+05:30 TRACE 16888 --- [learn-spring-boot] [           main] o.s.b.f.s.DefaultListableBeanFactory     : Returning cached instance of singleton bean 'autoConfigurationReport'
2025-04-01T15:16:25.571+05:30 TRACE 16888 --- [learn-spring-boot] [           main] o.s.b.a.condition.OnClassCondition       : Condition OnClassCondition on org.springframework.boot.actuate.autoconfigure.web.servlet.ServletManagementContextAutoConfiguration matched due to @ConditionalOnClass found required class 'jakarta.servlet.Servlet'
2025-04-01T15:16:25.571+05:30 TRACE 16888 --- [learn-spring-boot] [           main] o.s.b.f.s.DefaultListableBeanFactory     : Returning cached instance of singleton bean 'autoConfigurationReport'
2025-04-01T15:16:25.572+05:30 TRACE 16888 --- [learn-spring-boot] [           main] o.s.b.a.c.OnWebApplicationCondition      : Condition OnWebApplicationCondition on org.springframework.boot.actuate.autoconfigure.web.servlet.ServletManagementContextAutoConfiguration matched due to found 'session' scope
2025-04-01T15:16:25.572+05:30 TRACE 16888 --- [learn-spring-boot] [           main] o.s.b.f.s.DefaultListableBeanFactory     : Returning cached instance of singleton bean 'autoConfigurationReport'
2025-04-01T15:16:25.572+05:30 TRACE 16888 --- [learn-spring-boot] [           main] o.s.b.f.s.DefaultListableBeanFactory     : Returning cached instance of singleton bean 'autoConfigurationReport'
2025-04-01T15:16:25.572+05:30 TRACE 16888 --- [learn-spring-boot] [           main] o.s.b.f.s.DefaultListableBeanFactory     : Returning cached instance of singleton bean 'autoConfigurationReport'
2025-04-01T15:16:25.572+05:30 TRACE 16888 --- [learn-spring-boot] [           main] o.s.b.f.s.DefaultListableBeanFactory     : Returning cached instance of singleton bean 'autoConfigurationReport'
2025-04-01T15:16:25.573+05:30 TRACE 16888 --- [learn-spring-boot] [           main] o.s.b.a.condition.OnPropertyCondition    : Condition OnPropertyCondition on org.springframework.boot.actuate.autoconfigure.web.servlet.ServletManagementContextAutoConfiguration$ApplicationContextFilterConfiguration did not match due to @ConditionalOnProperty (management.server.add-application-context-header=true) did not find property 'add-application-context-header'
2025-04-01T15:16:25.573+05:30 TRACE 16888 --- [learn-spring-boot] [           main] o.s.b.f.s.DefaultListableBeanFactory     : Returning cached instance of singleton bean 'autoConfigurationReport'
2025-04-01T15:16:25.573+05:30 TRACE 16888 --- [learn-spring-boot] [           main] o.s.b.f.s.DefaultListableBeanFactory     : Returning cached instance of singleton bean 'autoConfigurationReport'
2025-04-01T15:16:25.573+05:30 TRACE 16888 --- [learn-spring-boot] [           main] o.s.b.f.s.DefaultListableBeanFactory     : Returning cached instance of singleton bean 'autoConfigurationReport'
2025-04-01T15:16:25.573+05:30 TRACE 16888 --- [learn-spring-boot] [           main] o.s.b.f.s.DefaultListableBeanFactory     : Returning cached instance of singleton bean 'autoConfigurationReport'
2025-04-01T15:16:25.573+05:30 TRACE 16888 --- [learn-spring-boot] [           main] o.s.b.f.s.DefaultListableBeanFactory     : Returning cached instance of singleton bean 'autoConfigurationReport'
2025-04-01T15:16:25.573+05:30 TRACE 16888 --- [learn-spring-boot] [           main] o.s.b.f.s.DefaultListableBeanFactory     : Returning cached instance of singleton bean 'autoConfigurationReport'
2025-04-01T15:16:25.573+05:30 TRACE 16888 --- [learn-spring-boot] [           main] o.s.b.f.s.DefaultListableBeanFactory     : Returning cached instance of singleton bean 'autoConfigurationReport'
2025-04-01T15:16:25.575+05:30 TRACE 16888 --- [learn-spring-boot] [           main] o.s.b.a.condition.OnClassCondition       : Condition OnClassCondition on org.springframework.boot.actuate.autoconfigure.cloudfoundry.servlet.CloudFoundryActuatorAutoConfiguration matched due to @ConditionalOnClass found required class 'org.springframework.web.servlet.DispatcherServlet'
2025-04-01T15:16:25.575+05:30 TRACE 16888 --- [learn-spring-boot] [           main] o.s.b.f.s.DefaultListableBeanFactory     : Returning cached instance of singleton bean 'autoConfigurationReport'
2025-04-01T15:16:25.575+05:30 TRACE 16888 --- [learn-spring-boot] [           main] o.s.b.a.c.OnWebApplicationCondition      : Condition OnWebApplicationCondition on org.springframework.boot.actuate.autoconfigure.cloudfoundry.servlet.CloudFoundryActuatorAutoConfiguration matched due to found 'session' scope
2025-04-01T15:16:25.575+05:30 TRACE 16888 --- [learn-spring-boot] [           main] o.s.b.f.s.DefaultListableBeanFactory     : Returning cached instance of singleton bean 'autoConfigurationReport'
2025-04-01T15:16:25.575+05:30 TRACE 16888 --- [learn-spring-boot] [           main] o.s.b.a.condition.OnPropertyCondition    : Condition OnPropertyCondition on org.springframework.boot.actuate.autoconfigure.cloudfoundry.servlet.CloudFoundryActuatorAutoConfiguration matched due to @ConditionalOnProperty (management.cloudfoundry.enabled) matched
2025-04-01T15:16:25.576+05:30 TRACE 16888 --- [learn-spring-boot] [           main] o.s.b.f.s.DefaultListableBeanFactory     : Returning cached instance of singleton bean 'autoConfigurationReport'
2025-04-01T15:16:25.576+05:30 TRACE 16888 --- [learn-spring-boot] [           main] o.s.b.a.c.OnCloudPlatformCondition       : Condition OnCloudPlatformCondition on org.springframework.boot.actuate.autoconfigure.cloudfoundry.servlet.CloudFoundryActuatorAutoConfiguration did not match due to @ConditionalOnCloudPlatform did not find CLOUD_FOUNDRY
2025-04-01T15:16:25.576+05:30 TRACE 16888 --- [learn-spring-boot] [           main] o.s.b.f.s.DefaultListableBeanFactory     : Returning cached instance of singleton bean 'autoConfigurationReport'
2025-04-01T15:16:25.576+05:30 TRACE 16888 --- [learn-spring-boot] [           main] o.s.b.f.s.DefaultListableBeanFactory     : Returning cached instance of singleton bean 'autoConfigurationReport'
2025-04-01T15:16:25.576+05:30 TRACE 16888 --- [learn-spring-boot] [           main] o.s.b.f.s.DefaultListableBeanFactory     : Returning cached instance of singleton bean 'autoConfigurationReport'
2025-04-01T15:16:25.576+05:30 TRACE 16888 --- [learn-spring-boot] [           main] o.s.b.f.s.DefaultListableBeanFactory     : Returning cached instance of singleton bean 'autoConfigurationReport'
2025-04-01T15:16:25.576+05:30 TRACE 16888 --- [learn-spring-boot] [           main] o.s.b.f.s.DefaultListableBeanFactory     : Returning cached instance of singleton bean 'autoConfigurationReport'
2025-04-01T15:16:25.576+05:30 TRACE 16888 --- [learn-spring-boot] [           main] o.s.b.f.s.DefaultListableBeanFactory     : Returning cached instance of singleton bean 'autoConfigurationReport'
2025-04-01T15:16:25.576+05:30 TRACE 16888 --- [learn-spring-boot] [           main] o.s.b.f.s.DefaultListableBeanFactory     : Returning cached instance of singleton bean 'autoConfigurationReport'
2025-04-01T15:16:25.577+05:30 TRACE 16888 --- [learn-spring-boot] [           main] s.b.a.a.e.c.OnAvailableEndpointCondition : Condition OnAvailableEndpointCondition on org.springframework.boot.actuate.autoconfigure.condition.ConditionsReportEndpointAutoConfiguration did not match due to @ConditionalOnAvailableEndpoint not exposed
2025-04-01T15:16:25.577+05:30 TRACE 16888 --- [learn-spring-boot] [           main] o.s.b.f.s.DefaultListableBeanFactory     : Returning cached instance of singleton bean 'autoConfigurationReport'
2025-04-01T15:16:25.577+05:30 TRACE 16888 --- [learn-spring-boot] [           main] o.s.b.f.s.DefaultListableBeanFactory     : Returning cached instance of singleton bean 'autoConfigurationReport'
2025-04-01T15:16:25.577+05:30 TRACE 16888 --- [learn-spring-boot] [           main] o.s.b.f.s.DefaultListableBeanFactory     : Returning cached instance of singleton bean 'autoConfigurationReport'
2025-04-01T15:16:25.577+05:30 TRACE 16888 --- [learn-spring-boot] [           main] o.s.b.f.s.DefaultListableBeanFactory     : Returning cached instance of singleton bean 'autoConfigurationReport'
2025-04-01T15:16:25.577+05:30 TRACE 16888 --- [learn-spring-boot] [           main] o.s.b.f.s.DefaultListableBeanFactory     : Returning cached instance of singleton bean 'autoConfigurationReport'
2025-04-01T15:16:25.577+05:30 TRACE 16888 --- [learn-spring-boot] [           main] o.s.b.f.s.DefaultListableBeanFactory     : Returning cached instance of singleton bean 'autoConfigurationReport'
2025-04-01T15:16:25.577+05:30 TRACE 16888 --- [learn-spring-boot] [           main] o.s.b.f.s.DefaultListableBeanFactory     : Returning cached instance of singleton bean 'autoConfigurationReport'
2025-04-01T15:16:25.579+05:30 TRACE 16888 --- [learn-spring-boot] [           main] s.b.a.a.e.c.OnAvailableEndpointCondition : Condition OnAvailableEndpointCondition on org.springframework.boot.actuate.autoconfigure.context.ShutdownEndpointAutoConfiguration did not match due to @ConditionalOnAvailableEndpoint the configured access for endpoint 'shutdown' is NONE
2025-04-01T15:16:25.579+05:30 TRACE 16888 --- [learn-spring-boot] [           main] o.s.b.f.s.DefaultListableBeanFactory     : Returning cached instance of singleton bean 'autoConfigurationReport'
2025-04-01T15:16:25.579+05:30 TRACE 16888 --- [learn-spring-boot] [           main] o.s.b.f.s.DefaultListableBeanFactory     : Returning cached instance of singleton bean 'autoConfigurationReport'
2025-04-01T15:16:25.579+05:30 TRACE 16888 --- [learn-spring-boot] [           main] o.s.b.f.s.DefaultListableBeanFactory     : Returning cached instance of singleton bean 'autoConfigurationReport'
2025-04-01T15:16:25.579+05:30 TRACE 16888 --- [learn-spring-boot] [           main] o.s.b.f.s.DefaultListableBeanFactory     : Returning cached instance of singleton bean 'autoConfigurationReport'
2025-04-01T15:16:25.579+05:30 TRACE 16888 --- [learn-spring-boot] [           main] o.s.b.f.s.DefaultListableBeanFactory     : Returning cached instance of singleton bean 'autoConfigurationReport'
2025-04-01T15:16:25.579+05:30 TRACE 16888 --- [learn-spring-boot] [           main] o.s.b.f.s.DefaultListableBeanFactory     : Returning cached instance of singleton bean 'autoConfigurationReport'
2025-04-01T15:16:25.579+05:30 TRACE 16888 --- [learn-spring-boot] [           main] o.s.b.f.s.DefaultListableBeanFactory     : Returning cached instance of singleton bean 'autoConfigurationReport'
2025-04-01T15:16:25.582+05:30 TRACE 16888 --- [learn-spring-boot] [           main] s.b.a.a.e.c.OnAvailableEndpointCondition : Condition OnAvailableEndpointCondition on org.springframework.boot.actuate.autoconfigure.context.properties.ConfigurationPropertiesReportEndpointAutoConfiguration did not match due to @ConditionalOnAvailableEndpoint not exposed
2025-04-01T15:16:25.582+05:30 TRACE 16888 --- [learn-spring-boot] [           main] o.s.b.f.s.DefaultListableBeanFactory     : Returning cached instance of singleton bean 'autoConfigurationReport'
2025-04-01T15:16:25.582+05:30 TRACE 16888 --- [learn-spring-boot] [           main] o.s.b.f.s.DefaultListableBeanFactory     : Returning cached instance of singleton bean 'autoConfigurationReport'
2025-04-01T15:16:25.582+05:30 TRACE 16888 --- [learn-spring-boot] [           main] o.s.b.f.s.DefaultListableBeanFactory     : Returning cached instance of singleton bean 'autoConfigurationReport'
2025-04-01T15:16:25.582+05:30 TRACE 16888 --- [learn-spring-boot] [           main] o.s.b.f.s.DefaultListableBeanFactory     : Returning cached instance of singleton bean 'autoConfigurationReport'
2025-04-01T15:16:25.582+05:30 TRACE 16888 --- [learn-spring-boot] [           main] o.s.b.f.s.DefaultListableBeanFactory     : Returning cached instance of singleton bean 'autoConfigurationReport'
2025-04-01T15:16:25.582+05:30 TRACE 16888 --- [learn-spring-boot] [           main] o.s.b.f.s.DefaultListableBeanFactory     : Returning cached instance of singleton bean 'autoConfigurationReport'
2025-04-01T15:16:25.582+05:30 TRACE 16888 --- [learn-spring-boot] [           main] o.s.b.f.s.DefaultListableBeanFactory     : Returning cached instance of singleton bean 'autoConfigurationReport'
2025-04-01T15:16:25.583+05:30 TRACE 16888 --- [learn-spring-boot] [           main] o.s.b.f.s.DefaultListableBeanFactory     : Returning cached instance of singleton bean 'autoConfigurationReport'
2025-04-01T15:16:25.583+05:30 TRACE 16888 --- [learn-spring-boot] [           main] o.s.b.f.s.DefaultListableBeanFactory     : Returning cached instance of singleton bean 'autoConfigurationReport'
2025-04-01T15:16:25.583+05:30 TRACE 16888 --- [learn-spring-boot] [           main] o.s.b.f.s.DefaultListableBeanFactory     : Returning cached instance of singleton bean 'autoConfigurationReport'
2025-04-01T15:16:25.583+05:30 TRACE 16888 --- [learn-spring-boot] [           main] o.s.b.f.s.DefaultListableBeanFactory     : Returning cached instance of singleton bean 'autoConfigurationReport'
2025-04-01T15:16:25.583+05:30 TRACE 16888 --- [learn-spring-boot] [           main] o.s.b.f.s.DefaultListableBeanFactory     : Returning cached instance of singleton bean 'autoConfigurationReport'
2025-04-01T15:16:25.583+05:30 TRACE 16888 --- [learn-spring-boot] [           main] o.s.b.f.s.DefaultListableBeanFactory     : Returning cached instance of singleton bean 'autoConfigurationReport'
2025-04-01T15:16:25.583+05:30 TRACE 16888 --- [learn-spring-boot] [           main] o.s.b.f.s.DefaultListableBeanFactory     : Returning cached instance of singleton bean 'autoConfigurationReport'
2025-04-01T15:16:25.583+05:30 TRACE 16888 --- [learn-spring-boot] [           main] o.s.b.f.s.DefaultListableBeanFactory     : Returning cached instance of singleton bean 'autoConfigurationReport'
2025-04-01T15:16:25.583+05:30 TRACE 16888 --- [learn-spring-boot] [           main] o.s.b.f.s.DefaultListableBeanFactory     : Returning cached instance of singleton bean 'autoConfigurationReport'
2025-04-01T15:16:25.584+05:30 TRACE 16888 --- [learn-spring-boot] [           main] o.s.b.f.s.DefaultListableBeanFactory     : Returning cached instance of singleton bean 'autoConfigurationReport'
2025-04-01T15:16:25.584+05:30 TRACE 16888 --- [learn-spring-boot] [           main] o.s.b.f.s.DefaultListableBeanFactory     : Returning cached instance of singleton bean 'autoConfigurationReport'
2025-04-01T15:16:25.584+05:30 TRACE 16888 --- [learn-spring-boot] [           main] o.s.b.f.s.DefaultListableBeanFactory     : Returning cached instance of singleton bean 'autoConfigurationReport'
2025-04-01T15:16:25.584+05:30 TRACE 16888 --- [learn-spring-boot] [           main] o.s.b.f.s.DefaultListableBeanFactory     : Returning cached instance of singleton bean 'autoConfigurationReport'
2025-04-01T15:16:25.584+05:30 TRACE 16888 --- [learn-spring-boot] [           main] o.s.b.f.s.DefaultListableBeanFactory     : Returning cached instance of singleton bean 'autoConfigurationReport'
2025-04-01T15:16:25.584+05:30 TRACE 16888 --- [learn-spring-boot] [           main] o.s.b.f.s.DefaultListableBeanFactory     : Returning cached instance of singleton bean 'autoConfigurationReport'
2025-04-01T15:16:25.584+05:30 TRACE 16888 --- [learn-spring-boot] [           main] o.s.b.f.s.DefaultListableBeanFactory     : Returning cached instance of singleton bean 'autoConfigurationReport'
2025-04-01T15:16:25.584+05:30 TRACE 16888 --- [learn-spring-boot] [           main] o.s.b.f.s.DefaultListableBeanFactory     : Returning cached instance of singleton bean 'autoConfigurationReport'
2025-04-01T15:16:25.584+05:30 TRACE 16888 --- [learn-spring-boot] [           main] o.s.b.f.s.DefaultListableBeanFactory     : Returning cached instance of singleton bean 'autoConfigurationReport'
2025-04-01T15:16:25.585+05:30 TRACE 16888 --- [learn-spring-boot] [           main] o.s.b.a.condition.OnClassCondition       : Condition OnClassCondition on org.springframework.boot.autoconfigure.jmx.JmxAutoConfiguration matched due to @ConditionalOnClass found required class 'org.springframework.jmx.export.MBeanExporter'
2025-04-01T15:16:25.585+05:30 TRACE 16888 --- [learn-spring-boot] [           main] o.s.b.f.s.DefaultListableBeanFactory     : Returning cached instance of singleton bean 'autoConfigurationReport'
2025-04-01T15:16:25.585+05:30 TRACE 16888 --- [learn-spring-boot] [           main] o.s.b.a.condition.OnPropertyCondition    : Condition OnPropertyCondition on org.springframework.boot.autoconfigure.jmx.JmxAutoConfiguration did not match due to @ConditionalOnProperty (spring.jmx.enabled=true) found different value in property 'enabled'
2025-04-01T15:16:25.585+05:30 TRACE 16888 --- [learn-spring-boot] [           main] o.s.b.f.s.DefaultListableBeanFactory     : Returning cached instance of singleton bean 'autoConfigurationReport'
2025-04-01T15:16:25.585+05:30 TRACE 16888 --- [learn-spring-boot] [           main] o.s.b.f.s.DefaultListableBeanFactory     : Returning cached instance of singleton bean 'autoConfigurationReport'
2025-04-01T15:16:25.585+05:30 TRACE 16888 --- [learn-spring-boot] [           main] o.s.b.f.s.DefaultListableBeanFactory     : Returning cached instance of singleton bean 'autoConfigurationReport'
2025-04-01T15:16:25.585+05:30 TRACE 16888 --- [learn-spring-boot] [           main] o.s.b.f.s.DefaultListableBeanFactory     : Returning cached instance of singleton bean 'autoConfigurationReport'
2025-04-01T15:16:25.585+05:30 TRACE 16888 --- [learn-spring-boot] [           main] o.s.b.f.s.DefaultListableBeanFactory     : Returning cached instance of singleton bean 'autoConfigurationReport'
2025-04-01T15:16:25.585+05:30 TRACE 16888 --- [learn-spring-boot] [           main] o.s.b.f.s.DefaultListableBeanFactory     : Returning cached instance of singleton bean 'autoConfigurationReport'
2025-04-01T15:16:25.585+05:30 TRACE 16888 --- [learn-spring-boot] [           main] o.s.b.f.s.DefaultListableBeanFactory     : Returning cached instance of singleton bean 'autoConfigurationReport'
2025-04-01T15:16:25.586+05:30 TRACE 16888 --- [learn-spring-boot] [           main] o.s.b.a.condition.OnPropertyCondition    : Condition OnPropertyCondition on org.springframework.boot.actuate.autoconfigure.endpoint.jmx.JmxEndpointAutoConfiguration did not match due to @ConditionalOnProperty (spring.jmx.enabled=true) found different value in property 'enabled'
2025-04-01T15:16:25.586+05:30 TRACE 16888 --- [learn-spring-boot] [           main] o.s.b.f.s.DefaultListableBeanFactory     : Returning cached instance of singleton bean 'autoConfigurationReport'
2025-04-01T15:16:25.586+05:30 TRACE 16888 --- [learn-spring-boot] [           main] o.s.b.f.s.DefaultListableBeanFactory     : Returning cached instance of singleton bean 'autoConfigurationReport'
2025-04-01T15:16:25.586+05:30 TRACE 16888 --- [learn-spring-boot] [           main] o.s.b.f.s.DefaultListableBeanFactory     : Returning cached instance of singleton bean 'autoConfigurationReport'
2025-04-01T15:16:25.586+05:30 TRACE 16888 --- [learn-spring-boot] [           main] o.s.b.f.s.DefaultListableBeanFactory     : Returning cached instance of singleton bean 'autoConfigurationReport'
2025-04-01T15:16:25.586+05:30 TRACE 16888 --- [learn-spring-boot] [           main] o.s.b.f.s.DefaultListableBeanFactory     : Returning cached instance of singleton bean 'autoConfigurationReport'
2025-04-01T15:16:25.586+05:30 TRACE 16888 --- [learn-spring-boot] [           main] o.s.b.f.s.DefaultListableBeanFactory     : Returning cached instance of singleton bean 'autoConfigurationReport'
2025-04-01T15:16:25.586+05:30 TRACE 16888 --- [learn-spring-boot] [           main] o.s.b.f.s.DefaultListableBeanFactory     : Returning cached instance of singleton bean 'autoConfigurationReport'
2025-04-01T15:16:25.586+05:30 TRACE 16888 --- [learn-spring-boot] [           main] o.s.b.a.c.OnWebApplicationCondition      : Condition OnWebApplicationCondition on org.springframework.boot.actuate.autoconfigure.endpoint.web.WebEndpointAutoConfiguration matched due to @ConditionalOnWebApplication (required) found 'session' scope
2025-04-01T15:16:25.586+05:30 TRACE 16888 --- [learn-spring-boot] [           main] o.s.b.f.s.DefaultListableBeanFactory     : Returning cached instance of singleton bean 'autoConfigurationReport'
2025-04-01T15:16:25.586+05:30 TRACE 16888 --- [learn-spring-boot] [           main] o.s.b.f.s.DefaultListableBeanFactory     : Returning cached instance of singleton bean 'autoConfigurationReport'
2025-04-01T15:16:25.586+05:30 TRACE 16888 --- [learn-spring-boot] [           main] o.s.b.f.s.DefaultListableBeanFactory     : Returning cached instance of singleton bean 'autoConfigurationReport'
2025-04-01T15:16:25.587+05:30 TRACE 16888 --- [learn-spring-boot] [           main] o.s.b.f.s.DefaultListableBeanFactory     : Returning cached instance of singleton bean 'autoConfigurationReport'
2025-04-01T15:16:25.587+05:30 TRACE 16888 --- [learn-spring-boot] [           main] o.s.b.a.c.OnWebApplicationCondition      : Condition OnWebApplicationCondition on org.springframework.boot.actuate.autoconfigure.endpoint.web.WebEndpointAutoConfiguration$WebEndpointServletConfiguration matched due to found 'session' scope
2025-04-01T15:16:25.587+05:30 TRACE 16888 --- [learn-spring-boot] [           main] o.s.b.f.s.DefaultListableBeanFactory     : Returning cached instance of singleton bean 'autoConfigurationReport'
2025-04-01T15:16:25.587+05:30 TRACE 16888 --- [learn-spring-boot] [           main] o.s.b.f.s.DefaultListableBeanFactory     : Returning cached instance of singleton bean 'autoConfigurationReport'
2025-04-01T15:16:25.587+05:30 TRACE 16888 --- [learn-spring-boot] [           main] o.s.b.f.s.DefaultListableBeanFactory     : Returning cached instance of singleton bean 'autoConfigurationReport'
2025-04-01T15:16:25.587+05:30 TRACE 16888 --- [learn-spring-boot] [           main] o.s.b.f.s.DefaultListableBeanFactory     : Returning cached instance of singleton bean 'autoConfigurationReport'
2025-04-01T15:16:25.587+05:30 TRACE 16888 --- [learn-spring-boot] [           main] o.s.b.f.s.DefaultListableBeanFactory     : Returning cached instance of singleton bean 'autoConfigurationReport'
2025-04-01T15:16:25.587+05:30 TRACE 16888 --- [learn-spring-boot] [           main] o.s.b.f.s.DefaultListableBeanFactory     : Returning cached instance of singleton bean 'autoConfigurationReport'
2025-04-01T15:16:25.587+05:30 TRACE 16888 --- [learn-spring-boot] [           main] o.s.b.f.s.DefaultListableBeanFactory     : Returning cached instance of singleton bean 'autoConfigurationReport'
2025-04-01T15:16:25.588+05:30 TRACE 16888 --- [learn-spring-boot] [           main] o.s.b.f.s.DefaultListableBeanFactory     : Returning cached instance of singleton bean 'autoConfigurationReport'
2025-04-01T15:16:25.588+05:30 TRACE 16888 --- [learn-spring-boot] [           main] o.s.b.f.s.DefaultListableBeanFactory     : Returning cached instance of singleton bean 'autoConfigurationReport'
2025-04-01T15:16:25.588+05:30 TRACE 16888 --- [learn-spring-boot] [           main] o.s.b.f.s.DefaultListableBeanFactory     : Returning cached instance of singleton bean 'autoConfigurationReport'
2025-04-01T15:16:25.590+05:30 TRACE 16888 --- [learn-spring-boot] [           main] s.b.a.a.e.c.OnAvailableEndpointCondition : Condition OnAvailableEndpointCondition on org.springframework.boot.actuate.autoconfigure.env.EnvironmentEndpointAutoConfiguration did not match due to @ConditionalOnAvailableEndpoint not exposed
2025-04-01T15:16:25.590+05:30 TRACE 16888 --- [learn-spring-boot] [           main] o.s.b.f.s.DefaultListableBeanFactory     : Returning cached instance of singleton bean 'autoConfigurationReport'
2025-04-01T15:16:25.590+05:30 TRACE 16888 --- [learn-spring-boot] [           main] o.s.b.f.s.DefaultListableBeanFactory     : Returning cached instance of singleton bean 'autoConfigurationReport'
2025-04-01T15:16:25.590+05:30 TRACE 16888 --- [learn-spring-boot] [           main] o.s.b.f.s.DefaultListableBeanFactory     : Returning cached instance of singleton bean 'autoConfigurationReport'
2025-04-01T15:16:25.590+05:30 TRACE 16888 --- [learn-spring-boot] [           main] o.s.b.f.s.DefaultListableBeanFactory     : Returning cached instance of singleton bean 'autoConfigurationReport'
2025-04-01T15:16:25.590+05:30 TRACE 16888 --- [learn-spring-boot] [           main] o.s.b.f.s.DefaultListableBeanFactory     : Returning cached instance of singleton bean 'autoConfigurationReport'
2025-04-01T15:16:25.590+05:30 TRACE 16888 --- [learn-spring-boot] [           main] o.s.b.f.s.DefaultListableBeanFactory     : Returning cached instance of singleton bean 'autoConfigurationReport'
2025-04-01T15:16:25.590+05:30 TRACE 16888 --- [learn-spring-boot] [           main] o.s.b.f.s.DefaultListableBeanFactory     : Returning cached instance of singleton bean 'autoConfigurationReport'
2025-04-01T15:16:25.594+05:30 TRACE 16888 --- [learn-spring-boot] [           main] .a.a.h.OnEnabledHealthIndicatorCondition : Condition OnEnabledHealthIndicatorCondition on org.springframework.boot.actuate.autoconfigure.ssl.SslHealthContributorAutoConfiguration matched due to @ConditionalOnEnabledHealthIndicator management.health.defaults.enabled is considered true
2025-04-01T15:16:25.595+05:30 TRACE 16888 --- [learn-spring-boot] [           main] o.s.b.f.s.DefaultListableBeanFactory     : Returning cached instance of singleton bean 'autoConfigurationReport'
2025-04-01T15:16:25.595+05:30 TRACE 16888 --- [learn-spring-boot] [           main] o.s.b.f.s.DefaultListableBeanFactory     : Returning cached instance of singleton bean 'autoConfigurationReport'
2025-04-01T15:16:25.595+05:30 TRACE 16888 --- [learn-spring-boot] [           main] o.s.b.f.s.DefaultListableBeanFactory     : Returning cached instance of singleton bean 'autoConfigurationReport'
2025-04-01T15:16:25.595+05:30 TRACE 16888 --- [learn-spring-boot] [           main] o.s.b.f.s.DefaultListableBeanFactory     : Returning cached instance of singleton bean 'autoConfigurationReport'
2025-04-01T15:16:25.596+05:30 TRACE 16888 --- [learn-spring-boot] [           main] o.s.b.f.s.DefaultListableBeanFactory     : Returning cached instance of singleton bean 'autoConfigurationReport'
2025-04-01T15:16:25.596+05:30 TRACE 16888 --- [learn-spring-boot] [           main] o.s.b.f.s.DefaultListableBeanFactory     : Returning cached instance of singleton bean 'autoConfigurationReport'
2025-04-01T15:16:25.596+05:30 TRACE 16888 --- [learn-spring-boot] [           main] o.s.b.f.s.DefaultListableBeanFactory     : Returning cached instance of singleton bean 'autoConfigurationReport'
2025-04-01T15:16:25.596+05:30 TRACE 16888 --- [learn-spring-boot] [           main] o.s.b.f.s.DefaultListableBeanFactory     : Returning cached instance of singleton bean 'autoConfigurationReport'
2025-04-01T15:16:25.596+05:30 TRACE 16888 --- [learn-spring-boot] [           main] o.s.b.f.s.DefaultListableBeanFactory     : Returning cached instance of singleton bean 'autoConfigurationReport'
2025-04-01T15:16:25.596+05:30 TRACE 16888 --- [learn-spring-boot] [           main] o.s.b.f.s.DefaultListableBeanFactory     : Returning cached instance of singleton bean 'autoConfigurationReport'
2025-04-01T15:16:25.597+05:30 TRACE 16888 --- [learn-spring-boot] [           main] .a.a.h.OnEnabledHealthIndicatorCondition : Condition OnEnabledHealthIndicatorCondition on org.springframework.boot.actuate.autoconfigure.system.DiskSpaceHealthContributorAutoConfiguration matched due to @ConditionalOnEnabledHealthIndicator management.health.defaults.enabled is considered true
2025-04-01T15:16:25.597+05:30 TRACE 16888 --- [learn-spring-boot] [           main] o.s.b.f.s.DefaultListableBeanFactory     : Returning cached instance of singleton bean 'autoConfigurationReport'
2025-04-01T15:16:25.597+05:30 TRACE 16888 --- [learn-spring-boot] [           main] o.s.b.f.s.DefaultListableBeanFactory     : Returning cached instance of singleton bean 'autoConfigurationReport'
2025-04-01T15:16:25.597+05:30 TRACE 16888 --- [learn-spring-boot] [           main] o.s.b.f.s.DefaultListableBeanFactory     : Returning cached instance of singleton bean 'autoConfigurationReport'
2025-04-01T15:16:25.597+05:30 TRACE 16888 --- [learn-spring-boot] [           main] o.s.b.f.s.DefaultListableBeanFactory     : Returning cached instance of singleton bean 'autoConfigurationReport'
2025-04-01T15:16:25.597+05:30 TRACE 16888 --- [learn-spring-boot] [           main] o.s.b.f.s.DefaultListableBeanFactory     : Returning cached instance of singleton bean 'autoConfigurationReport'
2025-04-01T15:16:25.597+05:30 TRACE 16888 --- [learn-spring-boot] [           main] o.s.b.f.s.DefaultListableBeanFactory     : Returning cached instance of singleton bean 'autoConfigurationReport'
2025-04-01T15:16:25.597+05:30 TRACE 16888 --- [learn-spring-boot] [           main] o.s.b.f.s.DefaultListableBeanFactory     : Returning cached instance of singleton bean 'autoConfigurationReport'
2025-04-01T15:16:25.597+05:30 TRACE 16888 --- [learn-spring-boot] [           main] o.s.b.f.s.DefaultListableBeanFactory     : Returning cached instance of singleton bean 'autoConfigurationReport'
2025-04-01T15:16:25.597+05:30 TRACE 16888 --- [learn-spring-boot] [           main] o.s.b.f.s.DefaultListableBeanFactory     : Returning cached instance of singleton bean 'autoConfigurationReport'
2025-04-01T15:16:25.597+05:30 TRACE 16888 --- [learn-spring-boot] [           main] o.s.b.f.s.DefaultListableBeanFactory     : Returning cached instance of singleton bean 'autoConfigurationReport'
2025-04-01T15:16:25.598+05:30 TRACE 16888 --- [learn-spring-boot] [           main] o.s.b.f.s.DefaultListableBeanFactory     : Returning cached instance of singleton bean 'autoConfigurationReport'
2025-04-01T15:16:25.598+05:30 TRACE 16888 --- [learn-spring-boot] [           main] o.s.b.f.s.DefaultListableBeanFactory     : Returning cached instance of singleton bean 'autoConfigurationReport'
2025-04-01T15:16:25.598+05:30 TRACE 16888 --- [learn-spring-boot] [           main] o.s.b.f.s.DefaultListableBeanFactory     : Returning cached instance of singleton bean 'autoConfigurationReport'
2025-04-01T15:16:25.598+05:30 TRACE 16888 --- [learn-spring-boot] [           main] o.s.b.f.s.DefaultListableBeanFactory     : Returning cached instance of singleton bean 'autoConfigurationReport'
2025-04-01T15:16:25.598+05:30 TRACE 16888 --- [learn-spring-boot] [           main] o.s.b.f.s.DefaultListableBeanFactory     : Returning cached instance of singleton bean 'autoConfigurationReport'
2025-04-01T15:16:25.598+05:30 TRACE 16888 --- [learn-spring-boot] [           main] o.s.b.f.s.DefaultListableBeanFactory     : Returning cached instance of singleton bean 'autoConfigurationReport'
2025-04-01T15:16:25.598+05:30 TRACE 16888 --- [learn-spring-boot] [           main] o.s.b.f.s.DefaultListableBeanFactory     : Returning cached instance of singleton bean 'autoConfigurationReport'
2025-04-01T15:16:25.598+05:30 TRACE 16888 --- [learn-spring-boot] [           main] o.s.b.f.s.DefaultListableBeanFactory     : Returning cached instance of singleton bean 'autoConfigurationReport'
2025-04-01T15:16:25.598+05:30 TRACE 16888 --- [learn-spring-boot] [           main] o.s.b.f.s.DefaultListableBeanFactory     : Returning cached instance of singleton bean 'autoConfigurationReport'
2025-04-01T15:16:25.603+05:30 TRACE 16888 --- [learn-spring-boot] [           main] s.b.a.a.e.c.OnAvailableEndpointCondition : Condition OnAvailableEndpointCondition on org.springframework.boot.actuate.autoconfigure.logging.LogFileWebEndpointAutoConfiguration did not match due to @ConditionalOnAvailableEndpoint not exposed
2025-04-01T15:16:25.603+05:30 TRACE 16888 --- [learn-spring-boot] [           main] o.s.b.f.s.DefaultListableBeanFactory     : Returning cached instance of singleton bean 'autoConfigurationReport'
2025-04-01T15:16:25.603+05:30 TRACE 16888 --- [learn-spring-boot] [           main] o.s.b.f.s.DefaultListableBeanFactory     : Returning cached instance of singleton bean 'autoConfigurationReport'
2025-04-01T15:16:25.603+05:30 TRACE 16888 --- [learn-spring-boot] [           main] o.s.b.f.s.DefaultListableBeanFactory     : Returning cached instance of singleton bean 'autoConfigurationReport'
2025-04-01T15:16:25.603+05:30 TRACE 16888 --- [learn-spring-boot] [           main] o.s.b.f.s.DefaultListableBeanFactory     : Returning cached instance of singleton bean 'autoConfigurationReport'
2025-04-01T15:16:25.603+05:30 TRACE 16888 --- [learn-spring-boot] [           main] o.s.b.f.s.DefaultListableBeanFactory     : Returning cached instance of singleton bean 'autoConfigurationReport'
2025-04-01T15:16:25.603+05:30 TRACE 16888 --- [learn-spring-boot] [           main] o.s.b.f.s.DefaultListableBeanFactory     : Returning cached instance of singleton bean 'autoConfigurationReport'
2025-04-01T15:16:25.603+05:30 TRACE 16888 --- [learn-spring-boot] [           main] o.s.b.f.s.DefaultListableBeanFactory     : Returning cached instance of singleton bean 'autoConfigurationReport'
2025-04-01T15:16:25.608+05:30 TRACE 16888 --- [learn-spring-boot] [           main] s.b.a.a.e.c.OnAvailableEndpointCondition : Condition OnAvailableEndpointCondition on org.springframework.boot.actuate.autoconfigure.logging.LoggersEndpointAutoConfiguration did not match due to @ConditionalOnAvailableEndpoint not exposed
2025-04-01T15:16:25.608+05:30 TRACE 16888 --- [learn-spring-boot] [           main] o.s.b.f.s.DefaultListableBeanFactory     : Returning cached instance of singleton bean 'autoConfigurationReport'
2025-04-01T15:16:25.608+05:30 TRACE 16888 --- [learn-spring-boot] [           main] o.s.b.f.s.DefaultListableBeanFactory     : Returning cached instance of singleton bean 'autoConfigurationReport'
2025-04-01T15:16:25.608+05:30 TRACE 16888 --- [learn-spring-boot] [           main] o.s.b.f.s.DefaultListableBeanFactory     : Returning cached instance of singleton bean 'autoConfigurationReport'
2025-04-01T15:16:25.608+05:30 TRACE 16888 --- [learn-spring-boot] [           main] o.s.b.f.s.DefaultListableBeanFactory     : Returning cached instance of singleton bean 'autoConfigurationReport'
2025-04-01T15:16:25.608+05:30 TRACE 16888 --- [learn-spring-boot] [           main] o.s.b.f.s.DefaultListableBeanFactory     : Returning cached instance of singleton bean 'autoConfigurationReport'
2025-04-01T15:16:25.608+05:30 TRACE 16888 --- [learn-spring-boot] [           main] o.s.b.f.s.DefaultListableBeanFactory     : Returning cached instance of singleton bean 'autoConfigurationReport'
2025-04-01T15:16:25.608+05:30 TRACE 16888 --- [learn-spring-boot] [           main] o.s.b.f.s.DefaultListableBeanFactory     : Returning cached instance of singleton bean 'autoConfigurationReport'
2025-04-01T15:16:25.610+05:30 TRACE 16888 --- [learn-spring-boot] [           main] s.b.a.a.e.c.OnAvailableEndpointCondition : Condition OnAvailableEndpointCondition on org.springframework.boot.actuate.autoconfigure.management.HeapDumpWebEndpointAutoConfiguration did not match due to @ConditionalOnAvailableEndpoint not exposed
2025-04-01T15:16:25.610+05:30 TRACE 16888 --- [learn-spring-boot] [           main] o.s.b.f.s.DefaultListableBeanFactory     : Returning cached instance of singleton bean 'autoConfigurationReport'
2025-04-01T15:16:25.610+05:30 TRACE 16888 --- [learn-spring-boot] [           main] o.s.b.f.s.DefaultListableBeanFactory     : Returning cached instance of singleton bean 'autoConfigurationReport'
2025-04-01T15:16:25.610+05:30 TRACE 16888 --- [learn-spring-boot] [           main] o.s.b.f.s.DefaultListableBeanFactory     : Returning cached instance of singleton bean 'autoConfigurationReport'
2025-04-01T15:16:25.610+05:30 TRACE 16888 --- [learn-spring-boot] [           main] o.s.b.f.s.DefaultListableBeanFactory     : Returning cached instance of singleton bean 'autoConfigurationReport'
2025-04-01T15:16:25.610+05:30 TRACE 16888 --- [learn-spring-boot] [           main] o.s.b.f.s.DefaultListableBeanFactory     : Returning cached instance of singleton bean 'autoConfigurationReport'
2025-04-01T15:16:25.610+05:30 TRACE 16888 --- [learn-spring-boot] [           main] o.s.b.f.s.DefaultListableBeanFactory     : Returning cached instance of singleton bean 'autoConfigurationReport'
2025-04-01T15:16:25.610+05:30 TRACE 16888 --- [learn-spring-boot] [           main] o.s.b.f.s.DefaultListableBeanFactory     : Returning cached instance of singleton bean 'autoConfigurationReport'
2025-04-01T15:16:25.611+05:30 TRACE 16888 --- [learn-spring-boot] [           main] s.b.a.a.e.c.OnAvailableEndpointCondition : Condition OnAvailableEndpointCondition on org.springframework.boot.actuate.autoconfigure.management.ThreadDumpEndpointAutoConfiguration did not match due to @ConditionalOnAvailableEndpoint not exposed
2025-04-01T15:16:25.611+05:30 TRACE 16888 --- [learn-spring-boot] [           main] o.s.b.f.s.DefaultListableBeanFactory     : Returning cached instance of singleton bean 'autoConfigurationReport'
2025-04-01T15:16:25.611+05:30 TRACE 16888 --- [learn-spring-boot] [           main] o.s.b.f.s.DefaultListableBeanFactory     : Returning cached instance of singleton bean 'autoConfigurationReport'
2025-04-01T15:16:25.611+05:30 TRACE 16888 --- [learn-spring-boot] [           main] o.s.b.f.s.DefaultListableBeanFactory     : Returning cached instance of singleton bean 'autoConfigurationReport'
2025-04-01T15:16:25.611+05:30 TRACE 16888 --- [learn-spring-boot] [           main] o.s.b.f.s.DefaultListableBeanFactory     : Returning cached instance of singleton bean 'autoConfigurationReport'
2025-04-01T15:16:25.611+05:30 TRACE 16888 --- [learn-spring-boot] [           main] o.s.b.f.s.DefaultListableBeanFactory     : Returning cached instance of singleton bean 'autoConfigurationReport'
2025-04-01T15:16:25.611+05:30 TRACE 16888 --- [learn-spring-boot] [           main] o.s.b.f.s.DefaultListableBeanFactory     : Returning cached instance of singleton bean 'autoConfigurationReport'
2025-04-01T15:16:25.611+05:30 TRACE 16888 --- [learn-spring-boot] [           main] o.s.b.f.s.DefaultListableBeanFactory     : Returning cached instance of singleton bean 'autoConfigurationReport'
2025-04-01T15:16:25.612+05:30 TRACE 16888 --- [learn-spring-boot] [           main] o.s.b.a.condition.OnClassCondition       : Condition OnClassCondition on org.springframework.boot.actuate.autoconfigure.metrics.MetricsAutoConfiguration matched due to @ConditionalOnClass found required class 'io.micrometer.core.annotation.Timed'
2025-04-01T15:16:25.612+05:30 TRACE 16888 --- [learn-spring-boot] [           main] o.s.b.f.s.DefaultListableBeanFactory     : Returning cached instance of singleton bean 'autoConfigurationReport'
2025-04-01T15:16:25.612+05:30 TRACE 16888 --- [learn-spring-boot] [           main] o.s.b.f.s.DefaultListableBeanFactory     : Returning cached instance of singleton bean 'autoConfigurationReport'
2025-04-01T15:16:25.612+05:30 TRACE 16888 --- [learn-spring-boot] [           main] o.s.b.f.s.DefaultListableBeanFactory     : Returning cached instance of singleton bean 'autoConfigurationReport'
2025-04-01T15:16:25.612+05:30 TRACE 16888 --- [learn-spring-boot] [           main] o.s.b.f.s.DefaultListableBeanFactory     : Returning cached instance of singleton bean 'autoConfigurationReport'
2025-04-01T15:16:25.612+05:30 TRACE 16888 --- [learn-spring-boot] [           main] o.s.b.f.s.DefaultListableBeanFactory     : Returning cached instance of singleton bean 'autoConfigurationReport'
2025-04-01T15:16:25.612+05:30 TRACE 16888 --- [learn-spring-boot] [           main] o.s.b.f.s.DefaultListableBeanFactory     : Returning cached instance of singleton bean 'autoConfigurationReport'
2025-04-01T15:16:25.612+05:30 TRACE 16888 --- [learn-spring-boot] [           main] o.s.b.f.s.DefaultListableBeanFactory     : Returning cached instance of singleton bean 'autoConfigurationReport'
2025-04-01T15:16:25.612+05:30 TRACE 16888 --- [learn-spring-boot] [           main] o.s.b.f.s.DefaultListableBeanFactory     : Returning cached instance of singleton bean 'autoConfigurationReport'
2025-04-01T15:16:25.612+05:30 TRACE 16888 --- [learn-spring-boot] [           main] o.s.b.f.s.DefaultListableBeanFactory     : Returning cached instance of singleton bean 'autoConfigurationReport'
2025-04-01T15:16:25.612+05:30 TRACE 16888 --- [learn-spring-boot] [           main] o.s.b.f.s.DefaultListableBeanFactory     : Returning cached instance of singleton bean 'autoConfigurationReport'
2025-04-01T15:16:25.615+05:30 TRACE 16888 --- [learn-spring-boot] [           main] .a.a.m.e.OnMetricsExportEnabledCondition : Condition OnMetricsExportEnabledCondition on org.springframework.boot.actuate.autoconfigure.metrics.export.simple.SimpleMetricsExportAutoConfiguration matched due to @ConditionalOnEnabledMetricsExport management.simple.metrics.export.enabled is true
2025-04-01T15:16:25.615+05:30 TRACE 16888 --- [learn-spring-boot] [           main] o.s.b.f.s.DefaultListableBeanFactory     : Returning cached instance of singleton bean 'autoConfigurationReport'
2025-04-01T15:16:25.615+05:30 TRACE 16888 --- [learn-spring-boot] [           main] o.s.b.f.s.DefaultListableBeanFactory     : Returning cached instance of singleton bean 'autoConfigurationReport'
2025-04-01T15:16:25.615+05:30 TRACE 16888 --- [learn-spring-boot] [           main] o.s.b.f.s.DefaultListableBeanFactory     : Returning cached instance of singleton bean 'autoConfigurationReport'
2025-04-01T15:16:25.615+05:30 TRACE 16888 --- [learn-spring-boot] [           main] o.s.b.f.s.DefaultListableBeanFactory     : Returning cached instance of singleton bean 'autoConfigurationReport'
2025-04-01T15:16:25.616+05:30 TRACE 16888 --- [learn-spring-boot] [           main] o.s.b.f.s.DefaultListableBeanFactory     : Returning cached instance of singleton bean 'autoConfigurationReport'
2025-04-01T15:16:25.617+05:30 TRACE 16888 --- [learn-spring-boot] [           main] o.s.b.f.s.DefaultListableBeanFactory     : Returning cached instance of singleton bean 'autoConfigurationReport'
2025-04-01T15:16:25.617+05:30 TRACE 16888 --- [learn-spring-boot] [           main] o.s.b.f.s.DefaultListableBeanFactory     : Returning cached instance of singleton bean 'autoConfigurationReport'
2025-04-01T15:16:25.617+05:30 TRACE 16888 --- [learn-spring-boot] [           main] o.s.b.f.s.DefaultListableBeanFactory     : Returning cached instance of singleton bean 'autoConfigurationReport'
2025-04-01T15:16:25.617+05:30 TRACE 16888 --- [learn-spring-boot] [           main] o.s.b.f.s.DefaultListableBeanFactory     : Returning cached instance of singleton bean 'autoConfigurationReport'
2025-04-01T15:16:25.617+05:30 TRACE 16888 --- [learn-spring-boot] [           main] o.s.b.f.s.DefaultListableBeanFactory     : Returning cached instance of singleton bean 'autoConfigurationReport'
2025-04-01T15:16:25.618+05:30 TRACE 16888 --- [learn-spring-boot] [           main] o.s.b.a.condition.OnClassCondition       : Condition OnClassCondition on org.springframework.boot.actuate.autoconfigure.metrics.CompositeMeterRegistryAutoConfiguration matched due to @ConditionalOnClass found required class 'io.micrometer.core.instrument.composite.CompositeMeterRegistry'
2025-04-01T15:16:25.618+05:30 TRACE 16888 --- [learn-spring-boot] [           main] o.s.b.f.s.DefaultListableBeanFactory     : Returning cached instance of singleton bean 'autoConfigurationReport'
2025-04-01T15:16:25.618+05:30 TRACE 16888 --- [learn-spring-boot] [           main] o.s.b.f.s.DefaultListableBeanFactory     : Returning cached instance of singleton bean 'autoConfigurationReport'
2025-04-01T15:16:25.618+05:30 TRACE 16888 --- [learn-spring-boot] [           main] o.s.b.f.s.DefaultListableBeanFactory     : Returning cached instance of singleton bean 'autoConfigurationReport'
2025-04-01T15:16:25.618+05:30 TRACE 16888 --- [learn-spring-boot] [           main] o.s.b.f.s.DefaultListableBeanFactory     : Returning cached instance of singleton bean 'autoConfigurationReport'
2025-04-01T15:16:25.619+05:30 TRACE 16888 --- [learn-spring-boot] [           main] o.s.b.f.s.DefaultListableBeanFactory     : Returning cached instance of singleton bean 'autoConfigurationReport'
2025-04-01T15:16:25.619+05:30 TRACE 16888 --- [learn-spring-boot] [           main] o.s.b.f.s.DefaultListableBeanFactory     : Returning cached instance of singleton bean 'autoConfigurationReport'
2025-04-01T15:16:25.620+05:30 TRACE 16888 --- [learn-spring-boot] [           main] o.s.b.f.s.DefaultListableBeanFactory     : Returning cached instance of singleton bean 'autoConfigurationReport'
2025-04-01T15:16:25.622+05:30 TRACE 16888 --- [learn-spring-boot] [           main] o.s.b.f.s.DefaultListableBeanFactory     : Returning cached instance of singleton bean 'autoConfigurationReport'
2025-04-01T15:16:25.622+05:30 TRACE 16888 --- [learn-spring-boot] [           main] o.s.b.f.s.DefaultListableBeanFactory     : Returning cached instance of singleton bean 'autoConfigurationReport'
2025-04-01T15:16:25.622+05:30 TRACE 16888 --- [learn-spring-boot] [           main] o.s.b.f.s.DefaultListableBeanFactory     : Returning cached instance of singleton bean 'autoConfigurationReport'
2025-04-01T15:16:25.623+05:30 TRACE 16888 --- [learn-spring-boot] [           main] o.s.b.f.s.DefaultListableBeanFactory     : Returning cached instance of singleton bean 'autoConfigurationReport'
2025-04-01T15:16:25.623+05:30 TRACE 16888 --- [learn-spring-boot] [           main] o.s.b.f.s.DefaultListableBeanFactory     : Returning cached instance of singleton bean 'autoConfigurationReport'
2025-04-01T15:16:25.623+05:30 TRACE 16888 --- [learn-spring-boot] [           main] o.s.b.f.s.DefaultListableBeanFactory     : Returning cached instance of singleton bean 'autoConfigurationReport'
2025-04-01T15:16:25.623+05:30 TRACE 16888 --- [learn-spring-boot] [           main] o.s.b.f.s.DefaultListableBeanFactory     : Returning cached instance of singleton bean 'autoConfigurationReport'
2025-04-01T15:16:25.623+05:30 TRACE 16888 --- [learn-spring-boot] [           main] o.s.b.f.s.DefaultListableBeanFactory     : Returning cached instance of singleton bean 'autoConfigurationReport'
2025-04-01T15:16:25.623+05:30 TRACE 16888 --- [learn-spring-boot] [           main] o.s.b.f.s.DefaultListableBeanFactory     : Returning cached instance of singleton bean 'autoConfigurationReport'
2025-04-01T15:16:25.624+05:30 TRACE 16888 --- [learn-spring-boot] [           main] o.s.b.a.condition.OnClassCondition       : Condition OnClassCondition on org.springframework.boot.actuate.autoconfigure.metrics.JvmMetricsAutoConfiguration matched due to @ConditionalOnClass found required class 'io.micrometer.core.instrument.MeterRegistry'
2025-04-01T15:16:25.624+05:30 TRACE 16888 --- [learn-spring-boot] [           main] o.s.b.f.s.DefaultListableBeanFactory     : Returning cached instance of singleton bean 'autoConfigurationReport'
2025-04-01T15:16:25.624+05:30 TRACE 16888 --- [learn-spring-boot] [           main] o.s.b.f.s.DefaultListableBeanFactory     : Returning cached instance of singleton bean 'autoConfigurationReport'
2025-04-01T15:16:25.624+05:30 TRACE 16888 --- [learn-spring-boot] [           main] o.s.b.f.s.DefaultListableBeanFactory     : Returning cached instance of singleton bean 'autoConfigurationReport'
2025-04-01T15:16:25.624+05:30 TRACE 16888 --- [learn-spring-boot] [           main] o.s.b.f.s.DefaultListableBeanFactory     : Returning cached instance of singleton bean 'autoConfigurationReport'
2025-04-01T15:16:25.624+05:30 TRACE 16888 --- [learn-spring-boot] [           main] o.s.b.f.s.DefaultListableBeanFactory     : Returning cached instance of singleton bean 'autoConfigurationReport'
2025-04-01T15:16:25.624+05:30 TRACE 16888 --- [learn-spring-boot] [           main] o.s.b.f.s.DefaultListableBeanFactory     : Returning cached instance of singleton bean 'autoConfigurationReport'
2025-04-01T15:16:25.624+05:30 TRACE 16888 --- [learn-spring-boot] [           main] o.s.b.f.s.DefaultListableBeanFactory     : Returning cached instance of singleton bean 'autoConfigurationReport'
2025-04-01T15:16:25.624+05:30 TRACE 16888 --- [learn-spring-boot] [           main] o.s.b.f.s.DefaultListableBeanFactory     : Returning cached instance of singleton bean 'autoConfigurationReport'
2025-04-01T15:16:25.624+05:30 TRACE 16888 --- [learn-spring-boot] [           main] o.s.b.f.s.DefaultListableBeanFactory     : Returning cached instance of singleton bean 'autoConfigurationReport'
2025-04-01T15:16:25.624+05:30 TRACE 16888 --- [learn-spring-boot] [           main] o.s.b.f.s.DefaultListableBeanFactory     : Returning cached instance of singleton bean 'autoConfigurationReport'
2025-04-01T15:16:25.625+05:30 TRACE 16888 --- [learn-spring-boot] [           main] o.s.b.a.condition.OnClassCondition       : Condition OnClassCondition on org.springframework.boot.actuate.autoconfigure.metrics.LogbackMetricsAutoConfiguration matched due to @ConditionalOnClass found required classes 'io.micrometer.core.instrument.MeterRegistry', 'ch.qos.logback.classic.LoggerContext', 'org.slf4j.LoggerFactory'
2025-04-01T15:16:25.625+05:30 TRACE 16888 --- [learn-spring-boot] [           main] o.s.b.f.s.DefaultListableBeanFactory     : Returning cached instance of singleton bean 'autoConfigurationReport'
2025-04-01T15:16:25.625+05:30 TRACE 16888 --- [learn-spring-boot] [           main] utoConfiguration$LogbackLoggingCondition : Condition LogbackMetricsAutoConfiguration.LogbackLoggingCondition on org.springframework.boot.actuate.autoconfigure.metrics.LogbackMetricsAutoConfiguration matched due to LogbackLoggingCondition ILoggerFactory is a Logback LoggerContext
2025-04-01T15:16:25.626+05:30 TRACE 16888 --- [learn-spring-boot] [           main] o.s.b.f.s.DefaultListableBeanFactory     : Returning cached instance of singleton bean 'autoConfigurationReport'
2025-04-01T15:16:25.626+05:30 TRACE 16888 --- [learn-spring-boot] [           main] o.s.b.f.s.DefaultListableBeanFactory     : Returning cached instance of singleton bean 'autoConfigurationReport'
2025-04-01T15:16:25.626+05:30 TRACE 16888 --- [learn-spring-boot] [           main] o.s.b.f.s.DefaultListableBeanFactory     : Returning cached instance of singleton bean 'autoConfigurationReport'
2025-04-01T15:16:25.626+05:30 TRACE 16888 --- [learn-spring-boot] [           main] o.s.b.f.s.DefaultListableBeanFactory     : Returning cached instance of singleton bean 'autoConfigurationReport'
2025-04-01T15:16:25.626+05:30 TRACE 16888 --- [learn-spring-boot] [           main] o.s.b.f.s.DefaultListableBeanFactory     : Returning cached instance of singleton bean 'autoConfigurationReport'
2025-04-01T15:16:25.626+05:30 TRACE 16888 --- [learn-spring-boot] [           main] o.s.b.f.s.DefaultListableBeanFactory     : Returning cached instance of singleton bean 'autoConfigurationReport'
2025-04-01T15:16:25.626+05:30 TRACE 16888 --- [learn-spring-boot] [           main] o.s.b.f.s.DefaultListableBeanFactory     : Returning cached instance of singleton bean 'autoConfigurationReport'
2025-04-01T15:16:25.626+05:30 TRACE 16888 --- [learn-spring-boot] [           main] o.s.b.f.s.DefaultListableBeanFactory     : Returning cached instance of singleton bean 'autoConfigurationReport'
2025-04-01T15:16:25.626+05:30 TRACE 16888 --- [learn-spring-boot] [           main] o.s.b.f.s.DefaultListableBeanFactory     : Returning cached instance of singleton bean 'autoConfigurationReport'
2025-04-01T15:16:25.626+05:30 TRACE 16888 --- [learn-spring-boot] [           main] o.s.b.f.s.DefaultListableBeanFactory     : Returning cached instance of singleton bean 'autoConfigurationReport'
2025-04-01T15:16:25.627+05:30 TRACE 16888 --- [learn-spring-boot] [           main] o.s.b.a.condition.OnClassCondition       : Condition OnClassCondition on org.springframework.boot.actuate.autoconfigure.metrics.MetricsEndpointAutoConfiguration matched due to @ConditionalOnClass found required class 'io.micrometer.core.annotation.Timed'
2025-04-01T15:16:25.627+05:30 TRACE 16888 --- [learn-spring-boot] [           main] o.s.b.f.s.DefaultListableBeanFactory     : Returning cached instance of singleton bean 'autoConfigurationReport'
2025-04-01T15:16:25.629+05:30 TRACE 16888 --- [learn-spring-boot] [           main] s.b.a.a.e.c.OnAvailableEndpointCondition : Condition OnAvailableEndpointCondition on org.springframework.boot.actuate.autoconfigure.metrics.MetricsEndpointAutoConfiguration did not match due to @ConditionalOnAvailableEndpoint not exposed
2025-04-01T15:16:25.629+05:30 TRACE 16888 --- [learn-spring-boot] [           main] o.s.b.f.s.DefaultListableBeanFactory     : Returning cached instance of singleton bean 'autoConfigurationReport'
2025-04-01T15:16:25.629+05:30 TRACE 16888 --- [learn-spring-boot] [           main] o.s.b.f.s.DefaultListableBeanFactory     : Returning cached instance of singleton bean 'autoConfigurationReport'
2025-04-01T15:16:25.629+05:30 TRACE 16888 --- [learn-spring-boot] [           main] o.s.b.f.s.DefaultListableBeanFactory     : Returning cached instance of singleton bean 'autoConfigurationReport'
2025-04-01T15:16:25.629+05:30 TRACE 16888 --- [learn-spring-boot] [           main] o.s.b.f.s.DefaultListableBeanFactory     : Returning cached instance of singleton bean 'autoConfigurationReport'
2025-04-01T15:16:25.629+05:30 TRACE 16888 --- [learn-spring-boot] [           main] o.s.b.f.s.DefaultListableBeanFactory     : Returning cached instance of singleton bean 'autoConfigurationReport'
2025-04-01T15:16:25.629+05:30 TRACE 16888 --- [learn-spring-boot] [           main] o.s.b.f.s.DefaultListableBeanFactory     : Returning cached instance of singleton bean 'autoConfigurationReport'
2025-04-01T15:16:25.629+05:30 TRACE 16888 --- [learn-spring-boot] [           main] o.s.b.f.s.DefaultListableBeanFactory     : Returning cached instance of singleton bean 'autoConfigurationReport'
2025-04-01T15:16:25.630+05:30 TRACE 16888 --- [learn-spring-boot] [           main] o.s.b.a.condition.OnClassCondition       : Condition OnClassCondition on org.springframework.boot.actuate.autoconfigure.metrics.SystemMetricsAutoConfiguration matched due to @ConditionalOnClass found required class 'io.micrometer.core.instrument.MeterRegistry'
2025-04-01T15:16:25.630+05:30 TRACE 16888 --- [learn-spring-boot] [           main] o.s.b.f.s.DefaultListableBeanFactory     : Returning cached instance of singleton bean 'autoConfigurationReport'
2025-04-01T15:16:25.630+05:30 TRACE 16888 --- [learn-spring-boot] [           main] o.s.b.f.s.DefaultListableBeanFactory     : Returning cached instance of singleton bean 'autoConfigurationReport'
2025-04-01T15:16:25.630+05:30 TRACE 16888 --- [learn-spring-boot] [           main] o.s.b.f.s.DefaultListableBeanFactory     : Returning cached instance of singleton bean 'autoConfigurationReport'
2025-04-01T15:16:25.630+05:30 TRACE 16888 --- [learn-spring-boot] [           main] o.s.b.f.s.DefaultListableBeanFactory     : Returning cached instance of singleton bean 'autoConfigurationReport'
2025-04-01T15:16:25.631+05:30 TRACE 16888 --- [learn-spring-boot] [           main] o.s.b.f.s.DefaultListableBeanFactory     : Returning cached instance of singleton bean 'autoConfigurationReport'
2025-04-01T15:16:25.631+05:30 TRACE 16888 --- [learn-spring-boot] [           main] o.s.b.f.s.DefaultListableBeanFactory     : Returning cached instance of singleton bean 'autoConfigurationReport'
2025-04-01T15:16:25.631+05:30 TRACE 16888 --- [learn-spring-boot] [           main] o.s.b.f.s.DefaultListableBeanFactory     : Returning cached instance of singleton bean 'autoConfigurationReport'
2025-04-01T15:16:25.631+05:30 TRACE 16888 --- [learn-spring-boot] [           main] o.s.b.f.s.DefaultListableBeanFactory     : Returning cached instance of singleton bean 'autoConfigurationReport'
2025-04-01T15:16:25.631+05:30 TRACE 16888 --- [learn-spring-boot] [           main] o.s.b.f.s.DefaultListableBeanFactory     : Returning cached instance of singleton bean 'autoConfigurationReport'
2025-04-01T15:16:25.631+05:30 TRACE 16888 --- [learn-spring-boot] [           main] o.s.b.f.s.DefaultListableBeanFactory     : Returning cached instance of singleton bean 'autoConfigurationReport'
2025-04-01T15:16:25.631+05:30 TRACE 16888 --- [learn-spring-boot] [           main] o.s.b.f.s.DefaultListableBeanFactory     : Returning cached instance of singleton bean 'autoConfigurationReport'
2025-04-01T15:16:25.631+05:30 TRACE 16888 --- [learn-spring-boot] [           main] o.s.b.f.s.DefaultListableBeanFactory     : Returning cached instance of singleton bean 'autoConfigurationReport'
2025-04-01T15:16:25.631+05:30 TRACE 16888 --- [learn-spring-boot] [           main] o.s.b.f.s.DefaultListableBeanFactory     : Returning cached instance of singleton bean 'autoConfigurationReport'
2025-04-01T15:16:25.632+05:30 TRACE 16888 --- [learn-spring-boot] [           main] o.s.b.a.condition.OnClassCondition       : Condition OnClassCondition on org.springframework.boot.actuate.autoconfigure.metrics.cache.CacheMeterBinderProvidersConfiguration matched due to @ConditionalOnClass found required class 'io.micrometer.core.instrument.binder.MeterBinder'
2025-04-01T15:16:25.632+05:30 TRACE 16888 --- [learn-spring-boot] [           main] o.s.b.f.s.DefaultListableBeanFactory     : Returning cached instance of singleton bean 'autoConfigurationReport'
2025-04-01T15:16:25.632+05:30 TRACE 16888 --- [learn-spring-boot] [           main] o.s.b.f.s.DefaultListableBeanFactory     : Returning cached instance of singleton bean 'autoConfigurationReport'
2025-04-01T15:16:25.632+05:30 TRACE 16888 --- [learn-spring-boot] [           main] o.s.b.f.s.DefaultListableBeanFactory     : Returning cached instance of singleton bean 'autoConfigurationReport'
2025-04-01T15:16:25.632+05:30 TRACE 16888 --- [learn-spring-boot] [           main] o.s.b.f.s.DefaultListableBeanFactory     : Returning cached instance of singleton bean 'autoConfigurationReport'
2025-04-01T15:16:25.634+05:30 TRACE 16888 --- [learn-spring-boot] [           main] o.s.b.a.condition.OnClassCondition       : Condition OnClassCondition on org.springframework.boot.actuate.autoconfigure.metrics.cache.CacheMeterBinderProvidersConfiguration$RedisCacheMeterBinderProviderConfiguration did not match due to @ConditionalOnClass did not find required class 'org.springframework.data.redis.cache.RedisCache'
2025-04-01T15:16:25.634+05:30 TRACE 16888 --- [learn-spring-boot] [           main] o.s.b.f.s.DefaultListableBeanFactory     : Returning cached instance of singleton bean 'autoConfigurationReport'
2025-04-01T15:16:25.634+05:30 TRACE 16888 --- [learn-spring-boot] [           main] o.s.b.a.condition.OnClassCondition       : Condition OnClassCondition on org.springframework.boot.actuate.autoconfigure.metrics.cache.CacheMeterBinderProvidersConfiguration$JCacheCacheMeterBinderProviderConfiguration did not match due to @ConditionalOnClass did not find required classes 'org.springframework.cache.jcache.JCacheCache', 'javax.cache.CacheManager'
2025-04-01T15:16:25.634+05:30 TRACE 16888 --- [learn-spring-boot] [           main] o.s.b.f.s.DefaultListableBeanFactory     : Returning cached instance of singleton bean 'autoConfigurationReport'
2025-04-01T15:16:25.635+05:30 TRACE 16888 --- [learn-spring-boot] [           main] o.s.b.a.condition.OnClassCondition       : Condition OnClassCondition on org.springframework.boot.actuate.autoconfigure.metrics.cache.CacheMeterBinderProvidersConfiguration$HazelcastCacheMeterBinderProviderConfiguration did not match due to @ConditionalOnClass did not find required classes 'com.hazelcast.spring.cache.HazelcastCache', 'com.hazelcast.core.Hazelcast'
2025-04-01T15:16:25.635+05:30 TRACE 16888 --- [learn-spring-boot] [           main] o.s.b.f.s.DefaultListableBeanFactory     : Returning cached instance of singleton bean 'autoConfigurationReport'
2025-04-01T15:16:25.635+05:30 TRACE 16888 --- [learn-spring-boot] [           main] o.s.b.a.condition.OnClassCondition       : Condition OnClassCondition on org.springframework.boot.actuate.autoconfigure.metrics.cache.CacheMeterBinderProvidersConfiguration$CaffeineCacheMeterBinderProviderConfiguration did not match due to @ConditionalOnClass did not find required classes 'org.springframework.cache.caffeine.CaffeineCache', 'com.github.benmanes.caffeine.cache.Cache'
2025-04-01T15:16:25.635+05:30 TRACE 16888 --- [learn-spring-boot] [           main] o.s.b.f.s.DefaultListableBeanFactory     : Returning cached instance of singleton bean 'autoConfigurationReport'
2025-04-01T15:16:25.636+05:30 TRACE 16888 --- [learn-spring-boot] [           main] o.s.b.a.condition.OnClassCondition       : Condition OnClassCondition on org.springframework.boot.actuate.autoconfigure.metrics.cache.CacheMeterBinderProvidersConfiguration$Cache2kCacheMeterBinderProviderConfiguration did not match due to @ConditionalOnClass did not find required classes 'org.cache2k.Cache2kBuilder', 'org.cache2k.extra.spring.SpringCache2kCache', 'org.cache2k.extra.micrometer.Cache2kCacheMetrics'
2025-04-01T15:16:25.636+05:30 TRACE 16888 --- [learn-spring-boot] [           main] o.s.b.f.s.DefaultListableBeanFactory     : Returning cached instance of singleton bean 'autoConfigurationReport'
2025-04-01T15:16:25.636+05:30 TRACE 16888 --- [learn-spring-boot] [           main] o.s.b.f.s.DefaultListableBeanFactory     : Returning cached instance of singleton bean 'autoConfigurationReport'
2025-04-01T15:16:25.636+05:30 TRACE 16888 --- [learn-spring-boot] [           main] o.s.b.f.s.DefaultListableBeanFactory     : Returning cached instance of singleton bean 'autoConfigurationReport'
2025-04-01T15:16:25.636+05:30 TRACE 16888 --- [learn-spring-boot] [           main] o.s.b.f.s.DefaultListableBeanFactory     : Returning cached instance of singleton bean 'autoConfigurationReport'
2025-04-01T15:16:25.637+05:30 TRACE 16888 --- [learn-spring-boot] [           main] o.s.b.f.s.DefaultListableBeanFactory     : Returning cached instance of singleton bean 'autoConfigurationReport'
2025-04-01T15:16:25.637+05:30 TRACE 16888 --- [learn-spring-boot] [           main] o.s.b.f.s.DefaultListableBeanFactory     : Returning cached instance of singleton bean 'autoConfigurationReport'
2025-04-01T15:16:25.637+05:30 TRACE 16888 --- [learn-spring-boot] [           main] o.s.b.f.s.DefaultListableBeanFactory     : Returning cached instance of singleton bean 'autoConfigurationReport'
2025-04-01T15:16:25.637+05:30 TRACE 16888 --- [learn-spring-boot] [           main] o.s.b.f.s.DefaultListableBeanFactory     : Returning cached instance of singleton bean 'autoConfigurationReport'
2025-04-01T15:16:25.637+05:30 TRACE 16888 --- [learn-spring-boot] [           main] o.s.b.f.s.DefaultListableBeanFactory     : Returning cached instance of singleton bean 'autoConfigurationReport'
2025-04-01T15:16:25.637+05:30 TRACE 16888 --- [learn-spring-boot] [           main] o.s.b.f.s.DefaultListableBeanFactory     : Returning cached instance of singleton bean 'autoConfigurationReport'
2025-04-01T15:16:25.637+05:30 TRACE 16888 --- [learn-spring-boot] [           main] o.s.b.f.s.DefaultListableBeanFactory     : Returning cached instance of singleton bean 'autoConfigurationReport'
2025-04-01T15:16:25.637+05:30 TRACE 16888 --- [learn-spring-boot] [           main] o.s.b.f.s.DefaultListableBeanFactory     : Returning cached instance of singleton bean 'autoConfigurationReport'
2025-04-01T15:16:25.637+05:30 TRACE 16888 --- [learn-spring-boot] [           main] o.s.b.f.s.DefaultListableBeanFactory     : Returning cached instance of singleton bean 'autoConfigurationReport'
2025-04-01T15:16:25.638+05:30 TRACE 16888 --- [learn-spring-boot] [           main] o.s.b.f.s.DefaultListableBeanFactory     : Returning cached instance of singleton bean 'autoConfigurationReport'
2025-04-01T15:16:25.638+05:30 TRACE 16888 --- [learn-spring-boot] [           main] o.s.b.f.s.DefaultListableBeanFactory     : Returning cached instance of singleton bean 'autoConfigurationReport'
2025-04-01T15:16:25.638+05:30 TRACE 16888 --- [learn-spring-boot] [           main] o.s.b.f.s.DefaultListableBeanFactory     : Returning cached instance of singleton bean 'autoConfigurationReport'
2025-04-01T15:16:25.638+05:30 TRACE 16888 --- [learn-spring-boot] [           main] o.s.b.f.s.DefaultListableBeanFactory     : Returning cached instance of singleton bean 'autoConfigurationReport'
2025-04-01T15:16:25.638+05:30 TRACE 16888 --- [learn-spring-boot] [           main] o.s.b.f.s.DefaultListableBeanFactory     : Returning cached instance of singleton bean 'autoConfigurationReport'
2025-04-01T15:16:25.638+05:30 TRACE 16888 --- [learn-spring-boot] [           main] o.s.b.f.s.DefaultListableBeanFactory     : Returning cached instance of singleton bean 'autoConfigurationReport'
2025-04-01T15:16:25.638+05:30 TRACE 16888 --- [learn-spring-boot] [           main] o.s.b.a.condition.OnClassCondition       : Condition OnClassCondition on org.springframework.boot.actuate.autoconfigure.metrics.jdbc.DataSourcePoolMetricsAutoConfiguration matched due to @ConditionalOnClass found required classes 'javax.sql.DataSource', 'io.micrometer.core.instrument.MeterRegistry'
2025-04-01T15:16:25.638+05:30 TRACE 16888 --- [learn-spring-boot] [           main] o.s.b.f.s.DefaultListableBeanFactory     : Returning cached instance of singleton bean 'autoConfigurationReport'
2025-04-01T15:16:25.638+05:30 TRACE 16888 --- [learn-spring-boot] [           main] o.s.b.f.s.DefaultListableBeanFactory     : Returning cached instance of singleton bean 'autoConfigurationReport'
2025-04-01T15:16:25.638+05:30 TRACE 16888 --- [learn-spring-boot] [           main] o.s.b.f.s.DefaultListableBeanFactory     : Returning cached instance of singleton bean 'autoConfigurationReport'
2025-04-01T15:16:25.638+05:30 TRACE 16888 --- [learn-spring-boot] [           main] o.s.b.f.s.DefaultListableBeanFactory     : Returning cached instance of singleton bean 'autoConfigurationReport'
2025-04-01T15:16:25.639+05:30 TRACE 16888 --- [learn-spring-boot] [           main] o.s.b.a.condition.OnClassCondition       : Condition OnClassCondition on org.springframework.boot.actuate.autoconfigure.metrics.jdbc.DataSourcePoolMetricsAutoConfiguration$HikariDataSourceMetricsConfiguration did not match due to @ConditionalOnClass did not find required class 'com.zaxxer.hikari.HikariDataSource'
2025-04-01T15:16:25.639+05:30 TRACE 16888 --- [learn-spring-boot] [           main] o.s.b.f.s.DefaultListableBeanFactory     : Returning cached instance of singleton bean 'autoConfigurationReport'
2025-04-01T15:16:25.639+05:30 TRACE 16888 --- [learn-spring-boot] [           main] o.s.b.f.s.DefaultListableBeanFactory     : Returning cached instance of singleton bean 'autoConfigurationReport'
2025-04-01T15:16:25.639+05:30 TRACE 16888 --- [learn-spring-boot] [           main] o.s.b.f.s.DefaultListableBeanFactory     : Returning cached instance of singleton bean 'autoConfigurationReport'
2025-04-01T15:16:25.639+05:30 TRACE 16888 --- [learn-spring-boot] [           main] o.s.b.f.s.DefaultListableBeanFactory     : Returning cached instance of singleton bean 'autoConfigurationReport'
2025-04-01T15:16:25.640+05:30 TRACE 16888 --- [learn-spring-boot] [           main] o.s.b.f.s.DefaultListableBeanFactory     : Returning cached instance of singleton bean 'autoConfigurationReport'
2025-04-01T15:16:25.640+05:30 TRACE 16888 --- [learn-spring-boot] [           main] o.s.b.f.s.DefaultListableBeanFactory     : Returning cached instance of singleton bean 'autoConfigurationReport'
2025-04-01T15:16:25.640+05:30 TRACE 16888 --- [learn-spring-boot] [           main] o.s.b.f.s.DefaultListableBeanFactory     : Returning cached instance of singleton bean 'autoConfigurationReport'
2025-04-01T15:16:25.640+05:30 TRACE 16888 --- [learn-spring-boot] [           main] o.s.b.f.s.DefaultListableBeanFactory     : Returning cached instance of singleton bean 'autoConfigurationReport'
2025-04-01T15:16:25.640+05:30 TRACE 16888 --- [learn-spring-boot] [           main] o.s.b.f.s.DefaultListableBeanFactory     : Returning cached instance of singleton bean 'autoConfigurationReport'
2025-04-01T15:16:25.640+05:30 TRACE 16888 --- [learn-spring-boot] [           main] o.s.b.f.s.DefaultListableBeanFactory     : Returning cached instance of singleton bean 'autoConfigurationReport'
2025-04-01T15:16:25.641+05:30 TRACE 16888 --- [learn-spring-boot] [           main] o.s.b.a.condition.OnClassCondition       : Condition OnClassCondition on org.springframework.boot.actuate.autoconfigure.metrics.startup.StartupTimeMetricsListenerAutoConfiguration matched due to @ConditionalOnClass found required class 'io.micrometer.core.instrument.MeterRegistry'
2025-04-01T15:16:25.641+05:30 TRACE 16888 --- [learn-spring-boot] [           main] o.s.b.f.s.DefaultListableBeanFactory     : Returning cached instance of singleton bean 'autoConfigurationReport'
2025-04-01T15:16:25.641+05:30 TRACE 16888 --- [learn-spring-boot] [           main] o.s.b.f.s.DefaultListableBeanFactory     : Returning cached instance of singleton bean 'autoConfigurationReport'
2025-04-01T15:16:25.641+05:30 TRACE 16888 --- [learn-spring-boot] [           main] o.s.b.f.s.DefaultListableBeanFactory     : Returning cached instance of singleton bean 'autoConfigurationReport'
2025-04-01T15:16:25.641+05:30 TRACE 16888 --- [learn-spring-boot] [           main] o.s.b.f.s.DefaultListableBeanFactory     : Returning cached instance of singleton bean 'autoConfigurationReport'
2025-04-01T15:16:25.641+05:30 TRACE 16888 --- [learn-spring-boot] [           main] o.s.b.f.s.DefaultListableBeanFactory     : Returning cached instance of singleton bean 'autoConfigurationReport'
2025-04-01T15:16:25.641+05:30 TRACE 16888 --- [learn-spring-boot] [           main] o.s.b.f.s.DefaultListableBeanFactory     : Returning cached instance of singleton bean 'autoConfigurationReport'
2025-04-01T15:16:25.641+05:30 TRACE 16888 --- [learn-spring-boot] [           main] o.s.b.f.s.DefaultListableBeanFactory     : Returning cached instance of singleton bean 'autoConfigurationReport'
2025-04-01T15:16:25.641+05:30 TRACE 16888 --- [learn-spring-boot] [           main] o.s.b.f.s.DefaultListableBeanFactory     : Returning cached instance of singleton bean 'autoConfigurationReport'
2025-04-01T15:16:25.641+05:30 TRACE 16888 --- [learn-spring-boot] [           main] o.s.b.f.s.DefaultListableBeanFactory     : Returning cached instance of singleton bean 'autoConfigurationReport'
2025-04-01T15:16:25.641+05:30 TRACE 16888 --- [learn-spring-boot] [           main] o.s.b.f.s.DefaultListableBeanFactory     : Returning cached instance of singleton bean 'autoConfigurationReport'
2025-04-01T15:16:25.641+05:30 TRACE 16888 --- [learn-spring-boot] [           main] o.s.b.a.condition.OnClassCondition       : Condition OnClassCondition on org.springframework.boot.autoconfigure.task.TaskSchedulingAutoConfiguration matched due to @ConditionalOnClass found required class 'org.springframework.scheduling.concurrent.ThreadPoolTaskScheduler'
2025-04-01T15:16:25.642+05:30 TRACE 16888 --- [learn-spring-boot] [           main] o.s.b.f.s.DefaultListableBeanFactory     : Returning cached instance of singleton bean 'autoConfigurationReport'
2025-04-01T15:16:25.642+05:30 TRACE 16888 --- [learn-spring-boot] [           main] o.s.b.f.s.DefaultListableBeanFactory     : Returning cached instance of singleton bean 'autoConfigurationReport'
2025-04-01T15:16:25.642+05:30 TRACE 16888 --- [learn-spring-boot] [           main] o.s.b.f.s.DefaultListableBeanFactory     : Returning cached instance of singleton bean 'autoConfigurationReport'
2025-04-01T15:16:25.642+05:30 TRACE 16888 --- [learn-spring-boot] [           main] o.s.b.f.s.DefaultListableBeanFactory     : Returning cached instance of singleton bean 'autoConfigurationReport'
2025-04-01T15:16:25.643+05:30 TRACE 16888 --- [learn-spring-boot] [           main] o.s.b.f.s.DefaultListableBeanFactory     : Returning cached instance of singleton bean 'autoConfigurationReport'
2025-04-01T15:16:25.643+05:30 TRACE 16888 --- [learn-spring-boot] [           main] o.s.b.f.s.DefaultListableBeanFactory     : Returning cached instance of singleton bean 'autoConfigurationReport'
2025-04-01T15:16:25.643+05:30 TRACE 16888 --- [learn-spring-boot] [           main] o.s.b.f.s.DefaultListableBeanFactory     : Returning cached instance of singleton bean 'autoConfigurationReport'
2025-04-01T15:16:25.643+05:30 TRACE 16888 --- [learn-spring-boot] [           main] o.s.b.f.s.DefaultListableBeanFactory     : Returning cached instance of singleton bean 'autoConfigurationReport'
2025-04-01T15:16:25.643+05:30 TRACE 16888 --- [learn-spring-boot] [           main] o.s.b.f.s.DefaultListableBeanFactory     : Returning cached instance of singleton bean 'autoConfigurationReport'
2025-04-01T15:16:25.643+05:30 TRACE 16888 --- [learn-spring-boot] [           main] o.s.b.f.s.DefaultListableBeanFactory     : Returning cached instance of singleton bean 'autoConfigurationReport'
2025-04-01T15:16:25.643+05:30 TRACE 16888 --- [learn-spring-boot] [           main] o.s.b.f.s.DefaultListableBeanFactory     : Returning cached instance of singleton bean 'autoConfigurationReport'
2025-04-01T15:16:25.643+05:30 TRACE 16888 --- [learn-spring-boot] [           main] o.s.b.f.s.DefaultListableBeanFactory     : Returning cached instance of singleton bean 'autoConfigurationReport'
2025-04-01T15:16:25.643+05:30 TRACE 16888 --- [learn-spring-boot] [           main] o.s.b.f.s.DefaultListableBeanFactory     : Returning cached instance of singleton bean 'autoConfigurationReport'
2025-04-01T15:16:25.643+05:30 TRACE 16888 --- [learn-spring-boot] [           main] o.s.b.f.s.DefaultListableBeanFactory     : Returning cached instance of singleton bean 'autoConfigurationReport'
2025-04-01T15:16:25.643+05:30 TRACE 16888 --- [learn-spring-boot] [           main] o.s.b.f.s.DefaultListableBeanFactory     : Returning cached instance of singleton bean 'autoConfigurationReport'
2025-04-01T15:16:25.643+05:30 TRACE 16888 --- [learn-spring-boot] [           main] o.s.b.f.s.DefaultListableBeanFactory     : Returning cached instance of singleton bean 'autoConfigurationReport'
2025-04-01T15:16:25.643+05:30 TRACE 16888 --- [learn-spring-boot] [           main] o.s.b.f.s.DefaultListableBeanFactory     : Returning cached instance of singleton bean 'autoConfigurationReport'
2025-04-01T15:16:25.643+05:30 TRACE 16888 --- [learn-spring-boot] [           main] o.s.b.f.s.DefaultListableBeanFactory     : Returning cached instance of singleton bean 'autoConfigurationReport'
2025-04-01T15:16:25.643+05:30 TRACE 16888 --- [learn-spring-boot] [           main] o.s.b.f.s.DefaultListableBeanFactory     : Returning cached instance of singleton bean 'autoConfigurationReport'
2025-04-01T15:16:25.644+05:30 TRACE 16888 --- [learn-spring-boot] [           main] o.s.b.a.condition.OnClassCondition       : Condition OnClassCondition on org.springframework.boot.actuate.autoconfigure.metrics.task.TaskExecutorMetricsAutoConfiguration matched due to @ConditionalOnClass found required class 'io.micrometer.core.instrument.binder.jvm.ExecutorServiceMetrics'
2025-04-01T15:16:25.644+05:30 TRACE 16888 --- [learn-spring-boot] [           main] o.s.b.f.s.DefaultListableBeanFactory     : Returning cached instance of singleton bean 'autoConfigurationReport'
2025-04-01T15:16:25.644+05:30 TRACE 16888 --- [learn-spring-boot] [           main] o.s.b.f.s.DefaultListableBeanFactory     : Returning cached instance of singleton bean 'autoConfigurationReport'
2025-04-01T15:16:25.644+05:30 TRACE 16888 --- [learn-spring-boot] [           main] o.s.b.f.s.DefaultListableBeanFactory     : Returning cached instance of singleton bean 'autoConfigurationReport'
2025-04-01T15:16:25.644+05:30 TRACE 16888 --- [learn-spring-boot] [           main] o.s.b.f.s.DefaultListableBeanFactory     : Returning cached instance of singleton bean 'autoConfigurationReport'
2025-04-01T15:16:25.644+05:30 TRACE 16888 --- [learn-spring-boot] [           main] o.s.b.f.s.DefaultListableBeanFactory     : Returning cached instance of singleton bean 'autoConfigurationReport'
2025-04-01T15:16:25.644+05:30 TRACE 16888 --- [learn-spring-boot] [           main] o.s.b.f.s.DefaultListableBeanFactory     : Returning cached instance of singleton bean 'autoConfigurationReport'
2025-04-01T15:16:25.644+05:30 TRACE 16888 --- [learn-spring-boot] [           main] o.s.b.f.s.DefaultListableBeanFactory     : Returning cached instance of singleton bean 'autoConfigurationReport'
2025-04-01T15:16:25.644+05:30 TRACE 16888 --- [learn-spring-boot] [           main] o.s.b.f.s.DefaultListableBeanFactory     : Returning cached instance of singleton bean 'autoConfigurationReport'
2025-04-01T15:16:25.644+05:30 TRACE 16888 --- [learn-spring-boot] [           main] o.s.b.f.s.DefaultListableBeanFactory     : Returning cached instance of singleton bean 'autoConfigurationReport'
2025-04-01T15:16:25.644+05:30 TRACE 16888 --- [learn-spring-boot] [           main] o.s.b.f.s.DefaultListableBeanFactory     : Returning cached instance of singleton bean 'autoConfigurationReport'
2025-04-01T15:16:25.644+05:30 TRACE 16888 --- [learn-spring-boot] [           main] o.s.b.a.condition.OnClassCondition       : Condition OnClassCondition on org.springframework.boot.actuate.autoconfigure.metrics.web.tomcat.TomcatMetricsAutoConfiguration matched due to @ConditionalOnClass found required classes 'io.micrometer.core.instrument.binder.tomcat.TomcatMetrics', 'org.apache.catalina.Manager'
2025-04-01T15:16:25.644+05:30 TRACE 16888 --- [learn-spring-boot] [           main] o.s.b.f.s.DefaultListableBeanFactory     : Returning cached instance of singleton bean 'autoConfigurationReport'
2025-04-01T15:16:25.644+05:30 TRACE 16888 --- [learn-spring-boot] [           main] o.s.b.a.c.OnWebApplicationCondition      : Condition OnWebApplicationCondition on org.springframework.boot.actuate.autoconfigure.metrics.web.tomcat.TomcatMetricsAutoConfiguration matched due to @ConditionalOnWebApplication (required) found 'session' scope
2025-04-01T15:16:25.644+05:30 TRACE 16888 --- [learn-spring-boot] [           main] o.s.b.f.s.DefaultListableBeanFactory     : Returning cached instance of singleton bean 'autoConfigurationReport'
2025-04-01T15:16:25.645+05:30 TRACE 16888 --- [learn-spring-boot] [           main] o.s.b.f.s.DefaultListableBeanFactory     : Returning cached instance of singleton bean 'autoConfigurationReport'
2025-04-01T15:16:25.645+05:30 TRACE 16888 --- [learn-spring-boot] [           main] o.s.b.f.s.DefaultListableBeanFactory     : Returning cached instance of singleton bean 'autoConfigurationReport'
2025-04-01T15:16:25.645+05:30 TRACE 16888 --- [learn-spring-boot] [           main] o.s.b.f.s.DefaultListableBeanFactory     : Returning cached instance of singleton bean 'autoConfigurationReport'
2025-04-01T15:16:25.645+05:30 TRACE 16888 --- [learn-spring-boot] [           main] o.s.b.f.s.DefaultListableBeanFactory     : Returning cached instance of singleton bean 'autoConfigurationReport'
2025-04-01T15:16:25.645+05:30 TRACE 16888 --- [learn-spring-boot] [           main] o.s.b.f.s.DefaultListableBeanFactory     : Returning cached instance of singleton bean 'autoConfigurationReport'
2025-04-01T15:16:25.645+05:30 TRACE 16888 --- [learn-spring-boot] [           main] o.s.b.f.s.DefaultListableBeanFactory     : Returning cached instance of singleton bean 'autoConfigurationReport'
2025-04-01T15:16:25.645+05:30 TRACE 16888 --- [learn-spring-boot] [           main] o.s.b.f.s.DefaultListableBeanFactory     : Returning cached instance of singleton bean 'autoConfigurationReport'
2025-04-01T15:16:25.645+05:30 TRACE 16888 --- [learn-spring-boot] [           main] o.s.b.f.s.DefaultListableBeanFactory     : Returning cached instance of singleton bean 'autoConfigurationReport'
2025-04-01T15:16:25.645+05:30 TRACE 16888 --- [learn-spring-boot] [           main] o.s.b.f.s.DefaultListableBeanFactory     : Returning cached instance of singleton bean 'autoConfigurationReport'
2025-04-01T15:16:25.645+05:30 TRACE 16888 --- [learn-spring-boot] [           main] o.s.b.a.condition.OnClassCondition       : Condition OnClassCondition on org.springframework.boot.actuate.autoconfigure.observation.ObservationAutoConfiguration matched due to @ConditionalOnClass found required class 'io.micrometer.observation.ObservationRegistry'
2025-04-01T15:16:25.645+05:30 TRACE 16888 --- [learn-spring-boot] [           main] o.s.b.f.s.DefaultListableBeanFactory     : Returning cached instance of singleton bean 'autoConfigurationReport'
2025-04-01T15:16:25.645+05:30 TRACE 16888 --- [learn-spring-boot] [           main] o.s.b.f.s.DefaultListableBeanFactory     : Returning cached instance of singleton bean 'autoConfigurationReport'
2025-04-01T15:16:25.645+05:30 TRACE 16888 --- [learn-spring-boot] [           main] o.s.b.f.s.DefaultListableBeanFactory     : Returning cached instance of singleton bean 'autoConfigurationReport'
2025-04-01T15:16:25.645+05:30 TRACE 16888 --- [learn-spring-boot] [           main] o.s.b.f.s.DefaultListableBeanFactory     : Returning cached instance of singleton bean 'autoConfigurationReport'
2025-04-01T15:16:25.647+05:30 TRACE 16888 --- [learn-spring-boot] [           main] o.s.b.a.condition.OnClassCondition       : Condition OnClassCondition on org.springframework.boot.actuate.autoconfigure.observation.ObservationAutoConfiguration$ObservedAspectConfiguration did not match due to @ConditionalOnClass did not find required class 'org.aspectj.weaver.Advice'
2025-04-01T15:16:25.647+05:30 TRACE 16888 --- [learn-spring-boot] [           main] o.s.b.f.s.DefaultListableBeanFactory     : Returning cached instance of singleton bean 'autoConfigurationReport'
2025-04-01T15:16:25.647+05:30 TRACE 16888 --- [learn-spring-boot] [           main] o.s.b.f.s.DefaultListableBeanFactory     : Returning cached instance of singleton bean 'autoConfigurationReport'
2025-04-01T15:16:25.647+05:30 TRACE 16888 --- [learn-spring-boot] [           main] o.s.b.f.s.DefaultListableBeanFactory     : Returning cached instance of singleton bean 'autoConfigurationReport'
2025-04-01T15:16:25.647+05:30 TRACE 16888 --- [learn-spring-boot] [           main] o.s.b.f.s.DefaultListableBeanFactory     : Returning cached instance of singleton bean 'autoConfigurationReport'
2025-04-01T15:16:25.648+05:30 TRACE 16888 --- [learn-spring-boot] [           main] o.s.b.f.s.DefaultListableBeanFactory     : Returning cached instance of singleton bean 'autoConfigurationReport'
2025-04-01T15:16:25.648+05:30 TRACE 16888 --- [learn-spring-boot] [           main] o.s.b.f.s.DefaultListableBeanFactory     : Returning cached instance of singleton bean 'autoConfigurationReport'
2025-04-01T15:16:25.648+05:30 TRACE 16888 --- [learn-spring-boot] [           main] o.s.b.f.s.DefaultListableBeanFactory     : Returning cached instance of singleton bean 'autoConfigurationReport'
2025-04-01T15:16:25.648+05:30 TRACE 16888 --- [learn-spring-boot] [           main] o.s.b.a.condition.OnBeanCondition        : Condition OnBeanCondition on org.springframework.boot.actuate.autoconfigure.observation.ObservationAutoConfiguration$MeterObservationHandlerConfiguration$TracingAndMetricsObservationHandlerConfiguration did not match due to @ConditionalOnBean did not find required type 'io.micrometer.tracing.Tracer'
2025-04-01T15:16:25.648+05:30 TRACE 16888 --- [learn-spring-boot] [           main] o.s.b.a.AutoConfigurationImportSelector  : Filtered 1 auto configuration class in 0 ms
2025-04-01T15:16:25.649+05:30 TRACE 16888 --- [learn-spring-boot] [           main] o.s.b.f.s.DefaultListableBeanFactory     : Returning cached instance of singleton bean 'autoConfigurationReport'
2025-04-01T15:16:25.649+05:30 TRACE 16888 --- [learn-spring-boot] [           main] o.s.b.f.s.DefaultListableBeanFactory     : Returning cached instance of singleton bean 'autoConfigurationReport'
2025-04-01T15:16:25.649+05:30 TRACE 16888 --- [learn-spring-boot] [           main] o.s.b.f.s.DefaultListableBeanFactory     : Returning cached instance of singleton bean 'autoConfigurationReport'
2025-04-01T15:16:25.649+05:30 TRACE 16888 --- [learn-spring-boot] [           main] o.s.b.a.condition.OnClassCondition       : Condition OnClassCondition on org.springframework.boot.actuate.autoconfigure.observation.ObservationAutoConfiguration$MetricsWithTracingConfiguration did not match due to @ConditionalOnClass did not find required class 'io.micrometer.tracing.Tracer'
2025-04-01T15:16:25.649+05:30 TRACE 16888 --- [learn-spring-boot] [           main] o.s.b.f.s.DefaultListableBeanFactory     : Returning cached instance of singleton bean 'autoConfigurationReport'
2025-04-01T15:16:25.649+05:30 TRACE 16888 --- [learn-spring-boot] [           main] o.s.b.a.condition.OnClassCondition       : Condition OnClassCondition on org.springframework.boot.actuate.autoconfigure.observation.ObservationAutoConfiguration$OnlyTracingConfiguration did not match due to @ConditionalOnClass did not find required class 'io.micrometer.tracing.Tracer'
2025-04-01T15:16:25.649+05:30 TRACE 16888 --- [learn-spring-boot] [           main] o.s.b.f.s.DefaultListableBeanFactory     : Returning cached instance of singleton bean 'autoConfigurationReport'
2025-04-01T15:16:25.650+05:30 TRACE 16888 --- [learn-spring-boot] [           main] o.s.b.a.condition.OnClassCondition       : Condition OnClassCondition on org.springframework.boot.actuate.autoconfigure.observation.ObservationAutoConfiguration$OnlyMetricsConfiguration matched due to @ConditionalOnClass found required class 'io.micrometer.core.instrument.MeterRegistry'; @ConditionalOnMissingClass did not find unwanted class 'io.micrometer.tracing.Tracer'
2025-04-01T15:16:25.650+05:30 TRACE 16888 --- [learn-spring-boot] [           main] o.s.b.f.s.DefaultListableBeanFactory     : Returning cached instance of singleton bean 'autoConfigurationReport'
2025-04-01T15:16:25.650+05:30 TRACE 16888 --- [learn-spring-boot] [           main] o.s.b.a.condition.OnClassCondition       : Condition OnClassCondition on org.springframework.boot.actuate.autoconfigure.observation.ObservationAutoConfiguration$OnlyMetricsConfiguration matched due to @ConditionalOnClass found required class 'io.micrometer.core.instrument.MeterRegistry'; @ConditionalOnMissingClass did not find unwanted class 'io.micrometer.tracing.Tracer'
2025-04-01T15:16:25.650+05:30 TRACE 16888 --- [learn-spring-boot] [           main] o.s.b.f.s.DefaultListableBeanFactory     : Returning cached instance of singleton bean 'autoConfigurationReport'
2025-04-01T15:16:25.650+05:30 TRACE 16888 --- [learn-spring-boot] [           main] o.s.b.f.s.DefaultListableBeanFactory     : Returning cached instance of singleton bean 'autoConfigurationReport'
2025-04-01T15:16:25.650+05:30 TRACE 16888 --- [learn-spring-boot] [           main] o.s.b.f.s.DefaultListableBeanFactory     : Returning cached instance of singleton bean 'autoConfigurationReport'
2025-04-01T15:16:25.650+05:30 TRACE 16888 --- [learn-spring-boot] [           main] o.s.b.f.s.DefaultListableBeanFactory     : Returning cached instance of singleton bean 'autoConfigurationReport'
2025-04-01T15:16:25.651+05:30 TRACE 16888 --- [learn-spring-boot] [           main] o.s.b.f.s.DefaultListableBeanFactory     : Returning cached instance of singleton bean 'autoConfigurationReport'
2025-04-01T15:16:25.651+05:30 TRACE 16888 --- [learn-spring-boot] [           main] o.s.b.f.s.DefaultListableBeanFactory     : Returning cached instance of singleton bean 'autoConfigurationReport'
2025-04-01T15:16:25.651+05:30 TRACE 16888 --- [learn-spring-boot] [           main] o.s.b.f.s.DefaultListableBeanFactory     : Returning cached instance of singleton bean 'autoConfigurationReport'
2025-04-01T15:16:25.651+05:30 TRACE 16888 --- [learn-spring-boot] [           main] o.s.b.f.s.DefaultListableBeanFactory     : Returning cached instance of singleton bean 'autoConfigurationReport'
2025-04-01T15:16:25.651+05:30 TRACE 16888 --- [learn-spring-boot] [           main] o.s.b.f.s.DefaultListableBeanFactory     : Returning cached instance of singleton bean 'autoConfigurationReport'
2025-04-01T15:16:25.651+05:30 TRACE 16888 --- [learn-spring-boot] [           main] o.s.b.f.s.DefaultListableBeanFactory     : Returning cached instance of singleton bean 'autoConfigurationReport'
2025-04-01T15:16:25.652+05:30 TRACE 16888 --- [learn-spring-boot] [           main] o.s.b.a.condition.OnClassCondition       : Condition OnClassCondition on org.springframework.boot.autoconfigure.http.HttpMessageConvertersAutoConfiguration matched due to @ConditionalOnClass found required class 'org.springframework.http.converter.HttpMessageConverter'
2025-04-01T15:16:25.652+05:30 TRACE 16888 --- [learn-spring-boot] [           main] o.s.b.f.s.DefaultListableBeanFactory     : Returning cached instance of singleton bean 'autoConfigurationReport'
2025-04-01T15:16:25.659+05:30 TRACE 16888 --- [learn-spring-boot] [           main] ation$NotReactiveWebApplicationCondition : Condition HttpMessageConvertersAutoConfiguration.NotReactiveWebApplicationCondition on org.springframework.boot.autoconfigure.http.HttpMessageConvertersAutoConfiguration matched due to NoneNestedConditions 0 matched 1 did not; NestedCondition on HttpMessageConvertersAutoConfiguration.NotReactiveWebApplicationCondition.ReactiveWebApplication did not find reactive web application classes
2025-04-01T15:16:25.659+05:30 TRACE 16888 --- [learn-spring-boot] [           main] o.s.b.f.s.DefaultListableBeanFactory     : Returning cached instance of singleton bean 'autoConfigurationReport'
2025-04-01T15:16:25.659+05:30 TRACE 16888 --- [learn-spring-boot] [           main] o.s.b.f.s.DefaultListableBeanFactory     : Returning cached instance of singleton bean 'autoConfigurationReport'
2025-04-01T15:16:25.659+05:30 TRACE 16888 --- [learn-spring-boot] [           main] o.s.b.f.s.DefaultListableBeanFactory     : Returning cached instance of singleton bean 'autoConfigurationReport'
2025-04-01T15:16:25.659+05:30 TRACE 16888 --- [learn-spring-boot] [           main] o.s.b.f.s.DefaultListableBeanFactory     : Returning cached instance of singleton bean 'autoConfigurationReport'
2025-04-01T15:16:25.660+05:30 TRACE 16888 --- [learn-spring-boot] [           main] o.s.b.a.condition.OnClassCondition       : Condition OnClassCondition on org.springframework.boot.autoconfigure.http.HttpMessageConvertersAutoConfiguration$StringHttpMessageConverterConfiguration matched due to @ConditionalOnClass found required class 'org.springframework.http.converter.StringHttpMessageConverter'
2025-04-01T15:16:25.661+05:30 TRACE 16888 --- [learn-spring-boot] [           main] o.s.b.f.s.DefaultListableBeanFactory     : Returning cached instance of singleton bean 'autoConfigurationReport'
2025-04-01T15:16:25.661+05:30 TRACE 16888 --- [learn-spring-boot] [           main] o.s.b.f.s.DefaultListableBeanFactory     : Returning cached instance of singleton bean 'autoConfigurationReport'
2025-04-01T15:16:25.661+05:30 TRACE 16888 --- [learn-spring-boot] [           main] o.s.b.f.s.DefaultListableBeanFactory     : Returning cached instance of singleton bean 'autoConfigurationReport'
2025-04-01T15:16:25.661+05:30 TRACE 16888 --- [learn-spring-boot] [           main] o.s.b.f.s.DefaultListableBeanFactory     : Returning cached instance of singleton bean 'autoConfigurationReport'
2025-04-01T15:16:25.662+05:30 TRACE 16888 --- [learn-spring-boot] [           main] o.s.b.f.s.DefaultListableBeanFactory     : Returning cached instance of singleton bean 'autoConfigurationReport'
2025-04-01T15:16:25.662+05:30 TRACE 16888 --- [learn-spring-boot] [           main] o.s.b.f.s.DefaultListableBeanFactory     : Returning cached instance of singleton bean 'autoConfigurationReport'
2025-04-01T15:16:25.662+05:30 TRACE 16888 --- [learn-spring-boot] [           main] o.s.b.f.s.DefaultListableBeanFactory     : Returning cached instance of singleton bean 'autoConfigurationReport'
2025-04-01T15:16:25.665+05:30 TRACE 16888 --- [learn-spring-boot] [           main] o.s.b.a.condition.OnClassCondition       : Condition OnClassCondition on org.springframework.boot.autoconfigure.http.JacksonHttpMessageConvertersConfiguration$MappingJackson2XmlHttpMessageConverterConfiguration did not match due to @ConditionalOnClass did not find required class 'com.fasterxml.jackson.dataformat.xml.XmlMapper'
2025-04-01T15:16:25.665+05:30 TRACE 16888 --- [learn-spring-boot] [           main] o.s.b.f.s.DefaultListableBeanFactory     : Returning cached instance of singleton bean 'autoConfigurationReport'
2025-04-01T15:16:25.666+05:30 TRACE 16888 --- [learn-spring-boot] [           main] o.s.b.a.condition.OnClassCondition       : Condition OnClassCondition on org.springframework.boot.autoconfigure.http.JacksonHttpMessageConvertersConfiguration$MappingJackson2HttpMessageConverterConfiguration matched due to @ConditionalOnClass found required class 'com.fasterxml.jackson.databind.ObjectMapper'
2025-04-01T15:16:25.666+05:30 TRACE 16888 --- [learn-spring-boot] [           main] o.s.b.f.s.DefaultListableBeanFactory     : Returning cached instance of singleton bean 'autoConfigurationReport'
2025-04-01T15:16:25.666+05:30 TRACE 16888 --- [learn-spring-boot] [           main] o.s.b.a.condition.OnPropertyCondition    : Condition OnPropertyCondition on org.springframework.boot.autoconfigure.http.JacksonHttpMessageConvertersConfiguration$MappingJackson2HttpMessageConverterConfiguration matched due to @ConditionalOnProperty (spring.mvc.converters.preferred-json-mapper=jackson) matched
2025-04-01T15:16:25.666+05:30 TRACE 16888 --- [learn-spring-boot] [           main] o.s.b.f.s.DefaultListableBeanFactory     : Returning cached instance of singleton bean 'autoConfigurationReport'
2025-04-01T15:16:25.666+05:30 TRACE 16888 --- [learn-spring-boot] [           main] o.s.b.f.s.DefaultListableBeanFactory     : Returning cached instance of singleton bean 'autoConfigurationReport'
2025-04-01T15:16:25.666+05:30 TRACE 16888 --- [learn-spring-boot] [           main] o.s.b.f.s.DefaultListableBeanFactory     : Returning cached instance of singleton bean 'autoConfigurationReport'
2025-04-01T15:16:25.666+05:30 TRACE 16888 --- [learn-spring-boot] [           main] o.s.b.f.s.DefaultListableBeanFactory     : Returning cached instance of singleton bean 'autoConfigurationReport'
2025-04-01T15:16:25.667+05:30 TRACE 16888 --- [learn-spring-boot] [           main] o.s.b.a.condition.OnClassCondition       : Condition OnClassCondition on org.springframework.boot.autoconfigure.http.GsonHttpMessageConvertersConfiguration did not match due to @ConditionalOnClass did not find required class 'com.google.gson.Gson'
2025-04-01T15:16:25.667+05:30 TRACE 16888 --- [learn-spring-boot] [           main] o.s.b.f.s.DefaultListableBeanFactory     : Returning cached instance of singleton bean 'autoConfigurationReport'
2025-04-01T15:16:25.667+05:30 TRACE 16888 --- [learn-spring-boot] [           main] o.s.b.a.condition.OnClassCondition       : Condition OnClassCondition on org.springframework.boot.autoconfigure.http.JsonbHttpMessageConvertersConfiguration did not match due to @ConditionalOnClass did not find required class 'jakarta.json.bind.Jsonb'
2025-04-01T15:16:25.667+05:30 TRACE 16888 --- [learn-spring-boot] [           main] o.s.b.f.s.DefaultListableBeanFactory     : Returning cached instance of singleton bean 'autoConfigurationReport'
2025-04-01T15:16:25.668+05:30 TRACE 16888 --- [learn-spring-boot] [           main] o.s.b.f.s.DefaultListableBeanFactory     : Returning cached instance of singleton bean 'autoConfigurationReport'
2025-04-01T15:16:25.668+05:30 TRACE 16888 --- [learn-spring-boot] [           main] o.s.b.f.s.DefaultListableBeanFactory     : Returning cached instance of singleton bean 'autoConfigurationReport'
2025-04-01T15:16:25.668+05:30 TRACE 16888 --- [learn-spring-boot] [           main] o.s.b.f.s.DefaultListableBeanFactory     : Returning cached instance of singleton bean 'autoConfigurationReport'
2025-04-01T15:16:25.668+05:30 TRACE 16888 --- [learn-spring-boot] [           main] o.s.b.f.s.DefaultListableBeanFactory     : Returning cached instance of singleton bean 'autoConfigurationReport'
2025-04-01T15:16:25.668+05:30 TRACE 16888 --- [learn-spring-boot] [           main] o.s.b.f.s.DefaultListableBeanFactory     : Returning cached instance of singleton bean 'autoConfigurationReport'
2025-04-01T15:16:25.668+05:30 TRACE 16888 --- [learn-spring-boot] [           main] o.s.b.f.s.DefaultListableBeanFactory     : Returning cached instance of singleton bean 'autoConfigurationReport'
2025-04-01T15:16:25.669+05:30 TRACE 16888 --- [learn-spring-boot] [           main] o.s.b.a.condition.OnClassCondition       : Condition OnClassCondition on org.springframework.boot.autoconfigure.http.client.HttpClientAutoConfiguration matched due to @ConditionalOnClass found required class 'org.springframework.http.client.ClientHttpRequestFactory'
2025-04-01T15:16:25.669+05:30 TRACE 16888 --- [learn-spring-boot] [           main] o.s.b.f.s.DefaultListableBeanFactory     : Returning cached instance of singleton bean 'autoConfigurationReport'
2025-04-01T15:16:25.670+05:30 TRACE 16888 --- [learn-spring-boot] [           main] a.h.c.NotReactiveWebApplicationCondition : Condition NotReactiveWebApplicationCondition on org.springframework.boot.autoconfigure.http.client.HttpClientAutoConfiguration matched due to NoneNestedConditions 0 matched 1 did not; NestedCondition on NotReactiveWebApplicationCondition.ReactiveWebApplication did not find reactive web application classes
2025-04-01T15:16:25.670+05:30 TRACE 16888 --- [learn-spring-boot] [           main] o.s.b.f.s.DefaultListableBeanFactory     : Returning cached instance of singleton bean 'autoConfigurationReport'
2025-04-01T15:16:25.670+05:30 TRACE 16888 --- [learn-spring-boot] [           main] o.s.b.f.s.DefaultListableBeanFactory     : Returning cached instance of singleton bean 'autoConfigurationReport'
2025-04-01T15:16:25.670+05:30 TRACE 16888 --- [learn-spring-boot] [           main] o.s.b.f.s.DefaultListableBeanFactory     : Returning cached instance of singleton bean 'autoConfigurationReport'
2025-04-01T15:16:25.670+05:30 TRACE 16888 --- [learn-spring-boot] [           main] o.s.b.f.s.DefaultListableBeanFactory     : Returning cached instance of singleton bean 'autoConfigurationReport'
2025-04-01T15:16:25.671+05:30 TRACE 16888 --- [learn-spring-boot] [           main] o.s.b.f.s.DefaultListableBeanFactory     : Returning cached instance of singleton bean 'autoConfigurationReport'
2025-04-01T15:16:25.671+05:30 TRACE 16888 --- [learn-spring-boot] [           main] o.s.b.f.s.DefaultListableBeanFactory     : Returning cached instance of singleton bean 'autoConfigurationReport'
2025-04-01T15:16:25.671+05:30 TRACE 16888 --- [learn-spring-boot] [           main] o.s.b.f.s.DefaultListableBeanFactory     : Returning cached instance of singleton bean 'autoConfigurationReport'
2025-04-01T15:16:25.671+05:30 TRACE 16888 --- [learn-spring-boot] [           main] o.s.b.f.s.DefaultListableBeanFactory     : Returning cached instance of singleton bean 'autoConfigurationReport'
2025-04-01T15:16:25.671+05:30 TRACE 16888 --- [learn-spring-boot] [           main] o.s.b.f.s.DefaultListableBeanFactory     : Returning cached instance of singleton bean 'autoConfigurationReport'
2025-04-01T15:16:25.671+05:30 TRACE 16888 --- [learn-spring-boot] [           main] o.s.b.f.s.DefaultListableBeanFactory     : Returning cached instance of singleton bean 'autoConfigurationReport'
2025-04-01T15:16:25.672+05:30 TRACE 16888 --- [learn-spring-boot] [           main] o.s.b.a.condition.OnClassCondition       : Condition OnClassCondition on org.springframework.boot.autoconfigure.web.client.RestClientAutoConfiguration matched due to @ConditionalOnClass found required class 'org.springframework.web.client.RestClient'
2025-04-01T15:16:25.672+05:30 TRACE 16888 --- [learn-spring-boot] [           main] o.s.b.f.s.DefaultListableBeanFactory     : Returning cached instance of singleton bean 'autoConfigurationReport'
2025-04-01T15:16:25.672+05:30 TRACE 16888 --- [learn-spring-boot] [           main] a.w.c.NotReactiveWebApplicationCondition : Condition NotReactiveWebApplicationCondition on org.springframework.boot.autoconfigure.web.client.RestClientAutoConfiguration matched due to NoneNestedConditions 0 matched 1 did not; NestedCondition on NotReactiveWebApplicationCondition.ReactiveWebApplication did not find reactive web application classes
2025-04-01T15:16:25.672+05:30 TRACE 16888 --- [learn-spring-boot] [           main] o.s.b.f.s.DefaultListableBeanFactory     : Returning cached instance of singleton bean 'autoConfigurationReport'
2025-04-01T15:16:25.672+05:30 TRACE 16888 --- [learn-spring-boot] [           main] o.s.b.f.s.DefaultListableBeanFactory     : Returning cached instance of singleton bean 'autoConfigurationReport'
2025-04-01T15:16:25.672+05:30 TRACE 16888 --- [learn-spring-boot] [           main] o.s.b.f.s.DefaultListableBeanFactory     : Returning cached instance of singleton bean 'autoConfigurationReport'
2025-04-01T15:16:25.672+05:30 TRACE 16888 --- [learn-spring-boot] [           main] o.s.b.f.s.DefaultListableBeanFactory     : Returning cached instance of singleton bean 'autoConfigurationReport'
2025-04-01T15:16:25.672+05:30 TRACE 16888 --- [learn-spring-boot] [           main] o.s.b.f.s.DefaultListableBeanFactory     : Returning cached instance of singleton bean 'autoConfigurationReport'
2025-04-01T15:16:25.672+05:30 TRACE 16888 --- [learn-spring-boot] [           main] o.s.b.f.s.DefaultListableBeanFactory     : Returning cached instance of singleton bean 'autoConfigurationReport'
2025-04-01T15:16:25.672+05:30 TRACE 16888 --- [learn-spring-boot] [           main] o.s.b.f.s.DefaultListableBeanFactory     : Returning cached instance of singleton bean 'autoConfigurationReport'
2025-04-01T15:16:25.672+05:30 TRACE 16888 --- [learn-spring-boot] [           main] o.s.b.f.s.DefaultListableBeanFactory     : Returning cached instance of singleton bean 'autoConfigurationReport'
2025-04-01T15:16:25.672+05:30 TRACE 16888 --- [learn-spring-boot] [           main] o.s.b.f.s.DefaultListableBeanFactory     : Returning cached instance of singleton bean 'autoConfigurationReport'
2025-04-01T15:16:25.672+05:30 TRACE 16888 --- [learn-spring-boot] [           main] o.s.b.f.s.DefaultListableBeanFactory     : Returning cached instance of singleton bean 'autoConfigurationReport'
2025-04-01T15:16:25.673+05:30 TRACE 16888 --- [learn-spring-boot] [           main] o.s.b.a.condition.OnClassCondition       : Condition OnClassCondition on org.springframework.boot.autoconfigure.web.client.RestTemplateAutoConfiguration matched due to @ConditionalOnClass found required class 'org.springframework.web.client.RestTemplate'
2025-04-01T15:16:25.673+05:30 TRACE 16888 --- [learn-spring-boot] [           main] o.s.b.f.s.DefaultListableBeanFactory     : Returning cached instance of singleton bean 'autoConfigurationReport'
2025-04-01T15:16:25.673+05:30 TRACE 16888 --- [learn-spring-boot] [           main] a.w.c.NotReactiveWebApplicationCondition : Condition NotReactiveWebApplicationCondition on org.springframework.boot.autoconfigure.web.client.RestTemplateAutoConfiguration matched due to NoneNestedConditions 0 matched 1 did not; NestedCondition on NotReactiveWebApplicationCondition.ReactiveWebApplication did not find reactive web application classes
2025-04-01T15:16:25.673+05:30 TRACE 16888 --- [learn-spring-boot] [           main] o.s.b.f.s.DefaultListableBeanFactory     : Returning cached instance of singleton bean 'autoConfigurationReport'
2025-04-01T15:16:25.673+05:30 TRACE 16888 --- [learn-spring-boot] [           main] o.s.b.f.s.DefaultListableBeanFactory     : Returning cached instance of singleton bean 'autoConfigurationReport'
2025-04-01T15:16:25.673+05:30 TRACE 16888 --- [learn-spring-boot] [           main] o.s.b.f.s.DefaultListableBeanFactory     : Returning cached instance of singleton bean 'autoConfigurationReport'
2025-04-01T15:16:25.673+05:30 TRACE 16888 --- [learn-spring-boot] [           main] o.s.b.f.s.DefaultListableBeanFactory     : Returning cached instance of singleton bean 'autoConfigurationReport'
2025-04-01T15:16:25.674+05:30 TRACE 16888 --- [learn-spring-boot] [           main] o.s.b.f.s.DefaultListableBeanFactory     : Returning cached instance of singleton bean 'autoConfigurationReport'
2025-04-01T15:16:25.674+05:30 TRACE 16888 --- [learn-spring-boot] [           main] o.s.b.f.s.DefaultListableBeanFactory     : Returning cached instance of singleton bean 'autoConfigurationReport'
2025-04-01T15:16:25.674+05:30 TRACE 16888 --- [learn-spring-boot] [           main] o.s.b.f.s.DefaultListableBeanFactory     : Returning cached instance of singleton bean 'autoConfigurationReport'
2025-04-01T15:16:25.674+05:30 TRACE 16888 --- [learn-spring-boot] [           main] o.s.b.f.s.DefaultListableBeanFactory     : Returning cached instance of singleton bean 'autoConfigurationReport'
2025-04-01T15:16:25.674+05:30 TRACE 16888 --- [learn-spring-boot] [           main] o.s.b.f.s.DefaultListableBeanFactory     : Returning cached instance of singleton bean 'autoConfigurationReport'
2025-04-01T15:16:25.674+05:30 TRACE 16888 --- [learn-spring-boot] [           main] o.s.b.f.s.DefaultListableBeanFactory     : Returning cached instance of singleton bean 'autoConfigurationReport'
2025-04-01T15:16:25.674+05:30 TRACE 16888 --- [learn-spring-boot] [           main] o.s.b.a.condition.OnClassCondition       : Condition OnClassCondition on org.springframework.boot.actuate.autoconfigure.observation.web.client.HttpClientObservationsAutoConfiguration matched due to @ConditionalOnClass found required class 'io.micrometer.observation.Observation'
2025-04-01T15:16:25.674+05:30 TRACE 16888 --- [learn-spring-boot] [           main] o.s.b.f.s.DefaultListableBeanFactory     : Returning cached instance of singleton bean 'autoConfigurationReport'
2025-04-01T15:16:25.674+05:30 TRACE 16888 --- [learn-spring-boot] [           main] o.s.b.f.s.DefaultListableBeanFactory     : Returning cached instance of singleton bean 'autoConfigurationReport'
2025-04-01T15:16:25.674+05:30 TRACE 16888 --- [learn-spring-boot] [           main] o.s.b.f.s.DefaultListableBeanFactory     : Returning cached instance of singleton bean 'autoConfigurationReport'
2025-04-01T15:16:25.674+05:30 TRACE 16888 --- [learn-spring-boot] [           main] o.s.b.f.s.DefaultListableBeanFactory     : Returning cached instance of singleton bean 'autoConfigurationReport'
2025-04-01T15:16:25.675+05:30 TRACE 16888 --- [learn-spring-boot] [           main] o.s.b.a.condition.OnClassCondition       : Condition OnClassCondition on org.springframework.boot.actuate.autoconfigure.observation.web.client.HttpClientObservationsAutoConfiguration$MeterFilterConfiguration matched due to @ConditionalOnClass found required class 'io.micrometer.core.instrument.MeterRegistry'
2025-04-01T15:16:25.675+05:30 TRACE 16888 --- [learn-spring-boot] [           main] o.s.b.f.s.DefaultListableBeanFactory     : Returning cached instance of singleton bean 'autoConfigurationReport'
2025-04-01T15:16:25.675+05:30 TRACE 16888 --- [learn-spring-boot] [           main] o.s.b.f.s.DefaultListableBeanFactory     : Returning cached instance of singleton bean 'autoConfigurationReport'
2025-04-01T15:16:25.675+05:30 TRACE 16888 --- [learn-spring-boot] [           main] o.s.b.f.s.DefaultListableBeanFactory     : Returning cached instance of singleton bean 'autoConfigurationReport'
2025-04-01T15:16:25.675+05:30 TRACE 16888 --- [learn-spring-boot] [           main] o.s.b.f.s.DefaultListableBeanFactory     : Returning cached instance of singleton bean 'autoConfigurationReport'
2025-04-01T15:16:25.676+05:30 TRACE 16888 --- [learn-spring-boot] [           main] o.s.b.a.condition.OnClassCondition       : Condition OnClassCondition on org.springframework.boot.actuate.autoconfigure.observation.web.client.RestTemplateObservationConfiguration matched due to @ConditionalOnClass found required class 'org.springframework.web.client.RestTemplate'
2025-04-01T15:16:25.676+05:30 TRACE 16888 --- [learn-spring-boot] [           main] o.s.b.f.s.DefaultListableBeanFactory     : Returning cached instance of singleton bean 'autoConfigurationReport'
2025-04-01T15:16:25.676+05:30 TRACE 16888 --- [learn-spring-boot] [           main] o.s.b.f.s.DefaultListableBeanFactory     : Returning cached instance of singleton bean 'autoConfigurationReport'
2025-04-01T15:16:25.676+05:30 TRACE 16888 --- [learn-spring-boot] [           main] o.s.b.f.s.DefaultListableBeanFactory     : Returning cached instance of singleton bean 'autoConfigurationReport'
2025-04-01T15:16:25.676+05:30 TRACE 16888 --- [learn-spring-boot] [           main] o.s.b.f.s.DefaultListableBeanFactory     : Returning cached instance of singleton bean 'autoConfigurationReport'
2025-04-01T15:16:25.678+05:30 TRACE 16888 --- [learn-spring-boot] [           main] o.s.b.a.condition.OnClassCondition       : Condition OnClassCondition on org.springframework.boot.actuate.autoconfigure.observation.web.client.WebClientObservationConfiguration did not match due to @ConditionalOnClass did not find required class 'org.springframework.web.reactive.function.client.WebClient'
2025-04-01T15:16:25.678+05:30 TRACE 16888 --- [learn-spring-boot] [           main] o.s.b.f.s.DefaultListableBeanFactory     : Returning cached instance of singleton bean 'autoConfigurationReport'
2025-04-01T15:16:25.679+05:30 TRACE 16888 --- [learn-spring-boot] [           main] o.s.b.a.condition.OnClassCondition       : Condition OnClassCondition on org.springframework.boot.actuate.autoconfigure.observation.web.client.RestClientObservationConfiguration matched due to @ConditionalOnClass found required class 'org.springframework.web.client.RestClient'
2025-04-01T15:16:25.679+05:30 TRACE 16888 --- [learn-spring-boot] [           main] o.s.b.f.s.DefaultListableBeanFactory     : Returning cached instance of singleton bean 'autoConfigurationReport'
2025-04-01T15:16:25.679+05:30 TRACE 16888 --- [learn-spring-boot] [           main] o.s.b.f.s.DefaultListableBeanFactory     : Returning cached instance of singleton bean 'autoConfigurationReport'
2025-04-01T15:16:25.679+05:30 TRACE 16888 --- [learn-spring-boot] [           main] o.s.b.f.s.DefaultListableBeanFactory     : Returning cached instance of singleton bean 'autoConfigurationReport'
2025-04-01T15:16:25.679+05:30 TRACE 16888 --- [learn-spring-boot] [           main] o.s.b.f.s.DefaultListableBeanFactory     : Returning cached instance of singleton bean 'autoConfigurationReport'
2025-04-01T15:16:25.686+05:30 TRACE 16888 --- [learn-spring-boot] [           main] o.s.b.f.s.DefaultListableBeanFactory     : Returning cached instance of singleton bean 'autoConfigurationReport'
2025-04-01T15:16:25.686+05:30 TRACE 16888 --- [learn-spring-boot] [           main] o.s.b.f.s.DefaultListableBeanFactory     : Returning cached instance of singleton bean 'autoConfigurationReport'
2025-04-01T15:16:25.686+05:30 TRACE 16888 --- [learn-spring-boot] [           main] o.s.b.f.s.DefaultListableBeanFactory     : Returning cached instance of singleton bean 'autoConfigurationReport'
2025-04-01T15:16:25.686+05:30 TRACE 16888 --- [learn-spring-boot] [           main] o.s.b.f.s.DefaultListableBeanFactory     : Returning cached instance of singleton bean 'autoConfigurationReport'
2025-04-01T15:16:25.686+05:30 TRACE 16888 --- [learn-spring-boot] [           main] o.s.b.f.s.DefaultListableBeanFactory     : Returning cached instance of singleton bean 'autoConfigurationReport'
2025-04-01T15:16:25.686+05:30 TRACE 16888 --- [learn-spring-boot] [           main] o.s.b.f.s.DefaultListableBeanFactory     : Returning cached instance of singleton bean 'autoConfigurationReport'
2025-04-01T15:16:25.687+05:30 TRACE 16888 --- [learn-spring-boot] [           main] o.s.b.a.condition.OnClassCondition       : Condition OnClassCondition on org.springframework.boot.actuate.autoconfigure.observation.web.servlet.WebMvcObservationAutoConfiguration matched due to @ConditionalOnClass found required classes 'org.springframework.web.servlet.DispatcherServlet', 'io.micrometer.observation.Observation'
2025-04-01T15:16:25.687+05:30 TRACE 16888 --- [learn-spring-boot] [           main] o.s.b.f.s.DefaultListableBeanFactory     : Returning cached instance of singleton bean 'autoConfigurationReport'
2025-04-01T15:16:25.687+05:30 TRACE 16888 --- [learn-spring-boot] [           main] o.s.b.a.c.OnWebApplicationCondition      : Condition OnWebApplicationCondition on org.springframework.boot.actuate.autoconfigure.observation.web.servlet.WebMvcObservationAutoConfiguration matched due to found 'session' scope
2025-04-01T15:16:25.687+05:30 TRACE 16888 --- [learn-spring-boot] [           main] o.s.b.f.s.DefaultListableBeanFactory     : Returning cached instance of singleton bean 'autoConfigurationReport'
2025-04-01T15:16:25.687+05:30 TRACE 16888 --- [learn-spring-boot] [           main] o.s.b.f.s.DefaultListableBeanFactory     : Returning cached instance of singleton bean 'autoConfigurationReport'
2025-04-01T15:16:25.687+05:30 TRACE 16888 --- [learn-spring-boot] [           main] o.s.b.f.s.DefaultListableBeanFactory     : Returning cached instance of singleton bean 'autoConfigurationReport'
2025-04-01T15:16:25.687+05:30 TRACE 16888 --- [learn-spring-boot] [           main] o.s.b.f.s.DefaultListableBeanFactory     : Returning cached instance of singleton bean 'autoConfigurationReport'
2025-04-01T15:16:25.687+05:30 TRACE 16888 --- [learn-spring-boot] [           main] o.s.b.a.condition.OnClassCondition       : Condition OnClassCondition on org.springframework.boot.actuate.autoconfigure.observation.web.servlet.WebMvcObservationAutoConfiguration$MeterFilterConfiguration matched due to @ConditionalOnClass found required class 'io.micrometer.core.instrument.MeterRegistry'
2025-04-01T15:16:25.687+05:30 TRACE 16888 --- [learn-spring-boot] [           main] o.s.b.f.s.DefaultListableBeanFactory     : Returning cached instance of singleton bean 'autoConfigurationReport'
2025-04-01T15:16:25.687+05:30 TRACE 16888 --- [learn-spring-boot] [           main] o.s.b.f.s.DefaultListableBeanFactory     : Returning cached instance of singleton bean 'autoConfigurationReport'
2025-04-01T15:16:25.687+05:30 TRACE 16888 --- [learn-spring-boot] [           main] o.s.b.f.s.DefaultListableBeanFactory     : Returning cached instance of singleton bean 'autoConfigurationReport'
2025-04-01T15:16:25.687+05:30 TRACE 16888 --- [learn-spring-boot] [           main] o.s.b.f.s.DefaultListableBeanFactory     : Returning cached instance of singleton bean 'autoConfigurationReport'
2025-04-01T15:16:25.688+05:30 TRACE 16888 --- [learn-spring-boot] [           main] o.s.b.f.s.DefaultListableBeanFactory     : Returning cached instance of singleton bean 'autoConfigurationReport'
2025-04-01T15:16:25.688+05:30 TRACE 16888 --- [learn-spring-boot] [           main] o.s.b.f.s.DefaultListableBeanFactory     : Returning cached instance of singleton bean 'autoConfigurationReport'
2025-04-01T15:16:25.688+05:30 TRACE 16888 --- [learn-spring-boot] [           main] o.s.b.f.s.DefaultListableBeanFactory     : Returning cached instance of singleton bean 'autoConfigurationReport'
2025-04-01T15:16:25.688+05:30 TRACE 16888 --- [learn-spring-boot] [           main] o.s.b.f.s.DefaultListableBeanFactory     : Returning cached instance of singleton bean 'autoConfigurationReport'
2025-04-01T15:16:25.688+05:30 TRACE 16888 --- [learn-spring-boot] [           main] o.s.b.f.s.DefaultListableBeanFactory     : Returning cached instance of singleton bean 'autoConfigurationReport'
2025-04-01T15:16:25.688+05:30 TRACE 16888 --- [learn-spring-boot] [           main] o.s.b.f.s.DefaultListableBeanFactory     : Returning cached instance of singleton bean 'autoConfigurationReport'
2025-04-01T15:16:25.691+05:30 TRACE 16888 --- [learn-spring-boot] [           main] s.b.a.a.e.c.OnAvailableEndpointCondition : Condition OnAvailableEndpointCondition on org.springframework.boot.actuate.autoconfigure.sbom.SbomEndpointAutoConfiguration did not match due to @ConditionalOnAvailableEndpoint not exposed
2025-04-01T15:16:25.691+05:30 TRACE 16888 --- [learn-spring-boot] [           main] o.s.b.f.s.DefaultListableBeanFactory     : Returning cached instance of singleton bean 'autoConfigurationReport'
2025-04-01T15:16:25.691+05:30 TRACE 16888 --- [learn-spring-boot] [           main] o.s.b.f.s.DefaultListableBeanFactory     : Returning cached instance of singleton bean 'autoConfigurationReport'
2025-04-01T15:16:25.691+05:30 TRACE 16888 --- [learn-spring-boot] [           main] o.s.b.f.s.DefaultListableBeanFactory     : Returning cached instance of singleton bean 'autoConfigurationReport'
2025-04-01T15:16:25.691+05:30 TRACE 16888 --- [learn-spring-boot] [           main] o.s.b.f.s.DefaultListableBeanFactory     : Returning cached instance of singleton bean 'autoConfigurationReport'
2025-04-01T15:16:25.691+05:30 TRACE 16888 --- [learn-spring-boot] [           main] o.s.b.f.s.DefaultListableBeanFactory     : Returning cached instance of singleton bean 'autoConfigurationReport'
2025-04-01T15:16:25.691+05:30 TRACE 16888 --- [learn-spring-boot] [           main] o.s.b.f.s.DefaultListableBeanFactory     : Returning cached instance of singleton bean 'autoConfigurationReport'
2025-04-01T15:16:25.691+05:30 TRACE 16888 --- [learn-spring-boot] [           main] o.s.b.f.s.DefaultListableBeanFactory     : Returning cached instance of singleton bean 'autoConfigurationReport'
2025-04-01T15:16:25.693+05:30 TRACE 16888 --- [learn-spring-boot] [           main] s.b.a.a.e.c.OnAvailableEndpointCondition : Condition OnAvailableEndpointCondition on org.springframework.boot.actuate.autoconfigure.scheduling.ScheduledTasksEndpointAutoConfiguration did not match due to @ConditionalOnAvailableEndpoint not exposed
2025-04-01T15:16:25.693+05:30 TRACE 16888 --- [learn-spring-boot] [           main] o.s.b.f.s.DefaultListableBeanFactory     : Returning cached instance of singleton bean 'autoConfigurationReport'
2025-04-01T15:16:25.693+05:30 TRACE 16888 --- [learn-spring-boot] [           main] o.s.b.f.s.DefaultListableBeanFactory     : Returning cached instance of singleton bean 'autoConfigurationReport'
2025-04-01T15:16:25.693+05:30 TRACE 16888 --- [learn-spring-boot] [           main] o.s.b.f.s.DefaultListableBeanFactory     : Returning cached instance of singleton bean 'autoConfigurationReport'
2025-04-01T15:16:25.693+05:30 TRACE 16888 --- [learn-spring-boot] [           main] o.s.b.f.s.DefaultListableBeanFactory     : Returning cached instance of singleton bean 'autoConfigurationReport'
2025-04-01T15:16:25.693+05:30 TRACE 16888 --- [learn-spring-boot] [           main] o.s.b.f.s.DefaultListableBeanFactory     : Returning cached instance of singleton bean 'autoConfigurationReport'
2025-04-01T15:16:25.693+05:30 TRACE 16888 --- [learn-spring-boot] [           main] o.s.b.f.s.DefaultListableBeanFactory     : Returning cached instance of singleton bean 'autoConfigurationReport'
2025-04-01T15:16:25.693+05:30 TRACE 16888 --- [learn-spring-boot] [           main] o.s.b.f.s.DefaultListableBeanFactory     : Returning cached instance of singleton bean 'autoConfigurationReport'
2025-04-01T15:16:25.693+05:30 TRACE 16888 --- [learn-spring-boot] [           main] o.s.b.a.condition.OnClassCondition       : Condition OnClassCondition on org.springframework.boot.actuate.autoconfigure.scheduling.ScheduledTasksObservabilityAutoConfiguration matched due to @ConditionalOnClass found required class 'org.springframework.scheduling.concurrent.ThreadPoolTaskScheduler'
2025-04-01T15:16:25.693+05:30 TRACE 16888 --- [learn-spring-boot] [           main] o.s.b.f.s.DefaultListableBeanFactory     : Returning cached instance of singleton bean 'autoConfigurationReport'
2025-04-01T15:16:25.693+05:30 TRACE 16888 --- [learn-spring-boot] [           main] o.s.b.f.s.DefaultListableBeanFactory     : Returning cached instance of singleton bean 'autoConfigurationReport'
2025-04-01T15:16:25.693+05:30 TRACE 16888 --- [learn-spring-boot] [           main] o.s.b.f.s.DefaultListableBeanFactory     : Returning cached instance of singleton bean 'autoConfigurationReport'
2025-04-01T15:16:25.693+05:30 TRACE 16888 --- [learn-spring-boot] [           main] o.s.b.f.s.DefaultListableBeanFactory     : Returning cached instance of singleton bean 'autoConfigurationReport'
2025-04-01T15:16:25.694+05:30 TRACE 16888 --- [learn-spring-boot] [           main] o.s.b.f.s.DefaultListableBeanFactory     : Returning cached instance of singleton bean 'autoConfigurationReport'
2025-04-01T15:16:25.694+05:30 TRACE 16888 --- [learn-spring-boot] [           main] o.s.b.f.s.DefaultListableBeanFactory     : Returning cached instance of singleton bean 'autoConfigurationReport'
2025-04-01T15:16:25.694+05:30 TRACE 16888 --- [learn-spring-boot] [           main] o.s.b.f.s.DefaultListableBeanFactory     : Returning cached instance of singleton bean 'autoConfigurationReport'
2025-04-01T15:16:25.694+05:30 TRACE 16888 --- [learn-spring-boot] [           main] o.s.b.f.s.DefaultListableBeanFactory     : Returning cached instance of singleton bean 'autoConfigurationReport'
2025-04-01T15:16:25.694+05:30 TRACE 16888 --- [learn-spring-boot] [           main] o.s.b.f.s.DefaultListableBeanFactory     : Returning cached instance of singleton bean 'autoConfigurationReport'
2025-04-01T15:16:25.694+05:30 TRACE 16888 --- [learn-spring-boot] [           main] o.s.b.f.s.DefaultListableBeanFactory     : Returning cached instance of singleton bean 'autoConfigurationReport'
2025-04-01T15:16:25.695+05:30 TRACE 16888 --- [learn-spring-boot] [           main] o.s.b.a.c.OnWebApplicationCondition      : Condition OnWebApplicationCondition on org.springframework.boot.actuate.autoconfigure.security.servlet.ManagementWebSecurityAutoConfiguration matched due to found 'session' scope
2025-04-01T15:16:25.695+05:30 TRACE 16888 --- [learn-spring-boot] [           main] o.s.b.f.s.DefaultListableBeanFactory     : Returning cached instance of singleton bean 'autoConfigurationReport'
2025-04-01T15:16:25.695+05:30 TRACE 16888 --- [learn-spring-boot] [           main] o.s.b.f.s.DefaultListableBeanFactory     : Returning cached instance of singleton bean 'autoConfigurationReport'
2025-04-01T15:16:25.695+05:30 TRACE 16888 --- [learn-spring-boot] [           main] o.s.b.f.s.DefaultListableBeanFactory     : Returning cached instance of singleton bean 'autoConfigurationReport'
2025-04-01T15:16:25.695+05:30 TRACE 16888 --- [learn-spring-boot] [           main] o.s.b.f.s.DefaultListableBeanFactory     : Returning cached instance of singleton bean 'autoConfigurationReport'
2025-04-01T15:16:25.696+05:30 TRACE 16888 --- [learn-spring-boot] [           main] o.s.b.f.s.DefaultListableBeanFactory     : Returning cached instance of singleton bean 'autoConfigurationReport'
2025-04-01T15:16:25.696+05:30 TRACE 16888 --- [learn-spring-boot] [           main] o.s.b.f.s.DefaultListableBeanFactory     : Returning cached instance of singleton bean 'autoConfigurationReport'
2025-04-01T15:16:25.696+05:30 TRACE 16888 --- [learn-spring-boot] [           main] o.s.b.f.s.DefaultListableBeanFactory     : Returning cached instance of singleton bean 'autoConfigurationReport'
2025-04-01T15:16:25.696+05:30 TRACE 16888 --- [learn-spring-boot] [           main] o.s.b.f.s.DefaultListableBeanFactory     : Returning cached instance of singleton bean 'autoConfigurationReport'
2025-04-01T15:16:25.696+05:30 TRACE 16888 --- [learn-spring-boot] [           main] o.s.b.f.s.DefaultListableBeanFactory     : Returning cached instance of singleton bean 'autoConfigurationReport'
2025-04-01T15:16:25.696+05:30 TRACE 16888 --- [learn-spring-boot] [           main] o.s.b.f.s.DefaultListableBeanFactory     : Returning cached instance of singleton bean 'autoConfigurationReport'
2025-04-01T15:16:25.698+05:30 TRACE 16888 --- [learn-spring-boot] [           main] onfiguration$ApplicationStartupCondition : Condition StartupEndpointAutoConfiguration.ApplicationStartupCondition on org.springframework.boot.actuate.autoconfigure.startup.StartupEndpointAutoConfiguration did not match due to ApplicationStartup configured applicationStartup is of type class org.springframework.core.metrics.DefaultApplicationStartup, expected BufferingApplicationStartup.
2025-04-01T15:16:25.698+05:30 TRACE 16888 --- [learn-spring-boot] [           main] o.s.b.f.s.DefaultListableBeanFactory     : Returning cached instance of singleton bean 'autoConfigurationReport'
2025-04-01T15:16:25.698+05:30 TRACE 16888 --- [learn-spring-boot] [           main] o.s.b.f.s.DefaultListableBeanFactory     : Returning cached instance of singleton bean 'autoConfigurationReport'
2025-04-01T15:16:25.698+05:30 TRACE 16888 --- [learn-spring-boot] [           main] o.s.b.f.s.DefaultListableBeanFactory     : Returning cached instance of singleton bean 'autoConfigurationReport'
2025-04-01T15:16:25.698+05:30 TRACE 16888 --- [learn-spring-boot] [           main] o.s.b.f.s.DefaultListableBeanFactory     : Returning cached instance of singleton bean 'autoConfigurationReport'
2025-04-01T15:16:25.698+05:30 TRACE 16888 --- [learn-spring-boot] [           main] o.s.b.f.s.DefaultListableBeanFactory     : Returning cached instance of singleton bean 'autoConfigurationReport'
2025-04-01T15:16:25.698+05:30 TRACE 16888 --- [learn-spring-boot] [           main] o.s.b.f.s.DefaultListableBeanFactory     : Returning cached instance of singleton bean 'autoConfigurationReport'
2025-04-01T15:16:25.699+05:30 TRACE 16888 --- [learn-spring-boot] [           main] o.s.b.f.s.DefaultListableBeanFactory     : Returning cached instance of singleton bean 'autoConfigurationReport'
2025-04-01T15:16:25.699+05:30 TRACE 16888 --- [learn-spring-boot] [           main] o.s.b.a.c.OnWebApplicationCondition      : Condition OnWebApplicationCondition on org.springframework.boot.actuate.autoconfigure.web.exchanges.HttpExchangesAutoConfiguration matched due to @ConditionalOnWebApplication (required) found 'session' scope
2025-04-01T15:16:25.699+05:30 TRACE 16888 --- [learn-spring-boot] [           main] o.s.b.f.s.DefaultListableBeanFactory     : Returning cached instance of singleton bean 'autoConfigurationReport'
2025-04-01T15:16:25.699+05:30 TRACE 16888 --- [learn-spring-boot] [           main] o.s.b.a.condition.OnPropertyCondition    : Condition OnPropertyCondition on org.springframework.boot.actuate.autoconfigure.web.exchanges.HttpExchangesAutoConfiguration matched due to @ConditionalOnProperty (management.httpexchanges.recording.enabled) matched
2025-04-01T15:16:25.699+05:30 TRACE 16888 --- [learn-spring-boot] [           main] o.s.b.f.s.DefaultListableBeanFactory     : Returning cached instance of singleton bean 'autoConfigurationReport'
2025-04-01T15:16:25.700+05:30 TRACE 16888 --- [learn-spring-boot] [           main] o.s.b.f.s.DefaultListableBeanFactory     : Returning cached instance of singleton bean 'autoConfigurationReport'
2025-04-01T15:16:25.700+05:30 TRACE 16888 --- [learn-spring-boot] [           main] o.s.b.f.s.DefaultListableBeanFactory     : Returning cached instance of singleton bean 'autoConfigurationReport'
2025-04-01T15:16:25.700+05:30 TRACE 16888 --- [learn-spring-boot] [           main] o.s.b.f.s.DefaultListableBeanFactory     : Returning cached instance of singleton bean 'autoConfigurationReport'
2025-04-01T15:16:25.701+05:30 TRACE 16888 --- [learn-spring-boot] [           main] o.s.b.a.c.OnWebApplicationCondition      : Condition OnWebApplicationCondition on org.springframework.boot.actuate.autoconfigure.web.exchanges.HttpExchangesAutoConfiguration$ReactiveHttpExchangesConfiguration did not match due to did not find reactive web application classes
2025-04-01T15:16:25.701+05:30 TRACE 16888 --- [learn-spring-boot] [           main] o.s.b.f.s.DefaultListableBeanFactory     : Returning cached instance of singleton bean 'autoConfigurationReport'
2025-04-01T15:16:25.701+05:30 TRACE 16888 --- [learn-spring-boot] [           main] o.s.b.a.c.OnWebApplicationCondition      : Condition OnWebApplicationCondition on org.springframework.boot.actuate.autoconfigure.web.exchanges.HttpExchangesAutoConfiguration$ServletHttpExchangesConfiguration matched due to found 'session' scope
2025-04-01T15:16:25.701+05:30 TRACE 16888 --- [learn-spring-boot] [           main] o.s.b.f.s.DefaultListableBeanFactory     : Returning cached instance of singleton bean 'autoConfigurationReport'
2025-04-01T15:16:25.701+05:30 TRACE 16888 --- [learn-spring-boot] [           main] o.s.b.f.s.DefaultListableBeanFactory     : Returning cached instance of singleton bean 'autoConfigurationReport'
2025-04-01T15:16:25.701+05:30 TRACE 16888 --- [learn-spring-boot] [           main] o.s.b.f.s.DefaultListableBeanFactory     : Returning cached instance of singleton bean 'autoConfigurationReport'
2025-04-01T15:16:25.701+05:30 TRACE 16888 --- [learn-spring-boot] [           main] o.s.b.f.s.DefaultListableBeanFactory     : Returning cached instance of singleton bean 'autoConfigurationReport'
2025-04-01T15:16:25.701+05:30 TRACE 16888 --- [learn-spring-boot] [           main] o.s.b.f.s.DefaultListableBeanFactory     : Returning cached instance of singleton bean 'autoConfigurationReport'
2025-04-01T15:16:25.701+05:30 TRACE 16888 --- [learn-spring-boot] [           main] o.s.b.f.s.DefaultListableBeanFactory     : Returning cached instance of singleton bean 'autoConfigurationReport'
2025-04-01T15:16:25.701+05:30 TRACE 16888 --- [learn-spring-boot] [           main] o.s.b.f.s.DefaultListableBeanFactory     : Returning cached instance of singleton bean 'autoConfigurationReport'
2025-04-01T15:16:25.701+05:30 TRACE 16888 --- [learn-spring-boot] [           main] o.s.b.f.s.DefaultListableBeanFactory     : Returning cached instance of singleton bean 'autoConfigurationReport'
2025-04-01T15:16:25.701+05:30 TRACE 16888 --- [learn-spring-boot] [           main] o.s.b.f.s.DefaultListableBeanFactory     : Returning cached instance of singleton bean 'autoConfigurationReport'
2025-04-01T15:16:25.701+05:30 TRACE 16888 --- [learn-spring-boot] [           main] o.s.b.f.s.DefaultListableBeanFactory     : Returning cached instance of singleton bean 'autoConfigurationReport'
2025-04-01T15:16:25.702+05:30 TRACE 16888 --- [learn-spring-boot] [           main] s.b.a.a.e.c.OnAvailableEndpointCondition : Condition OnAvailableEndpointCondition on org.springframework.boot.actuate.autoconfigure.web.exchanges.HttpExchangesEndpointAutoConfiguration did not match due to @ConditionalOnAvailableEndpoint not exposed
2025-04-01T15:16:25.702+05:30 TRACE 16888 --- [learn-spring-boot] [           main] o.s.b.f.s.DefaultListableBeanFactory     : Returning cached instance of singleton bean 'autoConfigurationReport'
2025-04-01T15:16:25.702+05:30 TRACE 16888 --- [learn-spring-boot] [           main] o.s.b.f.s.DefaultListableBeanFactory     : Returning cached instance of singleton bean 'autoConfigurationReport'
2025-04-01T15:16:25.702+05:30 TRACE 16888 --- [learn-spring-boot] [           main] o.s.b.f.s.DefaultListableBeanFactory     : Returning cached instance of singleton bean 'autoConfigurationReport'
2025-04-01T15:16:25.702+05:30 TRACE 16888 --- [learn-spring-boot] [           main] o.s.b.f.s.DefaultListableBeanFactory     : Returning cached instance of singleton bean 'autoConfigurationReport'
2025-04-01T15:16:25.702+05:30 TRACE 16888 --- [learn-spring-boot] [           main] o.s.b.f.s.DefaultListableBeanFactory     : Returning cached instance of singleton bean 'autoConfigurationReport'
2025-04-01T15:16:25.702+05:30 TRACE 16888 --- [learn-spring-boot] [           main] o.s.b.f.s.DefaultListableBeanFactory     : Returning cached instance of singleton bean 'autoConfigurationReport'
2025-04-01T15:16:25.702+05:30 TRACE 16888 --- [learn-spring-boot] [           main] o.s.b.f.s.DefaultListableBeanFactory     : Returning cached instance of singleton bean 'autoConfigurationReport'
2025-04-01T15:16:25.704+05:30 TRACE 16888 --- [learn-spring-boot] [           main] s.b.a.a.e.c.OnAvailableEndpointCondition : Condition OnAvailableEndpointCondition on org.springframework.boot.actuate.autoconfigure.web.mappings.MappingsEndpointAutoConfiguration did not match due to @ConditionalOnAvailableEndpoint not exposed
2025-04-01T15:16:25.704+05:30 TRACE 16888 --- [learn-spring-boot] [           main] o.s.b.f.s.DefaultListableBeanFactory     : Returning cached instance of singleton bean 'autoConfigurationReport'
2025-04-01T15:16:25.704+05:30 TRACE 16888 --- [learn-spring-boot] [           main] o.s.b.f.s.DefaultListableBeanFactory     : Returning cached instance of singleton bean 'autoConfigurationReport'
2025-04-01T15:16:25.704+05:30 TRACE 16888 --- [learn-spring-boot] [           main] o.s.b.f.s.DefaultListableBeanFactory     : Returning cached instance of singleton bean 'autoConfigurationReport'
2025-04-01T15:16:25.704+05:30 TRACE 16888 --- [learn-spring-boot] [           main] o.s.b.f.s.DefaultListableBeanFactory     : Returning cached instance of singleton bean 'autoConfigurationReport'
2025-04-01T15:16:25.704+05:30 TRACE 16888 --- [learn-spring-boot] [           main] o.s.b.f.s.DefaultListableBeanFactory     : Returning cached instance of singleton bean 'autoConfigurationReport'
2025-04-01T15:16:25.704+05:30 TRACE 16888 --- [learn-spring-boot] [           main] o.s.b.f.s.DefaultListableBeanFactory     : Returning cached instance of singleton bean 'autoConfigurationReport'
2025-04-01T15:16:25.704+05:30 TRACE 16888 --- [learn-spring-boot] [           main] o.s.b.f.s.DefaultListableBeanFactory     : Returning cached instance of singleton bean 'autoConfigurationReport'
2025-04-01T15:16:25.704+05:30 TRACE 16888 --- [learn-spring-boot] [           main] o.s.b.a.condition.OnPropertyCondition    : Condition OnPropertyCondition on org.springframework.boot.autoconfigure.admin.SpringApplicationAdminJmxAutoConfiguration did not match due to @ConditionalOnProperty (spring.application.admin.enabled=true) did not find property 'enabled'
2025-04-01T15:16:25.704+05:30 TRACE 16888 --- [learn-spring-boot] [           main] o.s.b.f.s.DefaultListableBeanFactory     : Returning cached instance of singleton bean 'autoConfigurationReport'
2025-04-01T15:16:25.704+05:30 TRACE 16888 --- [learn-spring-boot] [           main] o.s.b.f.s.DefaultListableBeanFactory     : Returning cached instance of singleton bean 'autoConfigurationReport'
2025-04-01T15:16:25.704+05:30 TRACE 16888 --- [learn-spring-boot] [           main] o.s.b.f.s.DefaultListableBeanFactory     : Returning cached instance of singleton bean 'autoConfigurationReport'
2025-04-01T15:16:25.704+05:30 TRACE 16888 --- [learn-spring-boot] [           main] o.s.b.f.s.DefaultListableBeanFactory     : Returning cached instance of singleton bean 'autoConfigurationReport'
2025-04-01T15:16:25.704+05:30 TRACE 16888 --- [learn-spring-boot] [           main] o.s.b.f.s.DefaultListableBeanFactory     : Returning cached instance of singleton bean 'autoConfigurationReport'
2025-04-01T15:16:25.704+05:30 TRACE 16888 --- [learn-spring-boot] [           main] o.s.b.f.s.DefaultListableBeanFactory     : Returning cached instance of singleton bean 'autoConfigurationReport'
2025-04-01T15:16:25.704+05:30 TRACE 16888 --- [learn-spring-boot] [           main] o.s.b.f.s.DefaultListableBeanFactory     : Returning cached instance of singleton bean 'autoConfigurationReport'
2025-04-01T15:16:25.704+05:30 TRACE 16888 --- [learn-spring-boot] [           main] o.s.b.a.condition.OnPropertyCondition    : Condition OnPropertyCondition on org.springframework.boot.autoconfigure.aop.AopAutoConfiguration matched due to @ConditionalOnProperty (spring.aop.auto=true) matched
2025-04-01T15:16:25.705+05:30 TRACE 16888 --- [learn-spring-boot] [           main] o.s.b.f.s.DefaultListableBeanFactory     : Returning cached instance of singleton bean 'autoConfigurationReport'
2025-04-01T15:16:25.705+05:30 TRACE 16888 --- [learn-spring-boot] [           main] o.s.b.f.s.DefaultListableBeanFactory     : Returning cached instance of singleton bean 'autoConfigurationReport'
2025-04-01T15:16:25.705+05:30 TRACE 16888 --- [learn-spring-boot] [           main] o.s.b.f.s.DefaultListableBeanFactory     : Returning cached instance of singleton bean 'autoConfigurationReport'
2025-04-01T15:16:25.705+05:30 TRACE 16888 --- [learn-spring-boot] [           main] o.s.b.f.s.DefaultListableBeanFactory     : Returning cached instance of singleton bean 'autoConfigurationReport'
2025-04-01T15:16:25.707+05:30 TRACE 16888 --- [learn-spring-boot] [           main] o.s.b.a.condition.OnClassCondition       : Condition OnClassCondition on org.springframework.boot.autoconfigure.aop.AopAutoConfiguration$ClassProxyingConfiguration matched due to @ConditionalOnMissingClass did not find unwanted class 'org.aspectj.weaver.Advice'
2025-04-01T15:16:25.707+05:30 TRACE 16888 --- [learn-spring-boot] [           main] o.s.b.f.s.DefaultListableBeanFactory     : Returning cached instance of singleton bean 'autoConfigurationReport'
2025-04-01T15:16:25.707+05:30 TRACE 16888 --- [learn-spring-boot] [           main] o.s.b.a.condition.OnPropertyCondition    : Condition OnPropertyCondition on org.springframework.boot.autoconfigure.aop.AopAutoConfiguration$ClassProxyingConfiguration matched due to @ConditionalOnProperty (spring.aop.proxy-target-class=true) matched
2025-04-01T15:16:25.707+05:30 TRACE 16888 --- [learn-spring-boot] [           main] o.s.b.f.s.DefaultListableBeanFactory     : Returning cached instance of singleton bean 'autoConfigurationReport'
2025-04-01T15:16:25.707+05:30 TRACE 16888 --- [learn-spring-boot] [           main] o.s.b.f.s.DefaultListableBeanFactory     : Returning cached instance of singleton bean 'autoConfigurationReport'
2025-04-01T15:16:25.707+05:30 TRACE 16888 --- [learn-spring-boot] [           main] o.s.b.f.s.DefaultListableBeanFactory     : Returning cached instance of singleton bean 'autoConfigurationReport'
2025-04-01T15:16:25.707+05:30 TRACE 16888 --- [learn-spring-boot] [           main] o.s.b.f.s.DefaultListableBeanFactory     : Returning cached instance of singleton bean 'autoConfigurationReport'
2025-04-01T15:16:25.708+05:30 TRACE 16888 --- [learn-spring-boot] [           main] o.s.b.a.condition.OnClassCondition       : Condition OnClassCondition on org.springframework.boot.autoconfigure.aop.AopAutoConfiguration$AspectJAutoProxyingConfiguration did not match due to @ConditionalOnClass did not find required class 'org.aspectj.weaver.Advice'
2025-04-01T15:16:25.708+05:30 TRACE 16888 --- [learn-spring-boot] [           main] o.s.b.f.s.DefaultListableBeanFactory     : Returning cached instance of singleton bean 'autoConfigurationReport'
2025-04-01T15:16:25.708+05:30 TRACE 16888 --- [learn-spring-boot] [           main] o.s.b.f.s.DefaultListableBeanFactory     : Returning cached instance of singleton bean 'autoConfigurationReport'
2025-04-01T15:16:25.708+05:30 TRACE 16888 --- [learn-spring-boot] [           main] o.s.b.f.s.DefaultListableBeanFactory     : Returning cached instance of singleton bean 'autoConfigurationReport'
2025-04-01T15:16:25.708+05:30 TRACE 16888 --- [learn-spring-boot] [           main] o.s.b.f.s.DefaultListableBeanFactory     : Returning cached instance of singleton bean 'autoConfigurationReport'
2025-04-01T15:16:25.708+05:30 TRACE 16888 --- [learn-spring-boot] [           main] o.s.b.f.s.DefaultListableBeanFactory     : Returning cached instance of singleton bean 'autoConfigurationReport'
2025-04-01T15:16:25.708+05:30 TRACE 16888 --- [learn-spring-boot] [           main] o.s.b.f.s.DefaultListableBeanFactory     : Returning cached instance of singleton bean 'autoConfigurationReport'
2025-04-01T15:16:25.708+05:30 TRACE 16888 --- [learn-spring-boot] [           main] o.s.b.f.s.DefaultListableBeanFactory     : Returning cached instance of singleton bean 'autoConfigurationReport'
2025-04-01T15:16:25.708+05:30 TRACE 16888 --- [learn-spring-boot] [           main] o.s.b.f.s.DefaultListableBeanFactory     : Returning cached instance of singleton bean 'autoConfigurationReport'
2025-04-01T15:16:25.708+05:30 TRACE 16888 --- [learn-spring-boot] [           main] o.s.b.f.s.DefaultListableBeanFactory     : Returning cached instance of singleton bean 'autoConfigurationReport'
2025-04-01T15:16:25.708+05:30 TRACE 16888 --- [learn-spring-boot] [           main] o.s.b.f.s.DefaultListableBeanFactory     : Returning cached instance of singleton bean 'autoConfigurationReport'
2025-04-01T15:16:25.709+05:30 TRACE 16888 --- [learn-spring-boot] [           main] o.s.b.f.s.DefaultListableBeanFactory     : Returning cached instance of singleton bean 'autoConfigurationReport'
2025-04-01T15:16:25.709+05:30 TRACE 16888 --- [learn-spring-boot] [           main] o.s.b.f.s.DefaultListableBeanFactory     : Returning cached instance of singleton bean 'autoConfigurationReport'
2025-04-01T15:16:25.709+05:30 TRACE 16888 --- [learn-spring-boot] [           main] o.s.b.f.s.DefaultListableBeanFactory     : Returning cached instance of singleton bean 'autoConfigurationReport'
2025-04-01T15:16:25.709+05:30 TRACE 16888 --- [learn-spring-boot] [           main] o.s.b.f.s.DefaultListableBeanFactory     : Returning cached instance of singleton bean 'autoConfigurationReport'
2025-04-01T15:16:25.709+05:30 TRACE 16888 --- [learn-spring-boot] [           main] o.s.b.f.s.DefaultListableBeanFactory     : Returning cached instance of singleton bean 'autoConfigurationReport'
2025-04-01T15:16:25.709+05:30 TRACE 16888 --- [learn-spring-boot] [           main] o.s.b.f.s.DefaultListableBeanFactory     : Returning cached instance of singleton bean 'autoConfigurationReport'
2025-04-01T15:16:25.709+05:30 TRACE 16888 --- [learn-spring-boot] [           main] o.s.b.f.s.DefaultListableBeanFactory     : Returning cached instance of singleton bean 'autoConfigurationReport'
2025-04-01T15:16:25.709+05:30 TRACE 16888 --- [learn-spring-boot] [           main] o.s.b.f.s.DefaultListableBeanFactory     : Returning cached instance of singleton bean 'autoConfigurationReport'
2025-04-01T15:16:25.709+05:30 TRACE 16888 --- [learn-spring-boot] [           main] o.s.b.f.s.DefaultListableBeanFactory     : Returning cached instance of singleton bean 'autoConfigurationReport'
2025-04-01T15:16:25.709+05:30 TRACE 16888 --- [learn-spring-boot] [           main] o.s.b.f.s.DefaultListableBeanFactory     : Returning cached instance of singleton bean 'autoConfigurationReport'
2025-04-01T15:16:25.709+05:30 TRACE 16888 --- [learn-spring-boot] [           main] o.s.b.f.s.DefaultListableBeanFactory     : Returning cached instance of singleton bean 'autoConfigurationReport'
2025-04-01T15:16:25.709+05:30 TRACE 16888 --- [learn-spring-boot] [           main] o.s.b.f.s.DefaultListableBeanFactory     : Returning cached instance of singleton bean 'autoConfigurationReport'
2025-04-01T15:16:25.709+05:30 TRACE 16888 --- [learn-spring-boot] [           main] o.s.b.f.s.DefaultListableBeanFactory     : Returning cached instance of singleton bean 'autoConfigurationReport'
2025-04-01T15:16:25.709+05:30 TRACE 16888 --- [learn-spring-boot] [           main] o.s.b.f.s.DefaultListableBeanFactory     : Returning cached instance of singleton bean 'autoConfigurationReport'
2025-04-01T15:16:25.709+05:30 TRACE 16888 --- [learn-spring-boot] [           main] o.s.b.f.s.DefaultListableBeanFactory     : Returning cached instance of singleton bean 'autoConfigurationReport'
2025-04-01T15:16:25.711+05:30 TRACE 16888 --- [learn-spring-boot] [           main] o.s.b.a.condition.OnPropertyCondition    : Condition OnPropertyCondition on org.springframework.boot.autoconfigure.sql.init.SqlInitializationAutoConfiguration matched due to @ConditionalOnProperty (spring.sql.init.enabled) matched
2025-04-01T15:16:25.711+05:30 TRACE 16888 --- [learn-spring-boot] [           main] o.s.b.f.s.DefaultListableBeanFactory     : Returning cached instance of singleton bean 'autoConfigurationReport'
2025-04-01T15:16:25.712+05:30 TRACE 16888 --- [learn-spring-boot] [           main] iguration$SqlInitializationModeCondition : Condition SqlInitializationAutoConfiguration.SqlInitializationModeCondition on org.springframework.boot.autoconfigure.sql.init.SqlInitializationAutoConfiguration matched due to NoneNestedConditions 0 matched 1 did not; NestedCondition on SqlInitializationAutoConfiguration.SqlInitializationModeCondition.ModeIsNever @ConditionalOnProperty (spring.sql.init.mode=never) did not find property 'mode'
2025-04-01T15:16:25.712+05:30 TRACE 16888 --- [learn-spring-boot] [           main] o.s.b.f.s.DefaultListableBeanFactory     : Returning cached instance of singleton bean 'autoConfigurationReport'
2025-04-01T15:16:25.712+05:30 TRACE 16888 --- [learn-spring-boot] [           main] o.s.b.f.s.DefaultListableBeanFactory     : Returning cached instance of singleton bean 'autoConfigurationReport'
2025-04-01T15:16:25.712+05:30 TRACE 16888 --- [learn-spring-boot] [           main] o.s.b.f.s.DefaultListableBeanFactory     : Returning cached instance of singleton bean 'autoConfigurationReport'
2025-04-01T15:16:25.712+05:30 TRACE 16888 --- [learn-spring-boot] [           main] o.s.b.f.s.DefaultListableBeanFactory     : Returning cached instance of singleton bean 'autoConfigurationReport'
2025-04-01T15:16:25.718+05:30 TRACE 16888 --- [learn-spring-boot] [           main] o.s.b.a.condition.OnClassCondition       : Condition OnClassCondition on org.springframework.boot.autoconfigure.sql.init.R2dbcInitializationConfiguration did not match due to @ConditionalOnClass did not find required classes 'io.r2dbc.spi.ConnectionFactory', 'org.springframework.r2dbc.connection.init.DatabasePopulator'
2025-04-01T15:16:25.718+05:30 TRACE 16888 --- [learn-spring-boot] [           main] o.s.b.f.s.DefaultListableBeanFactory     : Returning cached instance of singleton bean 'autoConfigurationReport'
2025-04-01T15:16:25.718+05:30 TRACE 16888 --- [learn-spring-boot] [           main] o.s.b.a.condition.OnClassCondition       : Condition OnClassCondition on org.springframework.boot.autoconfigure.sql.init.DataSourceInitializationConfiguration did not match due to @ConditionalOnClass did not find required class 'org.springframework.jdbc.datasource.init.DatabasePopulator'
2025-04-01T15:16:25.718+05:30 TRACE 16888 --- [learn-spring-boot] [           main] o.s.b.f.s.DefaultListableBeanFactory     : Returning cached instance of singleton bean 'autoConfigurationReport'
2025-04-01T15:16:25.719+05:30 TRACE 16888 --- [learn-spring-boot] [           main] o.s.b.f.s.DefaultListableBeanFactory     : Returning cached instance of singleton bean 'autoConfigurationReport'
2025-04-01T15:16:25.719+05:30 TRACE 16888 --- [learn-spring-boot] [           main] o.s.b.f.s.DefaultListableBeanFactory     : Returning cached instance of singleton bean 'autoConfigurationReport'
2025-04-01T15:16:25.719+05:30 TRACE 16888 --- [learn-spring-boot] [           main] o.s.b.f.s.DefaultListableBeanFactory     : Returning cached instance of singleton bean 'autoConfigurationReport'
2025-04-01T15:16:25.719+05:30 TRACE 16888 --- [learn-spring-boot] [           main] o.s.b.f.s.DefaultListableBeanFactory     : Returning cached instance of singleton bean 'autoConfigurationReport'
2025-04-01T15:16:25.719+05:30 TRACE 16888 --- [learn-spring-boot] [           main] o.s.b.f.s.DefaultListableBeanFactory     : Returning cached instance of singleton bean 'autoConfigurationReport'
2025-04-01T15:16:25.719+05:30 TRACE 16888 --- [learn-spring-boot] [           main] o.s.b.f.s.DefaultListableBeanFactory     : Returning cached instance of singleton bean 'autoConfigurationReport'
2025-04-01T15:16:25.720+05:30 TRACE 16888 --- [learn-spring-boot] [           main] o.s.b.a.c.OnWebApplicationCondition      : Condition OnWebApplicationCondition on org.springframework.boot.autoconfigure.web.embedded.EmbeddedWebServerFactoryCustomizerAutoConfiguration matched due to @ConditionalOnWebApplication (required) found 'session' scope
2025-04-01T15:16:25.720+05:30 TRACE 16888 --- [learn-spring-boot] [           main] o.s.b.f.s.DefaultListableBeanFactory     : Returning cached instance of singleton bean 'autoConfigurationReport'
2025-04-01T15:16:25.720+05:30 TRACE 16888 --- [learn-spring-boot] [           main] o.s.b.a.c.OnWarDeploymentCondition       : Condition OnWarDeploymentCondition on org.springframework.boot.autoconfigure.web.embedded.EmbeddedWebServerFactoryCustomizerAutoConfiguration did not match due to Application is deployed as a WAR file.
2025-04-01T15:16:25.720+05:30 TRACE 16888 --- [learn-spring-boot] [           main] o.s.b.f.s.DefaultListableBeanFactory     : Returning cached instance of singleton bean 'autoConfigurationReport'
2025-04-01T15:16:25.720+05:30 TRACE 16888 --- [learn-spring-boot] [           main] o.s.b.f.s.DefaultListableBeanFactory     : Returning cached instance of singleton bean 'autoConfigurationReport'
2025-04-01T15:16:25.720+05:30 TRACE 16888 --- [learn-spring-boot] [           main] o.s.b.f.s.DefaultListableBeanFactory     : Returning cached instance of singleton bean 'autoConfigurationReport'
2025-04-01T15:16:25.720+05:30 TRACE 16888 --- [learn-spring-boot] [           main] o.s.b.f.s.DefaultListableBeanFactory     : Returning cached instance of singleton bean 'autoConfigurationReport'
2025-04-01T15:16:25.720+05:30 TRACE 16888 --- [learn-spring-boot] [           main] o.s.b.f.s.DefaultListableBeanFactory     : Returning cached instance of singleton bean 'autoConfigurationReport'
2025-04-01T15:16:25.720+05:30 TRACE 16888 --- [learn-spring-boot] [           main] o.s.b.f.s.DefaultListableBeanFactory     : Returning cached instance of singleton bean 'autoConfigurationReport'
2025-04-01T15:16:25.720+05:30 TRACE 16888 --- [learn-spring-boot] [           main] o.s.b.f.s.DefaultListableBeanFactory     : Returning cached instance of singleton bean 'autoConfigurationReport'
2025-04-01T15:16:25.721+05:30 TRACE 16888 --- [learn-spring-boot] [           main] o.s.b.a.condition.OnClassCondition       : Condition OnClassCondition on org.springframework.boot.autoconfigure.web.servlet.HttpEncodingAutoConfiguration matched due to @ConditionalOnClass found required class 'org.springframework.web.filter.CharacterEncodingFilter'
2025-04-01T15:16:25.721+05:30 TRACE 16888 --- [learn-spring-boot] [           main] o.s.b.f.s.DefaultListableBeanFactory     : Returning cached instance of singleton bean 'autoConfigurationReport'
2025-04-01T15:16:25.721+05:30 TRACE 16888 --- [learn-spring-boot] [           main] o.s.b.a.c.OnWebApplicationCondition      : Condition OnWebApplicationCondition on org.springframework.boot.autoconfigure.web.servlet.HttpEncodingAutoConfiguration matched due to found 'session' scope
2025-04-01T15:16:25.721+05:30 TRACE 16888 --- [learn-spring-boot] [           main] o.s.b.f.s.DefaultListableBeanFactory     : Returning cached instance of singleton bean 'autoConfigurationReport'
2025-04-01T15:16:25.721+05:30 TRACE 16888 --- [learn-spring-boot] [           main] o.s.b.a.condition.OnPropertyCondition    : Condition OnPropertyCondition on org.springframework.boot.autoconfigure.web.servlet.HttpEncodingAutoConfiguration matched due to @ConditionalOnProperty (server.servlet.encoding.enabled) matched
2025-04-01T15:16:25.721+05:30 TRACE 16888 --- [learn-spring-boot] [           main] o.s.b.f.s.DefaultListableBeanFactory     : Returning cached instance of singleton bean 'autoConfigurationReport'
2025-04-01T15:16:25.721+05:30 TRACE 16888 --- [learn-spring-boot] [           main] o.s.b.f.s.DefaultListableBeanFactory     : Returning cached instance of singleton bean 'autoConfigurationReport'
2025-04-01T15:16:25.721+05:30 TRACE 16888 --- [learn-spring-boot] [           main] o.s.b.f.s.DefaultListableBeanFactory     : Returning cached instance of singleton bean 'autoConfigurationReport'
2025-04-01T15:16:25.721+05:30 TRACE 16888 --- [learn-spring-boot] [           main] o.s.b.f.s.DefaultListableBeanFactory     : Returning cached instance of singleton bean 'autoConfigurationReport'
2025-04-01T15:16:25.722+05:30 TRACE 16888 --- [learn-spring-boot] [           main] o.s.b.f.s.DefaultListableBeanFactory     : Returning cached instance of singleton bean 'autoConfigurationReport'
2025-04-01T15:16:25.722+05:30 TRACE 16888 --- [learn-spring-boot] [           main] o.s.b.f.s.DefaultListableBeanFactory     : Returning cached instance of singleton bean 'autoConfigurationReport'
2025-04-01T15:16:25.722+05:30 TRACE 16888 --- [learn-spring-boot] [           main] o.s.b.f.s.DefaultListableBeanFactory     : Returning cached instance of singleton bean 'autoConfigurationReport'
2025-04-01T15:16:25.722+05:30 TRACE 16888 --- [learn-spring-boot] [           main] o.s.b.f.s.DefaultListableBeanFactory     : Returning cached instance of singleton bean 'autoConfigurationReport'
2025-04-01T15:16:25.722+05:30 TRACE 16888 --- [learn-spring-boot] [           main] o.s.b.f.s.DefaultListableBeanFactory     : Returning cached instance of singleton bean 'autoConfigurationReport'
2025-04-01T15:16:25.722+05:30 TRACE 16888 --- [learn-spring-boot] [           main] o.s.b.f.s.DefaultListableBeanFactory     : Returning cached instance of singleton bean 'autoConfigurationReport'
2025-04-01T15:16:25.723+05:30 TRACE 16888 --- [learn-spring-boot] [           main] o.s.b.a.condition.OnClassCondition       : Condition OnClassCondition on org.springframework.boot.autoconfigure.web.servlet.MultipartAutoConfiguration matched due to @ConditionalOnClass found required classes 'jakarta.servlet.Servlet', 'org.springframework.web.multipart.support.StandardServletMultipartResolver', 'jakarta.servlet.MultipartConfigElement'
2025-04-01T15:16:25.723+05:30 TRACE 16888 --- [learn-spring-boot] [           main] o.s.b.f.s.DefaultListableBeanFactory     : Returning cached instance of singleton bean 'autoConfigurationReport'
2025-04-01T15:16:25.723+05:30 TRACE 16888 --- [learn-spring-boot] [           main] o.s.b.a.c.OnWebApplicationCondition      : Condition OnWebApplicationCondition on org.springframework.boot.autoconfigure.web.servlet.MultipartAutoConfiguration matched due to found 'session' scope
2025-04-01T15:16:25.723+05:30 TRACE 16888 --- [learn-spring-boot] [           main] o.s.b.f.s.DefaultListableBeanFactory     : Returning cached instance of singleton bean 'autoConfigurationReport'
2025-04-01T15:16:25.723+05:30 TRACE 16888 --- [learn-spring-boot] [           main] o.s.b.a.condition.OnPropertyCondition    : Condition OnPropertyCondition on org.springframework.boot.autoconfigure.web.servlet.MultipartAutoConfiguration matched due to @ConditionalOnProperty (spring.servlet.multipart.enabled) matched
2025-04-01T15:16:25.723+05:30 TRACE 16888 --- [learn-spring-boot] [           main] o.s.b.f.s.DefaultListableBeanFactory     : Returning cached instance of singleton bean 'autoConfigurationReport'
2025-04-01T15:16:25.723+05:30 TRACE 16888 --- [learn-spring-boot] [           main] o.s.b.f.s.DefaultListableBeanFactory     : Returning cached instance of singleton bean 'autoConfigurationReport'
2025-04-01T15:16:25.723+05:30 TRACE 16888 --- [learn-spring-boot] [           main] o.s.b.f.s.DefaultListableBeanFactory     : Returning cached instance of singleton bean 'autoConfigurationReport'
2025-04-01T15:16:25.723+05:30 TRACE 16888 --- [learn-spring-boot] [           main] o.s.b.f.s.DefaultListableBeanFactory     : Returning cached instance of singleton bean 'autoConfigurationReport'
2025-04-01T15:16:25.723+05:30 TRACE 16888 --- [learn-spring-boot] [           main] o.s.b.f.s.DefaultListableBeanFactory     : Returning cached instance of singleton bean 'autoConfigurationReport'
2025-04-01T15:16:25.723+05:30 TRACE 16888 --- [learn-spring-boot] [           main] o.s.b.f.s.DefaultListableBeanFactory     : Returning cached instance of singleton bean 'autoConfigurationReport'
2025-04-01T15:16:25.723+05:30 TRACE 16888 --- [learn-spring-boot] [           main] o.s.b.f.s.DefaultListableBeanFactory     : Returning cached instance of singleton bean 'autoConfigurationReport'
2025-04-01T15:16:25.723+05:30 TRACE 16888 --- [learn-spring-boot] [           main] o.s.b.f.s.DefaultListableBeanFactory     : Returning cached instance of singleton bean 'autoConfigurationReport'
2025-04-01T15:16:25.723+05:30 TRACE 16888 --- [learn-spring-boot] [           main] o.s.b.f.s.DefaultListableBeanFactory     : Returning cached instance of singleton bean 'autoConfigurationReport'
2025-04-01T15:16:25.723+05:30 TRACE 16888 --- [learn-spring-boot] [           main] o.s.b.f.s.DefaultListableBeanFactory     : Returning cached instance of singleton bean 'autoConfigurationReport'
2025-04-01T15:16:25.725+05:30 TRACE 16888 --- [learn-spring-boot] [           main] o.s.b.a.condition.OnClassCondition       : Condition OnClassCondition on org.springframework.boot.devtools.autoconfigure.DevToolsDataSourceAutoConfiguration matched due to @ConditionalOnClass found required class 'javax.sql.DataSource'
2025-04-01T15:16:25.725+05:30 TRACE 16888 --- [learn-spring-boot] [           main] o.s.b.f.s.DefaultListableBeanFactory     : Returning cached instance of singleton bean 'autoConfigurationReport'
2025-04-01T15:16:25.726+05:30 TRACE 16888 --- [learn-spring-boot] [           main] o.s.b.d.a.OnEnabledDevToolsCondition     : Condition OnEnabledDevToolsCondition on org.springframework.boot.devtools.autoconfigure.DevToolsDataSourceAutoConfiguration did not match due to Devtools devtools is disabled for current context.
2025-04-01T15:16:25.726+05:30 TRACE 16888 --- [learn-spring-boot] [           main] o.s.b.f.s.DefaultListableBeanFactory     : Returning cached instance of singleton bean 'autoConfigurationReport'
2025-04-01T15:16:25.726+05:30 TRACE 16888 --- [learn-spring-boot] [           main] o.s.b.f.s.DefaultListableBeanFactory     : Returning cached instance of singleton bean 'autoConfigurationReport'
2025-04-01T15:16:25.726+05:30 TRACE 16888 --- [learn-spring-boot] [           main] o.s.b.f.s.DefaultListableBeanFactory     : Returning cached instance of singleton bean 'autoConfigurationReport'
2025-04-01T15:16:25.726+05:30 TRACE 16888 --- [learn-spring-boot] [           main] o.s.b.f.s.DefaultListableBeanFactory     : Returning cached instance of singleton bean 'autoConfigurationReport'
2025-04-01T15:16:25.726+05:30 TRACE 16888 --- [learn-spring-boot] [           main] o.s.b.f.s.DefaultListableBeanFactory     : Returning cached instance of singleton bean 'autoConfigurationReport'
2025-04-01T15:16:25.726+05:30 TRACE 16888 --- [learn-spring-boot] [           main] o.s.b.f.s.DefaultListableBeanFactory     : Returning cached instance of singleton bean 'autoConfigurationReport'
2025-04-01T15:16:25.726+05:30 TRACE 16888 --- [learn-spring-boot] [           main] o.s.b.f.s.DefaultListableBeanFactory     : Returning cached instance of singleton bean 'autoConfigurationReport'
2025-04-01T15:16:25.728+05:30 TRACE 16888 --- [learn-spring-boot] [           main] .s.b.d.r.OnInitializedRestarterCondition : Condition OnInitializedRestarterCondition on org.springframework.boot.devtools.autoconfigure.LocalDevToolsAutoConfiguration did not match due to Initialized Restarter Condition initialized without URLs
2025-04-01T15:16:25.728+05:30 TRACE 16888 --- [learn-spring-boot] [           main] o.s.b.f.s.DefaultListableBeanFactory     : Returning cached instance of singleton bean 'autoConfigurationReport'
2025-04-01T15:16:25.728+05:30 TRACE 16888 --- [learn-spring-boot] [           main] o.s.b.f.s.DefaultListableBeanFactory     : Returning cached instance of singleton bean 'autoConfigurationReport'
2025-04-01T15:16:25.728+05:30 TRACE 16888 --- [learn-spring-boot] [           main] o.s.b.f.s.DefaultListableBeanFactory     : Returning cached instance of singleton bean 'autoConfigurationReport'
2025-04-01T15:16:25.728+05:30 TRACE 16888 --- [learn-spring-boot] [           main] o.s.b.f.s.DefaultListableBeanFactory     : Returning cached instance of singleton bean 'autoConfigurationReport'
2025-04-01T15:16:25.728+05:30 TRACE 16888 --- [learn-spring-boot] [           main] o.s.b.f.s.DefaultListableBeanFactory     : Returning cached instance of singleton bean 'autoConfigurationReport'
2025-04-01T15:16:25.728+05:30 TRACE 16888 --- [learn-spring-boot] [           main] o.s.b.f.s.DefaultListableBeanFactory     : Returning cached instance of singleton bean 'autoConfigurationReport'
2025-04-01T15:16:25.728+05:30 TRACE 16888 --- [learn-spring-boot] [           main] o.s.b.f.s.DefaultListableBeanFactory     : Returning cached instance of singleton bean 'autoConfigurationReport'
2025-04-01T15:16:25.728+05:30 TRACE 16888 --- [learn-spring-boot] [           main] o.s.b.a.condition.OnClassCondition       : Condition OnClassCondition on org.springframework.boot.devtools.autoconfigure.RemoteDevToolsAutoConfiguration matched due to @ConditionalOnClass found required classes 'jakarta.servlet.Filter', 'org.springframework.http.server.ServerHttpRequest'
2025-04-01T15:16:25.728+05:30 TRACE 16888 --- [learn-spring-boot] [           main] o.s.b.f.s.DefaultListableBeanFactory     : Returning cached instance of singleton bean 'autoConfigurationReport'
2025-04-01T15:16:25.728+05:30 TRACE 16888 --- [learn-spring-boot] [           main] o.s.b.a.condition.OnPropertyCondition    : Condition OnPropertyCondition on org.springframework.boot.devtools.autoconfigure.RemoteDevToolsAutoConfiguration did not match due to @ConditionalOnProperty (spring.devtools.remote.secret) did not find property 'secret'
2025-04-01T15:16:25.728+05:30 TRACE 16888 --- [learn-spring-boot] [           main] o.s.b.f.s.DefaultListableBeanFactory     : Returning cached instance of singleton bean 'autoConfigurationReport'
2025-04-01T15:16:25.728+05:30 TRACE 16888 --- [learn-spring-boot] [           main] o.s.b.f.s.DefaultListableBeanFactory     : Returning cached instance of singleton bean 'autoConfigurationReport'
2025-04-01T15:16:25.729+05:30 TRACE 16888 --- [learn-spring-boot] [           main] o.s.b.f.s.DefaultListableBeanFactory     : Returning cached instance of singleton bean 'autoConfigurationReport'
2025-04-01T15:16:25.729+05:30 TRACE 16888 --- [learn-spring-boot] [           main] o.s.b.f.s.DefaultListableBeanFactory     : Returning cached instance of singleton bean 'autoConfigurationReport'
2025-04-01T15:16:25.729+05:30 TRACE 16888 --- [learn-spring-boot] [           main] o.s.b.f.s.DefaultListableBeanFactory     : Returning cached instance of singleton bean 'autoConfigurationReport'
2025-04-01T15:16:25.729+05:30 TRACE 16888 --- [learn-spring-boot] [           main] o.s.b.f.s.DefaultListableBeanFactory     : Returning cached instance of singleton bean 'autoConfigurationReport'
2025-04-01T15:16:25.729+05:30 TRACE 16888 --- [learn-spring-boot] [           main] o.s.b.f.s.DefaultListableBeanFactory     : Returning cached instance of singleton bean 'autoConfigurationReport'
2025-04-01T15:16:25.729+05:30 TRACE 16888 --- [learn-spring-boot] [           main] o.s.b.f.s.DefaultListableBeanFactory     : Returning cached instance of singleton bean 'autoConfigurationReport'
2025-04-01T15:16:25.729+05:30 TRACE 16888 --- [learn-spring-boot] [           main] o.s.b.f.s.DefaultListableBeanFactory     : Returning cached instance of singleton bean 'autoConfigurationReport'
2025-04-01T15:16:25.729+05:30 TRACE 16888 --- [learn-spring-boot] [           main] o.s.b.f.s.DefaultListableBeanFactory     : Returning cached instance of singleton bean 'autoConfigurationReport'
2025-04-01T15:16:25.734+05:30 TRACE 16888 --- [learn-spring-boot] [           main] o.s.b.a.a.w.s.OnManagementPortCondition  : Condition OnManagementPortCondition on org.springframework.boot.actuate.autoconfigure.web.server.ManagementContextAutoConfiguration$DifferentManagementContextConfiguration did not match due to Management Port actual port type (SAME) did not match required type (DIFFERENT)
2025-04-01T15:16:25.734+05:30 TRACE 16888 --- [learn-spring-boot] [           main] o.s.b.f.s.DefaultListableBeanFactory     : Returning cached instance of singleton bean 'autoConfigurationReport'
2025-04-01T15:16:25.734+05:30 TRACE 16888 --- [learn-spring-boot] [           main] o.s.b.a.a.w.s.OnManagementPortCondition  : Condition OnManagementPortCondition on org.springframework.boot.actuate.autoconfigure.web.server.ManagementContextAutoConfiguration$SameManagementContextConfiguration matched due to Management Port actual port type (SAME) matched required type
2025-04-01T15:16:25.734+05:30 TRACE 16888 --- [learn-spring-boot] [           main] o.s.b.f.s.DefaultListableBeanFactory     : Returning cached instance of singleton bean 'autoConfigurationReport'
2025-04-01T15:16:25.734+05:30 TRACE 16888 --- [learn-spring-boot] [           main] o.s.b.f.s.DefaultListableBeanFactory     : Returning cached instance of singleton bean 'autoConfigurationReport'
2025-04-01T15:16:25.734+05:30 TRACE 16888 --- [learn-spring-boot] [           main] o.s.b.f.s.DefaultListableBeanFactory     : Returning cached instance of singleton bean 'autoConfigurationReport'
2025-04-01T15:16:25.734+05:30 TRACE 16888 --- [learn-spring-boot] [           main] o.s.b.f.s.DefaultListableBeanFactory     : Returning cached instance of singleton bean 'autoConfigurationReport'
2025-04-01T15:16:25.735+05:30 TRACE 16888 --- [learn-spring-boot] [           main] o.s.b.f.s.DefaultListableBeanFactory     : Returning cached instance of singleton bean 'autoConfigurationReport'
2025-04-01T15:16:25.736+05:30 TRACE 16888 --- [learn-spring-boot] [           main] o.s.b.f.s.DefaultListableBeanFactory     : Returning cached instance of singleton bean 'autoConfigurationReport'
2025-04-01T15:16:25.736+05:30 TRACE 16888 --- [learn-spring-boot] [           main] o.s.b.f.s.DefaultListableBeanFactory     : Returning cached instance of singleton bean 'autoConfigurationReport'
2025-04-01T15:16:25.745+05:30 TRACE 16888 --- [learn-spring-boot] [           main] o.s.b.a.c.OnWebApplicationCondition      : Condition OnWebApplicationCondition on org.springframework.boot.actuate.autoconfigure.endpoint.web.ServletEndpointManagementContextConfiguration matched due to found 'session' scope
2025-04-01T15:16:25.745+05:30 TRACE 16888 --- [learn-spring-boot] [           main] o.s.b.f.s.DefaultListableBeanFactory     : Returning cached instance of singleton bean 'autoConfigurationReport'
2025-04-01T15:16:25.746+05:30 TRACE 16888 --- [learn-spring-boot] [           main] o.s.b.a.condition.OnClassCondition       : Condition OnClassCondition on org.springframework.boot.actuate.autoconfigure.endpoint.web.ServletEndpointManagementContextConfiguration$JerseyServletEndpointManagementContextConfiguration did not match due to @ConditionalOnClass did not find required class 'org.glassfish.jersey.server.ResourceConfig'
2025-04-01T15:16:25.746+05:30 TRACE 16888 --- [learn-spring-boot] [           main] o.s.b.f.s.DefaultListableBeanFactory     : Returning cached instance of singleton bean 'autoConfigurationReport'
2025-04-01T15:16:25.746+05:30 TRACE 16888 --- [learn-spring-boot] [           main] o.s.b.a.condition.OnClassCondition       : Condition OnClassCondition on org.springframework.boot.actuate.autoconfigure.endpoint.web.ServletEndpointManagementContextConfiguration$WebMvcServletEndpointManagementContextConfiguration matched due to @ConditionalOnClass found required class 'org.springframework.web.servlet.DispatcherServlet'
2025-04-01T15:16:25.746+05:30 TRACE 16888 --- [learn-spring-boot] [           main] o.s.b.f.s.DefaultListableBeanFactory     : Returning cached instance of singleton bean 'autoConfigurationReport'
2025-04-01T15:16:25.747+05:30 TRACE 16888 --- [learn-spring-boot] [           main] o.s.b.a.condition.OnClassCondition       : Condition OnClassCondition on org.springframework.boot.actuate.autoconfigure.endpoint.web.jersey.JerseyWebEndpointManagementContextConfiguration did not match due to @ConditionalOnClass did not find required class 'org.glassfish.jersey.server.ResourceConfig'
2025-04-01T15:16:25.747+05:30 TRACE 16888 --- [learn-spring-boot] [           main] o.s.b.f.s.DefaultListableBeanFactory     : Returning cached instance of singleton bean 'autoConfigurationReport'
2025-04-01T15:16:25.748+05:30 TRACE 16888 --- [learn-spring-boot] [           main] o.s.b.a.condition.OnClassCondition       : Condition OnClassCondition on org.springframework.boot.actuate.autoconfigure.endpoint.web.reactive.WebFluxEndpointManagementContextConfiguration did not match due to @ConditionalOnClass did not find required class 'org.springframework.web.reactive.DispatcherHandler'
2025-04-01T15:16:25.748+05:30 TRACE 16888 --- [learn-spring-boot] [           main] o.s.b.f.s.DefaultListableBeanFactory     : Returning cached instance of singleton bean 'autoConfigurationReport'
2025-04-01T15:16:25.749+05:30 TRACE 16888 --- [learn-spring-boot] [           main] o.s.b.a.condition.OnClassCondition       : Condition OnClassCondition on org.springframework.boot.actuate.autoconfigure.endpoint.web.servlet.WebMvcEndpointManagementContextConfiguration matched due to @ConditionalOnClass found required class 'org.springframework.web.servlet.DispatcherServlet'
2025-04-01T15:16:25.749+05:30 TRACE 16888 --- [learn-spring-boot] [           main] o.s.b.f.s.DefaultListableBeanFactory     : Returning cached instance of singleton bean 'autoConfigurationReport'
2025-04-01T15:16:25.749+05:30 TRACE 16888 --- [learn-spring-boot] [           main] o.s.b.a.c.OnWebApplicationCondition      : Condition OnWebApplicationCondition on org.springframework.boot.actuate.autoconfigure.endpoint.web.servlet.WebMvcEndpointManagementContextConfiguration matched due to found 'session' scope
2025-04-01T15:16:25.749+05:30 TRACE 16888 --- [learn-spring-boot] [           main] o.s.b.f.s.DefaultListableBeanFactory     : Returning cached instance of singleton bean 'autoConfigurationReport'
2025-04-01T15:16:25.750+05:30 TRACE 16888 --- [learn-spring-boot] [           main] o.s.b.a.condition.OnClassCondition       : Condition OnClassCondition on org.springframework.boot.actuate.autoconfigure.security.servlet.SecurityRequestMatchersManagementContextConfiguration did not match due to @ConditionalOnClass did not find required class 'org.springframework.security.web.util.matcher.RequestMatcher'
2025-04-01T15:16:25.750+05:30 TRACE 16888 --- [learn-spring-boot] [           main] o.s.b.f.s.DefaultListableBeanFactory     : Returning cached instance of singleton bean 'autoConfigurationReport'
2025-04-01T15:16:25.751+05:30 TRACE 16888 --- [learn-spring-boot] [           main] o.s.b.a.condition.OnClassCondition       : Condition OnClassCondition on org.springframework.boot.actuate.autoconfigure.web.jersey.JerseySameManagementContextConfiguration did not match due to @ConditionalOnClass did not find required class 'org.glassfish.jersey.server.ResourceConfig'
2025-04-01T15:16:25.751+05:30 TRACE 16888 --- [learn-spring-boot] [           main] o.s.b.f.s.DefaultListableBeanFactory     : Returning cached instance of singleton bean 'autoConfigurationReport'
2025-04-01T15:16:25.758+05:30 TRACE 16888 --- [learn-spring-boot] [           main] a.ConfigurationClassBeanDefinitionReader : Registered bean definition for imported class 'org.springframework.boot.autoconfigure.context.PropertyPlaceholderAutoConfiguration'
2025-04-01T15:16:25.762+05:30 TRACE 16888 --- [learn-spring-boot] [           main] o.s.b.a.condition.OnBeanCondition        : Condition OnBeanCondition on org.springframework.boot.autoconfigure.context.PropertyPlaceholderAutoConfiguration#propertySourcesPlaceholderConfigurer matched due to @ConditionalOnMissingBean (types: org.springframework.context.support.PropertySourcesPlaceholderConfigurer; SearchStrategy: current) did not find any beans
2025-04-01T15:16:25.762+05:30 TRACE 16888 --- [learn-spring-boot] [           main] o.s.b.f.s.DefaultListableBeanFactory     : Returning cached instance of singleton bean 'autoConfigurationReport'
2025-04-01T15:16:25.763+05:30 TRACE 16888 --- [learn-spring-boot] [           main] a.ConfigurationClassBeanDefinitionReader : Registering bean definition for @Bean method org.springframework.boot.autoconfigure.context.PropertyPlaceholderAutoConfiguration.propertySourcesPlaceholderConfigurer()
2025-04-01T15:16:25.764+05:30 TRACE 16888 --- [learn-spring-boot] [           main] a.ConfigurationClassBeanDefinitionReader : Registered bean definition for imported class 'org.springframework.boot.autoconfigure.ssl.SslAutoConfiguration'
2025-04-01T15:16:25.764+05:30 TRACE 16888 --- [learn-spring-boot] [           main] a.ConfigurationClassBeanDefinitionReader : Registering bean definition for @Bean method org.springframework.boot.autoconfigure.ssl.SslAutoConfiguration.fileWatcher()
2025-04-01T15:16:25.764+05:30 TRACE 16888 --- [learn-spring-boot] [           main] a.ConfigurationClassBeanDefinitionReader : Registering bean definition for @Bean method org.springframework.boot.autoconfigure.ssl.SslAutoConfiguration.sslPropertiesSslBundleRegistrar()
2025-04-01T15:16:25.769+05:30 TRACE 16888 --- [learn-spring-boot] [           main] o.s.b.a.condition.OnBeanCondition        : Condition OnBeanCondition on org.springframework.boot.autoconfigure.ssl.SslAutoConfiguration#sslBundleRegistry matched due to @ConditionalOnMissingBean (types: org.springframework.boot.ssl.SslBundleRegistry,org.springframework.boot.ssl.SslBundles; SearchStrategy: all) did not find any beans
2025-04-01T15:16:25.769+05:30 TRACE 16888 --- [learn-spring-boot] [           main] o.s.b.f.s.DefaultListableBeanFactory     : Returning cached instance of singleton bean 'autoConfigurationReport'
2025-04-01T15:16:25.769+05:30 TRACE 16888 --- [learn-spring-boot] [           main] a.ConfigurationClassBeanDefinitionReader : Registering bean definition for @Bean method org.springframework.boot.autoconfigure.ssl.SslAutoConfiguration.sslBundleRegistry()
2025-04-01T15:16:25.777+05:30 TRACE 16888 --- [learn-spring-boot] [           main] o.s.b.a.condition.OnClassCondition       : Condition OnClassCondition on org.springframework.boot.autoconfigure.websocket.servlet.WebSocketServletAutoConfiguration matched due to @ConditionalOnClass found required classes 'jakarta.servlet.Servlet', 'jakarta.websocket.server.ServerContainer'
2025-04-01T15:16:25.777+05:30 TRACE 16888 --- [learn-spring-boot] [           main] o.s.b.f.s.DefaultListableBeanFactory     : Returning cached instance of singleton bean 'autoConfigurationReport'
2025-04-01T15:16:25.777+05:30 TRACE 16888 --- [learn-spring-boot] [           main] o.s.b.a.c.OnWebApplicationCondition      : Condition OnWebApplicationCondition on org.springframework.boot.autoconfigure.websocket.servlet.WebSocketServletAutoConfiguration matched due to found 'session' scope
2025-04-01T15:16:25.777+05:30 TRACE 16888 --- [learn-spring-boot] [           main] o.s.b.f.s.DefaultListableBeanFactory     : Returning cached instance of singleton bean 'autoConfigurationReport'
2025-04-01T15:16:25.777+05:30 TRACE 16888 --- [learn-spring-boot] [           main] o.s.b.a.condition.OnClassCondition       : Condition OnClassCondition on org.springframework.boot.autoconfigure.websocket.servlet.WebSocketServletAutoConfiguration$TomcatWebSocketConfiguration matched due to @ConditionalOnClass found required classes 'org.apache.catalina.startup.Tomcat', 'org.apache.tomcat.websocket.server.WsSci'
2025-04-01T15:16:25.777+05:30 TRACE 16888 --- [learn-spring-boot] [           main] o.s.b.f.s.DefaultListableBeanFactory     : Returning cached instance of singleton bean 'autoConfigurationReport'
2025-04-01T15:16:25.777+05:30 TRACE 16888 --- [learn-spring-boot] [           main] a.ConfigurationClassBeanDefinitionReader : Registered bean definition for imported class 'org.springframework.boot.autoconfigure.websocket.servlet.WebSocketServletAutoConfiguration$TomcatWebSocketConfiguration'
2025-04-01T15:16:25.777+05:30 TRACE 16888 --- [learn-spring-boot] [           main] o.s.b.a.condition.OnBeanCondition        : Condition OnBeanCondition on org.springframework.boot.autoconfigure.websocket.servlet.WebSocketServletAutoConfiguration$TomcatWebSocketConfiguration#websocketServletWebServerCustomizer matched due to @ConditionalOnMissingBean (names: websocketServletWebServerCustomizer; SearchStrategy: all) did not find any beans
2025-04-01T15:16:25.777+05:30 TRACE 16888 --- [learn-spring-boot] [           main] o.s.b.f.s.DefaultListableBeanFactory     : Returning cached instance of singleton bean 'autoConfigurationReport'
2025-04-01T15:16:25.777+05:30 TRACE 16888 --- [learn-spring-boot] [           main] a.ConfigurationClassBeanDefinitionReader : Registering bean definition for @Bean method org.springframework.boot.autoconfigure.websocket.servlet.WebSocketServletAutoConfiguration$TomcatWebSocketConfiguration.websocketServletWebServerCustomizer()
2025-04-01T15:16:25.778+05:30 TRACE 16888 --- [learn-spring-boot] [           main] a.ConfigurationClassBeanDefinitionReader : Registered bean definition for imported class 'org.springframework.boot.autoconfigure.websocket.servlet.WebSocketServletAutoConfiguration'
2025-04-01T15:16:25.778+05:30 TRACE 16888 --- [learn-spring-boot] [           main] o.s.b.a.condition.OnClassCondition       : Condition OnClassCondition on org.springframework.boot.autoconfigure.web.servlet.ServletWebServerFactoryAutoConfiguration matched due to @ConditionalOnClass found required class 'jakarta.servlet.ServletRequest'
2025-04-01T15:16:25.778+05:30 TRACE 16888 --- [learn-spring-boot] [           main] o.s.b.f.s.DefaultListableBeanFactory     : Returning cached instance of singleton bean 'autoConfigurationReport'
2025-04-01T15:16:25.778+05:30 TRACE 16888 --- [learn-spring-boot] [           main] o.s.b.a.c.OnWebApplicationCondition      : Condition OnWebApplicationCondition on org.springframework.boot.autoconfigure.web.servlet.ServletWebServerFactoryAutoConfiguration matched due to found 'session' scope
2025-04-01T15:16:25.778+05:30 TRACE 16888 --- [learn-spring-boot] [           main] o.s.b.f.s.DefaultListableBeanFactory     : Returning cached instance of singleton bean 'autoConfigurationReport'
2025-04-01T15:16:25.778+05:30 TRACE 16888 --- [learn-spring-boot] [           main] o.s.b.a.condition.OnClassCondition       : Condition OnClassCondition on org.springframework.boot.autoconfigure.web.servlet.ServletWebServerFactoryConfiguration$EmbeddedTomcat matched due to @ConditionalOnClass found required classes 'jakarta.servlet.Servlet', 'org.apache.catalina.startup.Tomcat', 'org.apache.coyote.UpgradeProtocol'
2025-04-01T15:16:25.778+05:30 TRACE 16888 --- [learn-spring-boot] [           main] o.s.b.f.s.DefaultListableBeanFactory     : Returning cached instance of singleton bean 'autoConfigurationReport'
2025-04-01T15:16:25.781+05:30 TRACE 16888 --- [learn-spring-boot] [           main] o.s.b.a.condition.OnBeanCondition        : Condition OnBeanCondition on org.springframework.boot.autoconfigure.web.servlet.ServletWebServerFactoryConfiguration$EmbeddedTomcat matched due to @ConditionalOnMissingBean (types: org.springframework.boot.web.servlet.server.ServletWebServerFactory; SearchStrategy: current) did not find any beans
2025-04-01T15:16:25.782+05:30 TRACE 16888 --- [learn-spring-boot] [           main] o.s.b.f.s.DefaultListableBeanFactory     : Returning cached instance of singleton bean 'autoConfigurationReport'
2025-04-01T15:16:25.782+05:30 TRACE 16888 --- [learn-spring-boot] [           main] a.ConfigurationClassBeanDefinitionReader : Registered bean definition for imported class 'org.springframework.boot.autoconfigure.web.servlet.ServletWebServerFactoryConfiguration$EmbeddedTomcat'
2025-04-01T15:16:25.782+05:30 TRACE 16888 --- [learn-spring-boot] [           main] a.ConfigurationClassBeanDefinitionReader : Registering bean definition for @Bean method org.springframework.boot.autoconfigure.web.servlet.ServletWebServerFactoryConfiguration$EmbeddedTomcat.tomcatServletWebServerFactory()
2025-04-01T15:16:25.784+05:30 TRACE 16888 --- [learn-spring-boot] [           main] a.ConfigurationClassBeanDefinitionReader : Registered bean definition for imported class 'org.springframework.boot.autoconfigure.web.servlet.ServletWebServerFactoryAutoConfiguration'
2025-04-01T15:16:25.784+05:30 TRACE 16888 --- [learn-spring-boot] [           main] a.ConfigurationClassBeanDefinitionReader : Registering bean definition for @Bean method org.springframework.boot.autoconfigure.web.servlet.ServletWebServerFactoryAutoConfiguration.servletWebServerFactoryCustomizer()
2025-04-01T15:16:25.784+05:30 TRACE 16888 --- [learn-spring-boot] [           main] o.s.b.a.condition.OnClassCondition       : Condition OnClassCondition on org.springframework.boot.autoconfigure.web.servlet.ServletWebServerFactoryAutoConfiguration#tomcatServletWebServerFactoryCustomizer matched due to @ConditionalOnClass found required class 'org.apache.catalina.startup.Tomcat'
2025-04-01T15:16:25.784+05:30 TRACE 16888 --- [learn-spring-boot] [           main] o.s.b.f.s.DefaultListableBeanFactory     : Returning cached instance of singleton bean 'autoConfigurationReport'
2025-04-01T15:16:25.784+05:30 TRACE 16888 --- [learn-spring-boot] [           main] a.ConfigurationClassBeanDefinitionReader : Registering bean definition for @Bean method org.springframework.boot.autoconfigure.web.servlet.ServletWebServerFactoryAutoConfiguration.tomcatServletWebServerFactoryCustomizer()
2025-04-01T15:16:25.796+05:30 TRACE 16888 --- [learn-spring-boot] [           main] o.s.b.a.condition.OnClassCondition       : Condition OnClassCondition on org.springframework.boot.autoconfigure.web.servlet.DispatcherServletAutoConfiguration matched due to @ConditionalOnClass found required class 'org.springframework.web.servlet.DispatcherServlet'
2025-04-01T15:16:25.796+05:30 TRACE 16888 --- [learn-spring-boot] [           main] o.s.b.f.s.DefaultListableBeanFactory     : Returning cached instance of singleton bean 'autoConfigurationReport'
2025-04-01T15:16:25.796+05:30 TRACE 16888 --- [learn-spring-boot] [           main] o.s.b.a.c.OnWebApplicationCondition      : Condition OnWebApplicationCondition on org.springframework.boot.autoconfigure.web.servlet.DispatcherServletAutoConfiguration matched due to found 'session' scope
2025-04-01T15:16:25.796+05:30 TRACE 16888 --- [learn-spring-boot] [           main] o.s.b.f.s.DefaultListableBeanFactory     : Returning cached instance of singleton bean 'autoConfigurationReport'
2025-04-01T15:16:25.796+05:30 TRACE 16888 --- [learn-spring-boot] [           main] o.s.b.a.condition.OnClassCondition       : Condition OnClassCondition on org.springframework.boot.autoconfigure.web.servlet.DispatcherServletAutoConfiguration$DispatcherServletRegistrationConfiguration matched due to @ConditionalOnClass found required class 'jakarta.servlet.ServletRegistration'
2025-04-01T15:16:25.796+05:30 TRACE 16888 --- [learn-spring-boot] [           main] o.s.b.f.s.DefaultListableBeanFactory     : Returning cached instance of singleton bean 'autoConfigurationReport'
2025-04-01T15:16:25.796+05:30 TRACE 16888 --- [learn-spring-boot] [           main] n$DispatcherServletRegistrationCondition : Condition DispatcherServletAutoConfiguration.DispatcherServletRegistrationCondition on org.springframework.boot.autoconfigure.web.servlet.DispatcherServletAutoConfiguration$DispatcherServletRegistrationConfiguration matched due to DispatcherServlet Registration did not find servlet registration bean
2025-04-01T15:16:25.796+05:30 TRACE 16888 --- [learn-spring-boot] [           main] o.s.b.f.s.DefaultListableBeanFactory     : Returning cached instance of singleton bean 'autoConfigurationReport'
2025-04-01T15:16:25.797+05:30 TRACE 16888 --- [learn-spring-boot] [           main] o.s.b.a.condition.OnClassCondition       : Condition OnClassCondition on org.springframework.boot.autoconfigure.web.servlet.DispatcherServletAutoConfiguration$DispatcherServletConfiguration matched due to @ConditionalOnClass found required class 'jakarta.servlet.ServletRegistration'
2025-04-01T15:16:25.797+05:30 TRACE 16888 --- [learn-spring-boot] [           main] o.s.b.f.s.DefaultListableBeanFactory     : Returning cached instance of singleton bean 'autoConfigurationReport'
2025-04-01T15:16:25.797+05:30 TRACE 16888 --- [learn-spring-boot] [           main] ration$DefaultDispatcherServletCondition : Condition DispatcherServletAutoConfiguration.DefaultDispatcherServletCondition on org.springframework.boot.autoconfigure.web.servlet.DispatcherServletAutoConfiguration$DispatcherServletConfiguration matched due to Default DispatcherServlet did not find dispatcher servlet beans
2025-04-01T15:16:25.797+05:30 TRACE 16888 --- [learn-spring-boot] [           main] o.s.b.f.s.DefaultListableBeanFactory     : Returning cached instance of singleton bean 'autoConfigurationReport'
2025-04-01T15:16:25.797+05:30 TRACE 16888 --- [learn-spring-boot] [           main] a.ConfigurationClassBeanDefinitionReader : Registered bean definition for imported class 'org.springframework.boot.autoconfigure.web.servlet.DispatcherServletAutoConfiguration$DispatcherServletConfiguration'
2025-04-01T15:16:25.798+05:30 TRACE 16888 --- [learn-spring-boot] [           main] a.ConfigurationClassBeanDefinitionReader : Registering bean definition for @Bean method org.springframework.boot.autoconfigure.web.servlet.DispatcherServletAutoConfiguration$DispatcherServletConfiguration.dispatcherServlet()
2025-04-01T15:16:25.798+05:30 TRACE 16888 --- [learn-spring-boot] [           main] o.s.b.a.condition.OnBeanCondition        : Condition OnBeanCondition on org.springframework.boot.autoconfigure.web.servlet.DispatcherServletAutoConfiguration$DispatcherServletConfiguration#multipartResolver did not match due to @ConditionalOnBean (types: org.springframework.web.multipart.MultipartResolver; SearchStrategy: all) did not find any beans of type org.springframework.web.multipart.MultipartResolver
2025-04-01T15:16:25.798+05:30 TRACE 16888 --- [learn-spring-boot] [           main] o.s.b.f.s.DefaultListableBeanFactory     : Returning cached instance of singleton bean 'autoConfigurationReport'
2025-04-01T15:16:25.803+05:30 TRACE 16888 --- [learn-spring-boot] [           main] a.ConfigurationClassBeanDefinitionReader : Registered bean definition for imported class 'org.springframework.boot.autoconfigure.web.servlet.DispatcherServletAutoConfiguration$DispatcherServletRegistrationConfiguration'
2025-04-01T15:16:25.805+05:30 TRACE 16888 --- [learn-spring-boot] [           main] o.s.b.a.condition.OnBeanCondition        : Condition OnBeanCondition on org.springframework.boot.autoconfigure.web.servlet.DispatcherServletAutoConfiguration$DispatcherServletRegistrationConfiguration#dispatcherServletRegistration matched due to @ConditionalOnBean (names: dispatcherServlet types: org.springframework.web.servlet.DispatcherServlet; SearchStrategy: all) found bean 'dispatcherServlet'
2025-04-01T15:16:25.805+05:30 TRACE 16888 --- [learn-spring-boot] [           main] o.s.b.f.s.DefaultListableBeanFactory     : Returning cached instance of singleton bean 'autoConfigurationReport'
2025-04-01T15:16:25.805+05:30 TRACE 16888 --- [learn-spring-boot] [           main] a.ConfigurationClassBeanDefinitionReader : Registering bean definition for @Bean method org.springframework.boot.autoconfigure.web.servlet.DispatcherServletAutoConfiguration$DispatcherServletRegistrationConfiguration.dispatcherServletRegistration()
2025-04-01T15:16:25.805+05:30 TRACE 16888 --- [learn-spring-boot] [           main] a.ConfigurationClassBeanDefinitionReader : Registered bean definition for imported class 'org.springframework.boot.autoconfigure.web.servlet.DispatcherServletAutoConfiguration'
2025-04-01T15:16:25.805+05:30 TRACE 16888 --- [learn-spring-boot] [           main] o.s.b.a.condition.OnClassCondition       : Condition OnClassCondition on org.springframework.boot.autoconfigure.task.TaskExecutionAutoConfiguration matched due to @ConditionalOnClass found required class 'org.springframework.scheduling.concurrent.ThreadPoolTaskExecutor'
2025-04-01T15:16:25.805+05:30 TRACE 16888 --- [learn-spring-boot] [           main] o.s.b.f.s.DefaultListableBeanFactory     : Returning cached instance of singleton bean 'autoConfigurationReport'
2025-04-01T15:16:25.805+05:30 TRACE 16888 --- [learn-spring-boot] [           main] a.ConfigurationClassBeanDefinitionReader : Registered bean definition for imported class 'org.springframework.boot.autoconfigure.task.TaskExecutorConfigurations$ThreadPoolTaskExecutorBuilderConfiguration'
2025-04-01T15:16:25.810+05:30 TRACE 16888 --- [learn-spring-boot] [           main] o.s.b.a.condition.OnBeanCondition        : Condition OnBeanCondition on org.springframework.boot.autoconfigure.task.TaskExecutorConfigurations$ThreadPoolTaskExecutorBuilderConfiguration#threadPoolTaskExecutorBuilder matched due to @ConditionalOnMissingBean (types: org.springframework.boot.task.ThreadPoolTaskExecutorBuilder; SearchStrategy: all) did not find any beans
2025-04-01T15:16:25.810+05:30 TRACE 16888 --- [learn-spring-boot] [           main] o.s.b.f.s.DefaultListableBeanFactory     : Returning cached instance of singleton bean 'autoConfigurationReport'
2025-04-01T15:16:25.810+05:30 TRACE 16888 --- [learn-spring-boot] [           main] a.ConfigurationClassBeanDefinitionReader : Registering bean definition for @Bean method org.springframework.boot.autoconfigure.task.TaskExecutorConfigurations$ThreadPoolTaskExecutorBuilderConfiguration.threadPoolTaskExecutorBuilder()
2025-04-01T15:16:25.810+05:30 TRACE 16888 --- [learn-spring-boot] [           main] a.ConfigurationClassBeanDefinitionReader : Registered bean definition for imported class 'org.springframework.boot.autoconfigure.task.TaskExecutorConfigurations$SimpleAsyncTaskExecutorBuilderConfiguration'
2025-04-01T15:16:25.812+05:30 TRACE 16888 --- [learn-spring-boot] [           main] o.s.b.a.condition.OnBeanCondition        : Condition OnBeanCondition on org.springframework.boot.autoconfigure.task.TaskExecutorConfigurations$SimpleAsyncTaskExecutorBuilderConfiguration#simpleAsyncTaskExecutorBuilder matched due to @ConditionalOnMissingBean (types: org.springframework.boot.task.SimpleAsyncTaskExecutorBuilder; SearchStrategy: all) did not find any beans
2025-04-01T15:16:25.812+05:30 TRACE 16888 --- [learn-spring-boot] [           main] o.s.b.f.s.DefaultListableBeanFactory     : Returning cached instance of singleton bean 'autoConfigurationReport'
2025-04-01T15:16:25.812+05:30 TRACE 16888 --- [learn-spring-boot] [           main] o.s.b.a.condition.OnThreadingCondition   : Condition OnThreadingCondition on org.springframework.boot.autoconfigure.task.TaskExecutorConfigurations$SimpleAsyncTaskExecutorBuilderConfiguration#simpleAsyncTaskExecutorBuilder matched due to @ConditionalOnThreading found PLATFORM
2025-04-01T15:16:25.812+05:30 TRACE 16888 --- [learn-spring-boot] [           main] o.s.b.f.s.DefaultListableBeanFactory     : Returning cached instance of singleton bean 'autoConfigurationReport'
2025-04-01T15:16:25.812+05:30 TRACE 16888 --- [learn-spring-boot] [           main] a.ConfigurationClassBeanDefinitionReader : Registering bean definition for @Bean method org.springframework.boot.autoconfigure.task.TaskExecutorConfigurations$SimpleAsyncTaskExecutorBuilderConfiguration.simpleAsyncTaskExecutorBuilder()
2025-04-01T15:16:25.814+05:30 TRACE 16888 --- [learn-spring-boot] [           main] o.s.b.a.condition.OnBeanCondition        : Condition OnBeanCondition on org.springframework.boot.autoconfigure.task.TaskExecutorConfigurations$SimpleAsyncTaskExecutorBuilderConfiguration#simpleAsyncTaskExecutorBuilderVirtualThreads did not match due to @ConditionalOnMissingBean (types: org.springframework.boot.task.SimpleAsyncTaskExecutorBuilder; SearchStrategy: all) found beans of type 'org.springframework.boot.task.SimpleAsyncTaskExecutorBuilder' simpleAsyncTaskExecutorBuilder
2025-04-01T15:16:25.814+05:30 TRACE 16888 --- [learn-spring-boot] [           main] o.s.b.f.s.DefaultListableBeanFactory     : Returning cached instance of singleton bean 'autoConfigurationReport'
2025-04-01T15:16:25.815+05:30 TRACE 16888 --- [learn-spring-boot] [           main] o.s.b.a.condition.OnBeanCondition        : Condition OnBeanCondition on org.springframework.boot.autoconfigure.task.TaskExecutorConfigurations$TaskExecutorConfiguration matched due to @ConditionalOnMissingBean (types: java.util.concurrent.Executor; SearchStrategy: all) did not find any beans
2025-04-01T15:16:25.815+05:30 TRACE 16888 --- [learn-spring-boot] [           main] o.s.b.f.s.DefaultListableBeanFactory     : Returning cached instance of singleton bean 'autoConfigurationReport'
2025-04-01T15:16:25.815+05:30 TRACE 16888 --- [learn-spring-boot] [           main] a.ConfigurationClassBeanDefinitionReader : Registered bean definition for imported class 'org.springframework.boot.autoconfigure.task.TaskExecutorConfigurations$TaskExecutorConfiguration'
2025-04-01T15:16:25.815+05:30 TRACE 16888 --- [learn-spring-boot] [           main] o.s.b.a.condition.OnThreadingCondition   : Condition OnThreadingCondition on org.springframework.boot.autoconfigure.task.TaskExecutorConfigurations$TaskExecutorConfiguration#applicationTaskExecutorVirtualThreads did not match due to @ConditionalOnThreading did not find VIRTUAL
2025-04-01T15:16:25.815+05:30 TRACE 16888 --- [learn-spring-boot] [           main] o.s.b.f.s.DefaultListableBeanFactory     : Returning cached instance of singleton bean 'autoConfigurationReport'
2025-04-01T15:16:25.815+05:30 TRACE 16888 --- [learn-spring-boot] [           main] o.s.b.a.condition.OnThreadingCondition   : Condition OnThreadingCondition on org.springframework.boot.autoconfigure.task.TaskExecutorConfigurations$TaskExecutorConfiguration#applicationTaskExecutor matched due to @ConditionalOnThreading found PLATFORM
2025-04-01T15:16:25.815+05:30 TRACE 16888 --- [learn-spring-boot] [           main] o.s.b.f.s.DefaultListableBeanFactory     : Returning cached instance of singleton bean 'autoConfigurationReport'
2025-04-01T15:16:25.815+05:30 TRACE 16888 --- [learn-spring-boot] [           main] o.s.b.f.s.DefaultListableBeanFactory     : Alias definition 'taskExecutor' registered for name 'applicationTaskExecutor'
2025-04-01T15:16:25.815+05:30 TRACE 16888 --- [learn-spring-boot] [           main] a.ConfigurationClassBeanDefinitionReader : Registering bean definition for @Bean method org.springframework.boot.autoconfigure.task.TaskExecutorConfigurations$TaskExecutorConfiguration.applicationTaskExecutor()
2025-04-01T15:16:25.816+05:30 TRACE 16888 --- [learn-spring-boot] [           main] a.ConfigurationClassBeanDefinitionReader : Registered bean definition for imported class 'org.springframework.boot.autoconfigure.task.TaskExecutionAutoConfiguration'
2025-04-01T15:16:25.817+05:30 TRACE 16888 --- [learn-spring-boot] [           main] o.s.b.a.condition.OnClassCondition       : Condition OnClassCondition on org.springframework.boot.autoconfigure.web.servlet.error.ErrorMvcAutoConfiguration matched due to @ConditionalOnClass found required classes 'jakarta.servlet.Servlet', 'org.springframework.web.servlet.DispatcherServlet'
2025-04-01T15:16:25.817+05:30 TRACE 16888 --- [learn-spring-boot] [           main] o.s.b.f.s.DefaultListableBeanFactory     : Returning cached instance of singleton bean 'autoConfigurationReport'
2025-04-01T15:16:25.818+05:30 TRACE 16888 --- [learn-spring-boot] [           main] o.s.b.a.c.OnWebApplicationCondition      : Condition OnWebApplicationCondition on org.springframework.boot.autoconfigure.web.servlet.error.ErrorMvcAutoConfiguration matched due to found 'session' scope
2025-04-01T15:16:25.818+05:30 TRACE 16888 --- [learn-spring-boot] [           main] o.s.b.f.s.DefaultListableBeanFactory     : Returning cached instance of singleton bean 'autoConfigurationReport'
2025-04-01T15:16:25.818+05:30 TRACE 16888 --- [learn-spring-boot] [           main] o.s.b.a.condition.OnPropertyCondition    : Condition OnPropertyCondition on org.springframework.boot.autoconfigure.web.servlet.error.ErrorMvcAutoConfiguration$WhitelabelErrorViewConfiguration matched due to @ConditionalOnProperty (server.error.whitelabel.enabled) matched
2025-04-01T15:16:25.818+05:30 TRACE 16888 --- [learn-spring-boot] [           main] o.s.b.f.s.DefaultListableBeanFactory     : Returning cached instance of singleton bean 'autoConfigurationReport'
2025-04-01T15:16:25.818+05:30 TRACE 16888 --- [learn-spring-boot] [           main] o.s.c.io.support.SpringFactoriesLoader   : Loaded [org.springframework.boot.autoconfigure.template.TemplateAvailabilityProvider] names: [org.springframework.boot.autoconfigure.freemarker.FreeMarkerTemplateAvailabilityProvider, org.springframework.boot.autoconfigure.groovy.template.GroovyTemplateAvailabilityProvider, org.springframework.boot.autoconfigure.mustache.MustacheTemplateAvailabilityProvider, org.springframework.boot.autoconfigure.thymeleaf.ThymeleafTemplateAvailabilityProvider, org.springframework.boot.autoconfigure.web.servlet.JspTemplateAvailabilityProvider]
2025-04-01T15:16:25.819+05:30 TRACE 16888 --- [learn-spring-boot] [           main] figuration$ErrorTemplateMissingCondition : Condition ErrorMvcAutoConfiguration.ErrorTemplateMissingCondition on org.springframework.boot.autoconfigure.web.servlet.error.ErrorMvcAutoConfiguration$WhitelabelErrorViewConfiguration matched due to ErrorTemplate Missing did not find error template view
2025-04-01T15:16:25.819+05:30 TRACE 16888 --- [learn-spring-boot] [           main] o.s.b.f.s.DefaultListableBeanFactory     : Returning cached instance of singleton bean 'autoConfigurationReport'
2025-04-01T15:16:25.819+05:30 TRACE 16888 --- [learn-spring-boot] [           main] a.ConfigurationClassBeanDefinitionReader : Registered bean definition for imported class 'org.springframework.boot.autoconfigure.web.servlet.error.ErrorMvcAutoConfiguration$WhitelabelErrorViewConfiguration'
2025-04-01T15:16:25.819+05:30 TRACE 16888 --- [learn-spring-boot] [           main] o.s.b.a.condition.OnBeanCondition        : Condition OnBeanCondition on org.springframework.boot.autoconfigure.web.servlet.error.ErrorMvcAutoConfiguration$WhitelabelErrorViewConfiguration#defaultErrorView matched due to @ConditionalOnMissingBean (names: error; SearchStrategy: all) did not find any beans
2025-04-01T15:16:25.819+05:30 TRACE 16888 --- [learn-spring-boot] [           main] o.s.b.f.s.DefaultListableBeanFactory     : Returning cached instance of singleton bean 'autoConfigurationReport'
2025-04-01T15:16:25.819+05:30 TRACE 16888 --- [learn-spring-boot] [           main] a.ConfigurationClassBeanDefinitionReader : Registering bean definition for @Bean method org.springframework.boot.autoconfigure.web.servlet.error.ErrorMvcAutoConfiguration$WhitelabelErrorViewConfiguration.error()
2025-04-01T15:16:25.823+05:30 TRACE 16888 --- [learn-spring-boot] [           main] o.s.b.a.condition.OnBeanCondition        : Condition OnBeanCondition on org.springframework.boot.autoconfigure.web.servlet.error.ErrorMvcAutoConfiguration$WhitelabelErrorViewConfiguration#beanNameViewResolver matched due to @ConditionalOnMissingBean (types: org.springframework.web.servlet.view.BeanNameViewResolver; SearchStrategy: all) did not find any beans
2025-04-01T15:16:25.823+05:30 TRACE 16888 --- [learn-spring-boot] [           main] o.s.b.f.s.DefaultListableBeanFactory     : Returning cached instance of singleton bean 'autoConfigurationReport'
2025-04-01T15:16:25.823+05:30 TRACE 16888 --- [learn-spring-boot] [           main] a.ConfigurationClassBeanDefinitionReader : Registering bean definition for @Bean method org.springframework.boot.autoconfigure.web.servlet.error.ErrorMvcAutoConfiguration$WhitelabelErrorViewConfiguration.beanNameViewResolver()
2025-04-01T15:16:25.824+05:30 TRACE 16888 --- [learn-spring-boot] [           main] a.ConfigurationClassBeanDefinitionReader : Registered bean definition for imported class 'org.springframework.boot.autoconfigure.web.servlet.error.ErrorMvcAutoConfiguration$DefaultErrorViewResolverConfiguration'
2025-04-01T15:16:25.825+05:30 TRACE 16888 --- [learn-spring-boot] [           main] o.s.b.a.condition.OnBeanCondition        : Condition OnBeanCondition on org.springframework.boot.autoconfigure.web.servlet.error.ErrorMvcAutoConfiguration$DefaultErrorViewResolverConfiguration#conventionErrorViewResolver matched due to @ConditionalOnBean (types: org.springframework.web.servlet.DispatcherServlet; SearchStrategy: all) found bean 'dispatcherServlet'; @ConditionalOnMissingBean (types: org.springframework.boot.autoconfigure.web.servlet.error.ErrorViewResolver; SearchStrategy: all) did not find any beans
2025-04-01T15:16:25.825+05:30 TRACE 16888 --- [learn-spring-boot] [           main] o.s.b.f.s.DefaultListableBeanFactory     : Returning cached instance of singleton bean 'autoConfigurationReport'
2025-04-01T15:16:25.826+05:30 TRACE 16888 --- [learn-spring-boot] [           main] o.s.b.a.condition.OnBeanCondition        : Condition OnBeanCondition on org.springframework.boot.autoconfigure.web.servlet.error.ErrorMvcAutoConfiguration$DefaultErrorViewResolverConfiguration#conventionErrorViewResolver matched due to @ConditionalOnBean (types: org.springframework.web.servlet.DispatcherServlet; SearchStrategy: all) found bean 'dispatcherServlet'; @ConditionalOnMissingBean (types: org.springframework.boot.autoconfigure.web.servlet.error.ErrorViewResolver; SearchStrategy: all) did not find any beans
2025-04-01T15:16:25.826+05:30 TRACE 16888 --- [learn-spring-boot] [           main] o.s.b.f.s.DefaultListableBeanFactory     : Returning cached instance of singleton bean 'autoConfigurationReport'
2025-04-01T15:16:25.826+05:30 TRACE 16888 --- [learn-spring-boot] [           main] a.ConfigurationClassBeanDefinitionReader : Registering bean definition for @Bean method org.springframework.boot.autoconfigure.web.servlet.error.ErrorMvcAutoConfiguration$DefaultErrorViewResolverConfiguration.conventionErrorViewResolver()
2025-04-01T15:16:25.828+05:30 TRACE 16888 --- [learn-spring-boot] [           main] a.ConfigurationClassBeanDefinitionReader : Registered bean definition for imported class 'org.springframework.boot.autoconfigure.web.servlet.error.ErrorMvcAutoConfiguration'
2025-04-01T15:16:25.829+05:30 TRACE 16888 --- [learn-spring-boot] [           main] o.s.b.a.condition.OnBeanCondition        : Condition OnBeanCondition on org.springframework.boot.autoconfigure.web.servlet.error.ErrorMvcAutoConfiguration#errorAttributes matched due to @ConditionalOnMissingBean (types: org.springframework.boot.web.servlet.error.ErrorAttributes; SearchStrategy: current) did not find any beans
2025-04-01T15:16:25.830+05:30 TRACE 16888 --- [learn-spring-boot] [           main] o.s.b.f.s.DefaultListableBeanFactory     : Returning cached instance of singleton bean 'autoConfigurationReport'
2025-04-01T15:16:25.830+05:30 TRACE 16888 --- [learn-spring-boot] [           main] a.ConfigurationClassBeanDefinitionReader : Registering bean definition for @Bean method org.springframework.boot.autoconfigure.web.servlet.error.ErrorMvcAutoConfiguration.errorAttributes()
2025-04-01T15:16:25.834+05:30 TRACE 16888 --- [learn-spring-boot] [           main] o.s.b.a.condition.OnBeanCondition        : Condition OnBeanCondition on org.springframework.boot.autoconfigure.web.servlet.error.ErrorMvcAutoConfiguration#basicErrorController matched due to @ConditionalOnMissingBean (types: org.springframework.boot.web.servlet.error.ErrorController; SearchStrategy: current) did not find any beans
2025-04-01T15:16:25.834+05:30 TRACE 16888 --- [learn-spring-boot] [           main] o.s.b.f.s.DefaultListableBeanFactory     : Returning cached instance of singleton bean 'autoConfigurationReport'
2025-04-01T15:16:25.834+05:30 TRACE 16888 --- [learn-spring-boot] [           main] a.ConfigurationClassBeanDefinitionReader : Registering bean definition for @Bean method org.springframework.boot.autoconfigure.web.servlet.error.ErrorMvcAutoConfiguration.basicErrorController()
2025-04-01T15:16:25.834+05:30 TRACE 16888 --- [learn-spring-boot] [           main] a.ConfigurationClassBeanDefinitionReader : Registering bean definition for @Bean method org.springframework.boot.autoconfigure.web.servlet.error.ErrorMvcAutoConfiguration.errorPageCustomizer()
2025-04-01T15:16:25.834+05:30 TRACE 16888 --- [learn-spring-boot] [           main] a.ConfigurationClassBeanDefinitionReader : Registering bean definition for @Bean method org.springframework.boot.autoconfigure.web.servlet.error.ErrorMvcAutoConfiguration.preserveErrorControllerTargetClassPostProcessor()
2025-04-01T15:16:25.834+05:30 TRACE 16888 --- [learn-spring-boot] [           main] o.s.b.a.condition.OnClassCondition       : Condition OnClassCondition on org.springframework.boot.autoconfigure.web.servlet.WebMvcAutoConfiguration matched due to @ConditionalOnClass found required classes 'jakarta.servlet.Servlet', 'org.springframework.web.servlet.DispatcherServlet', 'org.springframework.web.servlet.config.annotation.WebMvcConfigurer'
2025-04-01T15:16:25.834+05:30 TRACE 16888 --- [learn-spring-boot] [           main] o.s.b.f.s.DefaultListableBeanFactory     : Returning cached instance of singleton bean 'autoConfigurationReport'
2025-04-01T15:16:25.834+05:30 TRACE 16888 --- [learn-spring-boot] [           main] o.s.b.a.c.OnWebApplicationCondition      : Condition OnWebApplicationCondition on org.springframework.boot.autoconfigure.web.servlet.WebMvcAutoConfiguration matched due to found 'session' scope
2025-04-01T15:16:25.834+05:30 TRACE 16888 --- [learn-spring-boot] [           main] o.s.b.f.s.DefaultListableBeanFactory     : Returning cached instance of singleton bean 'autoConfigurationReport'
2025-04-01T15:16:25.835+05:30 TRACE 16888 --- [learn-spring-boot] [           main] o.s.b.a.condition.OnBeanCondition        : Condition OnBeanCondition on org.springframework.boot.autoconfigure.web.servlet.WebMvcAutoConfiguration matched due to @ConditionalOnMissingBean (types: org.springframework.web.servlet.config.annotation.WebMvcConfigurationSupport; SearchStrategy: all) did not find any beans
2025-04-01T15:16:25.835+05:30 TRACE 16888 --- [learn-spring-boot] [           main] o.s.b.f.s.DefaultListableBeanFactory     : Returning cached instance of singleton bean 'autoConfigurationReport'
2025-04-01T15:16:25.835+05:30 TRACE 16888 --- [learn-spring-boot] [           main] a.ConfigurationClassBeanDefinitionReader : Registered bean definition for imported class 'org.springframework.boot.autoconfigure.web.servlet.WebMvcAutoConfiguration$EnableWebMvcConfiguration'
2025-04-01T15:16:25.835+05:30 TRACE 16888 --- [learn-spring-boot] [           main] a.ConfigurationClassBeanDefinitionReader : Registering bean definition for @Bean method org.springframework.boot.autoconfigure.web.servlet.WebMvcAutoConfiguration$EnableWebMvcConfiguration.welcomePageHandlerMapping()
2025-04-01T15:16:25.835+05:30 TRACE 16888 --- [learn-spring-boot] [           main] a.ConfigurationClassBeanDefinitionReader : Registering bean definition for @Bean method org.springframework.boot.autoconfigure.web.servlet.WebMvcAutoConfiguration$EnableWebMvcConfiguration.welcomePageNotAcceptableHandlerMapping()
2025-04-01T15:16:25.835+05:30 TRACE 16888 --- [learn-spring-boot] [           main] o.s.b.a.condition.OnBeanCondition        : Condition OnBeanCondition on org.springframework.boot.autoconfigure.web.servlet.WebMvcAutoConfiguration$EnableWebMvcConfiguration#localeResolver matched due to @ConditionalOnMissingBean (names: localeResolver; SearchStrategy: all) did not find any beans
2025-04-01T15:16:25.835+05:30 TRACE 16888 --- [learn-spring-boot] [           main] o.s.b.f.s.DefaultListableBeanFactory     : Returning cached instance of singleton bean 'autoConfigurationReport'
2025-04-01T15:16:25.835+05:30 TRACE 16888 --- [learn-spring-boot] [           main] a.ConfigurationClassBeanDefinitionReader : Registering bean definition for @Bean method org.springframework.boot.autoconfigure.web.servlet.WebMvcAutoConfiguration$EnableWebMvcConfiguration.localeResolver()
2025-04-01T15:16:25.835+05:30 TRACE 16888 --- [learn-spring-boot] [           main] o.s.b.a.condition.OnBeanCondition        : Condition OnBeanCondition on org.springframework.boot.autoconfigure.web.servlet.WebMvcAutoConfiguration$EnableWebMvcConfiguration#themeResolver matched due to @ConditionalOnMissingBean (names: themeResolver; SearchStrategy: all) did not find any beans
2025-04-01T15:16:25.835+05:30 TRACE 16888 --- [learn-spring-boot] [           main] o.s.b.f.s.DefaultListableBeanFactory     : Returning cached instance of singleton bean 'autoConfigurationReport'
2025-04-01T15:16:25.835+05:30 TRACE 16888 --- [learn-spring-boot] [           main] a.ConfigurationClassBeanDefinitionReader : Registering bean definition for @Bean method org.springframework.boot.autoconfigure.web.servlet.WebMvcAutoConfiguration$EnableWebMvcConfiguration.themeResolver()
2025-04-01T15:16:25.836+05:30 TRACE 16888 --- [learn-spring-boot] [           main] o.s.b.a.condition.OnBeanCondition        : Condition OnBeanCondition on org.springframework.boot.autoconfigure.web.servlet.WebMvcAutoConfiguration$EnableWebMvcConfiguration#flashMapManager matched due to @ConditionalOnMissingBean (names: flashMapManager; SearchStrategy: all) did not find any beans
2025-04-01T15:16:25.836+05:30 TRACE 16888 --- [learn-spring-boot] [           main] o.s.b.f.s.DefaultListableBeanFactory     : Returning cached instance of singleton bean 'autoConfigurationReport'
2025-04-01T15:16:25.836+05:30 TRACE 16888 --- [learn-spring-boot] [           main] a.ConfigurationClassBeanDefinitionReader : Registering bean definition for @Bean method org.springframework.boot.autoconfigure.web.servlet.WebMvcAutoConfiguration$EnableWebMvcConfiguration.flashMapManager()
2025-04-01T15:16:25.836+05:30 TRACE 16888 --- [learn-spring-boot] [           main] o.s.b.a.condition.OnBeanCondition        : Condition OnBeanCondition on org.springframework.boot.autoconfigure.web.servlet.WebMvcAutoConfiguration$EnableWebMvcConfiguration#viewNameTranslator matched due to @ConditionalOnMissingBean (names: viewNameTranslator; SearchStrategy: all) did not find any beans
2025-04-01T15:16:25.836+05:30 TRACE 16888 --- [learn-spring-boot] [           main] o.s.b.f.s.DefaultListableBeanFactory     : Returning cached instance of singleton bean 'autoConfigurationReport'
2025-04-01T15:16:25.836+05:30 TRACE 16888 --- [learn-spring-boot] [           main] a.ConfigurationClassBeanDefinitionReader : Registering bean definition for @Bean method org.springframework.boot.autoconfigure.web.servlet.WebMvcAutoConfiguration$EnableWebMvcConfiguration.viewNameTranslator()
2025-04-01T15:16:25.836+05:30 TRACE 16888 --- [learn-spring-boot] [           main] a.ConfigurationClassBeanDefinitionReader : Registering bean definition for @Bean method org.springframework.boot.autoconfigure.web.servlet.WebMvcAutoConfiguration$EnableWebMvcConfiguration.mvcConversionService()
2025-04-01T15:16:25.836+05:30 TRACE 16888 --- [learn-spring-boot] [           main] a.ConfigurationClassBeanDefinitionReader : Registering bean definition for @Bean method org.springframework.boot.autoconfigure.web.servlet.WebMvcAutoConfiguration$EnableWebMvcConfiguration.mvcValidator()
2025-04-01T15:16:25.836+05:30 TRACE 16888 --- [learn-spring-boot] [           main] a.ConfigurationClassBeanDefinitionReader : Registering bean definition for @Bean method org.springframework.boot.autoconfigure.web.servlet.WebMvcAutoConfiguration$EnableWebMvcConfiguration.mvcContentNegotiationManager()
2025-04-01T15:16:25.836+05:30 TRACE 16888 --- [learn-spring-boot] [           main] a.ConfigurationClassBeanDefinitionReader : Registering bean definition for @Bean method org.springframework.boot.autoconfigure.web.servlet.WebMvcAutoConfiguration$EnableWebMvcConfiguration.requestMappingHandlerMapping()
2025-04-01T15:16:25.836+05:30 TRACE 16888 --- [learn-spring-boot] [           main] a.ConfigurationClassBeanDefinitionReader : Registering bean definition for @Bean method org.springframework.boot.autoconfigure.web.servlet.WebMvcAutoConfiguration$EnableWebMvcConfiguration.mvcPatternParser()
2025-04-01T15:16:25.836+05:30 TRACE 16888 --- [learn-spring-boot] [           main] a.ConfigurationClassBeanDefinitionReader : Registering bean definition for @Bean method org.springframework.boot.autoconfigure.web.servlet.WebMvcAutoConfiguration$EnableWebMvcConfiguration.mvcUrlPathHelper()
2025-04-01T15:16:25.836+05:30 TRACE 16888 --- [learn-spring-boot] [           main] a.ConfigurationClassBeanDefinitionReader : Registering bean definition for @Bean method org.springframework.boot.autoconfigure.web.servlet.WebMvcAutoConfiguration$EnableWebMvcConfiguration.mvcPathMatcher()
2025-04-01T15:16:25.836+05:30 TRACE 16888 --- [learn-spring-boot] [           main] a.ConfigurationClassBeanDefinitionReader : Registering bean definition for @Bean method org.springframework.boot.autoconfigure.web.servlet.WebMvcAutoConfiguration$EnableWebMvcConfiguration.viewControllerHandlerMapping()
2025-04-01T15:16:25.836+05:30 TRACE 16888 --- [learn-spring-boot] [           main] a.ConfigurationClassBeanDefinitionReader : Registering bean definition for @Bean method org.springframework.boot.autoconfigure.web.servlet.WebMvcAutoConfiguration$EnableWebMvcConfiguration.beanNameHandlerMapping()
2025-04-01T15:16:25.836+05:30 TRACE 16888 --- [learn-spring-boot] [           main] a.ConfigurationClassBeanDefinitionReader : Registering bean definition for @Bean method org.springframework.boot.autoconfigure.web.servlet.WebMvcAutoConfiguration$EnableWebMvcConfiguration.routerFunctionMapping()
2025-04-01T15:16:25.836+05:30 TRACE 16888 --- [learn-spring-boot] [           main] a.ConfigurationClassBeanDefinitionReader : Registering bean definition for @Bean method org.springframework.boot.autoconfigure.web.servlet.WebMvcAutoConfiguration$EnableWebMvcConfiguration.resourceHandlerMapping()
2025-04-01T15:16:25.836+05:30 TRACE 16888 --- [learn-spring-boot] [           main] a.ConfigurationClassBeanDefinitionReader : Registering bean definition for @Bean method org.springframework.boot.autoconfigure.web.servlet.WebMvcAutoConfiguration$EnableWebMvcConfiguration.mvcResourceUrlProvider()
2025-04-01T15:16:25.836+05:30 TRACE 16888 --- [learn-spring-boot] [           main] a.ConfigurationClassBeanDefinitionReader : Registering bean definition for @Bean method org.springframework.boot.autoconfigure.web.servlet.WebMvcAutoConfiguration$EnableWebMvcConfiguration.defaultServletHandlerMapping()
2025-04-01T15:16:25.836+05:30 TRACE 16888 --- [learn-spring-boot] [           main] a.ConfigurationClassBeanDefinitionReader : Registering bean definition for @Bean method org.springframework.boot.autoconfigure.web.servlet.WebMvcAutoConfiguration$EnableWebMvcConfiguration.requestMappingHandlerAdapter()
2025-04-01T15:16:25.836+05:30 TRACE 16888 --- [learn-spring-boot] [           main] a.ConfigurationClassBeanDefinitionReader : Registering bean definition for @Bean method org.springframework.boot.autoconfigure.web.servlet.WebMvcAutoConfiguration$EnableWebMvcConfiguration.handlerFunctionAdapter()
2025-04-01T15:16:25.836+05:30 TRACE 16888 --- [learn-spring-boot] [           main] a.ConfigurationClassBeanDefinitionReader : Registering bean definition for @Bean method org.springframework.boot.autoconfigure.web.servlet.WebMvcAutoConfiguration$EnableWebMvcConfiguration.mvcUriComponentsContributor()
2025-04-01T15:16:25.836+05:30 TRACE 16888 --- [learn-spring-boot] [           main] a.ConfigurationClassBeanDefinitionReader : Registering bean definition for @Bean method org.springframework.boot.autoconfigure.web.servlet.WebMvcAutoConfiguration$EnableWebMvcConfiguration.httpRequestHandlerAdapter()
2025-04-01T15:16:25.836+05:30 TRACE 16888 --- [learn-spring-boot] [           main] a.ConfigurationClassBeanDefinitionReader : Registering bean definition for @Bean method org.springframework.boot.autoconfigure.web.servlet.WebMvcAutoConfiguration$EnableWebMvcConfiguration.simpleControllerHandlerAdapter()
2025-04-01T15:16:25.836+05:30 TRACE 16888 --- [learn-spring-boot] [           main] a.ConfigurationClassBeanDefinitionReader : Registering bean definition for @Bean method org.springframework.boot.autoconfigure.web.servlet.WebMvcAutoConfiguration$EnableWebMvcConfiguration.handlerExceptionResolver()
2025-04-01T15:16:25.836+05:30 TRACE 16888 --- [learn-spring-boot] [           main] a.ConfigurationClassBeanDefinitionReader : Registering bean definition for @Bean method org.springframework.boot.autoconfigure.web.servlet.WebMvcAutoConfiguration$EnableWebMvcConfiguration.mvcViewResolver()
2025-04-01T15:16:25.836+05:30 TRACE 16888 --- [learn-spring-boot] [           main] a.ConfigurationClassBeanDefinitionReader : Registering bean definition for @Bean method org.springframework.boot.autoconfigure.web.servlet.WebMvcAutoConfiguration$EnableWebMvcConfiguration.mvcHandlerMappingIntrospector()
2025-04-01T15:16:25.838+05:30 TRACE 16888 --- [learn-spring-boot] [           main] a.ConfigurationClassBeanDefinitionReader : Registered bean definition for imported class 'org.springframework.boot.autoconfigure.web.servlet.WebMvcAutoConfiguration$WebMvcAutoConfigurationAdapter'
2025-04-01T15:16:25.860+05:30 TRACE 16888 --- [learn-spring-boot] [           main] o.s.b.a.condition.OnBeanCondition        : Condition OnBeanCondition on org.springframework.boot.autoconfigure.web.servlet.WebMvcAutoConfiguration$WebMvcAutoConfigurationAdapter#defaultViewResolver matched due to @ConditionalOnMissingBean (types: org.springframework.web.servlet.view.InternalResourceViewResolver; SearchStrategy: all) did not find any beans
2025-04-01T15:16:25.860+05:30 TRACE 16888 --- [learn-spring-boot] [           main] o.s.b.f.s.DefaultListableBeanFactory     : Returning cached instance of singleton bean 'autoConfigurationReport'
2025-04-01T15:16:25.860+05:30 TRACE 16888 --- [learn-spring-boot] [           main] a.ConfigurationClassBeanDefinitionReader : Registering bean definition for @Bean method org.springframework.boot.autoconfigure.web.servlet.WebMvcAutoConfiguration$WebMvcAutoConfigurationAdapter.defaultViewResolver()
2025-04-01T15:16:25.864+05:30 TRACE 16888 --- [learn-spring-boot] [           main] o.s.b.a.condition.OnBeanCondition        : Condition OnBeanCondition on org.springframework.boot.autoconfigure.web.servlet.WebMvcAutoConfiguration$WebMvcAutoConfigurationAdapter#beanNameViewResolver did not match due to @ConditionalOnMissingBean (types: org.springframework.web.servlet.view.BeanNameViewResolver; SearchStrategy: all) found beans of type 'org.springframework.web.servlet.view.BeanNameViewResolver' beanNameViewResolver
2025-04-01T15:16:25.864+05:30 TRACE 16888 --- [learn-spring-boot] [           main] o.s.b.f.s.DefaultListableBeanFactory     : Returning cached instance of singleton bean 'autoConfigurationReport'
2025-04-01T15:16:25.865+05:30 TRACE 16888 --- [learn-spring-boot] [           main] o.s.b.a.condition.OnBeanCondition        : Condition OnBeanCondition on org.springframework.boot.autoconfigure.web.servlet.WebMvcAutoConfiguration$WebMvcAutoConfigurationAdapter#viewResolver matched due to @ConditionalOnBean (types: org.springframework.web.servlet.ViewResolver; SearchStrategy: all) found beans 'defaultViewResolver', 'beanNameViewResolver', 'mvcViewResolver'; @ConditionalOnMissingBean (names: viewResolver types: org.springframework.web.servlet.view.ContentNegotiatingViewResolver; SearchStrategy: all) did not find any beans
2025-04-01T15:16:25.865+05:30 TRACE 16888 --- [learn-spring-boot] [           main] o.s.b.f.s.DefaultListableBeanFactory     : Returning cached instance of singleton bean 'autoConfigurationReport'
2025-04-01T15:16:25.865+05:30 TRACE 16888 --- [learn-spring-boot] [           main] o.s.b.a.condition.OnBeanCondition        : Condition OnBeanCondition on org.springframework.boot.autoconfigure.web.servlet.WebMvcAutoConfiguration$WebMvcAutoConfigurationAdapter#viewResolver matched due to @ConditionalOnBean (types: org.springframework.web.servlet.ViewResolver; SearchStrategy: all) found beans 'defaultViewResolver', 'beanNameViewResolver', 'mvcViewResolver'; @ConditionalOnMissingBean (names: viewResolver types: org.springframework.web.servlet.view.ContentNegotiatingViewResolver; SearchStrategy: all) did not find any beans
2025-04-01T15:16:25.865+05:30 TRACE 16888 --- [learn-spring-boot] [           main] o.s.b.f.s.DefaultListableBeanFactory     : Returning cached instance of singleton bean 'autoConfigurationReport'
2025-04-01T15:16:25.866+05:30 TRACE 16888 --- [learn-spring-boot] [           main] a.ConfigurationClassBeanDefinitionReader : Registering bean definition for @Bean method org.springframework.boot.autoconfigure.web.servlet.WebMvcAutoConfiguration$WebMvcAutoConfigurationAdapter.viewResolver()
2025-04-01T15:16:25.870+05:30 TRACE 16888 --- [learn-spring-boot] [           main] o.s.b.a.condition.OnBeanCondition        : Condition OnBeanCondition on org.springframework.boot.autoconfigure.web.servlet.WebMvcAutoConfiguration$WebMvcAutoConfigurationAdapter#requestContextFilter matched due to @ConditionalOnMissingBean (types: org.springframework.web.context.request.RequestContextListener,org.springframework.web.filter.RequestContextFilter; SearchStrategy: all) did not find any beans
2025-04-01T15:16:25.870+05:30 TRACE 16888 --- [learn-spring-boot] [           main] o.s.b.f.s.DefaultListableBeanFactory     : Returning cached instance of singleton bean 'autoConfigurationReport'
2025-04-01T15:16:25.871+05:30 TRACE 16888 --- [learn-spring-boot] [           main] o.s.b.a.condition.OnBeanCondition        : Condition OnBeanCondition on org.springframework.boot.autoconfigure.web.servlet.WebMvcAutoConfiguration$WebMvcAutoConfigurationAdapter#requestContextFilter matched due to @ConditionalOnMissingBean (types: org.springframework.web.context.request.RequestContextListener,org.springframework.web.filter.RequestContextFilter; SearchStrategy: all) did not find any beans
2025-04-01T15:16:25.871+05:30 TRACE 16888 --- [learn-spring-boot] [           main] o.s.b.f.s.DefaultListableBeanFactory     : Returning cached instance of singleton bean 'autoConfigurationReport'
2025-04-01T15:16:25.871+05:30 TRACE 16888 --- [learn-spring-boot] [           main] a.ConfigurationClassBeanDefinitionReader : Registering bean definition for @Bean method org.springframework.boot.autoconfigure.web.servlet.WebMvcAutoConfiguration$WebMvcAutoConfigurationAdapter.requestContextFilter()
2025-04-01T15:16:25.874+05:30 TRACE 16888 --- [learn-spring-boot] [           main] a.ConfigurationClassBeanDefinitionReader : Registered bean definition for imported class 'org.springframework.boot.autoconfigure.web.servlet.WebMvcAutoConfiguration'
2025-04-01T15:16:25.875+05:30 TRACE 16888 --- [learn-spring-boot] [           main] o.s.b.a.condition.OnPropertyCondition    : Condition OnPropertyCondition on org.springframework.boot.autoconfigure.web.servlet.WebMvcAutoConfiguration#hiddenHttpMethodFilter did not match due to @ConditionalOnProperty (spring.mvc.hiddenmethod.filter.enabled) did not find property 'enabled'
2025-04-01T15:16:25.875+05:30 TRACE 16888 --- [learn-spring-boot] [           main] o.s.b.f.s.DefaultListableBeanFactory     : Returning cached instance of singleton bean 'autoConfigurationReport'
2025-04-01T15:16:25.875+05:30 TRACE 16888 --- [learn-spring-boot] [           main] o.s.b.a.condition.OnPropertyCondition    : Condition OnPropertyCondition on org.springframework.boot.autoconfigure.web.servlet.WebMvcAutoConfiguration#formContentFilter matched due to @ConditionalOnProperty (spring.mvc.formcontent.filter.enabled) matched
2025-04-01T15:16:25.875+05:30 TRACE 16888 --- [learn-spring-boot] [           main] o.s.b.f.s.DefaultListableBeanFactory     : Returning cached instance of singleton bean 'autoConfigurationReport'
2025-04-01T15:16:25.877+05:30 TRACE 16888 --- [learn-spring-boot] [           main] o.s.b.a.condition.OnBeanCondition        : Condition OnBeanCondition on org.springframework.boot.autoconfigure.web.servlet.WebMvcAutoConfiguration#formContentFilter matched due to @ConditionalOnMissingBean (types: org.springframework.web.filter.FormContentFilter; SearchStrategy: all) did not find any beans
2025-04-01T15:16:25.877+05:30 TRACE 16888 --- [learn-spring-boot] [           main] o.s.b.f.s.DefaultListableBeanFactory     : Returning cached instance of singleton bean 'autoConfigurationReport'
2025-04-01T15:16:25.877+05:30 TRACE 16888 --- [learn-spring-boot] [           main] a.ConfigurationClassBeanDefinitionReader : Registering bean definition for @Bean method org.springframework.boot.autoconfigure.web.servlet.WebMvcAutoConfiguration.formContentFilter()
2025-04-01T15:16:25.878+05:30 TRACE 16888 --- [learn-spring-boot] [           main] o.s.b.a.condition.OnPropertyCondition    : Condition OnPropertyCondition on org.springframework.boot.actuate.autoconfigure.audit.AuditAutoConfiguration matched due to @ConditionalOnProperty (management.auditevents.enabled) matched
2025-04-01T15:16:25.878+05:30 TRACE 16888 --- [learn-spring-boot] [           main] o.s.b.f.s.DefaultListableBeanFactory     : Returning cached instance of singleton bean 'autoConfigurationReport'
2025-04-01T15:16:25.881+05:30 TRACE 16888 --- [learn-spring-boot] [           main] o.s.b.a.condition.OnBeanCondition        : Condition OnBeanCondition on org.springframework.boot.actuate.autoconfigure.audit.AuditAutoConfiguration did not match due to @ConditionalOnBean (types: org.springframework.boot.actuate.audit.AuditEventRepository; SearchStrategy: all) did not find any beans of type org.springframework.boot.actuate.audit.AuditEventRepository
2025-04-01T15:16:25.881+05:30 TRACE 16888 --- [learn-spring-boot] [           main] o.s.b.f.s.DefaultListableBeanFactory     : Returning cached instance of singleton bean 'autoConfigurationReport'
2025-04-01T15:16:25.881+05:30 TRACE 16888 --- [learn-spring-boot] [           main] a.ConfigurationClassBeanDefinitionReader : Registered bean definition for imported class 'org.springframework.boot.autoconfigure.availability.ApplicationAvailabilityAutoConfiguration'
2025-04-01T15:16:25.883+05:30 TRACE 16888 --- [learn-spring-boot] [           main] o.s.b.a.condition.OnBeanCondition        : Condition OnBeanCondition on org.springframework.boot.autoconfigure.availability.ApplicationAvailabilityAutoConfiguration#applicationAvailability matched due to @ConditionalOnMissingBean (types: org.springframework.boot.availability.ApplicationAvailability; SearchStrategy: all) did not find any beans
2025-04-01T15:16:25.883+05:30 TRACE 16888 --- [learn-spring-boot] [           main] o.s.b.f.s.DefaultListableBeanFactory     : Returning cached instance of singleton bean 'autoConfigurationReport'
2025-04-01T15:16:25.883+05:30 TRACE 16888 --- [learn-spring-boot] [           main] a.ConfigurationClassBeanDefinitionReader : Registering bean definition for @Bean method org.springframework.boot.autoconfigure.availability.ApplicationAvailabilityAutoConfiguration.applicationAvailability()
2025-04-01T15:16:25.883+05:30 TRACE 16888 --- [learn-spring-boot] [           main] a.ConfigurationClassBeanDefinitionReader : Registered bean definition for imported class 'org.springframework.boot.actuate.autoconfigure.availability.AvailabilityHealthContributorAutoConfiguration'
2025-04-01T15:16:25.883+05:30 TRACE 16888 --- [learn-spring-boot] [           main] o.s.b.a.condition.OnPropertyCondition    : Condition OnPropertyCondition on org.springframework.boot.actuate.autoconfigure.availability.AvailabilityHealthContributorAutoConfiguration#livenessStateHealthIndicator did not match due to @ConditionalOnProperty (management.health.livenessstate.enabled=true) did not find property 'enabled'
2025-04-01T15:16:25.883+05:30 TRACE 16888 --- [learn-spring-boot] [           main] o.s.b.f.s.DefaultListableBeanFactory     : Returning cached instance of singleton bean 'autoConfigurationReport'
2025-04-01T15:16:25.883+05:30 TRACE 16888 --- [learn-spring-boot] [           main] o.s.b.a.condition.OnPropertyCondition    : Condition OnPropertyCondition on org.springframework.boot.actuate.autoconfigure.availability.AvailabilityHealthContributorAutoConfiguration#readinessStateHealthIndicator did not match due to @ConditionalOnProperty (management.health.readinessstate.enabled=true) did not find property 'enabled'
2025-04-01T15:16:25.883+05:30 TRACE 16888 --- [learn-spring-boot] [           main] o.s.b.f.s.DefaultListableBeanFactory     : Returning cached instance of singleton bean 'autoConfigurationReport'
2025-04-01T15:16:25.883+05:30 TRACE 16888 --- [learn-spring-boot] [           main] o.s.b.a.condition.OnClassCondition       : Condition OnClassCondition on org.springframework.boot.autoconfigure.jackson.JacksonAutoConfiguration matched due to @ConditionalOnClass found required class 'com.fasterxml.jackson.databind.ObjectMapper'
2025-04-01T15:16:25.883+05:30 TRACE 16888 --- [learn-spring-boot] [           main] o.s.b.f.s.DefaultListableBeanFactory     : Returning cached instance of singleton bean 'autoConfigurationReport'
2025-04-01T15:16:25.883+05:30 TRACE 16888 --- [learn-spring-boot] [           main] o.s.b.a.condition.OnClassCondition       : Condition OnClassCondition on org.springframework.boot.autoconfigure.jackson.JacksonAutoConfiguration$Jackson2ObjectMapperBuilderCustomizerConfiguration matched due to @ConditionalOnClass found required class 'org.springframework.http.converter.json.Jackson2ObjectMapperBuilder'
2025-04-01T15:16:25.883+05:30 TRACE 16888 --- [learn-spring-boot] [           main] o.s.b.f.s.DefaultListableBeanFactory     : Returning cached instance of singleton bean 'autoConfigurationReport'
2025-04-01T15:16:25.885+05:30 TRACE 16888 --- [learn-spring-boot] [           main] a.ConfigurationClassBeanDefinitionReader : Registered bean definition for imported class 'org.springframework.boot.autoconfigure.jackson.JacksonAutoConfiguration$Jackson2ObjectMapperBuilderCustomizerConfiguration'
2025-04-01T15:16:25.885+05:30 TRACE 16888 --- [learn-spring-boot] [           main] a.ConfigurationClassBeanDefinitionReader : Registering bean definition for @Bean method org.springframework.boot.autoconfigure.jackson.JacksonAutoConfiguration$Jackson2ObjectMapperBuilderCustomizerConfiguration.standardJacksonObjectMapperBuilderCustomizer()
2025-04-01T15:16:25.887+05:30 TRACE 16888 --- [learn-spring-boot] [           main] o.s.b.a.condition.OnClassCondition       : Condition OnClassCondition on org.springframework.boot.autoconfigure.jackson.JacksonAutoConfiguration$JacksonObjectMapperBuilderConfiguration matched due to @ConditionalOnClass found required class 'org.springframework.http.converter.json.Jackson2ObjectMapperBuilder'
2025-04-01T15:16:25.887+05:30 TRACE 16888 --- [learn-spring-boot] [           main] o.s.b.f.s.DefaultListableBeanFactory     : Returning cached instance of singleton bean 'autoConfigurationReport'
2025-04-01T15:16:25.887+05:30 TRACE 16888 --- [learn-spring-boot] [           main] a.ConfigurationClassBeanDefinitionReader : Registered bean definition for imported class 'org.springframework.boot.autoconfigure.jackson.JacksonAutoConfiguration$JacksonObjectMapperBuilderConfiguration'
2025-04-01T15:16:25.890+05:30 TRACE 16888 --- [learn-spring-boot] [           main] o.s.b.a.condition.OnBeanCondition        : Condition OnBeanCondition on org.springframework.boot.autoconfigure.jackson.JacksonAutoConfiguration$JacksonObjectMapperBuilderConfiguration#jacksonObjectMapperBuilder matched due to @ConditionalOnMissingBean (types: org.springframework.http.converter.json.Jackson2ObjectMapperBuilder; SearchStrategy: all) did not find any beans
2025-04-01T15:16:25.890+05:30 TRACE 16888 --- [learn-spring-boot] [           main] o.s.b.f.s.DefaultListableBeanFactory     : Returning cached instance of singleton bean 'autoConfigurationReport'
2025-04-01T15:16:25.891+05:30 TRACE 16888 --- [learn-spring-boot] [           main] a.ConfigurationClassBeanDefinitionReader : Registering bean definition for @Bean method org.springframework.boot.autoconfigure.jackson.JacksonAutoConfiguration$JacksonObjectMapperBuilderConfiguration.jacksonObjectMapperBuilder()
2025-04-01T15:16:25.891+05:30 TRACE 16888 --- [learn-spring-boot] [           main] o.s.b.a.condition.OnClassCondition       : Condition OnClassCondition on org.springframework.boot.autoconfigure.jackson.JacksonAutoConfiguration$ParameterNamesModuleConfiguration matched due to @ConditionalOnClass found required class 'com.fasterxml.jackson.module.paramnames.ParameterNamesModule'
2025-04-01T15:16:25.891+05:30 TRACE 16888 --- [learn-spring-boot] [           main] o.s.b.f.s.DefaultListableBeanFactory     : Returning cached instance of singleton bean 'autoConfigurationReport'
2025-04-01T15:16:25.891+05:30 TRACE 16888 --- [learn-spring-boot] [           main] a.ConfigurationClassBeanDefinitionReader : Registered bean definition for imported class 'org.springframework.boot.autoconfigure.jackson.JacksonAutoConfiguration$ParameterNamesModuleConfiguration'
2025-04-01T15:16:25.892+05:30 TRACE 16888 --- [learn-spring-boot] [           main] o.s.b.a.condition.OnBeanCondition        : Condition OnBeanCondition on org.springframework.boot.autoconfigure.jackson.JacksonAutoConfiguration$ParameterNamesModuleConfiguration#parameterNamesModule matched due to @ConditionalOnMissingBean (types: com.fasterxml.jackson.module.paramnames.ParameterNamesModule; SearchStrategy: all) did not find any beans
2025-04-01T15:16:25.893+05:30 TRACE 16888 --- [learn-spring-boot] [           main] o.s.b.f.s.DefaultListableBeanFactory     : Returning cached instance of singleton bean 'autoConfigurationReport'
2025-04-01T15:16:25.893+05:30 TRACE 16888 --- [learn-spring-boot] [           main] a.ConfigurationClassBeanDefinitionReader : Registering bean definition for @Bean method org.springframework.boot.autoconfigure.jackson.JacksonAutoConfiguration$ParameterNamesModuleConfiguration.parameterNamesModule()
2025-04-01T15:16:25.893+05:30 TRACE 16888 --- [learn-spring-boot] [           main] o.s.b.a.condition.OnClassCondition       : Condition OnClassCondition on org.springframework.boot.autoconfigure.jackson.JacksonAutoConfiguration$JacksonObjectMapperConfiguration matched due to @ConditionalOnClass found required class 'org.springframework.http.converter.json.Jackson2ObjectMapperBuilder'
2025-04-01T15:16:25.893+05:30 TRACE 16888 --- [learn-spring-boot] [           main] o.s.b.f.s.DefaultListableBeanFactory     : Returning cached instance of singleton bean 'autoConfigurationReport'
2025-04-01T15:16:25.893+05:30 TRACE 16888 --- [learn-spring-boot] [           main] a.ConfigurationClassBeanDefinitionReader : Registered bean definition for imported class 'org.springframework.boot.autoconfigure.jackson.JacksonAutoConfiguration$JacksonObjectMapperConfiguration'
2025-04-01T15:16:25.894+05:30 TRACE 16888 --- [learn-spring-boot] [           main] o.s.b.a.condition.OnBeanCondition        : Condition OnBeanCondition on org.springframework.boot.autoconfigure.jackson.JacksonAutoConfiguration$JacksonObjectMapperConfiguration#jacksonObjectMapper matched due to @ConditionalOnMissingBean (types: com.fasterxml.jackson.databind.ObjectMapper; SearchStrategy: all) did not find any beans
2025-04-01T15:16:25.894+05:30 TRACE 16888 --- [learn-spring-boot] [           main] o.s.b.f.s.DefaultListableBeanFactory     : Returning cached instance of singleton bean 'autoConfigurationReport'
2025-04-01T15:16:25.894+05:30 TRACE 16888 --- [learn-spring-boot] [           main] a.ConfigurationClassBeanDefinitionReader : Registering bean definition for @Bean method org.springframework.boot.autoconfigure.jackson.JacksonAutoConfiguration$JacksonObjectMapperConfiguration.jacksonObjectMapper()
2025-04-01T15:16:25.894+05:30 TRACE 16888 --- [learn-spring-boot] [           main] a.ConfigurationClassBeanDefinitionReader : Registered bean definition for imported class 'org.springframework.boot.autoconfigure.jackson.JacksonAutoConfiguration$JacksonMixinConfiguration'
2025-04-01T15:16:25.894+05:30 TRACE 16888 --- [learn-spring-boot] [           main] a.ConfigurationClassBeanDefinitionReader : Registering bean definition for @Bean method org.springframework.boot.autoconfigure.jackson.JacksonAutoConfiguration$JacksonMixinConfiguration.jsonMixinModuleEntries()
2025-04-01T15:16:25.894+05:30 TRACE 16888 --- [learn-spring-boot] [           main] a.ConfigurationClassBeanDefinitionReader : Registering bean definition for @Bean method org.springframework.boot.autoconfigure.jackson.JacksonAutoConfiguration$JacksonMixinConfiguration.jsonMixinModule()
2025-04-01T15:16:25.894+05:30 TRACE 16888 --- [learn-spring-boot] [           main] a.ConfigurationClassBeanDefinitionReader : Registered bean definition for imported class 'org.springframework.boot.autoconfigure.jackson.JacksonAutoConfiguration'
2025-04-01T15:16:25.894+05:30 TRACE 16888 --- [learn-spring-boot] [           main] a.ConfigurationClassBeanDefinitionReader : Registering bean definition for @Bean method org.springframework.boot.autoconfigure.jackson.JacksonAutoConfiguration.jsonComponentModule()
2025-04-01T15:16:25.894+05:30 TRACE 16888 --- [learn-spring-boot] [           main] o.s.b.a.condition.OnClassCondition       : Condition OnClassCondition on org.springframework.boot.autoconfigure.cache.CacheAutoConfiguration matched due to @ConditionalOnClass found required class 'org.springframework.cache.CacheManager'
2025-04-01T15:16:25.894+05:30 TRACE 16888 --- [learn-spring-boot] [           main] o.s.b.f.s.DefaultListableBeanFactory     : Returning cached instance of singleton bean 'autoConfigurationReport'
2025-04-01T15:16:25.898+05:30 TRACE 16888 --- [learn-spring-boot] [           main] o.s.b.a.condition.OnBeanCondition        : Condition OnBeanCondition on org.springframework.boot.autoconfigure.cache.CacheAutoConfiguration did not match due to @ConditionalOnBean (types: org.springframework.cache.interceptor.CacheAspectSupport; SearchStrategy: all) did not find any beans of type org.springframework.cache.interceptor.CacheAspectSupport
2025-04-01T15:16:25.898+05:30 TRACE 16888 --- [learn-spring-boot] [           main] o.s.b.f.s.DefaultListableBeanFactory     : Returning cached instance of singleton bean 'autoConfigurationReport'
2025-04-01T15:16:25.899+05:30 TRACE 16888 --- [learn-spring-boot] [           main] s.b.a.a.e.c.OnAvailableEndpointCondition : Condition OnAvailableEndpointCondition on org.springframework.boot.actuate.autoconfigure.health.HealthEndpointAutoConfiguration matched due to @ConditionalOnAvailableEndpoint marked as exposed by a 'management.endpoints.web.exposure' property
2025-04-01T15:16:25.899+05:30 TRACE 16888 --- [learn-spring-boot] [           main] o.s.b.f.s.DefaultListableBeanFactory     : Returning cached instance of singleton bean 'autoConfigurationReport'
2025-04-01T15:16:25.899+05:30 TRACE 16888 --- [learn-spring-boot] [           main] a.ConfigurationClassBeanDefinitionReader : Registered bean definition for imported class 'org.springframework.boot.actuate.autoconfigure.health.HealthEndpointConfiguration'
2025-04-01T15:16:25.900+05:30 TRACE 16888 --- [learn-spring-boot] [           main] o.s.b.a.condition.OnBeanCondition        : Condition OnBeanCondition on org.springframework.boot.actuate.autoconfigure.health.HealthEndpointConfiguration#healthStatusAggregator matched due to @ConditionalOnMissingBean (types: org.springframework.boot.actuate.health.StatusAggregator; SearchStrategy: all) did not find any beans
2025-04-01T15:16:25.900+05:30 TRACE 16888 --- [learn-spring-boot] [           main] o.s.b.f.s.DefaultListableBeanFactory     : Returning cached instance of singleton bean 'autoConfigurationReport'
2025-04-01T15:16:25.900+05:30 TRACE 16888 --- [learn-spring-boot] [           main] a.ConfigurationClassBeanDefinitionReader : Registering bean definition for @Bean method org.springframework.boot.actuate.autoconfigure.health.HealthEndpointConfiguration.healthStatusAggregator()
2025-04-01T15:16:25.908+05:30 TRACE 16888 --- [learn-spring-boot] [           main] o.s.b.a.condition.OnBeanCondition        : Condition OnBeanCondition on org.springframework.boot.actuate.autoconfigure.health.HealthEndpointConfiguration#healthHttpCodeStatusMapper matched due to @ConditionalOnMissingBean (types: org.springframework.boot.actuate.health.HttpCodeStatusMapper; SearchStrategy: all) did not find any beans
2025-04-01T15:16:25.908+05:30 TRACE 16888 --- [learn-spring-boot] [           main] o.s.b.f.s.DefaultListableBeanFactory     : Returning cached instance of singleton bean 'autoConfigurationReport'
2025-04-01T15:16:25.908+05:30 TRACE 16888 --- [learn-spring-boot] [           main] a.ConfigurationClassBeanDefinitionReader : Registering bean definition for @Bean method org.springframework.boot.actuate.autoconfigure.health.HealthEndpointConfiguration.healthHttpCodeStatusMapper()
2025-04-01T15:16:25.909+05:30 TRACE 16888 --- [learn-spring-boot] [           main] o.s.b.a.condition.OnBeanCondition        : Condition OnBeanCondition on org.springframework.boot.actuate.autoconfigure.health.HealthEndpointConfiguration#healthEndpointGroups matched due to @ConditionalOnMissingBean (types: org.springframework.boot.actuate.health.HealthEndpointGroups; SearchStrategy: all) did not find any beans
2025-04-01T15:16:25.909+05:30 TRACE 16888 --- [learn-spring-boot] [           main] o.s.b.f.s.DefaultListableBeanFactory     : Returning cached instance of singleton bean 'autoConfigurationReport'
2025-04-01T15:16:25.909+05:30 TRACE 16888 --- [learn-spring-boot] [           main] a.ConfigurationClassBeanDefinitionReader : Registering bean definition for @Bean method org.springframework.boot.actuate.autoconfigure.health.HealthEndpointConfiguration.healthEndpointGroups()
2025-04-01T15:16:25.910+05:30 TRACE 16888 --- [learn-spring-boot] [           main] o.s.b.a.condition.OnBeanCondition        : Condition OnBeanCondition on org.springframework.boot.actuate.autoconfigure.health.HealthEndpointConfiguration#healthContributorRegistry matched due to @ConditionalOnMissingBean (types: org.springframework.boot.actuate.health.HealthContributorRegistry; SearchStrategy: all) did not find any beans
2025-04-01T15:16:25.910+05:30 TRACE 16888 --- [learn-spring-boot] [           main] o.s.b.f.s.DefaultListableBeanFactory     : Returning cached instance of singleton bean 'autoConfigurationReport'
2025-04-01T15:16:25.910+05:30 TRACE 16888 --- [learn-spring-boot] [           main] a.ConfigurationClassBeanDefinitionReader : Registering bean definition for @Bean method org.springframework.boot.actuate.autoconfigure.health.HealthEndpointConfiguration.healthContributorRegistry()
2025-04-01T15:16:25.910+05:30 TRACE 16888 --- [learn-spring-boot] [           main] o.s.b.a.condition.OnPropertyCondition    : Condition OnPropertyCondition on org.springframework.boot.actuate.autoconfigure.health.HealthEndpointConfiguration#healthEndpointGroupMembershipValidator matched due to @ConditionalOnProperty (management.endpoint.health.validate-group-membership=true) matched
2025-04-01T15:16:25.910+05:30 TRACE 16888 --- [learn-spring-boot] [           main] o.s.b.f.s.DefaultListableBeanFactory     : Returning cached instance of singleton bean 'autoConfigurationReport'
2025-04-01T15:16:25.910+05:30 TRACE 16888 --- [learn-spring-boot] [           main] a.ConfigurationClassBeanDefinitionReader : Registering bean definition for @Bean method org.springframework.boot.actuate.autoconfigure.health.HealthEndpointConfiguration.healthEndpointGroupMembershipValidator()
2025-04-01T15:16:25.910+05:30 TRACE 16888 --- [learn-spring-boot] [           main] o.s.b.a.condition.OnBeanCondition        : Condition OnBeanCondition on org.springframework.boot.actuate.autoconfigure.health.HealthEndpointConfiguration#healthEndpoint matched due to @ConditionalOnMissingBean (types: org.springframework.boot.actuate.health.HealthEndpoint; SearchStrategy: all) did not find any beans
2025-04-01T15:16:25.910+05:30 TRACE 16888 --- [learn-spring-boot] [           main] o.s.b.f.s.DefaultListableBeanFactory     : Returning cached instance of singleton bean 'autoConfigurationReport'
2025-04-01T15:16:25.911+05:30 TRACE 16888 --- [learn-spring-boot] [           main] a.ConfigurationClassBeanDefinitionReader : Registering bean definition for @Bean method org.springframework.boot.actuate.autoconfigure.health.HealthEndpointConfiguration.healthEndpoint()
2025-04-01T15:16:25.911+05:30 TRACE 16888 --- [learn-spring-boot] [           main] a.ConfigurationClassBeanDefinitionReader : Registering bean definition for @Bean method org.springframework.boot.actuate.autoconfigure.health.HealthEndpointConfiguration.healthEndpointGroupsBeanPostProcessor()
2025-04-01T15:16:25.911+05:30 TRACE 16888 --- [learn-spring-boot] [           main] o.s.b.a.c.OnWebApplicationCondition      : Condition OnWebApplicationCondition on org.springframework.boot.actuate.autoconfigure.health.HealthEndpointWebExtensionConfiguration matched due to found 'session' scope
2025-04-01T15:16:25.911+05:30 TRACE 16888 --- [learn-spring-boot] [           main] o.s.b.f.s.DefaultListableBeanFactory     : Returning cached instance of singleton bean 'autoConfigurationReport'
2025-04-01T15:16:25.911+05:30 TRACE 16888 --- [learn-spring-boot] [           main] o.s.b.a.condition.OnBeanCondition        : Condition OnBeanCondition on org.springframework.boot.actuate.autoconfigure.health.HealthEndpointWebExtensionConfiguration matched due to @ConditionalOnBean (types: org.springframework.boot.actuate.health.HealthEndpoint; SearchStrategy: all) found bean 'healthEndpoint'
2025-04-01T15:16:25.911+05:30 TRACE 16888 --- [learn-spring-boot] [           main] o.s.b.f.s.DefaultListableBeanFactory     : Returning cached instance of singleton bean 'autoConfigurationReport'
2025-04-01T15:16:25.912+05:30 TRACE 16888 --- [learn-spring-boot] [           main] s.b.a.a.e.c.OnAvailableEndpointCondition : Condition OnAvailableEndpointCondition on org.springframework.boot.actuate.autoconfigure.health.HealthEndpointWebExtensionConfiguration matched due to @ConditionalOnAvailableEndpoint marked as exposed by a 'management.endpoints.web.exposure' property
2025-04-01T15:16:25.912+05:30 TRACE 16888 --- [learn-spring-boot] [           main] o.s.b.f.s.DefaultListableBeanFactory     : Returning cached instance of singleton bean 'autoConfigurationReport'
2025-04-01T15:16:25.912+05:30 TRACE 16888 --- [learn-spring-boot] [           main] o.s.b.a.condition.OnBeanCondition        : Condition OnBeanCondition on org.springframework.boot.actuate.autoconfigure.health.HealthEndpointWebExtensionConfiguration$MvcAdditionalHealthEndpointPathsConfiguration matched due to @ConditionalOnBean (types: org.springframework.web.servlet.DispatcherServlet; SearchStrategy: all) found bean 'dispatcherServlet'
2025-04-01T15:16:25.912+05:30 TRACE 16888 --- [learn-spring-boot] [           main] o.s.b.f.s.DefaultListableBeanFactory     : Returning cached instance of singleton bean 'autoConfigurationReport'
2025-04-01T15:16:25.912+05:30 TRACE 16888 --- [learn-spring-boot] [           main] a.ConfigurationClassBeanDefinitionReader : Registered bean definition for imported class 'org.springframework.boot.actuate.autoconfigure.health.HealthEndpointWebExtensionConfiguration$MvcAdditionalHealthEndpointPathsConfiguration'
2025-04-01T15:16:25.912+05:30 TRACE 16888 --- [learn-spring-boot] [           main] a.ConfigurationClassBeanDefinitionReader : Registering bean definition for @Bean method org.springframework.boot.actuate.autoconfigure.health.HealthEndpointWebExtensionConfiguration$MvcAdditionalHealthEndpointPathsConfiguration.healthEndpointWebMvcHandlerMapping()
2025-04-01T15:16:25.912+05:30 TRACE 16888 --- [learn-spring-boot] [           main] a.ConfigurationClassBeanDefinitionReader : Registered bean definition for imported class 'org.springframework.boot.actuate.autoconfigure.health.HealthEndpointWebExtensionConfiguration'
2025-04-01T15:16:25.917+05:30 TRACE 16888 --- [learn-spring-boot] [           main] o.s.b.a.condition.OnBeanCondition        : Condition OnBeanCondition on org.springframework.boot.actuate.autoconfigure.health.HealthEndpointWebExtensionConfiguration#healthEndpointWebExtension matched due to @ConditionalOnMissingBean (types: org.springframework.boot.actuate.health.HealthEndpointWebExtension; SearchStrategy: all) did not find any beans
2025-04-01T15:16:25.917+05:30 TRACE 16888 --- [learn-spring-boot] [           main] o.s.b.f.s.DefaultListableBeanFactory     : Returning cached instance of singleton bean 'autoConfigurationReport'
2025-04-01T15:16:25.917+05:30 TRACE 16888 --- [learn-spring-boot] [           main] a.ConfigurationClassBeanDefinitionReader : Registering bean definition for @Bean method org.springframework.boot.actuate.autoconfigure.health.HealthEndpointWebExtensionConfiguration.healthEndpointWebExtension()
2025-04-01T15:16:25.918+05:30 TRACE 16888 --- [learn-spring-boot] [           main] a.ConfigurationClassBeanDefinitionReader : Registered bean definition for imported class 'org.springframework.boot.actuate.autoconfigure.health.HealthEndpointAutoConfiguration'
2025-04-01T15:16:25.919+05:30 TRACE 16888 --- [learn-spring-boot] [           main] a.ConfigurationClassBeanDefinitionReader : Registered bean definition for imported class 'org.springframework.boot.autoconfigure.info.ProjectInfoAutoConfiguration'
2025-04-01T15:16:25.920+05:30 TRACE 16888 --- [learn-spring-boot] [           main] figuration$GitResourceAvailableCondition : Condition ProjectInfoAutoConfiguration.GitResourceAvailableCondition on org.springframework.boot.autoconfigure.info.ProjectInfoAutoConfiguration#gitProperties did not match due to GitResource did not find git info at classpath:git.properties
2025-04-01T15:16:25.920+05:30 TRACE 16888 --- [learn-spring-boot] [           main] o.s.b.f.s.DefaultListableBeanFactory     : Returning cached instance of singleton bean 'autoConfigurationReport'
2025-04-01T15:16:25.921+05:30 TRACE 16888 --- [learn-spring-boot] [           main] ySourcesPropertyResolver$DefaultResolver : Searching for key 'spring.info.build.location:classpath:META-INF/build-info.properties' in PropertySource 'configurationProperties'
2025-04-01T15:16:25.921+05:30 TRACE 16888 --- [learn-spring-boot] [           main] ySourcesPropertyResolver$DefaultResolver : Searching for key 'spring.info.build.location:classpath:META-INF/build-info.properties' in PropertySource 'test'
2025-04-01T15:16:25.921+05:30 TRACE 16888 --- [learn-spring-boot] [           main] ySourcesPropertyResolver$DefaultResolver : Searching for key 'spring.info.build.location:classpath:META-INF/build-info.properties' in PropertySource 'Inlined Test Properties'
2025-04-01T15:16:25.921+05:30 TRACE 16888 --- [learn-spring-boot] [           main] ySourcesPropertyResolver$DefaultResolver : Searching for key 'spring.info.build.location:classpath:META-INF/build-info.properties' in PropertySource 'servletConfigInitParams'
2025-04-01T15:16:25.921+05:30 TRACE 16888 --- [learn-spring-boot] [           main] ySourcesPropertyResolver$DefaultResolver : Searching for key 'spring.info.build.location:classpath:META-INF/build-info.properties' in PropertySource 'servletContextInitParams'
2025-04-01T15:16:25.921+05:30 TRACE 16888 --- [learn-spring-boot] [           main] ySourcesPropertyResolver$DefaultResolver : Searching for key 'spring.info.build.location:classpath:META-INF/build-info.properties' in PropertySource 'systemProperties'
2025-04-01T15:16:25.921+05:30 TRACE 16888 --- [learn-spring-boot] [           main] ySourcesPropertyResolver$DefaultResolver : Searching for key 'spring.info.build.location:classpath:META-INF/build-info.properties' in PropertySource 'systemEnvironment'
2025-04-01T15:16:25.921+05:30 TRACE 16888 --- [learn-spring-boot] [           main] ySourcesPropertyResolver$DefaultResolver : Searching for key 'spring.info.build.location:classpath:META-INF/build-info.properties' in PropertySource 'random'
2025-04-01T15:16:25.921+05:30 TRACE 16888 --- [learn-spring-boot] [           main] ySourcesPropertyResolver$DefaultResolver : Searching for key 'spring.info.build.location:classpath:META-INF/build-info.properties' in PropertySource 'Config resource 'class path resource [application-dev.properties]' via location 'optional:classpath:/''
2025-04-01T15:16:25.921+05:30 TRACE 16888 --- [learn-spring-boot] [           main] ySourcesPropertyResolver$DefaultResolver : Searching for key 'spring.info.build.location:classpath:META-INF/build-info.properties' in PropertySource 'Config resource 'class path resource [application.properties]' via location 'optional:classpath:/''
2025-04-01T15:16:25.921+05:30 TRACE 16888 --- [learn-spring-boot] [           main] ySourcesPropertyResolver$DefaultResolver : Searching for key 'spring.info.build.location:classpath:META-INF/build-info.properties' in PropertySource 'applicationInfo'
2025-04-01T15:16:25.921+05:30 TRACE 16888 --- [learn-spring-boot] [           main] ySourcesPropertyResolver$DefaultResolver : Could not find key 'spring.info.build.location:classpath:META-INF/build-info.properties' in any property source
2025-04-01T15:16:25.921+05:30 TRACE 16888 --- [learn-spring-boot] [           main] o.s.b.a.condition.OnResourceCondition    : Condition OnResourceCondition on org.springframework.boot.autoconfigure.info.ProjectInfoAutoConfiguration#buildProperties did not match due to @ConditionalOnResource did not find resource '${spring.info.build.location:classpath:META-INF/build-info.properties}'
2025-04-01T15:16:25.921+05:30 TRACE 16888 --- [learn-spring-boot] [           main] o.s.b.f.s.DefaultListableBeanFactory     : Returning cached instance of singleton bean 'autoConfigurationReport'
2025-04-01T15:16:25.923+05:30 TRACE 16888 --- [learn-spring-boot] [           main] a.ConfigurationClassBeanDefinitionReader : Registered bean definition for imported class 'org.springframework.boot.actuate.autoconfigure.info.InfoContributorAutoConfiguration'
2025-04-01T15:16:25.924+05:30 TRACE 16888 --- [learn-spring-boot] [           main] .a.a.i.OnEnabledInfoContributorCondition : Condition OnEnabledInfoContributorCondition on org.springframework.boot.actuate.autoconfigure.info.InfoContributorAutoConfiguration#envInfoContributor did not match due to @ConditionalOnEnabledInfoContributor management.info.env.enabled is not true
2025-04-01T15:16:25.924+05:30 TRACE 16888 --- [learn-spring-boot] [           main] o.s.b.f.s.DefaultListableBeanFactory     : Returning cached instance of singleton bean 'autoConfigurationReport'
2025-04-01T15:16:25.924+05:30 TRACE 16888 --- [learn-spring-boot] [           main] .a.a.i.OnEnabledInfoContributorCondition : Condition OnEnabledInfoContributorCondition on org.springframework.boot.actuate.autoconfigure.info.InfoContributorAutoConfiguration#gitInfoContributor matched due to @ConditionalOnEnabledInfoContributor management.info.defaults.enabled is considered true
2025-04-01T15:16:25.924+05:30 TRACE 16888 --- [learn-spring-boot] [           main] o.s.b.f.s.DefaultListableBeanFactory     : Returning cached instance of singleton bean 'autoConfigurationReport'
2025-04-01T15:16:25.927+05:30 TRACE 16888 --- [learn-spring-boot] [           main] o.s.b.a.condition.OnBeanCondition        : Condition OnBeanCondition on org.springframework.boot.actuate.autoconfigure.info.InfoContributorAutoConfiguration#gitInfoContributor did not match due to @ConditionalOnSingleCandidate (types: org.springframework.boot.info.GitProperties; SearchStrategy: all) did not find any beans
2025-04-01T15:16:25.927+05:30 TRACE 16888 --- [learn-spring-boot] [           main] o.s.b.f.s.DefaultListableBeanFactory     : Returning cached instance of singleton bean 'autoConfigurationReport'
2025-04-01T15:16:25.927+05:30 TRACE 16888 --- [learn-spring-boot] [           main] .a.a.i.OnEnabledInfoContributorCondition : Condition OnEnabledInfoContributorCondition on org.springframework.boot.actuate.autoconfigure.info.InfoContributorAutoConfiguration#buildInfoContributor matched due to @ConditionalOnEnabledInfoContributor management.info.defaults.enabled is considered true
2025-04-01T15:16:25.927+05:30 TRACE 16888 --- [learn-spring-boot] [           main] o.s.b.f.s.DefaultListableBeanFactory     : Returning cached instance of singleton bean 'autoConfigurationReport'
2025-04-01T15:16:25.928+05:30 TRACE 16888 --- [learn-spring-boot] [           main] o.s.b.a.condition.OnBeanCondition        : Condition OnBeanCondition on org.springframework.boot.actuate.autoconfigure.info.InfoContributorAutoConfiguration#buildInfoContributor did not match due to @ConditionalOnSingleCandidate (types: org.springframework.boot.info.BuildProperties; SearchStrategy: all) did not find any beans
2025-04-01T15:16:25.928+05:30 TRACE 16888 --- [learn-spring-boot] [           main] o.s.b.f.s.DefaultListableBeanFactory     : Returning cached instance of singleton bean 'autoConfigurationReport'
2025-04-01T15:16:25.928+05:30 TRACE 16888 --- [learn-spring-boot] [           main] .a.a.i.OnEnabledInfoContributorCondition : Condition OnEnabledInfoContributorCondition on org.springframework.boot.actuate.autoconfigure.info.InfoContributorAutoConfiguration#javaInfoContributor did not match due to @ConditionalOnEnabledInfoContributor management.info.java.enabled is not true
2025-04-01T15:16:25.928+05:30 TRACE 16888 --- [learn-spring-boot] [           main] o.s.b.f.s.DefaultListableBeanFactory     : Returning cached instance of singleton bean 'autoConfigurationReport'
2025-04-01T15:16:25.928+05:30 TRACE 16888 --- [learn-spring-boot] [           main] .a.a.i.OnEnabledInfoContributorCondition : Condition OnEnabledInfoContributorCondition on org.springframework.boot.actuate.autoconfigure.info.InfoContributorAutoConfiguration#osInfoContributor did not match due to @ConditionalOnEnabledInfoContributor management.info.os.enabled is not true
2025-04-01T15:16:25.928+05:30 TRACE 16888 --- [learn-spring-boot] [           main] o.s.b.f.s.DefaultListableBeanFactory     : Returning cached instance of singleton bean 'autoConfigurationReport'
2025-04-01T15:16:25.928+05:30 TRACE 16888 --- [learn-spring-boot] [           main] .a.a.i.OnEnabledInfoContributorCondition : Condition OnEnabledInfoContributorCondition on org.springframework.boot.actuate.autoconfigure.info.InfoContributorAutoConfiguration#processInfoContributor did not match due to @ConditionalOnEnabledInfoContributor management.info.process.enabled is not true
2025-04-01T15:16:25.928+05:30 TRACE 16888 --- [learn-spring-boot] [           main] o.s.b.f.s.DefaultListableBeanFactory     : Returning cached instance of singleton bean 'autoConfigurationReport'
2025-04-01T15:16:25.928+05:30 TRACE 16888 --- [learn-spring-boot] [           main] .a.a.i.OnEnabledInfoContributorCondition : Condition OnEnabledInfoContributorCondition on org.springframework.boot.actuate.autoconfigure.info.InfoContributorAutoConfiguration#sslInfoContributor did not match due to @ConditionalOnEnabledInfoContributor management.info.ssl.enabled is not true
2025-04-01T15:16:25.928+05:30 TRACE 16888 --- [learn-spring-boot] [           main] o.s.b.f.s.DefaultListableBeanFactory     : Returning cached instance of singleton bean 'autoConfigurationReport'
2025-04-01T15:16:25.929+05:30 TRACE 16888 --- [learn-spring-boot] [           main] o.s.b.a.condition.OnBeanCondition        : Condition OnBeanCondition on org.springframework.boot.actuate.autoconfigure.info.InfoContributorAutoConfiguration#sslInfo matched due to @ConditionalOnMissingBean (types: org.springframework.boot.info.SslInfo; SearchStrategy: all) did not find any beans
2025-04-01T15:16:25.929+05:30 TRACE 16888 --- [learn-spring-boot] [           main] o.s.b.f.s.DefaultListableBeanFactory     : Returning cached instance of singleton bean 'autoConfigurationReport'
2025-04-01T15:16:25.929+05:30 TRACE 16888 --- [learn-spring-boot] [           main] .a.a.i.OnEnabledInfoContributorCondition : Condition OnEnabledInfoContributorCondition on org.springframework.boot.actuate.autoconfigure.info.InfoContributorAutoConfiguration#sslInfo did not match due to @ConditionalOnEnabledInfoContributor management.info.ssl.enabled is not true
2025-04-01T15:16:25.929+05:30 TRACE 16888 --- [learn-spring-boot] [           main] o.s.b.f.s.DefaultListableBeanFactory     : Returning cached instance of singleton bean 'autoConfigurationReport'
2025-04-01T15:16:25.931+05:30 TRACE 16888 --- [learn-spring-boot] [           main] o.s.b.a.condition.OnClassCondition       : Condition OnClassCondition on org.springframework.boot.actuate.autoconfigure.web.servlet.ServletManagementContextAutoConfiguration matched due to @ConditionalOnClass found required class 'jakarta.servlet.Servlet'
2025-04-01T15:16:25.931+05:30 TRACE 16888 --- [learn-spring-boot] [           main] o.s.b.f.s.DefaultListableBeanFactory     : Returning cached instance of singleton bean 'autoConfigurationReport'
2025-04-01T15:16:25.931+05:30 TRACE 16888 --- [learn-spring-boot] [           main] o.s.b.a.c.OnWebApplicationCondition      : Condition OnWebApplicationCondition on org.springframework.boot.actuate.autoconfigure.web.servlet.ServletManagementContextAutoConfiguration matched due to found 'session' scope
2025-04-01T15:16:25.931+05:30 TRACE 16888 --- [learn-spring-boot] [           main] o.s.b.f.s.DefaultListableBeanFactory     : Returning cached instance of singleton bean 'autoConfigurationReport'
2025-04-01T15:16:25.931+05:30 TRACE 16888 --- [learn-spring-boot] [           main] a.ConfigurationClassBeanDefinitionReader : Registered bean definition for imported class 'org.springframework.boot.actuate.autoconfigure.web.servlet.ServletManagementContextAutoConfiguration'
2025-04-01T15:16:25.931+05:30 TRACE 16888 --- [learn-spring-boot] [           main] a.ConfigurationClassBeanDefinitionReader : Registering bean definition for @Bean method org.springframework.boot.actuate.autoconfigure.web.servlet.ServletManagementContextAutoConfiguration.servletWebChildContextFactory()
2025-04-01T15:16:25.931+05:30 TRACE 16888 --- [learn-spring-boot] [           main] a.ConfigurationClassBeanDefinitionReader : Registering bean definition for @Bean method org.springframework.boot.actuate.autoconfigure.web.servlet.ServletManagementContextAutoConfiguration.managementServletContext()
2025-04-01T15:16:25.931+05:30 TRACE 16888 --- [learn-spring-boot] [           main] a.ConfigurationClassBeanDefinitionReader : Registered bean definition for imported class 'org.springframework.boot.actuate.autoconfigure.endpoint.EndpointAutoConfiguration'
2025-04-01T15:16:25.934+05:30 TRACE 16888 --- [learn-spring-boot] [           main] o.s.b.a.condition.OnBeanCondition        : Condition OnBeanCondition on org.springframework.boot.actuate.autoconfigure.endpoint.EndpointAutoConfiguration#endpointOperationParameterMapper matched due to @ConditionalOnMissingBean (types: org.springframework.boot.actuate.endpoint.invoke.ParameterValueMapper; SearchStrategy: all) did not find any beans
2025-04-01T15:16:25.934+05:30 TRACE 16888 --- [learn-spring-boot] [           main] o.s.b.f.s.DefaultListableBeanFactory     : Returning cached instance of singleton bean 'autoConfigurationReport'
2025-04-01T15:16:25.935+05:30 TRACE 16888 --- [learn-spring-boot] [           main] a.ConfigurationClassBeanDefinitionReader : Registering bean definition for @Bean method org.springframework.boot.actuate.autoconfigure.endpoint.EndpointAutoConfiguration.endpointOperationParameterMapper()
2025-04-01T15:16:25.936+05:30 TRACE 16888 --- [learn-spring-boot] [           main] o.s.b.a.condition.OnBeanCondition        : Condition OnBeanCondition on org.springframework.boot.actuate.autoconfigure.endpoint.EndpointAutoConfiguration#endpointCachingOperationInvokerAdvisor matched due to @ConditionalOnMissingBean (types: org.springframework.boot.actuate.endpoint.invoker.cache.CachingOperationInvokerAdvisor; SearchStrategy: all) did not find any beans
2025-04-01T15:16:25.936+05:30 TRACE 16888 --- [learn-spring-boot] [           main] o.s.b.f.s.DefaultListableBeanFactory     : Returning cached instance of singleton bean 'autoConfigurationReport'
2025-04-01T15:16:25.936+05:30 TRACE 16888 --- [learn-spring-boot] [           main] a.ConfigurationClassBeanDefinitionReader : Registering bean definition for @Bean method org.springframework.boot.actuate.autoconfigure.endpoint.EndpointAutoConfiguration.endpointCachingOperationInvokerAdvisor()
2025-04-01T15:16:25.936+05:30 TRACE 16888 --- [learn-spring-boot] [           main] o.s.b.a.condition.OnBeanCondition        : Condition OnBeanCondition on org.springframework.boot.actuate.autoconfigure.endpoint.EndpointAutoConfiguration#propertiesEndpointAccessResolver matched due to @ConditionalOnMissingBean (types: org.springframework.boot.actuate.endpoint.EndpointAccessResolver; SearchStrategy: all) did not find any beans
2025-04-01T15:16:25.936+05:30 TRACE 16888 --- [learn-spring-boot] [           main] o.s.b.f.s.DefaultListableBeanFactory     : Returning cached instance of singleton bean 'autoConfigurationReport'
2025-04-01T15:16:25.936+05:30 TRACE 16888 --- [learn-spring-boot] [           main] a.ConfigurationClassBeanDefinitionReader : Registering bean definition for @Bean method org.springframework.boot.actuate.autoconfigure.endpoint.EndpointAutoConfiguration.propertiesEndpointAccessResolver()
2025-04-01T15:16:25.936+05:30 TRACE 16888 --- [learn-spring-boot] [           main] a.ConfigurationClassBeanDefinitionReader : Registered bean definition for imported class 'org.springframework.boot.actuate.autoconfigure.endpoint.jackson.JacksonEndpointAutoConfiguration'
2025-04-01T15:16:25.936+05:30 TRACE 16888 --- [learn-spring-boot] [           main] o.s.b.a.condition.OnClassCondition       : Condition OnClassCondition on org.springframework.boot.actuate.autoconfigure.endpoint.jackson.JacksonEndpointAutoConfiguration#endpointObjectMapper matched due to @ConditionalOnClass found required classes 'com.fasterxml.jackson.databind.ObjectMapper', 'org.springframework.http.converter.json.Jackson2ObjectMapperBuilder'
2025-04-01T15:16:25.936+05:30 TRACE 16888 --- [learn-spring-boot] [           main] o.s.b.f.s.DefaultListableBeanFactory     : Returning cached instance of singleton bean 'autoConfigurationReport'
2025-04-01T15:16:25.936+05:30 TRACE 16888 --- [learn-spring-boot] [           main] o.s.b.a.condition.OnPropertyCondition    : Condition OnPropertyCondition on org.springframework.boot.actuate.autoconfigure.endpoint.jackson.JacksonEndpointAutoConfiguration#endpointObjectMapper matched due to @ConditionalOnProperty (management.endpoints.jackson.isolated-object-mapper) matched
2025-04-01T15:16:25.937+05:30 TRACE 16888 --- [learn-spring-boot] [           main] o.s.b.f.s.DefaultListableBeanFactory     : Returning cached instance of singleton bean 'autoConfigurationReport'
2025-04-01T15:16:25.937+05:30 TRACE 16888 --- [learn-spring-boot] [           main] a.ConfigurationClassBeanDefinitionReader : Registering bean definition for @Bean method org.springframework.boot.actuate.autoconfigure.endpoint.jackson.JacksonEndpointAutoConfiguration.endpointObjectMapper()
2025-04-01T15:16:25.937+05:30 TRACE 16888 --- [learn-spring-boot] [           main] o.s.b.a.c.OnWebApplicationCondition      : Condition OnWebApplicationCondition on org.springframework.boot.actuate.autoconfigure.endpoint.web.WebEndpointAutoConfiguration matched due to @ConditionalOnWebApplication (required) found 'session' scope
2025-04-01T15:16:25.937+05:30 TRACE 16888 --- [learn-spring-boot] [           main] o.s.b.f.s.DefaultListableBeanFactory     : Returning cached instance of singleton bean 'autoConfigurationReport'
2025-04-01T15:16:25.937+05:30 TRACE 16888 --- [learn-spring-boot] [           main] o.s.b.a.c.OnWebApplicationCondition      : Condition OnWebApplicationCondition on org.springframework.boot.actuate.autoconfigure.endpoint.web.WebEndpointAutoConfiguration$WebEndpointServletConfiguration matched due to found 'session' scope
2025-04-01T15:16:25.937+05:30 TRACE 16888 --- [learn-spring-boot] [           main] o.s.b.f.s.DefaultListableBeanFactory     : Returning cached instance of singleton bean 'autoConfigurationReport'
2025-04-01T15:16:25.937+05:30 TRACE 16888 --- [learn-spring-boot] [           main] a.ConfigurationClassBeanDefinitionReader : Registered bean definition for imported class 'org.springframework.boot.actuate.autoconfigure.endpoint.web.WebEndpointAutoConfiguration$WebEndpointServletConfiguration'
2025-04-01T15:16:25.939+05:30 TRACE 16888 --- [learn-spring-boot] [           main] o.s.b.a.condition.OnBeanCondition        : Condition OnBeanCondition on org.springframework.boot.actuate.autoconfigure.endpoint.web.WebEndpointAutoConfiguration$WebEndpointServletConfiguration#servletEndpointDiscoverer matched due to @ConditionalOnMissingBean (types: org.springframework.boot.actuate.endpoint.web.annotation.ServletEndpointsSupplier; SearchStrategy: all) did not find any beans
2025-04-01T15:16:25.939+05:30 TRACE 16888 --- [learn-spring-boot] [           main] o.s.b.f.s.DefaultListableBeanFactory     : Returning cached instance of singleton bean 'autoConfigurationReport'
2025-04-01T15:16:25.939+05:30 TRACE 16888 --- [learn-spring-boot] [           main] a.ConfigurationClassBeanDefinitionReader : Registering bean definition for @Bean method org.springframework.boot.actuate.autoconfigure.endpoint.web.WebEndpointAutoConfiguration$WebEndpointServletConfiguration.servletEndpointDiscoverer()
2025-04-01T15:16:25.939+05:30 TRACE 16888 --- [learn-spring-boot] [           main] a.ConfigurationClassBeanDefinitionReader : Registered bean definition for imported class 'org.springframework.boot.actuate.autoconfigure.endpoint.web.WebEndpointAutoConfiguration'
2025-04-01T15:16:25.939+05:30 TRACE 16888 --- [learn-spring-boot] [           main] a.ConfigurationClassBeanDefinitionReader : Registering bean definition for @Bean method org.springframework.boot.actuate.autoconfigure.endpoint.web.WebEndpointAutoConfiguration.webEndpointPathMapper()
2025-04-01T15:16:25.944+05:30 TRACE 16888 --- [learn-spring-boot] [           main] o.s.b.a.condition.OnBeanCondition        : Condition OnBeanCondition on org.springframework.boot.actuate.autoconfigure.endpoint.web.WebEndpointAutoConfiguration#endpointMediaTypes matched due to @ConditionalOnMissingBean (types: org.springframework.boot.actuate.endpoint.web.EndpointMediaTypes; SearchStrategy: all) did not find any beans
2025-04-01T15:16:25.944+05:30 TRACE 16888 --- [learn-spring-boot] [           main] o.s.b.f.s.DefaultListableBeanFactory     : Returning cached instance of singleton bean 'autoConfigurationReport'
2025-04-01T15:16:25.944+05:30 TRACE 16888 --- [learn-spring-boot] [           main] a.ConfigurationClassBeanDefinitionReader : Registering bean definition for @Bean method org.springframework.boot.actuate.autoconfigure.endpoint.web.WebEndpointAutoConfiguration.endpointMediaTypes()
2025-04-01T15:16:25.945+05:30 TRACE 16888 --- [learn-spring-boot] [           main] o.s.b.a.condition.OnBeanCondition        : Condition OnBeanCondition on org.springframework.boot.actuate.autoconfigure.endpoint.web.WebEndpointAutoConfiguration#webEndpointDiscoverer matched due to @ConditionalOnMissingBean (types: org.springframework.boot.actuate.endpoint.web.WebEndpointsSupplier; SearchStrategy: all) did not find any beans
2025-04-01T15:16:25.945+05:30 TRACE 16888 --- [learn-spring-boot] [           main] o.s.b.f.s.DefaultListableBeanFactory     : Returning cached instance of singleton bean 'autoConfigurationReport'
2025-04-01T15:16:25.945+05:30 TRACE 16888 --- [learn-spring-boot] [           main] a.ConfigurationClassBeanDefinitionReader : Registering bean definition for @Bean method org.springframework.boot.actuate.autoconfigure.endpoint.web.WebEndpointAutoConfiguration.webEndpointDiscoverer()
2025-04-01T15:16:25.945+05:30 TRACE 16888 --- [learn-spring-boot] [           main] o.s.b.a.condition.OnBeanCondition        : Condition OnBeanCondition on org.springframework.boot.actuate.autoconfigure.endpoint.web.WebEndpointAutoConfiguration#controllerEndpointDiscoverer matched due to @ConditionalOnMissingBean (types: org.springframework.boot.actuate.endpoint.web.annotation.ControllerEndpointsSupplier; SearchStrategy: all) did not find any beans
2025-04-01T15:16:25.945+05:30 TRACE 16888 --- [learn-spring-boot] [           main] o.s.b.f.s.DefaultListableBeanFactory     : Returning cached instance of singleton bean 'autoConfigurationReport'
2025-04-01T15:16:25.945+05:30 TRACE 16888 --- [learn-spring-boot] [           main] a.ConfigurationClassBeanDefinitionReader : Registering bean definition for @Bean method org.springframework.boot.actuate.autoconfigure.endpoint.web.WebEndpointAutoConfiguration.controllerEndpointDiscoverer()
2025-04-01T15:16:25.946+05:30 TRACE 16888 --- [learn-spring-boot] [           main] o.s.b.a.condition.OnBeanCondition        : Condition OnBeanCondition on org.springframework.boot.actuate.autoconfigure.endpoint.web.WebEndpointAutoConfiguration#pathMappedEndpoints matched due to @ConditionalOnMissingBean (types: org.springframework.boot.actuate.endpoint.web.PathMappedEndpoints; SearchStrategy: all) did not find any beans
2025-04-01T15:16:25.946+05:30 TRACE 16888 --- [learn-spring-boot] [           main] o.s.b.f.s.DefaultListableBeanFactory     : Returning cached instance of singleton bean 'autoConfigurationReport'
2025-04-01T15:16:25.946+05:30 TRACE 16888 --- [learn-spring-boot] [           main] a.ConfigurationClassBeanDefinitionReader : Registering bean definition for @Bean method org.springframework.boot.actuate.autoconfigure.endpoint.web.WebEndpointAutoConfiguration.pathMappedEndpoints()
2025-04-01T15:16:25.946+05:30 TRACE 16888 --- [learn-spring-boot] [           main] a.ConfigurationClassBeanDefinitionReader : Registering bean definition for @Bean method org.springframework.boot.actuate.autoconfigure.endpoint.web.WebEndpointAutoConfiguration.webExposeExcludePropertyEndpointFilter()
2025-04-01T15:16:25.946+05:30 TRACE 16888 --- [learn-spring-boot] [           main] a.ConfigurationClassBeanDefinitionReader : Registering bean definition for @Bean method org.springframework.boot.actuate.autoconfigure.endpoint.web.WebEndpointAutoConfiguration.controllerExposeExcludePropertyEndpointFilter()
2025-04-01T15:16:25.946+05:30 TRACE 16888 --- [learn-spring-boot] [           main] a.ConfigurationClassBeanDefinitionReader : Registering bean definition for @Bean method org.springframework.boot.actuate.autoconfigure.endpoint.web.WebEndpointAutoConfiguration.webAccessPropertiesOperationFilter()
2025-04-01T15:16:25.948+05:30 TRACE 16888 --- [learn-spring-boot] [           main] .a.a.h.OnEnabledHealthIndicatorCondition : Condition OnEnabledHealthIndicatorCondition on org.springframework.boot.actuate.autoconfigure.ssl.SslHealthContributorAutoConfiguration matched due to @ConditionalOnEnabledHealthIndicator management.health.defaults.enabled is considered true
2025-04-01T15:16:25.948+05:30 TRACE 16888 --- [learn-spring-boot] [           main] o.s.b.f.s.DefaultListableBeanFactory     : Returning cached instance of singleton bean 'autoConfigurationReport'
2025-04-01T15:16:25.948+05:30 TRACE 16888 --- [learn-spring-boot] [           main] a.ConfigurationClassBeanDefinitionReader : Registered bean definition for imported class 'org.springframework.boot.actuate.autoconfigure.ssl.SslHealthContributorAutoConfiguration'
2025-04-01T15:16:25.948+05:30 TRACE 16888 --- [learn-spring-boot] [           main] o.s.b.a.condition.OnBeanCondition        : Condition OnBeanCondition on org.springframework.boot.actuate.autoconfigure.ssl.SslHealthContributorAutoConfiguration#sslHealthIndicator matched due to @ConditionalOnMissingBean (names: sslHealthIndicator; SearchStrategy: all) did not find any beans
2025-04-01T15:16:25.948+05:30 TRACE 16888 --- [learn-spring-boot] [           main] o.s.b.f.s.DefaultListableBeanFactory     : Returning cached instance of singleton bean 'autoConfigurationReport'
2025-04-01T15:16:25.948+05:30 TRACE 16888 --- [learn-spring-boot] [           main] a.ConfigurationClassBeanDefinitionReader : Registering bean definition for @Bean method org.springframework.boot.actuate.autoconfigure.ssl.SslHealthContributorAutoConfiguration.sslHealthIndicator()
2025-04-01T15:16:25.952+05:30 TRACE 16888 --- [learn-spring-boot] [           main] o.s.b.a.condition.OnBeanCondition        : Condition OnBeanCondition on org.springframework.boot.actuate.autoconfigure.ssl.SslHealthContributorAutoConfiguration#sslInfo matched due to @ConditionalOnMissingBean (types: org.springframework.boot.info.SslInfo; SearchStrategy: all) did not find any beans
2025-04-01T15:16:25.952+05:30 TRACE 16888 --- [learn-spring-boot] [           main] o.s.b.f.s.DefaultListableBeanFactory     : Returning cached instance of singleton bean 'autoConfigurationReport'
2025-04-01T15:16:25.952+05:30 TRACE 16888 --- [learn-spring-boot] [           main] a.ConfigurationClassBeanDefinitionReader : Registering bean definition for @Bean method org.springframework.boot.actuate.autoconfigure.ssl.SslHealthContributorAutoConfiguration.sslInfo()
2025-04-01T15:16:25.952+05:30 TRACE 16888 --- [learn-spring-boot] [           main] .a.a.h.OnEnabledHealthIndicatorCondition : Condition OnEnabledHealthIndicatorCondition on org.springframework.boot.actuate.autoconfigure.system.DiskSpaceHealthContributorAutoConfiguration matched due to @ConditionalOnEnabledHealthIndicator management.health.defaults.enabled is considered true
2025-04-01T15:16:25.952+05:30 TRACE 16888 --- [learn-spring-boot] [           main] o.s.b.f.s.DefaultListableBeanFactory     : Returning cached instance of singleton bean 'autoConfigurationReport'
2025-04-01T15:16:25.953+05:30 TRACE 16888 --- [learn-spring-boot] [           main] a.ConfigurationClassBeanDefinitionReader : Registered bean definition for imported class 'org.springframework.boot.actuate.autoconfigure.system.DiskSpaceHealthContributorAutoConfiguration'
2025-04-01T15:16:25.953+05:30 TRACE 16888 --- [learn-spring-boot] [           main] o.s.b.a.condition.OnBeanCondition        : Condition OnBeanCondition on org.springframework.boot.actuate.autoconfigure.system.DiskSpaceHealthContributorAutoConfiguration#diskSpaceHealthIndicator matched due to @ConditionalOnMissingBean (names: diskSpaceHealthIndicator; SearchStrategy: all) did not find any beans
2025-04-01T15:16:25.953+05:30 TRACE 16888 --- [learn-spring-boot] [           main] o.s.b.f.s.DefaultListableBeanFactory     : Returning cached instance of singleton bean 'autoConfigurationReport'
2025-04-01T15:16:25.953+05:30 TRACE 16888 --- [learn-spring-boot] [           main] a.ConfigurationClassBeanDefinitionReader : Registering bean definition for @Bean method org.springframework.boot.actuate.autoconfigure.system.DiskSpaceHealthContributorAutoConfiguration.diskSpaceHealthIndicator()
2025-04-01T15:16:25.953+05:30 TRACE 16888 --- [learn-spring-boot] [           main] a.ConfigurationClassBeanDefinitionReader : Registered bean definition for imported class 'org.springframework.boot.actuate.autoconfigure.health.HealthContributorAutoConfiguration'
2025-04-01T15:16:25.953+05:30 TRACE 16888 --- [learn-spring-boot] [           main] .a.a.h.OnEnabledHealthIndicatorCondition : Condition OnEnabledHealthIndicatorCondition on org.springframework.boot.actuate.autoconfigure.health.HealthContributorAutoConfiguration#pingHealthContributor matched due to @ConditionalOnEnabledHealthIndicator management.health.defaults.enabled is considered true
2025-04-01T15:16:25.953+05:30 TRACE 16888 --- [learn-spring-boot] [           main] o.s.b.f.s.DefaultListableBeanFactory     : Returning cached instance of singleton bean 'autoConfigurationReport'
2025-04-01T15:16:25.953+05:30 TRACE 16888 --- [learn-spring-boot] [           main] a.ConfigurationClassBeanDefinitionReader : Registering bean definition for @Bean method org.springframework.boot.actuate.autoconfigure.health.HealthContributorAutoConfiguration.pingHealthContributor()
2025-04-01T15:16:25.954+05:30 TRACE 16888 --- [learn-spring-boot] [           main] o.s.b.a.condition.OnClassCondition       : Condition OnClassCondition on org.springframework.boot.actuate.autoconfigure.metrics.MetricsAutoConfiguration matched due to @ConditionalOnClass found required class 'io.micrometer.core.annotation.Timed'
2025-04-01T15:16:25.954+05:30 TRACE 16888 --- [learn-spring-boot] [           main] o.s.b.f.s.DefaultListableBeanFactory     : Returning cached instance of singleton bean 'autoConfigurationReport'
2025-04-01T15:16:25.955+05:30 TRACE 16888 --- [learn-spring-boot] [           main] a.ConfigurationClassBeanDefinitionReader : Registered bean definition for imported class 'org.springframework.boot.actuate.autoconfigure.metrics.MetricsAutoConfiguration'
2025-04-01T15:16:25.958+05:30 TRACE 16888 --- [learn-spring-boot] [           main] o.s.b.a.condition.OnBeanCondition        : Condition OnBeanCondition on org.springframework.boot.actuate.autoconfigure.metrics.MetricsAutoConfiguration#micrometerClock matched due to @ConditionalOnMissingBean (types: io.micrometer.core.instrument.Clock; SearchStrategy: all) did not find any beans
2025-04-01T15:16:25.958+05:30 TRACE 16888 --- [learn-spring-boot] [           main] o.s.b.f.s.DefaultListableBeanFactory     : Returning cached instance of singleton bean 'autoConfigurationReport'
2025-04-01T15:16:25.958+05:30 TRACE 16888 --- [learn-spring-boot] [           main] a.ConfigurationClassBeanDefinitionReader : Registering bean definition for @Bean method org.springframework.boot.actuate.autoconfigure.metrics.MetricsAutoConfiguration.micrometerClock()
2025-04-01T15:16:25.958+05:30 TRACE 16888 --- [learn-spring-boot] [           main] a.ConfigurationClassBeanDefinitionReader : Registering bean definition for @Bean method org.springframework.boot.actuate.autoconfigure.metrics.MetricsAutoConfiguration.meterRegistryPostProcessor()
2025-04-01T15:16:25.958+05:30 TRACE 16888 --- [learn-spring-boot] [           main] a.ConfigurationClassBeanDefinitionReader : Registering bean definition for @Bean method org.springframework.boot.actuate.autoconfigure.metrics.MetricsAutoConfiguration.propertiesMeterFilter()
2025-04-01T15:16:25.958+05:30 TRACE 16888 --- [learn-spring-boot] [           main] a.ConfigurationClassBeanDefinitionReader : Registering bean definition for @Bean method org.springframework.boot.actuate.autoconfigure.metrics.MetricsAutoConfiguration.meterRegistryCloser()
2025-04-01T15:16:25.962+05:30 TRACE 16888 --- [learn-spring-boot] [           main] o.s.b.a.condition.OnBeanCondition        : Condition OnBeanCondition on org.springframework.boot.actuate.autoconfigure.metrics.export.simple.SimpleMetricsExportAutoConfiguration matched due to @ConditionalOnBean (types: io.micrometer.core.instrument.Clock; SearchStrategy: all) found bean 'micrometerClock'; @ConditionalOnMissingBean (types: io.micrometer.core.instrument.MeterRegistry; SearchStrategy: all) did not find any beans
2025-04-01T15:16:25.962+05:30 TRACE 16888 --- [learn-spring-boot] [           main] o.s.b.f.s.DefaultListableBeanFactory     : Returning cached instance of singleton bean 'autoConfigurationReport'
2025-04-01T15:16:25.963+05:30 TRACE 16888 --- [learn-spring-boot] [           main] o.s.b.a.condition.OnBeanCondition        : Condition OnBeanCondition on org.springframework.boot.actuate.autoconfigure.metrics.export.simple.SimpleMetricsExportAutoConfiguration matched due to @ConditionalOnBean (types: io.micrometer.core.instrument.Clock; SearchStrategy: all) found bean 'micrometerClock'; @ConditionalOnMissingBean (types: io.micrometer.core.instrument.MeterRegistry; SearchStrategy: all) did not find any beans
2025-04-01T15:16:25.963+05:30 TRACE 16888 --- [learn-spring-boot] [           main] o.s.b.f.s.DefaultListableBeanFactory     : Returning cached instance of singleton bean 'autoConfigurationReport'
2025-04-01T15:16:25.963+05:30 TRACE 16888 --- [learn-spring-boot] [           main] .a.a.m.e.OnMetricsExportEnabledCondition : Condition OnMetricsExportEnabledCondition on org.springframework.boot.actuate.autoconfigure.metrics.export.simple.SimpleMetricsExportAutoConfiguration matched due to @ConditionalOnEnabledMetricsExport management.simple.metrics.export.enabled is true
2025-04-01T15:16:25.963+05:30 TRACE 16888 --- [learn-spring-boot] [           main] o.s.b.f.s.DefaultListableBeanFactory     : Returning cached instance of singleton bean 'autoConfigurationReport'
2025-04-01T15:16:25.964+05:30 TRACE 16888 --- [learn-spring-boot] [           main] a.ConfigurationClassBeanDefinitionReader : Registered bean definition for imported class 'org.springframework.boot.actuate.autoconfigure.metrics.export.simple.SimpleMetricsExportAutoConfiguration'
2025-04-01T15:16:25.964+05:30 TRACE 16888 --- [learn-spring-boot] [           main] a.ConfigurationClassBeanDefinitionReader : Registering bean definition for @Bean method org.springframework.boot.actuate.autoconfigure.metrics.export.simple.SimpleMetricsExportAutoConfiguration.simpleMeterRegistry()
2025-04-01T15:16:25.967+05:30 TRACE 16888 --- [learn-spring-boot] [           main] o.s.b.a.condition.OnBeanCondition        : Condition OnBeanCondition on org.springframework.boot.actuate.autoconfigure.metrics.export.simple.SimpleMetricsExportAutoConfiguration#simpleConfig matched due to @ConditionalOnMissingBean (types: io.micrometer.core.instrument.simple.SimpleConfig; SearchStrategy: all) did not find any beans
2025-04-01T15:16:25.967+05:30 TRACE 16888 --- [learn-spring-boot] [           main] o.s.b.f.s.DefaultListableBeanFactory     : Returning cached instance of singleton bean 'autoConfigurationReport'
2025-04-01T15:16:25.968+05:30 TRACE 16888 --- [learn-spring-boot] [           main] a.ConfigurationClassBeanDefinitionReader : Registering bean definition for @Bean method org.springframework.boot.actuate.autoconfigure.metrics.export.simple.SimpleMetricsExportAutoConfiguration.simpleConfig()
2025-04-01T15:16:25.969+05:30 TRACE 16888 --- [learn-spring-boot] [           main] o.s.b.a.condition.OnClassCondition       : Condition OnClassCondition on org.springframework.boot.actuate.autoconfigure.metrics.CompositeMeterRegistryAutoConfiguration matched due to @ConditionalOnClass found required class 'io.micrometer.core.instrument.composite.CompositeMeterRegistry'
2025-04-01T15:16:25.969+05:30 TRACE 16888 --- [learn-spring-boot] [           main] o.s.b.f.s.DefaultListableBeanFactory     : Returning cached instance of singleton bean 'autoConfigurationReport'
2025-04-01T15:16:25.970+05:30 TRACE 16888 --- [learn-spring-boot] [           main] o.s.b.a.condition.OnBeanCondition        : Condition OnBeanCondition on org.springframework.boot.actuate.autoconfigure.metrics.NoOpMeterRegistryConfiguration did not match due to @ConditionalOnMissingBean (types: io.micrometer.core.instrument.MeterRegistry; SearchStrategy: all) found beans of type 'io.micrometer.core.instrument.MeterRegistry' simpleMeterRegistry
2025-04-01T15:16:25.970+05:30 TRACE 16888 --- [learn-spring-boot] [           main] o.s.b.f.s.DefaultListableBeanFactory     : Returning cached instance of singleton bean 'autoConfigurationReport'
2025-04-01T15:16:25.972+05:30 TRACE 16888 --- [learn-spring-boot] [           main] ltipleNonPrimaryMeterRegistriesCondition : Condition CompositeMeterRegistryConfiguration.MultipleNonPrimaryMeterRegistriesCondition on org.springframework.boot.actuate.autoconfigure.metrics.CompositeMeterRegistryConfiguration did not match due to NoneNestedConditions 1 matched 1 did not; NestedCondition on CompositeMeterRegistryConfiguration.MultipleNonPrimaryMeterRegistriesCondition.SingleInjectableMeterRegistry @ConditionalOnSingleCandidate (types: io.micrometer.core.instrument.MeterRegistry; SearchStrategy: all) found a single bean 'simpleMeterRegistry'; NestedCondition on CompositeMeterRegistryConfiguration.MultipleNonPrimaryMeterRegistriesCondition.NoMeterRegistryCondition @ConditionalOnMissingBean (types: io.micrometer.core.instrument.MeterRegistry; SearchStrategy: all) found beans of type 'io.micrometer.core.instrument.MeterRegistry' simpleMeterRegistry
2025-04-01T15:16:25.972+05:30 TRACE 16888 --- [learn-spring-boot] [           main] o.s.b.f.s.DefaultListableBeanFactory     : Returning cached instance of singleton bean 'autoConfigurationReport'
2025-04-01T15:16:25.972+05:30 TRACE 16888 --- [learn-spring-boot] [           main] a.ConfigurationClassBeanDefinitionReader : Registered bean definition for imported class 'org.springframework.boot.actuate.autoconfigure.metrics.CompositeMeterRegistryAutoConfiguration'
2025-04-01T15:16:25.972+05:30 TRACE 16888 --- [learn-spring-boot] [           main] o.s.b.a.condition.OnClassCondition       : Condition OnClassCondition on org.springframework.boot.actuate.autoconfigure.metrics.JvmMetricsAutoConfiguration matched due to @ConditionalOnClass found required class 'io.micrometer.core.instrument.MeterRegistry'
2025-04-01T15:16:25.973+05:30 TRACE 16888 --- [learn-spring-boot] [           main] o.s.b.f.s.DefaultListableBeanFactory     : Returning cached instance of singleton bean 'autoConfigurationReport'
2025-04-01T15:16:25.973+05:30 TRACE 16888 --- [learn-spring-boot] [           main] o.s.b.a.condition.OnBeanCondition        : Condition OnBeanCondition on org.springframework.boot.actuate.autoconfigure.metrics.JvmMetricsAutoConfiguration matched due to @ConditionalOnBean (types: io.micrometer.core.instrument.MeterRegistry; SearchStrategy: all) found bean 'simpleMeterRegistry'
2025-04-01T15:16:25.973+05:30 TRACE 16888 --- [learn-spring-boot] [           main] o.s.b.f.s.DefaultListableBeanFactory     : Returning cached instance of singleton bean 'autoConfigurationReport'
2025-04-01T15:16:25.973+05:30 TRACE 16888 --- [learn-spring-boot] [           main] a.ConfigurationClassBeanDefinitionReader : Registered bean definition for imported class 'org.springframework.boot.actuate.autoconfigure.metrics.JvmMetricsAutoConfiguration'
2025-04-01T15:16:25.974+05:30 TRACE 16888 --- [learn-spring-boot] [           main] o.s.b.a.condition.OnBeanCondition        : Condition OnBeanCondition on org.springframework.boot.actuate.autoconfigure.metrics.JvmMetricsAutoConfiguration#jvmGcMetrics matched due to @ConditionalOnMissingBean (types: io.micrometer.core.instrument.binder.jvm.JvmGcMetrics; SearchStrategy: all) did not find any beans
2025-04-01T15:16:25.974+05:30 TRACE 16888 --- [learn-spring-boot] [           main] o.s.b.f.s.DefaultListableBeanFactory     : Returning cached instance of singleton bean 'autoConfigurationReport'
2025-04-01T15:16:25.974+05:30 TRACE 16888 --- [learn-spring-boot] [           main] a.ConfigurationClassBeanDefinitionReader : Registering bean definition for @Bean method org.springframework.boot.actuate.autoconfigure.metrics.JvmMetricsAutoConfiguration.jvmGcMetrics()
2025-04-01T15:16:25.978+05:30 TRACE 16888 --- [learn-spring-boot] [           main] o.s.b.a.condition.OnBeanCondition        : Condition OnBeanCondition on org.springframework.boot.actuate.autoconfigure.metrics.JvmMetricsAutoConfiguration#jvmHeapPressureMetrics matched due to @ConditionalOnMissingBean (types: io.micrometer.core.instrument.binder.jvm.JvmHeapPressureMetrics; SearchStrategy: all) did not find any beans
2025-04-01T15:16:25.979+05:30 TRACE 16888 --- [learn-spring-boot] [           main] o.s.b.f.s.DefaultListableBeanFactory     : Returning cached instance of singleton bean 'autoConfigurationReport'
2025-04-01T15:16:25.979+05:30 TRACE 16888 --- [learn-spring-boot] [           main] a.ConfigurationClassBeanDefinitionReader : Registering bean definition for @Bean method org.springframework.boot.actuate.autoconfigure.metrics.JvmMetricsAutoConfiguration.jvmHeapPressureMetrics()
2025-04-01T15:16:25.979+05:30 TRACE 16888 --- [learn-spring-boot] [           main] o.s.b.a.condition.OnBeanCondition        : Condition OnBeanCondition on org.springframework.boot.actuate.autoconfigure.metrics.JvmMetricsAutoConfiguration#jvmMemoryMetrics matched due to @ConditionalOnMissingBean (types: io.micrometer.core.instrument.binder.jvm.JvmMemoryMetrics; SearchStrategy: all) did not find any beans
2025-04-01T15:16:25.979+05:30 TRACE 16888 --- [learn-spring-boot] [           main] o.s.b.f.s.DefaultListableBeanFactory     : Returning cached instance of singleton bean 'autoConfigurationReport'
2025-04-01T15:16:25.979+05:30 TRACE 16888 --- [learn-spring-boot] [           main] a.ConfigurationClassBeanDefinitionReader : Registering bean definition for @Bean method org.springframework.boot.actuate.autoconfigure.metrics.JvmMetricsAutoConfiguration.jvmMemoryMetrics()
2025-04-01T15:16:25.980+05:30 TRACE 16888 --- [learn-spring-boot] [           main] o.s.b.a.condition.OnBeanCondition        : Condition OnBeanCondition on org.springframework.boot.actuate.autoconfigure.metrics.JvmMetricsAutoConfiguration#jvmThreadMetrics matched due to @ConditionalOnMissingBean (types: io.micrometer.core.instrument.binder.jvm.JvmThreadMetrics; SearchStrategy: all) did not find any beans
2025-04-01T15:16:25.980+05:30 TRACE 16888 --- [learn-spring-boot] [           main] o.s.b.f.s.DefaultListableBeanFactory     : Returning cached instance of singleton bean 'autoConfigurationReport'
2025-04-01T15:16:25.980+05:30 TRACE 16888 --- [learn-spring-boot] [           main] a.ConfigurationClassBeanDefinitionReader : Registering bean definition for @Bean method org.springframework.boot.actuate.autoconfigure.metrics.JvmMetricsAutoConfiguration.jvmThreadMetrics()
2025-04-01T15:16:25.981+05:30 TRACE 16888 --- [learn-spring-boot] [           main] o.s.b.a.condition.OnBeanCondition        : Condition OnBeanCondition on org.springframework.boot.actuate.autoconfigure.metrics.JvmMetricsAutoConfiguration#classLoaderMetrics matched due to @ConditionalOnMissingBean (types: io.micrometer.core.instrument.binder.jvm.ClassLoaderMetrics; SearchStrategy: all) did not find any beans
2025-04-01T15:16:25.981+05:30 TRACE 16888 --- [learn-spring-boot] [           main] o.s.b.f.s.DefaultListableBeanFactory     : Returning cached instance of singleton bean 'autoConfigurationReport'
2025-04-01T15:16:25.981+05:30 TRACE 16888 --- [learn-spring-boot] [           main] a.ConfigurationClassBeanDefinitionReader : Registering bean definition for @Bean method org.springframework.boot.actuate.autoconfigure.metrics.JvmMetricsAutoConfiguration.classLoaderMetrics()
2025-04-01T15:16:25.981+05:30 TRACE 16888 --- [learn-spring-boot] [           main] o.s.b.a.condition.OnBeanCondition        : Condition OnBeanCondition on org.springframework.boot.actuate.autoconfigure.metrics.JvmMetricsAutoConfiguration#jvmInfoMetrics matched due to @ConditionalOnMissingBean (types: io.micrometer.core.instrument.binder.jvm.JvmInfoMetrics; SearchStrategy: all) did not find any beans
2025-04-01T15:16:25.981+05:30 TRACE 16888 --- [learn-spring-boot] [           main] o.s.b.f.s.DefaultListableBeanFactory     : Returning cached instance of singleton bean 'autoConfigurationReport'
2025-04-01T15:16:25.981+05:30 TRACE 16888 --- [learn-spring-boot] [           main] a.ConfigurationClassBeanDefinitionReader : Registering bean definition for @Bean method org.springframework.boot.actuate.autoconfigure.metrics.JvmMetricsAutoConfiguration.jvmInfoMetrics()
2025-04-01T15:16:25.982+05:30 TRACE 16888 --- [learn-spring-boot] [           main] o.s.b.a.condition.OnBeanCondition        : Condition OnBeanCondition on org.springframework.boot.actuate.autoconfigure.metrics.JvmMetricsAutoConfiguration#jvmCompilationMetrics matched due to @ConditionalOnMissingBean (types: io.micrometer.core.instrument.binder.jvm.JvmCompilationMetrics; SearchStrategy: all) did not find any beans
2025-04-01T15:16:25.982+05:30 TRACE 16888 --- [learn-spring-boot] [           main] o.s.b.f.s.DefaultListableBeanFactory     : Returning cached instance of singleton bean 'autoConfigurationReport'
2025-04-01T15:16:25.982+05:30 TRACE 16888 --- [learn-spring-boot] [           main] a.ConfigurationClassBeanDefinitionReader : Registering bean definition for @Bean method org.springframework.boot.actuate.autoconfigure.metrics.JvmMetricsAutoConfiguration.jvmCompilationMetrics()
2025-04-01T15:16:25.982+05:30 TRACE 16888 --- [learn-spring-boot] [           main] o.s.b.a.condition.OnClassCondition       : Condition OnClassCondition on org.springframework.boot.actuate.autoconfigure.metrics.LogbackMetricsAutoConfiguration matched due to @ConditionalOnClass found required classes 'io.micrometer.core.instrument.MeterRegistry', 'ch.qos.logback.classic.LoggerContext', 'org.slf4j.LoggerFactory'
2025-04-01T15:16:25.982+05:30 TRACE 16888 --- [learn-spring-boot] [           main] o.s.b.f.s.DefaultListableBeanFactory     : Returning cached instance of singleton bean 'autoConfigurationReport'
2025-04-01T15:16:25.982+05:30 TRACE 16888 --- [learn-spring-boot] [           main] utoConfiguration$LogbackLoggingCondition : Condition LogbackMetricsAutoConfiguration.LogbackLoggingCondition on org.springframework.boot.actuate.autoconfigure.metrics.LogbackMetricsAutoConfiguration matched due to LogbackLoggingCondition ILoggerFactory is a Logback LoggerContext
2025-04-01T15:16:25.982+05:30 TRACE 16888 --- [learn-spring-boot] [           main] o.s.b.f.s.DefaultListableBeanFactory     : Returning cached instance of singleton bean 'autoConfigurationReport'
2025-04-01T15:16:25.983+05:30 TRACE 16888 --- [learn-spring-boot] [           main] o.s.b.a.condition.OnBeanCondition        : Condition OnBeanCondition on org.springframework.boot.actuate.autoconfigure.metrics.LogbackMetricsAutoConfiguration matched due to @ConditionalOnBean (types: io.micrometer.core.instrument.MeterRegistry; SearchStrategy: all) found bean 'simpleMeterRegistry'
2025-04-01T15:16:25.983+05:30 TRACE 16888 --- [learn-spring-boot] [           main] o.s.b.f.s.DefaultListableBeanFactory     : Returning cached instance of singleton bean 'autoConfigurationReport'
2025-04-01T15:16:25.983+05:30 TRACE 16888 --- [learn-spring-boot] [           main] a.ConfigurationClassBeanDefinitionReader : Registered bean definition for imported class 'org.springframework.boot.actuate.autoconfigure.metrics.LogbackMetricsAutoConfiguration'
2025-04-01T15:16:25.985+05:30 TRACE 16888 --- [learn-spring-boot] [           main] o.s.b.a.condition.OnBeanCondition        : Condition OnBeanCondition on org.springframework.boot.actuate.autoconfigure.metrics.LogbackMetricsAutoConfiguration#logbackMetrics matched due to @ConditionalOnMissingBean (types: io.micrometer.core.instrument.binder.logging.LogbackMetrics; SearchStrategy: all) did not find any beans
2025-04-01T15:16:25.985+05:30 TRACE 16888 --- [learn-spring-boot] [           main] o.s.b.f.s.DefaultListableBeanFactory     : Returning cached instance of singleton bean 'autoConfigurationReport'
2025-04-01T15:16:25.985+05:30 TRACE 16888 --- [learn-spring-boot] [           main] a.ConfigurationClassBeanDefinitionReader : Registering bean definition for @Bean method org.springframework.boot.actuate.autoconfigure.metrics.LogbackMetricsAutoConfiguration.logbackMetrics()
2025-04-01T15:16:25.985+05:30 TRACE 16888 --- [learn-spring-boot] [           main] o.s.b.a.condition.OnClassCondition       : Condition OnClassCondition on org.springframework.boot.actuate.autoconfigure.metrics.SystemMetricsAutoConfiguration matched due to @ConditionalOnClass found required class 'io.micrometer.core.instrument.MeterRegistry'
2025-04-01T15:16:25.985+05:30 TRACE 16888 --- [learn-spring-boot] [           main] o.s.b.f.s.DefaultListableBeanFactory     : Returning cached instance of singleton bean 'autoConfigurationReport'
2025-04-01T15:16:25.986+05:30 TRACE 16888 --- [learn-spring-boot] [           main] o.s.b.a.condition.OnBeanCondition        : Condition OnBeanCondition on org.springframework.boot.actuate.autoconfigure.metrics.SystemMetricsAutoConfiguration matched due to @ConditionalOnBean (types: io.micrometer.core.instrument.MeterRegistry; SearchStrategy: all) found bean 'simpleMeterRegistry'
2025-04-01T15:16:25.986+05:30 TRACE 16888 --- [learn-spring-boot] [           main] o.s.b.f.s.DefaultListableBeanFactory     : Returning cached instance of singleton bean 'autoConfigurationReport'
2025-04-01T15:16:25.986+05:30 TRACE 16888 --- [learn-spring-boot] [           main] a.ConfigurationClassBeanDefinitionReader : Registered bean definition for imported class 'org.springframework.boot.actuate.autoconfigure.metrics.SystemMetricsAutoConfiguration'
2025-04-01T15:16:25.988+05:30 TRACE 16888 --- [learn-spring-boot] [           main] o.s.b.a.condition.OnBeanCondition        : Condition OnBeanCondition on org.springframework.boot.actuate.autoconfigure.metrics.SystemMetricsAutoConfiguration#uptimeMetrics matched due to @ConditionalOnMissingBean (types: io.micrometer.core.instrument.binder.system.UptimeMetrics; SearchStrategy: all) did not find any beans
2025-04-01T15:16:25.988+05:30 TRACE 16888 --- [learn-spring-boot] [           main] o.s.b.f.s.DefaultListableBeanFactory     : Returning cached instance of singleton bean 'autoConfigurationReport'
2025-04-01T15:16:25.988+05:30 TRACE 16888 --- [learn-spring-boot] [           main] a.ConfigurationClassBeanDefinitionReader : Registering bean definition for @Bean method org.springframework.boot.actuate.autoconfigure.metrics.SystemMetricsAutoConfiguration.uptimeMetrics()
2025-04-01T15:16:25.991+05:30 TRACE 16888 --- [learn-spring-boot] [           main] o.s.b.a.condition.OnBeanCondition        : Condition OnBeanCondition on org.springframework.boot.actuate.autoconfigure.metrics.SystemMetricsAutoConfiguration#processorMetrics matched due to @ConditionalOnMissingBean (types: io.micrometer.core.instrument.binder.system.ProcessorMetrics; SearchStrategy: all) did not find any beans
2025-04-01T15:16:25.991+05:30 TRACE 16888 --- [learn-spring-boot] [           main] o.s.b.f.s.DefaultListableBeanFactory     : Returning cached instance of singleton bean 'autoConfigurationReport'
2025-04-01T15:16:25.991+05:30 TRACE 16888 --- [learn-spring-boot] [           main] a.ConfigurationClassBeanDefinitionReader : Registering bean definition for @Bean method org.springframework.boot.actuate.autoconfigure.metrics.SystemMetricsAutoConfiguration.processorMetrics()
2025-04-01T15:16:25.991+05:30 TRACE 16888 --- [learn-spring-boot] [           main] o.s.b.a.condition.OnBeanCondition        : Condition OnBeanCondition on org.springframework.boot.actuate.autoconfigure.metrics.SystemMetricsAutoConfiguration#fileDescriptorMetrics matched due to @ConditionalOnMissingBean (types: io.micrometer.core.instrument.binder.system.FileDescriptorMetrics; SearchStrategy: all) did not find any beans
2025-04-01T15:16:25.991+05:30 TRACE 16888 --- [learn-spring-boot] [           main] o.s.b.f.s.DefaultListableBeanFactory     : Returning cached instance of singleton bean 'autoConfigurationReport'
2025-04-01T15:16:25.991+05:30 TRACE 16888 --- [learn-spring-boot] [           main] a.ConfigurationClassBeanDefinitionReader : Registering bean definition for @Bean method org.springframework.boot.actuate.autoconfigure.metrics.SystemMetricsAutoConfiguration.fileDescriptorMetrics()
2025-04-01T15:16:25.992+05:30 TRACE 16888 --- [learn-spring-boot] [           main] o.s.b.a.condition.OnBeanCondition        : Condition OnBeanCondition on org.springframework.boot.actuate.autoconfigure.metrics.SystemMetricsAutoConfiguration#diskSpaceMetrics matched due to @ConditionalOnMissingBean (types: org.springframework.boot.actuate.metrics.system.DiskSpaceMetricsBinder; SearchStrategy: all) did not find any beans
2025-04-01T15:16:25.992+05:30 TRACE 16888 --- [learn-spring-boot] [           main] o.s.b.f.s.DefaultListableBeanFactory     : Returning cached instance of singleton bean 'autoConfigurationReport'
2025-04-01T15:16:25.992+05:30 TRACE 16888 --- [learn-spring-boot] [           main] a.ConfigurationClassBeanDefinitionReader : Registering bean definition for @Bean method org.springframework.boot.actuate.autoconfigure.metrics.SystemMetricsAutoConfiguration.diskSpaceMetrics()
2025-04-01T15:16:25.992+05:30 TRACE 16888 --- [learn-spring-boot] [           main] o.s.b.a.condition.OnBeanCondition        : Condition OnBeanCondition on org.springframework.boot.actuate.autoconfigure.metrics.cache.CacheMetricsAutoConfiguration did not match due to @ConditionalOnBean (types: org.springframework.cache.CacheManager; SearchStrategy: all) did not find any beans of type org.springframework.cache.CacheManager
2025-04-01T15:16:25.992+05:30 TRACE 16888 --- [learn-spring-boot] [           main] o.s.b.f.s.DefaultListableBeanFactory     : Returning cached instance of singleton bean 'autoConfigurationReport'
2025-04-01T15:16:25.993+05:30 TRACE 16888 --- [learn-spring-boot] [           main] a.ConfigurationClassBeanDefinitionReader : Registered bean definition for imported class 'org.springframework.boot.actuate.autoconfigure.metrics.integration.IntegrationMetricsAutoConfiguration'
2025-04-01T15:16:25.993+05:30 TRACE 16888 --- [learn-spring-boot] [           main] o.s.b.a.condition.OnClassCondition       : Condition OnClassCondition on org.springframework.boot.actuate.autoconfigure.metrics.jdbc.DataSourcePoolMetricsAutoConfiguration matched due to @ConditionalOnClass found required classes 'javax.sql.DataSource', 'io.micrometer.core.instrument.MeterRegistry'
2025-04-01T15:16:25.993+05:30 TRACE 16888 --- [learn-spring-boot] [           main] o.s.b.f.s.DefaultListableBeanFactory     : Returning cached instance of singleton bean 'autoConfigurationReport'
2025-04-01T15:16:25.994+05:30 TRACE 16888 --- [learn-spring-boot] [           main] o.s.b.a.condition.OnBeanCondition        : Condition OnBeanCondition on org.springframework.boot.actuate.autoconfigure.metrics.jdbc.DataSourcePoolMetricsAutoConfiguration did not match due to @ConditionalOnBean (types: javax.sql.DataSource,io.micrometer.core.instrument.MeterRegistry; SearchStrategy: all) did not find any beans of type javax.sql.DataSource
2025-04-01T15:16:25.994+05:30 TRACE 16888 --- [learn-spring-boot] [           main] o.s.b.f.s.DefaultListableBeanFactory     : Returning cached instance of singleton bean 'autoConfigurationReport'
2025-04-01T15:16:25.994+05:30 TRACE 16888 --- [learn-spring-boot] [           main] o.s.b.a.condition.OnClassCondition       : Condition OnClassCondition on org.springframework.boot.actuate.autoconfigure.metrics.startup.StartupTimeMetricsListenerAutoConfiguration matched due to @ConditionalOnClass found required class 'io.micrometer.core.instrument.MeterRegistry'
2025-04-01T15:16:25.994+05:30 TRACE 16888 --- [learn-spring-boot] [           main] o.s.b.f.s.DefaultListableBeanFactory     : Returning cached instance of singleton bean 'autoConfigurationReport'
2025-04-01T15:16:25.994+05:30 TRACE 16888 --- [learn-spring-boot] [           main] o.s.b.a.condition.OnBeanCondition        : Condition OnBeanCondition on org.springframework.boot.actuate.autoconfigure.metrics.startup.StartupTimeMetricsListenerAutoConfiguration matched due to @ConditionalOnBean (types: io.micrometer.core.instrument.MeterRegistry; SearchStrategy: all) found bean 'simpleMeterRegistry'
2025-04-01T15:16:25.994+05:30 TRACE 16888 --- [learn-spring-boot] [           main] o.s.b.f.s.DefaultListableBeanFactory     : Returning cached instance of singleton bean 'autoConfigurationReport'
2025-04-01T15:16:25.994+05:30 TRACE 16888 --- [learn-spring-boot] [           main] a.ConfigurationClassBeanDefinitionReader : Registered bean definition for imported class 'org.springframework.boot.actuate.autoconfigure.metrics.startup.StartupTimeMetricsListenerAutoConfiguration'
2025-04-01T15:16:25.996+05:30 TRACE 16888 --- [learn-spring-boot] [           main] o.s.b.a.condition.OnBeanCondition        : Condition OnBeanCondition on org.springframework.boot.actuate.autoconfigure.metrics.startup.StartupTimeMetricsListenerAutoConfiguration#startupTimeMetrics matched due to @ConditionalOnMissingBean (types: org.springframework.boot.actuate.metrics.startup.StartupTimeMetricsListener; SearchStrategy: all) did not find any beans
2025-04-01T15:16:25.996+05:30 TRACE 16888 --- [learn-spring-boot] [           main] o.s.b.f.s.DefaultListableBeanFactory     : Returning cached instance of singleton bean 'autoConfigurationReport'
2025-04-01T15:16:25.996+05:30 TRACE 16888 --- [learn-spring-boot] [           main] a.ConfigurationClassBeanDefinitionReader : Registering bean definition for @Bean method org.springframework.boot.actuate.autoconfigure.metrics.startup.StartupTimeMetricsListenerAutoConfiguration.startupTimeMetrics()
2025-04-01T15:16:25.996+05:30 TRACE 16888 --- [learn-spring-boot] [           main] o.s.b.a.condition.OnClassCondition       : Condition OnClassCondition on org.springframework.boot.autoconfigure.task.TaskSchedulingAutoConfiguration matched due to @ConditionalOnClass found required class 'org.springframework.scheduling.concurrent.ThreadPoolTaskScheduler'
2025-04-01T15:16:25.996+05:30 TRACE 16888 --- [learn-spring-boot] [           main] o.s.b.f.s.DefaultListableBeanFactory     : Returning cached instance of singleton bean 'autoConfigurationReport'
2025-04-01T15:16:25.996+05:30 TRACE 16888 --- [learn-spring-boot] [           main] a.ConfigurationClassBeanDefinitionReader : Registered bean definition for imported class 'org.springframework.boot.autoconfigure.task.TaskSchedulingConfigurations$ThreadPoolTaskSchedulerBuilderConfiguration'
2025-04-01T15:16:25.999+05:30 TRACE 16888 --- [learn-spring-boot] [           main] o.s.b.a.condition.OnBeanCondition        : Condition OnBeanCondition on org.springframework.boot.autoconfigure.task.TaskSchedulingConfigurations$ThreadPoolTaskSchedulerBuilderConfiguration#threadPoolTaskSchedulerBuilder matched due to @ConditionalOnMissingBean (types: org.springframework.boot.task.ThreadPoolTaskSchedulerBuilder; SearchStrategy: all) did not find any beans
2025-04-01T15:16:25.999+05:30 TRACE 16888 --- [learn-spring-boot] [           main] o.s.b.f.s.DefaultListableBeanFactory     : Returning cached instance of singleton bean 'autoConfigurationReport'
2025-04-01T15:16:25.999+05:30 TRACE 16888 --- [learn-spring-boot] [           main] a.ConfigurationClassBeanDefinitionReader : Registering bean definition for @Bean method org.springframework.boot.autoconfigure.task.TaskSchedulingConfigurations$ThreadPoolTaskSchedulerBuilderConfiguration.threadPoolTaskSchedulerBuilder()
2025-04-01T15:16:25.999+05:30 TRACE 16888 --- [learn-spring-boot] [           main] a.ConfigurationClassBeanDefinitionReader : Registered bean definition for imported class 'org.springframework.boot.autoconfigure.task.TaskSchedulingConfigurations$SimpleAsyncTaskSchedulerBuilderConfiguration'
2025-04-01T15:16:26.002+05:30 TRACE 16888 --- [learn-spring-boot] [           main] o.s.b.a.condition.OnBeanCondition        : Condition OnBeanCondition on org.springframework.boot.autoconfigure.task.TaskSchedulingConfigurations$SimpleAsyncTaskSchedulerBuilderConfiguration#simpleAsyncTaskSchedulerBuilder matched due to @ConditionalOnMissingBean (types: org.springframework.boot.task.SimpleAsyncTaskSchedulerBuilder; SearchStrategy: all) did not find any beans
2025-04-01T15:16:26.002+05:30 TRACE 16888 --- [learn-spring-boot] [           main] o.s.b.f.s.DefaultListableBeanFactory     : Returning cached instance of singleton bean 'autoConfigurationReport'
2025-04-01T15:16:26.002+05:30 TRACE 16888 --- [learn-spring-boot] [           main] o.s.b.a.condition.OnThreadingCondition   : Condition OnThreadingCondition on org.springframework.boot.autoconfigure.task.TaskSchedulingConfigurations$SimpleAsyncTaskSchedulerBuilderConfiguration#simpleAsyncTaskSchedulerBuilder matched due to @ConditionalOnThreading found PLATFORM
2025-04-01T15:16:26.002+05:30 TRACE 16888 --- [learn-spring-boot] [           main] o.s.b.f.s.DefaultListableBeanFactory     : Returning cached instance of singleton bean 'autoConfigurationReport'
2025-04-01T15:16:26.002+05:30 TRACE 16888 --- [learn-spring-boot] [           main] a.ConfigurationClassBeanDefinitionReader : Registering bean definition for @Bean method org.springframework.boot.autoconfigure.task.TaskSchedulingConfigurations$SimpleAsyncTaskSchedulerBuilderConfiguration.simpleAsyncTaskSchedulerBuilder()
2025-04-01T15:16:26.003+05:30 TRACE 16888 --- [learn-spring-boot] [           main] o.s.b.a.condition.OnBeanCondition        : Condition OnBeanCondition on org.springframework.boot.autoconfigure.task.TaskSchedulingConfigurations$SimpleAsyncTaskSchedulerBuilderConfiguration#simpleAsyncTaskSchedulerBuilderVirtualThreads did not match due to @ConditionalOnMissingBean (types: org.springframework.boot.task.SimpleAsyncTaskSchedulerBuilder; SearchStrategy: all) found beans of type 'org.springframework.boot.task.SimpleAsyncTaskSchedulerBuilder' simpleAsyncTaskSchedulerBuilder
2025-04-01T15:16:26.003+05:30 TRACE 16888 --- [learn-spring-boot] [           main] o.s.b.f.s.DefaultListableBeanFactory     : Returning cached instance of singleton bean 'autoConfigurationReport'
2025-04-01T15:16:26.003+05:30 TRACE 16888 --- [learn-spring-boot] [           main] o.s.b.a.condition.OnBeanCondition        : Condition OnBeanCondition on org.springframework.boot.autoconfigure.task.TaskSchedulingConfigurations$TaskSchedulerConfiguration did not match due to @ConditionalOnBean (names: org.springframework.context.annotation.internalScheduledAnnotationProcessor; SearchStrategy: all) did not find any beans named org.springframework.context.annotation.internalScheduledAnnotationProcessor
2025-04-01T15:16:26.003+05:30 TRACE 16888 --- [learn-spring-boot] [           main] o.s.b.f.s.DefaultListableBeanFactory     : Returning cached instance of singleton bean 'autoConfigurationReport'
2025-04-01T15:16:26.003+05:30 TRACE 16888 --- [learn-spring-boot] [           main] a.ConfigurationClassBeanDefinitionReader : Registered bean definition for imported class 'org.springframework.boot.autoconfigure.task.TaskSchedulingAutoConfiguration'
2025-04-01T15:16:26.003+05:30 TRACE 16888 --- [learn-spring-boot] [           main] o.s.b.a.condition.OnBeanCondition        : Condition OnBeanCondition on org.springframework.boot.autoconfigure.task.TaskSchedulingAutoConfiguration#scheduledBeanLazyInitializationExcludeFilter did not match due to @ConditionalOnBean (names: org.springframework.context.annotation.internalScheduledAnnotationProcessor; SearchStrategy: all) did not find any beans named org.springframework.context.annotation.internalScheduledAnnotationProcessor
2025-04-01T15:16:26.003+05:30 TRACE 16888 --- [learn-spring-boot] [           main] o.s.b.f.s.DefaultListableBeanFactory     : Returning cached instance of singleton bean 'autoConfigurationReport'
2025-04-01T15:16:26.005+05:30 TRACE 16888 --- [learn-spring-boot] [           main] o.s.b.a.condition.OnClassCondition       : Condition OnClassCondition on org.springframework.boot.actuate.autoconfigure.metrics.task.TaskExecutorMetricsAutoConfiguration matched due to @ConditionalOnClass found required class 'io.micrometer.core.instrument.binder.jvm.ExecutorServiceMetrics'
2025-04-01T15:16:26.005+05:30 TRACE 16888 --- [learn-spring-boot] [           main] o.s.b.f.s.DefaultListableBeanFactory     : Returning cached instance of singleton bean 'autoConfigurationReport'
2025-04-01T15:16:26.006+05:30 TRACE 16888 --- [learn-spring-boot] [           main] o.s.b.a.condition.OnBeanCondition        : Condition OnBeanCondition on org.springframework.boot.actuate.autoconfigure.metrics.task.TaskExecutorMetricsAutoConfiguration matched due to @ConditionalOnBean (types: java.util.concurrent.Executor,io.micrometer.core.instrument.MeterRegistry; SearchStrategy: all) found beans 'applicationTaskExecutor', 'simpleMeterRegistry'
2025-04-01T15:16:26.006+05:30 TRACE 16888 --- [learn-spring-boot] [           main] o.s.b.f.s.DefaultListableBeanFactory     : Returning cached instance of singleton bean 'autoConfigurationReport'
2025-04-01T15:16:26.006+05:30 TRACE 16888 --- [learn-spring-boot] [           main] a.ConfigurationClassBeanDefinitionReader : Registered bean definition for imported class 'org.springframework.boot.actuate.autoconfigure.metrics.task.TaskExecutorMetricsAutoConfiguration'
2025-04-01T15:16:26.006+05:30 TRACE 16888 --- [learn-spring-boot] [           main] a.ConfigurationClassBeanDefinitionReader : Registering bean definition for @Bean method org.springframework.boot.actuate.autoconfigure.metrics.task.TaskExecutorMetricsAutoConfiguration.eagerTaskExecutorMetrics()
2025-04-01T15:16:26.006+05:30 TRACE 16888 --- [learn-spring-boot] [           main] o.s.b.a.condition.OnClassCondition       : Condition OnClassCondition on org.springframework.boot.actuate.autoconfigure.metrics.web.tomcat.TomcatMetricsAutoConfiguration matched due to @ConditionalOnClass found required classes 'io.micrometer.core.instrument.binder.tomcat.TomcatMetrics', 'org.apache.catalina.Manager'
2025-04-01T15:16:26.006+05:30 TRACE 16888 --- [learn-spring-boot] [           main] o.s.b.f.s.DefaultListableBeanFactory     : Returning cached instance of singleton bean 'autoConfigurationReport'
2025-04-01T15:16:26.006+05:30 TRACE 16888 --- [learn-spring-boot] [           main] o.s.b.a.c.OnWebApplicationCondition      : Condition OnWebApplicationCondition on org.springframework.boot.actuate.autoconfigure.metrics.web.tomcat.TomcatMetricsAutoConfiguration matched due to @ConditionalOnWebApplication (required) found 'session' scope
2025-04-01T15:16:26.006+05:30 TRACE 16888 --- [learn-spring-boot] [           main] o.s.b.f.s.DefaultListableBeanFactory     : Returning cached instance of singleton bean 'autoConfigurationReport'
2025-04-01T15:16:26.006+05:30 TRACE 16888 --- [learn-spring-boot] [           main] a.ConfigurationClassBeanDefinitionReader : Registered bean definition for imported class 'org.springframework.boot.actuate.autoconfigure.metrics.web.tomcat.TomcatMetricsAutoConfiguration'
2025-04-01T15:16:26.009+05:30 TRACE 16888 --- [learn-spring-boot] [           main] o.s.b.a.condition.OnBeanCondition        : Condition OnBeanCondition on org.springframework.boot.actuate.autoconfigure.metrics.web.tomcat.TomcatMetricsAutoConfiguration#tomcatMetricsBinder matched due to @ConditionalOnBean (types: io.micrometer.core.instrument.MeterRegistry; SearchStrategy: all) found bean 'simpleMeterRegistry'; @ConditionalOnMissingBean (types: io.micrometer.core.instrument.binder.tomcat.TomcatMetrics,org.springframework.boot.actuate.metrics.web.tomcat.TomcatMetricsBinder; SearchStrategy: all) did not find any beans
2025-04-01T15:16:26.009+05:30 TRACE 16888 --- [learn-spring-boot] [           main] o.s.b.f.s.DefaultListableBeanFactory     : Returning cached instance of singleton bean 'autoConfigurationReport'
2025-04-01T15:16:26.010+05:30 TRACE 16888 --- [learn-spring-boot] [           main] o.s.b.a.condition.OnBeanCondition        : Condition OnBeanCondition on org.springframework.boot.actuate.autoconfigure.metrics.web.tomcat.TomcatMetricsAutoConfiguration#tomcatMetricsBinder matched due to @ConditionalOnBean (types: io.micrometer.core.instrument.MeterRegistry; SearchStrategy: all) found bean 'simpleMeterRegistry'; @ConditionalOnMissingBean (types: io.micrometer.core.instrument.binder.tomcat.TomcatMetrics,org.springframework.boot.actuate.metrics.web.tomcat.TomcatMetricsBinder; SearchStrategy: all) did not find any beans
2025-04-01T15:16:26.010+05:30 TRACE 16888 --- [learn-spring-boot] [           main] o.s.b.f.s.DefaultListableBeanFactory     : Returning cached instance of singleton bean 'autoConfigurationReport'
2025-04-01T15:16:26.010+05:30 TRACE 16888 --- [learn-spring-boot] [           main] a.ConfigurationClassBeanDefinitionReader : Registering bean definition for @Bean method org.springframework.boot.actuate.autoconfigure.metrics.web.tomcat.TomcatMetricsAutoConfiguration.tomcatMetricsBinder()
2025-04-01T15:16:26.010+05:30 TRACE 16888 --- [learn-spring-boot] [           main] o.s.b.a.condition.OnClassCondition       : Condition OnClassCondition on org.springframework.boot.actuate.autoconfigure.observation.ObservationAutoConfiguration matched due to @ConditionalOnClass found required class 'io.micrometer.observation.ObservationRegistry'
2025-04-01T15:16:26.010+05:30 TRACE 16888 --- [learn-spring-boot] [           main] o.s.b.f.s.DefaultListableBeanFactory     : Returning cached instance of singleton bean 'autoConfigurationReport'
2025-04-01T15:16:26.012+05:30 TRACE 16888 --- [learn-spring-boot] [           main] o.s.b.a.condition.OnBeanCondition        : Condition OnBeanCondition on org.springframework.boot.actuate.autoconfigure.observation.ObservationAutoConfiguration$MeterObservationHandlerConfiguration matched due to @ConditionalOnBean (types: io.micrometer.core.instrument.MeterRegistry; SearchStrategy: all) found bean 'simpleMeterRegistry'; @ConditionalOnMissingBean (types: io.micrometer.core.instrument.observation.MeterObservationHandler; SearchStrategy: all) did not find any beans
2025-04-01T15:16:26.012+05:30 TRACE 16888 --- [learn-spring-boot] [           main] o.s.b.f.s.DefaultListableBeanFactory     : Returning cached instance of singleton bean 'autoConfigurationReport'
2025-04-01T15:16:26.012+05:30 TRACE 16888 --- [learn-spring-boot] [           main] o.s.b.a.condition.OnBeanCondition        : Condition OnBeanCondition on org.springframework.boot.actuate.autoconfigure.observation.ObservationAutoConfiguration$MeterObservationHandlerConfiguration matched due to @ConditionalOnBean (types: io.micrometer.core.instrument.MeterRegistry; SearchStrategy: all) found bean 'simpleMeterRegistry'; @ConditionalOnMissingBean (types: io.micrometer.core.instrument.observation.MeterObservationHandler; SearchStrategy: all) did not find any beans
2025-04-01T15:16:26.012+05:30 TRACE 16888 --- [learn-spring-boot] [           main] o.s.b.f.s.DefaultListableBeanFactory     : Returning cached instance of singleton bean 'autoConfigurationReport'
2025-04-01T15:16:26.013+05:30 TRACE 16888 --- [learn-spring-boot] [           main] o.s.b.a.condition.OnBeanCondition        : Condition OnBeanCondition on org.springframework.boot.actuate.autoconfigure.observation.ObservationAutoConfiguration$MeterObservationHandlerConfiguration$TracingAndMetricsObservationHandlerConfiguration did not match due to @ConditionalOnBean (types: io.micrometer.tracing.Tracer; SearchStrategy: all) did not find any beans of type io.micrometer.tracing.Tracer
2025-04-01T15:16:26.013+05:30 TRACE 16888 --- [learn-spring-boot] [           main] o.s.b.f.s.DefaultListableBeanFactory     : Returning cached instance of singleton bean 'autoConfigurationReport'
2025-04-01T15:16:26.013+05:30 TRACE 16888 --- [learn-spring-boot] [           main] o.s.b.a.condition.OnBeanCondition        : Condition OnBeanCondition on org.springframework.boot.actuate.autoconfigure.observation.ObservationAutoConfiguration$MeterObservationHandlerConfiguration$OnlyMetricsMeterObservationHandlerConfiguration matched due to @ConditionalOnMissingBean (types: io.micrometer.tracing.Tracer; SearchStrategy: all) did not find any beans
2025-04-01T15:16:26.013+05:30 TRACE 16888 --- [learn-spring-boot] [           main] o.s.b.f.s.DefaultListableBeanFactory     : Returning cached instance of singleton bean 'autoConfigurationReport'
2025-04-01T15:16:26.013+05:30 TRACE 16888 --- [learn-spring-boot] [           main] a.ConfigurationClassBeanDefinitionReader : Registered bean definition for imported class 'org.springframework.boot.actuate.autoconfigure.observation.ObservationAutoConfiguration$MeterObservationHandlerConfiguration$OnlyMetricsMeterObservationHandlerConfiguration'
2025-04-01T15:16:26.013+05:30 TRACE 16888 --- [learn-spring-boot] [           main] a.ConfigurationClassBeanDefinitionReader : Registering bean definition for @Bean method org.springframework.boot.actuate.autoconfigure.observation.ObservationAutoConfiguration$MeterObservationHandlerConfiguration$OnlyMetricsMeterObservationHandlerConfiguration.defaultMeterObservationHandler()
2025-04-01T15:16:26.013+05:30 TRACE 16888 --- [learn-spring-boot] [           main] a.ConfigurationClassBeanDefinitionReader : Registered bean definition for imported class 'org.springframework.boot.actuate.autoconfigure.observation.ObservationAutoConfiguration$MeterObservationHandlerConfiguration'
2025-04-01T15:16:26.014+05:30 TRACE 16888 --- [learn-spring-boot] [           main] o.s.b.a.condition.OnClassCondition       : Condition OnClassCondition on org.springframework.boot.actuate.autoconfigure.observation.ObservationAutoConfiguration$OnlyMetricsConfiguration matched due to @ConditionalOnClass found required class 'io.micrometer.core.instrument.MeterRegistry'; @ConditionalOnMissingClass did not find unwanted class 'io.micrometer.tracing.Tracer'
2025-04-01T15:16:26.014+05:30 TRACE 16888 --- [learn-spring-boot] [           main] o.s.b.f.s.DefaultListableBeanFactory     : Returning cached instance of singleton bean 'autoConfigurationReport'
2025-04-01T15:16:26.014+05:30 TRACE 16888 --- [learn-spring-boot] [           main] o.s.b.a.condition.OnClassCondition       : Condition OnClassCondition on org.springframework.boot.actuate.autoconfigure.observation.ObservationAutoConfiguration$OnlyMetricsConfiguration matched due to @ConditionalOnClass found required class 'io.micrometer.core.instrument.MeterRegistry'; @ConditionalOnMissingClass did not find unwanted class 'io.micrometer.tracing.Tracer'
2025-04-01T15:16:26.014+05:30 TRACE 16888 --- [learn-spring-boot] [           main] o.s.b.f.s.DefaultListableBeanFactory     : Returning cached instance of singleton bean 'autoConfigurationReport'
2025-04-01T15:16:26.014+05:30 TRACE 16888 --- [learn-spring-boot] [           main] a.ConfigurationClassBeanDefinitionReader : Registered bean definition for imported class 'org.springframework.boot.actuate.autoconfigure.observation.ObservationAutoConfiguration$OnlyMetricsConfiguration'
2025-04-01T15:16:26.014+05:30 TRACE 16888 --- [learn-spring-boot] [           main] a.ConfigurationClassBeanDefinitionReader : Registering bean definition for @Bean method org.springframework.boot.actuate.autoconfigure.observation.ObservationAutoConfiguration$OnlyMetricsConfiguration.metricsObservationHandlerGrouping()
2025-04-01T15:16:26.015+05:30 TRACE 16888 --- [learn-spring-boot] [           main] a.ConfigurationClassBeanDefinitionReader : Registered bean definition for imported class 'org.springframework.boot.actuate.autoconfigure.observation.ObservationAutoConfiguration'
2025-04-01T15:16:26.015+05:30 TRACE 16888 --- [learn-spring-boot] [           main] a.ConfigurationClassBeanDefinitionReader : Registering bean definition for @Bean method org.springframework.boot.actuate.autoconfigure.observation.ObservationAutoConfiguration.observationRegistryPostProcessor()
2025-04-01T15:16:26.020+05:30 TRACE 16888 --- [learn-spring-boot] [           main] o.s.b.a.condition.OnBeanCondition        : Condition OnBeanCondition on org.springframework.boot.actuate.autoconfigure.observation.ObservationAutoConfiguration#observationRegistry matched due to @ConditionalOnMissingBean (types: io.micrometer.observation.ObservationRegistry; SearchStrategy: all) did not find any beans
2025-04-01T15:16:26.020+05:30 TRACE 16888 --- [learn-spring-boot] [           main] o.s.b.f.s.DefaultListableBeanFactory     : Returning cached instance of singleton bean 'autoConfigurationReport'
2025-04-01T15:16:26.020+05:30 TRACE 16888 --- [learn-spring-boot] [           main] a.ConfigurationClassBeanDefinitionReader : Registering bean definition for @Bean method org.springframework.boot.actuate.autoconfigure.observation.ObservationAutoConfiguration.observationRegistry()
2025-04-01T15:16:26.020+05:30 TRACE 16888 --- [learn-spring-boot] [           main] a.ConfigurationClassBeanDefinitionReader : Registering bean definition for @Bean method org.springframework.boot.actuate.autoconfigure.observation.ObservationAutoConfiguration.propertiesObservationFilter()
2025-04-01T15:16:26.022+05:30 TRACE 16888 --- [learn-spring-boot] [           main] o.s.b.a.condition.OnClassCondition       : Condition OnClassCondition on org.springframework.boot.autoconfigure.http.HttpMessageConvertersAutoConfiguration matched due to @ConditionalOnClass found required class 'org.springframework.http.converter.HttpMessageConverter'
2025-04-01T15:16:26.022+05:30 TRACE 16888 --- [learn-spring-boot] [           main] o.s.b.f.s.DefaultListableBeanFactory     : Returning cached instance of singleton bean 'autoConfigurationReport'
2025-04-01T15:16:26.022+05:30 TRACE 16888 --- [learn-spring-boot] [           main] o.s.b.a.condition.OnClassCondition       : Condition OnClassCondition on org.springframework.boot.autoconfigure.http.HttpMessageConvertersAutoConfiguration$StringHttpMessageConverterConfiguration matched due to @ConditionalOnClass found required class 'org.springframework.http.converter.StringHttpMessageConverter'
2025-04-01T15:16:26.022+05:30 TRACE 16888 --- [learn-spring-boot] [           main] o.s.b.f.s.DefaultListableBeanFactory     : Returning cached instance of singleton bean 'autoConfigurationReport'
2025-04-01T15:16:26.022+05:30 TRACE 16888 --- [learn-spring-boot] [           main] a.ConfigurationClassBeanDefinitionReader : Registered bean definition for imported class 'org.springframework.boot.autoconfigure.http.HttpMessageConvertersAutoConfiguration$StringHttpMessageConverterConfiguration'
2025-04-01T15:16:26.023+05:30 TRACE 16888 --- [learn-spring-boot] [           main] o.s.b.a.condition.OnBeanCondition        : Condition OnBeanCondition on org.springframework.boot.autoconfigure.http.HttpMessageConvertersAutoConfiguration$StringHttpMessageConverterConfiguration#stringHttpMessageConverter matched due to @ConditionalOnMissingBean (types: org.springframework.http.converter.StringHttpMessageConverter; SearchStrategy: all) did not find any beans
2025-04-01T15:16:26.023+05:30 TRACE 16888 --- [learn-spring-boot] [           main] o.s.b.f.s.DefaultListableBeanFactory     : Returning cached instance of singleton bean 'autoConfigurationReport'
2025-04-01T15:16:26.023+05:30 TRACE 16888 --- [learn-spring-boot] [           main] a.ConfigurationClassBeanDefinitionReader : Registering bean definition for @Bean method org.springframework.boot.autoconfigure.http.HttpMessageConvertersAutoConfiguration$StringHttpMessageConverterConfiguration.stringHttpMessageConverter()
2025-04-01T15:16:26.023+05:30 TRACE 16888 --- [learn-spring-boot] [           main] o.s.b.a.condition.OnClassCondition       : Condition OnClassCondition on org.springframework.boot.autoconfigure.http.JacksonHttpMessageConvertersConfiguration$MappingJackson2HttpMessageConverterConfiguration matched due to @ConditionalOnClass found required class 'com.fasterxml.jackson.databind.ObjectMapper'
2025-04-01T15:16:26.023+05:30 TRACE 16888 --- [learn-spring-boot] [           main] o.s.b.f.s.DefaultListableBeanFactory     : Returning cached instance of singleton bean 'autoConfigurationReport'
2025-04-01T15:16:26.023+05:30 TRACE 16888 --- [learn-spring-boot] [           main] o.s.b.a.condition.OnPropertyCondition    : Condition OnPropertyCondition on org.springframework.boot.autoconfigure.http.JacksonHttpMessageConvertersConfiguration$MappingJackson2HttpMessageConverterConfiguration matched due to @ConditionalOnProperty (spring.mvc.converters.preferred-json-mapper=jackson) matched
2025-04-01T15:16:26.023+05:30 TRACE 16888 --- [learn-spring-boot] [           main] o.s.b.f.s.DefaultListableBeanFactory     : Returning cached instance of singleton bean 'autoConfigurationReport'
2025-04-01T15:16:26.024+05:30 TRACE 16888 --- [learn-spring-boot] [           main] o.s.b.a.condition.OnBeanCondition        : Condition OnBeanCondition on org.springframework.boot.autoconfigure.http.JacksonHttpMessageConvertersConfiguration$MappingJackson2HttpMessageConverterConfiguration matched due to @ConditionalOnBean (types: com.fasterxml.jackson.databind.ObjectMapper; SearchStrategy: all) found bean 'jacksonObjectMapper'
2025-04-01T15:16:26.024+05:30 TRACE 16888 --- [learn-spring-boot] [           main] o.s.b.f.s.DefaultListableBeanFactory     : Returning cached instance of singleton bean 'autoConfigurationReport'
2025-04-01T15:16:26.024+05:30 TRACE 16888 --- [learn-spring-boot] [           main] a.ConfigurationClassBeanDefinitionReader : Registered bean definition for imported class 'org.springframework.boot.autoconfigure.http.JacksonHttpMessageConvertersConfiguration$MappingJackson2HttpMessageConverterConfiguration'
2025-04-01T15:16:26.025+05:30 TRACE 16888 --- [learn-spring-boot] [           main] o.s.b.a.condition.OnBeanCondition        : Condition OnBeanCondition on org.springframework.boot.autoconfigure.http.JacksonHttpMessageConvertersConfiguration$MappingJackson2HttpMessageConverterConfiguration#mappingJackson2HttpMessageConverter matched due to @ConditionalOnMissingBean (types: org.springframework.http.converter.json.MappingJackson2HttpMessageConverter ignored: org.springframework.hateoas.server.mvc.TypeConstrainedMappingJackson2HttpMessageConverter,org.springframework.data.rest.webmvc.alps.AlpsJsonHttpMessageConverter; SearchStrategy: all) did not find any beans
2025-04-01T15:16:26.025+05:30 TRACE 16888 --- [learn-spring-boot] [           main] o.s.b.f.s.DefaultListableBeanFactory     : Returning cached instance of singleton bean 'autoConfigurationReport'
2025-04-01T15:16:26.025+05:30 TRACE 16888 --- [learn-spring-boot] [           main] a.ConfigurationClassBeanDefinitionReader : Registering bean definition for @Bean method org.springframework.boot.autoconfigure.http.JacksonHttpMessageConvertersConfiguration$MappingJackson2HttpMessageConverterConfiguration.mappingJackson2HttpMessageConverter()
2025-04-01T15:16:26.025+05:30 TRACE 16888 --- [learn-spring-boot] [           main] a.ConfigurationClassBeanDefinitionReader : Registered bean definition for imported class 'org.springframework.boot.autoconfigure.http.JacksonHttpMessageConvertersConfiguration'
2025-04-01T15:16:26.027+05:30 TRACE 16888 --- [learn-spring-boot] [           main] a.ConfigurationClassBeanDefinitionReader : Registered bean definition for imported class 'org.springframework.boot.autoconfigure.http.HttpMessageConvertersAutoConfiguration'
2025-04-01T15:16:26.028+05:30 TRACE 16888 --- [learn-spring-boot] [           main] o.s.b.a.condition.OnBeanCondition        : Condition OnBeanCondition on org.springframework.boot.autoconfigure.http.HttpMessageConvertersAutoConfiguration#messageConverters matched due to @ConditionalOnMissingBean (types: org.springframework.boot.autoconfigure.http.HttpMessageConverters; SearchStrategy: all) did not find any beans
2025-04-01T15:16:26.028+05:30 TRACE 16888 --- [learn-spring-boot] [           main] o.s.b.f.s.DefaultListableBeanFactory     : Returning cached instance of singleton bean 'autoConfigurationReport'
2025-04-01T15:16:26.028+05:30 TRACE 16888 --- [learn-spring-boot] [           main] a.ConfigurationClassBeanDefinitionReader : Registering bean definition for @Bean method org.springframework.boot.autoconfigure.http.HttpMessageConvertersAutoConfiguration.messageConverters()
2025-04-01T15:16:26.028+05:30 TRACE 16888 --- [learn-spring-boot] [           main] o.s.b.a.condition.OnClassCondition       : Condition OnClassCondition on org.springframework.boot.autoconfigure.http.client.HttpClientAutoConfiguration matched due to @ConditionalOnClass found required class 'org.springframework.http.client.ClientHttpRequestFactory'
2025-04-01T15:16:26.028+05:30 TRACE 16888 --- [learn-spring-boot] [           main] o.s.b.f.s.DefaultListableBeanFactory     : Returning cached instance of singleton bean 'autoConfigurationReport'
2025-04-01T15:16:26.028+05:30 TRACE 16888 --- [learn-spring-boot] [           main] a.ConfigurationClassBeanDefinitionReader : Registered bean definition for imported class 'org.springframework.boot.autoconfigure.http.client.HttpClientAutoConfiguration'
2025-04-01T15:16:26.030+05:30 TRACE 16888 --- [learn-spring-boot] [           main] o.s.b.a.condition.OnBeanCondition        : Condition OnBeanCondition on org.springframework.boot.autoconfigure.http.client.HttpClientAutoConfiguration#clientHttpRequestFactoryBuilder matched due to @ConditionalOnMissingBean (types: org.springframework.boot.http.client.ClientHttpRequestFactoryBuilder; SearchStrategy: all) did not find any beans
2025-04-01T15:16:26.030+05:30 TRACE 16888 --- [learn-spring-boot] [           main] o.s.b.f.s.DefaultListableBeanFactory     : Returning cached instance of singleton bean 'autoConfigurationReport'
2025-04-01T15:16:26.030+05:30 TRACE 16888 --- [learn-spring-boot] [           main] a.ConfigurationClassBeanDefinitionReader : Registering bean definition for @Bean method org.springframework.boot.autoconfigure.http.client.HttpClientAutoConfiguration.clientHttpRequestFactoryBuilder()
2025-04-01T15:16:26.032+05:30 TRACE 16888 --- [learn-spring-boot] [           main] o.s.b.a.condition.OnBeanCondition        : Condition OnBeanCondition on org.springframework.boot.autoconfigure.http.client.HttpClientAutoConfiguration#clientHttpRequestFactorySettings matched due to @ConditionalOnMissingBean (types: org.springframework.boot.http.client.ClientHttpRequestFactorySettings; SearchStrategy: all) did not find any beans
2025-04-01T15:16:26.032+05:30 TRACE 16888 --- [learn-spring-boot] [           main] o.s.b.f.s.DefaultListableBeanFactory     : Returning cached instance of singleton bean 'autoConfigurationReport'
2025-04-01T15:16:26.033+05:30 TRACE 16888 --- [learn-spring-boot] [           main] a.ConfigurationClassBeanDefinitionReader : Registering bean definition for @Bean method org.springframework.boot.autoconfigure.http.client.HttpClientAutoConfiguration.clientHttpRequestFactorySettings()
2025-04-01T15:16:26.034+05:30 TRACE 16888 --- [learn-spring-boot] [           main] o.s.b.a.condition.OnClassCondition       : Condition OnClassCondition on org.springframework.boot.autoconfigure.web.client.RestClientAutoConfiguration matched due to @ConditionalOnClass found required class 'org.springframework.web.client.RestClient'
2025-04-01T15:16:26.034+05:30 TRACE 16888 --- [learn-spring-boot] [           main] o.s.b.f.s.DefaultListableBeanFactory     : Returning cached instance of singleton bean 'autoConfigurationReport'
2025-04-01T15:16:26.034+05:30 TRACE 16888 --- [learn-spring-boot] [           main] a.ConfigurationClassBeanDefinitionReader : Registered bean definition for imported class 'org.springframework.boot.autoconfigure.web.client.RestClientAutoConfiguration'
2025-04-01T15:16:26.036+05:30 TRACE 16888 --- [learn-spring-boot] [           main] o.s.b.a.condition.OnBeanCondition        : Condition OnBeanCondition on org.springframework.boot.autoconfigure.web.client.RestClientAutoConfiguration#httpMessageConvertersRestClientCustomizer matched due to @ConditionalOnMissingBean (types: org.springframework.boot.autoconfigure.web.client.HttpMessageConvertersRestClientCustomizer; SearchStrategy: all) did not find any beans
2025-04-01T15:16:26.036+05:30 TRACE 16888 --- [learn-spring-boot] [           main] o.s.b.f.s.DefaultListableBeanFactory     : Returning cached instance of singleton bean 'autoConfigurationReport'
2025-04-01T15:16:26.036+05:30 TRACE 16888 --- [learn-spring-boot] [           main] a.ConfigurationClassBeanDefinitionReader : Registering bean definition for @Bean method org.springframework.boot.autoconfigure.web.client.RestClientAutoConfiguration.httpMessageConvertersRestClientCustomizer()
2025-04-01T15:16:26.038+05:30 TRACE 16888 --- [learn-spring-boot] [           main] o.s.b.a.condition.OnBeanCondition        : Condition OnBeanCondition on org.springframework.boot.autoconfigure.web.client.RestClientAutoConfiguration#restClientSsl matched due to @ConditionalOnBean (types: org.springframework.boot.ssl.SslBundles; SearchStrategy: all) found bean 'sslBundleRegistry'; @ConditionalOnMissingBean (types: org.springframework.boot.autoconfigure.web.client.RestClientSsl; SearchStrategy: all) did not find any beans
2025-04-01T15:16:26.038+05:30 TRACE 16888 --- [learn-spring-boot] [           main] o.s.b.f.s.DefaultListableBeanFactory     : Returning cached instance of singleton bean 'autoConfigurationReport'
2025-04-01T15:16:26.038+05:30 TRACE 16888 --- [learn-spring-boot] [           main] o.s.b.a.condition.OnBeanCondition        : Condition OnBeanCondition on org.springframework.boot.autoconfigure.web.client.RestClientAutoConfiguration#restClientSsl matched due to @ConditionalOnBean (types: org.springframework.boot.ssl.SslBundles; SearchStrategy: all) found bean 'sslBundleRegistry'; @ConditionalOnMissingBean (types: org.springframework.boot.autoconfigure.web.client.RestClientSsl; SearchStrategy: all) did not find any beans
2025-04-01T15:16:26.038+05:30 TRACE 16888 --- [learn-spring-boot] [           main] o.s.b.f.s.DefaultListableBeanFactory     : Returning cached instance of singleton bean 'autoConfigurationReport'
2025-04-01T15:16:26.038+05:30 TRACE 16888 --- [learn-spring-boot] [           main] a.ConfigurationClassBeanDefinitionReader : Registering bean definition for @Bean method org.springframework.boot.autoconfigure.web.client.RestClientAutoConfiguration.restClientSsl()
2025-04-01T15:16:26.038+05:30 TRACE 16888 --- [learn-spring-boot] [           main] o.s.b.a.condition.OnBeanCondition        : Condition OnBeanCondition on org.springframework.boot.autoconfigure.web.client.RestClientAutoConfiguration#restClientBuilderConfigurer matched due to @ConditionalOnMissingBean (types: org.springframework.boot.autoconfigure.web.client.RestClientBuilderConfigurer; SearchStrategy: all) did not find any beans
2025-04-01T15:16:26.038+05:30 TRACE 16888 --- [learn-spring-boot] [           main] o.s.b.f.s.DefaultListableBeanFactory     : Returning cached instance of singleton bean 'autoConfigurationReport'
2025-04-01T15:16:26.039+05:30 TRACE 16888 --- [learn-spring-boot] [           main] a.ConfigurationClassBeanDefinitionReader : Registering bean definition for @Bean method org.springframework.boot.autoconfigure.web.client.RestClientAutoConfiguration.restClientBuilderConfigurer()
2025-04-01T15:16:26.039+05:30 TRACE 16888 --- [learn-spring-boot] [           main] o.s.b.a.condition.OnBeanCondition        : Condition OnBeanCondition on org.springframework.boot.autoconfigure.web.client.RestClientAutoConfiguration#restClientBuilder matched due to @ConditionalOnMissingBean (types: org.springframework.web.client.RestClient$Builder; SearchStrategy: all) did not find any beans
2025-04-01T15:16:26.039+05:30 TRACE 16888 --- [learn-spring-boot] [           main] o.s.b.f.s.DefaultListableBeanFactory     : Returning cached instance of singleton bean 'autoConfigurationReport'
2025-04-01T15:16:26.039+05:30 TRACE 16888 --- [learn-spring-boot] [           main] a.ConfigurationClassBeanDefinitionReader : Registering bean definition for @Bean method org.springframework.boot.autoconfigure.web.client.RestClientAutoConfiguration.restClientBuilder()
2025-04-01T15:16:26.039+05:30 TRACE 16888 --- [learn-spring-boot] [           main] o.s.b.a.condition.OnClassCondition       : Condition OnClassCondition on org.springframework.boot.autoconfigure.web.client.RestTemplateAutoConfiguration matched due to @ConditionalOnClass found required class 'org.springframework.web.client.RestTemplate'
2025-04-01T15:16:26.039+05:30 TRACE 16888 --- [learn-spring-boot] [           main] o.s.b.f.s.DefaultListableBeanFactory     : Returning cached instance of singleton bean 'autoConfigurationReport'
2025-04-01T15:16:26.039+05:30 TRACE 16888 --- [learn-spring-boot] [           main] a.ConfigurationClassBeanDefinitionReader : Registered bean definition for imported class 'org.springframework.boot.autoconfigure.web.client.RestTemplateAutoConfiguration'
2025-04-01T15:16:26.039+05:30 TRACE 16888 --- [learn-spring-boot] [           main] a.ConfigurationClassBeanDefinitionReader : Registering bean definition for @Bean method org.springframework.boot.autoconfigure.web.client.RestTemplateAutoConfiguration.restTemplateBuilderConfigurer()
2025-04-01T15:16:26.041+05:30 TRACE 16888 --- [learn-spring-boot] [           main] o.s.b.a.condition.OnBeanCondition        : Condition OnBeanCondition on org.springframework.boot.autoconfigure.web.client.RestTemplateAutoConfiguration#restTemplateBuilder matched due to @ConditionalOnMissingBean (types: org.springframework.boot.web.client.RestTemplateBuilder; SearchStrategy: all) did not find any beans
2025-04-01T15:16:26.041+05:30 TRACE 16888 --- [learn-spring-boot] [           main] o.s.b.f.s.DefaultListableBeanFactory     : Returning cached instance of singleton bean 'autoConfigurationReport'
2025-04-01T15:16:26.041+05:30 TRACE 16888 --- [learn-spring-boot] [           main] a.ConfigurationClassBeanDefinitionReader : Registering bean definition for @Bean method org.springframework.boot.autoconfigure.web.client.RestTemplateAutoConfiguration.restTemplateBuilder()
2025-04-01T15:16:26.042+05:30 TRACE 16888 --- [learn-spring-boot] [           main] o.s.b.a.condition.OnClassCondition       : Condition OnClassCondition on org.springframework.boot.actuate.autoconfigure.observation.web.client.HttpClientObservationsAutoConfiguration matched due to @ConditionalOnClass found required class 'io.micrometer.observation.Observation'
2025-04-01T15:16:26.042+05:30 TRACE 16888 --- [learn-spring-boot] [           main] o.s.b.f.s.DefaultListableBeanFactory     : Returning cached instance of singleton bean 'autoConfigurationReport'
2025-04-01T15:16:26.043+05:30 TRACE 16888 --- [learn-spring-boot] [           main] o.s.b.a.condition.OnBeanCondition        : Condition OnBeanCondition on org.springframework.boot.actuate.autoconfigure.observation.web.client.HttpClientObservationsAutoConfiguration matched due to @ConditionalOnBean (types: io.micrometer.observation.ObservationRegistry; SearchStrategy: all) found bean 'observationRegistry'
2025-04-01T15:16:26.043+05:30 TRACE 16888 --- [learn-spring-boot] [           main] o.s.b.f.s.DefaultListableBeanFactory     : Returning cached instance of singleton bean 'autoConfigurationReport'
2025-04-01T15:16:26.043+05:30 TRACE 16888 --- [learn-spring-boot] [           main] o.s.b.a.condition.OnClassCondition       : Condition OnClassCondition on org.springframework.boot.actuate.autoconfigure.observation.web.client.HttpClientObservationsAutoConfiguration$MeterFilterConfiguration matched due to @ConditionalOnClass found required class 'io.micrometer.core.instrument.MeterRegistry'
2025-04-01T15:16:26.043+05:30 TRACE 16888 --- [learn-spring-boot] [           main] o.s.b.f.s.DefaultListableBeanFactory     : Returning cached instance of singleton bean 'autoConfigurationReport'
2025-04-01T15:16:26.043+05:30 TRACE 16888 --- [learn-spring-boot] [           main] o.s.b.a.condition.OnBeanCondition        : Condition OnBeanCondition on org.springframework.boot.actuate.autoconfigure.observation.web.client.HttpClientObservationsAutoConfiguration$MeterFilterConfiguration matched due to @ConditionalOnBean (types: io.micrometer.core.instrument.MeterRegistry; SearchStrategy: all) found bean 'simpleMeterRegistry'
2025-04-01T15:16:26.043+05:30 TRACE 16888 --- [learn-spring-boot] [           main] o.s.b.f.s.DefaultListableBeanFactory     : Returning cached instance of singleton bean 'autoConfigurationReport'
2025-04-01T15:16:26.043+05:30 TRACE 16888 --- [learn-spring-boot] [           main] a.ConfigurationClassBeanDefinitionReader : Registered bean definition for imported class 'org.springframework.boot.actuate.autoconfigure.observation.web.client.HttpClientObservationsAutoConfiguration$MeterFilterConfiguration'
2025-04-01T15:16:26.043+05:30 TRACE 16888 --- [learn-spring-boot] [           main] a.ConfigurationClassBeanDefinitionReader : Registering bean definition for @Bean method org.springframework.boot.actuate.autoconfigure.observation.web.client.HttpClientObservationsAutoConfiguration$MeterFilterConfiguration.metricsHttpClientUriTagFilter()
2025-04-01T15:16:26.044+05:30 TRACE 16888 --- [learn-spring-boot] [           main] o.s.b.a.condition.OnClassCondition       : Condition OnClassCondition on org.springframework.boot.actuate.autoconfigure.observation.web.client.RestTemplateObservationConfiguration matched due to @ConditionalOnClass found required class 'org.springframework.web.client.RestTemplate'
2025-04-01T15:16:26.044+05:30 TRACE 16888 --- [learn-spring-boot] [           main] o.s.b.f.s.DefaultListableBeanFactory     : Returning cached instance of singleton bean 'autoConfigurationReport'
2025-04-01T15:16:26.045+05:30 TRACE 16888 --- [learn-spring-boot] [           main] o.s.b.a.condition.OnBeanCondition        : Condition OnBeanCondition on org.springframework.boot.actuate.autoconfigure.observation.web.client.RestTemplateObservationConfiguration matched due to @ConditionalOnBean (types: org.springframework.boot.web.client.RestTemplateBuilder; SearchStrategy: all) found bean 'restTemplateBuilder'
2025-04-01T15:16:26.045+05:30 TRACE 16888 --- [learn-spring-boot] [           main] o.s.b.f.s.DefaultListableBeanFactory     : Returning cached instance of singleton bean 'autoConfigurationReport'
2025-04-01T15:16:26.046+05:30 TRACE 16888 --- [learn-spring-boot] [           main] a.ConfigurationClassBeanDefinitionReader : Registered bean definition for imported class 'org.springframework.boot.actuate.autoconfigure.observation.web.client.RestTemplateObservationConfiguration'
2025-04-01T15:16:26.046+05:30 TRACE 16888 --- [learn-spring-boot] [           main] a.ConfigurationClassBeanDefinitionReader : Registering bean definition for @Bean method org.springframework.boot.actuate.autoconfigure.observation.web.client.RestTemplateObservationConfiguration.observationRestTemplateCustomizer()
2025-04-01T15:16:26.046+05:30 TRACE 16888 --- [learn-spring-boot] [           main] o.s.b.a.condition.OnClassCondition       : Condition OnClassCondition on org.springframework.boot.actuate.autoconfigure.observation.web.client.RestClientObservationConfiguration matched due to @ConditionalOnClass found required class 'org.springframework.web.client.RestClient'
2025-04-01T15:16:26.046+05:30 TRACE 16888 --- [learn-spring-boot] [           main] o.s.b.f.s.DefaultListableBeanFactory     : Returning cached instance of singleton bean 'autoConfigurationReport'
2025-04-01T15:16:26.050+05:30 TRACE 16888 --- [learn-spring-boot] [           main] o.s.b.a.condition.OnBeanCondition        : Condition OnBeanCondition on org.springframework.boot.actuate.autoconfigure.observation.web.client.RestClientObservationConfiguration matched due to @ConditionalOnBean (types: org.springframework.web.client.RestClient$Builder; SearchStrategy: all) found bean 'restClientBuilder'
2025-04-01T15:16:26.050+05:30 TRACE 16888 --- [learn-spring-boot] [           main] o.s.b.f.s.DefaultListableBeanFactory     : Returning cached instance of singleton bean 'autoConfigurationReport'
2025-04-01T15:16:26.051+05:30 TRACE 16888 --- [learn-spring-boot] [           main] a.ConfigurationClassBeanDefinitionReader : Registered bean definition for imported class 'org.springframework.boot.actuate.autoconfigure.observation.web.client.RestClientObservationConfiguration'
2025-04-01T15:16:26.051+05:30 TRACE 16888 --- [learn-spring-boot] [           main] a.ConfigurationClassBeanDefinitionReader : Registering bean definition for @Bean method org.springframework.boot.actuate.autoconfigure.observation.web.client.RestClientObservationConfiguration.observationRestClientCustomizer()
2025-04-01T15:16:26.052+05:30 TRACE 16888 --- [learn-spring-boot] [           main] a.ConfigurationClassBeanDefinitionReader : Registered bean definition for imported class 'org.springframework.boot.actuate.autoconfigure.observation.web.client.HttpClientObservationsAutoConfiguration'
2025-04-01T15:16:26.052+05:30 TRACE 16888 --- [learn-spring-boot] [           main] o.s.b.a.condition.OnClassCondition       : Condition OnClassCondition on org.springframework.boot.actuate.autoconfigure.observation.web.servlet.WebMvcObservationAutoConfiguration matched due to @ConditionalOnClass found required classes 'org.springframework.web.servlet.DispatcherServlet', 'io.micrometer.observation.Observation'
2025-04-01T15:16:26.052+05:30 TRACE 16888 --- [learn-spring-boot] [           main] o.s.b.f.s.DefaultListableBeanFactory     : Returning cached instance of singleton bean 'autoConfigurationReport'
2025-04-01T15:16:26.053+05:30 TRACE 16888 --- [learn-spring-boot] [           main] o.s.b.a.c.OnWebApplicationCondition      : Condition OnWebApplicationCondition on org.springframework.boot.actuate.autoconfigure.observation.web.servlet.WebMvcObservationAutoConfiguration matched due to found 'session' scope
2025-04-01T15:16:26.053+05:30 TRACE 16888 --- [learn-spring-boot] [           main] o.s.b.f.s.DefaultListableBeanFactory     : Returning cached instance of singleton bean 'autoConfigurationReport'
2025-04-01T15:16:26.053+05:30 TRACE 16888 --- [learn-spring-boot] [           main] o.s.b.a.condition.OnBeanCondition        : Condition OnBeanCondition on org.springframework.boot.actuate.autoconfigure.observation.web.servlet.WebMvcObservationAutoConfiguration matched due to @ConditionalOnBean (types: io.micrometer.observation.ObservationRegistry; SearchStrategy: all) found bean 'observationRegistry'
2025-04-01T15:16:26.054+05:30 TRACE 16888 --- [learn-spring-boot] [           main] o.s.b.f.s.DefaultListableBeanFactory     : Returning cached instance of singleton bean 'autoConfigurationReport'
2025-04-01T15:16:26.054+05:30 TRACE 16888 --- [learn-spring-boot] [           main] o.s.b.a.condition.OnClassCondition       : Condition OnClassCondition on org.springframework.boot.actuate.autoconfigure.observation.web.servlet.WebMvcObservationAutoConfiguration$MeterFilterConfiguration matched due to @ConditionalOnClass found required class 'io.micrometer.core.instrument.MeterRegistry'
2025-04-01T15:16:26.054+05:30 TRACE 16888 --- [learn-spring-boot] [           main] o.s.b.f.s.DefaultListableBeanFactory     : Returning cached instance of singleton bean 'autoConfigurationReport'
2025-04-01T15:16:26.054+05:30 TRACE 16888 --- [learn-spring-boot] [           main] o.s.b.a.condition.OnBeanCondition        : Condition OnBeanCondition on org.springframework.boot.actuate.autoconfigure.observation.web.servlet.WebMvcObservationAutoConfiguration$MeterFilterConfiguration matched due to @ConditionalOnBean (types: io.micrometer.core.instrument.MeterRegistry; SearchStrategy: all) found bean 'simpleMeterRegistry'
2025-04-01T15:16:26.054+05:30 TRACE 16888 --- [learn-spring-boot] [           main] o.s.b.f.s.DefaultListableBeanFactory     : Returning cached instance of singleton bean 'autoConfigurationReport'
2025-04-01T15:16:26.054+05:30 TRACE 16888 --- [learn-spring-boot] [           main] a.ConfigurationClassBeanDefinitionReader : Registered bean definition for imported class 'org.springframework.boot.actuate.autoconfigure.observation.web.servlet.WebMvcObservationAutoConfiguration$MeterFilterConfiguration'
2025-04-01T15:16:26.054+05:30 TRACE 16888 --- [learn-spring-boot] [           main] a.ConfigurationClassBeanDefinitionReader : Registering bean definition for @Bean method org.springframework.boot.actuate.autoconfigure.observation.web.servlet.WebMvcObservationAutoConfiguration$MeterFilterConfiguration.metricsHttpServerUriTagFilter()
2025-04-01T15:16:26.054+05:30 TRACE 16888 --- [learn-spring-boot] [           main] a.ConfigurationClassBeanDefinitionReader : Registered bean definition for imported class 'org.springframework.boot.actuate.autoconfigure.observation.web.servlet.WebMvcObservationAutoConfiguration'
2025-04-01T15:16:26.058+05:30 TRACE 16888 --- [learn-spring-boot] [           main] o.s.b.a.condition.OnBeanCondition        : Condition OnBeanCondition on org.springframework.boot.actuate.autoconfigure.observation.web.servlet.WebMvcObservationAutoConfiguration#webMvcObservationFilter matched due to @ConditionalOnMissingBean (types: org.springframework.web.filter.ServerHttpObservationFilter; SearchStrategy: all) did not find any beans
2025-04-01T15:16:26.058+05:30 TRACE 16888 --- [learn-spring-boot] [           main] o.s.b.f.s.DefaultListableBeanFactory     : Returning cached instance of singleton bean 'autoConfigurationReport'
2025-04-01T15:16:26.058+05:30 TRACE 16888 --- [learn-spring-boot] [           main] a.ConfigurationClassBeanDefinitionReader : Registering bean definition for @Bean method org.springframework.boot.actuate.autoconfigure.observation.web.servlet.WebMvcObservationAutoConfiguration.webMvcObservationFilter()
2025-04-01T15:16:26.058+05:30 TRACE 16888 --- [learn-spring-boot] [           main] o.s.b.a.condition.OnClassCondition       : Condition OnClassCondition on org.springframework.boot.actuate.autoconfigure.scheduling.ScheduledTasksObservabilityAutoConfiguration matched due to @ConditionalOnClass found required class 'org.springframework.scheduling.concurrent.ThreadPoolTaskScheduler'
2025-04-01T15:16:26.058+05:30 TRACE 16888 --- [learn-spring-boot] [           main] o.s.b.f.s.DefaultListableBeanFactory     : Returning cached instance of singleton bean 'autoConfigurationReport'
2025-04-01T15:16:26.059+05:30 TRACE 16888 --- [learn-spring-boot] [           main] o.s.b.a.condition.OnBeanCondition        : Condition OnBeanCondition on org.springframework.boot.actuate.autoconfigure.scheduling.ScheduledTasksObservabilityAutoConfiguration matched due to @ConditionalOnBean (types: io.micrometer.observation.ObservationRegistry; SearchStrategy: all) found bean 'observationRegistry'
2025-04-01T15:16:26.059+05:30 TRACE 16888 --- [learn-spring-boot] [           main] o.s.b.f.s.DefaultListableBeanFactory     : Returning cached instance of singleton bean 'autoConfigurationReport'
2025-04-01T15:16:26.059+05:30 TRACE 16888 --- [learn-spring-boot] [           main] a.ConfigurationClassBeanDefinitionReader : Registered bean definition for imported class 'org.springframework.boot.actuate.autoconfigure.scheduling.ScheduledTasksObservabilityAutoConfiguration'
2025-04-01T15:16:26.059+05:30 TRACE 16888 --- [learn-spring-boot] [           main] a.ConfigurationClassBeanDefinitionReader : Registering bean definition for @Bean method org.springframework.boot.actuate.autoconfigure.scheduling.ScheduledTasksObservabilityAutoConfiguration.observabilitySchedulingConfigurer()
2025-04-01T15:16:26.059+05:30 TRACE 16888 --- [learn-spring-boot] [           main] o.s.b.a.c.OnWebApplicationCondition      : Condition OnWebApplicationCondition on org.springframework.boot.actuate.autoconfigure.security.servlet.ManagementWebSecurityAutoConfiguration matched due to found 'session' scope
2025-04-01T15:16:26.059+05:30 TRACE 16888 --- [learn-spring-boot] [           main] o.s.b.f.s.DefaultListableBeanFactory     : Returning cached instance of singleton bean 'autoConfigurationReport'
2025-04-01T15:16:26.060+05:30 TRACE 16888 --- [learn-spring-boot] [           main] o.s.b.a.s.DefaultWebSecurityCondition    : Condition DefaultWebSecurityCondition on org.springframework.boot.actuate.autoconfigure.security.servlet.ManagementWebSecurityAutoConfiguration did not match due to AllNestedConditions 1 matched 1 did not; NestedCondition on DefaultWebSecurityCondition.Beans @ConditionalOnMissingBean (types: org.springframework.security.web.SecurityFilterChain; SearchStrategy: all) did not find any beans; NestedCondition on DefaultWebSecurityCondition.Classes @ConditionalOnClass did not find required classes 'org.springframework.security.web.SecurityFilterChain', 'org.springframework.security.config.annotation.web.builders.HttpSecurity'
2025-04-01T15:16:26.060+05:30 TRACE 16888 --- [learn-spring-boot] [           main] o.s.b.f.s.DefaultListableBeanFactory     : Returning cached instance of singleton bean 'autoConfigurationReport'
2025-04-01T15:16:26.062+05:30 TRACE 16888 --- [learn-spring-boot] [           main] o.s.b.a.c.OnWebApplicationCondition      : Condition OnWebApplicationCondition on org.springframework.boot.actuate.autoconfigure.web.exchanges.HttpExchangesAutoConfiguration matched due to @ConditionalOnWebApplication (required) found 'session' scope
2025-04-01T15:16:26.062+05:30 TRACE 16888 --- [learn-spring-boot] [           main] o.s.b.f.s.DefaultListableBeanFactory     : Returning cached instance of singleton bean 'autoConfigurationReport'
2025-04-01T15:16:26.062+05:30 TRACE 16888 --- [learn-spring-boot] [           main] o.s.b.a.condition.OnPropertyCondition    : Condition OnPropertyCondition on org.springframework.boot.actuate.autoconfigure.web.exchanges.HttpExchangesAutoConfiguration matched due to @ConditionalOnProperty (management.httpexchanges.recording.enabled) matched
2025-04-01T15:16:26.062+05:30 TRACE 16888 --- [learn-spring-boot] [           main] o.s.b.f.s.DefaultListableBeanFactory     : Returning cached instance of singleton bean 'autoConfigurationReport'
2025-04-01T15:16:26.063+05:30 TRACE 16888 --- [learn-spring-boot] [           main] o.s.b.a.condition.OnBeanCondition        : Condition OnBeanCondition on org.springframework.boot.actuate.autoconfigure.web.exchanges.HttpExchangesAutoConfiguration did not match due to @ConditionalOnBean (types: org.springframework.boot.actuate.web.exchanges.HttpExchangeRepository; SearchStrategy: all) did not find any beans of type org.springframework.boot.actuate.web.exchanges.HttpExchangeRepository
2025-04-01T15:16:26.063+05:30 TRACE 16888 --- [learn-spring-boot] [           main] o.s.b.f.s.DefaultListableBeanFactory     : Returning cached instance of singleton bean 'autoConfigurationReport'
2025-04-01T15:16:26.064+05:30 TRACE 16888 --- [learn-spring-boot] [           main] o.s.b.a.condition.OnPropertyCondition    : Condition OnPropertyCondition on org.springframework.boot.autoconfigure.aop.AopAutoConfiguration matched due to @ConditionalOnProperty (spring.aop.auto=true) matched
2025-04-01T15:16:26.064+05:30 TRACE 16888 --- [learn-spring-boot] [           main] o.s.b.f.s.DefaultListableBeanFactory     : Returning cached instance of singleton bean 'autoConfigurationReport'
2025-04-01T15:16:26.064+05:30 TRACE 16888 --- [learn-spring-boot] [           main] o.s.b.a.condition.OnClassCondition       : Condition OnClassCondition on org.springframework.boot.autoconfigure.aop.AopAutoConfiguration$ClassProxyingConfiguration matched due to @ConditionalOnMissingClass did not find unwanted class 'org.aspectj.weaver.Advice'
2025-04-01T15:16:26.064+05:30 TRACE 16888 --- [learn-spring-boot] [           main] o.s.b.f.s.DefaultListableBeanFactory     : Returning cached instance of singleton bean 'autoConfigurationReport'
2025-04-01T15:16:26.064+05:30 TRACE 16888 --- [learn-spring-boot] [           main] o.s.b.a.condition.OnPropertyCondition    : Condition OnPropertyCondition on org.springframework.boot.autoconfigure.aop.AopAutoConfiguration$ClassProxyingConfiguration matched due to @ConditionalOnProperty (spring.aop.proxy-target-class=true) matched
2025-04-01T15:16:26.064+05:30 TRACE 16888 --- [learn-spring-boot] [           main] o.s.b.f.s.DefaultListableBeanFactory     : Returning cached instance of singleton bean 'autoConfigurationReport'
2025-04-01T15:16:26.065+05:30 TRACE 16888 --- [learn-spring-boot] [           main] a.ConfigurationClassBeanDefinitionReader : Registered bean definition for imported class 'org.springframework.boot.autoconfigure.aop.AopAutoConfiguration$ClassProxyingConfiguration'
2025-04-01T15:16:26.065+05:30 TRACE 16888 --- [learn-spring-boot] [           main] a.ConfigurationClassBeanDefinitionReader : Registering bean definition for @Bean method org.springframework.boot.autoconfigure.aop.AopAutoConfiguration$ClassProxyingConfiguration.forceAutoProxyCreatorToUseClassProxying()
2025-04-01T15:16:26.065+05:30 TRACE 16888 --- [learn-spring-boot] [           main] a.ConfigurationClassBeanDefinitionReader : Registered bean definition for imported class 'org.springframework.boot.autoconfigure.aop.AopAutoConfiguration'
2025-04-01T15:16:26.065+05:30 TRACE 16888 --- [learn-spring-boot] [           main] a.ConfigurationClassBeanDefinitionReader : Registered bean definition for imported class 'org.springframework.boot.autoconfigure.context.ConfigurationPropertiesAutoConfiguration'
2025-04-01T15:16:26.065+05:30 TRACE 16888 --- [learn-spring-boot] [           main] a.ConfigurationClassBeanDefinitionReader : Registered bean definition for imported class 'org.springframework.boot.autoconfigure.context.LifecycleAutoConfiguration'
2025-04-01T15:16:26.066+05:30 TRACE 16888 --- [learn-spring-boot] [           main] o.s.b.a.condition.OnBeanCondition        : Condition OnBeanCondition on org.springframework.boot.autoconfigure.context.LifecycleAutoConfiguration#defaultLifecycleProcessor matched due to @ConditionalOnMissingBean (names: lifecycleProcessor; SearchStrategy: current) did not find any beans
2025-04-01T15:16:26.066+05:30 TRACE 16888 --- [learn-spring-boot] [           main] o.s.b.f.s.DefaultListableBeanFactory     : Returning cached instance of singleton bean 'autoConfigurationReport'
2025-04-01T15:16:26.066+05:30 TRACE 16888 --- [learn-spring-boot] [           main] a.ConfigurationClassBeanDefinitionReader : Registering bean definition for @Bean method org.springframework.boot.autoconfigure.context.LifecycleAutoConfiguration.lifecycleProcessor()
2025-04-01T15:16:26.066+05:30 TRACE 16888 --- [learn-spring-boot] [           main] o.s.b.a.condition.OnPropertyCondition    : Condition OnPropertyCondition on org.springframework.boot.autoconfigure.sql.init.SqlInitializationAutoConfiguration matched due to @ConditionalOnProperty (spring.sql.init.enabled) matched
2025-04-01T15:16:26.066+05:30 TRACE 16888 --- [learn-spring-boot] [           main] o.s.b.f.s.DefaultListableBeanFactory     : Returning cached instance of singleton bean 'autoConfigurationReport'
2025-04-01T15:16:26.068+05:30 TRACE 16888 --- [learn-spring-boot] [           main] a.ConfigurationClassBeanDefinitionReader : Registered bean definition for imported class 'org.springframework.boot.autoconfigure.sql.init.SqlInitializationAutoConfiguration'
2025-04-01T15:16:26.069+05:30 TRACE 16888 --- [learn-spring-boot] [           main] o.s.b.a.condition.OnClassCondition       : Condition OnClassCondition on org.springframework.boot.autoconfigure.web.servlet.HttpEncodingAutoConfiguration matched due to @ConditionalOnClass found required class 'org.springframework.web.filter.CharacterEncodingFilter'
2025-04-01T15:16:26.069+05:30 TRACE 16888 --- [learn-spring-boot] [           main] o.s.b.f.s.DefaultListableBeanFactory     : Returning cached instance of singleton bean 'autoConfigurationReport'
2025-04-01T15:16:26.069+05:30 TRACE 16888 --- [learn-spring-boot] [           main] o.s.b.a.c.OnWebApplicationCondition      : Condition OnWebApplicationCondition on org.springframework.boot.autoconfigure.web.servlet.HttpEncodingAutoConfiguration matched due to found 'session' scope
2025-04-01T15:16:26.069+05:30 TRACE 16888 --- [learn-spring-boot] [           main] o.s.b.f.s.DefaultListableBeanFactory     : Returning cached instance of singleton bean 'autoConfigurationReport'
2025-04-01T15:16:26.069+05:30 TRACE 16888 --- [learn-spring-boot] [           main] o.s.b.a.condition.OnPropertyCondition    : Condition OnPropertyCondition on org.springframework.boot.autoconfigure.web.servlet.HttpEncodingAutoConfiguration matched due to @ConditionalOnProperty (server.servlet.encoding.enabled) matched
2025-04-01T15:16:26.069+05:30 TRACE 16888 --- [learn-spring-boot] [           main] o.s.b.f.s.DefaultListableBeanFactory     : Returning cached instance of singleton bean 'autoConfigurationReport'
2025-04-01T15:16:26.071+05:30 TRACE 16888 --- [learn-spring-boot] [           main] a.ConfigurationClassBeanDefinitionReader : Registered bean definition for imported class 'org.springframework.boot.autoconfigure.web.servlet.HttpEncodingAutoConfiguration'
2025-04-01T15:16:26.076+05:30 TRACE 16888 --- [learn-spring-boot] [           main] o.s.b.a.condition.OnBeanCondition        : Condition OnBeanCondition on org.springframework.boot.autoconfigure.web.servlet.HttpEncodingAutoConfiguration#characterEncodingFilter matched due to @ConditionalOnMissingBean (types: org.springframework.web.filter.CharacterEncodingFilter; SearchStrategy: all) did not find any beans
2025-04-01T15:16:26.076+05:30 TRACE 16888 --- [learn-spring-boot] [           main] o.s.b.f.s.DefaultListableBeanFactory     : Returning cached instance of singleton bean 'autoConfigurationReport'
2025-04-01T15:16:26.076+05:30 TRACE 16888 --- [learn-spring-boot] [           main] a.ConfigurationClassBeanDefinitionReader : Registering bean definition for @Bean method org.springframework.boot.autoconfigure.web.servlet.HttpEncodingAutoConfiguration.characterEncodingFilter()
2025-04-01T15:16:26.076+05:30 TRACE 16888 --- [learn-spring-boot] [           main] a.ConfigurationClassBeanDefinitionReader : Registering bean definition for @Bean method org.springframework.boot.autoconfigure.web.servlet.HttpEncodingAutoConfiguration.localeCharsetMappingsCustomizer()
2025-04-01T15:16:26.077+05:30 TRACE 16888 --- [learn-spring-boot] [           main] o.s.b.a.condition.OnClassCondition       : Condition OnClassCondition on org.springframework.boot.autoconfigure.web.servlet.MultipartAutoConfiguration matched due to @ConditionalOnClass found required classes 'jakarta.servlet.Servlet', 'org.springframework.web.multipart.support.StandardServletMultipartResolver', 'jakarta.servlet.MultipartConfigElement'
2025-04-01T15:16:26.077+05:30 TRACE 16888 --- [learn-spring-boot] [           main] o.s.b.f.s.DefaultListableBeanFactory     : Returning cached instance of singleton bean 'autoConfigurationReport'
2025-04-01T15:16:26.077+05:30 TRACE 16888 --- [learn-spring-boot] [           main] o.s.b.a.c.OnWebApplicationCondition      : Condition OnWebApplicationCondition on org.springframework.boot.autoconfigure.web.servlet.MultipartAutoConfiguration matched due to found 'session' scope
2025-04-01T15:16:26.077+05:30 TRACE 16888 --- [learn-spring-boot] [           main] o.s.b.f.s.DefaultListableBeanFactory     : Returning cached instance of singleton bean 'autoConfigurationReport'
2025-04-01T15:16:26.077+05:30 TRACE 16888 --- [learn-spring-boot] [           main] o.s.b.a.condition.OnPropertyCondition    : Condition OnPropertyCondition on org.springframework.boot.autoconfigure.web.servlet.MultipartAutoConfiguration matched due to @ConditionalOnProperty (spring.servlet.multipart.enabled) matched
2025-04-01T15:16:26.077+05:30 TRACE 16888 --- [learn-spring-boot] [           main] o.s.b.f.s.DefaultListableBeanFactory     : Returning cached instance of singleton bean 'autoConfigurationReport'
2025-04-01T15:16:26.079+05:30 TRACE 16888 --- [learn-spring-boot] [           main] a.ConfigurationClassBeanDefinitionReader : Registered bean definition for imported class 'org.springframework.boot.autoconfigure.web.servlet.MultipartAutoConfiguration'
2025-04-01T15:16:26.081+05:30 TRACE 16888 --- [learn-spring-boot] [           main] o.s.b.a.condition.OnBeanCondition        : Condition OnBeanCondition on org.springframework.boot.autoconfigure.web.servlet.MultipartAutoConfiguration#multipartConfigElement matched due to @ConditionalOnMissingBean (types: jakarta.servlet.MultipartConfigElement; SearchStrategy: all) did not find any beans
2025-04-01T15:16:26.081+05:30 TRACE 16888 --- [learn-spring-boot] [           main] o.s.b.f.s.DefaultListableBeanFactory     : Returning cached instance of singleton bean 'autoConfigurationReport'
2025-04-01T15:16:26.081+05:30 TRACE 16888 --- [learn-spring-boot] [           main] a.ConfigurationClassBeanDefinitionReader : Registering bean definition for @Bean method org.springframework.boot.autoconfigure.web.servlet.MultipartAutoConfiguration.multipartConfigElement()
2025-04-01T15:16:26.081+05:30 TRACE 16888 --- [learn-spring-boot] [           main] o.s.b.a.condition.OnBeanCondition        : Condition OnBeanCondition on org.springframework.boot.autoconfigure.web.servlet.MultipartAutoConfiguration#multipartResolver matched due to @ConditionalOnMissingBean (types: org.springframework.web.multipart.MultipartResolver; SearchStrategy: all) did not find any beans
2025-04-01T15:16:26.081+05:30 TRACE 16888 --- [learn-spring-boot] [           main] o.s.b.f.s.DefaultListableBeanFactory     : Returning cached instance of singleton bean 'autoConfigurationReport'
2025-04-01T15:16:26.081+05:30 TRACE 16888 --- [learn-spring-boot] [           main] a.ConfigurationClassBeanDefinitionReader : Registering bean definition for @Bean method org.springframework.boot.autoconfigure.web.servlet.MultipartAutoConfiguration.multipartResolver()
2025-04-01T15:16:26.082+05:30 TRACE 16888 --- [learn-spring-boot] [           main] o.s.b.a.a.w.s.OnManagementPortCondition  : Condition OnManagementPortCondition on org.springframework.boot.actuate.autoconfigure.web.server.ManagementContextAutoConfiguration$SameManagementContextConfiguration matched due to Management Port actual port type (SAME) matched required type
2025-04-01T15:16:26.082+05:30 TRACE 16888 --- [learn-spring-boot] [           main] o.s.b.f.s.DefaultListableBeanFactory     : Returning cached instance of singleton bean 'autoConfigurationReport'
2025-04-01T15:16:26.082+05:30 TRACE 16888 --- [learn-spring-boot] [           main] o.s.b.a.c.OnWebApplicationCondition      : Condition OnWebApplicationCondition on org.springframework.boot.actuate.autoconfigure.endpoint.web.ServletEndpointManagementContextConfiguration matched due to found 'session' scope
2025-04-01T15:16:26.082+05:30 TRACE 16888 --- [learn-spring-boot] [           main] o.s.b.f.s.DefaultListableBeanFactory     : Returning cached instance of singleton bean 'autoConfigurationReport'
2025-04-01T15:16:26.082+05:30 TRACE 16888 --- [learn-spring-boot] [           main] o.s.b.a.condition.OnClassCondition       : Condition OnClassCondition on org.springframework.boot.actuate.autoconfigure.endpoint.web.ServletEndpointManagementContextConfiguration$WebMvcServletEndpointManagementContextConfiguration matched due to @ConditionalOnClass found required class 'org.springframework.web.servlet.DispatcherServlet'
2025-04-01T15:16:26.082+05:30 TRACE 16888 --- [learn-spring-boot] [           main] o.s.b.f.s.DefaultListableBeanFactory     : Returning cached instance of singleton bean 'autoConfigurationReport'
2025-04-01T15:16:26.082+05:30 TRACE 16888 --- [learn-spring-boot] [           main] a.ConfigurationClassBeanDefinitionReader : Registered bean definition for imported class 'org.springframework.boot.actuate.autoconfigure.endpoint.web.ServletEndpointManagementContextConfiguration$WebMvcServletEndpointManagementContextConfiguration'
2025-04-01T15:16:26.082+05:30 TRACE 16888 --- [learn-spring-boot] [           main] a.ConfigurationClassBeanDefinitionReader : Registering bean definition for @Bean method org.springframework.boot.actuate.autoconfigure.endpoint.web.ServletEndpointManagementContextConfiguration$WebMvcServletEndpointManagementContextConfiguration.servletEndpointRegistrar()
2025-04-01T15:16:26.083+05:30 TRACE 16888 --- [learn-spring-boot] [           main] a.ConfigurationClassBeanDefinitionReader : Registered bean definition for imported class 'org.springframework.boot.actuate.autoconfigure.endpoint.web.ServletEndpointManagementContextConfiguration'
2025-04-01T15:16:26.083+05:30 TRACE 16888 --- [learn-spring-boot] [           main] a.ConfigurationClassBeanDefinitionReader : Registering bean definition for @Bean method org.springframework.boot.actuate.autoconfigure.endpoint.web.ServletEndpointManagementContextConfiguration.servletExposeExcludePropertyEndpointFilter()
2025-04-01T15:16:26.083+05:30 TRACE 16888 --- [learn-spring-boot] [           main] o.s.b.a.condition.OnClassCondition       : Condition OnClassCondition on org.springframework.boot.actuate.autoconfigure.endpoint.web.servlet.WebMvcEndpointManagementContextConfiguration matched due to @ConditionalOnClass found required class 'org.springframework.web.servlet.DispatcherServlet'
2025-04-01T15:16:26.083+05:30 TRACE 16888 --- [learn-spring-boot] [           main] o.s.b.f.s.DefaultListableBeanFactory     : Returning cached instance of singleton bean 'autoConfigurationReport'
2025-04-01T15:16:26.083+05:30 TRACE 16888 --- [learn-spring-boot] [           main] o.s.b.a.c.OnWebApplicationCondition      : Condition OnWebApplicationCondition on org.springframework.boot.actuate.autoconfigure.endpoint.web.servlet.WebMvcEndpointManagementContextConfiguration matched due to found 'session' scope
2025-04-01T15:16:26.083+05:30 TRACE 16888 --- [learn-spring-boot] [           main] o.s.b.f.s.DefaultListableBeanFactory     : Returning cached instance of singleton bean 'autoConfigurationReport'
2025-04-01T15:16:26.086+05:30 TRACE 16888 --- [learn-spring-boot] [           main] o.s.b.a.condition.OnBeanCondition        : Condition OnBeanCondition on org.springframework.boot.actuate.autoconfigure.endpoint.web.servlet.WebMvcEndpointManagementContextConfiguration matched due to @ConditionalOnBean (types: org.springframework.web.servlet.DispatcherServlet,org.springframework.boot.actuate.endpoint.web.WebEndpointsSupplier; SearchStrategy: all) found beans 'webEndpointDiscoverer', 'dispatcherServlet'
2025-04-01T15:16:26.086+05:30 TRACE 16888 --- [learn-spring-boot] [           main] o.s.b.f.s.DefaultListableBeanFactory     : Returning cached instance of singleton bean 'autoConfigurationReport'
2025-04-01T15:16:26.087+05:30 TRACE 16888 --- [learn-spring-boot] [           main] a.ConfigurationClassBeanDefinitionReader : Registered bean definition for imported class 'org.springframework.boot.actuate.autoconfigure.endpoint.web.servlet.WebMvcEndpointManagementContextConfiguration'
2025-04-01T15:16:26.089+05:30 TRACE 16888 --- [learn-spring-boot] [           main] o.s.b.a.condition.OnBeanCondition        : Condition OnBeanCondition on org.springframework.boot.actuate.autoconfigure.endpoint.web.servlet.WebMvcEndpointManagementContextConfiguration#webEndpointServletHandlerMapping matched due to @ConditionalOnMissingBean (types: org.springframework.boot.actuate.endpoint.web.servlet.WebMvcEndpointHandlerMapping; SearchStrategy: all) did not find any beans
2025-04-01T15:16:26.089+05:30 TRACE 16888 --- [learn-spring-boot] [           main] o.s.b.f.s.DefaultListableBeanFactory     : Returning cached instance of singleton bean 'autoConfigurationReport'
2025-04-01T15:16:26.089+05:30 TRACE 16888 --- [learn-spring-boot] [           main] a.ConfigurationClassBeanDefinitionReader : Registering bean definition for @Bean method org.springframework.boot.actuate.autoconfigure.endpoint.web.servlet.WebMvcEndpointManagementContextConfiguration.webEndpointServletHandlerMapping()
2025-04-01T15:16:26.089+05:30 TRACE 16888 --- [learn-spring-boot] [           main] o.s.b.a.a.w.s.OnManagementPortCondition  : Condition OnManagementPortCondition on org.springframework.boot.actuate.autoconfigure.endpoint.web.servlet.WebMvcEndpointManagementContextConfiguration#managementHealthEndpointWebMvcHandlerMapping did not match due to Management Port actual port type (SAME) did not match required type (DIFFERENT)
2025-04-01T15:16:26.089+05:30 TRACE 16888 --- [learn-spring-boot] [           main] o.s.b.f.s.DefaultListableBeanFactory     : Returning cached instance of singleton bean 'autoConfigurationReport'
2025-04-01T15:16:26.092+05:30 TRACE 16888 --- [learn-spring-boot] [           main] o.s.b.a.condition.OnBeanCondition        : Condition OnBeanCondition on org.springframework.boot.actuate.autoconfigure.endpoint.web.servlet.WebMvcEndpointManagementContextConfiguration#controllerEndpointHandlerMapping matched due to @ConditionalOnMissingBean (types: org.springframework.boot.actuate.endpoint.web.servlet.ControllerEndpointHandlerMapping; SearchStrategy: all) did not find any beans
2025-04-01T15:16:26.092+05:30 TRACE 16888 --- [learn-spring-boot] [           main] o.s.b.f.s.DefaultListableBeanFactory     : Returning cached instance of singleton bean 'autoConfigurationReport'
2025-04-01T15:16:26.092+05:30 TRACE 16888 --- [learn-spring-boot] [           main] a.ConfigurationClassBeanDefinitionReader : Registering bean definition for @Bean method org.springframework.boot.actuate.autoconfigure.endpoint.web.servlet.WebMvcEndpointManagementContextConfiguration.controllerEndpointHandlerMapping()
2025-04-01T15:16:26.093+05:30 TRACE 16888 --- [learn-spring-boot] [           main] o.s.b.a.condition.OnBeanCondition        : Condition OnBeanCondition on org.springframework.boot.actuate.autoconfigure.endpoint.web.servlet.WebMvcEndpointManagementContextConfiguration#endpointObjectMapperWebMvcConfigurer matched due to @ConditionalOnBean (types: org.springframework.boot.actuate.endpoint.jackson.EndpointObjectMapper; SearchStrategy: all) found bean 'endpointObjectMapper'
2025-04-01T15:16:26.093+05:30 TRACE 16888 --- [learn-spring-boot] [           main] o.s.b.f.s.DefaultListableBeanFactory     : Returning cached instance of singleton bean 'autoConfigurationReport'
2025-04-01T15:16:26.093+05:30 TRACE 16888 --- [learn-spring-boot] [           main] a.ConfigurationClassBeanDefinitionReader : Registering bean definition for @Bean method org.springframework.boot.actuate.autoconfigure.endpoint.web.servlet.WebMvcEndpointManagementContextConfiguration.endpointObjectMapperWebMvcConfigurer()
2025-04-01T15:16:26.093+05:30 TRACE 16888 --- [learn-spring-boot] [           main] a.ConfigurationClassBeanDefinitionReader : Registered bean definition for imported class 'org.springframework.boot.actuate.autoconfigure.web.server.ManagementContextAutoConfiguration$SameManagementContextConfiguration$EnableSameManagementContextConfiguration'
2025-04-01T15:16:26.093+05:30 TRACE 16888 --- [learn-spring-boot] [           main] a.ConfigurationClassBeanDefinitionReader : Registered bean definition for imported class 'org.springframework.boot.actuate.autoconfigure.web.server.ManagementContextAutoConfiguration$SameManagementContextConfiguration'
2025-04-01T15:16:26.094+05:30 TRACE 16888 --- [learn-spring-boot] [           main] a.ConfigurationClassBeanDefinitionReader : Registered bean definition for imported class 'org.springframework.boot.actuate.autoconfigure.web.server.ManagementContextAutoConfiguration'
2025-04-01T15:16:26.104+05:30 DEBUG 16888 --- [learn-spring-boot] [           main] o.s.b.f.s.DefaultListableBeanFactory     : Creating shared instance of singleton bean 'propertySourcesPlaceholderConfigurer'
2025-04-01T15:16:26.104+05:30 TRACE 16888 --- [learn-spring-boot] [           main] o.s.b.f.s.DefaultListableBeanFactory     : Creating instance of bean 'propertySourcesPlaceholderConfigurer'
2025-04-01T15:16:26.110+05:30 TRACE 16888 --- [learn-spring-boot] [           main] o.s.b.f.s.DefaultListableBeanFactory     : Finished creating instance of bean 'propertySourcesPlaceholderConfigurer'
2025-04-01T15:16:26.114+05:30 DEBUG 16888 --- [learn-spring-boot] [           main] o.s.b.f.s.DefaultListableBeanFactory     : Creating shared instance of singleton bean 'org.springframework.boot.test.mock.mockito.MockitoPostProcessor'
2025-04-01T15:16:26.114+05:30 TRACE 16888 --- [learn-spring-boot] [           main] o.s.b.f.s.DefaultListableBeanFactory     : Creating instance of bean 'org.springframework.boot.test.mock.mockito.MockitoPostProcessor'
2025-04-01T15:16:26.122+05:30 TRACE 16888 --- [learn-spring-boot] [           main] o.s.b.f.s.DefaultListableBeanFactory     : Finished creating instance of bean 'org.springframework.boot.test.mock.mockito.MockitoPostProcessor'
2025-04-01T15:16:26.122+05:30 DEBUG 16888 --- [learn-spring-boot] [           main] o.s.b.f.s.DefaultListableBeanFactory     : Creating shared instance of singleton bean 'org.springframework.boot.sql.init.dependency.DatabaseInitializationDependencyConfigurer$DependsOnDatabaseInitializationPostProcessor'
2025-04-01T15:16:26.122+05:30 TRACE 16888 --- [learn-spring-boot] [           main] o.s.b.f.s.DefaultListableBeanFactory     : Creating instance of bean 'org.springframework.boot.sql.init.dependency.DatabaseInitializationDependencyConfigurer$DependsOnDatabaseInitializationPostProcessor'
2025-04-01T15:16:26.122+05:30 TRACE 16888 --- [learn-spring-boot] [           main] o.s.b.f.s.DefaultListableBeanFactory     : Finished creating instance of bean 'org.springframework.boot.sql.init.dependency.DatabaseInitializationDependencyConfigurer$DependsOnDatabaseInitializationPostProcessor'
2025-04-01T15:16:26.123+05:30 TRACE 16888 --- [learn-spring-boot] [           main] o.s.c.io.support.SpringFactoriesLoader   : Loaded [org.springframework.boot.sql.init.dependency.DatabaseInitializerDetector] names: [org.springframework.boot.flyway.FlywayDatabaseInitializerDetector, org.springframework.boot.jdbc.init.DataSourceScriptDatabaseInitializerDetector, org.springframework.boot.liquibase.LiquibaseDatabaseInitializerDetector, org.springframework.boot.orm.jpa.JpaDatabaseInitializerDetector, org.springframework.boot.r2dbc.init.R2dbcScriptDatabaseInitializerDetector, org.springframework.boot.autoconfigure.flyway.FlywayMigrationInitializerDatabaseInitializerDetector]
2025-04-01T15:16:26.153+05:30 DEBUG 16888 --- [learn-spring-boot] [           main] o.s.b.f.s.DefaultListableBeanFactory     : Creating shared instance of singleton bean 'org.springframework.context.event.internalEventListenerProcessor'
2025-04-01T15:16:26.154+05:30 TRACE 16888 --- [learn-spring-boot] [           main] o.s.b.f.s.DefaultListableBeanFactory     : Creating instance of bean 'org.springframework.context.event.internalEventListenerProcessor'
2025-04-01T15:16:26.155+05:30 TRACE 16888 --- [learn-spring-boot] [           main] o.s.b.f.s.DefaultListableBeanFactory     : Finished creating instance of bean 'org.springframework.context.event.internalEventListenerProcessor'
2025-04-01T15:16:26.155+05:30 DEBUG 16888 --- [learn-spring-boot] [           main] o.s.b.f.s.DefaultListableBeanFactory     : Creating shared instance of singleton bean 'preserveErrorControllerTargetClassPostProcessor'
2025-04-01T15:16:26.155+05:30 TRACE 16888 --- [learn-spring-boot] [           main] o.s.b.f.s.DefaultListableBeanFactory     : Creating instance of bean 'preserveErrorControllerTargetClassPostProcessor'
2025-04-01T15:16:26.156+05:30 TRACE 16888 --- [learn-spring-boot] [           main] o.s.b.f.s.DefaultListableBeanFactory     : Finished creating instance of bean 'preserveErrorControllerTargetClassPostProcessor'
2025-04-01T15:16:26.156+05:30 DEBUG 16888 --- [learn-spring-boot] [           main] o.s.b.f.s.DefaultListableBeanFactory     : Creating shared instance of singleton bean 'forceAutoProxyCreatorToUseClassProxying'
2025-04-01T15:16:26.156+05:30 TRACE 16888 --- [learn-spring-boot] [           main] o.s.b.f.s.DefaultListableBeanFactory     : Creating instance of bean 'forceAutoProxyCreatorToUseClassProxying'
2025-04-01T15:16:26.156+05:30 TRACE 16888 --- [learn-spring-boot] [           main] o.s.b.f.s.DefaultListableBeanFactory     : Finished creating instance of bean 'forceAutoProxyCreatorToUseClassProxying'
2025-04-01T15:16:26.157+05:30 DEBUG 16888 --- [learn-spring-boot] [           main] o.s.b.f.s.DefaultListableBeanFactory     : Creating shared instance of singleton bean 'org.springframework.context.event.internalEventListenerFactory'
2025-04-01T15:16:26.157+05:30 TRACE 16888 --- [learn-spring-boot] [           main] o.s.b.f.s.DefaultListableBeanFactory     : Creating instance of bean 'org.springframework.context.event.internalEventListenerFactory'
2025-04-01T15:16:26.157+05:30 TRACE 16888 --- [learn-spring-boot] [           main] o.s.b.f.s.DefaultListableBeanFactory     : Finished creating instance of bean 'org.springframework.context.event.internalEventListenerFactory'
2025-04-01T15:16:26.167+05:30 DEBUG 16888 --- [learn-spring-boot] [           main] o.s.b.f.s.DefaultListableBeanFactory     : Creating shared instance of singleton bean 'org.springframework.boot.test.mock.mockito.MockitoPostProcessor$SpyPostProcessor'
2025-04-01T15:16:26.167+05:30 TRACE 16888 --- [learn-spring-boot] [           main] o.s.b.f.s.DefaultListableBeanFactory     : Creating instance of bean 'org.springframework.boot.test.mock.mockito.MockitoPostProcessor$SpyPostProcessor'
2025-04-01T15:16:26.167+05:30 TRACE 16888 --- [learn-spring-boot] [           main] o.s.b.f.s.DefaultListableBeanFactory     : Returning cached instance of singleton bean 'org.springframework.boot.test.mock.mockito.MockitoPostProcessor'
2025-04-01T15:16:26.169+05:30 TRACE 16888 --- [learn-spring-boot] [           main] o.s.b.f.s.DefaultListableBeanFactory     : Finished creating instance of bean 'org.springframework.boot.test.mock.mockito.MockitoPostProcessor$SpyPostProcessor'
2025-04-01T15:16:26.169+05:30 DEBUG 16888 --- [learn-spring-boot] [           main] o.s.b.f.s.DefaultListableBeanFactory     : Creating shared instance of singleton bean 'org.springframework.context.annotation.internalAutowiredAnnotationProcessor'
2025-04-01T15:16:26.169+05:30 TRACE 16888 --- [learn-spring-boot] [           main] o.s.b.f.s.DefaultListableBeanFactory     : Creating instance of bean 'org.springframework.context.annotation.internalAutowiredAnnotationProcessor'
2025-04-01T15:16:26.171+05:30 TRACE 16888 --- [learn-spring-boot] [           main] o.s.b.f.s.DefaultListableBeanFactory     : Finished creating instance of bean 'org.springframework.context.annotation.internalAutowiredAnnotationProcessor'
2025-04-01T15:16:26.171+05:30 DEBUG 16888 --- [learn-spring-boot] [           main] o.s.b.f.s.DefaultListableBeanFactory     : Creating shared instance of singleton bean 'org.springframework.context.annotation.internalCommonAnnotationProcessor'
2025-04-01T15:16:26.171+05:30 TRACE 16888 --- [learn-spring-boot] [           main] o.s.b.f.s.DefaultListableBeanFactory     : Creating instance of bean 'org.springframework.context.annotation.internalCommonAnnotationProcessor'
2025-04-01T15:16:26.182+05:30 TRACE 16888 --- [learn-spring-boot] [           main] o.s.b.f.s.DefaultListableBeanFactory     : Finished creating instance of bean 'org.springframework.context.annotation.internalCommonAnnotationProcessor'
2025-04-01T15:16:26.183+05:30 DEBUG 16888 --- [learn-spring-boot] [           main] o.s.b.f.s.DefaultListableBeanFactory     : Creating shared instance of singleton bean 'org.springframework.boot.context.properties.ConfigurationPropertiesBindingPostProcessor'
2025-04-01T15:16:26.183+05:30 TRACE 16888 --- [learn-spring-boot] [           main] o.s.b.f.s.DefaultListableBeanFactory     : Creating instance of bean 'org.springframework.boot.context.properties.ConfigurationPropertiesBindingPostProcessor'
2025-04-01T15:16:26.183+05:30 TRACE 16888 --- [learn-spring-boot] [           main] o.s.b.f.s.DefaultListableBeanFactory     : Invoking afterPropertiesSet() on bean with name 'org.springframework.boot.context.properties.ConfigurationPropertiesBindingPostProcessor'
2025-04-01T15:16:26.183+05:30 DEBUG 16888 --- [learn-spring-boot] [           main] o.s.b.f.s.DefaultListableBeanFactory     : Creating shared instance of singleton bean 'org.springframework.boot.context.internalConfigurationPropertiesBinder'
2025-04-01T15:16:26.183+05:30 TRACE 16888 --- [learn-spring-boot] [           main] o.s.b.f.s.DefaultListableBeanFactory     : Creating instance of bean 'org.springframework.boot.context.internalConfigurationPropertiesBinder'
2025-04-01T15:16:26.184+05:30 TRACE 16888 --- [learn-spring-boot] [           main] o.s.b.f.s.DefaultListableBeanFactory     : Returning cached instance of singleton bean 'propertySourcesPlaceholderConfigurer'
2025-04-01T15:16:26.185+05:30 TRACE 16888 --- [learn-spring-boot] [           main] o.s.b.f.s.DefaultListableBeanFactory     : Finished creating instance of bean 'org.springframework.boot.context.internalConfigurationPropertiesBinder'
2025-04-01T15:16:26.185+05:30 TRACE 16888 --- [learn-spring-boot] [           main] o.s.b.f.s.DefaultListableBeanFactory     : Finished creating instance of bean 'org.springframework.boot.context.properties.ConfigurationPropertiesBindingPostProcessor'
2025-04-01T15:16:26.185+05:30 TRACE 16888 --- [learn-spring-boot] [           main] o.s.b.f.s.DefaultListableBeanFactory     : Returning cached instance of singleton bean 'org.springframework.boot.test.mock.mockito.MockitoPostProcessor'
2025-04-01T15:16:26.186+05:30 DEBUG 16888 --- [learn-spring-boot] [           main] o.s.b.f.s.DefaultListableBeanFactory     : Creating shared instance of singleton bean 'org.springframework.aop.config.internalAutoProxyCreator'
2025-04-01T15:16:26.186+05:30 TRACE 16888 --- [learn-spring-boot] [           main] o.s.b.f.s.DefaultListableBeanFactory     : Creating instance of bean 'org.springframework.aop.config.internalAutoProxyCreator'
2025-04-01T15:16:26.197+05:30 TRACE 16888 --- [learn-spring-boot] [           main] o.s.beans.CachedIntrospectionResults     : Getting BeanInfo for class [org.springframework.aop.framework.autoproxy.InfrastructureAdvisorAutoProxyCreator]
2025-04-01T15:16:26.198+05:30 TRACE 16888 --- [learn-spring-boot] [           main] o.s.beans.CachedIntrospectionResults     : Caching PropertyDescriptors for class [org.springframework.aop.framework.autoproxy.InfrastructureAdvisorAutoProxyCreator]
2025-04-01T15:16:26.198+05:30 TRACE 16888 --- [learn-spring-boot] [           main] o.s.beans.CachedIntrospectionResults     : Found bean property 'advisorAdapterRegistry' of type [org.springframework.aop.framework.adapter.AdvisorAdapterRegistry]
2025-04-01T15:16:26.198+05:30 TRACE 16888 --- [learn-spring-boot] [           main] o.s.beans.CachedIntrospectionResults     : Found bean property 'applyCommonInterceptorsFirst' of type [boolean]
2025-04-01T15:16:26.198+05:30 TRACE 16888 --- [learn-spring-boot] [           main] o.s.beans.CachedIntrospectionResults     : Found bean property 'beanClassLoader' of type [java.lang.ClassLoader]
2025-04-01T15:16:26.198+05:30 TRACE 16888 --- [learn-spring-boot] [           main] o.s.beans.CachedIntrospectionResults     : Found bean property 'beanFactory' of type [org.springframework.beans.factory.BeanFactory]
2025-04-01T15:16:26.198+05:30 TRACE 16888 --- [learn-spring-boot] [           main] o.s.beans.CachedIntrospectionResults     : Found bean property 'class' of type [java.lang.Class]
2025-04-01T15:16:26.198+05:30 TRACE 16888 --- [learn-spring-boot] [           main] o.s.beans.CachedIntrospectionResults     : Found bean property 'customTargetSourceCreators' of type [[Lorg.springframework.aop.framework.autoproxy.TargetSourceCreator;]
2025-04-01T15:16:26.198+05:30 TRACE 16888 --- [learn-spring-boot] [           main] o.s.beans.CachedIntrospectionResults     : Found bean property 'exposeProxy' of type [boolean]
2025-04-01T15:16:26.198+05:30 TRACE 16888 --- [learn-spring-boot] [           main] o.s.beans.CachedIntrospectionResults     : Found bean property 'frozen' of type [boolean]
2025-04-01T15:16:26.198+05:30 TRACE 16888 --- [learn-spring-boot] [           main] o.s.beans.CachedIntrospectionResults     : Found bean property 'interceptorNames' of type [[Ljava.lang.String;]
2025-04-01T15:16:26.198+05:30 TRACE 16888 --- [learn-spring-boot] [           main] o.s.beans.CachedIntrospectionResults     : Found bean property 'opaque' of type [boolean]
2025-04-01T15:16:26.198+05:30 TRACE 16888 --- [learn-spring-boot] [           main] o.s.beans.CachedIntrospectionResults     : Found bean property 'optimize' of type [boolean]
2025-04-01T15:16:26.198+05:30 TRACE 16888 --- [learn-spring-boot] [           main] o.s.beans.CachedIntrospectionResults     : Found bean property 'order' of type [int]
2025-04-01T15:16:26.198+05:30 TRACE 16888 --- [learn-spring-boot] [           main] o.s.beans.CachedIntrospectionResults     : Found bean property 'proxyClassLoader' of type [java.lang.ClassLoader]
2025-04-01T15:16:26.198+05:30 TRACE 16888 --- [learn-spring-boot] [           main] o.s.beans.CachedIntrospectionResults     : Found bean property 'proxyTargetClass' of type [boolean]
2025-04-01T15:16:26.206+05:30 TRACE 16888 --- [learn-spring-boot] [           main] o.s.b.f.s.DefaultListableBeanFactory     : Finished creating instance of bean 'org.springframework.aop.config.internalAutoProxyCreator'
2025-04-01T15:16:26.206+05:30 DEBUG 16888 --- [learn-spring-boot] [           main] o.s.b.f.s.DefaultListableBeanFactory     : Creating shared instance of singleton bean 'webServerFactoryCustomizerBeanPostProcessor'
2025-04-01T15:16:26.206+05:30 TRACE 16888 --- [learn-spring-boot] [           main] o.s.b.f.s.DefaultListableBeanFactory     : Creating instance of bean 'webServerFactoryCustomizerBeanPostProcessor'
2025-04-01T15:16:26.207+05:30 TRACE 16888 --- [learn-spring-boot] [           main] o.s.b.f.s.DefaultListableBeanFactory     : Finished creating instance of bean 'webServerFactoryCustomizerBeanPostProcessor'
2025-04-01T15:16:26.207+05:30 DEBUG 16888 --- [learn-spring-boot] [           main] o.s.b.f.s.DefaultListableBeanFactory     : Creating shared instance of singleton bean 'errorPageRegistrarBeanPostProcessor'
2025-04-01T15:16:26.207+05:30 TRACE 16888 --- [learn-spring-boot] [           main] o.s.b.f.s.DefaultListableBeanFactory     : Creating instance of bean 'errorPageRegistrarBeanPostProcessor'
2025-04-01T15:16:26.207+05:30 TRACE 16888 --- [learn-spring-boot] [           main] o.s.b.f.s.DefaultListableBeanFactory     : Finished creating instance of bean 'errorPageRegistrarBeanPostProcessor'
2025-04-01T15:16:26.207+05:30 DEBUG 16888 --- [learn-spring-boot] [           main] o.s.b.f.s.DefaultListableBeanFactory     : Creating shared instance of singleton bean 'healthEndpointGroupsBeanPostProcessor'
2025-04-01T15:16:26.207+05:30 TRACE 16888 --- [learn-spring-boot] [           main] o.s.b.f.s.DefaultListableBeanFactory     : Creating instance of bean 'healthEndpointGroupsBeanPostProcessor'
2025-04-01T15:16:26.212+05:30 TRACE 16888 --- [learn-spring-boot] [           main] o.s.b.f.s.DefaultListableBeanFactory     : Finished creating instance of bean 'healthEndpointGroupsBeanPostProcessor'
2025-04-01T15:16:26.213+05:30 DEBUG 16888 --- [learn-spring-boot] [           main] o.s.b.f.s.DefaultListableBeanFactory     : Creating shared instance of singleton bean 'meterRegistryPostProcessor'
2025-04-01T15:16:26.213+05:30 TRACE 16888 --- [learn-spring-boot] [           main] o.s.b.f.s.DefaultListableBeanFactory     : Creating instance of bean 'meterRegistryPostProcessor'
2025-04-01T15:16:26.215+05:30 DEBUG 16888 --- [learn-spring-boot] [           main] o.s.b.f.s.DefaultListableBeanFactory     : Autowiring by type from bean name 'meterRegistryPostProcessor' via factory method to bean named 'org.springframework.web.context.support.GenericWebApplicationContext@5bbbdd4b'
2025-04-01T15:16:26.218+05:30 TRACE 16888 --- [learn-spring-boot] [           main] o.s.b.f.s.DefaultListableBeanFactory     : Finished creating instance of bean 'meterRegistryPostProcessor'
2025-04-01T15:16:26.218+05:30 DEBUG 16888 --- [learn-spring-boot] [           main] o.s.b.f.s.DefaultListableBeanFactory     : Creating shared instance of singleton bean 'observationRegistryPostProcessor'
2025-04-01T15:16:26.218+05:30 TRACE 16888 --- [learn-spring-boot] [           main] o.s.b.f.s.DefaultListableBeanFactory     : Creating instance of bean 'observationRegistryPostProcessor'
2025-04-01T15:16:26.221+05:30 TRACE 16888 --- [learn-spring-boot] [           main] o.s.b.f.s.DefaultListableBeanFactory     : Finished creating instance of bean 'observationRegistryPostProcessor'
2025-04-01T15:16:26.222+05:30 TRACE 16888 --- [learn-spring-boot] [           main] o.s.b.f.s.DefaultListableBeanFactory     : Returning cached instance of singleton bean 'org.springframework.boot.test.web.reactor.netty.DisableReactorResourceFactoryGlobalResourcesBeanPostProcessor'
2025-04-01T15:16:26.222+05:30 TRACE 16888 --- [learn-spring-boot] [           main] o.s.b.f.s.DefaultListableBeanFactory     : Returning cached instance of singleton bean 'org.springframework.boot.test.autoconfigure.properties.PropertyMappingContextCustomizer$PropertyMappingCheckBeanPostProcessor'
2025-04-01T15:16:26.224+05:30 TRACE 16888 --- [learn-spring-boot] [           main] o.s.w.c.s.GenericWebApplicationContext   : No 'messageSource' bean, using [Empty MessageSource]
2025-04-01T15:16:26.224+05:30 TRACE 16888 --- [learn-spring-boot] [           main] o.s.w.c.s.GenericWebApplicationContext   : No 'applicationEventMulticaster' bean, using [SimpleApplicationEventMulticaster]
2025-04-01T15:16:26.225+05:30 DEBUG 16888 --- [learn-spring-boot] [           main] o.s.u.c.s.UiApplicationContextUtils      : Unable to locate ThemeSource with name 'themeSource': using default [org.springframework.ui.context.support.ResourceBundleThemeSource@6cd64b3f]
2025-04-01T15:16:26.226+05:30 DEBUG 16888 --- [learn-spring-boot] [           main] o.s.b.f.s.DefaultListableBeanFactory     : Creating shared instance of singleton bean 'org.springframework.test.context.support.internalDynamicPropertyRegistrarBeanInitializer'
2025-04-01T15:16:26.226+05:30 TRACE 16888 --- [learn-spring-boot] [           main] o.s.b.f.s.DefaultListableBeanFactory     : Creating instance of bean 'org.springframework.test.context.support.internalDynamicPropertyRegistrarBeanInitializer'
2025-04-01T15:16:26.227+05:30 TRACE 16888 --- [learn-spring-boot] [           main] o.s.b.f.s.DefaultListableBeanFactory     : Finished creating instance of bean 'org.springframework.test.context.support.internalDynamicPropertyRegistrarBeanInitializer'
2025-04-01T15:16:26.228+05:30 TRACE 16888 --- [learn-spring-boot] [           main] o.s.b.f.s.DefaultListableBeanFactory     : Pre-instantiating singletons in org.springframework.beans.factory.support.DefaultListableBeanFactory@bcb09a6: defining beans [org.springframework.boot.test.mock.mockito.MockitoPostProcessor$SpyPostProcessor,org.springframework.boot.test.mock.mockito.MockitoPostProcessor,org.springframework.test.context.support.internalDynamicPropertyRegistrarBeanInitializer,org.springframework.context.annotation.internalConfigurationAnnotationProcessor,org.springframework.context.annotation.internalAutowiredAnnotationProcessor,org.springframework.context.annotation.internalCommonAnnotationProcessor,org.springframework.context.event.internalEventListenerProcessor,org.springframework.context.event.internalEventListenerFactory,learnSpringBootApplication,org.springframework.boot.autoconfigure.internalCachingMetadataReaderFactory,courseController,currencyConfigurationController,currencyServiceConfiguration,org.springframework.boot.autoconfigure.AutoConfigurationPackages,org.springframework.boot.autoconfigure.context.PropertyPlaceholderAutoConfiguration,propertySourcesPlaceholderConfigurer,org.springframework.boot.autoconfigure.ssl.SslAutoConfiguration,fileWatcher,sslPropertiesSslBundleRegistrar,sslBundleRegistry,org.springframework.boot.context.properties.ConfigurationPropertiesBindingPostProcessor,org.springframework.boot.context.internalConfigurationPropertiesBinder,org.springframework.boot.context.properties.BoundConfigurationProperties,org.springframework.boot.context.properties.EnableConfigurationPropertiesRegistrar.methodValidationExcludeFilter,spring.ssl-org.springframework.boot.autoconfigure.ssl.SslProperties,org.springframework.boot.autoconfigure.websocket.servlet.WebSocketServletAutoConfiguration$TomcatWebSocketConfiguration,websocketServletWebServerCustomizer,org.springframework.boot.autoconfigure.websocket.servlet.WebSocketServletAutoConfiguration,org.springframework.boot.autoconfigure.web.servlet.ServletWebServerFactoryConfiguration$EmbeddedTomcat,tomcatServletWebServerFactory,org.springframework.boot.autoconfigure.web.servlet.ServletWebServerFactoryAutoConfiguration,servletWebServerFactoryCustomizer,tomcatServletWebServerFactoryCustomizer,server-org.springframework.boot.autoconfigure.web.ServerProperties,webServerFactoryCustomizerBeanPostProcessor,errorPageRegistrarBeanPostProcessor,org.springframework.boot.autoconfigure.web.servlet.DispatcherServletAutoConfiguration$DispatcherServletConfiguration,dispatcherServlet,spring.mvc-org.springframework.boot.autoconfigure.web.servlet.WebMvcProperties,org.springframework.boot.autoconfigure.web.servlet.DispatcherServletAutoConfiguration$DispatcherServletRegistrationConfiguration,dispatcherServletRegistration,org.springframework.boot.autoconfigure.web.servlet.DispatcherServletAutoConfiguration,org.springframework.boot.autoconfigure.task.TaskExecutorConfigurations$ThreadPoolTaskExecutorBuilderConfiguration,threadPoolTaskExecutorBuilder,org.springframework.boot.autoconfigure.task.TaskExecutorConfigurations$SimpleAsyncTaskExecutorBuilderConfiguration,simpleAsyncTaskExecutorBuilder,org.springframework.boot.autoconfigure.task.TaskExecutorConfigurations$TaskExecutorConfiguration,applicationTaskExecutor,org.springframework.boot.autoconfigure.task.TaskExecutionAutoConfiguration,spring.task.execution-org.springframework.boot.autoconfigure.task.TaskExecutionProperties,org.springframework.boot.autoconfigure.web.servlet.error.ErrorMvcAutoConfiguration$WhitelabelErrorViewConfiguration,error,beanNameViewResolver,org.springframework.boot.autoconfigure.web.servlet.error.ErrorMvcAutoConfiguration$DefaultErrorViewResolverConfiguration,conventionErrorViewResolver,spring.web-org.springframework.boot.autoconfigure.web.WebProperties,org.springframework.boot.autoconfigure.web.servlet.error.ErrorMvcAutoConfiguration,errorAttributes,basicErrorController,errorPageCustomizer,preserveErrorControllerTargetClassPostProcessor,org.springframework.boot.autoconfigure.web.servlet.WebMvcAutoConfiguration$EnableWebMvcConfiguration,welcomePageHandlerMapping,welcomePageNotAcceptableHandlerMapping,localeResolver,themeResolver,flashMapManager,viewNameTranslator,mvcConversionService,mvcValidator,mvcContentNegotiationManager,requestMappingHandlerMapping,mvcPatternParser,mvcUrlPathHelper,mvcPathMatcher,viewControllerHandlerMapping,beanNameHandlerMapping,routerFunctionMapping,resourceHandlerMapping,mvcResourceUrlProvider,defaultServletHandlerMapping,requestMappingHandlerAdapter,handlerFunctionAdapter,mvcUriComponentsContributor,httpRequestHandlerAdapter,simpleControllerHandlerAdapter,handlerExceptionResolver,mvcViewResolver,mvcHandlerMappingIntrospector,org.springframework.boot.autoconfigure.web.servlet.WebMvcAutoConfiguration$WebMvcAutoConfigurationAdapter,defaultViewResolver,viewResolver,requestContextFilter,org.springframework.boot.autoconfigure.web.servlet.WebMvcAutoConfiguration,formContentFilter,org.springframework.boot.autoconfigure.availability.ApplicationAvailabilityAutoConfiguration,applicationAvailability,org.springframework.boot.actuate.autoconfigure.availability.AvailabilityHealthContributorAutoConfiguration,org.springframework.boot.autoconfigure.jackson.JacksonAutoConfiguration$Jackson2ObjectMapperBuilderCustomizerConfiguration,standardJacksonObjectMapperBuilderCustomizer,spring.jackson-org.springframework.boot.autoconfigure.jackson.JacksonProperties,org.springframework.boot.autoconfigure.jackson.JacksonAutoConfiguration$JacksonObjectMapperBuilderConfiguration,jacksonObjectMapperBuilder,org.springframework.boot.autoconfigure.jackson.JacksonAutoConfiguration$ParameterNamesModuleConfiguration,parameterNamesModule,org.springframework.boot.autoconfigure.jackson.JacksonAutoConfiguration$JacksonObjectMapperConfiguration,jacksonObjectMapper,org.springframework.boot.autoconfigure.jackson.JacksonAutoConfiguration$JacksonMixinConfiguration,jsonMixinModuleEntries,jsonMixinModule,org.springframework.boot.autoconfigure.jackson.JacksonAutoConfiguration,jsonComponentModule,org.springframework.boot.actuate.autoconfigure.health.HealthEndpointConfiguration,healthStatusAggregator,healthHttpCodeStatusMapper,healthEndpointGroups,healthContributorRegistry,healthEndpointGroupMembershipValidator,healthEndpoint,healthEndpointGroupsBeanPostProcessor,org.springframework.boot.actuate.autoconfigure.health.HealthEndpointWebExtensionConfiguration$MvcAdditionalHealthEndpointPathsConfiguration,healthEndpointWebMvcHandlerMapping,org.springframework.boot.actuate.autoconfigure.health.HealthEndpointWebExtensionConfiguration,healthEndpointWebExtension,org.springframework.boot.actuate.autoconfigure.health.HealthEndpointAutoConfiguration,management.endpoint.health-org.springframework.boot.actuate.autoconfigure.health.HealthEndpointProperties,org.springframework.boot.autoconfigure.info.ProjectInfoAutoConfiguration,spring.info-org.springframework.boot.autoconfigure.info.ProjectInfoProperties,org.springframework.boot.actuate.autoconfigure.info.InfoContributorAutoConfiguration,management.health.ssl-org.springframework.boot.actuate.autoconfigure.ssl.SslHealthIndicatorProperties,management.info-org.springframework.boot.actuate.autoconfigure.info.InfoContributorProperties,org.springframework.boot.actuate.autoconfigure.web.servlet.ServletManagementContextAutoConfiguration,servletWebChildContextFactory,managementServletContext,org.springframework.boot.actuate.autoconfigure.endpoint.EndpointAutoConfiguration,endpointOperationParameterMapper,endpointCachingOperationInvokerAdvisor,propertiesEndpointAccessResolver,org.springframework.boot.actuate.autoconfigure.endpoint.jackson.JacksonEndpointAutoConfiguration,endpointObjectMapper,org.springframework.boot.actuate.autoconfigure.endpoint.web.WebEndpointAutoConfiguration$WebEndpointServletConfiguration,servletEndpointDiscoverer,org.springframework.boot.actuate.autoconfigure.endpoint.web.WebEndpointAutoConfiguration,webEndpointPathMapper,endpointMediaTypes,webEndpointDiscoverer,controllerEndpointDiscoverer,pathMappedEndpoints,webExposeExcludePropertyEndpointFilter,controllerExposeExcludePropertyEndpointFilter,webAccessPropertiesOperationFilter,management.endpoints.web-org.springframework.boot.actuate.autoconfigure.endpoint.web.WebEndpointProperties,org.springframework.boot.actuate.autoconfigure.ssl.SslHealthContributorAutoConfiguration,sslHealthIndicator,sslInfo,org.springframework.boot.actuate.autoconfigure.system.DiskSpaceHealthContributorAutoConfiguration,diskSpaceHealthIndicator,management.health.diskspace-org.springframework.boot.actuate.autoconfigure.system.DiskSpaceHealthIndicatorProperties,org.springframework.boot.actuate.autoconfigure.health.HealthContributorAutoConfiguration,pingHealthContributor,org.springframework.boot.actuate.autoconfigure.metrics.MetricsAutoConfiguration,micrometerClock,meterRegistryPostProcessor,propertiesMeterFilter,meterRegistryCloser,management.metrics-org.springframework.boot.actuate.autoconfigure.metrics.MetricsProperties,org.springframework.boot.actuate.autoconfigure.metrics.export.simple.SimpleMetricsExportAutoConfiguration,simpleMeterRegistry,simpleConfig,management.simple.metrics.export-org.springframework.boot.actuate.autoconfigure.metrics.export.simple.SimpleProperties,org.springframework.boot.actuate.autoconfigure.metrics.CompositeMeterRegistryAutoConfiguration,org.springframework.boot.actuate.autoconfigure.metrics.JvmMetricsAutoConfiguration,jvmGcMetrics,jvmHeapPressureMetrics,jvmMemoryMetrics,jvmThreadMetrics,classLoaderMetrics,jvmInfoMetrics,jvmCompilationMetrics,org.springframework.boot.actuate.autoconfigure.metrics.LogbackMetricsAutoConfiguration,logbackMetrics,org.springframework.boot.actuate.autoconfigure.metrics.SystemMetricsAutoConfiguration,uptimeMetrics,processorMetrics,fileDescriptorMetrics,diskSpaceMetrics,org.springframework.boot.actuate.autoconfigure.metrics.integration.IntegrationMetricsAutoConfiguration,org.springframework.boot.actuate.autoconfigure.metrics.startup.StartupTimeMetricsListenerAutoConfiguration,startupTimeMetrics,org.springframework.boot.autoconfigure.task.TaskSchedulingConfigurations$ThreadPoolTaskSchedulerBuilderConfiguration,threadPoolTaskSchedulerBuilder,org.springframework.boot.autoconfigure.task.TaskSchedulingConfigurations$SimpleAsyncTaskSchedulerBuilderConfiguration,simpleAsyncTaskSchedulerBuilder,org.springframework.boot.autoconfigure.task.TaskSchedulingAutoConfiguration,spring.task.scheduling-org.springframework.boot.autoconfigure.task.TaskSchedulingProperties,org.springframework.boot.actuate.autoconfigure.metrics.task.TaskExecutorMetricsAutoConfiguration,eagerTaskExecutorMetrics,org.springframework.boot.actuate.autoconfigure.metrics.web.tomcat.TomcatMetricsAutoConfiguration,tomcatMetricsBinder,org.springframework.boot.actuate.autoconfigure.observation.ObservationAutoConfiguration$MeterObservationHandlerConfiguration$OnlyMetricsMeterObservationHandlerConfiguration,defaultMeterObservationHandler,org.springframework.boot.actuate.autoconfigure.observation.ObservationAutoConfiguration$MeterObservationHandlerConfiguration,org.springframework.boot.actuate.autoconfigure.observation.ObservationAutoConfiguration$OnlyMetricsConfiguration,metricsObservationHandlerGrouping,org.springframework.boot.actuate.autoconfigure.observation.ObservationAutoConfiguration,observationRegistryPostProcessor,observationRegistry,propertiesObservationFilter,management.observations-org.springframework.boot.actuate.autoconfigure.observation.ObservationProperties,org.springframework.boot.autoconfigure.http.HttpMessageConvertersAutoConfiguration$StringHttpMessageConverterConfiguration,stringHttpMessageConverter,org.springframework.boot.autoconfigure.http.JacksonHttpMessageConvertersConfiguration$MappingJackson2HttpMessageConverterConfiguration,mappingJackson2HttpMessageConverter,org.springframework.boot.autoconfigure.http.JacksonHttpMessageConvertersConfiguration,org.springframework.boot.autoconfigure.http.HttpMessageConvertersAutoConfiguration,messageConverters,org.springframework.boot.autoconfigure.http.client.HttpClientAutoConfiguration,clientHttpRequestFactoryBuilder,clientHttpRequestFactorySettings,spring.http.client-org.springframework.boot.autoconfigure.http.client.HttpClientProperties,org.springframework.boot.autoconfigure.web.client.RestClientAutoConfiguration,httpMessageConvertersRestClientCustomizer,restClientSsl,restClientBuilderConfigurer,restClientBuilder,org.springframework.boot.autoconfigure.web.client.RestTemplateAutoConfiguration,restTemplateBuilderConfigurer,restTemplateBuilder,org.springframework.boot.actuate.autoconfigure.observation.web.client.HttpClientObservationsAutoConfiguration$MeterFilterConfiguration,metricsHttpClientUriTagFilter,org.springframework.boot.actuate.autoconfigure.observation.web.client.RestTemplateObservationConfiguration,observationRestTemplateCustomizer,org.springframework.boot.actuate.autoconfigure.observation.web.client.RestClientObservationConfiguration,observationRestClientCustomizer,org.springframework.boot.actuate.autoconfigure.observation.web.client.HttpClientObservationsAutoConfiguration,org.springframework.boot.actuate.autoconfigure.observation.web.servlet.WebMvcObservationAutoConfiguration$MeterFilterConfiguration,metricsHttpServerUriTagFilter,org.springframework.boot.actuate.autoconfigure.observation.web.servlet.WebMvcObservationAutoConfiguration,webMvcObservationFilter,org.springframework.boot.actuate.autoconfigure.scheduling.ScheduledTasksObservabilityAutoConfiguration,observabilitySchedulingConfigurer,org.springframework.boot.autoconfigure.aop.AopAutoConfiguration$ClassProxyingConfiguration,forceAutoProxyCreatorToUseClassProxying,org.springframework.boot.autoconfigure.aop.AopAutoConfiguration,org.springframework.boot.autoconfigure.context.ConfigurationPropertiesAutoConfiguration,org.springframework.boot.autoconfigure.context.LifecycleAutoConfiguration,lifecycleProcessor,spring.lifecycle-org.springframework.boot.autoconfigure.context.LifecycleProperties,org.springframework.boot.autoconfigure.sql.init.SqlInitializationAutoConfiguration,spring.sql.init-org.springframework.boot.autoconfigure.sql.init.SqlInitializationProperties,org.springframework.boot.sql.init.dependency.DatabaseInitializationDependencyConfigurer$DependsOnDatabaseInitializationPostProcessor,org.springframework.boot.autoconfigure.web.servlet.HttpEncodingAutoConfiguration,characterEncodingFilter,localeCharsetMappingsCustomizer,org.springframework.boot.autoconfigure.web.servlet.MultipartAutoConfiguration,multipartConfigElement,multipartResolver,spring.servlet.multipart-org.springframework.boot.autoconfigure.web.servlet.MultipartProperties,org.springframework.boot.actuate.autoconfigure.endpoint.web.ServletEndpointManagementContextConfiguration$WebMvcServletEndpointManagementContextConfiguration,servletEndpointRegistrar,org.springframework.boot.actuate.autoconfigure.endpoint.web.ServletEndpointManagementContextConfiguration,servletExposeExcludePropertyEndpointFilter,org.springframework.boot.actuate.autoconfigure.endpoint.web.servlet.WebMvcEndpointManagementContextConfiguration,webEndpointServletHandlerMapping,controllerEndpointHandlerMapping,endpointObjectMapperWebMvcConfigurer,management.endpoints.web.cors-org.springframework.boot.actuate.autoconfigure.endpoint.web.CorsEndpointProperties,org.springframework.boot.actuate.autoconfigure.web.server.ManagementContextAutoConfiguration$SameManagementContextConfiguration$EnableSameManagementContextConfiguration,org.springframework.boot.actuate.autoconfigure.web.server.ManagementContextAutoConfiguration$SameManagementContextConfiguration,org.springframework.boot.actuate.autoconfigure.web.server.ManagementContextAutoConfiguration,management.server-org.springframework.boot.actuate.autoconfigure.web.server.ManagementServerProperties,org.springframework.aop.config.internalAutoProxyCreator]; root of factory hierarchy
2025-04-01T15:16:26.228+05:30 TRACE 16888 --- [learn-spring-boot] [           main] o.s.b.f.s.DefaultListableBeanFactory     : Returning cached instance of singleton bean 'org.springframework.boot.test.mock.mockito.MockitoPostProcessor$SpyPostProcessor'
2025-04-01T15:16:26.228+05:30 TRACE 16888 --- [learn-spring-boot] [           main] o.s.b.f.s.DefaultListableBeanFactory     : Returning cached instance of singleton bean 'org.springframework.boot.test.mock.mockito.MockitoPostProcessor'
2025-04-01T15:16:26.228+05:30 TRACE 16888 --- [learn-spring-boot] [           main] o.s.b.f.s.DefaultListableBeanFactory     : Returning cached instance of singleton bean 'org.springframework.test.context.support.internalDynamicPropertyRegistrarBeanInitializer'
2025-04-01T15:16:26.228+05:30 TRACE 16888 --- [learn-spring-boot] [           main] o.s.b.f.s.DefaultListableBeanFactory     : Returning cached instance of singleton bean 'org.springframework.context.annotation.internalConfigurationAnnotationProcessor'
2025-04-01T15:16:26.228+05:30 TRACE 16888 --- [learn-spring-boot] [           main] o.s.b.f.s.DefaultListableBeanFactory     : Returning cached instance of singleton bean 'org.springframework.context.annotation.internalAutowiredAnnotationProcessor'
2025-04-01T15:16:26.228+05:30 TRACE 16888 --- [learn-spring-boot] [           main] o.s.b.f.s.DefaultListableBeanFactory     : Returning cached instance of singleton bean 'org.springframework.context.annotation.internalCommonAnnotationProcessor'
2025-04-01T15:16:26.228+05:30 TRACE 16888 --- [learn-spring-boot] [           main] o.s.b.f.s.DefaultListableBeanFactory     : Returning cached instance of singleton bean 'org.springframework.context.event.internalEventListenerProcessor'
2025-04-01T15:16:26.228+05:30 TRACE 16888 --- [learn-spring-boot] [           main] o.s.b.f.s.DefaultListableBeanFactory     : Returning cached instance of singleton bean 'org.springframework.context.event.internalEventListenerFactory'
2025-04-01T15:16:26.228+05:30 DEBUG 16888 --- [learn-spring-boot] [           main] o.s.b.f.s.DefaultListableBeanFactory     : Creating shared instance of singleton bean 'learnSpringBootApplication'
2025-04-01T15:16:26.228+05:30 TRACE 16888 --- [learn-spring-boot] [           main] o.s.b.f.s.DefaultListableBeanFactory     : Creating instance of bean 'learnSpringBootApplication'
2025-04-01T15:16:26.229+05:30 TRACE 16888 --- [learn-spring-boot] [           main] o.s.b.f.s.DefaultListableBeanFactory     : Finished creating instance of bean 'learnSpringBootApplication'
2025-04-01T15:16:26.229+05:30 TRACE 16888 --- [learn-spring-boot] [           main] o.s.b.f.s.DefaultListableBeanFactory     : Returning cached instance of singleton bean 'org.springframework.boot.autoconfigure.internalCachingMetadataReaderFactory'
2025-04-01T15:16:26.229+05:30 DEBUG 16888 --- [learn-spring-boot] [           main] o.s.b.f.s.DefaultListableBeanFactory     : Creating shared instance of singleton bean 'courseController'
2025-04-01T15:16:26.229+05:30 TRACE 16888 --- [learn-spring-boot] [           main] o.s.b.f.s.DefaultListableBeanFactory     : Creating instance of bean 'courseController'
2025-04-01T15:16:26.231+05:30 TRACE 16888 --- [learn-spring-boot] [           main] o.s.b.f.s.DefaultListableBeanFactory     : Finished creating instance of bean 'courseController'
2025-04-01T15:16:26.231+05:30 DEBUG 16888 --- [learn-spring-boot] [           main] o.s.b.f.s.DefaultListableBeanFactory     : Creating shared instance of singleton bean 'currencyConfigurationController'
2025-04-01T15:16:26.231+05:30 TRACE 16888 --- [learn-spring-boot] [           main] o.s.b.f.s.DefaultListableBeanFactory     : Creating instance of bean 'currencyConfigurationController'
2025-04-01T15:16:26.235+05:30 DEBUG 16888 --- [learn-spring-boot] [           main] o.s.b.f.s.DefaultListableBeanFactory     : Creating shared instance of singleton bean 'currencyServiceConfiguration'
2025-04-01T15:16:26.235+05:30 TRACE 16888 --- [learn-spring-boot] [           main] o.s.b.f.s.DefaultListableBeanFactory     : Creating instance of bean 'currencyServiceConfiguration'
2025-04-01T15:16:26.236+05:30 DEBUG 16888 --- [learn-spring-boot] [           main] o.s.b.f.s.DefaultListableBeanFactory     : Creating shared instance of singleton bean 'org.springframework.boot.context.properties.BoundConfigurationProperties'
2025-04-01T15:16:26.236+05:30 TRACE 16888 --- [learn-spring-boot] [           main] o.s.b.f.s.DefaultListableBeanFactory     : Creating instance of bean 'org.springframework.boot.context.properties.BoundConfigurationProperties'
2025-04-01T15:16:26.237+05:30 TRACE 16888 --- [learn-spring-boot] [           main] o.s.b.f.s.DefaultListableBeanFactory     : Finished creating instance of bean 'org.springframework.boot.context.properties.BoundConfigurationProperties'
2025-04-01T15:16:26.246+05:30 TRACE 16888 --- [learn-spring-boot] [           main] o.s.b.f.s.DefaultListableBeanFactory     : Finished creating instance of bean 'currencyServiceConfiguration'
2025-04-01T15:16:26.247+05:30 TRACE 16888 --- [learn-spring-boot] [           main] f.a.AutowiredAnnotationBeanPostProcessor : Autowiring by type from bean name 'currencyConfigurationController' to bean named 'currencyServiceConfiguration'
2025-04-01T15:16:26.248+05:30 TRACE 16888 --- [learn-spring-boot] [           main] o.s.b.f.s.DefaultListableBeanFactory     : Finished creating instance of bean 'currencyConfigurationController'
2025-04-01T15:16:26.248+05:30 TRACE 16888 --- [learn-spring-boot] [           main] o.s.b.f.s.DefaultListableBeanFactory     : Returning cached instance of singleton bean 'currencyServiceConfiguration'
2025-04-01T15:16:26.248+05:30 DEBUG 16888 --- [learn-spring-boot] [           main] o.s.b.f.s.DefaultListableBeanFactory     : Creating shared instance of singleton bean 'org.springframework.boot.autoconfigure.AutoConfigurationPackages'
2025-04-01T15:16:26.248+05:30 TRACE 16888 --- [learn-spring-boot] [           main] o.s.b.f.s.DefaultListableBeanFactory     : Creating instance of bean 'org.springframework.boot.autoconfigure.AutoConfigurationPackages'
2025-04-01T15:16:26.249+05:30 TRACE 16888 --- [learn-spring-boot] [           main] o.s.b.f.s.DefaultListableBeanFactory     : Finished creating instance of bean 'org.springframework.boot.autoconfigure.AutoConfigurationPackages'
2025-04-01T15:16:26.249+05:30 DEBUG 16888 --- [learn-spring-boot] [           main] o.s.b.f.s.DefaultListableBeanFactory     : Creating shared instance of singleton bean 'org.springframework.boot.autoconfigure.context.PropertyPlaceholderAutoConfiguration'
2025-04-01T15:16:26.249+05:30 TRACE 16888 --- [learn-spring-boot] [           main] o.s.b.f.s.DefaultListableBeanFactory     : Creating instance of bean 'org.springframework.boot.autoconfigure.context.PropertyPlaceholderAutoConfiguration'
2025-04-01T15:16:26.249+05:30 TRACE 16888 --- [learn-spring-boot] [           main] o.s.b.f.s.DefaultListableBeanFactory     : Finished creating instance of bean 'org.springframework.boot.autoconfigure.context.PropertyPlaceholderAutoConfiguration'
2025-04-01T15:16:26.249+05:30 TRACE 16888 --- [learn-spring-boot] [           main] o.s.b.f.s.DefaultListableBeanFactory     : Returning cached instance of singleton bean 'propertySourcesPlaceholderConfigurer'
2025-04-01T15:16:26.249+05:30 DEBUG 16888 --- [learn-spring-boot] [           main] o.s.b.f.s.DefaultListableBeanFactory     : Creating shared instance of singleton bean 'org.springframework.boot.autoconfigure.ssl.SslAutoConfiguration'
2025-04-01T15:16:26.249+05:30 TRACE 16888 --- [learn-spring-boot] [           main] o.s.b.f.s.DefaultListableBeanFactory     : Creating instance of bean 'org.springframework.boot.autoconfigure.ssl.SslAutoConfiguration'
2025-04-01T15:16:26.249+05:30 DEBUG 16888 --- [learn-spring-boot] [           main] o.s.b.f.s.DefaultListableBeanFactory     : Creating shared instance of singleton bean 'spring.ssl-org.springframework.boot.autoconfigure.ssl.SslProperties'
2025-04-01T15:16:26.249+05:30 TRACE 16888 --- [learn-spring-boot] [           main] o.s.b.f.s.DefaultListableBeanFactory     : Creating instance of bean 'spring.ssl-org.springframework.boot.autoconfigure.ssl.SslProperties'
2025-04-01T15:16:26.251+05:30 TRACE 16888 --- [learn-spring-boot] [           main] o.s.b.f.s.DefaultListableBeanFactory     : Returning cached instance of singleton bean 'org.springframework.boot.context.properties.BoundConfigurationProperties'
2025-04-01T15:16:26.251+05:30 TRACE 16888 --- [learn-spring-boot] [           main] o.s.b.f.s.DefaultListableBeanFactory     : Finished creating instance of bean 'spring.ssl-org.springframework.boot.autoconfigure.ssl.SslProperties'
2025-04-01T15:16:26.252+05:30 DEBUG 16888 --- [learn-spring-boot] [           main] o.s.b.f.s.DefaultListableBeanFactory     : Autowiring by type from bean name 'org.springframework.boot.autoconfigure.ssl.SslAutoConfiguration' via constructor to bean named 'org.springframework.web.context.support.GenericWebApplicationContext@5bbbdd4b'
2025-04-01T15:16:26.252+05:30 DEBUG 16888 --- [learn-spring-boot] [           main] o.s.b.f.s.DefaultListableBeanFactory     : Autowiring by type from bean name 'org.springframework.boot.autoconfigure.ssl.SslAutoConfiguration' via constructor to bean named 'spring.ssl-org.springframework.boot.autoconfigure.ssl.SslProperties'
2025-04-01T15:16:26.253+05:30 TRACE 16888 --- [learn-spring-boot] [           main] o.s.c.io.support.SpringFactoriesLoader   : Loaded [org.springframework.core.io.ProtocolResolver] names: [org.springframework.boot.io.Base64ProtocolResolver]
2025-04-01T15:16:26.253+05:30 TRACE 16888 --- [learn-spring-boot] [           main] o.s.b.f.s.DefaultListableBeanFactory     : Finished creating instance of bean 'org.springframework.boot.autoconfigure.ssl.SslAutoConfiguration'
2025-04-01T15:16:26.253+05:30 DEBUG 16888 --- [learn-spring-boot] [           main] o.s.b.f.s.DefaultListableBeanFactory     : Creating shared instance of singleton bean 'fileWatcher'
2025-04-01T15:16:26.253+05:30 TRACE 16888 --- [learn-spring-boot] [           main] o.s.b.f.s.DefaultListableBeanFactory     : Creating instance of bean 'fileWatcher'
2025-04-01T15:16:26.253+05:30 TRACE 16888 --- [learn-spring-boot] [           main] o.s.b.f.s.DefaultListableBeanFactory     : Returning cached instance of singleton bean 'org.springframework.boot.autoconfigure.ssl.SslAutoConfiguration'
2025-04-01T15:16:26.254+05:30 TRACE 16888 --- [learn-spring-boot] [           main] o.s.b.f.s.DefaultListableBeanFactory     : Finished creating instance of bean 'fileWatcher'
2025-04-01T15:16:26.254+05:30 DEBUG 16888 --- [learn-spring-boot] [           main] o.s.b.f.s.DefaultListableBeanFactory     : Creating shared instance of singleton bean 'sslPropertiesSslBundleRegistrar'
2025-04-01T15:16:26.254+05:30 TRACE 16888 --- [learn-spring-boot] [           main] o.s.b.f.s.DefaultListableBeanFactory     : Creating instance of bean 'sslPropertiesSslBundleRegistrar'
2025-04-01T15:16:26.254+05:30 TRACE 16888 --- [learn-spring-boot] [           main] o.s.b.f.s.DefaultListableBeanFactory     : Returning cached instance of singleton bean 'org.springframework.boot.autoconfigure.ssl.SslAutoConfiguration'
2025-04-01T15:16:26.254+05:30 TRACE 16888 --- [learn-spring-boot] [           main] o.s.b.f.s.DefaultListableBeanFactory     : Returning cached instance of singleton bean 'fileWatcher'
2025-04-01T15:16:26.254+05:30 DEBUG 16888 --- [learn-spring-boot] [           main] o.s.b.f.s.DefaultListableBeanFactory     : Autowiring by type from bean name 'sslPropertiesSslBundleRegistrar' via factory method to bean named 'fileWatcher'
2025-04-01T15:16:26.256+05:30 TRACE 16888 --- [learn-spring-boot] [           main] o.s.b.f.s.DefaultListableBeanFactory     : Finished creating instance of bean 'sslPropertiesSslBundleRegistrar'
2025-04-01T15:16:26.257+05:30 DEBUG 16888 --- [learn-spring-boot] [           main] o.s.b.f.s.DefaultListableBeanFactory     : Creating shared instance of singleton bean 'sslBundleRegistry'
2025-04-01T15:16:26.257+05:30 TRACE 16888 --- [learn-spring-boot] [           main] o.s.b.f.s.DefaultListableBeanFactory     : Creating instance of bean 'sslBundleRegistry'
2025-04-01T15:16:26.257+05:30 TRACE 16888 --- [learn-spring-boot] [           main] o.s.b.f.s.DefaultListableBeanFactory     : Returning cached instance of singleton bean 'org.springframework.boot.autoconfigure.ssl.SslAutoConfiguration'
2025-04-01T15:16:26.257+05:30 TRACE 16888 --- [learn-spring-boot] [           main] o.s.b.f.s.DefaultListableBeanFactory     : Returning cached instance of singleton bean 'sslPropertiesSslBundleRegistrar'
2025-04-01T15:16:26.260+05:30 TRACE 16888 --- [learn-spring-boot] [           main] o.s.b.f.s.DefaultListableBeanFactory     : Returning cached instance of singleton bean 'sslPropertiesSslBundleRegistrar'
2025-04-01T15:16:26.266+05:30 TRACE 16888 --- [learn-spring-boot] [           main] o.s.b.f.s.DefaultListableBeanFactory     : Finished creating instance of bean 'sslBundleRegistry'
2025-04-01T15:16:26.266+05:30 TRACE 16888 --- [learn-spring-boot] [           main] o.s.b.f.s.DefaultListableBeanFactory     : Returning cached instance of singleton bean 'org.springframework.boot.context.properties.ConfigurationPropertiesBindingPostProcessor'
2025-04-01T15:16:26.266+05:30 TRACE 16888 --- [learn-spring-boot] [           main] o.s.b.f.s.DefaultListableBeanFactory     : Returning cached instance of singleton bean 'org.springframework.boot.context.internalConfigurationPropertiesBinder'
2025-04-01T15:16:26.266+05:30 TRACE 16888 --- [learn-spring-boot] [           main] o.s.b.f.s.DefaultListableBeanFactory     : Returning cached instance of singleton bean 'org.springframework.boot.context.properties.BoundConfigurationProperties'
2025-04-01T15:16:26.266+05:30 DEBUG 16888 --- [learn-spring-boot] [           main] o.s.b.f.s.DefaultListableBeanFactory     : Creating shared instance of singleton bean 'org.springframework.boot.context.properties.EnableConfigurationPropertiesRegistrar.methodValidationExcludeFilter'
2025-04-01T15:16:26.266+05:30 TRACE 16888 --- [learn-spring-boot] [           main] o.s.b.f.s.DefaultListableBeanFactory     : Creating instance of bean 'org.springframework.boot.context.properties.EnableConfigurationPropertiesRegistrar.methodValidationExcludeFilter'
2025-04-01T15:16:26.268+05:30 TRACE 16888 --- [learn-spring-boot] [           main] o.s.b.f.s.DefaultListableBeanFactory     : Ignoring factory method [public static org.springframework.boot.validation.beanvalidation.MethodValidationExcludeFilter org.springframework.boot.validation.beanvalidation.MethodValidationExcludeFilter.byAnnotation(java.lang.Class,org.springframework.core.annotation.MergedAnnotations$SearchStrategy)] of bean 'org.springframework.boot.context.properties.EnableConfigurationPropertiesRegistrar.methodValidationExcludeFilter': org.springframework.beans.factory.UnsatisfiedDependencyException: Error creating bean with name 'org.springframework.boot.context.properties.EnableConfigurationPropertiesRegistrar.methodValidationExcludeFilter': Unsatisfied dependency expressed through method 'byAnnotation' parameter 1: Ambiguous argument values for parameter of type [org.springframework.core.annotation.MergedAnnotations$SearchStrategy] - did you specify the correct bean references as arguments?
2025-04-01T15:16:26.270+05:30 TRACE 16888 --- [learn-spring-boot] [           main] o.s.b.f.s.DefaultListableBeanFactory     : Finished creating instance of bean 'org.springframework.boot.context.properties.EnableConfigurationPropertiesRegistrar.methodValidationExcludeFilter'
2025-04-01T15:16:26.270+05:30 TRACE 16888 --- [learn-spring-boot] [           main] o.s.b.f.s.DefaultListableBeanFactory     : Returning cached instance of singleton bean 'spring.ssl-org.springframework.boot.autoconfigure.ssl.SslProperties'
2025-04-01T15:16:26.270+05:30 DEBUG 16888 --- [learn-spring-boot] [           main] o.s.b.f.s.DefaultListableBeanFactory     : Creating shared instance of singleton bean 'org.springframework.boot.autoconfigure.websocket.servlet.WebSocketServletAutoConfiguration$TomcatWebSocketConfiguration'
2025-04-01T15:16:26.270+05:30 TRACE 16888 --- [learn-spring-boot] [           main] o.s.b.f.s.DefaultListableBeanFactory     : Creating instance of bean 'org.springframework.boot.autoconfigure.websocket.servlet.WebSocketServletAutoConfiguration$TomcatWebSocketConfiguration'
2025-04-01T15:16:26.270+05:30 TRACE 16888 --- [learn-spring-boot] [           main] o.s.b.f.s.DefaultListableBeanFactory     : Finished creating instance of bean 'org.springframework.boot.autoconfigure.websocket.servlet.WebSocketServletAutoConfiguration$TomcatWebSocketConfiguration'
2025-04-01T15:16:26.270+05:30 DEBUG 16888 --- [learn-spring-boot] [           main] o.s.b.f.s.DefaultListableBeanFactory     : Creating shared instance of singleton bean 'websocketServletWebServerCustomizer'
2025-04-01T15:16:26.270+05:30 TRACE 16888 --- [learn-spring-boot] [           main] o.s.b.f.s.DefaultListableBeanFactory     : Creating instance of bean 'websocketServletWebServerCustomizer'
2025-04-01T15:16:26.270+05:30 TRACE 16888 --- [learn-spring-boot] [           main] o.s.b.f.s.DefaultListableBeanFactory     : Returning cached instance of singleton bean 'org.springframework.boot.autoconfigure.websocket.servlet.WebSocketServletAutoConfiguration$TomcatWebSocketConfiguration'
2025-04-01T15:16:26.272+05:30 TRACE 16888 --- [learn-spring-boot] [           main] o.s.b.f.s.DefaultListableBeanFactory     : Finished creating instance of bean 'websocketServletWebServerCustomizer'
2025-04-01T15:16:26.272+05:30 DEBUG 16888 --- [learn-spring-boot] [           main] o.s.b.f.s.DefaultListableBeanFactory     : Creating shared instance of singleton bean 'org.springframework.boot.autoconfigure.websocket.servlet.WebSocketServletAutoConfiguration'
2025-04-01T15:16:26.272+05:30 TRACE 16888 --- [learn-spring-boot] [           main] o.s.b.f.s.DefaultListableBeanFactory     : Creating instance of bean 'org.springframework.boot.autoconfigure.websocket.servlet.WebSocketServletAutoConfiguration'
2025-04-01T15:16:26.272+05:30 TRACE 16888 --- [learn-spring-boot] [           main] o.s.b.f.s.DefaultListableBeanFactory     : Finished creating instance of bean 'org.springframework.boot.autoconfigure.websocket.servlet.WebSocketServletAutoConfiguration'
2025-04-01T15:16:26.272+05:30 DEBUG 16888 --- [learn-spring-boot] [           main] o.s.b.f.s.DefaultListableBeanFactory     : Creating shared instance of singleton bean 'org.springframework.boot.autoconfigure.web.servlet.ServletWebServerFactoryConfiguration$EmbeddedTomcat'
2025-04-01T15:16:26.272+05:30 TRACE 16888 --- [learn-spring-boot] [           main] o.s.b.f.s.DefaultListableBeanFactory     : Creating instance of bean 'org.springframework.boot.autoconfigure.web.servlet.ServletWebServerFactoryConfiguration$EmbeddedTomcat'
2025-04-01T15:16:26.272+05:30 TRACE 16888 --- [learn-spring-boot] [           main] o.s.b.f.s.DefaultListableBeanFactory     : Finished creating instance of bean 'org.springframework.boot.autoconfigure.web.servlet.ServletWebServerFactoryConfiguration$EmbeddedTomcat'
2025-04-01T15:16:26.272+05:30 DEBUG 16888 --- [learn-spring-boot] [           main] o.s.b.f.s.DefaultListableBeanFactory     : Creating shared instance of singleton bean 'tomcatServletWebServerFactory'
2025-04-01T15:16:26.273+05:30 TRACE 16888 --- [learn-spring-boot] [           main] o.s.b.f.s.DefaultListableBeanFactory     : Creating instance of bean 'tomcatServletWebServerFactory'
2025-04-01T15:16:26.273+05:30 TRACE 16888 --- [learn-spring-boot] [           main] o.s.b.f.s.DefaultListableBeanFactory     : Returning cached instance of singleton bean 'org.springframework.boot.autoconfigure.web.servlet.ServletWebServerFactoryConfiguration$EmbeddedTomcat'
2025-04-01T15:16:26.292+05:30 TRACE 16888 --- [learn-spring-boot] [           main] o.s.b.f.s.DefaultListableBeanFactory     : Returning cached instance of singleton bean 'websocketServletWebServerCustomizer'
2025-04-01T15:16:26.292+05:30 DEBUG 16888 --- [learn-spring-boot] [           main] o.s.b.f.s.DefaultListableBeanFactory     : Creating shared instance of singleton bean 'servletWebServerFactoryCustomizer'
2025-04-01T15:16:26.292+05:30 TRACE 16888 --- [learn-spring-boot] [           main] o.s.b.f.s.DefaultListableBeanFactory     : Creating instance of bean 'servletWebServerFactoryCustomizer'
2025-04-01T15:16:26.292+05:30 DEBUG 16888 --- [learn-spring-boot] [           main] o.s.b.f.s.DefaultListableBeanFactory     : Creating shared instance of singleton bean 'org.springframework.boot.autoconfigure.web.servlet.ServletWebServerFactoryAutoConfiguration'
2025-04-01T15:16:26.292+05:30 TRACE 16888 --- [learn-spring-boot] [           main] o.s.b.f.s.DefaultListableBeanFactory     : Creating instance of bean 'org.springframework.boot.autoconfigure.web.servlet.ServletWebServerFactoryAutoConfiguration'
2025-04-01T15:16:26.292+05:30 TRACE 16888 --- [learn-spring-boot] [           main] o.s.b.f.s.DefaultListableBeanFactory     : Finished creating instance of bean 'org.springframework.boot.autoconfigure.web.servlet.ServletWebServerFactoryAutoConfiguration'
2025-04-01T15:16:26.293+05:30 DEBUG 16888 --- [learn-spring-boot] [           main] o.s.b.f.s.DefaultListableBeanFactory     : Creating shared instance of singleton bean 'server-org.springframework.boot.autoconfigure.web.ServerProperties'
2025-04-01T15:16:26.293+05:30 TRACE 16888 --- [learn-spring-boot] [           main] o.s.b.f.s.DefaultListableBeanFactory     : Creating instance of bean 'server-org.springframework.boot.autoconfigure.web.ServerProperties'
2025-04-01T15:16:26.303+05:30 TRACE 16888 --- [learn-spring-boot] [           main] o.s.b.f.s.DefaultListableBeanFactory     : Returning cached instance of singleton bean 'org.springframework.boot.context.properties.BoundConfigurationProperties'
2025-04-01T15:16:26.304+05:30 TRACE 16888 --- [learn-spring-boot] [           main] o.s.b.f.s.DefaultListableBeanFactory     : Finished creating instance of bean 'server-org.springframework.boot.autoconfigure.web.ServerProperties'
2025-04-01T15:16:26.305+05:30 DEBUG 16888 --- [learn-spring-boot] [           main] o.s.b.f.s.DefaultListableBeanFactory     : Autowiring by type from bean name 'servletWebServerFactoryCustomizer' via factory method to bean named 'server-org.springframework.boot.autoconfigure.web.ServerProperties'
2025-04-01T15:16:26.308+05:30 TRACE 16888 --- [learn-spring-boot] [           main] o.s.b.f.s.DefaultListableBeanFactory     : Returning cached instance of singleton bean 'sslBundleRegistry'
2025-04-01T15:16:26.308+05:30 TRACE 16888 --- [learn-spring-boot] [           main] o.s.b.f.s.DefaultListableBeanFactory     : Finished creating instance of bean 'servletWebServerFactoryCustomizer'
2025-04-01T15:16:26.308+05:30 DEBUG 16888 --- [learn-spring-boot] [           main] o.s.b.f.s.DefaultListableBeanFactory     : Creating shared instance of singleton bean 'tomcatServletWebServerFactoryCustomizer'
2025-04-01T15:16:26.308+05:30 TRACE 16888 --- [learn-spring-boot] [           main] o.s.b.f.s.DefaultListableBeanFactory     : Creating instance of bean 'tomcatServletWebServerFactoryCustomizer'
2025-04-01T15:16:26.308+05:30 TRACE 16888 --- [learn-spring-boot] [           main] o.s.b.f.s.DefaultListableBeanFactory     : Returning cached instance of singleton bean 'org.springframework.boot.autoconfigure.web.servlet.ServletWebServerFactoryAutoConfiguration'
2025-04-01T15:16:26.308+05:30 TRACE 16888 --- [learn-spring-boot] [           main] o.s.b.f.s.DefaultListableBeanFactory     : Returning cached instance of singleton bean 'server-org.springframework.boot.autoconfigure.web.ServerProperties'
2025-04-01T15:16:26.308+05:30 DEBUG 16888 --- [learn-spring-boot] [           main] o.s.b.f.s.DefaultListableBeanFactory     : Autowiring by type from bean name 'tomcatServletWebServerFactoryCustomizer' via factory method to bean named 'server-org.springframework.boot.autoconfigure.web.ServerProperties'
2025-04-01T15:16:26.309+05:30 TRACE 16888 --- [learn-spring-boot] [           main] o.s.b.f.s.DefaultListableBeanFactory     : Finished creating instance of bean 'tomcatServletWebServerFactoryCustomizer'
2025-04-01T15:16:26.309+05:30 DEBUG 16888 --- [learn-spring-boot] [           main] o.s.b.f.s.DefaultListableBeanFactory     : Creating shared instance of singleton bean 'localeCharsetMappingsCustomizer'
2025-04-01T15:16:26.309+05:30 TRACE 16888 --- [learn-spring-boot] [           main] o.s.b.f.s.DefaultListableBeanFactory     : Creating instance of bean 'localeCharsetMappingsCustomizer'
2025-04-01T15:16:26.309+05:30 DEBUG 16888 --- [learn-spring-boot] [           main] o.s.b.f.s.DefaultListableBeanFactory     : Creating shared instance of singleton bean 'org.springframework.boot.autoconfigure.web.servlet.HttpEncodingAutoConfiguration'
2025-04-01T15:16:26.309+05:30 TRACE 16888 --- [learn-spring-boot] [           main] o.s.b.f.s.DefaultListableBeanFactory     : Creating instance of bean 'org.springframework.boot.autoconfigure.web.servlet.HttpEncodingAutoConfiguration'
2025-04-01T15:16:26.309+05:30 TRACE 16888 --- [learn-spring-boot] [           main] o.s.b.f.s.DefaultListableBeanFactory     : Returning cached instance of singleton bean 'server-org.springframework.boot.autoconfigure.web.ServerProperties'
2025-04-01T15:16:26.309+05:30 DEBUG 16888 --- [learn-spring-boot] [           main] o.s.b.f.s.DefaultListableBeanFactory     : Autowiring by type from bean name 'org.springframework.boot.autoconfigure.web.servlet.HttpEncodingAutoConfiguration' via constructor to bean named 'server-org.springframework.boot.autoconfigure.web.ServerProperties'
2025-04-01T15:16:26.310+05:30 TRACE 16888 --- [learn-spring-boot] [           main] o.s.b.f.s.DefaultListableBeanFactory     : Finished creating instance of bean 'org.springframework.boot.autoconfigure.web.servlet.HttpEncodingAutoConfiguration'
2025-04-01T15:16:26.310+05:30 TRACE 16888 --- [learn-spring-boot] [           main] o.s.b.f.s.DefaultListableBeanFactory     : Finished creating instance of bean 'localeCharsetMappingsCustomizer'
2025-04-01T15:16:26.333+05:30 DEBUG 16888 --- [learn-spring-boot] [           main] o.s.b.f.s.DefaultListableBeanFactory     : Creating shared instance of singleton bean 'errorPageCustomizer'
2025-04-01T15:16:26.333+05:30 TRACE 16888 --- [learn-spring-boot] [           main] o.s.b.f.s.DefaultListableBeanFactory     : Creating instance of bean 'errorPageCustomizer'
2025-04-01T15:16:26.333+05:30 DEBUG 16888 --- [learn-spring-boot] [           main] o.s.b.f.s.DefaultListableBeanFactory     : Creating shared instance of singleton bean 'org.springframework.boot.autoconfigure.web.servlet.error.ErrorMvcAutoConfiguration'
2025-04-01T15:16:26.333+05:30 TRACE 16888 --- [learn-spring-boot] [           main] o.s.b.f.s.DefaultListableBeanFactory     : Creating instance of bean 'org.springframework.boot.autoconfigure.web.servlet.error.ErrorMvcAutoConfiguration'
2025-04-01T15:16:26.333+05:30 TRACE 16888 --- [learn-spring-boot] [           main] o.s.b.f.s.DefaultListableBeanFactory     : Returning cached instance of singleton bean 'server-org.springframework.boot.autoconfigure.web.ServerProperties'
2025-04-01T15:16:26.333+05:30 DEBUG 16888 --- [learn-spring-boot] [           main] o.s.b.f.s.DefaultListableBeanFactory     : Autowiring by type from bean name 'org.springframework.boot.autoconfigure.web.servlet.error.ErrorMvcAutoConfiguration' via constructor to bean named 'server-org.springframework.boot.autoconfigure.web.ServerProperties'
2025-04-01T15:16:26.334+05:30 TRACE 16888 --- [learn-spring-boot] [           main] o.s.b.f.s.DefaultListableBeanFactory     : Finished creating instance of bean 'org.springframework.boot.autoconfigure.web.servlet.error.ErrorMvcAutoConfiguration'
2025-04-01T15:16:26.334+05:30 DEBUG 16888 --- [learn-spring-boot] [           main] o.s.b.f.s.DefaultListableBeanFactory     : Creating shared instance of singleton bean 'dispatcherServletRegistration'
2025-04-01T15:16:26.334+05:30 TRACE 16888 --- [learn-spring-boot] [           main] o.s.b.f.s.DefaultListableBeanFactory     : Creating instance of bean 'dispatcherServletRegistration'
2025-04-01T15:16:26.334+05:30 DEBUG 16888 --- [learn-spring-boot] [           main] o.s.b.f.s.DefaultListableBeanFactory     : Creating shared instance of singleton bean 'org.springframework.boot.autoconfigure.web.servlet.DispatcherServletAutoConfiguration$DispatcherServletRegistrationConfiguration'
2025-04-01T15:16:26.334+05:30 TRACE 16888 --- [learn-spring-boot] [           main] o.s.b.f.s.DefaultListableBeanFactory     : Creating instance of bean 'org.springframework.boot.autoconfigure.web.servlet.DispatcherServletAutoConfiguration$DispatcherServletRegistrationConfiguration'
2025-04-01T15:16:26.334+05:30 TRACE 16888 --- [learn-spring-boot] [           main] o.s.b.f.s.DefaultListableBeanFactory     : Finished creating instance of bean 'org.springframework.boot.autoconfigure.web.servlet.DispatcherServletAutoConfiguration$DispatcherServletRegistrationConfiguration'
2025-04-01T15:16:26.334+05:30 DEBUG 16888 --- [learn-spring-boot] [           main] o.s.b.f.s.DefaultListableBeanFactory     : Creating shared instance of singleton bean 'dispatcherServlet'
2025-04-01T15:16:26.334+05:30 TRACE 16888 --- [learn-spring-boot] [           main] o.s.b.f.s.DefaultListableBeanFactory     : Creating instance of bean 'dispatcherServlet'
2025-04-01T15:16:26.334+05:30 DEBUG 16888 --- [learn-spring-boot] [           main] o.s.b.f.s.DefaultListableBeanFactory     : Creating shared instance of singleton bean 'org.springframework.boot.autoconfigure.web.servlet.DispatcherServletAutoConfiguration$DispatcherServletConfiguration'
2025-04-01T15:16:26.334+05:30 TRACE 16888 --- [learn-spring-boot] [           main] o.s.b.f.s.DefaultListableBeanFactory     : Creating instance of bean 'org.springframework.boot.autoconfigure.web.servlet.DispatcherServletAutoConfiguration$DispatcherServletConfiguration'
2025-04-01T15:16:26.334+05:30 TRACE 16888 --- [learn-spring-boot] [           main] o.s.b.f.s.DefaultListableBeanFactory     : Finished creating instance of bean 'org.springframework.boot.autoconfigure.web.servlet.DispatcherServletAutoConfiguration$DispatcherServletConfiguration'
2025-04-01T15:16:26.335+05:30 DEBUG 16888 --- [learn-spring-boot] [           main] o.s.b.f.s.DefaultListableBeanFactory     : Creating shared instance of singleton bean 'spring.mvc-org.springframework.boot.autoconfigure.web.servlet.WebMvcProperties'
2025-04-01T15:16:26.335+05:30 TRACE 16888 --- [learn-spring-boot] [           main] o.s.b.f.s.DefaultListableBeanFactory     : Creating instance of bean 'spring.mvc-org.springframework.boot.autoconfigure.web.servlet.WebMvcProperties'
2025-04-01T15:16:26.336+05:30 TRACE 16888 --- [learn-spring-boot] [           main] o.s.b.f.s.DefaultListableBeanFactory     : Returning cached instance of singleton bean 'org.springframework.boot.context.properties.BoundConfigurationProperties'
2025-04-01T15:16:26.339+05:30 TRACE 16888 --- [learn-spring-boot] [           main] o.s.b.f.s.DefaultListableBeanFactory     : Finished creating instance of bean 'spring.mvc-org.springframework.boot.autoconfigure.web.servlet.WebMvcProperties'
2025-04-01T15:16:26.339+05:30 DEBUG 16888 --- [learn-spring-boot] [           main] o.s.b.f.s.DefaultListableBeanFactory     : Autowiring by type from bean name 'dispatcherServlet' via factory method to bean named 'spring.mvc-org.springframework.boot.autoconfigure.web.servlet.WebMvcProperties'
2025-04-01T15:16:26.353+05:30 TRACE 16888 --- [learn-spring-boot] [           main] o.s.b.f.s.DefaultListableBeanFactory     : Finished creating instance of bean 'dispatcherServlet'
2025-04-01T15:16:26.353+05:30 TRACE 16888 --- [learn-spring-boot] [           main] o.s.b.f.s.DefaultListableBeanFactory     : Returning cached instance of singleton bean 'spring.mvc-org.springframework.boot.autoconfigure.web.servlet.WebMvcProperties'
2025-04-01T15:16:26.353+05:30 DEBUG 16888 --- [learn-spring-boot] [           main] o.s.b.f.s.DefaultListableBeanFactory     : Autowiring by type from bean name 'dispatcherServletRegistration' via factory method to bean named 'dispatcherServlet'
2025-04-01T15:16:26.353+05:30 DEBUG 16888 --- [learn-spring-boot] [           main] o.s.b.f.s.DefaultListableBeanFactory     : Autowiring by type from bean name 'dispatcherServletRegistration' via factory method to bean named 'spring.mvc-org.springframework.boot.autoconfigure.web.servlet.WebMvcProperties'
2025-04-01T15:16:26.356+05:30 DEBUG 16888 --- [learn-spring-boot] [           main] o.s.b.f.s.DefaultListableBeanFactory     : Creating shared instance of singleton bean 'multipartConfigElement'
2025-04-01T15:16:26.356+05:30 TRACE 16888 --- [learn-spring-boot] [           main] o.s.b.f.s.DefaultListableBeanFactory     : Creating instance of bean 'multipartConfigElement'
2025-04-01T15:16:26.356+05:30 DEBUG 16888 --- [learn-spring-boot] [           main] o.s.b.f.s.DefaultListableBeanFactory     : Creating shared instance of singleton bean 'org.springframework.boot.autoconfigure.web.servlet.MultipartAutoConfiguration'
2025-04-01T15:16:26.356+05:30 TRACE 16888 --- [learn-spring-boot] [           main] o.s.b.f.s.DefaultListableBeanFactory     : Creating instance of bean 'org.springframework.boot.autoconfigure.web.servlet.MultipartAutoConfiguration'
2025-04-01T15:16:26.356+05:30 DEBUG 16888 --- [learn-spring-boot] [           main] o.s.b.f.s.DefaultListableBeanFactory     : Creating shared instance of singleton bean 'spring.servlet.multipart-org.springframework.boot.autoconfigure.web.servlet.MultipartProperties'
2025-04-01T15:16:26.356+05:30 TRACE 16888 --- [learn-spring-boot] [           main] o.s.b.f.s.DefaultListableBeanFactory     : Creating instance of bean 'spring.servlet.multipart-org.springframework.boot.autoconfigure.web.servlet.MultipartProperties'
2025-04-01T15:16:26.356+05:30 TRACE 16888 --- [learn-spring-boot] [           main] o.s.b.f.s.DefaultListableBeanFactory     : Returning cached instance of singleton bean 'org.springframework.boot.context.properties.BoundConfigurationProperties'
2025-04-01T15:16:26.359+05:30 TRACE 16888 --- [learn-spring-boot] [           main] o.s.b.f.s.DefaultListableBeanFactory     : Finished creating instance of bean 'spring.servlet.multipart-org.springframework.boot.autoconfigure.web.servlet.MultipartProperties'
2025-04-01T15:16:26.359+05:30 DEBUG 16888 --- [learn-spring-boot] [           main] o.s.b.f.s.DefaultListableBeanFactory     : Autowiring by type from bean name 'org.springframework.boot.autoconfigure.web.servlet.MultipartAutoConfiguration' via constructor to bean named 'spring.servlet.multipart-org.springframework.boot.autoconfigure.web.servlet.MultipartProperties'
2025-04-01T15:16:26.360+05:30 TRACE 16888 --- [learn-spring-boot] [           main] o.s.b.f.s.DefaultListableBeanFactory     : Finished creating instance of bean 'org.springframework.boot.autoconfigure.web.servlet.MultipartAutoConfiguration'
2025-04-01T15:16:26.361+05:30 TRACE 16888 --- [learn-spring-boot] [           main] o.s.b.f.s.DefaultListableBeanFactory     : Finished creating instance of bean 'multipartConfigElement'
2025-04-01T15:16:26.365+05:30 TRACE 16888 --- [learn-spring-boot] [           main] o.s.b.f.s.DefaultListableBeanFactory     : Finished creating instance of bean 'dispatcherServletRegistration'
2025-04-01T15:16:26.365+05:30 DEBUG 16888 --- [learn-spring-boot] [           main] o.s.b.f.s.DefaultListableBeanFactory     : Autowiring by type from bean name 'errorPageCustomizer' via factory method to bean named 'dispatcherServletRegistration'
2025-04-01T15:16:26.366+05:30 TRACE 16888 --- [learn-spring-boot] [           main] o.s.b.f.s.DefaultListableBeanFactory     : Finished creating instance of bean 'errorPageCustomizer'
2025-04-01T15:16:26.366+05:30 TRACE 16888 --- [learn-spring-boot] [           main] o.s.b.f.s.DefaultListableBeanFactory     : Finished creating instance of bean 'tomcatServletWebServerFactory'
2025-04-01T15:16:26.366+05:30 TRACE 16888 --- [learn-spring-boot] [           main] o.s.b.f.s.DefaultListableBeanFactory     : Returning cached instance of singleton bean 'org.springframework.boot.autoconfigure.web.servlet.ServletWebServerFactoryAutoConfiguration'
2025-04-01T15:16:26.366+05:30 TRACE 16888 --- [learn-spring-boot] [           main] o.s.b.f.s.DefaultListableBeanFactory     : Returning cached instance of singleton bean 'servletWebServerFactoryCustomizer'
2025-04-01T15:16:26.366+05:30 TRACE 16888 --- [learn-spring-boot] [           main] o.s.b.f.s.DefaultListableBeanFactory     : Returning cached instance of singleton bean 'tomcatServletWebServerFactoryCustomizer'
2025-04-01T15:16:26.367+05:30 TRACE 16888 --- [learn-spring-boot] [           main] o.s.b.f.s.DefaultListableBeanFactory     : Returning cached instance of singleton bean 'server-org.springframework.boot.autoconfigure.web.ServerProperties'
2025-04-01T15:16:26.367+05:30 TRACE 16888 --- [learn-spring-boot] [           main] o.s.b.f.s.DefaultListableBeanFactory     : Returning cached instance of singleton bean 'webServerFactoryCustomizerBeanPostProcessor'
2025-04-01T15:16:26.367+05:30 TRACE 16888 --- [learn-spring-boot] [           main] o.s.b.f.s.DefaultListableBeanFactory     : Returning cached instance of singleton bean 'errorPageRegistrarBeanPostProcessor'
2025-04-01T15:16:26.367+05:30 TRACE 16888 --- [learn-spring-boot] [           main] o.s.b.f.s.DefaultListableBeanFactory     : Returning cached instance of singleton bean 'org.springframework.boot.autoconfigure.web.servlet.DispatcherServletAutoConfiguration$DispatcherServletConfiguration'
2025-04-01T15:16:26.367+05:30 TRACE 16888 --- [learn-spring-boot] [           main] o.s.b.f.s.DefaultListableBeanFactory     : Returning cached instance of singleton bean 'dispatcherServlet'
2025-04-01T15:16:26.367+05:30 TRACE 16888 --- [learn-spring-boot] [           main] o.s.b.f.s.DefaultListableBeanFactory     : Returning cached instance of singleton bean 'spring.mvc-org.springframework.boot.autoconfigure.web.servlet.WebMvcProperties'
2025-04-01T15:16:26.367+05:30 TRACE 16888 --- [learn-spring-boot] [           main] o.s.b.f.s.DefaultListableBeanFactory     : Returning cached instance of singleton bean 'org.springframework.boot.autoconfigure.web.servlet.DispatcherServletAutoConfiguration$DispatcherServletRegistrationConfiguration'
2025-04-01T15:16:26.367+05:30 TRACE 16888 --- [learn-spring-boot] [           main] o.s.b.f.s.DefaultListableBeanFactory     : Returning cached instance of singleton bean 'dispatcherServletRegistration'
2025-04-01T15:16:26.367+05:30 DEBUG 16888 --- [learn-spring-boot] [           main] o.s.b.f.s.DefaultListableBeanFactory     : Creating shared instance of singleton bean 'org.springframework.boot.autoconfigure.web.servlet.DispatcherServletAutoConfiguration'
2025-04-01T15:16:26.367+05:30 TRACE 16888 --- [learn-spring-boot] [           main] o.s.b.f.s.DefaultListableBeanFactory     : Creating instance of bean 'org.springframework.boot.autoconfigure.web.servlet.DispatcherServletAutoConfiguration'
2025-04-01T15:16:26.367+05:30 TRACE 16888 --- [learn-spring-boot] [           main] o.s.b.f.s.DefaultListableBeanFactory     : Finished creating instance of bean 'org.springframework.boot.autoconfigure.web.servlet.DispatcherServletAutoConfiguration'
2025-04-01T15:16:26.367+05:30 DEBUG 16888 --- [learn-spring-boot] [           main] o.s.b.f.s.DefaultListableBeanFactory     : Creating shared instance of singleton bean 'org.springframework.boot.autoconfigure.task.TaskExecutorConfigurations$ThreadPoolTaskExecutorBuilderConfiguration'
2025-04-01T15:16:26.367+05:30 TRACE 16888 --- [learn-spring-boot] [           main] o.s.b.f.s.DefaultListableBeanFactory     : Creating instance of bean 'org.springframework.boot.autoconfigure.task.TaskExecutorConfigurations$ThreadPoolTaskExecutorBuilderConfiguration'
2025-04-01T15:16:26.367+05:30 TRACE 16888 --- [learn-spring-boot] [           main] o.s.b.f.s.DefaultListableBeanFactory     : Finished creating instance of bean 'org.springframework.boot.autoconfigure.task.TaskExecutorConfigurations$ThreadPoolTaskExecutorBuilderConfiguration'
2025-04-01T15:16:26.367+05:30 DEBUG 16888 --- [learn-spring-boot] [           main] o.s.b.f.s.DefaultListableBeanFactory     : Creating shared instance of singleton bean 'threadPoolTaskExecutorBuilder'
2025-04-01T15:16:26.367+05:30 TRACE 16888 --- [learn-spring-boot] [           main] o.s.b.f.s.DefaultListableBeanFactory     : Creating instance of bean 'threadPoolTaskExecutorBuilder'
2025-04-01T15:16:26.367+05:30 TRACE 16888 --- [learn-spring-boot] [           main] o.s.b.f.s.DefaultListableBeanFactory     : Returning cached instance of singleton bean 'org.springframework.boot.autoconfigure.task.TaskExecutorConfigurations$ThreadPoolTaskExecutorBuilderConfiguration'
2025-04-01T15:16:26.368+05:30 DEBUG 16888 --- [learn-spring-boot] [           main] o.s.b.f.s.DefaultListableBeanFactory     : Creating shared instance of singleton bean 'spring.task.execution-org.springframework.boot.autoconfigure.task.TaskExecutionProperties'
2025-04-01T15:16:26.368+05:30 TRACE 16888 --- [learn-spring-boot] [           main] o.s.b.f.s.DefaultListableBeanFactory     : Creating instance of bean 'spring.task.execution-org.springframework.boot.autoconfigure.task.TaskExecutionProperties'
2025-04-01T15:16:26.369+05:30 TRACE 16888 --- [learn-spring-boot] [           main] o.s.b.f.s.DefaultListableBeanFactory     : Returning cached instance of singleton bean 'org.springframework.boot.context.properties.BoundConfigurationProperties'
2025-04-01T15:16:26.369+05:30 TRACE 16888 --- [learn-spring-boot] [           main] o.s.b.f.s.DefaultListableBeanFactory     : Finished creating instance of bean 'spring.task.execution-org.springframework.boot.autoconfigure.task.TaskExecutionProperties'
2025-04-01T15:16:26.369+05:30 DEBUG 16888 --- [learn-spring-boot] [           main] o.s.b.f.s.DefaultListableBeanFactory     : Autowiring by type from bean name 'threadPoolTaskExecutorBuilder' via factory method to bean named 'spring.task.execution-org.springframework.boot.autoconfigure.task.TaskExecutionProperties'
2025-04-01T15:16:26.372+05:30 TRACE 16888 --- [learn-spring-boot] [           main] o.s.b.f.s.DefaultListableBeanFactory     : Finished creating instance of bean 'threadPoolTaskExecutorBuilder'
2025-04-01T15:16:26.372+05:30 DEBUG 16888 --- [learn-spring-boot] [           main] o.s.b.f.s.DefaultListableBeanFactory     : Creating shared instance of singleton bean 'org.springframework.boot.autoconfigure.task.TaskExecutorConfigurations$SimpleAsyncTaskExecutorBuilderConfiguration'
2025-04-01T15:16:26.372+05:30 TRACE 16888 --- [learn-spring-boot] [           main] o.s.b.f.s.DefaultListableBeanFactory     : Creating instance of bean 'org.springframework.boot.autoconfigure.task.TaskExecutorConfigurations$SimpleAsyncTaskExecutorBuilderConfiguration'
2025-04-01T15:16:26.373+05:30 TRACE 16888 --- [learn-spring-boot] [           main] o.s.b.f.s.DefaultListableBeanFactory     : Returning cached instance of singleton bean 'spring.task.execution-org.springframework.boot.autoconfigure.task.TaskExecutionProperties'
2025-04-01T15:16:26.373+05:30 DEBUG 16888 --- [learn-spring-boot] [           main] o.s.b.f.s.DefaultListableBeanFactory     : Autowiring by type from bean name 'org.springframework.boot.autoconfigure.task.TaskExecutorConfigurations$SimpleAsyncTaskExecutorBuilderConfiguration' via constructor to bean named 'spring.task.execution-org.springframework.boot.autoconfigure.task.TaskExecutionProperties'
2025-04-01T15:16:26.373+05:30 TRACE 16888 --- [learn-spring-boot] [           main] o.s.b.f.s.DefaultListableBeanFactory     : Finished creating instance of bean 'org.springframework.boot.autoconfigure.task.TaskExecutorConfigurations$SimpleAsyncTaskExecutorBuilderConfiguration'
2025-04-01T15:16:26.373+05:30 DEBUG 16888 --- [learn-spring-boot] [           main] o.s.b.f.s.DefaultListableBeanFactory     : Creating shared instance of singleton bean 'simpleAsyncTaskExecutorBuilder'
2025-04-01T15:16:26.373+05:30 TRACE 16888 --- [learn-spring-boot] [           main] o.s.b.f.s.DefaultListableBeanFactory     : Creating instance of bean 'simpleAsyncTaskExecutorBuilder'
2025-04-01T15:16:26.373+05:30 TRACE 16888 --- [learn-spring-boot] [           main] o.s.b.f.s.DefaultListableBeanFactory     : Returning cached instance of singleton bean 'org.springframework.boot.autoconfigure.task.TaskExecutorConfigurations$SimpleAsyncTaskExecutorBuilderConfiguration'
2025-04-01T15:16:26.374+05:30 TRACE 16888 --- [learn-spring-boot] [           main] o.s.b.f.s.DefaultListableBeanFactory     : Finished creating instance of bean 'simpleAsyncTaskExecutorBuilder'
2025-04-01T15:16:26.375+05:30 DEBUG 16888 --- [learn-spring-boot] [           main] o.s.b.f.s.DefaultListableBeanFactory     : Creating shared instance of singleton bean 'org.springframework.boot.autoconfigure.task.TaskExecutorConfigurations$TaskExecutorConfiguration'
2025-04-01T15:16:26.375+05:30 TRACE 16888 --- [learn-spring-boot] [           main] o.s.b.f.s.DefaultListableBeanFactory     : Creating instance of bean 'org.springframework.boot.autoconfigure.task.TaskExecutorConfigurations$TaskExecutorConfiguration'
2025-04-01T15:16:26.375+05:30 TRACE 16888 --- [learn-spring-boot] [           main] o.s.b.f.s.DefaultListableBeanFactory     : Finished creating instance of bean 'org.springframework.boot.autoconfigure.task.TaskExecutorConfigurations$TaskExecutorConfiguration'
2025-04-01T15:16:26.375+05:30 DEBUG 16888 --- [learn-spring-boot] [           main] o.s.b.f.s.DefaultListableBeanFactory     : Creating shared instance of singleton bean 'org.springframework.boot.autoconfigure.task.TaskExecutionAutoConfiguration'
2025-04-01T15:16:26.375+05:30 TRACE 16888 --- [learn-spring-boot] [           main] o.s.b.f.s.DefaultListableBeanFactory     : Creating instance of bean 'org.springframework.boot.autoconfigure.task.TaskExecutionAutoConfiguration'
2025-04-01T15:16:26.375+05:30 TRACE 16888 --- [learn-spring-boot] [           main] o.s.b.f.s.DefaultListableBeanFactory     : Finished creating instance of bean 'org.springframework.boot.autoconfigure.task.TaskExecutionAutoConfiguration'
2025-04-01T15:16:26.375+05:30 TRACE 16888 --- [learn-spring-boot] [           main] o.s.b.f.s.DefaultListableBeanFactory     : Returning cached instance of singleton bean 'spring.task.execution-org.springframework.boot.autoconfigure.task.TaskExecutionProperties'
2025-04-01T15:16:26.375+05:30 DEBUG 16888 --- [learn-spring-boot] [           main] o.s.b.f.s.DefaultListableBeanFactory     : Creating shared instance of singleton bean 'org.springframework.boot.autoconfigure.web.servlet.error.ErrorMvcAutoConfiguration$WhitelabelErrorViewConfiguration'
2025-04-01T15:16:26.375+05:30 TRACE 16888 --- [learn-spring-boot] [           main] o.s.b.f.s.DefaultListableBeanFactory     : Creating instance of bean 'org.springframework.boot.autoconfigure.web.servlet.error.ErrorMvcAutoConfiguration$WhitelabelErrorViewConfiguration'
2025-04-01T15:16:26.375+05:30 TRACE 16888 --- [learn-spring-boot] [           main] o.s.b.f.s.DefaultListableBeanFactory     : Finished creating instance of bean 'org.springframework.boot.autoconfigure.web.servlet.error.ErrorMvcAutoConfiguration$WhitelabelErrorViewConfiguration'
2025-04-01T15:16:26.375+05:30 DEBUG 16888 --- [learn-spring-boot] [           main] o.s.b.f.s.DefaultListableBeanFactory     : Creating shared instance of singleton bean 'error'
2025-04-01T15:16:26.375+05:30 TRACE 16888 --- [learn-spring-boot] [           main] o.s.b.f.s.DefaultListableBeanFactory     : Creating instance of bean 'error'
2025-04-01T15:16:26.375+05:30 TRACE 16888 --- [learn-spring-boot] [           main] o.s.b.f.s.DefaultListableBeanFactory     : Returning cached instance of singleton bean 'org.springframework.boot.autoconfigure.web.servlet.error.ErrorMvcAutoConfiguration$WhitelabelErrorViewConfiguration'
2025-04-01T15:16:26.376+05:30 TRACE 16888 --- [learn-spring-boot] [           main] o.s.b.f.s.DefaultListableBeanFactory     : Finished creating instance of bean 'error'
2025-04-01T15:16:26.376+05:30 DEBUG 16888 --- [learn-spring-boot] [           main] o.s.b.f.s.DefaultListableBeanFactory     : Creating shared instance of singleton bean 'beanNameViewResolver'
2025-04-01T15:16:26.376+05:30 TRACE 16888 --- [learn-spring-boot] [           main] o.s.b.f.s.DefaultListableBeanFactory     : Creating instance of bean 'beanNameViewResolver'
2025-04-01T15:16:26.376+05:30 TRACE 16888 --- [learn-spring-boot] [           main] o.s.b.f.s.DefaultListableBeanFactory     : Returning cached instance of singleton bean 'org.springframework.boot.autoconfigure.web.servlet.error.ErrorMvcAutoConfiguration$WhitelabelErrorViewConfiguration'
2025-04-01T15:16:26.378+05:30 TRACE 16888 --- [learn-spring-boot] [           main] o.s.b.f.s.DefaultListableBeanFactory     : Finished creating instance of bean 'beanNameViewResolver'
2025-04-01T15:16:26.378+05:30 DEBUG 16888 --- [learn-spring-boot] [           main] o.s.b.f.s.DefaultListableBeanFactory     : Creating shared instance of singleton bean 'org.springframework.boot.autoconfigure.web.servlet.error.ErrorMvcAutoConfiguration$DefaultErrorViewResolverConfiguration'
2025-04-01T15:16:26.378+05:30 TRACE 16888 --- [learn-spring-boot] [           main] o.s.b.f.s.DefaultListableBeanFactory     : Creating instance of bean 'org.springframework.boot.autoconfigure.web.servlet.error.ErrorMvcAutoConfiguration$DefaultErrorViewResolverConfiguration'
2025-04-01T15:16:26.378+05:30 DEBUG 16888 --- [learn-spring-boot] [           main] o.s.b.f.s.DefaultListableBeanFactory     : Creating shared instance of singleton bean 'spring.web-org.springframework.boot.autoconfigure.web.WebProperties'
2025-04-01T15:16:26.378+05:30 TRACE 16888 --- [learn-spring-boot] [           main] o.s.b.f.s.DefaultListableBeanFactory     : Creating instance of bean 'spring.web-org.springframework.boot.autoconfigure.web.WebProperties'
2025-04-01T15:16:26.381+05:30 TRACE 16888 --- [learn-spring-boot] [           main] o.s.b.f.s.DefaultListableBeanFactory     : Returning cached instance of singleton bean 'org.springframework.boot.context.properties.BoundConfigurationProperties'
2025-04-01T15:16:26.382+05:30 TRACE 16888 --- [learn-spring-boot] [           main] o.s.b.f.s.DefaultListableBeanFactory     : Finished creating instance of bean 'spring.web-org.springframework.boot.autoconfigure.web.WebProperties'
2025-04-01T15:16:26.382+05:30 DEBUG 16888 --- [learn-spring-boot] [           main] o.s.b.f.s.DefaultListableBeanFactory     : Autowiring by type from bean name 'org.springframework.boot.autoconfigure.web.servlet.error.ErrorMvcAutoConfiguration$DefaultErrorViewResolverConfiguration' via constructor to bean named 'org.springframework.web.context.support.GenericWebApplicationContext@5bbbdd4b'
2025-04-01T15:16:26.382+05:30 DEBUG 16888 --- [learn-spring-boot] [           main] o.s.b.f.s.DefaultListableBeanFactory     : Autowiring by type from bean name 'org.springframework.boot.autoconfigure.web.servlet.error.ErrorMvcAutoConfiguration$DefaultErrorViewResolverConfiguration' via constructor to bean named 'spring.web-org.springframework.boot.autoconfigure.web.WebProperties'
2025-04-01T15:16:26.383+05:30 TRACE 16888 --- [learn-spring-boot] [           main] o.s.b.f.s.DefaultListableBeanFactory     : Finished creating instance of bean 'org.springframework.boot.autoconfigure.web.servlet.error.ErrorMvcAutoConfiguration$DefaultErrorViewResolverConfiguration'
2025-04-01T15:16:26.383+05:30 DEBUG 16888 --- [learn-spring-boot] [           main] o.s.b.f.s.DefaultListableBeanFactory     : Creating shared instance of singleton bean 'conventionErrorViewResolver'
2025-04-01T15:16:26.383+05:30 TRACE 16888 --- [learn-spring-boot] [           main] o.s.b.f.s.DefaultListableBeanFactory     : Creating instance of bean 'conventionErrorViewResolver'
2025-04-01T15:16:26.383+05:30 TRACE 16888 --- [learn-spring-boot] [           main] o.s.b.f.s.DefaultListableBeanFactory     : Returning cached instance of singleton bean 'org.springframework.boot.autoconfigure.web.servlet.error.ErrorMvcAutoConfiguration$DefaultErrorViewResolverConfiguration'
2025-04-01T15:16:26.384+05:30 TRACE 16888 --- [learn-spring-boot] [           main] o.s.c.io.support.SpringFactoriesLoader   : Loaded [org.springframework.boot.autoconfigure.template.TemplateAvailabilityProvider] names: [org.springframework.boot.autoconfigure.freemarker.FreeMarkerTemplateAvailabilityProvider, org.springframework.boot.autoconfigure.groovy.template.GroovyTemplateAvailabilityProvider, org.springframework.boot.autoconfigure.mustache.MustacheTemplateAvailabilityProvider, org.springframework.boot.autoconfigure.thymeleaf.ThymeleafTemplateAvailabilityProvider, org.springframework.boot.autoconfigure.web.servlet.JspTemplateAvailabilityProvider]
2025-04-01T15:16:26.385+05:30 TRACE 16888 --- [learn-spring-boot] [           main] o.s.b.f.s.DefaultListableBeanFactory     : Finished creating instance of bean 'conventionErrorViewResolver'
2025-04-01T15:16:26.385+05:30 TRACE 16888 --- [learn-spring-boot] [           main] o.s.b.f.s.DefaultListableBeanFactory     : Returning cached instance of singleton bean 'spring.web-org.springframework.boot.autoconfigure.web.WebProperties'
2025-04-01T15:16:26.385+05:30 TRACE 16888 --- [learn-spring-boot] [           main] o.s.b.f.s.DefaultListableBeanFactory     : Returning cached instance of singleton bean 'org.springframework.boot.autoconfigure.web.servlet.error.ErrorMvcAutoConfiguration'
2025-04-01T15:16:26.385+05:30 DEBUG 16888 --- [learn-spring-boot] [           main] o.s.b.f.s.DefaultListableBeanFactory     : Creating shared instance of singleton bean 'errorAttributes'
2025-04-01T15:16:26.385+05:30 TRACE 16888 --- [learn-spring-boot] [           main] o.s.b.f.s.DefaultListableBeanFactory     : Creating instance of bean 'errorAttributes'
2025-04-01T15:16:26.385+05:30 TRACE 16888 --- [learn-spring-boot] [           main] o.s.b.f.s.DefaultListableBeanFactory     : Returning cached instance of singleton bean 'org.springframework.boot.autoconfigure.web.servlet.error.ErrorMvcAutoConfiguration'
2025-04-01T15:16:26.388+05:30 TRACE 16888 --- [learn-spring-boot] [           main] o.s.b.f.s.DefaultListableBeanFactory     : Finished creating instance of bean 'errorAttributes'
2025-04-01T15:16:26.388+05:30 DEBUG 16888 --- [learn-spring-boot] [           main] o.s.b.f.s.DefaultListableBeanFactory     : Creating shared instance of singleton bean 'basicErrorController'
2025-04-01T15:16:26.388+05:30 TRACE 16888 --- [learn-spring-boot] [           main] o.s.b.f.s.DefaultListableBeanFactory     : Creating instance of bean 'basicErrorController'
2025-04-01T15:16:26.388+05:30 TRACE 16888 --- [learn-spring-boot] [           main] o.s.b.f.s.DefaultListableBeanFactory     : Returning cached instance of singleton bean 'org.springframework.boot.autoconfigure.web.servlet.error.ErrorMvcAutoConfiguration'
2025-04-01T15:16:26.388+05:30 TRACE 16888 --- [learn-spring-boot] [           main] o.s.b.f.s.DefaultListableBeanFactory     : Returning cached instance of singleton bean 'errorAttributes'
2025-04-01T15:16:26.388+05:30 DEBUG 16888 --- [learn-spring-boot] [           main] o.s.b.f.s.DefaultListableBeanFactory     : Autowiring by type from bean name 'basicErrorController' via factory method to bean named 'errorAttributes'
2025-04-01T15:16:26.389+05:30 TRACE 16888 --- [learn-spring-boot] [           main] o.s.b.f.s.DefaultListableBeanFactory     : Returning cached instance of singleton bean 'conventionErrorViewResolver'
2025-04-01T15:16:26.389+05:30 TRACE 16888 --- [learn-spring-boot] [           main] o.s.b.f.s.DefaultListableBeanFactory     : Returning cached instance of singleton bean 'conventionErrorViewResolver'
2025-04-01T15:16:26.393+05:30 TRACE 16888 --- [learn-spring-boot] [           main] o.s.b.f.s.DefaultListableBeanFactory     : Finished creating instance of bean 'basicErrorController'
2025-04-01T15:16:26.393+05:30 TRACE 16888 --- [learn-spring-boot] [           main] o.s.b.f.s.DefaultListableBeanFactory     : Returning cached instance of singleton bean 'errorPageCustomizer'
2025-04-01T15:16:26.393+05:30 TRACE 16888 --- [learn-spring-boot] [           main] o.s.b.f.s.DefaultListableBeanFactory     : Returning cached instance of singleton bean 'preserveErrorControllerTargetClassPostProcessor'
2025-04-01T15:16:26.393+05:30 DEBUG 16888 --- [learn-spring-boot] [           main] o.s.b.f.s.DefaultListableBeanFactory     : Creating shared instance of singleton bean 'org.springframework.boot.autoconfigure.web.servlet.WebMvcAutoConfiguration$EnableWebMvcConfiguration'
2025-04-01T15:16:26.393+05:30 TRACE 16888 --- [learn-spring-boot] [           main] o.s.b.f.s.DefaultListableBeanFactory     : Creating instance of bean 'org.springframework.boot.autoconfigure.web.servlet.WebMvcAutoConfiguration$EnableWebMvcConfiguration'
2025-04-01T15:16:26.394+05:30 TRACE 16888 --- [learn-spring-boot] [           main] o.s.b.f.s.DefaultListableBeanFactory     : Returning cached instance of singleton bean 'spring.mvc-org.springframework.boot.autoconfigure.web.servlet.WebMvcProperties'
2025-04-01T15:16:26.394+05:30 TRACE 16888 --- [learn-spring-boot] [           main] o.s.b.f.s.DefaultListableBeanFactory     : Returning cached instance of singleton bean 'spring.web-org.springframework.boot.autoconfigure.web.WebProperties'
2025-04-01T15:16:26.394+05:30 DEBUG 16888 --- [learn-spring-boot] [           main] o.s.b.f.s.DefaultListableBeanFactory     : Autowiring by type from bean name 'org.springframework.boot.autoconfigure.web.servlet.WebMvcAutoConfiguration$EnableWebMvcConfiguration' via constructor to bean named 'spring.mvc-org.springframework.boot.autoconfigure.web.servlet.WebMvcProperties'
2025-04-01T15:16:26.394+05:30 DEBUG 16888 --- [learn-spring-boot] [           main] o.s.b.f.s.DefaultListableBeanFactory     : Autowiring by type from bean name 'org.springframework.boot.autoconfigure.web.servlet.WebMvcAutoConfiguration$EnableWebMvcConfiguration' via constructor to bean named 'spring.web-org.springframework.boot.autoconfigure.web.WebProperties'
2025-04-01T15:16:26.394+05:30 DEBUG 16888 --- [learn-spring-boot] [           main] o.s.b.f.s.DefaultListableBeanFactory     : Autowiring by type from bean name 'org.springframework.boot.autoconfigure.web.servlet.WebMvcAutoConfiguration$EnableWebMvcConfiguration' via constructor to bean named 'org.springframework.beans.factory.support.DefaultListableBeanFactory@bcb09a6'
2025-04-01T15:16:26.398+05:30 TRACE 16888 --- [learn-spring-boot] [           main] o.s.beans.CachedIntrospectionResults     : Getting BeanInfo for class [org.springframework.boot.autoconfigure.web.servlet.WebMvcAutoConfiguration$EnableWebMvcConfiguration]
2025-04-01T15:16:26.398+05:30 TRACE 16888 --- [learn-spring-boot] [           main] o.s.beans.CachedIntrospectionResults     : Caching PropertyDescriptors for class [org.springframework.boot.autoconfigure.web.servlet.WebMvcAutoConfiguration$EnableWebMvcConfiguration]
2025-04-01T15:16:26.398+05:30 TRACE 16888 --- [learn-spring-boot] [           main] o.s.beans.CachedIntrospectionResults     : Found bean property 'applicationContext' of type [org.springframework.context.ApplicationContext]
2025-04-01T15:16:26.398+05:30 TRACE 16888 --- [learn-spring-boot] [           main] o.s.beans.CachedIntrospectionResults     : Found bean property 'class' of type [java.lang.Class]
2025-04-01T15:16:26.398+05:30 TRACE 16888 --- [learn-spring-boot] [           main] o.s.beans.CachedIntrospectionResults     : Found bean property 'configurers' of type [java.util.List]
2025-04-01T15:16:26.398+05:30 TRACE 16888 --- [learn-spring-boot] [           main] o.s.beans.CachedIntrospectionResults     : Found bean property 'resourceLoader' of type [org.springframework.core.io.ResourceLoader]
2025-04-01T15:16:26.398+05:30 TRACE 16888 --- [learn-spring-boot] [           main] o.s.beans.CachedIntrospectionResults     : Found bean property 'servletContext' of type [jakarta.servlet.ServletContext]
2025-04-01T15:16:26.400+05:30 DEBUG 16888 --- [learn-spring-boot] [           main] o.s.b.f.s.DefaultListableBeanFactory     : Creating shared instance of singleton bean 'org.springframework.boot.autoconfigure.web.servlet.WebMvcAutoConfiguration$WebMvcAutoConfigurationAdapter'
2025-04-01T15:16:26.400+05:30 TRACE 16888 --- [learn-spring-boot] [           main] o.s.b.f.s.DefaultListableBeanFactory     : Creating instance of bean 'org.springframework.boot.autoconfigure.web.servlet.WebMvcAutoConfiguration$WebMvcAutoConfigurationAdapter'
2025-04-01T15:16:26.400+05:30 TRACE 16888 --- [learn-spring-boot] [           main] o.s.b.f.s.DefaultListableBeanFactory     : Returning cached instance of singleton bean 'spring.web-org.springframework.boot.autoconfigure.web.WebProperties'
2025-04-01T15:16:26.400+05:30 TRACE 16888 --- [learn-spring-boot] [           main] o.s.b.f.s.DefaultListableBeanFactory     : Returning cached instance of singleton bean 'spring.mvc-org.springframework.boot.autoconfigure.web.servlet.WebMvcProperties'
2025-04-01T15:16:26.401+05:30 DEBUG 16888 --- [learn-spring-boot] [           main] o.s.b.f.s.DefaultListableBeanFactory     : Autowiring by type from bean name 'org.springframework.boot.autoconfigure.web.servlet.WebMvcAutoConfiguration$WebMvcAutoConfigurationAdapter' via constructor to bean named 'spring.web-org.springframework.boot.autoconfigure.web.WebProperties'
2025-04-01T15:16:26.401+05:30 DEBUG 16888 --- [learn-spring-boot] [           main] o.s.b.f.s.DefaultListableBeanFactory     : Autowiring by type from bean name 'org.springframework.boot.autoconfigure.web.servlet.WebMvcAutoConfiguration$WebMvcAutoConfigurationAdapter' via constructor to bean named 'spring.mvc-org.springframework.boot.autoconfigure.web.servlet.WebMvcProperties'
2025-04-01T15:16:26.401+05:30 DEBUG 16888 --- [learn-spring-boot] [           main] o.s.b.f.s.DefaultListableBeanFactory     : Autowiring by type from bean name 'org.springframework.boot.autoconfigure.web.servlet.WebMvcAutoConfiguration$WebMvcAutoConfigurationAdapter' via constructor to bean named 'org.springframework.beans.factory.support.DefaultListableBeanFactory@bcb09a6'
2025-04-01T15:16:26.403+05:30 TRACE 16888 --- [learn-spring-boot] [           main] o.s.b.f.s.DefaultListableBeanFactory     : Finished creating instance of bean 'org.springframework.boot.autoconfigure.web.servlet.WebMvcAutoConfiguration$WebMvcAutoConfigurationAdapter'
2025-04-01T15:16:26.403+05:30 DEBUG 16888 --- [learn-spring-boot] [           main] o.s.b.f.s.DefaultListableBeanFactory     : Creating shared instance of singleton bean 'endpointObjectMapperWebMvcConfigurer'
2025-04-01T15:16:26.403+05:30 TRACE 16888 --- [learn-spring-boot] [           main] o.s.b.f.s.DefaultListableBeanFactory     : Creating instance of bean 'endpointObjectMapperWebMvcConfigurer'
2025-04-01T15:16:26.403+05:30 DEBUG 16888 --- [learn-spring-boot] [           main] o.s.b.f.s.DefaultListableBeanFactory     : Creating shared instance of singleton bean 'endpointObjectMapper'
2025-04-01T15:16:26.403+05:30 TRACE 16888 --- [learn-spring-boot] [           main] o.s.b.f.s.DefaultListableBeanFactory     : Creating instance of bean 'endpointObjectMapper'
2025-04-01T15:16:26.403+05:30 DEBUG 16888 --- [learn-spring-boot] [           main] o.s.b.f.s.DefaultListableBeanFactory     : Creating shared instance of singleton bean 'org.springframework.boot.actuate.autoconfigure.endpoint.jackson.JacksonEndpointAutoConfiguration'
2025-04-01T15:16:26.403+05:30 TRACE 16888 --- [learn-spring-boot] [           main] o.s.b.f.s.DefaultListableBeanFactory     : Creating instance of bean 'org.springframework.boot.actuate.autoconfigure.endpoint.jackson.JacksonEndpointAutoConfiguration'
2025-04-01T15:16:26.403+05:30 TRACE 16888 --- [learn-spring-boot] [           main] o.s.b.f.s.DefaultListableBeanFactory     : Finished creating instance of bean 'org.springframework.boot.actuate.autoconfigure.endpoint.jackson.JacksonEndpointAutoConfiguration'
2025-04-01T15:16:26.404+05:30 TRACE 16888 --- [learn-spring-boot] [           main] o.s.b.f.s.DefaultListableBeanFactory     : Finished creating instance of bean 'endpointObjectMapper'
2025-04-01T15:16:26.404+05:30 DEBUG 16888 --- [learn-spring-boot] [           main] o.s.b.f.s.DefaultListableBeanFactory     : Autowiring by type from bean name 'endpointObjectMapperWebMvcConfigurer' via factory method to bean named 'endpointObjectMapper'
2025-04-01T15:16:26.404+05:30 TRACE 16888 --- [learn-spring-boot] [           main] o.s.b.f.s.DefaultListableBeanFactory     : Finished creating instance of bean 'endpointObjectMapperWebMvcConfigurer'
2025-04-01T15:16:26.405+05:30 TRACE 16888 --- [learn-spring-boot] [           main] f.a.AutowiredAnnotationBeanPostProcessor : Autowiring by type from bean name 'org.springframework.boot.autoconfigure.web.servlet.WebMvcAutoConfiguration$EnableWebMvcConfiguration' to bean named 'org.springframework.boot.autoconfigure.web.servlet.WebMvcAutoConfiguration$WebMvcAutoConfigurationAdapter'
2025-04-01T15:16:26.405+05:30 TRACE 16888 --- [learn-spring-boot] [           main] f.a.AutowiredAnnotationBeanPostProcessor : Autowiring by type from bean name 'org.springframework.boot.autoconfigure.web.servlet.WebMvcAutoConfiguration$EnableWebMvcConfiguration' to bean named 'endpointObjectMapperWebMvcConfigurer'
2025-04-01T15:16:26.405+05:30 TRACE 16888 --- [learn-spring-boot] [           main] o.s.b.f.s.DefaultListableBeanFactory     : Finished creating instance of bean 'org.springframework.boot.autoconfigure.web.servlet.WebMvcAutoConfiguration$EnableWebMvcConfiguration'
2025-04-01T15:16:26.405+05:30 DEBUG 16888 --- [learn-spring-boot] [           main] o.s.b.f.s.DefaultListableBeanFactory     : Creating shared instance of singleton bean 'welcomePageHandlerMapping'
2025-04-01T15:16:26.405+05:30 TRACE 16888 --- [learn-spring-boot] [           main] o.s.b.f.s.DefaultListableBeanFactory     : Creating instance of bean 'welcomePageHandlerMapping'
2025-04-01T15:16:26.405+05:30 TRACE 16888 --- [learn-spring-boot] [           main] o.s.b.f.s.DefaultListableBeanFactory     : Returning cached instance of singleton bean 'org.springframework.boot.autoconfigure.web.servlet.WebMvcAutoConfiguration$EnableWebMvcConfiguration'
2025-04-01T15:16:26.405+05:30 DEBUG 16888 --- [learn-spring-boot] [           main] o.s.b.f.s.DefaultListableBeanFactory     : Creating shared instance of singleton bean 'mvcConversionService'
2025-04-01T15:16:26.405+05:30 TRACE 16888 --- [learn-spring-boot] [           main] o.s.b.f.s.DefaultListableBeanFactory     : Creating instance of bean 'mvcConversionService'
2025-04-01T15:16:26.405+05:30 TRACE 16888 --- [learn-spring-boot] [           main] o.s.b.f.s.DefaultListableBeanFactory     : Returning cached instance of singleton bean 'org.springframework.boot.autoconfigure.web.servlet.WebMvcAutoConfiguration$EnableWebMvcConfiguration'
2025-04-01T15:16:26.409+05:30 TRACE 16888 --- [learn-spring-boot] [           main] o.s.b.f.s.DefaultListableBeanFactory     : Finished creating instance of bean 'mvcConversionService'
2025-04-01T15:16:26.409+05:30 DEBUG 16888 --- [learn-spring-boot] [           main] o.s.b.f.s.DefaultListableBeanFactory     : Creating shared instance of singleton bean 'mvcResourceUrlProvider'
2025-04-01T15:16:26.409+05:30 TRACE 16888 --- [learn-spring-boot] [           main] o.s.b.f.s.DefaultListableBeanFactory     : Creating instance of bean 'mvcResourceUrlProvider'
2025-04-01T15:16:26.409+05:30 TRACE 16888 --- [learn-spring-boot] [           main] o.s.b.f.s.DefaultListableBeanFactory     : Returning cached instance of singleton bean 'org.springframework.boot.autoconfigure.web.servlet.WebMvcAutoConfiguration$EnableWebMvcConfiguration'
2025-04-01T15:16:26.411+05:30 TRACE 16888 --- [learn-spring-boot] [           main] o.s.b.f.s.DefaultListableBeanFactory     : Finished creating instance of bean 'mvcResourceUrlProvider'
2025-04-01T15:16:26.411+05:30 DEBUG 16888 --- [learn-spring-boot] [           main] o.s.b.f.s.DefaultListableBeanFactory     : Autowiring by type from bean name 'welcomePageHandlerMapping' via factory method to bean named 'org.springframework.web.context.support.GenericWebApplicationContext@5bbbdd4b'
2025-04-01T15:16:26.411+05:30 DEBUG 16888 --- [learn-spring-boot] [           main] o.s.b.f.s.DefaultListableBeanFactory     : Autowiring by type from bean name 'welcomePageHandlerMapping' via factory method to bean named 'mvcConversionService'
2025-04-01T15:16:26.411+05:30 DEBUG 16888 --- [learn-spring-boot] [           main] o.s.b.f.s.DefaultListableBeanFactory     : Autowiring by type from bean name 'welcomePageHandlerMapping' via factory method to bean named 'mvcResourceUrlProvider'
2025-04-01T15:16:26.414+05:30 TRACE 16888 --- [learn-spring-boot] [           main] o.s.c.io.support.SpringFactoriesLoader   : Loaded [org.springframework.boot.autoconfigure.template.TemplateAvailabilityProvider] names: [org.springframework.boot.autoconfigure.freemarker.FreeMarkerTemplateAvailabilityProvider, org.springframework.boot.autoconfigure.groovy.template.GroovyTemplateAvailabilityProvider, org.springframework.boot.autoconfigure.mustache.MustacheTemplateAvailabilityProvider, org.springframework.boot.autoconfigure.thymeleaf.ThymeleafTemplateAvailabilityProvider, org.springframework.boot.autoconfigure.web.servlet.JspTemplateAvailabilityProvider]
2025-04-01T15:16:26.430+05:30 TRACE 16888 --- [learn-spring-boot] [           main] o.s.b.f.s.DefaultListableBeanFactory     : Finished creating instance of bean 'welcomePageHandlerMapping'
2025-04-01T15:16:26.430+05:30 DEBUG 16888 --- [learn-spring-boot] [           main] o.s.b.f.s.DefaultListableBeanFactory     : Creating shared instance of singleton bean 'welcomePageNotAcceptableHandlerMapping'
2025-04-01T15:16:26.430+05:30 TRACE 16888 --- [learn-spring-boot] [           main] o.s.b.f.s.DefaultListableBeanFactory     : Creating instance of bean 'welcomePageNotAcceptableHandlerMapping'
2025-04-01T15:16:26.430+05:30 TRACE 16888 --- [learn-spring-boot] [           main] o.s.b.f.s.DefaultListableBeanFactory     : Returning cached instance of singleton bean 'org.springframework.boot.autoconfigure.web.servlet.WebMvcAutoConfiguration$EnableWebMvcConfiguration'
2025-04-01T15:16:26.430+05:30 TRACE 16888 --- [learn-spring-boot] [           main] o.s.b.f.s.DefaultListableBeanFactory     : Returning cached instance of singleton bean 'mvcConversionService'
2025-04-01T15:16:26.430+05:30 TRACE 16888 --- [learn-spring-boot] [           main] o.s.b.f.s.DefaultListableBeanFactory     : Returning cached instance of singleton bean 'mvcResourceUrlProvider'
2025-04-01T15:16:26.430+05:30 DEBUG 16888 --- [learn-spring-boot] [           main] o.s.b.f.s.DefaultListableBeanFactory     : Autowiring by type from bean name 'welcomePageNotAcceptableHandlerMapping' via factory method to bean named 'org.springframework.web.context.support.GenericWebApplicationContext@5bbbdd4b'
2025-04-01T15:16:26.431+05:30 DEBUG 16888 --- [learn-spring-boot] [           main] o.s.b.f.s.DefaultListableBeanFactory     : Autowiring by type from bean name 'welcomePageNotAcceptableHandlerMapping' via factory method to bean named 'mvcConversionService'
2025-04-01T15:16:26.431+05:30 DEBUG 16888 --- [learn-spring-boot] [           main] o.s.b.f.s.DefaultListableBeanFactory     : Autowiring by type from bean name 'welcomePageNotAcceptableHandlerMapping' via factory method to bean named 'mvcResourceUrlProvider'
2025-04-01T15:16:26.431+05:30 TRACE 16888 --- [learn-spring-boot] [           main] o.s.c.io.support.SpringFactoriesLoader   : Loaded [org.springframework.boot.autoconfigure.template.TemplateAvailabilityProvider] names: [org.springframework.boot.autoconfigure.freemarker.FreeMarkerTemplateAvailabilityProvider, org.springframework.boot.autoconfigure.groovy.template.GroovyTemplateAvailabilityProvider, org.springframework.boot.autoconfigure.mustache.MustacheTemplateAvailabilityProvider, org.springframework.boot.autoconfigure.thymeleaf.ThymeleafTemplateAvailabilityProvider, org.springframework.boot.autoconfigure.web.servlet.JspTemplateAvailabilityProvider]
2025-04-01T15:16:26.433+05:30 TRACE 16888 --- [learn-spring-boot] [           main] o.s.b.f.s.DefaultListableBeanFactory     : Finished creating instance of bean 'welcomePageNotAcceptableHandlerMapping'
2025-04-01T15:16:26.434+05:30 DEBUG 16888 --- [learn-spring-boot] [           main] o.s.b.f.s.DefaultListableBeanFactory     : Creating shared instance of singleton bean 'localeResolver'
2025-04-01T15:16:26.434+05:30 TRACE 16888 --- [learn-spring-boot] [           main] o.s.b.f.s.DefaultListableBeanFactory     : Creating instance of bean 'localeResolver'
2025-04-01T15:16:26.434+05:30 TRACE 16888 --- [learn-spring-boot] [           main] o.s.b.f.s.DefaultListableBeanFactory     : Returning cached instance of singleton bean 'org.springframework.boot.autoconfigure.web.servlet.WebMvcAutoConfiguration$EnableWebMvcConfiguration'
2025-04-01T15:16:26.435+05:30 TRACE 16888 --- [learn-spring-boot] [           main] o.s.b.f.s.DefaultListableBeanFactory     : Finished creating instance of bean 'localeResolver'
2025-04-01T15:16:26.436+05:30 DEBUG 16888 --- [learn-spring-boot] [           main] o.s.b.f.s.DefaultListableBeanFactory     : Creating shared instance of singleton bean 'themeResolver'
2025-04-01T15:16:26.436+05:30 TRACE 16888 --- [learn-spring-boot] [           main] o.s.b.f.s.DefaultListableBeanFactory     : Creating instance of bean 'themeResolver'
2025-04-01T15:16:26.436+05:30 TRACE 16888 --- [learn-spring-boot] [           main] o.s.b.f.s.DefaultListableBeanFactory     : Returning cached instance of singleton bean 'org.springframework.boot.autoconfigure.web.servlet.WebMvcAutoConfiguration$EnableWebMvcConfiguration'
2025-04-01T15:16:26.438+05:30 TRACE 16888 --- [learn-spring-boot] [           main] o.s.b.f.s.DefaultListableBeanFactory     : Finished creating instance of bean 'themeResolver'
2025-04-01T15:16:26.438+05:30 DEBUG 16888 --- [learn-spring-boot] [           main] o.s.b.f.s.DefaultListableBeanFactory     : Creating shared instance of singleton bean 'flashMapManager'
2025-04-01T15:16:26.438+05:30 TRACE 16888 --- [learn-spring-boot] [           main] o.s.b.f.s.DefaultListableBeanFactory     : Creating instance of bean 'flashMapManager'
2025-04-01T15:16:26.438+05:30 TRACE 16888 --- [learn-spring-boot] [           main] o.s.b.f.s.DefaultListableBeanFactory     : Returning cached instance of singleton bean 'org.springframework.boot.autoconfigure.web.servlet.WebMvcAutoConfiguration$EnableWebMvcConfiguration'
2025-04-01T15:16:26.441+05:30 TRACE 16888 --- [learn-spring-boot] [           main] o.s.b.f.s.DefaultListableBeanFactory     : Finished creating instance of bean 'flashMapManager'
2025-04-01T15:16:26.441+05:30 DEBUG 16888 --- [learn-spring-boot] [           main] o.s.b.f.s.DefaultListableBeanFactory     : Creating shared instance of singleton bean 'viewNameTranslator'
2025-04-01T15:16:26.442+05:30 TRACE 16888 --- [learn-spring-boot] [           main] o.s.b.f.s.DefaultListableBeanFactory     : Creating instance of bean 'viewNameTranslator'
2025-04-01T15:16:26.442+05:30 TRACE 16888 --- [learn-spring-boot] [           main] o.s.b.f.s.DefaultListableBeanFactory     : Returning cached instance of singleton bean 'org.springframework.boot.autoconfigure.web.servlet.WebMvcAutoConfiguration$EnableWebMvcConfiguration'
2025-04-01T15:16:26.443+05:30 TRACE 16888 --- [learn-spring-boot] [           main] o.s.b.f.s.DefaultListableBeanFactory     : Finished creating instance of bean 'viewNameTranslator'
2025-04-01T15:16:26.443+05:30 TRACE 16888 --- [learn-spring-boot] [           main] o.s.b.f.s.DefaultListableBeanFactory     : Returning cached instance of singleton bean 'mvcConversionService'
2025-04-01T15:16:26.443+05:30 DEBUG 16888 --- [learn-spring-boot] [           main] o.s.b.f.s.DefaultListableBeanFactory     : Creating shared instance of singleton bean 'mvcValidator'
2025-04-01T15:16:26.443+05:30 TRACE 16888 --- [learn-spring-boot] [           main] o.s.b.f.s.DefaultListableBeanFactory     : Creating instance of bean 'mvcValidator'
2025-04-01T15:16:26.443+05:30 TRACE 16888 --- [learn-spring-boot] [           main] o.s.b.f.s.DefaultListableBeanFactory     : Returning cached instance of singleton bean 'org.springframework.boot.autoconfigure.web.servlet.WebMvcAutoConfiguration$EnableWebMvcConfiguration'
2025-04-01T15:16:26.445+05:30 TRACE 16888 --- [learn-spring-boot] [           main] o.s.b.f.s.DefaultListableBeanFactory     : Finished creating instance of bean 'mvcValidator'
2025-04-01T15:16:26.445+05:30 DEBUG 16888 --- [learn-spring-boot] [           main] o.s.b.f.s.DefaultListableBeanFactory     : Creating shared instance of singleton bean 'mvcContentNegotiationManager'
2025-04-01T15:16:26.445+05:30 TRACE 16888 --- [learn-spring-boot] [           main] o.s.b.f.s.DefaultListableBeanFactory     : Creating instance of bean 'mvcContentNegotiationManager'
2025-04-01T15:16:26.445+05:30 TRACE 16888 --- [learn-spring-boot] [           main] o.s.b.f.s.DefaultListableBeanFactory     : Returning cached instance of singleton bean 'org.springframework.boot.autoconfigure.web.servlet.WebMvcAutoConfiguration$EnableWebMvcConfiguration'
2025-04-01T15:16:26.451+05:30 TRACE 16888 --- [learn-spring-boot] [           main] o.s.b.f.s.DefaultListableBeanFactory     : Finished creating instance of bean 'mvcContentNegotiationManager'
2025-04-01T15:16:26.451+05:30 DEBUG 16888 --- [learn-spring-boot] [           main] o.s.b.f.s.DefaultListableBeanFactory     : Creating shared instance of singleton bean 'requestMappingHandlerMapping'
2025-04-01T15:16:26.451+05:30 TRACE 16888 --- [learn-spring-boot] [           main] o.s.b.f.s.DefaultListableBeanFactory     : Creating instance of bean 'requestMappingHandlerMapping'
2025-04-01T15:16:26.451+05:30 TRACE 16888 --- [learn-spring-boot] [           main] o.s.b.f.s.DefaultListableBeanFactory     : Returning cached instance of singleton bean 'org.springframework.boot.autoconfigure.web.servlet.WebMvcAutoConfiguration$EnableWebMvcConfiguration'
2025-04-01T15:16:26.453+05:30 TRACE 16888 --- [learn-spring-boot] [           main] o.s.b.f.s.DefaultListableBeanFactory     : Returning cached instance of singleton bean 'mvcContentNegotiationManager'
2025-04-01T15:16:26.453+05:30 TRACE 16888 --- [learn-spring-boot] [           main] o.s.b.f.s.DefaultListableBeanFactory     : Returning cached instance of singleton bean 'mvcConversionService'
2025-04-01T15:16:26.454+05:30 TRACE 16888 --- [learn-spring-boot] [           main] o.s.b.f.s.DefaultListableBeanFactory     : Returning cached instance of singleton bean 'mvcResourceUrlProvider'
2025-04-01T15:16:26.454+05:30 DEBUG 16888 --- [learn-spring-boot] [           main] o.s.b.f.s.DefaultListableBeanFactory     : Autowiring by type from bean name 'requestMappingHandlerMapping' via factory method to bean named 'mvcContentNegotiationManager'
2025-04-01T15:16:26.454+05:30 DEBUG 16888 --- [learn-spring-boot] [           main] o.s.b.f.s.DefaultListableBeanFactory     : Autowiring by type from bean name 'requestMappingHandlerMapping' via factory method to bean named 'mvcConversionService'
2025-04-01T15:16:26.454+05:30 DEBUG 16888 --- [learn-spring-boot] [           main] o.s.b.f.s.DefaultListableBeanFactory     : Autowiring by type from bean name 'requestMappingHandlerMapping' via factory method to bean named 'mvcResourceUrlProvider'
2025-04-01T15:16:26.474+05:30 TRACE 16888 --- [learn-spring-boot] [           main] o.s.b.f.s.DefaultListableBeanFactory     : Invoking afterPropertiesSet() on bean with name 'requestMappingHandlerMapping'
2025-04-01T15:16:26.496+05:30 TRACE 16888 --- [learn-spring-boot] [           main] s.w.s.m.m.a.RequestMappingHandlerMapping : 
	c.s.l.CourseController:
	{ [/courses]}: retrieveAllCourses()
2025-04-01T15:16:26.501+05:30 TRACE 16888 --- [learn-spring-boot] [           main] s.w.s.m.m.a.RequestMappingHandlerMapping : 
	c.s.l.CurrencyConfigurationController:
	{ [/currency-configuration]}: retrieveAllCourses()
2025-04-01T15:16:26.502+05:30 TRACE 16888 --- [learn-spring-boot] [           main] o.s.c.e.PropertySourcesPropertyResolver  : Searching for key 'server.error.path' in PropertySource 'environmentProperties'
2025-04-01T15:16:26.503+05:30 TRACE 16888 --- [learn-spring-boot] [           main] o.s.c.e.PropertySourcesPropertyResolver  : Searching for key 'server.error.path' in PropertySource 'localProperties'
2025-04-01T15:16:26.503+05:30 TRACE 16888 --- [learn-spring-boot] [           main] o.s.c.e.PropertySourcesPropertyResolver  : Could not find key 'server.error.path' in any property source
2025-04-01T15:16:26.503+05:30 TRACE 16888 --- [learn-spring-boot] [           main] o.s.c.e.PropertySourcesPropertyResolver  : Searching for key 'error.path:/error' in PropertySource 'environmentProperties'
2025-04-01T15:16:26.503+05:30 TRACE 16888 --- [learn-spring-boot] [           main] ySourcesPropertyResolver$DefaultResolver : Searching for key 'error.path:/error' in PropertySource 'configurationProperties'
2025-04-01T15:16:26.503+05:30 TRACE 16888 --- [learn-spring-boot] [           main] ySourcesPropertyResolver$DefaultResolver : Searching for key 'error.path:/error' in PropertySource 'test'
2025-04-01T15:16:26.503+05:30 TRACE 16888 --- [learn-spring-boot] [           main] ySourcesPropertyResolver$DefaultResolver : Searching for key 'error.path:/error' in PropertySource 'Inlined Test Properties'
2025-04-01T15:16:26.503+05:30 TRACE 16888 --- [learn-spring-boot] [           main] ySourcesPropertyResolver$DefaultResolver : Searching for key 'error.path:/error' in PropertySource 'servletConfigInitParams'
2025-04-01T15:16:26.503+05:30 TRACE 16888 --- [learn-spring-boot] [           main] ySourcesPropertyResolver$DefaultResolver : Searching for key 'error.path:/error' in PropertySource 'servletContextInitParams'
2025-04-01T15:16:26.503+05:30 TRACE 16888 --- [learn-spring-boot] [           main] ySourcesPropertyResolver$DefaultResolver : Searching for key 'error.path:/error' in PropertySource 'systemProperties'
2025-04-01T15:16:26.503+05:30 TRACE 16888 --- [learn-spring-boot] [           main] ySourcesPropertyResolver$DefaultResolver : Searching for key 'error.path:/error' in PropertySource 'systemEnvironment'
2025-04-01T15:16:26.503+05:30 TRACE 16888 --- [learn-spring-boot] [           main] ySourcesPropertyResolver$DefaultResolver : Searching for key 'error.path:/error' in PropertySource 'random'
2025-04-01T15:16:26.503+05:30 TRACE 16888 --- [learn-spring-boot] [           main] ySourcesPropertyResolver$DefaultResolver : Searching for key 'error.path:/error' in PropertySource 'Config resource 'class path resource [application-dev.properties]' via location 'optional:classpath:/''
2025-04-01T15:16:26.503+05:30 TRACE 16888 --- [learn-spring-boot] [           main] ySourcesPropertyResolver$DefaultResolver : Searching for key 'error.path:/error' in PropertySource 'Config resource 'class path resource [application.properties]' via location 'optional:classpath:/''
2025-04-01T15:16:26.503+05:30 TRACE 16888 --- [learn-spring-boot] [           main] ySourcesPropertyResolver$DefaultResolver : Searching for key 'error.path:/error' in PropertySource 'applicationInfo'
2025-04-01T15:16:26.503+05:30 TRACE 16888 --- [learn-spring-boot] [           main] ySourcesPropertyResolver$DefaultResolver : Could not find key 'error.path:/error' in any property source
2025-04-01T15:16:26.503+05:30 TRACE 16888 --- [learn-spring-boot] [           main] o.s.c.e.PropertySourcesPropertyResolver  : Searching for key 'error.path:/error' in PropertySource 'localProperties'
2025-04-01T15:16:26.503+05:30 TRACE 16888 --- [learn-spring-boot] [           main] o.s.c.e.PropertySourcesPropertyResolver  : Could not find key 'error.path:/error' in any property source
2025-04-01T15:16:26.503+05:30 TRACE 16888 --- [learn-spring-boot] [           main] o.s.c.e.PropertySourcesPropertyResolver  : Searching for key 'error.path' in PropertySource 'environmentProperties'
2025-04-01T15:16:26.503+05:30 TRACE 16888 --- [learn-spring-boot] [           main] o.s.c.e.PropertySourcesPropertyResolver  : Searching for key 'error.path' in PropertySource 'localProperties'
2025-04-01T15:16:26.503+05:30 TRACE 16888 --- [learn-spring-boot] [           main] o.s.c.e.PropertySourcesPropertyResolver  : Could not find key 'error.path' in any property source
2025-04-01T15:16:26.503+05:30 TRACE 16888 --- [learn-spring-boot] [           main] o.s.c.e.PropertySourcesPropertyResolver  : Searching for key 'server.error.path' in PropertySource 'environmentProperties'
2025-04-01T15:16:26.504+05:30 TRACE 16888 --- [learn-spring-boot] [           main] o.s.c.e.PropertySourcesPropertyResolver  : Searching for key 'server.error.path' in PropertySource 'localProperties'
2025-04-01T15:16:26.504+05:30 TRACE 16888 --- [learn-spring-boot] [           main] o.s.c.e.PropertySourcesPropertyResolver  : Could not find key 'server.error.path' in any property source
2025-04-01T15:16:26.504+05:30 TRACE 16888 --- [learn-spring-boot] [           main] o.s.c.e.PropertySourcesPropertyResolver  : Searching for key 'error.path:/error' in PropertySource 'environmentProperties'
2025-04-01T15:16:26.504+05:30 TRACE 16888 --- [learn-spring-boot] [           main] ySourcesPropertyResolver$DefaultResolver : Searching for key 'error.path:/error' in PropertySource 'configurationProperties'
2025-04-01T15:16:26.504+05:30 TRACE 16888 --- [learn-spring-boot] [           main] ySourcesPropertyResolver$DefaultResolver : Searching for key 'error.path:/error' in PropertySource 'test'
2025-04-01T15:16:26.504+05:30 TRACE 16888 --- [learn-spring-boot] [           main] ySourcesPropertyResolver$DefaultResolver : Searching for key 'error.path:/error' in PropertySource 'Inlined Test Properties'
2025-04-01T15:16:26.504+05:30 TRACE 16888 --- [learn-spring-boot] [           main] ySourcesPropertyResolver$DefaultResolver : Searching for key 'error.path:/error' in PropertySource 'servletConfigInitParams'
2025-04-01T15:16:26.504+05:30 TRACE 16888 --- [learn-spring-boot] [           main] ySourcesPropertyResolver$DefaultResolver : Searching for key 'error.path:/error' in PropertySource 'servletContextInitParams'
2025-04-01T15:16:26.504+05:30 TRACE 16888 --- [learn-spring-boot] [           main] ySourcesPropertyResolver$DefaultResolver : Searching for key 'error.path:/error' in PropertySource 'systemProperties'
2025-04-01T15:16:26.504+05:30 TRACE 16888 --- [learn-spring-boot] [           main] ySourcesPropertyResolver$DefaultResolver : Searching for key 'error.path:/error' in PropertySource 'systemEnvironment'
2025-04-01T15:16:26.504+05:30 TRACE 16888 --- [learn-spring-boot] [           main] ySourcesPropertyResolver$DefaultResolver : Searching for key 'error.path:/error' in PropertySource 'random'
2025-04-01T15:16:26.504+05:30 TRACE 16888 --- [learn-spring-boot] [           main] ySourcesPropertyResolver$DefaultResolver : Searching for key 'error.path:/error' in PropertySource 'Config resource 'class path resource [application-dev.properties]' via location 'optional:classpath:/''
2025-04-01T15:16:26.504+05:30 TRACE 16888 --- [learn-spring-boot] [           main] ySourcesPropertyResolver$DefaultResolver : Searching for key 'error.path:/error' in PropertySource 'Config resource 'class path resource [application.properties]' via location 'optional:classpath:/''
2025-04-01T15:16:26.504+05:30 TRACE 16888 --- [learn-spring-boot] [           main] ySourcesPropertyResolver$DefaultResolver : Searching for key 'error.path:/error' in PropertySource 'applicationInfo'
2025-04-01T15:16:26.504+05:30 TRACE 16888 --- [learn-spring-boot] [           main] ySourcesPropertyResolver$DefaultResolver : Could not find key 'error.path:/error' in any property source
2025-04-01T15:16:26.504+05:30 TRACE 16888 --- [learn-spring-boot] [           main] o.s.c.e.PropertySourcesPropertyResolver  : Searching for key 'error.path:/error' in PropertySource 'localProperties'
2025-04-01T15:16:26.504+05:30 TRACE 16888 --- [learn-spring-boot] [           main] o.s.c.e.PropertySourcesPropertyResolver  : Could not find key 'error.path:/error' in any property source
2025-04-01T15:16:26.504+05:30 TRACE 16888 --- [learn-spring-boot] [           main] o.s.c.e.PropertySourcesPropertyResolver  : Searching for key 'error.path' in PropertySource 'environmentProperties'
2025-04-01T15:16:26.504+05:30 TRACE 16888 --- [learn-spring-boot] [           main] o.s.c.e.PropertySourcesPropertyResolver  : Searching for key 'error.path' in PropertySource 'localProperties'
2025-04-01T15:16:26.504+05:30 TRACE 16888 --- [learn-spring-boot] [           main] o.s.c.e.PropertySourcesPropertyResolver  : Could not find key 'error.path' in any property source
2025-04-01T15:16:26.505+05:30 TRACE 16888 --- [learn-spring-boot] [           main] s.w.s.m.m.a.RequestMappingHandlerMapping : 
	o.s.b.a.w.s.e.BasicErrorController:
	{ [/error]}: error(HttpServletRequest)
	{ [/error], produces [text/html]}: errorHtml(HttpServletRequest,HttpServletResponse)
2025-04-01T15:16:26.519+05:30 DEBUG 16888 --- [learn-spring-boot] [           main] s.w.s.m.m.a.RequestMappingHandlerMapping : 4 mappings in 'requestMappingHandlerMapping'
2025-04-01T15:16:26.519+05:30 TRACE 16888 --- [learn-spring-boot] [           main] o.s.b.f.s.DefaultListableBeanFactory     : Finished creating instance of bean 'requestMappingHandlerMapping'
2025-04-01T15:16:26.519+05:30 DEBUG 16888 --- [learn-spring-boot] [           main] o.s.b.f.s.DefaultListableBeanFactory     : Creating shared instance of singleton bean 'mvcPatternParser'
2025-04-01T15:16:26.519+05:30 TRACE 16888 --- [learn-spring-boot] [           main] o.s.b.f.s.DefaultListableBeanFactory     : Creating instance of bean 'mvcPatternParser'
2025-04-01T15:16:26.519+05:30 TRACE 16888 --- [learn-spring-boot] [           main] o.s.b.f.s.DefaultListableBeanFactory     : Returning cached instance of singleton bean 'org.springframework.boot.autoconfigure.web.servlet.WebMvcAutoConfiguration$EnableWebMvcConfiguration'
2025-04-01T15:16:26.519+05:30 TRACE 16888 --- [learn-spring-boot] [           main] o.s.b.f.s.DefaultListableBeanFactory     : Finished creating instance of bean 'mvcPatternParser'
2025-04-01T15:16:26.519+05:30 DEBUG 16888 --- [learn-spring-boot] [           main] o.s.b.f.s.DefaultListableBeanFactory     : Creating shared instance of singleton bean 'mvcUrlPathHelper'
2025-04-01T15:16:26.519+05:30 TRACE 16888 --- [learn-spring-boot] [           main] o.s.b.f.s.DefaultListableBeanFactory     : Creating instance of bean 'mvcUrlPathHelper'
2025-04-01T15:16:26.519+05:30 TRACE 16888 --- [learn-spring-boot] [           main] o.s.b.f.s.DefaultListableBeanFactory     : Returning cached instance of singleton bean 'org.springframework.boot.autoconfigure.web.servlet.WebMvcAutoConfiguration$EnableWebMvcConfiguration'
2025-04-01T15:16:26.520+05:30 TRACE 16888 --- [learn-spring-boot] [           main] o.s.b.f.s.DefaultListableBeanFactory     : Finished creating instance of bean 'mvcUrlPathHelper'
2025-04-01T15:16:26.520+05:30 DEBUG 16888 --- [learn-spring-boot] [           main] o.s.b.f.s.DefaultListableBeanFactory     : Creating shared instance of singleton bean 'mvcPathMatcher'
2025-04-01T15:16:26.520+05:30 TRACE 16888 --- [learn-spring-boot] [           main] o.s.b.f.s.DefaultListableBeanFactory     : Creating instance of bean 'mvcPathMatcher'
2025-04-01T15:16:26.520+05:30 TRACE 16888 --- [learn-spring-boot] [           main] o.s.b.f.s.DefaultListableBeanFactory     : Returning cached instance of singleton bean 'org.springframework.boot.autoconfigure.web.servlet.WebMvcAutoConfiguration$EnableWebMvcConfiguration'
2025-04-01T15:16:26.520+05:30 TRACE 16888 --- [learn-spring-boot] [           main] o.s.b.f.s.DefaultListableBeanFactory     : Finished creating instance of bean 'mvcPathMatcher'
2025-04-01T15:16:26.520+05:30 DEBUG 16888 --- [learn-spring-boot] [           main] o.s.b.f.s.DefaultListableBeanFactory     : Creating shared instance of singleton bean 'viewControllerHandlerMapping'
2025-04-01T15:16:26.520+05:30 TRACE 16888 --- [learn-spring-boot] [           main] o.s.b.f.s.DefaultListableBeanFactory     : Creating instance of bean 'viewControllerHandlerMapping'
2025-04-01T15:16:26.520+05:30 TRACE 16888 --- [learn-spring-boot] [           main] o.s.b.f.s.DefaultListableBeanFactory     : Returning cached instance of singleton bean 'org.springframework.boot.autoconfigure.web.servlet.WebMvcAutoConfiguration$EnableWebMvcConfiguration'
2025-04-01T15:16:26.521+05:30 TRACE 16888 --- [learn-spring-boot] [           main] o.s.b.f.s.DefaultListableBeanFactory     : Returning cached instance of singleton bean 'mvcConversionService'
2025-04-01T15:16:26.521+05:30 TRACE 16888 --- [learn-spring-boot] [           main] o.s.b.f.s.DefaultListableBeanFactory     : Returning cached instance of singleton bean 'mvcResourceUrlProvider'
2025-04-01T15:16:26.521+05:30 DEBUG 16888 --- [learn-spring-boot] [           main] o.s.b.f.s.DefaultListableBeanFactory     : Autowiring by type from bean name 'viewControllerHandlerMapping' via factory method to bean named 'mvcConversionService'
2025-04-01T15:16:26.521+05:30 DEBUG 16888 --- [learn-spring-boot] [           main] o.s.b.f.s.DefaultListableBeanFactory     : Autowiring by type from bean name 'viewControllerHandlerMapping' via factory method to bean named 'mvcResourceUrlProvider'
2025-04-01T15:16:26.522+05:30 TRACE 16888 --- [learn-spring-boot] [           main] o.s.b.f.s.DefaultListableBeanFactory     : Finished creating instance of bean 'viewControllerHandlerMapping'
2025-04-01T15:16:26.522+05:30 DEBUG 16888 --- [learn-spring-boot] [           main] o.s.b.f.s.DefaultListableBeanFactory     : Creating shared instance of singleton bean 'beanNameHandlerMapping'
2025-04-01T15:16:26.522+05:30 TRACE 16888 --- [learn-spring-boot] [           main] o.s.b.f.s.DefaultListableBeanFactory     : Creating instance of bean 'beanNameHandlerMapping'
2025-04-01T15:16:26.522+05:30 TRACE 16888 --- [learn-spring-boot] [           main] o.s.b.f.s.DefaultListableBeanFactory     : Returning cached instance of singleton bean 'org.springframework.boot.autoconfigure.web.servlet.WebMvcAutoConfiguration$EnableWebMvcConfiguration'
2025-04-01T15:16:26.522+05:30 TRACE 16888 --- [learn-spring-boot] [           main] o.s.b.f.s.DefaultListableBeanFactory     : Returning cached instance of singleton bean 'mvcConversionService'
2025-04-01T15:16:26.522+05:30 TRACE 16888 --- [learn-spring-boot] [           main] o.s.b.f.s.DefaultListableBeanFactory     : Returning cached instance of singleton bean 'mvcResourceUrlProvider'
2025-04-01T15:16:26.522+05:30 DEBUG 16888 --- [learn-spring-boot] [           main] o.s.b.f.s.DefaultListableBeanFactory     : Autowiring by type from bean name 'beanNameHandlerMapping' via factory method to bean named 'mvcConversionService'
2025-04-01T15:16:26.522+05:30 DEBUG 16888 --- [learn-spring-boot] [           main] o.s.b.f.s.DefaultListableBeanFactory     : Autowiring by type from bean name 'beanNameHandlerMapping' via factory method to bean named 'mvcResourceUrlProvider'
2025-04-01T15:16:26.523+05:30 DEBUG 16888 --- [learn-spring-boot] [           main] o.s.w.s.h.BeanNameUrlHandlerMapping      : Detected 0 mappings in 'beanNameHandlerMapping'
2025-04-01T15:16:26.524+05:30 TRACE 16888 --- [learn-spring-boot] [           main] o.s.b.f.s.DefaultListableBeanFactory     : Finished creating instance of bean 'beanNameHandlerMapping'
2025-04-01T15:16:26.524+05:30 DEBUG 16888 --- [learn-spring-boot] [           main] o.s.b.f.s.DefaultListableBeanFactory     : Creating shared instance of singleton bean 'routerFunctionMapping'
2025-04-01T15:16:26.524+05:30 TRACE 16888 --- [learn-spring-boot] [           main] o.s.b.f.s.DefaultListableBeanFactory     : Creating instance of bean 'routerFunctionMapping'
2025-04-01T15:16:26.524+05:30 TRACE 16888 --- [learn-spring-boot] [           main] o.s.b.f.s.DefaultListableBeanFactory     : Returning cached instance of singleton bean 'org.springframework.boot.autoconfigure.web.servlet.WebMvcAutoConfiguration$EnableWebMvcConfiguration'
2025-04-01T15:16:26.524+05:30 TRACE 16888 --- [learn-spring-boot] [           main] o.s.b.f.s.DefaultListableBeanFactory     : Returning cached instance of singleton bean 'mvcConversionService'
2025-04-01T15:16:26.524+05:30 TRACE 16888 --- [learn-spring-boot] [           main] o.s.b.f.s.DefaultListableBeanFactory     : Returning cached instance of singleton bean 'mvcResourceUrlProvider'
2025-04-01T15:16:26.524+05:30 DEBUG 16888 --- [learn-spring-boot] [           main] o.s.b.f.s.DefaultListableBeanFactory     : Autowiring by type from bean name 'routerFunctionMapping' via factory method to bean named 'mvcConversionService'
2025-04-01T15:16:26.524+05:30 DEBUG 16888 --- [learn-spring-boot] [           main] o.s.b.f.s.DefaultListableBeanFactory     : Autowiring by type from bean name 'routerFunctionMapping' via factory method to bean named 'mvcResourceUrlProvider'
2025-04-01T15:16:26.525+05:30 DEBUG 16888 --- [learn-spring-boot] [           main] o.s.b.f.s.DefaultListableBeanFactory     : Creating shared instance of singleton bean 'messageConverters'
2025-04-01T15:16:26.525+05:30 TRACE 16888 --- [learn-spring-boot] [           main] o.s.b.f.s.DefaultListableBeanFactory     : Creating instance of bean 'messageConverters'
2025-04-01T15:16:26.525+05:30 DEBUG 16888 --- [learn-spring-boot] [           main] o.s.b.f.s.DefaultListableBeanFactory     : Creating shared instance of singleton bean 'org.springframework.boot.autoconfigure.http.HttpMessageConvertersAutoConfiguration'
2025-04-01T15:16:26.525+05:30 TRACE 16888 --- [learn-spring-boot] [           main] o.s.b.f.s.DefaultListableBeanFactory     : Creating instance of bean 'org.springframework.boot.autoconfigure.http.HttpMessageConvertersAutoConfiguration'
2025-04-01T15:16:26.525+05:30 TRACE 16888 --- [learn-spring-boot] [           main] o.s.b.f.s.DefaultListableBeanFactory     : Finished creating instance of bean 'org.springframework.boot.autoconfigure.http.HttpMessageConvertersAutoConfiguration'
2025-04-01T15:16:26.529+05:30 DEBUG 16888 --- [learn-spring-boot] [           main] o.s.b.f.s.DefaultListableBeanFactory     : Creating shared instance of singleton bean 'stringHttpMessageConverter'
2025-04-01T15:16:26.529+05:30 TRACE 16888 --- [learn-spring-boot] [           main] o.s.b.f.s.DefaultListableBeanFactory     : Creating instance of bean 'stringHttpMessageConverter'
2025-04-01T15:16:26.529+05:30 DEBUG 16888 --- [learn-spring-boot] [           main] o.s.b.f.s.DefaultListableBeanFactory     : Creating shared instance of singleton bean 'org.springframework.boot.autoconfigure.http.HttpMessageConvertersAutoConfiguration$StringHttpMessageConverterConfiguration'
2025-04-01T15:16:26.529+05:30 TRACE 16888 --- [learn-spring-boot] [           main] o.s.b.f.s.DefaultListableBeanFactory     : Creating instance of bean 'org.springframework.boot.autoconfigure.http.HttpMessageConvertersAutoConfiguration$StringHttpMessageConverterConfiguration'
2025-04-01T15:16:26.530+05:30 TRACE 16888 --- [learn-spring-boot] [           main] o.s.b.f.s.DefaultListableBeanFactory     : Finished creating instance of bean 'org.springframework.boot.autoconfigure.http.HttpMessageConvertersAutoConfiguration$StringHttpMessageConverterConfiguration'
2025-04-01T15:16:26.530+05:30 TRACE 16888 --- [learn-spring-boot] [           main] o.s.b.f.s.DefaultListableBeanFactory     : Returning cached instance of singleton bean 'environment'
2025-04-01T15:16:26.530+05:30 DEBUG 16888 --- [learn-spring-boot] [           main] o.s.b.f.s.DefaultListableBeanFactory     : Autowiring by type from bean name 'stringHttpMessageConverter' via factory method to bean named 'environment'
2025-04-01T15:16:26.534+05:30 TRACE 16888 --- [learn-spring-boot] [           main] o.s.b.f.s.DefaultListableBeanFactory     : Finished creating instance of bean 'stringHttpMessageConverter'
2025-04-01T15:16:26.534+05:30 DEBUG 16888 --- [learn-spring-boot] [           main] o.s.b.f.s.DefaultListableBeanFactory     : Creating shared instance of singleton bean 'mappingJackson2HttpMessageConverter'
2025-04-01T15:16:26.534+05:30 TRACE 16888 --- [learn-spring-boot] [           main] o.s.b.f.s.DefaultListableBeanFactory     : Creating instance of bean 'mappingJackson2HttpMessageConverter'
2025-04-01T15:16:26.534+05:30 DEBUG 16888 --- [learn-spring-boot] [           main] o.s.b.f.s.DefaultListableBeanFactory     : Creating shared instance of singleton bean 'org.springframework.boot.autoconfigure.http.JacksonHttpMessageConvertersConfiguration$MappingJackson2HttpMessageConverterConfiguration'
2025-04-01T15:16:26.534+05:30 TRACE 16888 --- [learn-spring-boot] [           main] o.s.b.f.s.DefaultListableBeanFactory     : Creating instance of bean 'org.springframework.boot.autoconfigure.http.JacksonHttpMessageConvertersConfiguration$MappingJackson2HttpMessageConverterConfiguration'
2025-04-01T15:16:26.534+05:30 TRACE 16888 --- [learn-spring-boot] [           main] o.s.b.f.s.DefaultListableBeanFactory     : Finished creating instance of bean 'org.springframework.boot.autoconfigure.http.JacksonHttpMessageConvertersConfiguration$MappingJackson2HttpMessageConverterConfiguration'
2025-04-01T15:16:26.535+05:30 DEBUG 16888 --- [learn-spring-boot] [           main] o.s.b.f.s.DefaultListableBeanFactory     : Creating shared instance of singleton bean 'jacksonObjectMapper'
2025-04-01T15:16:26.535+05:30 TRACE 16888 --- [learn-spring-boot] [           main] o.s.b.f.s.DefaultListableBeanFactory     : Creating instance of bean 'jacksonObjectMapper'
2025-04-01T15:16:26.535+05:30 DEBUG 16888 --- [learn-spring-boot] [           main] o.s.b.f.s.DefaultListableBeanFactory     : Creating shared instance of singleton bean 'org.springframework.boot.autoconfigure.jackson.JacksonAutoConfiguration$JacksonObjectMapperConfiguration'
2025-04-01T15:16:26.535+05:30 TRACE 16888 --- [learn-spring-boot] [           main] o.s.b.f.s.DefaultListableBeanFactory     : Creating instance of bean 'org.springframework.boot.autoconfigure.jackson.JacksonAutoConfiguration$JacksonObjectMapperConfiguration'
2025-04-01T15:16:26.535+05:30 TRACE 16888 --- [learn-spring-boot] [           main] o.s.b.f.s.DefaultListableBeanFactory     : Finished creating instance of bean 'org.springframework.boot.autoconfigure.jackson.JacksonAutoConfiguration$JacksonObjectMapperConfiguration'
2025-04-01T15:16:26.536+05:30 TRACE 16888 --- [learn-spring-boot] [           main] o.s.b.f.s.DefaultListableBeanFactory     : Creating instance of bean 'jacksonObjectMapperBuilder'
2025-04-01T15:16:26.536+05:30 DEBUG 16888 --- [learn-spring-boot] [           main] o.s.b.f.s.DefaultListableBeanFactory     : Creating shared instance of singleton bean 'org.springframework.boot.autoconfigure.jackson.JacksonAutoConfiguration$JacksonObjectMapperBuilderConfiguration'
2025-04-01T15:16:26.536+05:30 TRACE 16888 --- [learn-spring-boot] [           main] o.s.b.f.s.DefaultListableBeanFactory     : Creating instance of bean 'org.springframework.boot.autoconfigure.jackson.JacksonAutoConfiguration$JacksonObjectMapperBuilderConfiguration'
2025-04-01T15:16:26.536+05:30 TRACE 16888 --- [learn-spring-boot] [           main] o.s.b.f.s.DefaultListableBeanFactory     : Finished creating instance of bean 'org.springframework.boot.autoconfigure.jackson.JacksonAutoConfiguration$JacksonObjectMapperBuilderConfiguration'
2025-04-01T15:16:26.537+05:30 DEBUG 16888 --- [learn-spring-boot] [           main] o.s.b.f.s.DefaultListableBeanFactory     : Creating shared instance of singleton bean 'standardJacksonObjectMapperBuilderCustomizer'
2025-04-01T15:16:26.537+05:30 TRACE 16888 --- [learn-spring-boot] [           main] o.s.b.f.s.DefaultListableBeanFactory     : Creating instance of bean 'standardJacksonObjectMapperBuilderCustomizer'
2025-04-01T15:16:26.537+05:30 DEBUG 16888 --- [learn-spring-boot] [           main] o.s.b.f.s.DefaultListableBeanFactory     : Creating shared instance of singleton bean 'org.springframework.boot.autoconfigure.jackson.JacksonAutoConfiguration$Jackson2ObjectMapperBuilderCustomizerConfiguration'
2025-04-01T15:16:26.537+05:30 TRACE 16888 --- [learn-spring-boot] [           main] o.s.b.f.s.DefaultListableBeanFactory     : Creating instance of bean 'org.springframework.boot.autoconfigure.jackson.JacksonAutoConfiguration$Jackson2ObjectMapperBuilderCustomizerConfiguration'
2025-04-01T15:16:26.537+05:30 TRACE 16888 --- [learn-spring-boot] [           main] o.s.b.f.s.DefaultListableBeanFactory     : Finished creating instance of bean 'org.springframework.boot.autoconfigure.jackson.JacksonAutoConfiguration$Jackson2ObjectMapperBuilderCustomizerConfiguration'
2025-04-01T15:16:26.537+05:30 DEBUG 16888 --- [learn-spring-boot] [           main] o.s.b.f.s.DefaultListableBeanFactory     : Creating shared instance of singleton bean 'spring.jackson-org.springframework.boot.autoconfigure.jackson.JacksonProperties'
2025-04-01T15:16:26.537+05:30 TRACE 16888 --- [learn-spring-boot] [           main] o.s.b.f.s.DefaultListableBeanFactory     : Creating instance of bean 'spring.jackson-org.springframework.boot.autoconfigure.jackson.JacksonProperties'
2025-04-01T15:16:26.538+05:30 TRACE 16888 --- [learn-spring-boot] [           main] o.s.b.f.s.DefaultListableBeanFactory     : Returning cached instance of singleton bean 'org.springframework.boot.context.properties.BoundConfigurationProperties'
2025-04-01T15:16:26.540+05:30 TRACE 16888 --- [learn-spring-boot] [           main] o.s.b.f.s.DefaultListableBeanFactory     : Finished creating instance of bean 'spring.jackson-org.springframework.boot.autoconfigure.jackson.JacksonProperties'
2025-04-01T15:16:26.541+05:30 DEBUG 16888 --- [learn-spring-boot] [           main] o.s.b.f.s.DefaultListableBeanFactory     : Autowiring by type from bean name 'standardJacksonObjectMapperBuilderCustomizer' via factory method to bean named 'spring.jackson-org.springframework.boot.autoconfigure.jackson.JacksonProperties'
2025-04-01T15:16:26.541+05:30 DEBUG 16888 --- [learn-spring-boot] [           main] o.s.b.f.s.DefaultListableBeanFactory     : Creating shared instance of singleton bean 'parameterNamesModule'
2025-04-01T15:16:26.541+05:30 TRACE 16888 --- [learn-spring-boot] [           main] o.s.b.f.s.DefaultListableBeanFactory     : Creating instance of bean 'parameterNamesModule'
2025-04-01T15:16:26.541+05:30 DEBUG 16888 --- [learn-spring-boot] [           main] o.s.b.f.s.DefaultListableBeanFactory     : Creating shared instance of singleton bean 'org.springframework.boot.autoconfigure.jackson.JacksonAutoConfiguration$ParameterNamesModuleConfiguration'
2025-04-01T15:16:26.541+05:30 TRACE 16888 --- [learn-spring-boot] [           main] o.s.b.f.s.DefaultListableBeanFactory     : Creating instance of bean 'org.springframework.boot.autoconfigure.jackson.JacksonAutoConfiguration$ParameterNamesModuleConfiguration'
2025-04-01T15:16:26.542+05:30 TRACE 16888 --- [learn-spring-boot] [           main] o.s.b.f.s.DefaultListableBeanFactory     : Finished creating instance of bean 'org.springframework.boot.autoconfigure.jackson.JacksonAutoConfiguration$ParameterNamesModuleConfiguration'
2025-04-01T15:16:26.547+05:30 TRACE 16888 --- [learn-spring-boot] [           main] o.s.b.f.s.DefaultListableBeanFactory     : Finished creating instance of bean 'parameterNamesModule'
2025-04-01T15:16:26.547+05:30 DEBUG 16888 --- [learn-spring-boot] [           main] o.s.b.f.s.DefaultListableBeanFactory     : Creating shared instance of singleton bean 'jsonMixinModule'
2025-04-01T15:16:26.547+05:30 TRACE 16888 --- [learn-spring-boot] [           main] o.s.b.f.s.DefaultListableBeanFactory     : Creating instance of bean 'jsonMixinModule'
2025-04-01T15:16:26.547+05:30 DEBUG 16888 --- [learn-spring-boot] [           main] o.s.b.f.s.DefaultListableBeanFactory     : Creating shared instance of singleton bean 'org.springframework.boot.autoconfigure.jackson.JacksonAutoConfiguration$JacksonMixinConfiguration'
2025-04-01T15:16:26.547+05:30 TRACE 16888 --- [learn-spring-boot] [           main] o.s.b.f.s.DefaultListableBeanFactory     : Creating instance of bean 'org.springframework.boot.autoconfigure.jackson.JacksonAutoConfiguration$JacksonMixinConfiguration'
2025-04-01T15:16:26.548+05:30 TRACE 16888 --- [learn-spring-boot] [           main] o.s.b.f.s.DefaultListableBeanFactory     : Finished creating instance of bean 'org.springframework.boot.autoconfigure.jackson.JacksonAutoConfiguration$JacksonMixinConfiguration'
2025-04-01T15:16:26.548+05:30 DEBUG 16888 --- [learn-spring-boot] [           main] o.s.b.f.s.DefaultListableBeanFactory     : Creating shared instance of singleton bean 'jsonMixinModuleEntries'
2025-04-01T15:16:26.548+05:30 TRACE 16888 --- [learn-spring-boot] [           main] o.s.b.f.s.DefaultListableBeanFactory     : Creating instance of bean 'jsonMixinModuleEntries'
2025-04-01T15:16:26.548+05:30 DEBUG 16888 --- [learn-spring-boot] [           main] o.s.b.f.s.DefaultListableBeanFactory     : Autowiring by type from bean name 'jsonMixinModuleEntries' via factory method to bean named 'org.springframework.web.context.support.GenericWebApplicationContext@5bbbdd4b'
2025-04-01T15:16:26.548+05:30 TRACE 16888 --- [learn-spring-boot] [           main] o.s.b.f.s.DefaultListableBeanFactory     : Returning cached instance of singleton bean 'org.springframework.boot.autoconfigure.AutoConfigurationPackages'
2025-04-01T15:16:26.548+05:30 DEBUG 16888 --- [learn-spring-boot] [           main] o.s.b.a.AutoConfigurationPackages        : @EnableAutoConfiguration was declared on a class in the package 'com.springboot.learn_spring_boot'. Automatic @Repository and @Entity scanning is enabled.
2025-04-01T15:16:26.548+05:30 TRACE 16888 --- [learn-spring-boot] [           main] o.s.b.f.s.DefaultListableBeanFactory     : Returning cached instance of singleton bean 'org.springframework.boot.autoconfigure.AutoConfigurationPackages'
2025-04-01T15:16:26.550+05:30 TRACE 16888 --- [learn-spring-boot] [           main] .i.s.PathMatchingResourcePatternResolver : Resolved module-path location pattern [com/springboot/learn_spring_boot/**/*.class] to resources []
2025-04-01T15:16:26.550+05:30 TRACE 16888 --- [learn-spring-boot] [           main] .i.s.PathMatchingResourcePatternResolver : Searching directory [C:\Users\Dhruti Parmar\eclipse-workspace\learn-spring-boot\target\test-classes\com\springboot\learn_spring_boot] for files matching pattern [**/*.class]
2025-04-01T15:16:26.551+05:30 TRACE 16888 --- [learn-spring-boot] [           main] .i.s.PathMatchingResourcePatternResolver : Searching directory [C:\Users\Dhruti Parmar\eclipse-workspace\learn-spring-boot\target\classes\com\springboot\learn_spring_boot] for files matching pattern [**/*.class]
2025-04-01T15:16:26.552+05:30 TRACE 16888 --- [learn-spring-boot] [           main] .i.s.PathMatchingResourcePatternResolver : Resolved location pattern [classpath*:com/springboot/learn_spring_boot/**/*.class] to resources [file [C:\Users\Dhruti Parmar\eclipse-workspace\learn-spring-boot\target\test-classes\com\springboot\learn_spring_boot\LearnSpringBootApplicationTests.class], file [C:\Users\Dhruti Parmar\eclipse-workspace\learn-spring-boot\target\classes\com\springboot\learn_spring_boot\Course.class], file [C:\Users\Dhruti Parmar\eclipse-workspace\learn-spring-boot\target\classes\com\springboot\learn_spring_boot\CourseController.class], file [C:\Users\Dhruti Parmar\eclipse-workspace\learn-spring-boot\target\classes\com\springboot\learn_spring_boot\CurrencyConfigurationController.class], file [C:\Users\Dhruti Parmar\eclipse-workspace\learn-spring-boot\target\classes\com\springboot\learn_spring_boot\CurrencyServiceConfiguration.class], file [C:\Users\Dhruti Parmar\eclipse-workspace\learn-spring-boot\target\classes\com\springboot\learn_spring_boot\LearnSpringBootApplication.class]]
2025-04-01T15:16:26.552+05:30 TRACE 16888 --- [learn-spring-boot] [           main] nModuleEntries$JsonMixinComponentScanner : Scanning file [C:\Users\Dhruti Parmar\eclipse-workspace\learn-spring-boot\target\test-classes\com\springboot\learn_spring_boot\LearnSpringBootApplicationTests.class]
2025-04-01T15:16:26.552+05:30 TRACE 16888 --- [learn-spring-boot] [           main] nModuleEntries$JsonMixinComponentScanner : Ignored because not matching any filter: file [C:\Users\Dhruti Parmar\eclipse-workspace\learn-spring-boot\target\test-classes\com\springboot\learn_spring_boot\LearnSpringBootApplicationTests.class]
2025-04-01T15:16:26.552+05:30 TRACE 16888 --- [learn-spring-boot] [           main] nModuleEntries$JsonMixinComponentScanner : Scanning file [C:\Users\Dhruti Parmar\eclipse-workspace\learn-spring-boot\target\classes\com\springboot\learn_spring_boot\Course.class]
2025-04-01T15:16:26.552+05:30 TRACE 16888 --- [learn-spring-boot] [           main] nModuleEntries$JsonMixinComponentScanner : Ignored because not matching any filter: file [C:\Users\Dhruti Parmar\eclipse-workspace\learn-spring-boot\target\classes\com\springboot\learn_spring_boot\Course.class]
2025-04-01T15:16:26.552+05:30 TRACE 16888 --- [learn-spring-boot] [           main] nModuleEntries$JsonMixinComponentScanner : Scanning file [C:\Users\Dhruti Parmar\eclipse-workspace\learn-spring-boot\target\classes\com\springboot\learn_spring_boot\CourseController.class]
2025-04-01T15:16:26.552+05:30 TRACE 16888 --- [learn-spring-boot] [           main] nModuleEntries$JsonMixinComponentScanner : Ignored because not matching any filter: file [C:\Users\Dhruti Parmar\eclipse-workspace\learn-spring-boot\target\classes\com\springboot\learn_spring_boot\CourseController.class]
2025-04-01T15:16:26.552+05:30 TRACE 16888 --- [learn-spring-boot] [           main] nModuleEntries$JsonMixinComponentScanner : Scanning file [C:\Users\Dhruti Parmar\eclipse-workspace\learn-spring-boot\target\classes\com\springboot\learn_spring_boot\CurrencyConfigurationController.class]
2025-04-01T15:16:26.552+05:30 TRACE 16888 --- [learn-spring-boot] [           main] nModuleEntries$JsonMixinComponentScanner : Ignored because not matching any filter: file [C:\Users\Dhruti Parmar\eclipse-workspace\learn-spring-boot\target\classes\com\springboot\learn_spring_boot\CurrencyConfigurationController.class]
2025-04-01T15:16:26.552+05:30 TRACE 16888 --- [learn-spring-boot] [           main] nModuleEntries$JsonMixinComponentScanner : Scanning file [C:\Users\Dhruti Parmar\eclipse-workspace\learn-spring-boot\target\classes\com\springboot\learn_spring_boot\CurrencyServiceConfiguration.class]
2025-04-01T15:16:26.552+05:30 TRACE 16888 --- [learn-spring-boot] [           main] nModuleEntries$JsonMixinComponentScanner : Ignored because not matching any filter: file [C:\Users\Dhruti Parmar\eclipse-workspace\learn-spring-boot\target\classes\com\springboot\learn_spring_boot\CurrencyServiceConfiguration.class]
2025-04-01T15:16:26.552+05:30 TRACE 16888 --- [learn-spring-boot] [           main] nModuleEntries$JsonMixinComponentScanner : Scanning file [C:\Users\Dhruti Parmar\eclipse-workspace\learn-spring-boot\target\classes\com\springboot\learn_spring_boot\LearnSpringBootApplication.class]
2025-04-01T15:16:26.552+05:30 TRACE 16888 --- [learn-spring-boot] [           main] nModuleEntries$JsonMixinComponentScanner : Ignored because not matching any filter: file [C:\Users\Dhruti Parmar\eclipse-workspace\learn-spring-boot\target\classes\com\springboot\learn_spring_boot\LearnSpringBootApplication.class]
2025-04-01T15:16:26.552+05:30 TRACE 16888 --- [learn-spring-boot] [           main] o.s.b.f.s.DefaultListableBeanFactory     : Finished creating instance of bean 'jsonMixinModuleEntries'
2025-04-01T15:16:26.552+05:30 DEBUG 16888 --- [learn-spring-boot] [           main] o.s.b.f.s.DefaultListableBeanFactory     : Autowiring by type from bean name 'jsonMixinModule' via factory method to bean named 'org.springframework.web.context.support.GenericWebApplicationContext@5bbbdd4b'
2025-04-01T15:16:26.552+05:30 DEBUG 16888 --- [learn-spring-boot] [           main] o.s.b.f.s.DefaultListableBeanFactory     : Autowiring by type from bean name 'jsonMixinModule' via factory method to bean named 'jsonMixinModuleEntries'
2025-04-01T15:16:26.553+05:30 TRACE 16888 --- [learn-spring-boot] [           main] o.s.b.f.s.DefaultListableBeanFactory     : Finished creating instance of bean 'jsonMixinModule'
2025-04-01T15:16:26.553+05:30 DEBUG 16888 --- [learn-spring-boot] [           main] o.s.b.f.s.DefaultListableBeanFactory     : Creating shared instance of singleton bean 'jsonComponentModule'
2025-04-01T15:16:26.553+05:30 TRACE 16888 --- [learn-spring-boot] [           main] o.s.b.f.s.DefaultListableBeanFactory     : Creating instance of bean 'jsonComponentModule'
2025-04-01T15:16:26.553+05:30 DEBUG 16888 --- [learn-spring-boot] [           main] o.s.b.f.s.DefaultListableBeanFactory     : Creating shared instance of singleton bean 'org.springframework.boot.autoconfigure.jackson.JacksonAutoConfiguration'
2025-04-01T15:16:26.553+05:30 TRACE 16888 --- [learn-spring-boot] [           main] o.s.b.f.s.DefaultListableBeanFactory     : Creating instance of bean 'org.springframework.boot.autoconfigure.jackson.JacksonAutoConfiguration'
2025-04-01T15:16:26.554+05:30 TRACE 16888 --- [learn-spring-boot] [           main] o.s.b.f.s.DefaultListableBeanFactory     : Finished creating instance of bean 'org.springframework.boot.autoconfigure.jackson.JacksonAutoConfiguration'
2025-04-01T15:16:26.554+05:30 TRACE 16888 --- [learn-spring-boot] [           main] o.s.b.f.s.DefaultListableBeanFactory     : Invoking afterPropertiesSet() on bean with name 'jsonComponentModule'
2025-04-01T15:16:26.556+05:30 TRACE 16888 --- [learn-spring-boot] [           main] o.s.b.f.s.DefaultListableBeanFactory     : Finished creating instance of bean 'jsonComponentModule'
2025-04-01T15:16:26.557+05:30 TRACE 16888 --- [learn-spring-boot] [           main] o.s.b.f.s.DefaultListableBeanFactory     : Finished creating instance of bean 'standardJacksonObjectMapperBuilderCustomizer'
2025-04-01T15:16:26.557+05:30 DEBUG 16888 --- [learn-spring-boot] [           main] o.s.b.f.s.DefaultListableBeanFactory     : Autowiring by type from bean name 'jacksonObjectMapperBuilder' via factory method to bean named 'org.springframework.web.context.support.GenericWebApplicationContext@5bbbdd4b'
2025-04-01T15:16:26.557+05:30 DEBUG 16888 --- [learn-spring-boot] [           main] o.s.b.f.s.DefaultListableBeanFactory     : Autowiring by type from bean name 'jacksonObjectMapperBuilder' via factory method to bean named 'standardJacksonObjectMapperBuilderCustomizer'
2025-04-01T15:16:26.560+05:30 TRACE 16888 --- [learn-spring-boot] [           main] o.s.b.f.s.DefaultListableBeanFactory     : Finished creating instance of bean 'jacksonObjectMapperBuilder'
2025-04-01T15:16:26.560+05:30 DEBUG 16888 --- [learn-spring-boot] [           main] o.s.b.f.s.DefaultListableBeanFactory     : Autowiring by type from bean name 'jacksonObjectMapper' via factory method to bean named 'jacksonObjectMapperBuilder'
2025-04-01T15:16:26.570+05:30 TRACE 16888 --- [learn-spring-boot] [           main] o.s.b.f.s.DefaultListableBeanFactory     : Finished creating instance of bean 'jacksonObjectMapper'
2025-04-01T15:16:26.570+05:30 DEBUG 16888 --- [learn-spring-boot] [           main] o.s.b.f.s.DefaultListableBeanFactory     : Autowiring by type from bean name 'mappingJackson2HttpMessageConverter' via factory method to bean named 'jacksonObjectMapper'
2025-04-01T15:16:26.572+05:30 TRACE 16888 --- [learn-spring-boot] [           main] o.s.b.f.s.DefaultListableBeanFactory     : Finished creating instance of bean 'mappingJackson2HttpMessageConverter'
2025-04-01T15:16:26.572+05:30 TRACE 16888 --- [learn-spring-boot] [           main] o.s.b.f.s.DefaultListableBeanFactory     : Returning cached instance of singleton bean 'stringHttpMessageConverter'
2025-04-01T15:16:26.572+05:30 TRACE 16888 --- [learn-spring-boot] [           main] o.s.b.f.s.DefaultListableBeanFactory     : Returning cached instance of singleton bean 'mappingJackson2HttpMessageConverter'
2025-04-01T15:16:26.576+05:30 TRACE 16888 --- [learn-spring-boot] [           main] o.s.b.f.s.DefaultListableBeanFactory     : Finished creating instance of bean 'messageConverters'
2025-04-01T15:16:26.580+05:30 TRACE 16888 --- [learn-spring-boot] [           main] o.s.b.f.s.DefaultListableBeanFactory     : Invoking afterPropertiesSet() on bean with name 'routerFunctionMapping'
2025-04-01T15:16:26.581+05:30 TRACE 16888 --- [learn-spring-boot] [           main] o.s.w.s.f.support.RouterFunctionMapping  : 0 RouterFunction(s) in 'routerFunctionMapping'
2025-04-01T15:16:26.581+05:30 TRACE 16888 --- [learn-spring-boot] [           main] o.s.b.f.s.DefaultListableBeanFactory     : Finished creating instance of bean 'routerFunctionMapping'
2025-04-01T15:16:26.581+05:30 DEBUG 16888 --- [learn-spring-boot] [           main] o.s.b.f.s.DefaultListableBeanFactory     : Creating shared instance of singleton bean 'resourceHandlerMapping'
2025-04-01T15:16:26.581+05:30 TRACE 16888 --- [learn-spring-boot] [           main] o.s.b.f.s.DefaultListableBeanFactory     : Creating instance of bean 'resourceHandlerMapping'
2025-04-01T15:16:26.581+05:30 TRACE 16888 --- [learn-spring-boot] [           main] o.s.b.f.s.DefaultListableBeanFactory     : Returning cached instance of singleton bean 'org.springframework.boot.autoconfigure.web.servlet.WebMvcAutoConfiguration$EnableWebMvcConfiguration'
2025-04-01T15:16:26.581+05:30 TRACE 16888 --- [learn-spring-boot] [           main] o.s.b.f.s.DefaultListableBeanFactory     : Returning cached instance of singleton bean 'mvcContentNegotiationManager'
2025-04-01T15:16:26.582+05:30 TRACE 16888 --- [learn-spring-boot] [           main] o.s.b.f.s.DefaultListableBeanFactory     : Returning cached instance of singleton bean 'mvcConversionService'
2025-04-01T15:16:26.582+05:30 TRACE 16888 --- [learn-spring-boot] [           main] o.s.b.f.s.DefaultListableBeanFactory     : Returning cached instance of singleton bean 'mvcResourceUrlProvider'
2025-04-01T15:16:26.582+05:30 DEBUG 16888 --- [learn-spring-boot] [           main] o.s.b.f.s.DefaultListableBeanFactory     : Autowiring by type from bean name 'resourceHandlerMapping' via factory method to bean named 'mvcContentNegotiationManager'
2025-04-01T15:16:26.582+05:30 DEBUG 16888 --- [learn-spring-boot] [           main] o.s.b.f.s.DefaultListableBeanFactory     : Autowiring by type from bean name 'resourceHandlerMapping' via factory method to bean named 'mvcConversionService'
2025-04-01T15:16:26.582+05:30 DEBUG 16888 --- [learn-spring-boot] [           main] o.s.b.f.s.DefaultListableBeanFactory     : Autowiring by type from bean name 'resourceHandlerMapping' via factory method to bean named 'mvcResourceUrlProvider'
2025-04-01T15:16:26.629+05:30 TRACE 16888 --- [learn-spring-boot] [           main] o.s.w.s.handler.SimpleUrlHandlerMapping  : Mapped [/webjars/**] onto ResourceHttpRequestHandler [classpath [META-INF/resources/webjars/]]
2025-04-01T15:16:26.629+05:30 TRACE 16888 --- [learn-spring-boot] [           main] o.s.w.s.handler.SimpleUrlHandlerMapping  : Mapped [/**] onto ResourceHttpRequestHandler [classpath [META-INF/resources/], classpath [resources/], classpath [static/], classpath [public/], ServletContext [/]]
2025-04-01T15:16:26.629+05:30 DEBUG 16888 --- [learn-spring-boot] [           main] o.s.w.s.handler.SimpleUrlHandlerMapping  : Patterns [/webjars/**, /**] in 'resourceHandlerMapping'
2025-04-01T15:16:26.630+05:30 TRACE 16888 --- [learn-spring-boot] [           main] o.s.b.f.s.DefaultListableBeanFactory     : Finished creating instance of bean 'resourceHandlerMapping'
2025-04-01T15:16:26.630+05:30 TRACE 16888 --- [learn-spring-boot] [           main] o.s.b.f.s.DefaultListableBeanFactory     : Returning cached instance of singleton bean 'mvcResourceUrlProvider'
2025-04-01T15:16:26.630+05:30 DEBUG 16888 --- [learn-spring-boot] [           main] o.s.b.f.s.DefaultListableBeanFactory     : Creating shared instance of singleton bean 'defaultServletHandlerMapping'
2025-04-01T15:16:26.630+05:30 TRACE 16888 --- [learn-spring-boot] [           main] o.s.b.f.s.DefaultListableBeanFactory     : Creating instance of bean 'defaultServletHandlerMapping'
2025-04-01T15:16:26.630+05:30 TRACE 16888 --- [learn-spring-boot] [           main] o.s.b.f.s.DefaultListableBeanFactory     : Returning cached instance of singleton bean 'org.springframework.boot.autoconfigure.web.servlet.WebMvcAutoConfiguration$EnableWebMvcConfiguration'
2025-04-01T15:16:26.630+05:30 TRACE 16888 --- [learn-spring-boot] [           main] o.s.b.f.s.DefaultListableBeanFactory     : Finished creating instance of bean 'defaultServletHandlerMapping'
2025-04-01T15:16:26.630+05:30 DEBUG 16888 --- [learn-spring-boot] [           main] o.s.b.f.s.DefaultListableBeanFactory     : Creating shared instance of singleton bean 'requestMappingHandlerAdapter'
2025-04-01T15:16:26.630+05:30 TRACE 16888 --- [learn-spring-boot] [           main] o.s.b.f.s.DefaultListableBeanFactory     : Creating instance of bean 'requestMappingHandlerAdapter'
2025-04-01T15:16:26.630+05:30 TRACE 16888 --- [learn-spring-boot] [           main] o.s.b.f.s.DefaultListableBeanFactory     : Returning cached instance of singleton bean 'org.springframework.boot.autoconfigure.web.servlet.WebMvcAutoConfiguration$EnableWebMvcConfiguration'
2025-04-01T15:16:26.631+05:30 TRACE 16888 --- [learn-spring-boot] [           main] o.s.b.f.s.DefaultListableBeanFactory     : Returning cached instance of singleton bean 'mvcContentNegotiationManager'
2025-04-01T15:16:26.631+05:30 TRACE 16888 --- [learn-spring-boot] [           main] o.s.b.f.s.DefaultListableBeanFactory     : Returning cached instance of singleton bean 'mvcConversionService'
2025-04-01T15:16:26.631+05:30 TRACE 16888 --- [learn-spring-boot] [           main] o.s.b.f.s.DefaultListableBeanFactory     : Returning cached instance of singleton bean 'mvcValidator'
2025-04-01T15:16:26.631+05:30 DEBUG 16888 --- [learn-spring-boot] [           main] o.s.b.f.s.DefaultListableBeanFactory     : Autowiring by type from bean name 'requestMappingHandlerAdapter' via factory method to bean named 'mvcContentNegotiationManager'
2025-04-01T15:16:26.631+05:30 DEBUG 16888 --- [learn-spring-boot] [           main] o.s.b.f.s.DefaultListableBeanFactory     : Autowiring by type from bean name 'requestMappingHandlerAdapter' via factory method to bean named 'mvcConversionService'
2025-04-01T15:16:26.631+05:30 DEBUG 16888 --- [learn-spring-boot] [           main] o.s.b.f.s.DefaultListableBeanFactory     : Autowiring by type from bean name 'requestMappingHandlerAdapter' via factory method to bean named 'mvcValidator'
2025-04-01T15:16:26.642+05:30 DEBUG 16888 --- [learn-spring-boot] [           main] o.s.b.f.s.DefaultListableBeanFactory     : Creating shared instance of singleton bean 'applicationTaskExecutor'
2025-04-01T15:16:26.642+05:30 TRACE 16888 --- [learn-spring-boot] [           main] o.s.b.f.s.DefaultListableBeanFactory     : Creating instance of bean 'applicationTaskExecutor'
2025-04-01T15:16:26.642+05:30 TRACE 16888 --- [learn-spring-boot] [           main] o.s.b.f.s.DefaultListableBeanFactory     : Returning cached instance of singleton bean 'org.springframework.boot.autoconfigure.task.TaskExecutorConfigurations$TaskExecutorConfiguration'
2025-04-01T15:16:26.642+05:30 TRACE 16888 --- [learn-spring-boot] [           main] o.s.b.f.s.DefaultListableBeanFactory     : Returning cached instance of singleton bean 'threadPoolTaskExecutorBuilder'
2025-04-01T15:16:26.642+05:30 DEBUG 16888 --- [learn-spring-boot] [           main] o.s.b.f.s.DefaultListableBeanFactory     : Autowiring by type from bean name 'applicationTaskExecutor' via factory method to bean named 'threadPoolTaskExecutorBuilder'
2025-04-01T15:16:26.648+05:30 TRACE 16888 --- [learn-spring-boot] [           main] o.s.b.f.s.DefaultListableBeanFactory     : Invoking afterPropertiesSet() on bean with name 'applicationTaskExecutor'
2025-04-01T15:16:26.648+05:30 DEBUG 16888 --- [learn-spring-boot] [           main] o.s.s.concurrent.ThreadPoolTaskExecutor  : Initializing ExecutorService 'applicationTaskExecutor'
2025-04-01T15:16:26.648+05:30 TRACE 16888 --- [learn-spring-boot] [           main] o.s.b.f.s.DefaultListableBeanFactory     : Finished creating instance of bean 'applicationTaskExecutor'
2025-04-01T15:16:26.653+05:30 TRACE 16888 --- [learn-spring-boot] [           main] o.s.b.f.s.DefaultListableBeanFactory     : Invoking afterPropertiesSet() on bean with name 'requestMappingHandlerAdapter'
2025-04-01T15:16:26.658+05:30 DEBUG 16888 --- [learn-spring-boot] [           main] s.w.s.m.m.a.RequestMappingHandlerAdapter : ControllerAdvice beans: 0 @ModelAttribute, 0 @InitBinder, 1 RequestBodyAdvice, 1 ResponseBodyAdvice
2025-04-01T15:16:26.681+05:30 TRACE 16888 --- [learn-spring-boot] [           main] o.s.b.f.s.DefaultListableBeanFactory     : Returning cached instance of singleton bean 'beanNameViewResolver'
2025-04-01T15:16:26.681+05:30 DEBUG 16888 --- [learn-spring-boot] [           main] o.s.b.f.s.DefaultListableBeanFactory     : Creating shared instance of singleton bean 'mvcViewResolver'
2025-04-01T15:16:26.681+05:30 TRACE 16888 --- [learn-spring-boot] [           main] o.s.b.f.s.DefaultListableBeanFactory     : Creating instance of bean 'mvcViewResolver'
2025-04-01T15:16:26.681+05:30 TRACE 16888 --- [learn-spring-boot] [           main] o.s.b.f.s.DefaultListableBeanFactory     : Returning cached instance of singleton bean 'org.springframework.boot.autoconfigure.web.servlet.WebMvcAutoConfiguration$EnableWebMvcConfiguration'
2025-04-01T15:16:26.681+05:30 TRACE 16888 --- [learn-spring-boot] [           main] o.s.b.f.s.DefaultListableBeanFactory     : Returning cached instance of singleton bean 'mvcContentNegotiationManager'
2025-04-01T15:16:26.681+05:30 DEBUG 16888 --- [learn-spring-boot] [           main] o.s.b.f.s.DefaultListableBeanFactory     : Autowiring by type from bean name 'mvcViewResolver' via factory method to bean named 'mvcContentNegotiationManager'
2025-04-01T15:16:26.683+05:30 TRACE 16888 --- [learn-spring-boot] [           main] o.s.b.f.s.DefaultListableBeanFactory     : Invoking afterPropertiesSet() on bean with name 'mvcViewResolver'
2025-04-01T15:16:26.683+05:30 TRACE 16888 --- [learn-spring-boot] [           main] o.s.b.f.s.DefaultListableBeanFactory     : Finished creating instance of bean 'mvcViewResolver'
2025-04-01T15:16:26.684+05:30 DEBUG 16888 --- [learn-spring-boot] [           main] o.s.b.f.s.DefaultListableBeanFactory     : Creating shared instance of singleton bean 'defaultViewResolver'
2025-04-01T15:16:26.684+05:30 TRACE 16888 --- [learn-spring-boot] [           main] o.s.b.f.s.DefaultListableBeanFactory     : Creating instance of bean 'defaultViewResolver'
2025-04-01T15:16:26.684+05:30 TRACE 16888 --- [learn-spring-boot] [           main] o.s.b.f.s.DefaultListableBeanFactory     : Returning cached instance of singleton bean 'org.springframework.boot.autoconfigure.web.servlet.WebMvcAutoConfiguration$WebMvcAutoConfigurationAdapter'
2025-04-01T15:16:26.688+05:30 TRACE 16888 --- [learn-spring-boot] [           main] o.s.b.f.s.DefaultListableBeanFactory     : Finished creating instance of bean 'defaultViewResolver'
2025-04-01T15:16:26.688+05:30 DEBUG 16888 --- [learn-spring-boot] [           main] o.s.b.f.s.DefaultListableBeanFactory     : Creating shared instance of singleton bean 'viewResolver'
2025-04-01T15:16:26.688+05:30 TRACE 16888 --- [learn-spring-boot] [           main] o.s.b.f.s.DefaultListableBeanFactory     : Creating instance of bean 'viewResolver'
2025-04-01T15:16:26.688+05:30 TRACE 16888 --- [learn-spring-boot] [           main] o.s.b.f.s.DefaultListableBeanFactory     : Returning cached instance of singleton bean 'org.springframework.boot.autoconfigure.web.servlet.WebMvcAutoConfiguration$WebMvcAutoConfigurationAdapter'
2025-04-01T15:16:26.689+05:30 DEBUG 16888 --- [learn-spring-boot] [           main] o.s.b.f.s.DefaultListableBeanFactory     : Autowiring by type from bean name 'viewResolver' via factory method to bean named 'org.springframework.beans.factory.support.DefaultListableBeanFactory@bcb09a6'
2025-04-01T15:16:26.690+05:30 TRACE 16888 --- [learn-spring-boot] [           main] o.s.b.f.s.DefaultListableBeanFactory     : Returning cached instance of singleton bean 'mvcContentNegotiationManager'
2025-04-01T15:16:26.691+05:30 TRACE 16888 --- [learn-spring-boot] [           main] o.s.b.f.s.DefaultListableBeanFactory     : Returning cached instance of singleton bean 'beanNameViewResolver'
2025-04-01T15:16:26.691+05:30 TRACE 16888 --- [learn-spring-boot] [           main] o.s.b.f.s.DefaultListableBeanFactory     : Returning cached instance of singleton bean 'mvcViewResolver'
2025-04-01T15:16:26.691+05:30 TRACE 16888 --- [learn-spring-boot] [           main] o.s.b.f.s.DefaultListableBeanFactory     : Returning cached instance of singleton bean 'defaultViewResolver'
2025-04-01T15:16:26.692+05:30 DEBUG 16888 --- [learn-spring-boot] [           main] o.s.b.f.s.DefaultListableBeanFactory     : Creating shared instance of singleton bean 'viewResolver'
2025-04-01T15:16:26.693+05:30 TRACE 16888 --- [learn-spring-boot] [           main] o.s.b.f.s.DefaultListableBeanFactory     : Ignoring match to currently created bean 'viewResolver': Error creating bean with name 'viewResolver': Requested bean is currently in creation: Is there an unresolvable circular reference or an asynchronous initialization dependency?
2025-04-01T15:16:26.693+05:30 TRACE 16888 --- [learn-spring-boot] [           main] o.s.b.f.s.DefaultListableBeanFactory     : Invoking afterPropertiesSet() on bean with name 'viewResolver'
2025-04-01T15:16:26.693+05:30 TRACE 16888 --- [learn-spring-boot] [           main] o.s.b.f.s.DefaultListableBeanFactory     : Finished creating instance of bean 'viewResolver'
2025-04-01T15:16:26.693+05:30 TRACE 16888 --- [learn-spring-boot] [           main] o.s.b.f.s.DefaultListableBeanFactory     : Returning cached instance of singleton bean 'localeResolver'
2025-04-01T15:16:26.700+05:30 TRACE 16888 --- [learn-spring-boot] [           main] o.s.b.f.s.DefaultListableBeanFactory     : Finished creating instance of bean 'requestMappingHandlerAdapter'
2025-04-01T15:16:26.700+05:30 DEBUG 16888 --- [learn-spring-boot] [           main] o.s.b.f.s.DefaultListableBeanFactory     : Creating shared instance of singleton bean 'handlerFunctionAdapter'
2025-04-01T15:16:26.700+05:30 TRACE 16888 --- [learn-spring-boot] [           main] o.s.b.f.s.DefaultListableBeanFactory     : Creating instance of bean 'handlerFunctionAdapter'
2025-04-01T15:16:26.700+05:30 TRACE 16888 --- [learn-spring-boot] [           main] o.s.b.f.s.DefaultListableBeanFactory     : Returning cached instance of singleton bean 'org.springframework.boot.autoconfigure.web.servlet.WebMvcAutoConfiguration$EnableWebMvcConfiguration'
2025-04-01T15:16:26.701+05:30 TRACE 16888 --- [learn-spring-boot] [           main] o.s.b.f.s.DefaultListableBeanFactory     : Finished creating instance of bean 'handlerFunctionAdapter'
2025-04-01T15:16:26.701+05:30 DEBUG 16888 --- [learn-spring-boot] [           main] o.s.b.f.s.DefaultListableBeanFactory     : Creating shared instance of singleton bean 'mvcUriComponentsContributor'
2025-04-01T15:16:26.701+05:30 TRACE 16888 --- [learn-spring-boot] [           main] o.s.b.f.s.DefaultListableBeanFactory     : Creating instance of bean 'mvcUriComponentsContributor'
2025-04-01T15:16:26.701+05:30 TRACE 16888 --- [learn-spring-boot] [           main] o.s.b.f.s.DefaultListableBeanFactory     : Returning cached instance of singleton bean 'org.springframework.boot.autoconfigure.web.servlet.WebMvcAutoConfiguration$EnableWebMvcConfiguration'
2025-04-01T15:16:26.702+05:30 TRACE 16888 --- [learn-spring-boot] [           main] o.s.b.f.s.DefaultListableBeanFactory     : Returning cached instance of singleton bean 'mvcConversionService'
2025-04-01T15:16:26.702+05:30 TRACE 16888 --- [learn-spring-boot] [           main] o.s.b.f.s.DefaultListableBeanFactory     : Returning cached instance of singleton bean 'requestMappingHandlerAdapter'
2025-04-01T15:16:26.702+05:30 DEBUG 16888 --- [learn-spring-boot] [           main] o.s.b.f.s.DefaultListableBeanFactory     : Autowiring by type from bean name 'mvcUriComponentsContributor' via factory method to bean named 'mvcConversionService'
2025-04-01T15:16:26.702+05:30 DEBUG 16888 --- [learn-spring-boot] [           main] o.s.b.f.s.DefaultListableBeanFactory     : Autowiring by type from bean name 'mvcUriComponentsContributor' via factory method to bean named 'requestMappingHandlerAdapter'
2025-04-01T15:16:26.704+05:30 TRACE 16888 --- [learn-spring-boot] [           main] o.s.b.f.s.DefaultListableBeanFactory     : Finished creating instance of bean 'mvcUriComponentsContributor'
2025-04-01T15:16:26.704+05:30 DEBUG 16888 --- [learn-spring-boot] [           main] o.s.b.f.s.DefaultListableBeanFactory     : Creating shared instance of singleton bean 'httpRequestHandlerAdapter'
2025-04-01T15:16:26.704+05:30 TRACE 16888 --- [learn-spring-boot] [           main] o.s.b.f.s.DefaultListableBeanFactory     : Creating instance of bean 'httpRequestHandlerAdapter'
2025-04-01T15:16:26.704+05:30 TRACE 16888 --- [learn-spring-boot] [           main] o.s.b.f.s.DefaultListableBeanFactory     : Returning cached instance of singleton bean 'org.springframework.boot.autoconfigure.web.servlet.WebMvcAutoConfiguration$EnableWebMvcConfiguration'
2025-04-01T15:16:26.704+05:30 TRACE 16888 --- [learn-spring-boot] [           main] o.s.b.f.s.DefaultListableBeanFactory     : Finished creating instance of bean 'httpRequestHandlerAdapter'
2025-04-01T15:16:26.705+05:30 DEBUG 16888 --- [learn-spring-boot] [           main] o.s.b.f.s.DefaultListableBeanFactory     : Creating shared instance of singleton bean 'simpleControllerHandlerAdapter'
2025-04-01T15:16:26.705+05:30 TRACE 16888 --- [learn-spring-boot] [           main] o.s.b.f.s.DefaultListableBeanFactory     : Creating instance of bean 'simpleControllerHandlerAdapter'
2025-04-01T15:16:26.705+05:30 TRACE 16888 --- [learn-spring-boot] [           main] o.s.b.f.s.DefaultListableBeanFactory     : Returning cached instance of singleton bean 'org.springframework.boot.autoconfigure.web.servlet.WebMvcAutoConfiguration$EnableWebMvcConfiguration'
2025-04-01T15:16:26.705+05:30 TRACE 16888 --- [learn-spring-boot] [           main] o.s.b.f.s.DefaultListableBeanFactory     : Finished creating instance of bean 'simpleControllerHandlerAdapter'
2025-04-01T15:16:26.705+05:30 DEBUG 16888 --- [learn-spring-boot] [           main] o.s.b.f.s.DefaultListableBeanFactory     : Creating shared instance of singleton bean 'handlerExceptionResolver'
2025-04-01T15:16:26.705+05:30 TRACE 16888 --- [learn-spring-boot] [           main] o.s.b.f.s.DefaultListableBeanFactory     : Creating instance of bean 'handlerExceptionResolver'
2025-04-01T15:16:26.706+05:30 TRACE 16888 --- [learn-spring-boot] [           main] o.s.b.f.s.DefaultListableBeanFactory     : Returning cached instance of singleton bean 'org.springframework.boot.autoconfigure.web.servlet.WebMvcAutoConfiguration$EnableWebMvcConfiguration'
2025-04-01T15:16:26.706+05:30 TRACE 16888 --- [learn-spring-boot] [           main] o.s.b.f.s.DefaultListableBeanFactory     : Returning cached instance of singleton bean 'mvcContentNegotiationManager'
2025-04-01T15:16:26.706+05:30 DEBUG 16888 --- [learn-spring-boot] [           main] o.s.b.f.s.DefaultListableBeanFactory     : Autowiring by type from bean name 'handlerExceptionResolver' via factory method to bean named 'mvcContentNegotiationManager'
2025-04-01T15:16:26.709+05:30 DEBUG 16888 --- [learn-spring-boot] [           main] .m.m.a.ExceptionHandlerExceptionResolver : ControllerAdvice beans: 0 @ExceptionHandler, 1 ResponseBodyAdvice
2025-04-01T15:16:26.712+05:30 TRACE 16888 --- [learn-spring-boot] [           main] o.s.b.f.s.DefaultListableBeanFactory     : Finished creating instance of bean 'handlerExceptionResolver'
2025-04-01T15:16:26.712+05:30 TRACE 16888 --- [learn-spring-boot] [           main] o.s.b.f.s.DefaultListableBeanFactory     : Returning cached instance of singleton bean 'mvcViewResolver'
2025-04-01T15:16:26.712+05:30 TRACE 16888 --- [learn-spring-boot] [           main] o.s.b.f.s.DefaultListableBeanFactory     : Returning cached instance of singleton bean 'org.springframework.boot.autoconfigure.web.servlet.WebMvcAutoConfiguration$WebMvcAutoConfigurationAdapter'
2025-04-01T15:16:26.712+05:30 TRACE 16888 --- [learn-spring-boot] [           main] o.s.b.f.s.DefaultListableBeanFactory     : Returning cached instance of singleton bean 'defaultViewResolver'
2025-04-01T15:16:26.712+05:30 TRACE 16888 --- [learn-spring-boot] [           main] o.s.b.f.s.DefaultListableBeanFactory     : Returning cached instance of singleton bean 'viewResolver'
2025-04-01T15:16:26.712+05:30 DEBUG 16888 --- [learn-spring-boot] [           main] o.s.b.f.s.DefaultListableBeanFactory     : Creating shared instance of singleton bean 'requestContextFilter'
2025-04-01T15:16:26.712+05:30 TRACE 16888 --- [learn-spring-boot] [           main] o.s.b.f.s.DefaultListableBeanFactory     : Creating instance of bean 'requestContextFilter'
2025-04-01T15:16:26.714+05:30 TRACE 16888 --- [learn-spring-boot] [           main] o.s.b.f.s.DefaultListableBeanFactory     : Invoking afterPropertiesSet() on bean with name 'requestContextFilter'
2025-04-01T15:16:26.714+05:30 TRACE 16888 --- [learn-spring-boot] [           main] o.s.b.f.s.DefaultListableBeanFactory     : Finished creating instance of bean 'requestContextFilter'
2025-04-01T15:16:26.714+05:30 DEBUG 16888 --- [learn-spring-boot] [           main] o.s.b.f.s.DefaultListableBeanFactory     : Creating shared instance of singleton bean 'org.springframework.boot.autoconfigure.web.servlet.WebMvcAutoConfiguration'
2025-04-01T15:16:26.714+05:30 TRACE 16888 --- [learn-spring-boot] [           main] o.s.b.f.s.DefaultListableBeanFactory     : Creating instance of bean 'org.springframework.boot.autoconfigure.web.servlet.WebMvcAutoConfiguration'
2025-04-01T15:16:26.714+05:30 TRACE 16888 --- [learn-spring-boot] [           main] o.s.b.f.s.DefaultListableBeanFactory     : Finished creating instance of bean 'org.springframework.boot.autoconfigure.web.servlet.WebMvcAutoConfiguration'
2025-04-01T15:16:26.714+05:30 DEBUG 16888 --- [learn-spring-boot] [           main] o.s.b.f.s.DefaultListableBeanFactory     : Creating shared instance of singleton bean 'formContentFilter'
2025-04-01T15:16:26.714+05:30 TRACE 16888 --- [learn-spring-boot] [           main] o.s.b.f.s.DefaultListableBeanFactory     : Creating instance of bean 'formContentFilter'
2025-04-01T15:16:26.714+05:30 TRACE 16888 --- [learn-spring-boot] [           main] o.s.b.f.s.DefaultListableBeanFactory     : Returning cached instance of singleton bean 'org.springframework.boot.autoconfigure.web.servlet.WebMvcAutoConfiguration'
2025-04-01T15:16:26.716+05:30 TRACE 16888 --- [learn-spring-boot] [           main] o.s.b.f.s.DefaultListableBeanFactory     : Invoking afterPropertiesSet() on bean with name 'formContentFilter'
2025-04-01T15:16:26.716+05:30 TRACE 16888 --- [learn-spring-boot] [           main] o.s.b.f.s.DefaultListableBeanFactory     : Finished creating instance of bean 'formContentFilter'
2025-04-01T15:16:26.716+05:30 DEBUG 16888 --- [learn-spring-boot] [           main] o.s.b.f.s.DefaultListableBeanFactory     : Creating shared instance of singleton bean 'org.springframework.boot.autoconfigure.availability.ApplicationAvailabilityAutoConfiguration'
2025-04-01T15:16:26.716+05:30 TRACE 16888 --- [learn-spring-boot] [           main] o.s.b.f.s.DefaultListableBeanFactory     : Creating instance of bean 'org.springframework.boot.autoconfigure.availability.ApplicationAvailabilityAutoConfiguration'
2025-04-01T15:16:26.716+05:30 TRACE 16888 --- [learn-spring-boot] [           main] o.s.b.f.s.DefaultListableBeanFactory     : Finished creating instance of bean 'org.springframework.boot.autoconfigure.availability.ApplicationAvailabilityAutoConfiguration'
2025-04-01T15:16:26.716+05:30 DEBUG 16888 --- [learn-spring-boot] [           main] o.s.b.f.s.DefaultListableBeanFactory     : Creating shared instance of singleton bean 'applicationAvailability'
2025-04-01T15:16:26.716+05:30 TRACE 16888 --- [learn-spring-boot] [           main] o.s.b.f.s.DefaultListableBeanFactory     : Creating instance of bean 'applicationAvailability'
2025-04-01T15:16:26.716+05:30 TRACE 16888 --- [learn-spring-boot] [           main] o.s.b.f.s.DefaultListableBeanFactory     : Returning cached instance of singleton bean 'org.springframework.boot.autoconfigure.availability.ApplicationAvailabilityAutoConfiguration'
2025-04-01T15:16:26.718+05:30 TRACE 16888 --- [learn-spring-boot] [           main] o.s.b.f.s.DefaultListableBeanFactory     : Finished creating instance of bean 'applicationAvailability'
2025-04-01T15:16:26.718+05:30 DEBUG 16888 --- [learn-spring-boot] [           main] o.s.b.f.s.DefaultListableBeanFactory     : Creating shared instance of singleton bean 'org.springframework.boot.actuate.autoconfigure.availability.AvailabilityHealthContributorAutoConfiguration'
2025-04-01T15:16:26.718+05:30 TRACE 16888 --- [learn-spring-boot] [           main] o.s.b.f.s.DefaultListableBeanFactory     : Creating instance of bean 'org.springframework.boot.actuate.autoconfigure.availability.AvailabilityHealthContributorAutoConfiguration'
2025-04-01T15:16:26.720+05:30 TRACE 16888 --- [learn-spring-boot] [           main] o.s.b.f.s.DefaultListableBeanFactory     : Finished creating instance of bean 'org.springframework.boot.actuate.autoconfigure.availability.AvailabilityHealthContributorAutoConfiguration'
2025-04-01T15:16:26.720+05:30 TRACE 16888 --- [learn-spring-boot] [           main] o.s.b.f.s.DefaultListableBeanFactory     : Returning cached instance of singleton bean 'org.springframework.boot.autoconfigure.jackson.JacksonAutoConfiguration$Jackson2ObjectMapperBuilderCustomizerConfiguration'
2025-04-01T15:16:26.720+05:30 TRACE 16888 --- [learn-spring-boot] [           main] o.s.b.f.s.DefaultListableBeanFactory     : Returning cached instance of singleton bean 'standardJacksonObjectMapperBuilderCustomizer'
2025-04-01T15:16:26.720+05:30 TRACE 16888 --- [learn-spring-boot] [           main] o.s.b.f.s.DefaultListableBeanFactory     : Returning cached instance of singleton bean 'spring.jackson-org.springframework.boot.autoconfigure.jackson.JacksonProperties'
2025-04-01T15:16:26.720+05:30 TRACE 16888 --- [learn-spring-boot] [           main] o.s.b.f.s.DefaultListableBeanFactory     : Returning cached instance of singleton bean 'org.springframework.boot.autoconfigure.jackson.JacksonAutoConfiguration$JacksonObjectMapperBuilderConfiguration'
2025-04-01T15:16:26.720+05:30 TRACE 16888 --- [learn-spring-boot] [           main] o.s.b.f.s.DefaultListableBeanFactory     : Returning cached instance of singleton bean 'org.springframework.boot.autoconfigure.jackson.JacksonAutoConfiguration$ParameterNamesModuleConfiguration'
2025-04-01T15:16:26.720+05:30 TRACE 16888 --- [learn-spring-boot] [           main] o.s.b.f.s.DefaultListableBeanFactory     : Returning cached instance of singleton bean 'parameterNamesModule'
2025-04-01T15:16:26.721+05:30 TRACE 16888 --- [learn-spring-boot] [           main] o.s.b.f.s.DefaultListableBeanFactory     : Returning cached instance of singleton bean 'org.springframework.boot.autoconfigure.jackson.JacksonAutoConfiguration$JacksonObjectMapperConfiguration'
2025-04-01T15:16:26.721+05:30 TRACE 16888 --- [learn-spring-boot] [           main] o.s.b.f.s.DefaultListableBeanFactory     : Returning cached instance of singleton bean 'jacksonObjectMapper'
2025-04-01T15:16:26.721+05:30 TRACE 16888 --- [learn-spring-boot] [           main] o.s.b.f.s.DefaultListableBeanFactory     : Returning cached instance of singleton bean 'org.springframework.boot.autoconfigure.jackson.JacksonAutoConfiguration$JacksonMixinConfiguration'
2025-04-01T15:16:26.721+05:30 TRACE 16888 --- [learn-spring-boot] [           main] o.s.b.f.s.DefaultListableBeanFactory     : Returning cached instance of singleton bean 'jsonMixinModuleEntries'
2025-04-01T15:16:26.721+05:30 TRACE 16888 --- [learn-spring-boot] [           main] o.s.b.f.s.DefaultListableBeanFactory     : Returning cached instance of singleton bean 'jsonMixinModule'
2025-04-01T15:16:26.721+05:30 TRACE 16888 --- [learn-spring-boot] [           main] o.s.b.f.s.DefaultListableBeanFactory     : Returning cached instance of singleton bean 'org.springframework.boot.autoconfigure.jackson.JacksonAutoConfiguration'
2025-04-01T15:16:26.721+05:30 TRACE 16888 --- [learn-spring-boot] [           main] o.s.b.f.s.DefaultListableBeanFactory     : Returning cached instance of singleton bean 'jsonComponentModule'
2025-04-01T15:16:26.721+05:30 DEBUG 16888 --- [learn-spring-boot] [           main] o.s.b.f.s.DefaultListableBeanFactory     : Creating shared instance of singleton bean 'org.springframework.boot.actuate.autoconfigure.health.HealthEndpointConfiguration'
2025-04-01T15:16:26.721+05:30 TRACE 16888 --- [learn-spring-boot] [           main] o.s.b.f.s.DefaultListableBeanFactory     : Creating instance of bean 'org.springframework.boot.actuate.autoconfigure.health.HealthEndpointConfiguration'
2025-04-01T15:16:26.721+05:30 TRACE 16888 --- [learn-spring-boot] [           main] o.s.b.f.s.DefaultListableBeanFactory     : Finished creating instance of bean 'org.springframework.boot.actuate.autoconfigure.health.HealthEndpointConfiguration'
2025-04-01T15:16:26.721+05:30 DEBUG 16888 --- [learn-spring-boot] [           main] o.s.b.f.s.DefaultListableBeanFactory     : Creating shared instance of singleton bean 'healthStatusAggregator'
2025-04-01T15:16:26.721+05:30 TRACE 16888 --- [learn-spring-boot] [           main] o.s.b.f.s.DefaultListableBeanFactory     : Creating instance of bean 'healthStatusAggregator'
2025-04-01T15:16:26.721+05:30 TRACE 16888 --- [learn-spring-boot] [           main] o.s.b.f.s.DefaultListableBeanFactory     : Returning cached instance of singleton bean 'org.springframework.boot.actuate.autoconfigure.health.HealthEndpointConfiguration'
2025-04-01T15:16:26.721+05:30 DEBUG 16888 --- [learn-spring-boot] [           main] o.s.b.f.s.DefaultListableBeanFactory     : Creating shared instance of singleton bean 'management.endpoint.health-org.springframework.boot.actuate.autoconfigure.health.HealthEndpointProperties'
2025-04-01T15:16:26.722+05:30 TRACE 16888 --- [learn-spring-boot] [           main] o.s.b.f.s.DefaultListableBeanFactory     : Creating instance of bean 'management.endpoint.health-org.springframework.boot.actuate.autoconfigure.health.HealthEndpointProperties'
2025-04-01T15:16:26.723+05:30 TRACE 16888 --- [learn-spring-boot] [           main] o.s.b.f.s.DefaultListableBeanFactory     : Returning cached instance of singleton bean 'org.springframework.boot.context.properties.BoundConfigurationProperties'
2025-04-01T15:16:26.724+05:30 TRACE 16888 --- [learn-spring-boot] [           main] o.s.b.f.s.DefaultListableBeanFactory     : Finished creating instance of bean 'management.endpoint.health-org.springframework.boot.actuate.autoconfigure.health.HealthEndpointProperties'
2025-04-01T15:16:26.724+05:30 DEBUG 16888 --- [learn-spring-boot] [           main] o.s.b.f.s.DefaultListableBeanFactory     : Autowiring by type from bean name 'healthStatusAggregator' via factory method to bean named 'management.endpoint.health-org.springframework.boot.actuate.autoconfigure.health.HealthEndpointProperties'
2025-04-01T15:16:26.727+05:30 TRACE 16888 --- [learn-spring-boot] [           main] o.s.b.f.s.DefaultListableBeanFactory     : Finished creating instance of bean 'healthStatusAggregator'
2025-04-01T15:16:26.727+05:30 DEBUG 16888 --- [learn-spring-boot] [           main] o.s.b.f.s.DefaultListableBeanFactory     : Creating shared instance of singleton bean 'healthHttpCodeStatusMapper'
2025-04-01T15:16:26.727+05:30 TRACE 16888 --- [learn-spring-boot] [           main] o.s.b.f.s.DefaultListableBeanFactory     : Creating instance of bean 'healthHttpCodeStatusMapper'
2025-04-01T15:16:26.727+05:30 TRACE 16888 --- [learn-spring-boot] [           main] o.s.b.f.s.DefaultListableBeanFactory     : Returning cached instance of singleton bean 'org.springframework.boot.actuate.autoconfigure.health.HealthEndpointConfiguration'
2025-04-01T15:16:26.727+05:30 TRACE 16888 --- [learn-spring-boot] [           main] o.s.b.f.s.DefaultListableBeanFactory     : Returning cached instance of singleton bean 'management.endpoint.health-org.springframework.boot.actuate.autoconfigure.health.HealthEndpointProperties'
2025-04-01T15:16:26.727+05:30 DEBUG 16888 --- [learn-spring-boot] [           main] o.s.b.f.s.DefaultListableBeanFactory     : Autowiring by type from bean name 'healthHttpCodeStatusMapper' via factory method to bean named 'management.endpoint.health-org.springframework.boot.actuate.autoconfigure.health.HealthEndpointProperties'
2025-04-01T15:16:26.728+05:30 TRACE 16888 --- [learn-spring-boot] [           main] o.s.b.f.s.DefaultListableBeanFactory     : Finished creating instance of bean 'healthHttpCodeStatusMapper'
2025-04-01T15:16:26.728+05:30 DEBUG 16888 --- [learn-spring-boot] [           main] o.s.b.f.s.DefaultListableBeanFactory     : Creating shared instance of singleton bean 'healthEndpointGroups'
2025-04-01T15:16:26.728+05:30 TRACE 16888 --- [learn-spring-boot] [           main] o.s.b.f.s.DefaultListableBeanFactory     : Creating instance of bean 'healthEndpointGroups'
2025-04-01T15:16:26.728+05:30 TRACE 16888 --- [learn-spring-boot] [           main] o.s.b.f.s.DefaultListableBeanFactory     : Returning cached instance of singleton bean 'org.springframework.boot.actuate.autoconfigure.health.HealthEndpointConfiguration'
2025-04-01T15:16:26.728+05:30 TRACE 16888 --- [learn-spring-boot] [           main] o.s.b.f.s.DefaultListableBeanFactory     : Returning cached instance of singleton bean 'management.endpoint.health-org.springframework.boot.actuate.autoconfigure.health.HealthEndpointProperties'
2025-04-01T15:16:26.728+05:30 DEBUG 16888 --- [learn-spring-boot] [           main] o.s.b.f.s.DefaultListableBeanFactory     : Autowiring by type from bean name 'healthEndpointGroups' via factory method to bean named 'org.springframework.web.context.support.GenericWebApplicationContext@5bbbdd4b'
2025-04-01T15:16:26.728+05:30 DEBUG 16888 --- [learn-spring-boot] [           main] o.s.b.f.s.DefaultListableBeanFactory     : Autowiring by type from bean name 'healthEndpointGroups' via factory method to bean named 'management.endpoint.health-org.springframework.boot.actuate.autoconfigure.health.HealthEndpointProperties'
2025-04-01T15:16:26.729+05:30 TRACE 16888 --- [learn-spring-boot] [           main] o.s.b.f.s.DefaultListableBeanFactory     : Returning cached instance of singleton bean 'healthStatusAggregator'
2025-04-01T15:16:26.730+05:30 TRACE 16888 --- [learn-spring-boot] [           main] o.s.b.f.s.DefaultListableBeanFactory     : Returning cached instance of singleton bean 'healthHttpCodeStatusMapper'
2025-04-01T15:16:26.733+05:30 TRACE 16888 --- [learn-spring-boot] [           main] o.s.b.f.s.DefaultListableBeanFactory     : Finished creating instance of bean 'healthEndpointGroups'
2025-04-01T15:16:26.733+05:30 DEBUG 16888 --- [learn-spring-boot] [           main] o.s.b.f.s.DefaultListableBeanFactory     : Creating shared instance of singleton bean 'healthContributorRegistry'
2025-04-01T15:16:26.733+05:30 TRACE 16888 --- [learn-spring-boot] [           main] o.s.b.f.s.DefaultListableBeanFactory     : Creating instance of bean 'healthContributorRegistry'
2025-04-01T15:16:26.733+05:30 TRACE 16888 --- [learn-spring-boot] [           main] o.s.b.f.s.DefaultListableBeanFactory     : Returning cached instance of singleton bean 'org.springframework.boot.actuate.autoconfigure.health.HealthEndpointConfiguration'
2025-04-01T15:16:26.734+05:30 TRACE 16888 --- [learn-spring-boot] [           main] o.s.b.f.s.DefaultListableBeanFactory     : Returning cached instance of singleton bean 'healthEndpointGroups'
2025-04-01T15:16:26.735+05:30 DEBUG 16888 --- [learn-spring-boot] [           main] o.s.b.f.s.DefaultListableBeanFactory     : Creating shared instance of singleton bean 'sslHealthIndicator'
2025-04-01T15:16:26.735+05:30 TRACE 16888 --- [learn-spring-boot] [           main] o.s.b.f.s.DefaultListableBeanFactory     : Creating instance of bean 'sslHealthIndicator'
2025-04-01T15:16:26.735+05:30 DEBUG 16888 --- [learn-spring-boot] [           main] o.s.b.f.s.DefaultListableBeanFactory     : Creating shared instance of singleton bean 'org.springframework.boot.actuate.autoconfigure.ssl.SslHealthContributorAutoConfiguration'
2025-04-01T15:16:26.735+05:30 TRACE 16888 --- [learn-spring-boot] [           main] o.s.b.f.s.DefaultListableBeanFactory     : Creating instance of bean 'org.springframework.boot.actuate.autoconfigure.ssl.SslHealthContributorAutoConfiguration'
2025-04-01T15:16:26.735+05:30 TRACE 16888 --- [learn-spring-boot] [           main] o.s.b.f.s.DefaultListableBeanFactory     : Finished creating instance of bean 'org.springframework.boot.actuate.autoconfigure.ssl.SslHealthContributorAutoConfiguration'
2025-04-01T15:16:26.735+05:30 DEBUG 16888 --- [learn-spring-boot] [           main] o.s.b.f.s.DefaultListableBeanFactory     : Creating shared instance of singleton bean 'sslInfo'
2025-04-01T15:16:26.735+05:30 TRACE 16888 --- [learn-spring-boot] [           main] o.s.b.f.s.DefaultListableBeanFactory     : Creating instance of bean 'sslInfo'
2025-04-01T15:16:26.735+05:30 TRACE 16888 --- [learn-spring-boot] [           main] o.s.b.f.s.DefaultListableBeanFactory     : Returning cached instance of singleton bean 'org.springframework.boot.actuate.autoconfigure.ssl.SslHealthContributorAutoConfiguration'
2025-04-01T15:16:26.735+05:30 TRACE 16888 --- [learn-spring-boot] [           main] o.s.b.f.s.DefaultListableBeanFactory     : Returning cached instance of singleton bean 'sslBundleRegistry'
2025-04-01T15:16:26.735+05:30 DEBUG 16888 --- [learn-spring-boot] [           main] o.s.b.f.s.DefaultListableBeanFactory     : Creating shared instance of singleton bean 'management.health.ssl-org.springframework.boot.actuate.autoconfigure.ssl.SslHealthIndicatorProperties'
2025-04-01T15:16:26.735+05:30 TRACE 16888 --- [learn-spring-boot] [           main] o.s.b.f.s.DefaultListableBeanFactory     : Creating instance of bean 'management.health.ssl-org.springframework.boot.actuate.autoconfigure.ssl.SslHealthIndicatorProperties'
2025-04-01T15:16:26.736+05:30 TRACE 16888 --- [learn-spring-boot] [           main] o.s.b.f.s.DefaultListableBeanFactory     : Returning cached instance of singleton bean 'org.springframework.boot.context.properties.BoundConfigurationProperties'
2025-04-01T15:16:26.736+05:30 TRACE 16888 --- [learn-spring-boot] [           main] o.s.b.f.s.DefaultListableBeanFactory     : Finished creating instance of bean 'management.health.ssl-org.springframework.boot.actuate.autoconfigure.ssl.SslHealthIndicatorProperties'
2025-04-01T15:16:26.736+05:30 DEBUG 16888 --- [learn-spring-boot] [           main] o.s.b.f.s.DefaultListableBeanFactory     : Autowiring by type from bean name 'sslInfo' via factory method to bean named 'sslBundleRegistry'
2025-04-01T15:16:26.736+05:30 DEBUG 16888 --- [learn-spring-boot] [           main] o.s.b.f.s.DefaultListableBeanFactory     : Autowiring by type from bean name 'sslInfo' via factory method to bean named 'management.health.ssl-org.springframework.boot.actuate.autoconfigure.ssl.SslHealthIndicatorProperties'
2025-04-01T15:16:26.738+05:30 TRACE 16888 --- [learn-spring-boot] [           main] o.s.b.f.s.DefaultListableBeanFactory     : Finished creating instance of bean 'sslInfo'
2025-04-01T15:16:26.738+05:30 DEBUG 16888 --- [learn-spring-boot] [           main] o.s.b.f.s.DefaultListableBeanFactory     : Autowiring by type from bean name 'sslHealthIndicator' via factory method to bean named 'sslInfo'
2025-04-01T15:16:26.741+05:30 TRACE 16888 --- [learn-spring-boot] [           main] o.s.b.f.s.DefaultListableBeanFactory     : Finished creating instance of bean 'sslHealthIndicator'
2025-04-01T15:16:26.741+05:30 DEBUG 16888 --- [learn-spring-boot] [           main] o.s.b.f.s.DefaultListableBeanFactory     : Creating shared instance of singleton bean 'diskSpaceHealthIndicator'
2025-04-01T15:16:26.741+05:30 TRACE 16888 --- [learn-spring-boot] [           main] o.s.b.f.s.DefaultListableBeanFactory     : Creating instance of bean 'diskSpaceHealthIndicator'
2025-04-01T15:16:26.742+05:30 DEBUG 16888 --- [learn-spring-boot] [           main] o.s.b.f.s.DefaultListableBeanFactory     : Creating shared instance of singleton bean 'org.springframework.boot.actuate.autoconfigure.system.DiskSpaceHealthContributorAutoConfiguration'
2025-04-01T15:16:26.742+05:30 TRACE 16888 --- [learn-spring-boot] [           main] o.s.b.f.s.DefaultListableBeanFactory     : Creating instance of bean 'org.springframework.boot.actuate.autoconfigure.system.DiskSpaceHealthContributorAutoConfiguration'
2025-04-01T15:16:26.742+05:30 TRACE 16888 --- [learn-spring-boot] [           main] o.s.b.f.s.DefaultListableBeanFactory     : Finished creating instance of bean 'org.springframework.boot.actuate.autoconfigure.system.DiskSpaceHealthContributorAutoConfiguration'
2025-04-01T15:16:26.742+05:30 DEBUG 16888 --- [learn-spring-boot] [           main] o.s.b.f.s.DefaultListableBeanFactory     : Creating shared instance of singleton bean 'management.health.diskspace-org.springframework.boot.actuate.autoconfigure.system.DiskSpaceHealthIndicatorProperties'
2025-04-01T15:16:26.742+05:30 TRACE 16888 --- [learn-spring-boot] [           main] o.s.b.f.s.DefaultListableBeanFactory     : Creating instance of bean 'management.health.diskspace-org.springframework.boot.actuate.autoconfigure.system.DiskSpaceHealthIndicatorProperties'
2025-04-01T15:16:26.743+05:30 TRACE 16888 --- [learn-spring-boot] [           main] o.s.b.f.s.DefaultListableBeanFactory     : Returning cached instance of singleton bean 'org.springframework.boot.context.properties.BoundConfigurationProperties'
2025-04-01T15:16:26.743+05:30 TRACE 16888 --- [learn-spring-boot] [           main] o.s.b.f.s.DefaultListableBeanFactory     : Finished creating instance of bean 'management.health.diskspace-org.springframework.boot.actuate.autoconfigure.system.DiskSpaceHealthIndicatorProperties'
2025-04-01T15:16:26.744+05:30 DEBUG 16888 --- [learn-spring-boot] [           main] o.s.b.f.s.DefaultListableBeanFactory     : Autowiring by type from bean name 'diskSpaceHealthIndicator' via factory method to bean named 'management.health.diskspace-org.springframework.boot.actuate.autoconfigure.system.DiskSpaceHealthIndicatorProperties'
2025-04-01T15:16:26.744+05:30 TRACE 16888 --- [learn-spring-boot] [           main] o.s.b.f.s.DefaultListableBeanFactory     : Finished creating instance of bean 'diskSpaceHealthIndicator'
2025-04-01T15:16:26.744+05:30 DEBUG 16888 --- [learn-spring-boot] [           main] o.s.b.f.s.DefaultListableBeanFactory     : Creating shared instance of singleton bean 'pingHealthContributor'
2025-04-01T15:16:26.744+05:30 TRACE 16888 --- [learn-spring-boot] [           main] o.s.b.f.s.DefaultListableBeanFactory     : Creating instance of bean 'pingHealthContributor'
2025-04-01T15:16:26.744+05:30 DEBUG 16888 --- [learn-spring-boot] [           main] o.s.b.f.s.DefaultListableBeanFactory     : Creating shared instance of singleton bean 'org.springframework.boot.actuate.autoconfigure.health.HealthContributorAutoConfiguration'
2025-04-01T15:16:26.744+05:30 TRACE 16888 --- [learn-spring-boot] [           main] o.s.b.f.s.DefaultListableBeanFactory     : Creating instance of bean 'org.springframework.boot.actuate.autoconfigure.health.HealthContributorAutoConfiguration'
2025-04-01T15:16:26.744+05:30 TRACE 16888 --- [learn-spring-boot] [           main] o.s.b.f.s.DefaultListableBeanFactory     : Finished creating instance of bean 'org.springframework.boot.actuate.autoconfigure.health.HealthContributorAutoConfiguration'
2025-04-01T15:16:26.745+05:30 TRACE 16888 --- [learn-spring-boot] [           main] o.s.b.f.s.DefaultListableBeanFactory     : Finished creating instance of bean 'pingHealthContributor'
2025-04-01T15:16:26.747+05:30 DEBUG 16888 --- [learn-spring-boot] [           main] o.s.b.f.s.DefaultListableBeanFactory     : Autowiring by type from bean name 'healthContributorRegistry' via factory method to bean named 'org.springframework.web.context.support.GenericWebApplicationContext@5bbbdd4b'
2025-04-01T15:16:26.747+05:30 DEBUG 16888 --- [learn-spring-boot] [           main] o.s.b.f.s.DefaultListableBeanFactory     : Autowiring by type from bean name 'healthContributorRegistry' via factory method to bean named 'healthEndpointGroups'
2025-04-01T15:16:26.747+05:30 DEBUG 16888 --- [learn-spring-boot] [           main] o.s.b.f.s.DefaultListableBeanFactory     : Autowiring by type from bean name 'healthContributorRegistry' via factory method to bean named 'sslHealthIndicator'
2025-04-01T15:16:26.747+05:30 DEBUG 16888 --- [learn-spring-boot] [           main] o.s.b.f.s.DefaultListableBeanFactory     : Autowiring by type from bean name 'healthContributorRegistry' via factory method to bean named 'diskSpaceHealthIndicator'
2025-04-01T15:16:26.747+05:30 DEBUG 16888 --- [learn-spring-boot] [           main] o.s.b.f.s.DefaultListableBeanFactory     : Autowiring by type from bean name 'healthContributorRegistry' via factory method to bean named 'pingHealthContributor'
2025-04-01T15:16:26.752+05:30 TRACE 16888 --- [learn-spring-boot] [           main] o.s.b.f.s.DefaultListableBeanFactory     : Finished creating instance of bean 'healthContributorRegistry'
2025-04-01T15:16:26.752+05:30 DEBUG 16888 --- [learn-spring-boot] [           main] o.s.b.f.s.DefaultListableBeanFactory     : Creating shared instance of singleton bean 'healthEndpointGroupMembershipValidator'
2025-04-01T15:16:26.752+05:30 TRACE 16888 --- [learn-spring-boot] [           main] o.s.b.f.s.DefaultListableBeanFactory     : Creating instance of bean 'healthEndpointGroupMembershipValidator'
2025-04-01T15:16:26.752+05:30 TRACE 16888 --- [learn-spring-boot] [           main] o.s.b.f.s.DefaultListableBeanFactory     : Returning cached instance of singleton bean 'org.springframework.boot.actuate.autoconfigure.health.HealthEndpointConfiguration'
2025-04-01T15:16:26.752+05:30 TRACE 16888 --- [learn-spring-boot] [           main] o.s.b.f.s.DefaultListableBeanFactory     : Returning cached instance of singleton bean 'management.endpoint.health-org.springframework.boot.actuate.autoconfigure.health.HealthEndpointProperties'
2025-04-01T15:16:26.752+05:30 TRACE 16888 --- [learn-spring-boot] [           main] o.s.b.f.s.DefaultListableBeanFactory     : Returning cached instance of singleton bean 'healthContributorRegistry'
2025-04-01T15:16:26.752+05:30 DEBUG 16888 --- [learn-spring-boot] [           main] o.s.b.f.s.DefaultListableBeanFactory     : Autowiring by type from bean name 'healthEndpointGroupMembershipValidator' via factory method to bean named 'management.endpoint.health-org.springframework.boot.actuate.autoconfigure.health.HealthEndpointProperties'
2025-04-01T15:16:26.752+05:30 DEBUG 16888 --- [learn-spring-boot] [           main] o.s.b.f.s.DefaultListableBeanFactory     : Autowiring by type from bean name 'healthEndpointGroupMembershipValidator' via factory method to bean named 'healthContributorRegistry'
2025-04-01T15:16:26.753+05:30 TRACE 16888 --- [learn-spring-boot] [           main] o.s.b.f.s.DefaultListableBeanFactory     : Finished creating instance of bean 'healthEndpointGroupMembershipValidator'
2025-04-01T15:16:26.753+05:30 DEBUG 16888 --- [learn-spring-boot] [           main] o.s.b.f.s.DefaultListableBeanFactory     : Creating shared instance of singleton bean 'healthEndpoint'
2025-04-01T15:16:26.753+05:30 TRACE 16888 --- [learn-spring-boot] [           main] o.s.b.f.s.DefaultListableBeanFactory     : Creating instance of bean 'healthEndpoint'
2025-04-01T15:16:26.753+05:30 TRACE 16888 --- [learn-spring-boot] [           main] o.s.b.f.s.DefaultListableBeanFactory     : Returning cached instance of singleton bean 'org.springframework.boot.actuate.autoconfigure.health.HealthEndpointConfiguration'
2025-04-01T15:16:26.753+05:30 TRACE 16888 --- [learn-spring-boot] [           main] o.s.b.f.s.DefaultListableBeanFactory     : Returning cached instance of singleton bean 'healthContributorRegistry'
2025-04-01T15:16:26.753+05:30 TRACE 16888 --- [learn-spring-boot] [           main] o.s.b.f.s.DefaultListableBeanFactory     : Returning cached instance of singleton bean 'healthEndpointGroups'
2025-04-01T15:16:26.753+05:30 TRACE 16888 --- [learn-spring-boot] [           main] o.s.b.f.s.DefaultListableBeanFactory     : Returning cached instance of singleton bean 'management.endpoint.health-org.springframework.boot.actuate.autoconfigure.health.HealthEndpointProperties'
2025-04-01T15:16:26.753+05:30 DEBUG 16888 --- [learn-spring-boot] [           main] o.s.b.f.s.DefaultListableBeanFactory     : Autowiring by type from bean name 'healthEndpoint' via factory method to bean named 'healthContributorRegistry'
2025-04-01T15:16:26.753+05:30 DEBUG 16888 --- [learn-spring-boot] [           main] o.s.b.f.s.DefaultListableBeanFactory     : Autowiring by type from bean name 'healthEndpoint' via factory method to bean named 'healthEndpointGroups'
2025-04-01T15:16:26.753+05:30 DEBUG 16888 --- [learn-spring-boot] [           main] o.s.b.f.s.DefaultListableBeanFactory     : Autowiring by type from bean name 'healthEndpoint' via factory method to bean named 'management.endpoint.health-org.springframework.boot.actuate.autoconfigure.health.HealthEndpointProperties'
2025-04-01T15:16:26.759+05:30 TRACE 16888 --- [learn-spring-boot] [           main] o.s.b.f.s.DefaultListableBeanFactory     : Finished creating instance of bean 'healthEndpoint'
2025-04-01T15:16:26.759+05:30 TRACE 16888 --- [learn-spring-boot] [           main] o.s.b.f.s.DefaultListableBeanFactory     : Returning cached instance of singleton bean 'healthEndpointGroupsBeanPostProcessor'
2025-04-01T15:16:26.759+05:30 DEBUG 16888 --- [learn-spring-boot] [           main] o.s.b.f.s.DefaultListableBeanFactory     : Creating shared instance of singleton bean 'org.springframework.boot.actuate.autoconfigure.health.HealthEndpointWebExtensionConfiguration$MvcAdditionalHealthEndpointPathsConfiguration'
2025-04-01T15:16:26.759+05:30 TRACE 16888 --- [learn-spring-boot] [           main] o.s.b.f.s.DefaultListableBeanFactory     : Creating instance of bean 'org.springframework.boot.actuate.autoconfigure.health.HealthEndpointWebExtensionConfiguration$MvcAdditionalHealthEndpointPathsConfiguration'
2025-04-01T15:16:26.759+05:30 TRACE 16888 --- [learn-spring-boot] [           main] o.s.b.f.s.DefaultListableBeanFactory     : Finished creating instance of bean 'org.springframework.boot.actuate.autoconfigure.health.HealthEndpointWebExtensionConfiguration$MvcAdditionalHealthEndpointPathsConfiguration'
2025-04-01T15:16:26.759+05:30 DEBUG 16888 --- [learn-spring-boot] [           main] o.s.b.f.s.DefaultListableBeanFactory     : Creating shared instance of singleton bean 'healthEndpointWebMvcHandlerMapping'
2025-04-01T15:16:26.759+05:30 TRACE 16888 --- [learn-spring-boot] [           main] o.s.b.f.s.DefaultListableBeanFactory     : Creating instance of bean 'healthEndpointWebMvcHandlerMapping'
2025-04-01T15:16:26.759+05:30 TRACE 16888 --- [learn-spring-boot] [           main] o.s.b.f.s.DefaultListableBeanFactory     : Returning cached instance of singleton bean 'org.springframework.boot.actuate.autoconfigure.health.HealthEndpointWebExtensionConfiguration$MvcAdditionalHealthEndpointPathsConfiguration'
2025-04-01T15:16:26.760+05:30 DEBUG 16888 --- [learn-spring-boot] [           main] o.s.b.f.s.DefaultListableBeanFactory     : Creating shared instance of singleton bean 'webEndpointDiscoverer'
2025-04-01T15:16:26.760+05:30 TRACE 16888 --- [learn-spring-boot] [           main] o.s.b.f.s.DefaultListableBeanFactory     : Creating instance of bean 'webEndpointDiscoverer'
2025-04-01T15:16:26.760+05:30 DEBUG 16888 --- [learn-spring-boot] [           main] o.s.b.f.s.DefaultListableBeanFactory     : Creating shared instance of singleton bean 'org.springframework.boot.actuate.autoconfigure.endpoint.web.WebEndpointAutoConfiguration'
2025-04-01T15:16:26.760+05:30 TRACE 16888 --- [learn-spring-boot] [           main] o.s.b.f.s.DefaultListableBeanFactory     : Creating instance of bean 'org.springframework.boot.actuate.autoconfigure.endpoint.web.WebEndpointAutoConfiguration'
2025-04-01T15:16:26.760+05:30 DEBUG 16888 --- [learn-spring-boot] [           main] o.s.b.f.s.DefaultListableBeanFactory     : Creating shared instance of singleton bean 'management.endpoints.web-org.springframework.boot.actuate.autoconfigure.endpoint.web.WebEndpointProperties'
2025-04-01T15:16:26.760+05:30 TRACE 16888 --- [learn-spring-boot] [           main] o.s.b.f.s.DefaultListableBeanFactory     : Creating instance of bean 'management.endpoints.web-org.springframework.boot.actuate.autoconfigure.endpoint.web.WebEndpointProperties'
2025-04-01T15:16:26.761+05:30 TRACE 16888 --- [learn-spring-boot] [           main] o.s.b.f.s.DefaultListableBeanFactory     : Returning cached instance of singleton bean 'org.springframework.boot.context.properties.BoundConfigurationProperties'
2025-04-01T15:16:26.761+05:30 TRACE 16888 --- [learn-spring-boot] [           main] o.s.b.f.s.DefaultListableBeanFactory     : Finished creating instance of bean 'management.endpoints.web-org.springframework.boot.actuate.autoconfigure.endpoint.web.WebEndpointProperties'
2025-04-01T15:16:26.761+05:30 DEBUG 16888 --- [learn-spring-boot] [           main] o.s.b.f.s.DefaultListableBeanFactory     : Autowiring by type from bean name 'org.springframework.boot.actuate.autoconfigure.endpoint.web.WebEndpointAutoConfiguration' via constructor to bean named 'org.springframework.web.context.support.GenericWebApplicationContext@5bbbdd4b'
2025-04-01T15:16:26.761+05:30 DEBUG 16888 --- [learn-spring-boot] [           main] o.s.b.f.s.DefaultListableBeanFactory     : Autowiring by type from bean name 'org.springframework.boot.actuate.autoconfigure.endpoint.web.WebEndpointAutoConfiguration' via constructor to bean named 'management.endpoints.web-org.springframework.boot.actuate.autoconfigure.endpoint.web.WebEndpointProperties'
2025-04-01T15:16:26.762+05:30 TRACE 16888 --- [learn-spring-boot] [           main] o.s.b.f.s.DefaultListableBeanFactory     : Finished creating instance of bean 'org.springframework.boot.actuate.autoconfigure.endpoint.web.WebEndpointAutoConfiguration'
2025-04-01T15:16:26.762+05:30 DEBUG 16888 --- [learn-spring-boot] [           main] o.s.b.f.s.DefaultListableBeanFactory     : Creating shared instance of singleton bean 'endpointOperationParameterMapper'
2025-04-01T15:16:26.762+05:30 TRACE 16888 --- [learn-spring-boot] [           main] o.s.b.f.s.DefaultListableBeanFactory     : Creating instance of bean 'endpointOperationParameterMapper'
2025-04-01T15:16:26.762+05:30 DEBUG 16888 --- [learn-spring-boot] [           main] o.s.b.f.s.DefaultListableBeanFactory     : Creating shared instance of singleton bean 'org.springframework.boot.actuate.autoconfigure.endpoint.EndpointAutoConfiguration'
2025-04-01T15:16:26.762+05:30 TRACE 16888 --- [learn-spring-boot] [           main] o.s.b.f.s.DefaultListableBeanFactory     : Creating instance of bean 'org.springframework.boot.actuate.autoconfigure.endpoint.EndpointAutoConfiguration'
2025-04-01T15:16:26.762+05:30 TRACE 16888 --- [learn-spring-boot] [           main] o.s.b.f.s.DefaultListableBeanFactory     : Finished creating instance of bean 'org.springframework.boot.actuate.autoconfigure.endpoint.EndpointAutoConfiguration'
2025-04-01T15:16:26.777+05:30 TRACE 16888 --- [learn-spring-boot] [           main] o.s.b.f.s.DefaultListableBeanFactory     : Finished creating instance of bean 'endpointOperationParameterMapper'
2025-04-01T15:16:26.777+05:30 DEBUG 16888 --- [learn-spring-boot] [           main] o.s.b.f.s.DefaultListableBeanFactory     : Creating shared instance of singleton bean 'endpointMediaTypes'
2025-04-01T15:16:26.777+05:30 TRACE 16888 --- [learn-spring-boot] [           main] o.s.b.f.s.DefaultListableBeanFactory     : Creating instance of bean 'endpointMediaTypes'
2025-04-01T15:16:26.777+05:30 TRACE 16888 --- [learn-spring-boot] [           main] o.s.b.f.s.DefaultListableBeanFactory     : Returning cached instance of singleton bean 'org.springframework.boot.actuate.autoconfigure.endpoint.web.WebEndpointAutoConfiguration'
2025-04-01T15:16:26.778+05:30 TRACE 16888 --- [learn-spring-boot] [           main] o.s.b.f.s.DefaultListableBeanFactory     : Finished creating instance of bean 'endpointMediaTypes'
2025-04-01T15:16:26.778+05:30 DEBUG 16888 --- [learn-spring-boot] [           main] o.s.b.f.s.DefaultListableBeanFactory     : Autowiring by type from bean name 'webEndpointDiscoverer' via factory method to bean named 'endpointOperationParameterMapper'
2025-04-01T15:16:26.778+05:30 DEBUG 16888 --- [learn-spring-boot] [           main] o.s.b.f.s.DefaultListableBeanFactory     : Autowiring by type from bean name 'webEndpointDiscoverer' via factory method to bean named 'endpointMediaTypes'
2025-04-01T15:16:26.782+05:30 DEBUG 16888 --- [learn-spring-boot] [           main] o.s.b.f.s.DefaultListableBeanFactory     : Creating shared instance of singleton bean 'webEndpointPathMapper'
2025-04-01T15:16:26.782+05:30 TRACE 16888 --- [learn-spring-boot] [           main] o.s.b.f.s.DefaultListableBeanFactory     : Creating instance of bean 'webEndpointPathMapper'
2025-04-01T15:16:26.782+05:30 TRACE 16888 --- [learn-spring-boot] [           main] o.s.b.f.s.DefaultListableBeanFactory     : Returning cached instance of singleton bean 'org.springframework.boot.actuate.autoconfigure.endpoint.web.WebEndpointAutoConfiguration'
2025-04-01T15:16:26.784+05:30 TRACE 16888 --- [learn-spring-boot] [           main] o.s.b.f.s.DefaultListableBeanFactory     : Finished creating instance of bean 'webEndpointPathMapper'
2025-04-01T15:16:26.784+05:30 TRACE 16888 --- [learn-spring-boot] [           main] o.s.b.f.s.DefaultListableBeanFactory     : Returning cached instance of singleton bean 'webEndpointPathMapper'
2025-04-01T15:16:26.784+05:30 TRACE 16888 --- [learn-spring-boot] [           main] o.s.b.f.s.DefaultListableBeanFactory     : Returning cached instance of singleton bean 'healthEndpointGroups'
2025-04-01T15:16:26.784+05:30 TRACE 16888 --- [learn-spring-boot] [           main] o.s.b.f.s.DefaultListableBeanFactory     : Returning cached instance of singleton bean 'healthEndpointGroups'
2025-04-01T15:16:26.785+05:30 DEBUG 16888 --- [learn-spring-boot] [           main] o.s.b.f.s.DefaultListableBeanFactory     : Creating shared instance of singleton bean 'endpointCachingOperationInvokerAdvisor'
2025-04-01T15:16:26.785+05:30 TRACE 16888 --- [learn-spring-boot] [           main] o.s.b.f.s.DefaultListableBeanFactory     : Creating instance of bean 'endpointCachingOperationInvokerAdvisor'
2025-04-01T15:16:26.785+05:30 TRACE 16888 --- [learn-spring-boot] [           main] o.s.b.f.s.DefaultListableBeanFactory     : Returning cached instance of singleton bean 'org.springframework.boot.actuate.autoconfigure.endpoint.EndpointAutoConfiguration'
2025-04-01T15:16:26.785+05:30 TRACE 16888 --- [learn-spring-boot] [           main] o.s.b.f.s.DefaultListableBeanFactory     : Returning cached instance of singleton bean 'environment'
2025-04-01T15:16:26.785+05:30 DEBUG 16888 --- [learn-spring-boot] [           main] o.s.b.f.s.DefaultListableBeanFactory     : Autowiring by type from bean name 'endpointCachingOperationInvokerAdvisor' via factory method to bean named 'environment'
2025-04-01T15:16:26.787+05:30 TRACE 16888 --- [learn-spring-boot] [           main] o.s.b.f.s.DefaultListableBeanFactory     : Finished creating instance of bean 'endpointCachingOperationInvokerAdvisor'
2025-04-01T15:16:26.787+05:30 TRACE 16888 --- [learn-spring-boot] [           main] o.s.b.f.s.DefaultListableBeanFactory     : Returning cached instance of singleton bean 'endpointCachingOperationInvokerAdvisor'
2025-04-01T15:16:26.788+05:30 DEBUG 16888 --- [learn-spring-boot] [           main] o.s.b.f.s.DefaultListableBeanFactory     : Creating shared instance of singleton bean 'webExposeExcludePropertyEndpointFilter'
2025-04-01T15:16:26.788+05:30 TRACE 16888 --- [learn-spring-boot] [           main] o.s.b.f.s.DefaultListableBeanFactory     : Creating instance of bean 'webExposeExcludePropertyEndpointFilter'
2025-04-01T15:16:26.788+05:30 TRACE 16888 --- [learn-spring-boot] [           main] o.s.b.f.s.DefaultListableBeanFactory     : Returning cached instance of singleton bean 'org.springframework.boot.actuate.autoconfigure.endpoint.web.WebEndpointAutoConfiguration'
2025-04-01T15:16:26.788+05:30 TRACE 16888 --- [learn-spring-boot] [           main] o.s.b.f.s.DefaultListableBeanFactory     : Finished creating instance of bean 'webExposeExcludePropertyEndpointFilter'
2025-04-01T15:16:26.789+05:30 TRACE 16888 --- [learn-spring-boot] [           main] o.s.b.f.s.DefaultListableBeanFactory     : Returning cached instance of singleton bean 'webExposeExcludePropertyEndpointFilter'
2025-04-01T15:16:26.789+05:30 DEBUG 16888 --- [learn-spring-boot] [           main] o.s.b.f.s.DefaultListableBeanFactory     : Creating shared instance of singleton bean 'webAccessPropertiesOperationFilter'
2025-04-01T15:16:26.789+05:30 TRACE 16888 --- [learn-spring-boot] [           main] o.s.b.f.s.DefaultListableBeanFactory     : Creating instance of bean 'webAccessPropertiesOperationFilter'
2025-04-01T15:16:26.789+05:30 TRACE 16888 --- [learn-spring-boot] [           main] o.s.b.f.s.DefaultListableBeanFactory     : Returning cached instance of singleton bean 'org.springframework.boot.actuate.autoconfigure.endpoint.web.WebEndpointAutoConfiguration'
2025-04-01T15:16:26.790+05:30 DEBUG 16888 --- [learn-spring-boot] [           main] o.s.b.f.s.DefaultListableBeanFactory     : Creating shared instance of singleton bean 'propertiesEndpointAccessResolver'
2025-04-01T15:16:26.790+05:30 TRACE 16888 --- [learn-spring-boot] [           main] o.s.b.f.s.DefaultListableBeanFactory     : Creating instance of bean 'propertiesEndpointAccessResolver'
2025-04-01T15:16:26.790+05:30 TRACE 16888 --- [learn-spring-boot] [           main] o.s.b.f.s.DefaultListableBeanFactory     : Returning cached instance of singleton bean 'org.springframework.boot.actuate.autoconfigure.endpoint.EndpointAutoConfiguration'
2025-04-01T15:16:26.790+05:30 TRACE 16888 --- [learn-spring-boot] [           main] o.s.b.f.s.DefaultListableBeanFactory     : Returning cached instance of singleton bean 'environment'
2025-04-01T15:16:26.790+05:30 DEBUG 16888 --- [learn-spring-boot] [           main] o.s.b.f.s.DefaultListableBeanFactory     : Autowiring by type from bean name 'propertiesEndpointAccessResolver' via factory method to bean named 'environment'
2025-04-01T15:16:26.791+05:30 TRACE 16888 --- [learn-spring-boot] [           main] o.s.b.f.s.DefaultListableBeanFactory     : Finished creating instance of bean 'propertiesEndpointAccessResolver'
2025-04-01T15:16:26.791+05:30 DEBUG 16888 --- [learn-spring-boot] [           main] o.s.b.f.s.DefaultListableBeanFactory     : Autowiring by type from bean name 'webAccessPropertiesOperationFilter' via factory method to bean named 'propertiesEndpointAccessResolver'
2025-04-01T15:16:26.791+05:30 TRACE 16888 --- [learn-spring-boot] [           main] o.s.b.f.s.DefaultListableBeanFactory     : Finished creating instance of bean 'webAccessPropertiesOperationFilter'
2025-04-01T15:16:26.792+05:30 TRACE 16888 --- [learn-spring-boot] [           main] o.s.b.f.s.DefaultListableBeanFactory     : Returning cached instance of singleton bean 'webAccessPropertiesOperationFilter'
2025-04-01T15:16:26.796+05:30 TRACE 16888 --- [learn-spring-boot] [           main] o.s.b.f.s.DefaultListableBeanFactory     : Finished creating instance of bean 'webEndpointDiscoverer'
2025-04-01T15:16:26.797+05:30 TRACE 16888 --- [learn-spring-boot] [           main] o.s.b.f.s.DefaultListableBeanFactory     : Returning cached instance of singleton bean 'healthEndpointGroups'
2025-04-01T15:16:26.797+05:30 DEBUG 16888 --- [learn-spring-boot] [           main] o.s.b.f.s.DefaultListableBeanFactory     : Autowiring by type from bean name 'healthEndpointWebMvcHandlerMapping' via factory method to bean named 'webEndpointDiscoverer'
2025-04-01T15:16:26.797+05:30 DEBUG 16888 --- [learn-spring-boot] [           main] o.s.b.f.s.DefaultListableBeanFactory     : Autowiring by type from bean name 'healthEndpointWebMvcHandlerMapping' via factory method to bean named 'healthEndpointGroups'
2025-04-01T15:16:26.803+05:30 TRACE 16888 --- [learn-spring-boot] [           main] o.s.b.f.s.DefaultListableBeanFactory     : Returning cached instance of singleton bean 'healthEndpoint'
2025-04-01T15:16:26.807+05:30 TRACE 16888 --- [learn-spring-boot] [           main] o.s.b.f.s.DefaultListableBeanFactory     : Returning cached instance of singleton bean 'healthEndpoint'
2025-04-01T15:16:26.823+05:30 DEBUG 16888 --- [learn-spring-boot] [           main] o.s.b.f.s.DefaultListableBeanFactory     : Creating shared instance of singleton bean 'healthEndpointWebExtension'
2025-04-01T15:16:26.823+05:30 TRACE 16888 --- [learn-spring-boot] [           main] o.s.b.f.s.DefaultListableBeanFactory     : Creating instance of bean 'healthEndpointWebExtension'
2025-04-01T15:16:26.823+05:30 DEBUG 16888 --- [learn-spring-boot] [           main] o.s.b.f.s.DefaultListableBeanFactory     : Creating shared instance of singleton bean 'org.springframework.boot.actuate.autoconfigure.health.HealthEndpointWebExtensionConfiguration'
2025-04-01T15:16:26.823+05:30 TRACE 16888 --- [learn-spring-boot] [           main] o.s.b.f.s.DefaultListableBeanFactory     : Creating instance of bean 'org.springframework.boot.actuate.autoconfigure.health.HealthEndpointWebExtensionConfiguration'
2025-04-01T15:16:26.823+05:30 TRACE 16888 --- [learn-spring-boot] [           main] o.s.b.f.s.DefaultListableBeanFactory     : Finished creating instance of bean 'org.springframework.boot.actuate.autoconfigure.health.HealthEndpointWebExtensionConfiguration'
2025-04-01T15:16:26.823+05:30 TRACE 16888 --- [learn-spring-boot] [           main] o.s.b.f.s.DefaultListableBeanFactory     : Returning cached instance of singleton bean 'healthContributorRegistry'
2025-04-01T15:16:26.823+05:30 TRACE 16888 --- [learn-spring-boot] [           main] o.s.b.f.s.DefaultListableBeanFactory     : Returning cached instance of singleton bean 'healthEndpointGroups'
2025-04-01T15:16:26.823+05:30 TRACE 16888 --- [learn-spring-boot] [           main] o.s.b.f.s.DefaultListableBeanFactory     : Returning cached instance of singleton bean 'management.endpoint.health-org.springframework.boot.actuate.autoconfigure.health.HealthEndpointProperties'
2025-04-01T15:16:26.823+05:30 DEBUG 16888 --- [learn-spring-boot] [           main] o.s.b.f.s.DefaultListableBeanFactory     : Autowiring by type from bean name 'healthEndpointWebExtension' via factory method to bean named 'healthContributorRegistry'
2025-04-01T15:16:26.823+05:30 DEBUG 16888 --- [learn-spring-boot] [           main] o.s.b.f.s.DefaultListableBeanFactory     : Autowiring by type from bean name 'healthEndpointWebExtension' via factory method to bean named 'healthEndpointGroups'
2025-04-01T15:16:26.823+05:30 DEBUG 16888 --- [learn-spring-boot] [           main] o.s.b.f.s.DefaultListableBeanFactory     : Autowiring by type from bean name 'healthEndpointWebExtension' via factory method to bean named 'management.endpoint.health-org.springframework.boot.actuate.autoconfigure.health.HealthEndpointProperties'
2025-04-01T15:16:26.825+05:30 TRACE 16888 --- [learn-spring-boot] [           main] o.s.b.f.s.DefaultListableBeanFactory     : Finished creating instance of bean 'healthEndpointWebExtension'
2025-04-01T15:16:26.827+05:30 TRACE 16888 --- [learn-spring-boot] [           main] o.s.b.f.s.DefaultListableBeanFactory     : Returning cached instance of singleton bean 'healthEndpoint'
2025-04-01T15:16:26.832+05:30 TRACE 16888 --- [learn-spring-boot] [           main] o.s.b.f.s.DefaultListableBeanFactory     : Invoking afterPropertiesSet() on bean with name 'healthEndpointWebMvcHandlerMapping'
2025-04-01T15:16:26.832+05:30 TRACE 16888 --- [learn-spring-boot] [           main] o.s.b.f.s.DefaultListableBeanFactory     : Finished creating instance of bean 'healthEndpointWebMvcHandlerMapping'
2025-04-01T15:16:26.832+05:30 TRACE 16888 --- [learn-spring-boot] [           main] o.s.b.f.s.DefaultListableBeanFactory     : Returning cached instance of singleton bean 'org.springframework.boot.actuate.autoconfigure.health.HealthEndpointWebExtensionConfiguration'
2025-04-01T15:16:26.832+05:30 TRACE 16888 --- [learn-spring-boot] [           main] o.s.b.f.s.DefaultListableBeanFactory     : Returning cached instance of singleton bean 'healthEndpointWebExtension'
2025-04-01T15:16:26.832+05:30 DEBUG 16888 --- [learn-spring-boot] [           main] o.s.b.f.s.DefaultListableBeanFactory     : Creating shared instance of singleton bean 'org.springframework.boot.actuate.autoconfigure.health.HealthEndpointAutoConfiguration'
2025-04-01T15:16:26.832+05:30 TRACE 16888 --- [learn-spring-boot] [           main] o.s.b.f.s.DefaultListableBeanFactory     : Creating instance of bean 'org.springframework.boot.actuate.autoconfigure.health.HealthEndpointAutoConfiguration'
2025-04-01T15:16:26.833+05:30 TRACE 16888 --- [learn-spring-boot] [           main] o.s.b.f.s.DefaultListableBeanFactory     : Finished creating instance of bean 'org.springframework.boot.actuate.autoconfigure.health.HealthEndpointAutoConfiguration'
2025-04-01T15:16:26.833+05:30 TRACE 16888 --- [learn-spring-boot] [           main] o.s.b.f.s.DefaultListableBeanFactory     : Returning cached instance of singleton bean 'management.endpoint.health-org.springframework.boot.actuate.autoconfigure.health.HealthEndpointProperties'
2025-04-01T15:16:26.833+05:30 DEBUG 16888 --- [learn-spring-boot] [           main] o.s.b.f.s.DefaultListableBeanFactory     : Creating shared instance of singleton bean 'org.springframework.boot.autoconfigure.info.ProjectInfoAutoConfiguration'
2025-04-01T15:16:26.833+05:30 TRACE 16888 --- [learn-spring-boot] [           main] o.s.b.f.s.DefaultListableBeanFactory     : Creating instance of bean 'org.springframework.boot.autoconfigure.info.ProjectInfoAutoConfiguration'
2025-04-01T15:16:26.834+05:30 DEBUG 16888 --- [learn-spring-boot] [           main] o.s.b.f.s.DefaultListableBeanFactory     : Creating shared instance of singleton bean 'spring.info-org.springframework.boot.autoconfigure.info.ProjectInfoProperties'
2025-04-01T15:16:26.834+05:30 TRACE 16888 --- [learn-spring-boot] [           main] o.s.b.f.s.DefaultListableBeanFactory     : Creating instance of bean 'spring.info-org.springframework.boot.autoconfigure.info.ProjectInfoProperties'
2025-04-01T15:16:26.834+05:30 TRACE 16888 --- [learn-spring-boot] [           main] o.s.b.f.s.DefaultListableBeanFactory     : Returning cached instance of singleton bean 'org.springframework.boot.context.properties.BoundConfigurationProperties'
2025-04-01T15:16:26.835+05:30 TRACE 16888 --- [learn-spring-boot] [           main] o.s.b.f.s.DefaultListableBeanFactory     : Finished creating instance of bean 'spring.info-org.springframework.boot.autoconfigure.info.ProjectInfoProperties'
2025-04-01T15:16:26.835+05:30 DEBUG 16888 --- [learn-spring-boot] [           main] o.s.b.f.s.DefaultListableBeanFactory     : Autowiring by type from bean name 'org.springframework.boot.autoconfigure.info.ProjectInfoAutoConfiguration' via constructor to bean named 'spring.info-org.springframework.boot.autoconfigure.info.ProjectInfoProperties'
2025-04-01T15:16:26.835+05:30 TRACE 16888 --- [learn-spring-boot] [           main] o.s.b.f.s.DefaultListableBeanFactory     : Finished creating instance of bean 'org.springframework.boot.autoconfigure.info.ProjectInfoAutoConfiguration'
2025-04-01T15:16:26.835+05:30 TRACE 16888 --- [learn-spring-boot] [           main] o.s.b.f.s.DefaultListableBeanFactory     : Returning cached instance of singleton bean 'spring.info-org.springframework.boot.autoconfigure.info.ProjectInfoProperties'
2025-04-01T15:16:26.835+05:30 DEBUG 16888 --- [learn-spring-boot] [           main] o.s.b.f.s.DefaultListableBeanFactory     : Creating shared instance of singleton bean 'org.springframework.boot.actuate.autoconfigure.info.InfoContributorAutoConfiguration'
2025-04-01T15:16:26.835+05:30 TRACE 16888 --- [learn-spring-boot] [           main] o.s.b.f.s.DefaultListableBeanFactory     : Creating instance of bean 'org.springframework.boot.actuate.autoconfigure.info.InfoContributorAutoConfiguration'
2025-04-01T15:16:26.839+05:30 TRACE 16888 --- [learn-spring-boot] [           main] o.s.b.f.s.DefaultListableBeanFactory     : Finished creating instance of bean 'org.springframework.boot.actuate.autoconfigure.info.InfoContributorAutoConfiguration'
2025-04-01T15:16:26.839+05:30 TRACE 16888 --- [learn-spring-boot] [           main] o.s.b.f.s.DefaultListableBeanFactory     : Returning cached instance of singleton bean 'management.health.ssl-org.springframework.boot.actuate.autoconfigure.ssl.SslHealthIndicatorProperties'
2025-04-01T15:16:26.839+05:30 DEBUG 16888 --- [learn-spring-boot] [           main] o.s.b.f.s.DefaultListableBeanFactory     : Creating shared instance of singleton bean 'management.info-org.springframework.boot.actuate.autoconfigure.info.InfoContributorProperties'
2025-04-01T15:16:26.839+05:30 TRACE 16888 --- [learn-spring-boot] [           main] o.s.b.f.s.DefaultListableBeanFactory     : Creating instance of bean 'management.info-org.springframework.boot.actuate.autoconfigure.info.InfoContributorProperties'
2025-04-01T15:16:26.840+05:30 TRACE 16888 --- [learn-spring-boot] [           main] o.s.b.f.s.DefaultListableBeanFactory     : Returning cached instance of singleton bean 'org.springframework.boot.context.properties.BoundConfigurationProperties'
2025-04-01T15:16:26.840+05:30 TRACE 16888 --- [learn-spring-boot] [           main] o.s.b.f.s.DefaultListableBeanFactory     : Finished creating instance of bean 'management.info-org.springframework.boot.actuate.autoconfigure.info.InfoContributorProperties'
2025-04-01T15:16:26.840+05:30 DEBUG 16888 --- [learn-spring-boot] [           main] o.s.b.f.s.DefaultListableBeanFactory     : Creating shared instance of singleton bean 'org.springframework.boot.actuate.autoconfigure.web.servlet.ServletManagementContextAutoConfiguration'
2025-04-01T15:16:26.840+05:30 TRACE 16888 --- [learn-spring-boot] [           main] o.s.b.f.s.DefaultListableBeanFactory     : Creating instance of bean 'org.springframework.boot.actuate.autoconfigure.web.servlet.ServletManagementContextAutoConfiguration'
2025-04-01T15:16:26.841+05:30 TRACE 16888 --- [learn-spring-boot] [           main] o.s.b.f.s.DefaultListableBeanFactory     : Finished creating instance of bean 'org.springframework.boot.actuate.autoconfigure.web.servlet.ServletManagementContextAutoConfiguration'
2025-04-01T15:16:26.841+05:30 DEBUG 16888 --- [learn-spring-boot] [           main] o.s.b.f.s.DefaultListableBeanFactory     : Creating shared instance of singleton bean 'servletWebChildContextFactory'
2025-04-01T15:16:26.841+05:30 TRACE 16888 --- [learn-spring-boot] [           main] o.s.b.f.s.DefaultListableBeanFactory     : Creating instance of bean 'servletWebChildContextFactory'
2025-04-01T15:16:26.842+05:30 TRACE 16888 --- [learn-spring-boot] [           main] o.s.b.f.s.DefaultListableBeanFactory     : Finished creating instance of bean 'servletWebChildContextFactory'
2025-04-01T15:16:26.842+05:30 DEBUG 16888 --- [learn-spring-boot] [           main] o.s.b.f.s.DefaultListableBeanFactory     : Creating shared instance of singleton bean 'managementServletContext'
2025-04-01T15:16:26.842+05:30 TRACE 16888 --- [learn-spring-boot] [           main] o.s.b.f.s.DefaultListableBeanFactory     : Creating instance of bean 'managementServletContext'
2025-04-01T15:16:26.842+05:30 TRACE 16888 --- [learn-spring-boot] [           main] o.s.b.f.s.DefaultListableBeanFactory     : Returning cached instance of singleton bean 'org.springframework.boot.actuate.autoconfigure.web.servlet.ServletManagementContextAutoConfiguration'
2025-04-01T15:16:26.842+05:30 TRACE 16888 --- [learn-spring-boot] [           main] o.s.b.f.s.DefaultListableBeanFactory     : Returning cached instance of singleton bean 'management.endpoints.web-org.springframework.boot.actuate.autoconfigure.endpoint.web.WebEndpointProperties'
2025-04-01T15:16:26.842+05:30 DEBUG 16888 --- [learn-spring-boot] [           main] o.s.b.f.s.DefaultListableBeanFactory     : Autowiring by type from bean name 'managementServletContext' via factory method to bean named 'management.endpoints.web-org.springframework.boot.actuate.autoconfigure.endpoint.web.WebEndpointProperties'
2025-04-01T15:16:26.843+05:30 TRACE 16888 --- [learn-spring-boot] [           main] o.s.b.f.s.DefaultListableBeanFactory     : Finished creating instance of bean 'managementServletContext'
2025-04-01T15:16:26.843+05:30 TRACE 16888 --- [learn-spring-boot] [           main] o.s.b.f.s.DefaultListableBeanFactory     : Returning cached instance of singleton bean 'org.springframework.boot.actuate.autoconfigure.endpoint.EndpointAutoConfiguration'
2025-04-01T15:16:26.843+05:30 TRACE 16888 --- [learn-spring-boot] [           main] o.s.b.f.s.DefaultListableBeanFactory     : Returning cached instance of singleton bean 'endpointOperationParameterMapper'
2025-04-01T15:16:26.843+05:30 TRACE 16888 --- [learn-spring-boot] [           main] o.s.b.f.s.DefaultListableBeanFactory     : Returning cached instance of singleton bean 'endpointCachingOperationInvokerAdvisor'
2025-04-01T15:16:26.843+05:30 TRACE 16888 --- [learn-spring-boot] [           main] o.s.b.f.s.DefaultListableBeanFactory     : Returning cached instance of singleton bean 'propertiesEndpointAccessResolver'
2025-04-01T15:16:26.843+05:30 TRACE 16888 --- [learn-spring-boot] [           main] o.s.b.f.s.DefaultListableBeanFactory     : Returning cached instance of singleton bean 'org.springframework.boot.actuate.autoconfigure.endpoint.jackson.JacksonEndpointAutoConfiguration'
2025-04-01T15:16:26.843+05:30 TRACE 16888 --- [learn-spring-boot] [           main] o.s.b.f.s.DefaultListableBeanFactory     : Returning cached instance of singleton bean 'endpointObjectMapper'
2025-04-01T15:16:26.843+05:30 DEBUG 16888 --- [learn-spring-boot] [           main] o.s.b.f.s.DefaultListableBeanFactory     : Creating shared instance of singleton bean 'org.springframework.boot.actuate.autoconfigure.endpoint.web.WebEndpointAutoConfiguration$WebEndpointServletConfiguration'
2025-04-01T15:16:26.843+05:30 TRACE 16888 --- [learn-spring-boot] [           main] o.s.b.f.s.DefaultListableBeanFactory     : Creating instance of bean 'org.springframework.boot.actuate.autoconfigure.endpoint.web.WebEndpointAutoConfiguration$WebEndpointServletConfiguration'
2025-04-01T15:16:26.843+05:30 TRACE 16888 --- [learn-spring-boot] [           main] o.s.b.f.s.DefaultListableBeanFactory     : Finished creating instance of bean 'org.springframework.boot.actuate.autoconfigure.endpoint.web.WebEndpointAutoConfiguration$WebEndpointServletConfiguration'
2025-04-01T15:16:26.843+05:30 DEBUG 16888 --- [learn-spring-boot] [           main] o.s.b.f.s.DefaultListableBeanFactory     : Creating shared instance of singleton bean 'servletEndpointDiscoverer'
2025-04-01T15:16:26.843+05:30 TRACE 16888 --- [learn-spring-boot] [           main] o.s.b.f.s.DefaultListableBeanFactory     : Creating instance of bean 'servletEndpointDiscoverer'
2025-04-01T15:16:26.843+05:30 TRACE 16888 --- [learn-spring-boot] [           main] o.s.b.f.s.DefaultListableBeanFactory     : Returning cached instance of singleton bean 'org.springframework.boot.actuate.autoconfigure.endpoint.web.WebEndpointAutoConfiguration$WebEndpointServletConfiguration'
2025-04-01T15:16:26.843+05:30 DEBUG 16888 --- [learn-spring-boot] [           main] o.s.b.f.s.DefaultListableBeanFactory     : Autowiring by type from bean name 'servletEndpointDiscoverer' via factory method to bean named 'org.springframework.web.context.support.GenericWebApplicationContext@5bbbdd4b'
2025-04-01T15:16:26.844+05:30 TRACE 16888 --- [learn-spring-boot] [           main] o.s.b.f.s.DefaultListableBeanFactory     : Returning cached instance of singleton bean 'webEndpointPathMapper'
2025-04-01T15:16:26.844+05:30 TRACE 16888 --- [learn-spring-boot] [           main] o.s.b.f.s.DefaultListableBeanFactory     : Returning cached instance of singleton bean 'webEndpointPathMapper'
2025-04-01T15:16:26.844+05:30 DEBUG 16888 --- [learn-spring-boot] [           main] o.s.b.f.s.DefaultListableBeanFactory     : Creating shared instance of singleton bean 'servletExposeExcludePropertyEndpointFilter'
2025-04-01T15:16:26.844+05:30 TRACE 16888 --- [learn-spring-boot] [           main] o.s.b.f.s.DefaultListableBeanFactory     : Creating instance of bean 'servletExposeExcludePropertyEndpointFilter'
2025-04-01T15:16:26.844+05:30 DEBUG 16888 --- [learn-spring-boot] [           main] o.s.b.f.s.DefaultListableBeanFactory     : Creating shared instance of singleton bean 'org.springframework.boot.actuate.autoconfigure.endpoint.web.ServletEndpointManagementContextConfiguration'
2025-04-01T15:16:26.844+05:30 TRACE 16888 --- [learn-spring-boot] [           main] o.s.b.f.s.DefaultListableBeanFactory     : Creating instance of bean 'org.springframework.boot.actuate.autoconfigure.endpoint.web.ServletEndpointManagementContextConfiguration'
2025-04-01T15:16:26.845+05:30 TRACE 16888 --- [learn-spring-boot] [           main] o.s.b.f.s.DefaultListableBeanFactory     : Finished creating instance of bean 'org.springframework.boot.actuate.autoconfigure.endpoint.web.ServletEndpointManagementContextConfiguration'
2025-04-01T15:16:26.845+05:30 TRACE 16888 --- [learn-spring-boot] [           main] o.s.b.f.s.DefaultListableBeanFactory     : Returning cached instance of singleton bean 'management.endpoints.web-org.springframework.boot.actuate.autoconfigure.endpoint.web.WebEndpointProperties'
2025-04-01T15:16:26.845+05:30 DEBUG 16888 --- [learn-spring-boot] [           main] o.s.b.f.s.DefaultListableBeanFactory     : Autowiring by type from bean name 'servletExposeExcludePropertyEndpointFilter' via factory method to bean named 'management.endpoints.web-org.springframework.boot.actuate.autoconfigure.endpoint.web.WebEndpointProperties'
2025-04-01T15:16:26.845+05:30 TRACE 16888 --- [learn-spring-boot] [           main] o.s.b.f.s.DefaultListableBeanFactory     : Finished creating instance of bean 'servletExposeExcludePropertyEndpointFilter'
2025-04-01T15:16:26.845+05:30 TRACE 16888 --- [learn-spring-boot] [           main] o.s.b.f.s.DefaultListableBeanFactory     : Returning cached instance of singleton bean 'servletExposeExcludePropertyEndpointFilter'
2025-04-01T15:16:26.846+05:30 TRACE 16888 --- [learn-spring-boot] [           main] o.s.b.f.s.DefaultListableBeanFactory     : Finished creating instance of bean 'servletEndpointDiscoverer'
2025-04-01T15:16:26.846+05:30 TRACE 16888 --- [learn-spring-boot] [           main] o.s.b.f.s.DefaultListableBeanFactory     : Returning cached instance of singleton bean 'org.springframework.boot.actuate.autoconfigure.endpoint.web.WebEndpointAutoConfiguration'
2025-04-01T15:16:26.846+05:30 TRACE 16888 --- [learn-spring-boot] [           main] o.s.b.f.s.DefaultListableBeanFactory     : Returning cached instance of singleton bean 'webEndpointPathMapper'
2025-04-01T15:16:26.846+05:30 TRACE 16888 --- [learn-spring-boot] [           main] o.s.b.f.s.DefaultListableBeanFactory     : Returning cached instance of singleton bean 'endpointMediaTypes'
2025-04-01T15:16:26.846+05:30 TRACE 16888 --- [learn-spring-boot] [           main] o.s.b.f.s.DefaultListableBeanFactory     : Returning cached instance of singleton bean 'webEndpointDiscoverer'
2025-04-01T15:16:26.846+05:30 DEBUG 16888 --- [learn-spring-boot] [           main] o.s.b.f.s.DefaultListableBeanFactory     : Creating shared instance of singleton bean 'controllerEndpointDiscoverer'
2025-04-01T15:16:26.846+05:30 TRACE 16888 --- [learn-spring-boot] [           main] o.s.b.f.s.DefaultListableBeanFactory     : Creating instance of bean 'controllerEndpointDiscoverer'
2025-04-01T15:16:26.847+05:30 TRACE 16888 --- [learn-spring-boot] [           main] o.s.b.f.s.DefaultListableBeanFactory     : Returning cached instance of singleton bean 'org.springframework.boot.actuate.autoconfigure.endpoint.web.WebEndpointAutoConfiguration'
2025-04-01T15:16:26.847+05:30 TRACE 16888 --- [learn-spring-boot] [           main] o.s.b.f.s.DefaultListableBeanFactory     : Returning cached instance of singleton bean 'webEndpointPathMapper'
2025-04-01T15:16:26.847+05:30 TRACE 16888 --- [learn-spring-boot] [           main] o.s.b.f.s.DefaultListableBeanFactory     : Returning cached instance of singleton bean 'webEndpointPathMapper'
2025-04-01T15:16:26.848+05:30 DEBUG 16888 --- [learn-spring-boot] [           main] o.s.b.f.s.DefaultListableBeanFactory     : Creating shared instance of singleton bean 'controllerExposeExcludePropertyEndpointFilter'
2025-04-01T15:16:26.848+05:30 TRACE 16888 --- [learn-spring-boot] [           main] o.s.b.f.s.DefaultListableBeanFactory     : Creating instance of bean 'controllerExposeExcludePropertyEndpointFilter'
2025-04-01T15:16:26.848+05:30 TRACE 16888 --- [learn-spring-boot] [           main] o.s.b.f.s.DefaultListableBeanFactory     : Returning cached instance of singleton bean 'org.springframework.boot.actuate.autoconfigure.endpoint.web.WebEndpointAutoConfiguration'
2025-04-01T15:16:26.849+05:30 TRACE 16888 --- [learn-spring-boot] [           main] o.s.b.f.s.DefaultListableBeanFactory     : Finished creating instance of bean 'controllerExposeExcludePropertyEndpointFilter'
2025-04-01T15:16:26.849+05:30 TRACE 16888 --- [learn-spring-boot] [           main] o.s.b.f.s.DefaultListableBeanFactory     : Finished creating instance of bean 'controllerEndpointDiscoverer'
2025-04-01T15:16:26.850+05:30 DEBUG 16888 --- [learn-spring-boot] [           main] o.s.b.f.s.DefaultListableBeanFactory     : Creating shared instance of singleton bean 'pathMappedEndpoints'
2025-04-01T15:16:26.850+05:30 TRACE 16888 --- [learn-spring-boot] [           main] o.s.b.f.s.DefaultListableBeanFactory     : Creating instance of bean 'pathMappedEndpoints'
2025-04-01T15:16:26.850+05:30 TRACE 16888 --- [learn-spring-boot] [           main] o.s.b.f.s.DefaultListableBeanFactory     : Returning cached instance of singleton bean 'org.springframework.boot.actuate.autoconfigure.endpoint.web.WebEndpointAutoConfiguration'
2025-04-01T15:16:26.850+05:30 TRACE 16888 --- [learn-spring-boot] [           main] o.s.b.f.s.DefaultListableBeanFactory     : Returning cached instance of singleton bean 'servletEndpointDiscoverer'
2025-04-01T15:16:26.850+05:30 TRACE 16888 --- [learn-spring-boot] [           main] o.s.b.f.s.DefaultListableBeanFactory     : Returning cached instance of singleton bean 'webEndpointDiscoverer'
2025-04-01T15:16:26.850+05:30 TRACE 16888 --- [learn-spring-boot] [           main] o.s.b.f.s.DefaultListableBeanFactory     : Returning cached instance of singleton bean 'controllerEndpointDiscoverer'
2025-04-01T15:16:26.850+05:30 DEBUG 16888 --- [learn-spring-boot] [           main] o.s.b.f.s.DefaultListableBeanFactory     : Autowiring by type from bean name 'pathMappedEndpoints' via factory method to bean named 'servletEndpointDiscoverer'
2025-04-01T15:16:26.851+05:30 DEBUG 16888 --- [learn-spring-boot] [           main] o.s.b.f.s.DefaultListableBeanFactory     : Autowiring by type from bean name 'pathMappedEndpoints' via factory method to bean named 'webEndpointDiscoverer'
2025-04-01T15:16:26.851+05:30 DEBUG 16888 --- [learn-spring-boot] [           main] o.s.b.f.s.DefaultListableBeanFactory     : Autowiring by type from bean name 'pathMappedEndpoints' via factory method to bean named 'controllerEndpointDiscoverer'
2025-04-01T15:16:26.859+05:30 TRACE 16888 --- [learn-spring-boot] [           main] o.s.b.f.s.DefaultListableBeanFactory     : Finished creating instance of bean 'pathMappedEndpoints'
2025-04-01T15:16:26.859+05:30 TRACE 16888 --- [learn-spring-boot] [           main] o.s.b.f.s.DefaultListableBeanFactory     : Returning cached instance of singleton bean 'webExposeExcludePropertyEndpointFilter'
2025-04-01T15:16:26.859+05:30 TRACE 16888 --- [learn-spring-boot] [           main] o.s.b.f.s.DefaultListableBeanFactory     : Returning cached instance of singleton bean 'controllerExposeExcludePropertyEndpointFilter'
2025-04-01T15:16:26.859+05:30 TRACE 16888 --- [learn-spring-boot] [           main] o.s.b.f.s.DefaultListableBeanFactory     : Returning cached instance of singleton bean 'webAccessPropertiesOperationFilter'
2025-04-01T15:16:26.859+05:30 TRACE 16888 --- [learn-spring-boot] [           main] o.s.b.f.s.DefaultListableBeanFactory     : Returning cached instance of singleton bean 'management.endpoints.web-org.springframework.boot.actuate.autoconfigure.endpoint.web.WebEndpointProperties'
2025-04-01T15:16:26.859+05:30 TRACE 16888 --- [learn-spring-boot] [           main] o.s.b.f.s.DefaultListableBeanFactory     : Returning cached instance of singleton bean 'org.springframework.boot.actuate.autoconfigure.ssl.SslHealthContributorAutoConfiguration'
2025-04-01T15:16:26.859+05:30 TRACE 16888 --- [learn-spring-boot] [           main] o.s.b.f.s.DefaultListableBeanFactory     : Returning cached instance of singleton bean 'sslHealthIndicator'
2025-04-01T15:16:26.859+05:30 TRACE 16888 --- [learn-spring-boot] [           main] o.s.b.f.s.DefaultListableBeanFactory     : Returning cached instance of singleton bean 'sslInfo'
2025-04-01T15:16:26.859+05:30 TRACE 16888 --- [learn-spring-boot] [           main] o.s.b.f.s.DefaultListableBeanFactory     : Returning cached instance of singleton bean 'org.springframework.boot.actuate.autoconfigure.system.DiskSpaceHealthContributorAutoConfiguration'
2025-04-01T15:16:26.859+05:30 TRACE 16888 --- [learn-spring-boot] [           main] o.s.b.f.s.DefaultListableBeanFactory     : Returning cached instance of singleton bean 'diskSpaceHealthIndicator'
2025-04-01T15:16:26.859+05:30 TRACE 16888 --- [learn-spring-boot] [           main] o.s.b.f.s.DefaultListableBeanFactory     : Returning cached instance of singleton bean 'management.health.diskspace-org.springframework.boot.actuate.autoconfigure.system.DiskSpaceHealthIndicatorProperties'
2025-04-01T15:16:26.859+05:30 TRACE 16888 --- [learn-spring-boot] [           main] o.s.b.f.s.DefaultListableBeanFactory     : Returning cached instance of singleton bean 'org.springframework.boot.actuate.autoconfigure.health.HealthContributorAutoConfiguration'
2025-04-01T15:16:26.859+05:30 TRACE 16888 --- [learn-spring-boot] [           main] o.s.b.f.s.DefaultListableBeanFactory     : Returning cached instance of singleton bean 'pingHealthContributor'
2025-04-01T15:16:26.859+05:30 DEBUG 16888 --- [learn-spring-boot] [           main] o.s.b.f.s.DefaultListableBeanFactory     : Creating shared instance of singleton bean 'org.springframework.boot.actuate.autoconfigure.metrics.MetricsAutoConfiguration'
2025-04-01T15:16:26.859+05:30 TRACE 16888 --- [learn-spring-boot] [           main] o.s.b.f.s.DefaultListableBeanFactory     : Creating instance of bean 'org.springframework.boot.actuate.autoconfigure.metrics.MetricsAutoConfiguration'
2025-04-01T15:16:26.859+05:30 TRACE 16888 --- [learn-spring-boot] [           main] o.s.b.f.s.DefaultListableBeanFactory     : Finished creating instance of bean 'org.springframework.boot.actuate.autoconfigure.metrics.MetricsAutoConfiguration'
2025-04-01T15:16:26.860+05:30 DEBUG 16888 --- [learn-spring-boot] [           main] o.s.b.f.s.DefaultListableBeanFactory     : Creating shared instance of singleton bean 'micrometerClock'
2025-04-01T15:16:26.860+05:30 TRACE 16888 --- [learn-spring-boot] [           main] o.s.b.f.s.DefaultListableBeanFactory     : Creating instance of bean 'micrometerClock'
2025-04-01T15:16:26.860+05:30 TRACE 16888 --- [learn-spring-boot] [           main] o.s.b.f.s.DefaultListableBeanFactory     : Returning cached instance of singleton bean 'org.springframework.boot.actuate.autoconfigure.metrics.MetricsAutoConfiguration'
2025-04-01T15:16:26.860+05:30 TRACE 16888 --- [learn-spring-boot] [           main] o.s.b.f.s.DefaultListableBeanFactory     : Finished creating instance of bean 'micrometerClock'
2025-04-01T15:16:26.860+05:30 TRACE 16888 --- [learn-spring-boot] [           main] o.s.b.f.s.DefaultListableBeanFactory     : Returning cached instance of singleton bean 'meterRegistryPostProcessor'
2025-04-01T15:16:26.860+05:30 DEBUG 16888 --- [learn-spring-boot] [           main] o.s.b.f.s.DefaultListableBeanFactory     : Creating shared instance of singleton bean 'propertiesMeterFilter'
2025-04-01T15:16:26.860+05:30 TRACE 16888 --- [learn-spring-boot] [           main] o.s.b.f.s.DefaultListableBeanFactory     : Creating instance of bean 'propertiesMeterFilter'
2025-04-01T15:16:26.860+05:30 TRACE 16888 --- [learn-spring-boot] [           main] o.s.b.f.s.DefaultListableBeanFactory     : Returning cached instance of singleton bean 'org.springframework.boot.actuate.autoconfigure.metrics.MetricsAutoConfiguration'
2025-04-01T15:16:26.861+05:30 DEBUG 16888 --- [learn-spring-boot] [           main] o.s.b.f.s.DefaultListableBeanFactory     : Creating shared instance of singleton bean 'management.metrics-org.springframework.boot.actuate.autoconfigure.metrics.MetricsProperties'
2025-04-01T15:16:26.861+05:30 TRACE 16888 --- [learn-spring-boot] [           main] o.s.b.f.s.DefaultListableBeanFactory     : Creating instance of bean 'management.metrics-org.springframework.boot.actuate.autoconfigure.metrics.MetricsProperties'
2025-04-01T15:16:26.864+05:30 TRACE 16888 --- [learn-spring-boot] [           main] o.s.b.f.s.DefaultListableBeanFactory     : Returning cached instance of singleton bean 'org.springframework.boot.context.properties.BoundConfigurationProperties'
2025-04-01T15:16:26.865+05:30 TRACE 16888 --- [learn-spring-boot] [           main] o.s.b.f.s.DefaultListableBeanFactory     : Finished creating instance of bean 'management.metrics-org.springframework.boot.actuate.autoconfigure.metrics.MetricsProperties'
2025-04-01T15:16:26.866+05:30 DEBUG 16888 --- [learn-spring-boot] [           main] o.s.b.f.s.DefaultListableBeanFactory     : Autowiring by type from bean name 'propertiesMeterFilter' via factory method to bean named 'management.metrics-org.springframework.boot.actuate.autoconfigure.metrics.MetricsProperties'
2025-04-01T15:16:26.871+05:30 TRACE 16888 --- [learn-spring-boot] [           main] o.s.b.f.s.DefaultListableBeanFactory     : Finished creating instance of bean 'propertiesMeterFilter'
2025-04-01T15:16:26.871+05:30 DEBUG 16888 --- [learn-spring-boot] [           main] o.s.b.f.s.DefaultListableBeanFactory     : Creating shared instance of singleton bean 'meterRegistryCloser'
2025-04-01T15:16:26.871+05:30 TRACE 16888 --- [learn-spring-boot] [           main] o.s.b.f.s.DefaultListableBeanFactory     : Creating instance of bean 'meterRegistryCloser'
2025-04-01T15:16:26.871+05:30 TRACE 16888 --- [learn-spring-boot] [           main] o.s.b.f.s.DefaultListableBeanFactory     : Returning cached instance of singleton bean 'org.springframework.boot.actuate.autoconfigure.metrics.MetricsAutoConfiguration'
2025-04-01T15:16:26.871+05:30 DEBUG 16888 --- [learn-spring-boot] [           main] o.s.b.f.s.DefaultListableBeanFactory     : Creating shared instance of singleton bean 'simpleMeterRegistry'
2025-04-01T15:16:26.871+05:30 TRACE 16888 --- [learn-spring-boot] [           main] o.s.b.f.s.DefaultListableBeanFactory     : Creating instance of bean 'simpleMeterRegistry'
2025-04-01T15:16:26.871+05:30 DEBUG 16888 --- [learn-spring-boot] [           main] o.s.b.f.s.DefaultListableBeanFactory     : Creating shared instance of singleton bean 'org.springframework.boot.actuate.autoconfigure.metrics.export.simple.SimpleMetricsExportAutoConfiguration'
2025-04-01T15:16:26.871+05:30 TRACE 16888 --- [learn-spring-boot] [           main] o.s.b.f.s.DefaultListableBeanFactory     : Creating instance of bean 'org.springframework.boot.actuate.autoconfigure.metrics.export.simple.SimpleMetricsExportAutoConfiguration'
2025-04-01T15:16:26.872+05:30 TRACE 16888 --- [learn-spring-boot] [           main] o.s.b.f.s.DefaultListableBeanFactory     : Finished creating instance of bean 'org.springframework.boot.actuate.autoconfigure.metrics.export.simple.SimpleMetricsExportAutoConfiguration'
2025-04-01T15:16:26.872+05:30 DEBUG 16888 --- [learn-spring-boot] [           main] o.s.b.f.s.DefaultListableBeanFactory     : Creating shared instance of singleton bean 'simpleConfig'
2025-04-01T15:16:26.872+05:30 TRACE 16888 --- [learn-spring-boot] [           main] o.s.b.f.s.DefaultListableBeanFactory     : Creating instance of bean 'simpleConfig'
2025-04-01T15:16:26.872+05:30 TRACE 16888 --- [learn-spring-boot] [           main] o.s.b.f.s.DefaultListableBeanFactory     : Returning cached instance of singleton bean 'org.springframework.boot.actuate.autoconfigure.metrics.export.simple.SimpleMetricsExportAutoConfiguration'
2025-04-01T15:16:26.872+05:30 DEBUG 16888 --- [learn-spring-boot] [           main] o.s.b.f.s.DefaultListableBeanFactory     : Creating shared instance of singleton bean 'management.simple.metrics.export-org.springframework.boot.actuate.autoconfigure.metrics.export.simple.SimpleProperties'
2025-04-01T15:16:26.872+05:30 TRACE 16888 --- [learn-spring-boot] [           main] o.s.b.f.s.DefaultListableBeanFactory     : Creating instance of bean 'management.simple.metrics.export-org.springframework.boot.actuate.autoconfigure.metrics.export.simple.SimpleProperties'
2025-04-01T15:16:26.873+05:30 TRACE 16888 --- [learn-spring-boot] [           main] o.s.b.f.s.DefaultListableBeanFactory     : Returning cached instance of singleton bean 'org.springframework.boot.context.properties.BoundConfigurationProperties'
2025-04-01T15:16:26.873+05:30 TRACE 16888 --- [learn-spring-boot] [           main] o.s.b.f.s.DefaultListableBeanFactory     : Finished creating instance of bean 'management.simple.metrics.export-org.springframework.boot.actuate.autoconfigure.metrics.export.simple.SimpleProperties'
2025-04-01T15:16:26.873+05:30 DEBUG 16888 --- [learn-spring-boot] [           main] o.s.b.f.s.DefaultListableBeanFactory     : Autowiring by type from bean name 'simpleConfig' via factory method to bean named 'management.simple.metrics.export-org.springframework.boot.actuate.autoconfigure.metrics.export.simple.SimpleProperties'
2025-04-01T15:16:26.876+05:30 TRACE 16888 --- [learn-spring-boot] [           main] o.s.b.f.s.DefaultListableBeanFactory     : Finished creating instance of bean 'simpleConfig'
2025-04-01T15:16:26.876+05:30 TRACE 16888 --- [learn-spring-boot] [           main] o.s.b.f.s.DefaultListableBeanFactory     : Returning cached instance of singleton bean 'micrometerClock'
2025-04-01T15:16:26.876+05:30 DEBUG 16888 --- [learn-spring-boot] [           main] o.s.b.f.s.DefaultListableBeanFactory     : Autowiring by type from bean name 'simpleMeterRegistry' via factory method to bean named 'simpleConfig'
2025-04-01T15:16:26.876+05:30 DEBUG 16888 --- [learn-spring-boot] [           main] o.s.b.f.s.DefaultListableBeanFactory     : Autowiring by type from bean name 'simpleMeterRegistry' via factory method to bean named 'micrometerClock'
2025-04-01T15:16:26.900+05:30 TRACE 16888 --- [learn-spring-boot] [           main] o.s.b.f.s.DefaultListableBeanFactory     : Returning cached instance of singleton bean 'propertiesMeterFilter'
2025-04-01T15:16:26.900+05:30 DEBUG 16888 --- [learn-spring-boot] [           main] o.s.b.f.s.DefaultListableBeanFactory     : Creating shared instance of singleton bean 'metricsHttpClientUriTagFilter'
2025-04-01T15:16:26.900+05:30 TRACE 16888 --- [learn-spring-boot] [           main] o.s.b.f.s.DefaultListableBeanFactory     : Creating instance of bean 'metricsHttpClientUriTagFilter'
2025-04-01T15:16:26.900+05:30 DEBUG 16888 --- [learn-spring-boot] [           main] o.s.b.f.s.DefaultListableBeanFactory     : Creating shared instance of singleton bean 'org.springframework.boot.actuate.autoconfigure.observation.web.client.HttpClientObservationsAutoConfiguration$MeterFilterConfiguration'
2025-04-01T15:16:26.900+05:30 TRACE 16888 --- [learn-spring-boot] [           main] o.s.b.f.s.DefaultListableBeanFactory     : Creating instance of bean 'org.springframework.boot.actuate.autoconfigure.observation.web.client.HttpClientObservationsAutoConfiguration$MeterFilterConfiguration'
2025-04-01T15:16:26.900+05:30 TRACE 16888 --- [learn-spring-boot] [           main] o.s.b.f.s.DefaultListableBeanFactory     : Finished creating instance of bean 'org.springframework.boot.actuate.autoconfigure.observation.web.client.HttpClientObservationsAutoConfiguration$MeterFilterConfiguration'
2025-04-01T15:16:26.900+05:30 DEBUG 16888 --- [learn-spring-boot] [           main] o.s.b.f.s.DefaultListableBeanFactory     : Creating shared instance of singleton bean 'management.observations-org.springframework.boot.actuate.autoconfigure.observation.ObservationProperties'
2025-04-01T15:16:26.900+05:30 TRACE 16888 --- [learn-spring-boot] [           main] o.s.b.f.s.DefaultListableBeanFactory     : Creating instance of bean 'management.observations-org.springframework.boot.actuate.autoconfigure.observation.ObservationProperties'
2025-04-01T15:16:26.902+05:30 TRACE 16888 --- [learn-spring-boot] [           main] o.s.b.f.s.DefaultListableBeanFactory     : Returning cached instance of singleton bean 'org.springframework.boot.context.properties.BoundConfigurationProperties'
2025-04-01T15:16:26.903+05:30 TRACE 16888 --- [learn-spring-boot] [           main] o.s.b.f.s.DefaultListableBeanFactory     : Finished creating instance of bean 'management.observations-org.springframework.boot.actuate.autoconfigure.observation.ObservationProperties'
2025-04-01T15:16:26.903+05:30 TRACE 16888 --- [learn-spring-boot] [           main] o.s.b.f.s.DefaultListableBeanFactory     : Returning cached instance of singleton bean 'management.metrics-org.springframework.boot.actuate.autoconfigure.metrics.MetricsProperties'
2025-04-01T15:16:26.903+05:30 DEBUG 16888 --- [learn-spring-boot] [           main] o.s.b.f.s.DefaultListableBeanFactory     : Autowiring by type from bean name 'metricsHttpClientUriTagFilter' via factory method to bean named 'management.observations-org.springframework.boot.actuate.autoconfigure.observation.ObservationProperties'
2025-04-01T15:16:26.903+05:30 DEBUG 16888 --- [learn-spring-boot] [           main] o.s.b.f.s.DefaultListableBeanFactory     : Autowiring by type from bean name 'metricsHttpClientUriTagFilter' via factory method to bean named 'management.metrics-org.springframework.boot.actuate.autoconfigure.metrics.MetricsProperties'
2025-04-01T15:16:26.904+05:30 TRACE 16888 --- [learn-spring-boot] [           main] o.s.b.f.s.DefaultListableBeanFactory     : Finished creating instance of bean 'metricsHttpClientUriTagFilter'
2025-04-01T15:16:26.904+05:30 DEBUG 16888 --- [learn-spring-boot] [           main] o.s.b.f.s.DefaultListableBeanFactory     : Creating shared instance of singleton bean 'metricsHttpServerUriTagFilter'
2025-04-01T15:16:26.904+05:30 TRACE 16888 --- [learn-spring-boot] [           main] o.s.b.f.s.DefaultListableBeanFactory     : Creating instance of bean 'metricsHttpServerUriTagFilter'
2025-04-01T15:16:26.904+05:30 DEBUG 16888 --- [learn-spring-boot] [           main] o.s.b.f.s.DefaultListableBeanFactory     : Creating shared instance of singleton bean 'org.springframework.boot.actuate.autoconfigure.observation.web.servlet.WebMvcObservationAutoConfiguration$MeterFilterConfiguration'
2025-04-01T15:16:26.904+05:30 TRACE 16888 --- [learn-spring-boot] [           main] o.s.b.f.s.DefaultListableBeanFactory     : Creating instance of bean 'org.springframework.boot.actuate.autoconfigure.observation.web.servlet.WebMvcObservationAutoConfiguration$MeterFilterConfiguration'
2025-04-01T15:16:26.905+05:30 TRACE 16888 --- [learn-spring-boot] [           main] o.s.b.f.s.DefaultListableBeanFactory     : Finished creating instance of bean 'org.springframework.boot.actuate.autoconfigure.observation.web.servlet.WebMvcObservationAutoConfiguration$MeterFilterConfiguration'
2025-04-01T15:16:26.905+05:30 TRACE 16888 --- [learn-spring-boot] [           main] o.s.b.f.s.DefaultListableBeanFactory     : Returning cached instance of singleton bean 'management.observations-org.springframework.boot.actuate.autoconfigure.observation.ObservationProperties'
2025-04-01T15:16:26.905+05:30 TRACE 16888 --- [learn-spring-boot] [           main] o.s.b.f.s.DefaultListableBeanFactory     : Returning cached instance of singleton bean 'management.metrics-org.springframework.boot.actuate.autoconfigure.metrics.MetricsProperties'
2025-04-01T15:16:26.905+05:30 DEBUG 16888 --- [learn-spring-boot] [           main] o.s.b.f.s.DefaultListableBeanFactory     : Autowiring by type from bean name 'metricsHttpServerUriTagFilter' via factory method to bean named 'management.observations-org.springframework.boot.actuate.autoconfigure.observation.ObservationProperties'
2025-04-01T15:16:26.905+05:30 DEBUG 16888 --- [learn-spring-boot] [           main] o.s.b.f.s.DefaultListableBeanFactory     : Autowiring by type from bean name 'metricsHttpServerUriTagFilter' via factory method to bean named 'management.metrics-org.springframework.boot.actuate.autoconfigure.metrics.MetricsProperties'
2025-04-01T15:16:26.905+05:30 TRACE 16888 --- [learn-spring-boot] [           main] o.s.b.f.s.DefaultListableBeanFactory     : Finished creating instance of bean 'metricsHttpServerUriTagFilter'
2025-04-01T15:16:26.905+05:30 TRACE 16888 --- [learn-spring-boot] [           main] o.s.b.f.s.DefaultListableBeanFactory     : Returning cached instance of singleton bean 'propertiesMeterFilter'
2025-04-01T15:16:26.905+05:30 TRACE 16888 --- [learn-spring-boot] [           main] o.s.b.f.s.DefaultListableBeanFactory     : Returning cached instance of singleton bean 'metricsHttpClientUriTagFilter'
2025-04-01T15:16:26.905+05:30 TRACE 16888 --- [learn-spring-boot] [           main] o.s.b.f.s.DefaultListableBeanFactory     : Returning cached instance of singleton bean 'metricsHttpServerUriTagFilter'
2025-04-01T15:16:26.906+05:30 TRACE 16888 --- [learn-spring-boot] [           main] o.s.b.f.s.DefaultListableBeanFactory     : Returning cached instance of singleton bean 'management.metrics-org.springframework.boot.actuate.autoconfigure.metrics.MetricsProperties'
2025-04-01T15:16:26.908+05:30 TRACE 16888 --- [learn-spring-boot] [           main] o.s.b.f.s.DefaultListableBeanFactory     : Finished creating instance of bean 'simpleMeterRegistry'
2025-04-01T15:16:26.908+05:30 TRACE 16888 --- [learn-spring-boot] [           main] o.s.b.f.s.DefaultListableBeanFactory     : Returning cached instance of singleton bean 'simpleMeterRegistry'
2025-04-01T15:16:26.908+05:30 TRACE 16888 --- [learn-spring-boot] [           main] o.s.b.f.s.DefaultListableBeanFactory     : Finished creating instance of bean 'meterRegistryCloser'
2025-04-01T15:16:26.908+05:30 TRACE 16888 --- [learn-spring-boot] [           main] o.s.b.f.s.DefaultListableBeanFactory     : Returning cached instance of singleton bean 'management.metrics-org.springframework.boot.actuate.autoconfigure.metrics.MetricsProperties'
2025-04-01T15:16:26.908+05:30 TRACE 16888 --- [learn-spring-boot] [           main] o.s.b.f.s.DefaultListableBeanFactory     : Returning cached instance of singleton bean 'org.springframework.boot.actuate.autoconfigure.metrics.export.simple.SimpleMetricsExportAutoConfiguration'
2025-04-01T15:16:26.908+05:30 TRACE 16888 --- [learn-spring-boot] [           main] o.s.b.f.s.DefaultListableBeanFactory     : Returning cached instance of singleton bean 'simpleMeterRegistry'
2025-04-01T15:16:26.908+05:30 TRACE 16888 --- [learn-spring-boot] [           main] o.s.b.f.s.DefaultListableBeanFactory     : Returning cached instance of singleton bean 'simpleConfig'
2025-04-01T15:16:26.908+05:30 TRACE 16888 --- [learn-spring-boot] [           main] o.s.b.f.s.DefaultListableBeanFactory     : Returning cached instance of singleton bean 'management.simple.metrics.export-org.springframework.boot.actuate.autoconfigure.metrics.export.simple.SimpleProperties'
2025-04-01T15:16:26.908+05:30 DEBUG 16888 --- [learn-spring-boot] [           main] o.s.b.f.s.DefaultListableBeanFactory     : Creating shared instance of singleton bean 'org.springframework.boot.actuate.autoconfigure.metrics.CompositeMeterRegistryAutoConfiguration'
2025-04-01T15:16:26.908+05:30 TRACE 16888 --- [learn-spring-boot] [           main] o.s.b.f.s.DefaultListableBeanFactory     : Creating instance of bean 'org.springframework.boot.actuate.autoconfigure.metrics.CompositeMeterRegistryAutoConfiguration'
2025-04-01T15:16:26.908+05:30 TRACE 16888 --- [learn-spring-boot] [           main] o.s.b.f.s.DefaultListableBeanFactory     : Finished creating instance of bean 'org.springframework.boot.actuate.autoconfigure.metrics.CompositeMeterRegistryAutoConfiguration'
2025-04-01T15:16:26.908+05:30 DEBUG 16888 --- [learn-spring-boot] [           main] o.s.b.f.s.DefaultListableBeanFactory     : Creating shared instance of singleton bean 'org.springframework.boot.actuate.autoconfigure.metrics.JvmMetricsAutoConfiguration'
2025-04-01T15:16:26.908+05:30 TRACE 16888 --- [learn-spring-boot] [           main] o.s.b.f.s.DefaultListableBeanFactory     : Creating instance of bean 'org.springframework.boot.actuate.autoconfigure.metrics.JvmMetricsAutoConfiguration'
2025-04-01T15:16:26.909+05:30 TRACE 16888 --- [learn-spring-boot] [           main] o.s.b.f.s.DefaultListableBeanFactory     : Finished creating instance of bean 'org.springframework.boot.actuate.autoconfigure.metrics.JvmMetricsAutoConfiguration'
2025-04-01T15:16:26.909+05:30 DEBUG 16888 --- [learn-spring-boot] [           main] o.s.b.f.s.DefaultListableBeanFactory     : Creating shared instance of singleton bean 'jvmGcMetrics'
2025-04-01T15:16:26.909+05:30 TRACE 16888 --- [learn-spring-boot] [           main] o.s.b.f.s.DefaultListableBeanFactory     : Creating instance of bean 'jvmGcMetrics'
2025-04-01T15:16:26.909+05:30 TRACE 16888 --- [learn-spring-boot] [           main] o.s.b.f.s.DefaultListableBeanFactory     : Returning cached instance of singleton bean 'org.springframework.boot.actuate.autoconfigure.metrics.JvmMetricsAutoConfiguration'
2025-04-01T15:16:26.919+05:30 TRACE 16888 --- [learn-spring-boot] [           main] o.s.b.f.s.DefaultListableBeanFactory     : Finished creating instance of bean 'jvmGcMetrics'
2025-04-01T15:16:26.919+05:30 DEBUG 16888 --- [learn-spring-boot] [           main] o.s.b.f.s.DefaultListableBeanFactory     : Creating shared instance of singleton bean 'jvmHeapPressureMetrics'
2025-04-01T15:16:26.919+05:30 TRACE 16888 --- [learn-spring-boot] [           main] o.s.b.f.s.DefaultListableBeanFactory     : Creating instance of bean 'jvmHeapPressureMetrics'
2025-04-01T15:16:26.919+05:30 TRACE 16888 --- [learn-spring-boot] [           main] o.s.b.f.s.DefaultListableBeanFactory     : Returning cached instance of singleton bean 'org.springframework.boot.actuate.autoconfigure.metrics.JvmMetricsAutoConfiguration'
2025-04-01T15:16:26.928+05:30 TRACE 16888 --- [learn-spring-boot] [           main] o.s.b.f.s.DefaultListableBeanFactory     : Finished creating instance of bean 'jvmHeapPressureMetrics'
2025-04-01T15:16:26.928+05:30 DEBUG 16888 --- [learn-spring-boot] [           main] o.s.b.f.s.DefaultListableBeanFactory     : Creating shared instance of singleton bean 'jvmMemoryMetrics'
2025-04-01T15:16:26.928+05:30 TRACE 16888 --- [learn-spring-boot] [           main] o.s.b.f.s.DefaultListableBeanFactory     : Creating instance of bean 'jvmMemoryMetrics'
2025-04-01T15:16:26.928+05:30 TRACE 16888 --- [learn-spring-boot] [           main] o.s.b.f.s.DefaultListableBeanFactory     : Returning cached instance of singleton bean 'org.springframework.boot.actuate.autoconfigure.metrics.JvmMetricsAutoConfiguration'
2025-04-01T15:16:26.928+05:30 TRACE 16888 --- [learn-spring-boot] [           main] o.s.b.f.s.DefaultListableBeanFactory     : Finished creating instance of bean 'jvmMemoryMetrics'
2025-04-01T15:16:26.928+05:30 DEBUG 16888 --- [learn-spring-boot] [           main] o.s.b.f.s.DefaultListableBeanFactory     : Creating shared instance of singleton bean 'jvmThreadMetrics'
2025-04-01T15:16:26.928+05:30 TRACE 16888 --- [learn-spring-boot] [           main] o.s.b.f.s.DefaultListableBeanFactory     : Creating instance of bean 'jvmThreadMetrics'
2025-04-01T15:16:26.928+05:30 TRACE 16888 --- [learn-spring-boot] [           main] o.s.b.f.s.DefaultListableBeanFactory     : Returning cached instance of singleton bean 'org.springframework.boot.actuate.autoconfigure.metrics.JvmMetricsAutoConfiguration'
2025-04-01T15:16:26.929+05:30 TRACE 16888 --- [learn-spring-boot] [           main] o.s.b.f.s.DefaultListableBeanFactory     : Finished creating instance of bean 'jvmThreadMetrics'
2025-04-01T15:16:26.929+05:30 DEBUG 16888 --- [learn-spring-boot] [           main] o.s.b.f.s.DefaultListableBeanFactory     : Creating shared instance of singleton bean 'classLoaderMetrics'
2025-04-01T15:16:26.929+05:30 TRACE 16888 --- [learn-spring-boot] [           main] o.s.b.f.s.DefaultListableBeanFactory     : Creating instance of bean 'classLoaderMetrics'
2025-04-01T15:16:26.929+05:30 TRACE 16888 --- [learn-spring-boot] [           main] o.s.b.f.s.DefaultListableBeanFactory     : Returning cached instance of singleton bean 'org.springframework.boot.actuate.autoconfigure.metrics.JvmMetricsAutoConfiguration'
2025-04-01T15:16:26.930+05:30 TRACE 16888 --- [learn-spring-boot] [           main] o.s.b.f.s.DefaultListableBeanFactory     : Finished creating instance of bean 'classLoaderMetrics'
2025-04-01T15:16:26.930+05:30 DEBUG 16888 --- [learn-spring-boot] [           main] o.s.b.f.s.DefaultListableBeanFactory     : Creating shared instance of singleton bean 'jvmInfoMetrics'
2025-04-01T15:16:26.930+05:30 TRACE 16888 --- [learn-spring-boot] [           main] o.s.b.f.s.DefaultListableBeanFactory     : Creating instance of bean 'jvmInfoMetrics'
2025-04-01T15:16:26.930+05:30 TRACE 16888 --- [learn-spring-boot] [           main] o.s.b.f.s.DefaultListableBeanFactory     : Returning cached instance of singleton bean 'org.springframework.boot.actuate.autoconfigure.metrics.JvmMetricsAutoConfiguration'
2025-04-01T15:16:26.930+05:30 TRACE 16888 --- [learn-spring-boot] [           main] o.s.b.f.s.DefaultListableBeanFactory     : Finished creating instance of bean 'jvmInfoMetrics'
2025-04-01T15:16:26.930+05:30 DEBUG 16888 --- [learn-spring-boot] [           main] o.s.b.f.s.DefaultListableBeanFactory     : Creating shared instance of singleton bean 'jvmCompilationMetrics'
2025-04-01T15:16:26.930+05:30 TRACE 16888 --- [learn-spring-boot] [           main] o.s.b.f.s.DefaultListableBeanFactory     : Creating instance of bean 'jvmCompilationMetrics'
2025-04-01T15:16:26.930+05:30 TRACE 16888 --- [learn-spring-boot] [           main] o.s.b.f.s.DefaultListableBeanFactory     : Returning cached instance of singleton bean 'org.springframework.boot.actuate.autoconfigure.metrics.JvmMetricsAutoConfiguration'
2025-04-01T15:16:26.931+05:30 TRACE 16888 --- [learn-spring-boot] [           main] o.s.b.f.s.DefaultListableBeanFactory     : Finished creating instance of bean 'jvmCompilationMetrics'
2025-04-01T15:16:26.931+05:30 DEBUG 16888 --- [learn-spring-boot] [           main] o.s.b.f.s.DefaultListableBeanFactory     : Creating shared instance of singleton bean 'org.springframework.boot.actuate.autoconfigure.metrics.LogbackMetricsAutoConfiguration'
2025-04-01T15:16:26.931+05:30 TRACE 16888 --- [learn-spring-boot] [           main] o.s.b.f.s.DefaultListableBeanFactory     : Creating instance of bean 'org.springframework.boot.actuate.autoconfigure.metrics.LogbackMetricsAutoConfiguration'
2025-04-01T15:16:26.931+05:30 TRACE 16888 --- [learn-spring-boot] [           main] o.s.b.f.s.DefaultListableBeanFactory     : Finished creating instance of bean 'org.springframework.boot.actuate.autoconfigure.metrics.LogbackMetricsAutoConfiguration'
2025-04-01T15:16:26.931+05:30 DEBUG 16888 --- [learn-spring-boot] [           main] o.s.b.f.s.DefaultListableBeanFactory     : Creating shared instance of singleton bean 'logbackMetrics'
2025-04-01T15:16:26.931+05:30 TRACE 16888 --- [learn-spring-boot] [           main] o.s.b.f.s.DefaultListableBeanFactory     : Creating instance of bean 'logbackMetrics'
2025-04-01T15:16:26.931+05:30 TRACE 16888 --- [learn-spring-boot] [           main] o.s.b.f.s.DefaultListableBeanFactory     : Returning cached instance of singleton bean 'org.springframework.boot.actuate.autoconfigure.metrics.LogbackMetricsAutoConfiguration'
2025-04-01T15:16:26.933+05:30 TRACE 16888 --- [learn-spring-boot] [           main] o.s.b.f.s.DefaultListableBeanFactory     : Finished creating instance of bean 'logbackMetrics'
2025-04-01T15:16:26.933+05:30 DEBUG 16888 --- [learn-spring-boot] [           main] o.s.b.f.s.DefaultListableBeanFactory     : Creating shared instance of singleton bean 'org.springframework.boot.actuate.autoconfigure.metrics.SystemMetricsAutoConfiguration'
2025-04-01T15:16:26.933+05:30 TRACE 16888 --- [learn-spring-boot] [           main] o.s.b.f.s.DefaultListableBeanFactory     : Creating instance of bean 'org.springframework.boot.actuate.autoconfigure.metrics.SystemMetricsAutoConfiguration'
2025-04-01T15:16:26.933+05:30 TRACE 16888 --- [learn-spring-boot] [           main] o.s.b.f.s.DefaultListableBeanFactory     : Finished creating instance of bean 'org.springframework.boot.actuate.autoconfigure.metrics.SystemMetricsAutoConfiguration'
2025-04-01T15:16:26.933+05:30 DEBUG 16888 --- [learn-spring-boot] [           main] o.s.b.f.s.DefaultListableBeanFactory     : Creating shared instance of singleton bean 'uptimeMetrics'
2025-04-01T15:16:26.933+05:30 TRACE 16888 --- [learn-spring-boot] [           main] o.s.b.f.s.DefaultListableBeanFactory     : Creating instance of bean 'uptimeMetrics'
2025-04-01T15:16:26.933+05:30 TRACE 16888 --- [learn-spring-boot] [           main] o.s.b.f.s.DefaultListableBeanFactory     : Returning cached instance of singleton bean 'org.springframework.boot.actuate.autoconfigure.metrics.SystemMetricsAutoConfiguration'
2025-04-01T15:16:26.933+05:30 TRACE 16888 --- [learn-spring-boot] [           main] o.s.b.f.s.DefaultListableBeanFactory     : Finished creating instance of bean 'uptimeMetrics'
2025-04-01T15:16:26.933+05:30 DEBUG 16888 --- [learn-spring-boot] [           main] o.s.b.f.s.DefaultListableBeanFactory     : Creating shared instance of singleton bean 'processorMetrics'
2025-04-01T15:16:26.933+05:30 TRACE 16888 --- [learn-spring-boot] [           main] o.s.b.f.s.DefaultListableBeanFactory     : Creating instance of bean 'processorMetrics'
2025-04-01T15:16:26.933+05:30 TRACE 16888 --- [learn-spring-boot] [           main] o.s.b.f.s.DefaultListableBeanFactory     : Returning cached instance of singleton bean 'org.springframework.boot.actuate.autoconfigure.metrics.SystemMetricsAutoConfiguration'
2025-04-01T15:16:26.934+05:30 TRACE 16888 --- [learn-spring-boot] [           main] o.s.b.f.s.DefaultListableBeanFactory     : Finished creating instance of bean 'processorMetrics'
2025-04-01T15:16:26.934+05:30 DEBUG 16888 --- [learn-spring-boot] [           main] o.s.b.f.s.DefaultListableBeanFactory     : Creating shared instance of singleton bean 'fileDescriptorMetrics'
2025-04-01T15:16:26.934+05:30 TRACE 16888 --- [learn-spring-boot] [           main] o.s.b.f.s.DefaultListableBeanFactory     : Creating instance of bean 'fileDescriptorMetrics'
2025-04-01T15:16:26.935+05:30 TRACE 16888 --- [learn-spring-boot] [           main] o.s.b.f.s.DefaultListableBeanFactory     : Returning cached instance of singleton bean 'org.springframework.boot.actuate.autoconfigure.metrics.SystemMetricsAutoConfiguration'
2025-04-01T15:16:26.935+05:30 TRACE 16888 --- [learn-spring-boot] [           main] o.s.b.f.s.DefaultListableBeanFactory     : Finished creating instance of bean 'fileDescriptorMetrics'
2025-04-01T15:16:26.935+05:30 DEBUG 16888 --- [learn-spring-boot] [           main] o.s.b.f.s.DefaultListableBeanFactory     : Creating shared instance of singleton bean 'diskSpaceMetrics'
2025-04-01T15:16:26.935+05:30 TRACE 16888 --- [learn-spring-boot] [           main] o.s.b.f.s.DefaultListableBeanFactory     : Creating instance of bean 'diskSpaceMetrics'
2025-04-01T15:16:26.935+05:30 TRACE 16888 --- [learn-spring-boot] [           main] o.s.b.f.s.DefaultListableBeanFactory     : Returning cached instance of singleton bean 'org.springframework.boot.actuate.autoconfigure.metrics.SystemMetricsAutoConfiguration'
2025-04-01T15:16:26.935+05:30 TRACE 16888 --- [learn-spring-boot] [           main] o.s.b.f.s.DefaultListableBeanFactory     : Returning cached instance of singleton bean 'management.metrics-org.springframework.boot.actuate.autoconfigure.metrics.MetricsProperties'
2025-04-01T15:16:26.935+05:30 DEBUG 16888 --- [learn-spring-boot] [           main] o.s.b.f.s.DefaultListableBeanFactory     : Autowiring by type from bean name 'diskSpaceMetrics' via factory method to bean named 'management.metrics-org.springframework.boot.actuate.autoconfigure.metrics.MetricsProperties'
2025-04-01T15:16:26.937+05:30 TRACE 16888 --- [learn-spring-boot] [           main] o.s.b.f.s.DefaultListableBeanFactory     : Finished creating instance of bean 'diskSpaceMetrics'
2025-04-01T15:16:26.937+05:30 DEBUG 16888 --- [learn-spring-boot] [           main] o.s.b.f.s.DefaultListableBeanFactory     : Creating shared instance of singleton bean 'org.springframework.boot.actuate.autoconfigure.metrics.integration.IntegrationMetricsAutoConfiguration'
2025-04-01T15:16:26.937+05:30 TRACE 16888 --- [learn-spring-boot] [           main] o.s.b.f.s.DefaultListableBeanFactory     : Creating instance of bean 'org.springframework.boot.actuate.autoconfigure.metrics.integration.IntegrationMetricsAutoConfiguration'
2025-04-01T15:16:26.937+05:30 TRACE 16888 --- [learn-spring-boot] [           main] o.s.b.f.s.DefaultListableBeanFactory     : Finished creating instance of bean 'org.springframework.boot.actuate.autoconfigure.metrics.integration.IntegrationMetricsAutoConfiguration'
2025-04-01T15:16:26.937+05:30 DEBUG 16888 --- [learn-spring-boot] [           main] o.s.b.f.s.DefaultListableBeanFactory     : Creating shared instance of singleton bean 'org.springframework.boot.actuate.autoconfigure.metrics.startup.StartupTimeMetricsListenerAutoConfiguration'
2025-04-01T15:16:26.937+05:30 TRACE 16888 --- [learn-spring-boot] [           main] o.s.b.f.s.DefaultListableBeanFactory     : Creating instance of bean 'org.springframework.boot.actuate.autoconfigure.metrics.startup.StartupTimeMetricsListenerAutoConfiguration'
2025-04-01T15:16:26.937+05:30 TRACE 16888 --- [learn-spring-boot] [           main] o.s.b.f.s.DefaultListableBeanFactory     : Finished creating instance of bean 'org.springframework.boot.actuate.autoconfigure.metrics.startup.StartupTimeMetricsListenerAutoConfiguration'
2025-04-01T15:16:26.938+05:30 DEBUG 16888 --- [learn-spring-boot] [           main] o.s.b.f.s.DefaultListableBeanFactory     : Creating shared instance of singleton bean 'startupTimeMetrics'
2025-04-01T15:16:26.938+05:30 TRACE 16888 --- [learn-spring-boot] [           main] o.s.b.f.s.DefaultListableBeanFactory     : Creating instance of bean 'startupTimeMetrics'
2025-04-01T15:16:26.938+05:30 TRACE 16888 --- [learn-spring-boot] [           main] o.s.b.f.s.DefaultListableBeanFactory     : Returning cached instance of singleton bean 'org.springframework.boot.actuate.autoconfigure.metrics.startup.StartupTimeMetricsListenerAutoConfiguration'
2025-04-01T15:16:26.938+05:30 TRACE 16888 --- [learn-spring-boot] [           main] o.s.b.f.s.DefaultListableBeanFactory     : Returning cached instance of singleton bean 'simpleMeterRegistry'
2025-04-01T15:16:26.938+05:30 DEBUG 16888 --- [learn-spring-boot] [           main] o.s.b.f.s.DefaultListableBeanFactory     : Autowiring by type from bean name 'startupTimeMetrics' via factory method to bean named 'simpleMeterRegistry'
2025-04-01T15:16:26.938+05:30 TRACE 16888 --- [learn-spring-boot] [           main] o.s.b.f.s.DefaultListableBeanFactory     : Finished creating instance of bean 'startupTimeMetrics'
2025-04-01T15:16:26.938+05:30 DEBUG 16888 --- [learn-spring-boot] [           main] o.s.b.f.s.DefaultListableBeanFactory     : Creating shared instance of singleton bean 'org.springframework.boot.autoconfigure.task.TaskSchedulingConfigurations$ThreadPoolTaskSchedulerBuilderConfiguration'
2025-04-01T15:16:26.938+05:30 TRACE 16888 --- [learn-spring-boot] [           main] o.s.b.f.s.DefaultListableBeanFactory     : Creating instance of bean 'org.springframework.boot.autoconfigure.task.TaskSchedulingConfigurations$ThreadPoolTaskSchedulerBuilderConfiguration'
2025-04-01T15:16:26.938+05:30 TRACE 16888 --- [learn-spring-boot] [           main] o.s.b.f.s.DefaultListableBeanFactory     : Finished creating instance of bean 'org.springframework.boot.autoconfigure.task.TaskSchedulingConfigurations$ThreadPoolTaskSchedulerBuilderConfiguration'
2025-04-01T15:16:26.938+05:30 DEBUG 16888 --- [learn-spring-boot] [           main] o.s.b.f.s.DefaultListableBeanFactory     : Creating shared instance of singleton bean 'threadPoolTaskSchedulerBuilder'
2025-04-01T15:16:26.939+05:30 TRACE 16888 --- [learn-spring-boot] [           main] o.s.b.f.s.DefaultListableBeanFactory     : Creating instance of bean 'threadPoolTaskSchedulerBuilder'
2025-04-01T15:16:26.939+05:30 TRACE 16888 --- [learn-spring-boot] [           main] o.s.b.f.s.DefaultListableBeanFactory     : Returning cached instance of singleton bean 'org.springframework.boot.autoconfigure.task.TaskSchedulingConfigurations$ThreadPoolTaskSchedulerBuilderConfiguration'
2025-04-01T15:16:26.940+05:30 DEBUG 16888 --- [learn-spring-boot] [           main] o.s.b.f.s.DefaultListableBeanFactory     : Creating shared instance of singleton bean 'spring.task.scheduling-org.springframework.boot.autoconfigure.task.TaskSchedulingProperties'
2025-04-01T15:16:26.940+05:30 TRACE 16888 --- [learn-spring-boot] [           main] o.s.b.f.s.DefaultListableBeanFactory     : Creating instance of bean 'spring.task.scheduling-org.springframework.boot.autoconfigure.task.TaskSchedulingProperties'
2025-04-01T15:16:26.940+05:30 TRACE 16888 --- [learn-spring-boot] [           main] o.s.b.f.s.DefaultListableBeanFactory     : Returning cached instance of singleton bean 'org.springframework.boot.context.properties.BoundConfigurationProperties'
2025-04-01T15:16:26.941+05:30 TRACE 16888 --- [learn-spring-boot] [           main] o.s.b.f.s.DefaultListableBeanFactory     : Finished creating instance of bean 'spring.task.scheduling-org.springframework.boot.autoconfigure.task.TaskSchedulingProperties'
2025-04-01T15:16:26.941+05:30 DEBUG 16888 --- [learn-spring-boot] [           main] o.s.b.f.s.DefaultListableBeanFactory     : Autowiring by type from bean name 'threadPoolTaskSchedulerBuilder' via factory method to bean named 'spring.task.scheduling-org.springframework.boot.autoconfigure.task.TaskSchedulingProperties'
2025-04-01T15:16:26.942+05:30 TRACE 16888 --- [learn-spring-boot] [           main] o.s.b.f.s.DefaultListableBeanFactory     : Finished creating instance of bean 'threadPoolTaskSchedulerBuilder'
2025-04-01T15:16:26.942+05:30 DEBUG 16888 --- [learn-spring-boot] [           main] o.s.b.f.s.DefaultListableBeanFactory     : Creating shared instance of singleton bean 'org.springframework.boot.autoconfigure.task.TaskSchedulingConfigurations$SimpleAsyncTaskSchedulerBuilderConfiguration'
2025-04-01T15:16:26.942+05:30 TRACE 16888 --- [learn-spring-boot] [           main] o.s.b.f.s.DefaultListableBeanFactory     : Creating instance of bean 'org.springframework.boot.autoconfigure.task.TaskSchedulingConfigurations$SimpleAsyncTaskSchedulerBuilderConfiguration'
2025-04-01T15:16:26.943+05:30 TRACE 16888 --- [learn-spring-boot] [           main] o.s.b.f.s.DefaultListableBeanFactory     : Returning cached instance of singleton bean 'spring.task.scheduling-org.springframework.boot.autoconfigure.task.TaskSchedulingProperties'
2025-04-01T15:16:26.943+05:30 DEBUG 16888 --- [learn-spring-boot] [           main] o.s.b.f.s.DefaultListableBeanFactory     : Autowiring by type from bean name 'org.springframework.boot.autoconfigure.task.TaskSchedulingConfigurations$SimpleAsyncTaskSchedulerBuilderConfiguration' via constructor to bean named 'spring.task.scheduling-org.springframework.boot.autoconfigure.task.TaskSchedulingProperties'
2025-04-01T15:16:26.943+05:30 TRACE 16888 --- [learn-spring-boot] [           main] o.s.b.f.s.DefaultListableBeanFactory     : Finished creating instance of bean 'org.springframework.boot.autoconfigure.task.TaskSchedulingConfigurations$SimpleAsyncTaskSchedulerBuilderConfiguration'
2025-04-01T15:16:26.943+05:30 DEBUG 16888 --- [learn-spring-boot] [           main] o.s.b.f.s.DefaultListableBeanFactory     : Creating shared instance of singleton bean 'simpleAsyncTaskSchedulerBuilder'
2025-04-01T15:16:26.943+05:30 TRACE 16888 --- [learn-spring-boot] [           main] o.s.b.f.s.DefaultListableBeanFactory     : Creating instance of bean 'simpleAsyncTaskSchedulerBuilder'
2025-04-01T15:16:26.943+05:30 TRACE 16888 --- [learn-spring-boot] [           main] o.s.b.f.s.DefaultListableBeanFactory     : Returning cached instance of singleton bean 'org.springframework.boot.autoconfigure.task.TaskSchedulingConfigurations$SimpleAsyncTaskSchedulerBuilderConfiguration'
2025-04-01T15:16:26.947+05:30 TRACE 16888 --- [learn-spring-boot] [           main] o.s.b.f.s.DefaultListableBeanFactory     : Finished creating instance of bean 'simpleAsyncTaskSchedulerBuilder'
2025-04-01T15:16:26.947+05:30 DEBUG 16888 --- [learn-spring-boot] [           main] o.s.b.f.s.DefaultListableBeanFactory     : Creating shared instance of singleton bean 'org.springframework.boot.autoconfigure.task.TaskSchedulingAutoConfiguration'
2025-04-01T15:16:26.947+05:30 TRACE 16888 --- [learn-spring-boot] [           main] o.s.b.f.s.DefaultListableBeanFactory     : Creating instance of bean 'org.springframework.boot.autoconfigure.task.TaskSchedulingAutoConfiguration'
2025-04-01T15:16:26.947+05:30 TRACE 16888 --- [learn-spring-boot] [           main] o.s.b.f.s.DefaultListableBeanFactory     : Finished creating instance of bean 'org.springframework.boot.autoconfigure.task.TaskSchedulingAutoConfiguration'
2025-04-01T15:16:26.947+05:30 TRACE 16888 --- [learn-spring-boot] [           main] o.s.b.f.s.DefaultListableBeanFactory     : Returning cached instance of singleton bean 'spring.task.scheduling-org.springframework.boot.autoconfigure.task.TaskSchedulingProperties'
2025-04-01T15:16:26.947+05:30 DEBUG 16888 --- [learn-spring-boot] [           main] o.s.b.f.s.DefaultListableBeanFactory     : Creating shared instance of singleton bean 'org.springframework.boot.actuate.autoconfigure.metrics.task.TaskExecutorMetricsAutoConfiguration'
2025-04-01T15:16:26.947+05:30 TRACE 16888 --- [learn-spring-boot] [           main] o.s.b.f.s.DefaultListableBeanFactory     : Creating instance of bean 'org.springframework.boot.actuate.autoconfigure.metrics.task.TaskExecutorMetricsAutoConfiguration'
2025-04-01T15:16:26.948+05:30 TRACE 16888 --- [learn-spring-boot] [           main] o.s.beans.CachedIntrospectionResults     : Getting BeanInfo for class [org.springframework.boot.actuate.autoconfigure.metrics.task.TaskExecutorMetricsAutoConfiguration]
2025-04-01T15:16:26.948+05:30 TRACE 16888 --- [learn-spring-boot] [           main] o.s.beans.CachedIntrospectionResults     : Caching PropertyDescriptors for class [org.springframework.boot.actuate.autoconfigure.metrics.task.TaskExecutorMetricsAutoConfiguration]
2025-04-01T15:16:26.948+05:30 TRACE 16888 --- [learn-spring-boot] [           main] o.s.beans.CachedIntrospectionResults     : Found bean property 'class' of type [java.lang.Class]
2025-04-01T15:16:26.948+05:30 TRACE 16888 --- [learn-spring-boot] [           main] o.s.b.f.s.DefaultListableBeanFactory     : Returning cached instance of singleton bean 'simpleMeterRegistry'
2025-04-01T15:16:26.948+05:30 TRACE 16888 --- [learn-spring-boot] [           main] f.a.AutowiredAnnotationBeanPostProcessor : Autowiring by type from bean name 'org.springframework.boot.actuate.autoconfigure.metrics.task.TaskExecutorMetricsAutoConfiguration' to bean named 'org.springframework.beans.factory.support.DefaultListableBeanFactory@bcb09a6'
2025-04-01T15:16:26.948+05:30 TRACE 16888 --- [learn-spring-boot] [           main] f.a.AutowiredAnnotationBeanPostProcessor : Autowiring by type from bean name 'org.springframework.boot.actuate.autoconfigure.metrics.task.TaskExecutorMetricsAutoConfiguration' to bean named 'simpleMeterRegistry'
2025-04-01T15:16:26.949+05:30 TRACE 16888 --- [learn-spring-boot] [           main] o.s.b.f.s.DefaultListableBeanFactory     : Returning cached instance of singleton bean 'applicationTaskExecutor'
2025-04-01T15:16:26.959+05:30 TRACE 16888 --- [learn-spring-boot] [           main] o.s.b.f.s.DefaultListableBeanFactory     : Finished creating instance of bean 'org.springframework.boot.actuate.autoconfigure.metrics.task.TaskExecutorMetricsAutoConfiguration'
2025-04-01T15:16:26.959+05:30 DEBUG 16888 --- [learn-spring-boot] [           main] o.s.b.f.s.DefaultListableBeanFactory     : Creating shared instance of singleton bean 'eagerTaskExecutorMetrics'
2025-04-01T15:16:26.959+05:30 TRACE 16888 --- [learn-spring-boot] [           main] o.s.b.f.s.DefaultListableBeanFactory     : Creating instance of bean 'eagerTaskExecutorMetrics'
2025-04-01T15:16:26.959+05:30 TRACE 16888 --- [learn-spring-boot] [           main] o.s.b.f.s.DefaultListableBeanFactory     : Finished creating instance of bean 'eagerTaskExecutorMetrics'
2025-04-01T15:16:26.959+05:30 DEBUG 16888 --- [learn-spring-boot] [           main] o.s.b.f.s.DefaultListableBeanFactory     : Creating shared instance of singleton bean 'org.springframework.boot.actuate.autoconfigure.metrics.web.tomcat.TomcatMetricsAutoConfiguration'
2025-04-01T15:16:26.959+05:30 TRACE 16888 --- [learn-spring-boot] [           main] o.s.b.f.s.DefaultListableBeanFactory     : Creating instance of bean 'org.springframework.boot.actuate.autoconfigure.metrics.web.tomcat.TomcatMetricsAutoConfiguration'
2025-04-01T15:16:26.960+05:30 TRACE 16888 --- [learn-spring-boot] [           main] o.s.b.f.s.DefaultListableBeanFactory     : Finished creating instance of bean 'org.springframework.boot.actuate.autoconfigure.metrics.web.tomcat.TomcatMetricsAutoConfiguration'
2025-04-01T15:16:26.960+05:30 DEBUG 16888 --- [learn-spring-boot] [           main] o.s.b.f.s.DefaultListableBeanFactory     : Creating shared instance of singleton bean 'tomcatMetricsBinder'
2025-04-01T15:16:26.960+05:30 TRACE 16888 --- [learn-spring-boot] [           main] o.s.b.f.s.DefaultListableBeanFactory     : Creating instance of bean 'tomcatMetricsBinder'
2025-04-01T15:16:26.960+05:30 TRACE 16888 --- [learn-spring-boot] [           main] o.s.b.f.s.DefaultListableBeanFactory     : Returning cached instance of singleton bean 'org.springframework.boot.actuate.autoconfigure.metrics.web.tomcat.TomcatMetricsAutoConfiguration'
2025-04-01T15:16:26.960+05:30 TRACE 16888 --- [learn-spring-boot] [           main] o.s.b.f.s.DefaultListableBeanFactory     : Returning cached instance of singleton bean 'simpleMeterRegistry'
2025-04-01T15:16:26.960+05:30 DEBUG 16888 --- [learn-spring-boot] [           main] o.s.b.f.s.DefaultListableBeanFactory     : Autowiring by type from bean name 'tomcatMetricsBinder' via factory method to bean named 'simpleMeterRegistry'
2025-04-01T15:16:26.960+05:30 TRACE 16888 --- [learn-spring-boot] [           main] o.s.b.f.s.DefaultListableBeanFactory     : Finished creating instance of bean 'tomcatMetricsBinder'
2025-04-01T15:16:26.960+05:30 DEBUG 16888 --- [learn-spring-boot] [           main] o.s.b.f.s.DefaultListableBeanFactory     : Creating shared instance of singleton bean 'org.springframework.boot.actuate.autoconfigure.observation.ObservationAutoConfiguration$MeterObservationHandlerConfiguration$OnlyMetricsMeterObservationHandlerConfiguration'
2025-04-01T15:16:26.960+05:30 TRACE 16888 --- [learn-spring-boot] [           main] o.s.b.f.s.DefaultListableBeanFactory     : Creating instance of bean 'org.springframework.boot.actuate.autoconfigure.observation.ObservationAutoConfiguration$MeterObservationHandlerConfiguration$OnlyMetricsMeterObservationHandlerConfiguration'
2025-04-01T15:16:26.960+05:30 TRACE 16888 --- [learn-spring-boot] [           main] o.s.b.f.s.DefaultListableBeanFactory     : Finished creating instance of bean 'org.springframework.boot.actuate.autoconfigure.observation.ObservationAutoConfiguration$MeterObservationHandlerConfiguration$OnlyMetricsMeterObservationHandlerConfiguration'
2025-04-01T15:16:26.960+05:30 DEBUG 16888 --- [learn-spring-boot] [           main] o.s.b.f.s.DefaultListableBeanFactory     : Creating shared instance of singleton bean 'defaultMeterObservationHandler'
2025-04-01T15:16:26.960+05:30 TRACE 16888 --- [learn-spring-boot] [           main] o.s.b.f.s.DefaultListableBeanFactory     : Creating instance of bean 'defaultMeterObservationHandler'
2025-04-01T15:16:26.960+05:30 TRACE 16888 --- [learn-spring-boot] [           main] o.s.b.f.s.DefaultListableBeanFactory     : Returning cached instance of singleton bean 'org.springframework.boot.actuate.autoconfigure.observation.ObservationAutoConfiguration$MeterObservationHandlerConfiguration$OnlyMetricsMeterObservationHandlerConfiguration'
2025-04-01T15:16:26.960+05:30 TRACE 16888 --- [learn-spring-boot] [           main] o.s.b.f.s.DefaultListableBeanFactory     : Returning cached instance of singleton bean 'simpleMeterRegistry'
2025-04-01T15:16:26.960+05:30 TRACE 16888 --- [learn-spring-boot] [           main] o.s.b.f.s.DefaultListableBeanFactory     : Returning cached instance of singleton bean 'management.observations-org.springframework.boot.actuate.autoconfigure.observation.ObservationProperties'
2025-04-01T15:16:26.960+05:30 DEBUG 16888 --- [learn-spring-boot] [           main] o.s.b.f.s.DefaultListableBeanFactory     : Autowiring by type from bean name 'defaultMeterObservationHandler' via factory method to bean named 'simpleMeterRegistry'
2025-04-01T15:16:26.960+05:30 DEBUG 16888 --- [learn-spring-boot] [           main] o.s.b.f.s.DefaultListableBeanFactory     : Autowiring by type from bean name 'defaultMeterObservationHandler' via factory method to bean named 'management.observations-org.springframework.boot.actuate.autoconfigure.observation.ObservationProperties'
2025-04-01T15:16:26.962+05:30 TRACE 16888 --- [learn-spring-boot] [           main] o.s.b.f.s.DefaultListableBeanFactory     : Finished creating instance of bean 'defaultMeterObservationHandler'
2025-04-01T15:16:26.962+05:30 DEBUG 16888 --- [learn-spring-boot] [           main] o.s.b.f.s.DefaultListableBeanFactory     : Creating shared instance of singleton bean 'org.springframework.boot.actuate.autoconfigure.observation.ObservationAutoConfiguration$MeterObservationHandlerConfiguration'
2025-04-01T15:16:26.962+05:30 TRACE 16888 --- [learn-spring-boot] [           main] o.s.b.f.s.DefaultListableBeanFactory     : Creating instance of bean 'org.springframework.boot.actuate.autoconfigure.observation.ObservationAutoConfiguration$MeterObservationHandlerConfiguration'
2025-04-01T15:16:26.962+05:30 TRACE 16888 --- [learn-spring-boot] [           main] o.s.b.f.s.DefaultListableBeanFactory     : Finished creating instance of bean 'org.springframework.boot.actuate.autoconfigure.observation.ObservationAutoConfiguration$MeterObservationHandlerConfiguration'
2025-04-01T15:16:26.962+05:30 DEBUG 16888 --- [learn-spring-boot] [           main] o.s.b.f.s.DefaultListableBeanFactory     : Creating shared instance of singleton bean 'org.springframework.boot.actuate.autoconfigure.observation.ObservationAutoConfiguration$OnlyMetricsConfiguration'
2025-04-01T15:16:26.962+05:30 TRACE 16888 --- [learn-spring-boot] [           main] o.s.b.f.s.DefaultListableBeanFactory     : Creating instance of bean 'org.springframework.boot.actuate.autoconfigure.observation.ObservationAutoConfiguration$OnlyMetricsConfiguration'
2025-04-01T15:16:26.962+05:30 TRACE 16888 --- [learn-spring-boot] [           main] o.s.b.f.s.DefaultListableBeanFactory     : Finished creating instance of bean 'org.springframework.boot.actuate.autoconfigure.observation.ObservationAutoConfiguration$OnlyMetricsConfiguration'
2025-04-01T15:16:26.962+05:30 DEBUG 16888 --- [learn-spring-boot] [           main] o.s.b.f.s.DefaultListableBeanFactory     : Creating shared instance of singleton bean 'metricsObservationHandlerGrouping'
2025-04-01T15:16:26.962+05:30 TRACE 16888 --- [learn-spring-boot] [           main] o.s.b.f.s.DefaultListableBeanFactory     : Creating instance of bean 'metricsObservationHandlerGrouping'
2025-04-01T15:16:26.962+05:30 TRACE 16888 --- [learn-spring-boot] [           main] o.s.b.f.s.DefaultListableBeanFactory     : Returning cached instance of singleton bean 'org.springframework.boot.actuate.autoconfigure.observation.ObservationAutoConfiguration$OnlyMetricsConfiguration'
2025-04-01T15:16:26.963+05:30 TRACE 16888 --- [learn-spring-boot] [           main] o.s.b.f.s.DefaultListableBeanFactory     : Finished creating instance of bean 'metricsObservationHandlerGrouping'
2025-04-01T15:16:26.963+05:30 DEBUG 16888 --- [learn-spring-boot] [           main] o.s.b.f.s.DefaultListableBeanFactory     : Creating shared instance of singleton bean 'org.springframework.boot.actuate.autoconfigure.observation.ObservationAutoConfiguration'
2025-04-01T15:16:26.963+05:30 TRACE 16888 --- [learn-spring-boot] [           main] o.s.b.f.s.DefaultListableBeanFactory     : Creating instance of bean 'org.springframework.boot.actuate.autoconfigure.observation.ObservationAutoConfiguration'
2025-04-01T15:16:26.963+05:30 TRACE 16888 --- [learn-spring-boot] [           main] o.s.b.f.s.DefaultListableBeanFactory     : Finished creating instance of bean 'org.springframework.boot.actuate.autoconfigure.observation.ObservationAutoConfiguration'
2025-04-01T15:16:26.963+05:30 TRACE 16888 --- [learn-spring-boot] [           main] o.s.b.f.s.DefaultListableBeanFactory     : Returning cached instance of singleton bean 'observationRegistryPostProcessor'
2025-04-01T15:16:26.963+05:30 DEBUG 16888 --- [learn-spring-boot] [           main] o.s.b.f.s.DefaultListableBeanFactory     : Creating shared instance of singleton bean 'observationRegistry'
2025-04-01T15:16:26.963+05:30 TRACE 16888 --- [learn-spring-boot] [           main] o.s.b.f.s.DefaultListableBeanFactory     : Creating instance of bean 'observationRegistry'
2025-04-01T15:16:26.963+05:30 TRACE 16888 --- [learn-spring-boot] [           main] o.s.b.f.s.DefaultListableBeanFactory     : Returning cached instance of singleton bean 'org.springframework.boot.actuate.autoconfigure.observation.ObservationAutoConfiguration'
2025-04-01T15:16:26.966+05:30 DEBUG 16888 --- [learn-spring-boot] [           main] o.s.b.f.s.DefaultListableBeanFactory     : Creating shared instance of singleton bean 'propertiesObservationFilter'
2025-04-01T15:16:26.966+05:30 TRACE 16888 --- [learn-spring-boot] [           main] o.s.b.f.s.DefaultListableBeanFactory     : Creating instance of bean 'propertiesObservationFilter'
2025-04-01T15:16:26.966+05:30 TRACE 16888 --- [learn-spring-boot] [           main] o.s.b.f.s.DefaultListableBeanFactory     : Returning cached instance of singleton bean 'org.springframework.boot.actuate.autoconfigure.observation.ObservationAutoConfiguration'
2025-04-01T15:16:26.966+05:30 TRACE 16888 --- [learn-spring-boot] [           main] o.s.b.f.s.DefaultListableBeanFactory     : Returning cached instance of singleton bean 'management.observations-org.springframework.boot.actuate.autoconfigure.observation.ObservationProperties'
2025-04-01T15:16:26.966+05:30 DEBUG 16888 --- [learn-spring-boot] [           main] o.s.b.f.s.DefaultListableBeanFactory     : Autowiring by type from bean name 'propertiesObservationFilter' via factory method to bean named 'management.observations-org.springframework.boot.actuate.autoconfigure.observation.ObservationProperties'
2025-04-01T15:16:26.967+05:30 TRACE 16888 --- [learn-spring-boot] [           main] o.s.b.f.s.DefaultListableBeanFactory     : Finished creating instance of bean 'propertiesObservationFilter'
2025-04-01T15:16:26.968+05:30 TRACE 16888 --- [learn-spring-boot] [           main] o.s.b.f.s.DefaultListableBeanFactory     : Returning cached instance of singleton bean 'propertiesObservationFilter'
2025-04-01T15:16:26.969+05:30 TRACE 16888 --- [learn-spring-boot] [           main] o.s.b.f.s.DefaultListableBeanFactory     : Returning cached instance of singleton bean 'metricsObservationHandlerGrouping'
2025-04-01T15:16:26.969+05:30 TRACE 16888 --- [learn-spring-boot] [           main] o.s.b.f.s.DefaultListableBeanFactory     : Returning cached instance of singleton bean 'defaultMeterObservationHandler'
2025-04-01T15:16:26.969+05:30 TRACE 16888 --- [learn-spring-boot] [           main] o.s.b.f.s.DefaultListableBeanFactory     : Returning cached instance of singleton bean 'defaultMeterObservationHandler'
2025-04-01T15:16:26.972+05:30 TRACE 16888 --- [learn-spring-boot] [           main] o.s.b.f.s.DefaultListableBeanFactory     : Returning cached instance of singleton bean 'propertiesObservationFilter'
2025-04-01T15:16:26.972+05:30 TRACE 16888 --- [learn-spring-boot] [           main] o.s.b.f.s.DefaultListableBeanFactory     : Returning cached instance of singleton bean 'propertiesObservationFilter'
2025-04-01T15:16:26.973+05:30 TRACE 16888 --- [learn-spring-boot] [           main] o.s.b.f.s.DefaultListableBeanFactory     : Finished creating instance of bean 'observationRegistry'
2025-04-01T15:16:26.973+05:30 TRACE 16888 --- [learn-spring-boot] [           main] o.s.b.f.s.DefaultListableBeanFactory     : Returning cached instance of singleton bean 'propertiesObservationFilter'
2025-04-01T15:16:26.973+05:30 TRACE 16888 --- [learn-spring-boot] [           main] o.s.b.f.s.DefaultListableBeanFactory     : Returning cached instance of singleton bean 'management.observations-org.springframework.boot.actuate.autoconfigure.observation.ObservationProperties'
2025-04-01T15:16:26.973+05:30 TRACE 16888 --- [learn-spring-boot] [           main] o.s.b.f.s.DefaultListableBeanFactory     : Returning cached instance of singleton bean 'org.springframework.boot.autoconfigure.http.HttpMessageConvertersAutoConfiguration$StringHttpMessageConverterConfiguration'
2025-04-01T15:16:26.973+05:30 TRACE 16888 --- [learn-spring-boot] [           main] o.s.b.f.s.DefaultListableBeanFactory     : Returning cached instance of singleton bean 'stringHttpMessageConverter'
2025-04-01T15:16:26.973+05:30 TRACE 16888 --- [learn-spring-boot] [           main] o.s.b.f.s.DefaultListableBeanFactory     : Returning cached instance of singleton bean 'org.springframework.boot.autoconfigure.http.JacksonHttpMessageConvertersConfiguration$MappingJackson2HttpMessageConverterConfiguration'
2025-04-01T15:16:26.973+05:30 TRACE 16888 --- [learn-spring-boot] [           main] o.s.b.f.s.DefaultListableBeanFactory     : Returning cached instance of singleton bean 'mappingJackson2HttpMessageConverter'
2025-04-01T15:16:26.973+05:30 DEBUG 16888 --- [learn-spring-boot] [           main] o.s.b.f.s.DefaultListableBeanFactory     : Creating shared instance of singleton bean 'org.springframework.boot.autoconfigure.http.JacksonHttpMessageConvertersConfiguration'
2025-04-01T15:16:26.973+05:30 TRACE 16888 --- [learn-spring-boot] [           main] o.s.b.f.s.DefaultListableBeanFactory     : Creating instance of bean 'org.springframework.boot.autoconfigure.http.JacksonHttpMessageConvertersConfiguration'
2025-04-01T15:16:26.973+05:30 TRACE 16888 --- [learn-spring-boot] [           main] o.s.b.f.s.DefaultListableBeanFactory     : Finished creating instance of bean 'org.springframework.boot.autoconfigure.http.JacksonHttpMessageConvertersConfiguration'
2025-04-01T15:16:26.973+05:30 TRACE 16888 --- [learn-spring-boot] [           main] o.s.b.f.s.DefaultListableBeanFactory     : Returning cached instance of singleton bean 'org.springframework.boot.autoconfigure.http.HttpMessageConvertersAutoConfiguration'
2025-04-01T15:16:26.973+05:30 TRACE 16888 --- [learn-spring-boot] [           main] o.s.b.f.s.DefaultListableBeanFactory     : Returning cached instance of singleton bean 'messageConverters'
2025-04-01T15:16:26.973+05:30 DEBUG 16888 --- [learn-spring-boot] [           main] o.s.b.f.s.DefaultListableBeanFactory     : Creating shared instance of singleton bean 'org.springframework.boot.autoconfigure.http.client.HttpClientAutoConfiguration'
2025-04-01T15:16:26.973+05:30 TRACE 16888 --- [learn-spring-boot] [           main] o.s.b.f.s.DefaultListableBeanFactory     : Creating instance of bean 'org.springframework.boot.autoconfigure.http.client.HttpClientAutoConfiguration'
2025-04-01T15:16:26.973+05:30 TRACE 16888 --- [learn-spring-boot] [           main] o.s.b.f.s.DefaultListableBeanFactory     : Finished creating instance of bean 'org.springframework.boot.autoconfigure.http.client.HttpClientAutoConfiguration'
2025-04-01T15:16:26.973+05:30 DEBUG 16888 --- [learn-spring-boot] [           main] o.s.b.f.s.DefaultListableBeanFactory     : Creating shared instance of singleton bean 'clientHttpRequestFactoryBuilder'
2025-04-01T15:16:26.973+05:30 TRACE 16888 --- [learn-spring-boot] [           main] o.s.b.f.s.DefaultListableBeanFactory     : Creating instance of bean 'clientHttpRequestFactoryBuilder'
2025-04-01T15:16:26.973+05:30 TRACE 16888 --- [learn-spring-boot] [           main] o.s.b.f.s.DefaultListableBeanFactory     : Returning cached instance of singleton bean 'org.springframework.boot.autoconfigure.http.client.HttpClientAutoConfiguration'
2025-04-01T15:16:26.974+05:30 DEBUG 16888 --- [learn-spring-boot] [           main] o.s.b.f.s.DefaultListableBeanFactory     : Creating shared instance of singleton bean 'spring.http.client-org.springframework.boot.autoconfigure.http.client.HttpClientProperties'
2025-04-01T15:16:26.974+05:30 TRACE 16888 --- [learn-spring-boot] [           main] o.s.b.f.s.DefaultListableBeanFactory     : Creating instance of bean 'spring.http.client-org.springframework.boot.autoconfigure.http.client.HttpClientProperties'
2025-04-01T15:16:26.974+05:30 TRACE 16888 --- [learn-spring-boot] [           main] o.s.b.f.s.DefaultListableBeanFactory     : Returning cached instance of singleton bean 'org.springframework.boot.context.properties.BoundConfigurationProperties'
2025-04-01T15:16:26.975+05:30 TRACE 16888 --- [learn-spring-boot] [           main] o.s.b.f.s.DefaultListableBeanFactory     : Finished creating instance of bean 'spring.http.client-org.springframework.boot.autoconfigure.http.client.HttpClientProperties'
2025-04-01T15:16:26.975+05:30 DEBUG 16888 --- [learn-spring-boot] [           main] o.s.b.f.s.DefaultListableBeanFactory     : Autowiring by type from bean name 'clientHttpRequestFactoryBuilder' via factory method to bean named 'spring.http.client-org.springframework.boot.autoconfigure.http.client.HttpClientProperties'
2025-04-01T15:16:26.982+05:30 TRACE 16888 --- [learn-spring-boot] [           main] o.s.b.f.s.DefaultListableBeanFactory     : Finished creating instance of bean 'clientHttpRequestFactoryBuilder'
2025-04-01T15:16:26.983+05:30 DEBUG 16888 --- [learn-spring-boot] [           main] o.s.b.f.s.DefaultListableBeanFactory     : Creating shared instance of singleton bean 'clientHttpRequestFactorySettings'
2025-04-01T15:16:26.983+05:30 TRACE 16888 --- [learn-spring-boot] [           main] o.s.b.f.s.DefaultListableBeanFactory     : Creating instance of bean 'clientHttpRequestFactorySettings'
2025-04-01T15:16:26.983+05:30 TRACE 16888 --- [learn-spring-boot] [           main] o.s.b.f.s.DefaultListableBeanFactory     : Returning cached instance of singleton bean 'org.springframework.boot.autoconfigure.http.client.HttpClientAutoConfiguration'
2025-04-01T15:16:26.983+05:30 TRACE 16888 --- [learn-spring-boot] [           main] o.s.b.f.s.DefaultListableBeanFactory     : Returning cached instance of singleton bean 'spring.http.client-org.springframework.boot.autoconfigure.http.client.HttpClientProperties'
2025-04-01T15:16:26.983+05:30 DEBUG 16888 --- [learn-spring-boot] [           main] o.s.b.f.s.DefaultListableBeanFactory     : Autowiring by type from bean name 'clientHttpRequestFactorySettings' via factory method to bean named 'spring.http.client-org.springframework.boot.autoconfigure.http.client.HttpClientProperties'
2025-04-01T15:16:26.983+05:30 TRACE 16888 --- [learn-spring-boot] [           main] o.s.b.f.s.DefaultListableBeanFactory     : Finished creating instance of bean 'clientHttpRequestFactorySettings'
2025-04-01T15:16:26.983+05:30 TRACE 16888 --- [learn-spring-boot] [           main] o.s.b.f.s.DefaultListableBeanFactory     : Returning cached instance of singleton bean 'spring.http.client-org.springframework.boot.autoconfigure.http.client.HttpClientProperties'
2025-04-01T15:16:26.983+05:30 DEBUG 16888 --- [learn-spring-boot] [           main] o.s.b.f.s.DefaultListableBeanFactory     : Creating shared instance of singleton bean 'org.springframework.boot.autoconfigure.web.client.RestClientAutoConfiguration'
2025-04-01T15:16:26.983+05:30 TRACE 16888 --- [learn-spring-boot] [           main] o.s.b.f.s.DefaultListableBeanFactory     : Creating instance of bean 'org.springframework.boot.autoconfigure.web.client.RestClientAutoConfiguration'
2025-04-01T15:16:26.984+05:30 TRACE 16888 --- [learn-spring-boot] [           main] o.s.b.f.s.DefaultListableBeanFactory     : Finished creating instance of bean 'org.springframework.boot.autoconfigure.web.client.RestClientAutoConfiguration'
2025-04-01T15:16:26.984+05:30 DEBUG 16888 --- [learn-spring-boot] [           main] o.s.b.f.s.DefaultListableBeanFactory     : Creating shared instance of singleton bean 'httpMessageConvertersRestClientCustomizer'
2025-04-01T15:16:26.984+05:30 TRACE 16888 --- [learn-spring-boot] [           main] o.s.b.f.s.DefaultListableBeanFactory     : Creating instance of bean 'httpMessageConvertersRestClientCustomizer'
2025-04-01T15:16:26.984+05:30 TRACE 16888 --- [learn-spring-boot] [           main] o.s.b.f.s.DefaultListableBeanFactory     : Returning cached instance of singleton bean 'org.springframework.boot.autoconfigure.web.client.RestClientAutoConfiguration'
2025-04-01T15:16:26.984+05:30 TRACE 16888 --- [learn-spring-boot] [           main] o.s.b.f.s.DefaultListableBeanFactory     : Returning cached instance of singleton bean 'messageConverters'
2025-04-01T15:16:26.984+05:30 TRACE 16888 --- [learn-spring-boot] [           main] o.s.b.f.s.DefaultListableBeanFactory     : Finished creating instance of bean 'httpMessageConvertersRestClientCustomizer'
2025-04-01T15:16:26.984+05:30 DEBUG 16888 --- [learn-spring-boot] [           main] o.s.b.f.s.DefaultListableBeanFactory     : Creating shared instance of singleton bean 'restClientSsl'
2025-04-01T15:16:26.984+05:30 TRACE 16888 --- [learn-spring-boot] [           main] o.s.b.f.s.DefaultListableBeanFactory     : Creating instance of bean 'restClientSsl'
2025-04-01T15:16:26.984+05:30 TRACE 16888 --- [learn-spring-boot] [           main] o.s.b.f.s.DefaultListableBeanFactory     : Returning cached instance of singleton bean 'org.springframework.boot.autoconfigure.web.client.RestClientAutoConfiguration'
2025-04-01T15:16:26.984+05:30 TRACE 16888 --- [learn-spring-boot] [           main] o.s.b.f.s.DefaultListableBeanFactory     : Returning cached instance of singleton bean 'sslBundleRegistry'
2025-04-01T15:16:26.984+05:30 DEBUG 16888 --- [learn-spring-boot] [           main] o.s.b.f.s.DefaultListableBeanFactory     : Autowiring by type from bean name 'restClientSsl' via factory method to bean named 'sslBundleRegistry'
2025-04-01T15:16:26.985+05:30 TRACE 16888 --- [learn-spring-boot] [           main] o.s.b.f.s.DefaultListableBeanFactory     : Returning cached instance of singleton bean 'clientHttpRequestFactoryBuilder'
2025-04-01T15:16:26.985+05:30 TRACE 16888 --- [learn-spring-boot] [           main] o.s.b.f.s.DefaultListableBeanFactory     : Finished creating instance of bean 'restClientSsl'
2025-04-01T15:16:26.985+05:30 DEBUG 16888 --- [learn-spring-boot] [           main] o.s.b.f.s.DefaultListableBeanFactory     : Creating shared instance of singleton bean 'restClientBuilderConfigurer'
2025-04-01T15:16:26.985+05:30 TRACE 16888 --- [learn-spring-boot] [           main] o.s.b.f.s.DefaultListableBeanFactory     : Creating instance of bean 'restClientBuilderConfigurer'
2025-04-01T15:16:26.985+05:30 TRACE 16888 --- [learn-spring-boot] [           main] o.s.b.f.s.DefaultListableBeanFactory     : Returning cached instance of singleton bean 'org.springframework.boot.autoconfigure.web.client.RestClientAutoConfiguration'
2025-04-01T15:16:26.986+05:30 TRACE 16888 --- [learn-spring-boot] [           main] o.s.b.f.s.DefaultListableBeanFactory     : Returning cached instance of singleton bean 'clientHttpRequestFactoryBuilder'
2025-04-01T15:16:26.986+05:30 TRACE 16888 --- [learn-spring-boot] [           main] o.s.b.f.s.DefaultListableBeanFactory     : Returning cached instance of singleton bean 'clientHttpRequestFactorySettings'
2025-04-01T15:16:26.986+05:30 TRACE 16888 --- [learn-spring-boot] [           main] o.s.b.f.s.DefaultListableBeanFactory     : Returning cached instance of singleton bean 'httpMessageConvertersRestClientCustomizer'
2025-04-01T15:16:26.986+05:30 DEBUG 16888 --- [learn-spring-boot] [           main] o.s.b.f.s.DefaultListableBeanFactory     : Creating shared instance of singleton bean 'observationRestClientCustomizer'
2025-04-01T15:16:26.986+05:30 TRACE 16888 --- [learn-spring-boot] [           main] o.s.b.f.s.DefaultListableBeanFactory     : Creating instance of bean 'observationRestClientCustomizer'
2025-04-01T15:16:26.986+05:30 DEBUG 16888 --- [learn-spring-boot] [           main] o.s.b.f.s.DefaultListableBeanFactory     : Creating shared instance of singleton bean 'org.springframework.boot.actuate.autoconfigure.observation.web.client.RestClientObservationConfiguration'
2025-04-01T15:16:26.986+05:30 TRACE 16888 --- [learn-spring-boot] [           main] o.s.b.f.s.DefaultListableBeanFactory     : Creating instance of bean 'org.springframework.boot.actuate.autoconfigure.observation.web.client.RestClientObservationConfiguration'
2025-04-01T15:16:26.987+05:30 TRACE 16888 --- [learn-spring-boot] [           main] o.s.b.f.s.DefaultListableBeanFactory     : Finished creating instance of bean 'org.springframework.boot.actuate.autoconfigure.observation.web.client.RestClientObservationConfiguration'
2025-04-01T15:16:26.987+05:30 TRACE 16888 --- [learn-spring-boot] [           main] o.s.b.f.s.DefaultListableBeanFactory     : Returning cached instance of singleton bean 'observationRegistry'
2025-04-01T15:16:26.987+05:30 TRACE 16888 --- [learn-spring-boot] [           main] o.s.b.f.s.DefaultListableBeanFactory     : Returning cached instance of singleton bean 'management.observations-org.springframework.boot.actuate.autoconfigure.observation.ObservationProperties'
2025-04-01T15:16:26.987+05:30 DEBUG 16888 --- [learn-spring-boot] [           main] o.s.b.f.s.DefaultListableBeanFactory     : Autowiring by type from bean name 'observationRestClientCustomizer' via factory method to bean named 'observationRegistry'
2025-04-01T15:16:26.987+05:30 DEBUG 16888 --- [learn-spring-boot] [           main] o.s.b.f.s.DefaultListableBeanFactory     : Autowiring by type from bean name 'observationRestClientCustomizer' via factory method to bean named 'management.observations-org.springframework.boot.actuate.autoconfigure.observation.ObservationProperties'
2025-04-01T15:16:26.998+05:30 TRACE 16888 --- [learn-spring-boot] [           main] o.s.b.f.s.DefaultListableBeanFactory     : Finished creating instance of bean 'observationRestClientCustomizer'
2025-04-01T15:16:26.998+05:30 TRACE 16888 --- [learn-spring-boot] [           main] o.s.b.f.s.DefaultListableBeanFactory     : Returning cached instance of singleton bean 'httpMessageConvertersRestClientCustomizer'
2025-04-01T15:16:26.998+05:30 TRACE 16888 --- [learn-spring-boot] [           main] o.s.b.f.s.DefaultListableBeanFactory     : Returning cached instance of singleton bean 'observationRestClientCustomizer'
2025-04-01T15:16:26.999+05:30 TRACE 16888 --- [learn-spring-boot] [           main] o.s.b.f.s.DefaultListableBeanFactory     : Finished creating instance of bean 'restClientBuilderConfigurer'
2025-04-01T15:16:26.999+05:30 DEBUG 16888 --- [learn-spring-boot] [           main] o.s.b.f.s.DefaultListableBeanFactory     : Creating shared instance of singleton bean 'org.springframework.boot.autoconfigure.web.client.RestTemplateAutoConfiguration'
2025-04-01T15:16:26.999+05:30 TRACE 16888 --- [learn-spring-boot] [           main] o.s.b.f.s.DefaultListableBeanFactory     : Creating instance of bean 'org.springframework.boot.autoconfigure.web.client.RestTemplateAutoConfiguration'
2025-04-01T15:16:26.999+05:30 TRACE 16888 --- [learn-spring-boot] [           main] o.s.b.f.s.DefaultListableBeanFactory     : Finished creating instance of bean 'org.springframework.boot.autoconfigure.web.client.RestTemplateAutoConfiguration'
2025-04-01T15:16:26.999+05:30 TRACE 16888 --- [learn-spring-boot] [           main] o.s.b.f.s.DefaultListableBeanFactory     : Returning cached instance of singleton bean 'org.springframework.boot.actuate.autoconfigure.observation.web.client.HttpClientObservationsAutoConfiguration$MeterFilterConfiguration'
2025-04-01T15:16:26.999+05:30 TRACE 16888 --- [learn-spring-boot] [           main] o.s.b.f.s.DefaultListableBeanFactory     : Returning cached instance of singleton bean 'metricsHttpClientUriTagFilter'
2025-04-01T15:16:26.999+05:30 DEBUG 16888 --- [learn-spring-boot] [           main] o.s.b.f.s.DefaultListableBeanFactory     : Creating shared instance of singleton bean 'org.springframework.boot.actuate.autoconfigure.observation.web.client.RestTemplateObservationConfiguration'
2025-04-01T15:16:26.999+05:30 TRACE 16888 --- [learn-spring-boot] [           main] o.s.b.f.s.DefaultListableBeanFactory     : Creating instance of bean 'org.springframework.boot.actuate.autoconfigure.observation.web.client.RestTemplateObservationConfiguration'
2025-04-01T15:16:26.999+05:30 TRACE 16888 --- [learn-spring-boot] [           main] o.s.b.f.s.DefaultListableBeanFactory     : Finished creating instance of bean 'org.springframework.boot.actuate.autoconfigure.observation.web.client.RestTemplateObservationConfiguration'
2025-04-01T15:16:26.999+05:30 DEBUG 16888 --- [learn-spring-boot] [           main] o.s.b.f.s.DefaultListableBeanFactory     : Creating shared instance of singleton bean 'observationRestTemplateCustomizer'
2025-04-01T15:16:26.999+05:30 TRACE 16888 --- [learn-spring-boot] [           main] o.s.b.f.s.DefaultListableBeanFactory     : Creating instance of bean 'observationRestTemplateCustomizer'
2025-04-01T15:16:26.999+05:30 TRACE 16888 --- [learn-spring-boot] [           main] o.s.b.f.s.DefaultListableBeanFactory     : Returning cached instance of singleton bean 'org.springframework.boot.actuate.autoconfigure.observation.web.client.RestTemplateObservationConfiguration'
2025-04-01T15:16:26.999+05:30 TRACE 16888 --- [learn-spring-boot] [           main] o.s.b.f.s.DefaultListableBeanFactory     : Returning cached instance of singleton bean 'observationRegistry'
2025-04-01T15:16:26.999+05:30 TRACE 16888 --- [learn-spring-boot] [           main] o.s.b.f.s.DefaultListableBeanFactory     : Returning cached instance of singleton bean 'management.observations-org.springframework.boot.actuate.autoconfigure.observation.ObservationProperties'
2025-04-01T15:16:26.999+05:30 DEBUG 16888 --- [learn-spring-boot] [           main] o.s.b.f.s.DefaultListableBeanFactory     : Autowiring by type from bean name 'observationRestTemplateCustomizer' via factory method to bean named 'observationRegistry'
2025-04-01T15:16:26.999+05:30 DEBUG 16888 --- [learn-spring-boot] [           main] o.s.b.f.s.DefaultListableBeanFactory     : Autowiring by type from bean name 'observationRestTemplateCustomizer' via factory method to bean named 'management.observations-org.springframework.boot.actuate.autoconfigure.observation.ObservationProperties'
2025-04-01T15:16:27.001+05:30 TRACE 16888 --- [learn-spring-boot] [           main] o.s.b.f.s.DefaultListableBeanFactory     : Finished creating instance of bean 'observationRestTemplateCustomizer'
2025-04-01T15:16:27.001+05:30 TRACE 16888 --- [learn-spring-boot] [           main] o.s.b.f.s.DefaultListableBeanFactory     : Returning cached instance of singleton bean 'org.springframework.boot.actuate.autoconfigure.observation.web.client.RestClientObservationConfiguration'
2025-04-01T15:16:27.001+05:30 TRACE 16888 --- [learn-spring-boot] [           main] o.s.b.f.s.DefaultListableBeanFactory     : Returning cached instance of singleton bean 'observationRestClientCustomizer'
2025-04-01T15:16:27.001+05:30 DEBUG 16888 --- [learn-spring-boot] [           main] o.s.b.f.s.DefaultListableBeanFactory     : Creating shared instance of singleton bean 'org.springframework.boot.actuate.autoconfigure.observation.web.client.HttpClientObservationsAutoConfiguration'
2025-04-01T15:16:27.001+05:30 TRACE 16888 --- [learn-spring-boot] [           main] o.s.b.f.s.DefaultListableBeanFactory     : Creating instance of bean 'org.springframework.boot.actuate.autoconfigure.observation.web.client.HttpClientObservationsAutoConfiguration'
2025-04-01T15:16:27.001+05:30 TRACE 16888 --- [learn-spring-boot] [           main] o.s.b.f.s.DefaultListableBeanFactory     : Finished creating instance of bean 'org.springframework.boot.actuate.autoconfigure.observation.web.client.HttpClientObservationsAutoConfiguration'
2025-04-01T15:16:27.001+05:30 TRACE 16888 --- [learn-spring-boot] [           main] o.s.b.f.s.DefaultListableBeanFactory     : Returning cached instance of singleton bean 'org.springframework.boot.actuate.autoconfigure.observation.web.servlet.WebMvcObservationAutoConfiguration$MeterFilterConfiguration'
2025-04-01T15:16:27.001+05:30 TRACE 16888 --- [learn-spring-boot] [           main] o.s.b.f.s.DefaultListableBeanFactory     : Returning cached instance of singleton bean 'metricsHttpServerUriTagFilter'
2025-04-01T15:16:27.001+05:30 DEBUG 16888 --- [learn-spring-boot] [           main] o.s.b.f.s.DefaultListableBeanFactory     : Creating shared instance of singleton bean 'org.springframework.boot.actuate.autoconfigure.observation.web.servlet.WebMvcObservationAutoConfiguration'
2025-04-01T15:16:27.001+05:30 TRACE 16888 --- [learn-spring-boot] [           main] o.s.b.f.s.DefaultListableBeanFactory     : Creating instance of bean 'org.springframework.boot.actuate.autoconfigure.observation.web.servlet.WebMvcObservationAutoConfiguration'
2025-04-01T15:16:27.001+05:30 TRACE 16888 --- [learn-spring-boot] [           main] o.s.b.f.s.DefaultListableBeanFactory     : Finished creating instance of bean 'org.springframework.boot.actuate.autoconfigure.observation.web.servlet.WebMvcObservationAutoConfiguration'
2025-04-01T15:16:27.001+05:30 DEBUG 16888 --- [learn-spring-boot] [           main] o.s.b.f.s.DefaultListableBeanFactory     : Creating shared instance of singleton bean 'webMvcObservationFilter'
2025-04-01T15:16:27.001+05:30 TRACE 16888 --- [learn-spring-boot] [           main] o.s.b.f.s.DefaultListableBeanFactory     : Creating instance of bean 'webMvcObservationFilter'
2025-04-01T15:16:27.001+05:30 TRACE 16888 --- [learn-spring-boot] [           main] o.s.b.f.s.DefaultListableBeanFactory     : Returning cached instance of singleton bean 'org.springframework.boot.actuate.autoconfigure.observation.web.servlet.WebMvcObservationAutoConfiguration'
2025-04-01T15:16:27.001+05:30 TRACE 16888 --- [learn-spring-boot] [           main] o.s.b.f.s.DefaultListableBeanFactory     : Returning cached instance of singleton bean 'observationRegistry'
2025-04-01T15:16:27.001+05:30 TRACE 16888 --- [learn-spring-boot] [           main] o.s.b.f.s.DefaultListableBeanFactory     : Returning cached instance of singleton bean 'management.observations-org.springframework.boot.actuate.autoconfigure.observation.ObservationProperties'
2025-04-01T15:16:27.001+05:30 DEBUG 16888 --- [learn-spring-boot] [           main] o.s.b.f.s.DefaultListableBeanFactory     : Autowiring by type from bean name 'webMvcObservationFilter' via factory method to bean named 'observationRegistry'
2025-04-01T15:16:27.001+05:30 DEBUG 16888 --- [learn-spring-boot] [           main] o.s.b.f.s.DefaultListableBeanFactory     : Autowiring by type from bean name 'webMvcObservationFilter' via factory method to bean named 'management.observations-org.springframework.boot.actuate.autoconfigure.observation.ObservationProperties'
2025-04-01T15:16:27.011+05:30 TRACE 16888 --- [learn-spring-boot] [           main] o.s.b.f.s.DefaultListableBeanFactory     : Finished creating instance of bean 'webMvcObservationFilter'
2025-04-01T15:16:27.011+05:30 DEBUG 16888 --- [learn-spring-boot] [           main] o.s.b.f.s.DefaultListableBeanFactory     : Creating shared instance of singleton bean 'org.springframework.boot.actuate.autoconfigure.scheduling.ScheduledTasksObservabilityAutoConfiguration'
2025-04-01T15:16:27.011+05:30 TRACE 16888 --- [learn-spring-boot] [           main] o.s.b.f.s.DefaultListableBeanFactory     : Creating instance of bean 'org.springframework.boot.actuate.autoconfigure.scheduling.ScheduledTasksObservabilityAutoConfiguration'
2025-04-01T15:16:27.011+05:30 TRACE 16888 --- [learn-spring-boot] [           main] o.s.b.f.s.DefaultListableBeanFactory     : Finished creating instance of bean 'org.springframework.boot.actuate.autoconfigure.scheduling.ScheduledTasksObservabilityAutoConfiguration'
2025-04-01T15:16:27.011+05:30 DEBUG 16888 --- [learn-spring-boot] [           main] o.s.b.f.s.DefaultListableBeanFactory     : Creating shared instance of singleton bean 'observabilitySchedulingConfigurer'
2025-04-01T15:16:27.011+05:30 TRACE 16888 --- [learn-spring-boot] [           main] o.s.b.f.s.DefaultListableBeanFactory     : Creating instance of bean 'observabilitySchedulingConfigurer'
2025-04-01T15:16:27.011+05:30 TRACE 16888 --- [learn-spring-boot] [           main] o.s.b.f.s.DefaultListableBeanFactory     : Returning cached instance of singleton bean 'org.springframework.boot.actuate.autoconfigure.scheduling.ScheduledTasksObservabilityAutoConfiguration'
2025-04-01T15:16:27.011+05:30 TRACE 16888 --- [learn-spring-boot] [           main] o.s.b.f.s.DefaultListableBeanFactory     : Returning cached instance of singleton bean 'observationRegistry'
2025-04-01T15:16:27.011+05:30 DEBUG 16888 --- [learn-spring-boot] [           main] o.s.b.f.s.DefaultListableBeanFactory     : Autowiring by type from bean name 'observabilitySchedulingConfigurer' via factory method to bean named 'observationRegistry'
2025-04-01T15:16:27.013+05:30 TRACE 16888 --- [learn-spring-boot] [           main] o.s.b.f.s.DefaultListableBeanFactory     : Finished creating instance of bean 'observabilitySchedulingConfigurer'
2025-04-01T15:16:27.014+05:30 DEBUG 16888 --- [learn-spring-boot] [           main] o.s.b.f.s.DefaultListableBeanFactory     : Creating shared instance of singleton bean 'org.springframework.boot.autoconfigure.aop.AopAutoConfiguration$ClassProxyingConfiguration'
2025-04-01T15:16:27.014+05:30 TRACE 16888 --- [learn-spring-boot] [           main] o.s.b.f.s.DefaultListableBeanFactory     : Creating instance of bean 'org.springframework.boot.autoconfigure.aop.AopAutoConfiguration$ClassProxyingConfiguration'
2025-04-01T15:16:27.014+05:30 TRACE 16888 --- [learn-spring-boot] [           main] o.s.b.f.s.DefaultListableBeanFactory     : Finished creating instance of bean 'org.springframework.boot.autoconfigure.aop.AopAutoConfiguration$ClassProxyingConfiguration'
2025-04-01T15:16:27.014+05:30 TRACE 16888 --- [learn-spring-boot] [           main] o.s.b.f.s.DefaultListableBeanFactory     : Returning cached instance of singleton bean 'forceAutoProxyCreatorToUseClassProxying'
2025-04-01T15:16:27.014+05:30 DEBUG 16888 --- [learn-spring-boot] [           main] o.s.b.f.s.DefaultListableBeanFactory     : Creating shared instance of singleton bean 'org.springframework.boot.autoconfigure.aop.AopAutoConfiguration'
2025-04-01T15:16:27.014+05:30 TRACE 16888 --- [learn-spring-boot] [           main] o.s.b.f.s.DefaultListableBeanFactory     : Creating instance of bean 'org.springframework.boot.autoconfigure.aop.AopAutoConfiguration'
2025-04-01T15:16:27.014+05:30 TRACE 16888 --- [learn-spring-boot] [           main] o.s.b.f.s.DefaultListableBeanFactory     : Finished creating instance of bean 'org.springframework.boot.autoconfigure.aop.AopAutoConfiguration'
2025-04-01T15:16:27.014+05:30 DEBUG 16888 --- [learn-spring-boot] [           main] o.s.b.f.s.DefaultListableBeanFactory     : Creating shared instance of singleton bean 'org.springframework.boot.autoconfigure.context.ConfigurationPropertiesAutoConfiguration'
2025-04-01T15:16:27.014+05:30 TRACE 16888 --- [learn-spring-boot] [           main] o.s.b.f.s.DefaultListableBeanFactory     : Creating instance of bean 'org.springframework.boot.autoconfigure.context.ConfigurationPropertiesAutoConfiguration'
2025-04-01T15:16:27.014+05:30 TRACE 16888 --- [learn-spring-boot] [           main] o.s.b.f.s.DefaultListableBeanFactory     : Finished creating instance of bean 'org.springframework.boot.autoconfigure.context.ConfigurationPropertiesAutoConfiguration'
2025-04-01T15:16:27.014+05:30 DEBUG 16888 --- [learn-spring-boot] [           main] o.s.b.f.s.DefaultListableBeanFactory     : Creating shared instance of singleton bean 'org.springframework.boot.autoconfigure.context.LifecycleAutoConfiguration'
2025-04-01T15:16:27.014+05:30 TRACE 16888 --- [learn-spring-boot] [           main] o.s.b.f.s.DefaultListableBeanFactory     : Creating instance of bean 'org.springframework.boot.autoconfigure.context.LifecycleAutoConfiguration'
2025-04-01T15:16:27.014+05:30 TRACE 16888 --- [learn-spring-boot] [           main] o.s.b.f.s.DefaultListableBeanFactory     : Finished creating instance of bean 'org.springframework.boot.autoconfigure.context.LifecycleAutoConfiguration'
2025-04-01T15:16:27.014+05:30 DEBUG 16888 --- [learn-spring-boot] [           main] o.s.b.f.s.DefaultListableBeanFactory     : Creating shared instance of singleton bean 'lifecycleProcessor'
2025-04-01T15:16:27.014+05:30 TRACE 16888 --- [learn-spring-boot] [           main] o.s.b.f.s.DefaultListableBeanFactory     : Creating instance of bean 'lifecycleProcessor'
2025-04-01T15:16:27.014+05:30 TRACE 16888 --- [learn-spring-boot] [           main] o.s.b.f.s.DefaultListableBeanFactory     : Returning cached instance of singleton bean 'org.springframework.boot.autoconfigure.context.LifecycleAutoConfiguration'
2025-04-01T15:16:27.015+05:30 DEBUG 16888 --- [learn-spring-boot] [           main] o.s.b.f.s.DefaultListableBeanFactory     : Creating shared instance of singleton bean 'spring.lifecycle-org.springframework.boot.autoconfigure.context.LifecycleProperties'
2025-04-01T15:16:27.015+05:30 TRACE 16888 --- [learn-spring-boot] [           main] o.s.b.f.s.DefaultListableBeanFactory     : Creating instance of bean 'spring.lifecycle-org.springframework.boot.autoconfigure.context.LifecycleProperties'
2025-04-01T15:16:27.015+05:30 TRACE 16888 --- [learn-spring-boot] [           main] o.s.b.f.s.DefaultListableBeanFactory     : Returning cached instance of singleton bean 'org.springframework.boot.context.properties.BoundConfigurationProperties'
2025-04-01T15:16:27.015+05:30 TRACE 16888 --- [learn-spring-boot] [           main] o.s.b.f.s.DefaultListableBeanFactory     : Finished creating instance of bean 'spring.lifecycle-org.springframework.boot.autoconfigure.context.LifecycleProperties'
2025-04-01T15:16:27.015+05:30 DEBUG 16888 --- [learn-spring-boot] [           main] o.s.b.f.s.DefaultListableBeanFactory     : Autowiring by type from bean name 'lifecycleProcessor' via factory method to bean named 'spring.lifecycle-org.springframework.boot.autoconfigure.context.LifecycleProperties'
2025-04-01T15:16:27.017+05:30 TRACE 16888 --- [learn-spring-boot] [           main] o.s.b.f.s.DefaultListableBeanFactory     : Finished creating instance of bean 'lifecycleProcessor'
2025-04-01T15:16:27.017+05:30 TRACE 16888 --- [learn-spring-boot] [           main] o.s.b.f.s.DefaultListableBeanFactory     : Returning cached instance of singleton bean 'spring.lifecycle-org.springframework.boot.autoconfigure.context.LifecycleProperties'
2025-04-01T15:16:27.017+05:30 DEBUG 16888 --- [learn-spring-boot] [           main] o.s.b.f.s.DefaultListableBeanFactory     : Creating shared instance of singleton bean 'org.springframework.boot.autoconfigure.sql.init.SqlInitializationAutoConfiguration'
2025-04-01T15:16:27.017+05:30 TRACE 16888 --- [learn-spring-boot] [           main] o.s.b.f.s.DefaultListableBeanFactory     : Creating instance of bean 'org.springframework.boot.autoconfigure.sql.init.SqlInitializationAutoConfiguration'
2025-04-01T15:16:27.018+05:30 TRACE 16888 --- [learn-spring-boot] [           main] o.s.b.f.s.DefaultListableBeanFactory     : Finished creating instance of bean 'org.springframework.boot.autoconfigure.sql.init.SqlInitializationAutoConfiguration'
2025-04-01T15:16:27.018+05:30 DEBUG 16888 --- [learn-spring-boot] [           main] o.s.b.f.s.DefaultListableBeanFactory     : Creating shared instance of singleton bean 'spring.sql.init-org.springframework.boot.autoconfigure.sql.init.SqlInitializationProperties'
2025-04-01T15:16:27.018+05:30 TRACE 16888 --- [learn-spring-boot] [           main] o.s.b.f.s.DefaultListableBeanFactory     : Creating instance of bean 'spring.sql.init-org.springframework.boot.autoconfigure.sql.init.SqlInitializationProperties'
2025-04-01T15:16:27.018+05:30 TRACE 16888 --- [learn-spring-boot] [           main] o.s.b.f.s.DefaultListableBeanFactory     : Returning cached instance of singleton bean 'org.springframework.boot.context.properties.BoundConfigurationProperties'
2025-04-01T15:16:27.020+05:30 TRACE 16888 --- [learn-spring-boot] [           main] o.s.b.f.s.DefaultListableBeanFactory     : Finished creating instance of bean 'spring.sql.init-org.springframework.boot.autoconfigure.sql.init.SqlInitializationProperties'
2025-04-01T15:16:27.020+05:30 TRACE 16888 --- [learn-spring-boot] [           main] o.s.b.f.s.DefaultListableBeanFactory     : Returning cached instance of singleton bean 'org.springframework.boot.sql.init.dependency.DatabaseInitializationDependencyConfigurer$DependsOnDatabaseInitializationPostProcessor'
2025-04-01T15:16:27.020+05:30 TRACE 16888 --- [learn-spring-boot] [           main] o.s.b.f.s.DefaultListableBeanFactory     : Returning cached instance of singleton bean 'org.springframework.boot.autoconfigure.web.servlet.HttpEncodingAutoConfiguration'
2025-04-01T15:16:27.020+05:30 DEBUG 16888 --- [learn-spring-boot] [           main] o.s.b.f.s.DefaultListableBeanFactory     : Creating shared instance of singleton bean 'characterEncodingFilter'
2025-04-01T15:16:27.020+05:30 TRACE 16888 --- [learn-spring-boot] [           main] o.s.b.f.s.DefaultListableBeanFactory     : Creating instance of bean 'characterEncodingFilter'
2025-04-01T15:16:27.020+05:30 TRACE 16888 --- [learn-spring-boot] [           main] o.s.b.f.s.DefaultListableBeanFactory     : Returning cached instance of singleton bean 'org.springframework.boot.autoconfigure.web.servlet.HttpEncodingAutoConfiguration'
2025-04-01T15:16:27.020+05:30 TRACE 16888 --- [learn-spring-boot] [           main] o.s.b.f.s.DefaultListableBeanFactory     : Invoking afterPropertiesSet() on bean with name 'characterEncodingFilter'
2025-04-01T15:16:27.021+05:30 TRACE 16888 --- [learn-spring-boot] [           main] o.s.b.f.s.DefaultListableBeanFactory     : Finished creating instance of bean 'characterEncodingFilter'
2025-04-01T15:16:27.021+05:30 TRACE 16888 --- [learn-spring-boot] [           main] o.s.b.f.s.DefaultListableBeanFactory     : Returning cached instance of singleton bean 'localeCharsetMappingsCustomizer'
2025-04-01T15:16:27.021+05:30 TRACE 16888 --- [learn-spring-boot] [           main] o.s.b.f.s.DefaultListableBeanFactory     : Returning cached instance of singleton bean 'org.springframework.boot.autoconfigure.web.servlet.MultipartAutoConfiguration'
2025-04-01T15:16:27.021+05:30 TRACE 16888 --- [learn-spring-boot] [           main] o.s.b.f.s.DefaultListableBeanFactory     : Returning cached instance of singleton bean 'multipartConfigElement'
2025-04-01T15:16:27.021+05:30 DEBUG 16888 --- [learn-spring-boot] [           main] o.s.b.f.s.DefaultListableBeanFactory     : Creating shared instance of singleton bean 'multipartResolver'
2025-04-01T15:16:27.021+05:30 TRACE 16888 --- [learn-spring-boot] [           main] o.s.b.f.s.DefaultListableBeanFactory     : Creating instance of bean 'multipartResolver'
2025-04-01T15:16:27.021+05:30 TRACE 16888 --- [learn-spring-boot] [           main] o.s.b.f.s.DefaultListableBeanFactory     : Returning cached instance of singleton bean 'org.springframework.boot.autoconfigure.web.servlet.MultipartAutoConfiguration'
2025-04-01T15:16:27.022+05:30 TRACE 16888 --- [learn-spring-boot] [           main] o.s.b.f.s.DefaultListableBeanFactory     : Finished creating instance of bean 'multipartResolver'
2025-04-01T15:16:27.022+05:30 TRACE 16888 --- [learn-spring-boot] [           main] o.s.b.f.s.DefaultListableBeanFactory     : Returning cached instance of singleton bean 'spring.servlet.multipart-org.springframework.boot.autoconfigure.web.servlet.MultipartProperties'
2025-04-01T15:16:27.022+05:30 DEBUG 16888 --- [learn-spring-boot] [           main] o.s.b.f.s.DefaultListableBeanFactory     : Creating shared instance of singleton bean 'org.springframework.boot.actuate.autoconfigure.endpoint.web.ServletEndpointManagementContextConfiguration$WebMvcServletEndpointManagementContextConfiguration'
2025-04-01T15:16:27.022+05:30 TRACE 16888 --- [learn-spring-boot] [           main] o.s.b.f.s.DefaultListableBeanFactory     : Creating instance of bean 'org.springframework.boot.actuate.autoconfigure.endpoint.web.ServletEndpointManagementContextConfiguration$WebMvcServletEndpointManagementContextConfiguration'
2025-04-01T15:16:27.022+05:30 TRACE 16888 --- [learn-spring-boot] [           main] o.s.b.f.s.DefaultListableBeanFactory     : Finished creating instance of bean 'org.springframework.boot.actuate.autoconfigure.endpoint.web.ServletEndpointManagementContextConfiguration$WebMvcServletEndpointManagementContextConfiguration'
2025-04-01T15:16:27.022+05:30 DEBUG 16888 --- [learn-spring-boot] [           main] o.s.b.f.s.DefaultListableBeanFactory     : Creating shared instance of singleton bean 'servletEndpointRegistrar'
2025-04-01T15:16:27.022+05:30 TRACE 16888 --- [learn-spring-boot] [           main] o.s.b.f.s.DefaultListableBeanFactory     : Creating instance of bean 'servletEndpointRegistrar'
2025-04-01T15:16:27.022+05:30 TRACE 16888 --- [learn-spring-boot] [           main] o.s.b.f.s.DefaultListableBeanFactory     : Returning cached instance of singleton bean 'org.springframework.boot.actuate.autoconfigure.endpoint.web.ServletEndpointManagementContextConfiguration$WebMvcServletEndpointManagementContextConfiguration'
2025-04-01T15:16:27.023+05:30 TRACE 16888 --- [learn-spring-boot] [           main] o.s.b.f.s.DefaultListableBeanFactory     : Returning cached instance of singleton bean 'management.endpoints.web-org.springframework.boot.actuate.autoconfigure.endpoint.web.WebEndpointProperties'
2025-04-01T15:16:27.023+05:30 TRACE 16888 --- [learn-spring-boot] [           main] o.s.b.f.s.DefaultListableBeanFactory     : Returning cached instance of singleton bean 'servletEndpointDiscoverer'
2025-04-01T15:16:27.023+05:30 TRACE 16888 --- [learn-spring-boot] [           main] o.s.b.f.s.DefaultListableBeanFactory     : Returning cached instance of singleton bean 'dispatcherServletRegistration'
2025-04-01T15:16:27.024+05:30 TRACE 16888 --- [learn-spring-boot] [           main] o.s.b.f.s.DefaultListableBeanFactory     : Returning cached instance of singleton bean 'propertiesEndpointAccessResolver'
2025-04-01T15:16:27.024+05:30 DEBUG 16888 --- [learn-spring-boot] [           main] o.s.b.f.s.DefaultListableBeanFactory     : Autowiring by type from bean name 'servletEndpointRegistrar' via factory method to bean named 'management.endpoints.web-org.springframework.boot.actuate.autoconfigure.endpoint.web.WebEndpointProperties'
2025-04-01T15:16:27.024+05:30 DEBUG 16888 --- [learn-spring-boot] [           main] o.s.b.f.s.DefaultListableBeanFactory     : Autowiring by type from bean name 'servletEndpointRegistrar' via factory method to bean named 'servletEndpointDiscoverer'
2025-04-01T15:16:27.024+05:30 DEBUG 16888 --- [learn-spring-boot] [           main] o.s.b.f.s.DefaultListableBeanFactory     : Autowiring by type from bean name 'servletEndpointRegistrar' via factory method to bean named 'dispatcherServletRegistration'
2025-04-01T15:16:27.024+05:30 DEBUG 16888 --- [learn-spring-boot] [           main] o.s.b.f.s.DefaultListableBeanFactory     : Autowiring by type from bean name 'servletEndpointRegistrar' via factory method to bean named 'propertiesEndpointAccessResolver'
2025-04-01T15:16:27.025+05:30 TRACE 16888 --- [learn-spring-boot] [           main] o.s.b.f.s.DefaultListableBeanFactory     : Finished creating instance of bean 'servletEndpointRegistrar'
2025-04-01T15:16:27.025+05:30 TRACE 16888 --- [learn-spring-boot] [           main] o.s.b.f.s.DefaultListableBeanFactory     : Returning cached instance of singleton bean 'org.springframework.boot.actuate.autoconfigure.endpoint.web.ServletEndpointManagementContextConfiguration'
2025-04-01T15:16:27.025+05:30 TRACE 16888 --- [learn-spring-boot] [           main] o.s.b.f.s.DefaultListableBeanFactory     : Returning cached instance of singleton bean 'servletExposeExcludePropertyEndpointFilter'
2025-04-01T15:16:27.025+05:30 DEBUG 16888 --- [learn-spring-boot] [           main] o.s.b.f.s.DefaultListableBeanFactory     : Creating shared instance of singleton bean 'org.springframework.boot.actuate.autoconfigure.endpoint.web.servlet.WebMvcEndpointManagementContextConfiguration'
2025-04-01T15:16:27.025+05:30 TRACE 16888 --- [learn-spring-boot] [           main] o.s.b.f.s.DefaultListableBeanFactory     : Creating instance of bean 'org.springframework.boot.actuate.autoconfigure.endpoint.web.servlet.WebMvcEndpointManagementContextConfiguration'
2025-04-01T15:16:27.026+05:30 TRACE 16888 --- [learn-spring-boot] [           main] o.s.b.f.s.DefaultListableBeanFactory     : Finished creating instance of bean 'org.springframework.boot.actuate.autoconfigure.endpoint.web.servlet.WebMvcEndpointManagementContextConfiguration'
2025-04-01T15:16:27.026+05:30 DEBUG 16888 --- [learn-spring-boot] [           main] o.s.b.f.s.DefaultListableBeanFactory     : Creating shared instance of singleton bean 'webEndpointServletHandlerMapping'
2025-04-01T15:16:27.026+05:30 TRACE 16888 --- [learn-spring-boot] [           main] o.s.b.f.s.DefaultListableBeanFactory     : Creating instance of bean 'webEndpointServletHandlerMapping'
2025-04-01T15:16:27.026+05:30 TRACE 16888 --- [learn-spring-boot] [           main] o.s.b.f.s.DefaultListableBeanFactory     : Returning cached instance of singleton bean 'org.springframework.boot.actuate.autoconfigure.endpoint.web.servlet.WebMvcEndpointManagementContextConfiguration'
2025-04-01T15:16:27.026+05:30 TRACE 16888 --- [learn-spring-boot] [           main] o.s.b.f.s.DefaultListableBeanFactory     : Returning cached instance of singleton bean 'webEndpointDiscoverer'
2025-04-01T15:16:27.026+05:30 TRACE 16888 --- [learn-spring-boot] [           main] o.s.b.f.s.DefaultListableBeanFactory     : Returning cached instance of singleton bean 'servletEndpointDiscoverer'
2025-04-01T15:16:27.026+05:30 TRACE 16888 --- [learn-spring-boot] [           main] o.s.b.f.s.DefaultListableBeanFactory     : Returning cached instance of singleton bean 'controllerEndpointDiscoverer'
2025-04-01T15:16:27.026+05:30 TRACE 16888 --- [learn-spring-boot] [           main] o.s.b.f.s.DefaultListableBeanFactory     : Returning cached instance of singleton bean 'endpointMediaTypes'
2025-04-01T15:16:27.026+05:30 DEBUG 16888 --- [learn-spring-boot] [           main] o.s.b.f.s.DefaultListableBeanFactory     : Creating shared instance of singleton bean 'management.endpoints.web.cors-org.springframework.boot.actuate.autoconfigure.endpoint.web.CorsEndpointProperties'
2025-04-01T15:16:27.026+05:30 TRACE 16888 --- [learn-spring-boot] [           main] o.s.b.f.s.DefaultListableBeanFactory     : Creating instance of bean 'management.endpoints.web.cors-org.springframework.boot.actuate.autoconfigure.endpoint.web.CorsEndpointProperties'
2025-04-01T15:16:27.029+05:30 TRACE 16888 --- [learn-spring-boot] [           main] o.s.b.f.s.DefaultListableBeanFactory     : Returning cached instance of singleton bean 'org.springframework.boot.context.properties.BoundConfigurationProperties'
2025-04-01T15:16:27.030+05:30 TRACE 16888 --- [learn-spring-boot] [           main] o.s.b.f.s.DefaultListableBeanFactory     : Finished creating instance of bean 'management.endpoints.web.cors-org.springframework.boot.actuate.autoconfigure.endpoint.web.CorsEndpointProperties'
2025-04-01T15:16:27.030+05:30 TRACE 16888 --- [learn-spring-boot] [           main] o.s.b.f.s.DefaultListableBeanFactory     : Returning cached instance of singleton bean 'management.endpoints.web-org.springframework.boot.actuate.autoconfigure.endpoint.web.WebEndpointProperties'
2025-04-01T15:16:27.030+05:30 TRACE 16888 --- [learn-spring-boot] [           main] o.s.b.f.s.DefaultListableBeanFactory     : Returning cached instance of singleton bean 'environment'
2025-04-01T15:16:27.030+05:30 DEBUG 16888 --- [learn-spring-boot] [           main] o.s.b.f.s.DefaultListableBeanFactory     : Autowiring by type from bean name 'webEndpointServletHandlerMapping' via factory method to bean named 'webEndpointDiscoverer'
2025-04-01T15:16:27.030+05:30 DEBUG 16888 --- [learn-spring-boot] [           main] o.s.b.f.s.DefaultListableBeanFactory     : Autowiring by type from bean name 'webEndpointServletHandlerMapping' via factory method to bean named 'servletEndpointDiscoverer'
2025-04-01T15:16:27.030+05:30 DEBUG 16888 --- [learn-spring-boot] [           main] o.s.b.f.s.DefaultListableBeanFactory     : Autowiring by type from bean name 'webEndpointServletHandlerMapping' via factory method to bean named 'controllerEndpointDiscoverer'
2025-04-01T15:16:27.030+05:30 DEBUG 16888 --- [learn-spring-boot] [           main] o.s.b.f.s.DefaultListableBeanFactory     : Autowiring by type from bean name 'webEndpointServletHandlerMapping' via factory method to bean named 'endpointMediaTypes'
2025-04-01T15:16:27.030+05:30 DEBUG 16888 --- [learn-spring-boot] [           main] o.s.b.f.s.DefaultListableBeanFactory     : Autowiring by type from bean name 'webEndpointServletHandlerMapping' via factory method to bean named 'management.endpoints.web.cors-org.springframework.boot.actuate.autoconfigure.endpoint.web.CorsEndpointProperties'
2025-04-01T15:16:27.030+05:30 DEBUG 16888 --- [learn-spring-boot] [           main] o.s.b.f.s.DefaultListableBeanFactory     : Autowiring by type from bean name 'webEndpointServletHandlerMapping' via factory method to bean named 'management.endpoints.web-org.springframework.boot.actuate.autoconfigure.endpoint.web.WebEndpointProperties'
2025-04-01T15:16:27.030+05:30 DEBUG 16888 --- [learn-spring-boot] [           main] o.s.b.f.s.DefaultListableBeanFactory     : Autowiring by type from bean name 'webEndpointServletHandlerMapping' via factory method to bean named 'environment'
2025-04-01T15:16:27.035+05:30  INFO 16888 --- [learn-spring-boot] [           main] o.s.b.a.e.web.EndpointLinksResolver      : Exposing 1 endpoint beneath base path '/actuator'
2025-04-01T15:16:27.036+05:30 TRACE 16888 --- [learn-spring-boot] [           main] o.s.b.f.s.DefaultListableBeanFactory     : Invoking afterPropertiesSet() on bean with name 'webEndpointServletHandlerMapping'
2025-04-01T15:16:27.039+05:30 TRACE 16888 --- [learn-spring-boot] [           main] s.b.a.e.w.s.WebMvcEndpointHandlerMapping : Register "{GET [/actuator/health], produces [application/vnd.spring-boot.actuator.v3+json || application/vnd.spring-boot.actuator.v2+json || application/json]}" to java.lang.Object org.springframework.boot.actuate.endpoint.web.servlet.AbstractWebMvcEndpointHandlerMapping$OperationHandler.handle(jakarta.servlet.http.HttpServletRequest,java.util.Map<java.lang.String, java.lang.String>)
2025-04-01T15:16:27.039+05:30 TRACE 16888 --- [learn-spring-boot] [           main] s.b.a.e.w.s.WebMvcEndpointHandlerMapping : Register "{GET [/actuator/health/**], produces [application/vnd.spring-boot.actuator.v3+json || application/vnd.spring-boot.actuator.v2+json || application/json]}" to java.lang.Object org.springframework.boot.actuate.endpoint.web.servlet.AbstractWebMvcEndpointHandlerMapping$OperationHandler.handle(jakarta.servlet.http.HttpServletRequest,java.util.Map<java.lang.String, java.lang.String>)
2025-04-01T15:16:27.040+05:30 TRACE 16888 --- [learn-spring-boot] [           main] s.b.a.e.w.s.WebMvcEndpointHandlerMapping : Register "{GET [/actuator], produces [application/vnd.spring-boot.actuator.v3+json || application/vnd.spring-boot.actuator.v2+json || application/json]}" to public java.util.Map<java.lang.String, java.util.Map<java.lang.String, org.springframework.boot.actuate.endpoint.web.Link>> org.springframework.boot.actuate.endpoint.web.servlet.WebMvcEndpointHandlerMapping$WebMvcLinksHandler.links(jakarta.servlet.http.HttpServletRequest,jakarta.servlet.http.HttpServletResponse)
2025-04-01T15:16:27.041+05:30 TRACE 16888 --- [learn-spring-boot] [           main] o.s.b.f.s.DefaultListableBeanFactory     : Finished creating instance of bean 'webEndpointServletHandlerMapping'
2025-04-01T15:16:27.041+05:30 DEBUG 16888 --- [learn-spring-boot] [           main] o.s.b.f.s.DefaultListableBeanFactory     : Creating shared instance of singleton bean 'controllerEndpointHandlerMapping'
2025-04-01T15:16:27.041+05:30 TRACE 16888 --- [learn-spring-boot] [           main] o.s.b.f.s.DefaultListableBeanFactory     : Creating instance of bean 'controllerEndpointHandlerMapping'
2025-04-01T15:16:27.041+05:30 TRACE 16888 --- [learn-spring-boot] [           main] o.s.b.f.s.DefaultListableBeanFactory     : Returning cached instance of singleton bean 'org.springframework.boot.actuate.autoconfigure.endpoint.web.servlet.WebMvcEndpointManagementContextConfiguration'
2025-04-01T15:16:27.041+05:30 TRACE 16888 --- [learn-spring-boot] [           main] o.s.b.f.s.DefaultListableBeanFactory     : Returning cached instance of singleton bean 'controllerEndpointDiscoverer'
2025-04-01T15:16:27.041+05:30 TRACE 16888 --- [learn-spring-boot] [           main] o.s.b.f.s.DefaultListableBeanFactory     : Returning cached instance of singleton bean 'management.endpoints.web.cors-org.springframework.boot.actuate.autoconfigure.endpoint.web.CorsEndpointProperties'
2025-04-01T15:16:27.041+05:30 TRACE 16888 --- [learn-spring-boot] [           main] o.s.b.f.s.DefaultListableBeanFactory     : Returning cached instance of singleton bean 'management.endpoints.web-org.springframework.boot.actuate.autoconfigure.endpoint.web.WebEndpointProperties'
2025-04-01T15:16:27.041+05:30 TRACE 16888 --- [learn-spring-boot] [           main] o.s.b.f.s.DefaultListableBeanFactory     : Returning cached instance of singleton bean 'propertiesEndpointAccessResolver'
2025-04-01T15:16:27.041+05:30 DEBUG 16888 --- [learn-spring-boot] [           main] o.s.b.f.s.DefaultListableBeanFactory     : Autowiring by type from bean name 'controllerEndpointHandlerMapping' via factory method to bean named 'controllerEndpointDiscoverer'
2025-04-01T15:16:27.041+05:30 DEBUG 16888 --- [learn-spring-boot] [           main] o.s.b.f.s.DefaultListableBeanFactory     : Autowiring by type from bean name 'controllerEndpointHandlerMapping' via factory method to bean named 'management.endpoints.web.cors-org.springframework.boot.actuate.autoconfigure.endpoint.web.CorsEndpointProperties'
2025-04-01T15:16:27.041+05:30 DEBUG 16888 --- [learn-spring-boot] [           main] o.s.b.f.s.DefaultListableBeanFactory     : Autowiring by type from bean name 'controllerEndpointHandlerMapping' via factory method to bean named 'management.endpoints.web-org.springframework.boot.actuate.autoconfigure.endpoint.web.WebEndpointProperties'
2025-04-01T15:16:27.041+05:30 DEBUG 16888 --- [learn-spring-boot] [           main] o.s.b.f.s.DefaultListableBeanFactory     : Autowiring by type from bean name 'controllerEndpointHandlerMapping' via factory method to bean named 'propertiesEndpointAccessResolver'
2025-04-01T15:16:27.045+05:30 TRACE 16888 --- [learn-spring-boot] [           main] o.s.b.f.s.DefaultListableBeanFactory     : Invoking afterPropertiesSet() on bean with name 'controllerEndpointHandlerMapping'
2025-04-01T15:16:27.045+05:30 TRACE 16888 --- [learn-spring-boot] [           main] o.s.b.f.s.DefaultListableBeanFactory     : Finished creating instance of bean 'controllerEndpointHandlerMapping'
2025-04-01T15:16:27.045+05:30 TRACE 16888 --- [learn-spring-boot] [           main] o.s.b.f.s.DefaultListableBeanFactory     : Returning cached instance of singleton bean 'endpointObjectMapperWebMvcConfigurer'
2025-04-01T15:16:27.045+05:30 TRACE 16888 --- [learn-spring-boot] [           main] o.s.b.f.s.DefaultListableBeanFactory     : Returning cached instance of singleton bean 'management.endpoints.web.cors-org.springframework.boot.actuate.autoconfigure.endpoint.web.CorsEndpointProperties'
2025-04-01T15:16:27.045+05:30 DEBUG 16888 --- [learn-spring-boot] [           main] o.s.b.f.s.DefaultListableBeanFactory     : Creating shared instance of singleton bean 'org.springframework.boot.actuate.autoconfigure.web.server.ManagementContextAutoConfiguration$SameManagementContextConfiguration$EnableSameManagementContextConfiguration'
2025-04-01T15:16:27.045+05:30 TRACE 16888 --- [learn-spring-boot] [           main] o.s.b.f.s.DefaultListableBeanFactory     : Creating instance of bean 'org.springframework.boot.actuate.autoconfigure.web.server.ManagementContextAutoConfiguration$SameManagementContextConfiguration$EnableSameManagementContextConfiguration'
2025-04-01T15:16:27.045+05:30 TRACE 16888 --- [learn-spring-boot] [           main] o.s.b.f.s.DefaultListableBeanFactory     : Finished creating instance of bean 'org.springframework.boot.actuate.autoconfigure.web.server.ManagementContextAutoConfiguration$SameManagementContextConfiguration$EnableSameManagementContextConfiguration'
2025-04-01T15:16:27.045+05:30 DEBUG 16888 --- [learn-spring-boot] [           main] o.s.b.f.s.DefaultListableBeanFactory     : Creating shared instance of singleton bean 'org.springframework.boot.actuate.autoconfigure.web.server.ManagementContextAutoConfiguration$SameManagementContextConfiguration'
2025-04-01T15:16:27.045+05:30 TRACE 16888 --- [learn-spring-boot] [           main] o.s.b.f.s.DefaultListableBeanFactory     : Creating instance of bean 'org.springframework.boot.actuate.autoconfigure.web.server.ManagementContextAutoConfiguration$SameManagementContextConfiguration'
2025-04-01T15:16:27.046+05:30 TRACE 16888 --- [learn-spring-boot] [           main] o.s.b.f.s.DefaultListableBeanFactory     : Returning cached instance of singleton bean 'environment'
2025-04-01T15:16:27.046+05:30 DEBUG 16888 --- [learn-spring-boot] [           main] o.s.b.f.s.DefaultListableBeanFactory     : Autowiring by type from bean name 'org.springframework.boot.actuate.autoconfigure.web.server.ManagementContextAutoConfiguration$SameManagementContextConfiguration' via constructor to bean named 'environment'
2025-04-01T15:16:27.046+05:30 TRACE 16888 --- [learn-spring-boot] [           main] o.s.b.f.s.DefaultListableBeanFactory     : Finished creating instance of bean 'org.springframework.boot.actuate.autoconfigure.web.server.ManagementContextAutoConfiguration$SameManagementContextConfiguration'
2025-04-01T15:16:27.046+05:30 DEBUG 16888 --- [learn-spring-boot] [           main] o.s.b.f.s.DefaultListableBeanFactory     : Creating shared instance of singleton bean 'org.springframework.boot.actuate.autoconfigure.web.server.ManagementContextAutoConfiguration'
2025-04-01T15:16:27.046+05:30 TRACE 16888 --- [learn-spring-boot] [           main] o.s.b.f.s.DefaultListableBeanFactory     : Creating instance of bean 'org.springframework.boot.actuate.autoconfigure.web.server.ManagementContextAutoConfiguration'
2025-04-01T15:16:27.046+05:30 TRACE 16888 --- [learn-spring-boot] [           main] o.s.b.f.s.DefaultListableBeanFactory     : Finished creating instance of bean 'org.springframework.boot.actuate.autoconfigure.web.server.ManagementContextAutoConfiguration'
2025-04-01T15:16:27.046+05:30 DEBUG 16888 --- [learn-spring-boot] [           main] o.s.b.f.s.DefaultListableBeanFactory     : Creating shared instance of singleton bean 'management.server-org.springframework.boot.actuate.autoconfigure.web.server.ManagementServerProperties'
2025-04-01T15:16:27.046+05:30 TRACE 16888 --- [learn-spring-boot] [           main] o.s.b.f.s.DefaultListableBeanFactory     : Creating instance of bean 'management.server-org.springframework.boot.actuate.autoconfigure.web.server.ManagementServerProperties'
2025-04-01T15:16:27.046+05:30 TRACE 16888 --- [learn-spring-boot] [           main] o.s.b.f.s.DefaultListableBeanFactory     : Returning cached instance of singleton bean 'org.springframework.boot.context.properties.BoundConfigurationProperties'
2025-04-01T15:16:27.047+05:30 TRACE 16888 --- [learn-spring-boot] [           main] o.s.b.f.s.DefaultListableBeanFactory     : Finished creating instance of bean 'management.server-org.springframework.boot.actuate.autoconfigure.web.server.ManagementServerProperties'
2025-04-01T15:16:27.047+05:30 TRACE 16888 --- [learn-spring-boot] [           main] o.s.b.f.s.DefaultListableBeanFactory     : Returning cached instance of singleton bean 'org.springframework.aop.config.internalAutoProxyCreator'
2025-04-01T15:16:27.049+05:30 TRACE 16888 --- [learn-spring-boot] [           main] o.s.c.e.EventListenerMethodProcessor     : No @EventListener annotations found on bean class: com.springboot.learn_spring_boot.LearnSpringBootApplication
2025-04-01T15:16:27.049+05:30 TRACE 16888 --- [learn-spring-boot] [           main] o.s.c.e.EventListenerMethodProcessor     : No @EventListener annotations found on bean class: com.springboot.learn_spring_boot.CourseController
2025-04-01T15:16:27.049+05:30 TRACE 16888 --- [learn-spring-boot] [           main] o.s.c.e.EventListenerMethodProcessor     : No @EventListener annotations found on bean class: com.springboot.learn_spring_boot.CurrencyConfigurationController
2025-04-01T15:16:27.049+05:30 TRACE 16888 --- [learn-spring-boot] [           main] o.s.c.e.EventListenerMethodProcessor     : No @EventListener annotations found on bean class: com.springboot.learn_spring_boot.CurrencyServiceConfiguration
2025-04-01T15:16:27.049+05:30 TRACE 16888 --- [learn-spring-boot] [           main] o.s.c.e.EventListenerMethodProcessor     : No @EventListener annotations found on bean class: org.springframework.boot.autoconfigure.context.PropertyPlaceholderAutoConfiguration
2025-04-01T15:16:27.049+05:30 TRACE 16888 --- [learn-spring-boot] [           main] o.s.c.e.EventListenerMethodProcessor     : No @EventListener annotations found on bean class: org.springframework.boot.autoconfigure.ssl.SslAutoConfiguration
2025-04-01T15:16:27.049+05:30 TRACE 16888 --- [learn-spring-boot] [           main] o.s.c.e.EventListenerMethodProcessor     : No @EventListener annotations found on bean class: org.springframework.boot.autoconfigure.websocket.servlet.WebSocketServletAutoConfiguration$TomcatWebSocketConfiguration
2025-04-01T15:16:27.050+05:30 TRACE 16888 --- [learn-spring-boot] [           main] o.s.c.e.EventListenerMethodProcessor     : No @EventListener annotations found on bean class: org.springframework.boot.autoconfigure.websocket.servlet.WebSocketServletAutoConfiguration
2025-04-01T15:16:27.050+05:30 TRACE 16888 --- [learn-spring-boot] [           main] o.s.c.e.EventListenerMethodProcessor     : No @EventListener annotations found on bean class: org.springframework.boot.autoconfigure.web.servlet.ServletWebServerFactoryConfiguration$EmbeddedTomcat
2025-04-01T15:16:27.050+05:30 TRACE 16888 --- [learn-spring-boot] [           main] o.s.c.e.EventListenerMethodProcessor     : No @EventListener annotations found on bean class: org.springframework.boot.autoconfigure.web.servlet.ServletWebServerFactoryAutoConfiguration
2025-04-01T15:16:27.050+05:30 TRACE 16888 --- [learn-spring-boot] [           main] o.s.c.e.EventListenerMethodProcessor     : No @EventListener annotations found on bean class: org.springframework.boot.autoconfigure.web.servlet.DispatcherServletAutoConfiguration$DispatcherServletConfiguration
2025-04-01T15:16:27.050+05:30 TRACE 16888 --- [learn-spring-boot] [           main] o.s.c.e.EventListenerMethodProcessor     : No @EventListener annotations found on bean class: org.springframework.boot.autoconfigure.web.servlet.DispatcherServletAutoConfiguration$DispatcherServletRegistrationConfiguration
2025-04-01T15:16:27.050+05:30 TRACE 16888 --- [learn-spring-boot] [           main] o.s.c.e.EventListenerMethodProcessor     : No @EventListener annotations found on bean class: org.springframework.boot.autoconfigure.web.servlet.DispatcherServletAutoConfiguration
2025-04-01T15:16:27.050+05:30 TRACE 16888 --- [learn-spring-boot] [           main] o.s.c.e.EventListenerMethodProcessor     : No @EventListener annotations found on bean class: org.springframework.boot.autoconfigure.task.TaskExecutorConfigurations$ThreadPoolTaskExecutorBuilderConfiguration
2025-04-01T15:16:27.050+05:30 TRACE 16888 --- [learn-spring-boot] [           main] o.s.c.e.EventListenerMethodProcessor     : No @EventListener annotations found on bean class: org.springframework.boot.autoconfigure.task.TaskExecutorConfigurations$SimpleAsyncTaskExecutorBuilderConfiguration
2025-04-01T15:16:27.050+05:30 TRACE 16888 --- [learn-spring-boot] [           main] o.s.c.e.EventListenerMethodProcessor     : No @EventListener annotations found on bean class: org.springframework.boot.autoconfigure.task.TaskExecutorConfigurations$TaskExecutorConfiguration
2025-04-01T15:16:27.050+05:30 TRACE 16888 --- [learn-spring-boot] [           main] o.s.c.e.EventListenerMethodProcessor     : No @EventListener annotations found on bean class: org.springframework.boot.autoconfigure.task.TaskExecutionAutoConfiguration
2025-04-01T15:16:27.050+05:30 TRACE 16888 --- [learn-spring-boot] [           main] o.s.c.e.EventListenerMethodProcessor     : No @EventListener annotations found on bean class: org.springframework.boot.autoconfigure.web.servlet.error.ErrorMvcAutoConfiguration$WhitelabelErrorViewConfiguration
2025-04-01T15:16:27.050+05:30 TRACE 16888 --- [learn-spring-boot] [           main] o.s.c.e.EventListenerMethodProcessor     : No @EventListener annotations found on bean class: org.springframework.boot.autoconfigure.web.servlet.error.ErrorMvcAutoConfiguration$DefaultErrorViewResolverConfiguration
2025-04-01T15:16:27.050+05:30 TRACE 16888 --- [learn-spring-boot] [           main] o.s.c.e.EventListenerMethodProcessor     : No @EventListener annotations found on bean class: org.springframework.boot.autoconfigure.web.servlet.error.ErrorMvcAutoConfiguration
2025-04-01T15:16:27.050+05:30 TRACE 16888 --- [learn-spring-boot] [           main] o.s.c.e.EventListenerMethodProcessor     : No @EventListener annotations found on bean class: org.springframework.boot.autoconfigure.web.servlet.error.BasicErrorController
2025-04-01T15:16:27.050+05:30 TRACE 16888 --- [learn-spring-boot] [           main] o.s.c.e.EventListenerMethodProcessor     : No @EventListener annotations found on bean class: org.springframework.boot.autoconfigure.web.servlet.WebMvcAutoConfiguration$EnableWebMvcConfiguration
2025-04-01T15:16:27.051+05:30 TRACE 16888 --- [learn-spring-boot] [           main] o.s.c.e.EventListenerMethodProcessor     : No @EventListener annotations found on bean class: org.springframework.boot.autoconfigure.web.servlet.WebMvcAutoConfiguration$WebMvcAutoConfigurationAdapter
2025-04-01T15:16:27.051+05:30 TRACE 16888 --- [learn-spring-boot] [           main] o.s.c.e.EventListenerMethodProcessor     : No @EventListener annotations found on bean class: org.springframework.boot.autoconfigure.web.servlet.WebMvcAutoConfiguration
2025-04-01T15:16:27.052+05:30 TRACE 16888 --- [learn-spring-boot] [           main] o.s.c.e.EventListenerMethodProcessor     : No @EventListener annotations found on bean class: org.springframework.boot.autoconfigure.availability.ApplicationAvailabilityAutoConfiguration
2025-04-01T15:16:27.052+05:30 TRACE 16888 --- [learn-spring-boot] [           main] o.s.c.e.EventListenerMethodProcessor     : No @EventListener annotations found on bean class: org.springframework.boot.actuate.autoconfigure.availability.AvailabilityHealthContributorAutoConfiguration
2025-04-01T15:16:27.052+05:30 TRACE 16888 --- [learn-spring-boot] [           main] o.s.c.e.EventListenerMethodProcessor     : No @EventListener annotations found on bean class: org.springframework.boot.autoconfigure.jackson.JacksonAutoConfiguration$Jackson2ObjectMapperBuilderCustomizerConfiguration
2025-04-01T15:16:27.052+05:30 TRACE 16888 --- [learn-spring-boot] [           main] o.s.c.e.EventListenerMethodProcessor     : No @EventListener annotations found on bean class: org.springframework.boot.autoconfigure.jackson.JacksonAutoConfiguration$JacksonObjectMapperBuilderConfiguration
2025-04-01T15:16:27.052+05:30 TRACE 16888 --- [learn-spring-boot] [           main] o.s.c.e.EventListenerMethodProcessor     : No @EventListener annotations found on bean class: org.springframework.boot.autoconfigure.jackson.JacksonAutoConfiguration$ParameterNamesModuleConfiguration
2025-04-01T15:16:27.052+05:30 TRACE 16888 --- [learn-spring-boot] [           main] o.s.c.e.EventListenerMethodProcessor     : No @EventListener annotations found on bean class: com.fasterxml.jackson.module.paramnames.ParameterNamesModule
2025-04-01T15:16:27.052+05:30 TRACE 16888 --- [learn-spring-boot] [           main] o.s.c.e.EventListenerMethodProcessor     : No @EventListener annotations found on bean class: org.springframework.boot.autoconfigure.jackson.JacksonAutoConfiguration$JacksonObjectMapperConfiguration
2025-04-01T15:16:27.053+05:30 TRACE 16888 --- [learn-spring-boot] [           main] o.s.c.e.EventListenerMethodProcessor     : No @EventListener annotations found on bean class: com.fasterxml.jackson.databind.ObjectMapper
2025-04-01T15:16:27.053+05:30 TRACE 16888 --- [learn-spring-boot] [           main] o.s.c.e.EventListenerMethodProcessor     : No @EventListener annotations found on bean class: org.springframework.boot.autoconfigure.jackson.JacksonAutoConfiguration$JacksonMixinConfiguration
2025-04-01T15:16:27.053+05:30 TRACE 16888 --- [learn-spring-boot] [           main] o.s.c.e.EventListenerMethodProcessor     : No @EventListener annotations found on bean class: org.springframework.boot.autoconfigure.jackson.JacksonAutoConfiguration
2025-04-01T15:16:27.053+05:30 TRACE 16888 --- [learn-spring-boot] [           main] o.s.c.e.EventListenerMethodProcessor     : No @EventListener annotations found on bean class: org.springframework.boot.actuate.autoconfigure.health.HealthEndpointConfiguration
2025-04-01T15:16:27.053+05:30 TRACE 16888 --- [learn-spring-boot] [           main] o.s.c.e.EventListenerMethodProcessor     : No @EventListener annotations found on bean class: org.springframework.boot.actuate.autoconfigure.health.HealthEndpointWebExtensionConfiguration
2025-04-01T15:16:27.053+05:30 TRACE 16888 --- [learn-spring-boot] [           main] o.s.c.e.EventListenerMethodProcessor     : No @EventListener annotations found on bean class: org.springframework.boot.actuate.autoconfigure.health.HealthEndpointAutoConfiguration
2025-04-01T15:16:27.053+05:30 TRACE 16888 --- [learn-spring-boot] [           main] o.s.c.e.EventListenerMethodProcessor     : No @EventListener annotations found on bean class: org.springframework.boot.autoconfigure.info.ProjectInfoAutoConfiguration
2025-04-01T15:16:27.054+05:30 TRACE 16888 --- [learn-spring-boot] [           main] o.s.c.e.EventListenerMethodProcessor     : No @EventListener annotations found on bean class: org.springframework.boot.actuate.autoconfigure.info.InfoContributorAutoConfiguration
2025-04-01T15:16:27.054+05:30 TRACE 16888 --- [learn-spring-boot] [           main] o.s.c.e.EventListenerMethodProcessor     : No @EventListener annotations found on bean class: org.springframework.boot.actuate.autoconfigure.web.servlet.ServletManagementContextAutoConfiguration
2025-04-01T15:16:27.054+05:30 TRACE 16888 --- [learn-spring-boot] [           main] o.s.c.e.EventListenerMethodProcessor     : No @EventListener annotations found on bean class: org.springframework.boot.actuate.autoconfigure.endpoint.EndpointAutoConfiguration
2025-04-01T15:16:27.054+05:30 TRACE 16888 --- [learn-spring-boot] [           main] o.s.c.e.EventListenerMethodProcessor     : No @EventListener annotations found on bean class: org.springframework.boot.actuate.autoconfigure.endpoint.jackson.JacksonEndpointAutoConfiguration
2025-04-01T15:16:27.054+05:30 TRACE 16888 --- [learn-spring-boot] [           main] o.s.c.e.EventListenerMethodProcessor     : No @EventListener annotations found on bean class: org.springframework.boot.actuate.autoconfigure.endpoint.web.WebEndpointAutoConfiguration$WebEndpointServletConfiguration
2025-04-01T15:16:27.054+05:30 TRACE 16888 --- [learn-spring-boot] [           main] o.s.c.e.EventListenerMethodProcessor     : No @EventListener annotations found on bean class: org.springframework.boot.actuate.autoconfigure.endpoint.web.WebEndpointAutoConfiguration
2025-04-01T15:16:27.054+05:30 TRACE 16888 --- [learn-spring-boot] [           main] o.s.c.e.EventListenerMethodProcessor     : No @EventListener annotations found on bean class: org.springframework.boot.actuate.autoconfigure.ssl.SslHealthContributorAutoConfiguration
2025-04-01T15:16:27.054+05:30 TRACE 16888 --- [learn-spring-boot] [           main] o.s.c.e.EventListenerMethodProcessor     : No @EventListener annotations found on bean class: org.springframework.boot.actuate.autoconfigure.system.DiskSpaceHealthContributorAutoConfiguration
2025-04-01T15:16:27.054+05:30 TRACE 16888 --- [learn-spring-boot] [           main] o.s.c.e.EventListenerMethodProcessor     : No @EventListener annotations found on bean class: org.springframework.boot.actuate.autoconfigure.health.HealthContributorAutoConfiguration
2025-04-01T15:16:27.054+05:30 TRACE 16888 --- [learn-spring-boot] [           main] o.s.c.e.EventListenerMethodProcessor     : No @EventListener annotations found on bean class: org.springframework.boot.actuate.autoconfigure.metrics.MetricsAutoConfiguration
2025-04-01T15:16:27.054+05:30 TRACE 16888 --- [learn-spring-boot] [           main] o.s.c.e.EventListenerMethodProcessor     : No @EventListener annotations found on bean class: io.micrometer.core.instrument.Clock$1
2025-04-01T15:16:27.054+05:30 TRACE 16888 --- [learn-spring-boot] [           main] o.s.c.e.EventListenerMethodProcessor     : No @EventListener annotations found on bean class: org.springframework.boot.actuate.autoconfigure.metrics.export.simple.SimpleMetricsExportAutoConfiguration
2025-04-01T15:16:27.055+05:30 TRACE 16888 --- [learn-spring-boot] [           main] o.s.c.e.EventListenerMethodProcessor     : No @EventListener annotations found on bean class: io.micrometer.core.instrument.simple.SimpleMeterRegistry
2025-04-01T15:16:27.055+05:30 TRACE 16888 --- [learn-spring-boot] [           main] o.s.c.e.EventListenerMethodProcessor     : No @EventListener annotations found on bean class: org.springframework.boot.actuate.autoconfigure.metrics.CompositeMeterRegistryAutoConfiguration
2025-04-01T15:16:27.055+05:30 TRACE 16888 --- [learn-spring-boot] [           main] o.s.c.e.EventListenerMethodProcessor     : No @EventListener annotations found on bean class: org.springframework.boot.actuate.autoconfigure.metrics.JvmMetricsAutoConfiguration
2025-04-01T15:16:27.055+05:30 TRACE 16888 --- [learn-spring-boot] [           main] o.s.c.e.EventListenerMethodProcessor     : No @EventListener annotations found on bean class: io.micrometer.core.instrument.binder.jvm.JvmGcMetrics
2025-04-01T15:16:27.055+05:30 TRACE 16888 --- [learn-spring-boot] [           main] o.s.c.e.EventListenerMethodProcessor     : No @EventListener annotations found on bean class: io.micrometer.core.instrument.binder.jvm.JvmHeapPressureMetrics
2025-04-01T15:16:27.055+05:30 TRACE 16888 --- [learn-spring-boot] [           main] o.s.c.e.EventListenerMethodProcessor     : No @EventListener annotations found on bean class: io.micrometer.core.instrument.binder.jvm.JvmMemoryMetrics
2025-04-01T15:16:27.055+05:30 TRACE 16888 --- [learn-spring-boot] [           main] o.s.c.e.EventListenerMethodProcessor     : No @EventListener annotations found on bean class: io.micrometer.core.instrument.binder.jvm.JvmThreadMetrics
2025-04-01T15:16:27.055+05:30 TRACE 16888 --- [learn-spring-boot] [           main] o.s.c.e.EventListenerMethodProcessor     : No @EventListener annotations found on bean class: io.micrometer.core.instrument.binder.jvm.ClassLoaderMetrics
2025-04-01T15:16:27.055+05:30 TRACE 16888 --- [learn-spring-boot] [           main] o.s.c.e.EventListenerMethodProcessor     : No @EventListener annotations found on bean class: io.micrometer.core.instrument.binder.jvm.JvmInfoMetrics
2025-04-01T15:16:27.055+05:30 TRACE 16888 --- [learn-spring-boot] [           main] o.s.c.e.EventListenerMethodProcessor     : No @EventListener annotations found on bean class: io.micrometer.core.instrument.binder.jvm.JvmCompilationMetrics
2025-04-01T15:16:27.055+05:30 TRACE 16888 --- [learn-spring-boot] [           main] o.s.c.e.EventListenerMethodProcessor     : No @EventListener annotations found on bean class: org.springframework.boot.actuate.autoconfigure.metrics.LogbackMetricsAutoConfiguration
2025-04-01T15:16:27.055+05:30 TRACE 16888 --- [learn-spring-boot] [           main] o.s.c.e.EventListenerMethodProcessor     : No @EventListener annotations found on bean class: io.micrometer.core.instrument.binder.logging.LogbackMetrics
2025-04-01T15:16:27.055+05:30 TRACE 16888 --- [learn-spring-boot] [           main] o.s.c.e.EventListenerMethodProcessor     : No @EventListener annotations found on bean class: org.springframework.boot.actuate.autoconfigure.metrics.SystemMetricsAutoConfiguration
2025-04-01T15:16:27.055+05:30 TRACE 16888 --- [learn-spring-boot] [           main] o.s.c.e.EventListenerMethodProcessor     : No @EventListener annotations found on bean class: io.micrometer.core.instrument.binder.system.UptimeMetrics
2025-04-01T15:16:27.055+05:30 TRACE 16888 --- [learn-spring-boot] [           main] o.s.c.e.EventListenerMethodProcessor     : No @EventListener annotations found on bean class: io.micrometer.core.instrument.binder.system.ProcessorMetrics
2025-04-01T15:16:27.055+05:30 TRACE 16888 --- [learn-spring-boot] [           main] o.s.c.e.EventListenerMethodProcessor     : No @EventListener annotations found on bean class: io.micrometer.core.instrument.binder.system.FileDescriptorMetrics
2025-04-01T15:16:27.055+05:30 TRACE 16888 --- [learn-spring-boot] [           main] o.s.c.e.EventListenerMethodProcessor     : No @EventListener annotations found on bean class: org.springframework.boot.actuate.autoconfigure.metrics.integration.IntegrationMetricsAutoConfiguration
2025-04-01T15:16:27.055+05:30 TRACE 16888 --- [learn-spring-boot] [           main] o.s.c.e.EventListenerMethodProcessor     : No @EventListener annotations found on bean class: org.springframework.boot.actuate.autoconfigure.metrics.startup.StartupTimeMetricsListenerAutoConfiguration
2025-04-01T15:16:27.055+05:30 TRACE 16888 --- [learn-spring-boot] [           main] o.s.c.e.EventListenerMethodProcessor     : No @EventListener annotations found on bean class: org.springframework.boot.autoconfigure.task.TaskSchedulingConfigurations$ThreadPoolTaskSchedulerBuilderConfiguration
2025-04-01T15:16:27.055+05:30 TRACE 16888 --- [learn-spring-boot] [           main] o.s.c.e.EventListenerMethodProcessor     : No @EventListener annotations found on bean class: org.springframework.boot.autoconfigure.task.TaskSchedulingConfigurations$SimpleAsyncTaskSchedulerBuilderConfiguration
2025-04-01T15:16:27.055+05:30 TRACE 16888 --- [learn-spring-boot] [           main] o.s.c.e.EventListenerMethodProcessor     : No @EventListener annotations found on bean class: org.springframework.boot.autoconfigure.task.TaskSchedulingAutoConfiguration
2025-04-01T15:16:27.055+05:30 TRACE 16888 --- [learn-spring-boot] [           main] o.s.c.e.EventListenerMethodProcessor     : No @EventListener annotations found on bean class: org.springframework.boot.actuate.autoconfigure.metrics.task.TaskExecutorMetricsAutoConfiguration
2025-04-01T15:16:27.055+05:30 TRACE 16888 --- [learn-spring-boot] [           main] o.s.c.e.EventListenerMethodProcessor     : No @EventListener annotations found on bean class: org.springframework.boot.actuate.autoconfigure.metrics.web.tomcat.TomcatMetricsAutoConfiguration
2025-04-01T15:16:27.055+05:30 TRACE 16888 --- [learn-spring-boot] [           main] o.s.c.e.EventListenerMethodProcessor     : No @EventListener annotations found on bean class: org.springframework.boot.actuate.autoconfigure.observation.ObservationAutoConfiguration$MeterObservationHandlerConfiguration$OnlyMetricsMeterObservationHandlerConfiguration
2025-04-01T15:16:27.056+05:30 TRACE 16888 --- [learn-spring-boot] [           main] o.s.c.e.EventListenerMethodProcessor     : No @EventListener annotations found on bean class: io.micrometer.core.instrument.observation.DefaultMeterObservationHandler
2025-04-01T15:16:27.056+05:30 TRACE 16888 --- [learn-spring-boot] [           main] o.s.c.e.EventListenerMethodProcessor     : No @EventListener annotations found on bean class: org.springframework.boot.actuate.autoconfigure.observation.ObservationAutoConfiguration$MeterObservationHandlerConfiguration
2025-04-01T15:16:27.056+05:30 TRACE 16888 --- [learn-spring-boot] [           main] o.s.c.e.EventListenerMethodProcessor     : No @EventListener annotations found on bean class: org.springframework.boot.actuate.autoconfigure.observation.ObservationAutoConfiguration$OnlyMetricsConfiguration
2025-04-01T15:16:27.056+05:30 TRACE 16888 --- [learn-spring-boot] [           main] o.s.c.e.EventListenerMethodProcessor     : No @EventListener annotations found on bean class: org.springframework.boot.actuate.autoconfigure.observation.ObservationAutoConfiguration
2025-04-01T15:16:27.056+05:30 TRACE 16888 --- [learn-spring-boot] [           main] o.s.c.e.EventListenerMethodProcessor     : No @EventListener annotations found on bean class: io.micrometer.observation.SimpleObservationRegistry
2025-04-01T15:16:27.056+05:30 TRACE 16888 --- [learn-spring-boot] [           main] o.s.c.e.EventListenerMethodProcessor     : No @EventListener annotations found on bean class: org.springframework.boot.autoconfigure.http.HttpMessageConvertersAutoConfiguration$StringHttpMessageConverterConfiguration
2025-04-01T15:16:27.056+05:30 TRACE 16888 --- [learn-spring-boot] [           main] o.s.c.e.EventListenerMethodProcessor     : No @EventListener annotations found on bean class: org.springframework.boot.autoconfigure.http.JacksonHttpMessageConvertersConfiguration$MappingJackson2HttpMessageConverterConfiguration
2025-04-01T15:16:27.056+05:30 TRACE 16888 --- [learn-spring-boot] [           main] o.s.c.e.EventListenerMethodProcessor     : No @EventListener annotations found on bean class: org.springframework.boot.autoconfigure.http.JacksonHttpMessageConvertersConfiguration
2025-04-01T15:16:27.056+05:30 TRACE 16888 --- [learn-spring-boot] [           main] o.s.c.e.EventListenerMethodProcessor     : No @EventListener annotations found on bean class: org.springframework.boot.autoconfigure.http.HttpMessageConvertersAutoConfiguration
2025-04-01T15:16:27.056+05:30 TRACE 16888 --- [learn-spring-boot] [           main] o.s.c.e.EventListenerMethodProcessor     : No @EventListener annotations found on bean class: org.springframework.boot.autoconfigure.http.client.HttpClientAutoConfiguration
2025-04-01T15:16:27.056+05:30 TRACE 16888 --- [learn-spring-boot] [           main] o.s.c.e.EventListenerMethodProcessor     : No @EventListener annotations found on bean class: org.springframework.boot.autoconfigure.web.client.RestClientAutoConfiguration
2025-04-01T15:16:27.056+05:30 TRACE 16888 --- [learn-spring-boot] [           main] o.s.c.e.EventListenerMethodProcessor     : No @EventListener annotations found on bean class: org.springframework.boot.autoconfigure.web.client.RestTemplateAutoConfiguration
2025-04-01T15:16:27.056+05:30 TRACE 16888 --- [learn-spring-boot] [           main] o.s.c.e.EventListenerMethodProcessor     : No @EventListener annotations found on bean class: org.springframework.boot.actuate.autoconfigure.observation.web.client.HttpClientObservationsAutoConfiguration$MeterFilterConfiguration
2025-04-01T15:16:27.056+05:30 TRACE 16888 --- [learn-spring-boot] [           main] o.s.c.e.EventListenerMethodProcessor     : No @EventListener annotations found on bean class: io.micrometer.core.instrument.config.MeterFilter$9
2025-04-01T15:16:27.056+05:30 TRACE 16888 --- [learn-spring-boot] [           main] o.s.c.e.EventListenerMethodProcessor     : No @EventListener annotations found on bean class: org.springframework.boot.actuate.autoconfigure.observation.web.client.RestTemplateObservationConfiguration
2025-04-01T15:16:27.056+05:30 TRACE 16888 --- [learn-spring-boot] [           main] o.s.c.e.EventListenerMethodProcessor     : No @EventListener annotations found on bean class: org.springframework.boot.actuate.autoconfigure.observation.web.client.RestClientObservationConfiguration
2025-04-01T15:16:27.056+05:30 TRACE 16888 --- [learn-spring-boot] [           main] o.s.c.e.EventListenerMethodProcessor     : No @EventListener annotations found on bean class: org.springframework.boot.actuate.autoconfigure.observation.web.client.HttpClientObservationsAutoConfiguration
2025-04-01T15:16:27.056+05:30 TRACE 16888 --- [learn-spring-boot] [           main] o.s.c.e.EventListenerMethodProcessor     : No @EventListener annotations found on bean class: org.springframework.boot.actuate.autoconfigure.observation.web.servlet.WebMvcObservationAutoConfiguration$MeterFilterConfiguration
2025-04-01T15:16:27.056+05:30 TRACE 16888 --- [learn-spring-boot] [           main] o.s.c.e.EventListenerMethodProcessor     : No @EventListener annotations found on bean class: org.springframework.boot.actuate.autoconfigure.observation.web.servlet.WebMvcObservationAutoConfiguration
2025-04-01T15:16:27.056+05:30 TRACE 16888 --- [learn-spring-boot] [           main] o.s.c.e.EventListenerMethodProcessor     : No @EventListener annotations found on bean class: org.springframework.boot.actuate.autoconfigure.scheduling.ScheduledTasksObservabilityAutoConfiguration
2025-04-01T15:16:27.056+05:30 TRACE 16888 --- [learn-spring-boot] [           main] o.s.c.e.EventListenerMethodProcessor     : No @EventListener annotations found on bean class: org.springframework.boot.autoconfigure.aop.AopAutoConfiguration$ClassProxyingConfiguration
2025-04-01T15:16:27.057+05:30 TRACE 16888 --- [learn-spring-boot] [           main] o.s.c.e.EventListenerMethodProcessor     : No @EventListener annotations found on bean class: org.springframework.boot.autoconfigure.aop.AopAutoConfiguration
2025-04-01T15:16:27.057+05:30 TRACE 16888 --- [learn-spring-boot] [           main] o.s.c.e.EventListenerMethodProcessor     : No @EventListener annotations found on bean class: org.springframework.boot.autoconfigure.context.ConfigurationPropertiesAutoConfiguration
2025-04-01T15:16:27.057+05:30 TRACE 16888 --- [learn-spring-boot] [           main] o.s.c.e.EventListenerMethodProcessor     : No @EventListener annotations found on bean class: org.springframework.boot.autoconfigure.context.LifecycleAutoConfiguration
2025-04-01T15:16:27.057+05:30 TRACE 16888 --- [learn-spring-boot] [           main] o.s.c.e.EventListenerMethodProcessor     : No @EventListener annotations found on bean class: org.springframework.boot.autoconfigure.sql.init.SqlInitializationAutoConfiguration
2025-04-01T15:16:27.057+05:30 TRACE 16888 --- [learn-spring-boot] [           main] o.s.c.e.EventListenerMethodProcessor     : No @EventListener annotations found on bean class: org.springframework.boot.autoconfigure.web.servlet.HttpEncodingAutoConfiguration
2025-04-01T15:16:27.057+05:30 TRACE 16888 --- [learn-spring-boot] [           main] o.s.c.e.EventListenerMethodProcessor     : No @EventListener annotations found on bean class: org.springframework.boot.autoconfigure.web.servlet.MultipartAutoConfiguration
2025-04-01T15:16:27.057+05:30 TRACE 16888 --- [learn-spring-boot] [           main] o.s.c.e.EventListenerMethodProcessor     : No @EventListener annotations found on bean class: jakarta.servlet.MultipartConfigElement
2025-04-01T15:16:27.057+05:30 TRACE 16888 --- [learn-spring-boot] [           main] o.s.c.e.EventListenerMethodProcessor     : No @EventListener annotations found on bean class: org.springframework.boot.actuate.autoconfigure.endpoint.web.ServletEndpointManagementContextConfiguration$WebMvcServletEndpointManagementContextConfiguration
2025-04-01T15:16:27.057+05:30 TRACE 16888 --- [learn-spring-boot] [           main] o.s.c.e.EventListenerMethodProcessor     : No @EventListener annotations found on bean class: org.springframework.boot.actuate.autoconfigure.endpoint.web.ServletEndpointManagementContextConfiguration
2025-04-01T15:16:27.057+05:30 TRACE 16888 --- [learn-spring-boot] [           main] o.s.c.e.EventListenerMethodProcessor     : No @EventListener annotations found on bean class: org.springframework.boot.actuate.autoconfigure.endpoint.web.servlet.WebMvcEndpointManagementContextConfiguration
2025-04-01T15:16:27.057+05:30 TRACE 16888 --- [learn-spring-boot] [           main] o.s.c.e.EventListenerMethodProcessor     : No @EventListener annotations found on bean class: org.springframework.boot.actuate.autoconfigure.web.server.ManagementContextAutoConfiguration$SameManagementContextConfiguration$EnableSameManagementContextConfiguration
2025-04-01T15:16:27.057+05:30 TRACE 16888 --- [learn-spring-boot] [           main] o.s.c.e.EventListenerMethodProcessor     : No @EventListener annotations found on bean class: org.springframework.boot.actuate.autoconfigure.web.server.ManagementContextAutoConfiguration$SameManagementContextConfiguration
2025-04-01T15:16:27.057+05:30 TRACE 16888 --- [learn-spring-boot] [           main] o.s.c.e.EventListenerMethodProcessor     : No @EventListener annotations found on bean class: org.springframework.boot.actuate.autoconfigure.web.server.ManagementContextAutoConfiguration
2025-04-01T15:16:27.058+05:30 TRACE 16888 --- [learn-spring-boot] [           main] o.s.b.f.s.DefaultListableBeanFactory     : Returning cached instance of singleton bean 'jvmGcMetrics'
2025-04-01T15:16:27.059+05:30 TRACE 16888 --- [learn-spring-boot] [           main] o.s.b.f.s.DefaultListableBeanFactory     : Returning cached instance of singleton bean 'jvmHeapPressureMetrics'
2025-04-01T15:16:27.059+05:30 TRACE 16888 --- [learn-spring-boot] [           main] o.s.b.f.s.DefaultListableBeanFactory     : Returning cached instance of singleton bean 'jvmMemoryMetrics'
2025-04-01T15:16:27.059+05:30 TRACE 16888 --- [learn-spring-boot] [           main] o.s.b.f.s.DefaultListableBeanFactory     : Returning cached instance of singleton bean 'jvmThreadMetrics'
2025-04-01T15:16:27.059+05:30 TRACE 16888 --- [learn-spring-boot] [           main] o.s.b.f.s.DefaultListableBeanFactory     : Returning cached instance of singleton bean 'classLoaderMetrics'
2025-04-01T15:16:27.059+05:30 TRACE 16888 --- [learn-spring-boot] [           main] o.s.b.f.s.DefaultListableBeanFactory     : Returning cached instance of singleton bean 'jvmInfoMetrics'
2025-04-01T15:16:27.059+05:30 TRACE 16888 --- [learn-spring-boot] [           main] o.s.b.f.s.DefaultListableBeanFactory     : Returning cached instance of singleton bean 'jvmCompilationMetrics'
2025-04-01T15:16:27.059+05:30 TRACE 16888 --- [learn-spring-boot] [           main] o.s.b.f.s.DefaultListableBeanFactory     : Returning cached instance of singleton bean 'logbackMetrics'
2025-04-01T15:16:27.059+05:30 TRACE 16888 --- [learn-spring-boot] [           main] o.s.b.f.s.DefaultListableBeanFactory     : Returning cached instance of singleton bean 'uptimeMetrics'
2025-04-01T15:16:27.059+05:30 TRACE 16888 --- [learn-spring-boot] [           main] o.s.b.f.s.DefaultListableBeanFactory     : Returning cached instance of singleton bean 'processorMetrics'
2025-04-01T15:16:27.059+05:30 TRACE 16888 --- [learn-spring-boot] [           main] o.s.b.f.s.DefaultListableBeanFactory     : Returning cached instance of singleton bean 'fileDescriptorMetrics'
2025-04-01T15:16:27.059+05:30 TRACE 16888 --- [learn-spring-boot] [           main] o.s.b.f.s.DefaultListableBeanFactory     : Returning cached instance of singleton bean 'diskSpaceMetrics'
2025-04-01T15:16:27.059+05:30 TRACE 16888 --- [learn-spring-boot] [           main] o.s.b.f.s.DefaultListableBeanFactory     : Returning cached instance of singleton bean 'jvmGcMetrics'
2025-04-01T15:16:27.059+05:30 TRACE 16888 --- [learn-spring-boot] [           main] o.s.b.f.s.DefaultListableBeanFactory     : Returning cached instance of singleton bean 'jvmHeapPressureMetrics'
2025-04-01T15:16:27.059+05:30 TRACE 16888 --- [learn-spring-boot] [           main] o.s.b.f.s.DefaultListableBeanFactory     : Returning cached instance of singleton bean 'jvmMemoryMetrics'
2025-04-01T15:16:27.059+05:30 TRACE 16888 --- [learn-spring-boot] [           main] o.s.b.f.s.DefaultListableBeanFactory     : Returning cached instance of singleton bean 'jvmThreadMetrics'
2025-04-01T15:16:27.059+05:30 TRACE 16888 --- [learn-spring-boot] [           main] o.s.b.f.s.DefaultListableBeanFactory     : Returning cached instance of singleton bean 'classLoaderMetrics'
2025-04-01T15:16:27.059+05:30 TRACE 16888 --- [learn-spring-boot] [           main] o.s.b.f.s.DefaultListableBeanFactory     : Returning cached instance of singleton bean 'jvmInfoMetrics'
2025-04-01T15:16:27.059+05:30 TRACE 16888 --- [learn-spring-boot] [           main] o.s.b.f.s.DefaultListableBeanFactory     : Returning cached instance of singleton bean 'jvmCompilationMetrics'
2025-04-01T15:16:27.059+05:30 TRACE 16888 --- [learn-spring-boot] [           main] o.s.b.f.s.DefaultListableBeanFactory     : Returning cached instance of singleton bean 'logbackMetrics'
2025-04-01T15:16:27.059+05:30 TRACE 16888 --- [learn-spring-boot] [           main] o.s.b.f.s.DefaultListableBeanFactory     : Returning cached instance of singleton bean 'uptimeMetrics'
2025-04-01T15:16:27.059+05:30 TRACE 16888 --- [learn-spring-boot] [           main] o.s.b.f.s.DefaultListableBeanFactory     : Returning cached instance of singleton bean 'processorMetrics'
2025-04-01T15:16:27.059+05:30 TRACE 16888 --- [learn-spring-boot] [           main] o.s.b.f.s.DefaultListableBeanFactory     : Returning cached instance of singleton bean 'fileDescriptorMetrics'
2025-04-01T15:16:27.059+05:30 TRACE 16888 --- [learn-spring-boot] [           main] o.s.b.f.s.DefaultListableBeanFactory     : Returning cached instance of singleton bean 'diskSpaceMetrics'
2025-04-01T15:16:27.093+05:30 TRACE 16888 --- [learn-spring-boot] [           main] o.s.b.f.s.DefaultListableBeanFactory     : Returning cached instance of singleton bean 'lifecycleProcessor'
2025-04-01T15:16:27.093+05:30 TRACE 16888 --- [learn-spring-boot] [           main] o.s.w.c.s.GenericWebApplicationContext   : Using LifecycleProcessor [org.springframework.context.support.DefaultLifecycleProcessor@72557746]
2025-04-01T15:16:27.094+05:30 TRACE 16888 --- [learn-spring-boot] [           main] o.s.b.f.s.DefaultListableBeanFactory     : Returning cached instance of singleton bean 'applicationTaskExecutor'
2025-04-01T15:16:27.094+05:30 TRACE 16888 --- [learn-spring-boot] [           main] o.s.b.f.s.DefaultListableBeanFactory     : Returning cached instance of singleton bean 'lifecycleProcessor'
2025-04-01T15:16:27.094+05:30 TRACE 16888 --- [learn-spring-boot] [           main] o.s.b.f.s.DefaultListableBeanFactory     : Returning cached instance of singleton bean 'springBootLoggingLifecycle'
2025-04-01T15:16:27.099+05:30 DEBUG 16888 --- [learn-spring-boot] [           main] o.s.c.support.DefaultLifecycleProcessor  : Starting beans in phase -2147483647
2025-04-01T15:16:27.099+05:30 TRACE 16888 --- [learn-spring-boot] [           main] o.s.c.support.DefaultLifecycleProcessor  : Starting bean 'springBootLoggingLifecycle' of type [org.springframework.boot.context.logging.LoggingApplicationListener$Lifecycle]
2025-04-01T15:16:27.099+05:30 DEBUG 16888 --- [learn-spring-boot] [           main] o.s.c.support.DefaultLifecycleProcessor  : Successfully started bean 'springBootLoggingLifecycle'
2025-04-01T15:16:27.099+05:30 DEBUG 16888 --- [learn-spring-boot] [           main] o.s.c.support.DefaultLifecycleProcessor  : Starting beans in phase 1073741823
2025-04-01T15:16:27.100+05:30 TRACE 16888 --- [learn-spring-boot] [           main] o.s.b.f.s.DefaultListableBeanFactory     : Returning cached instance of singleton bean 'org.springframework.boot.autoconfigure.internalCachingMetadataReaderFactory'
2025-04-01T15:16:27.100+05:30 TRACE 16888 --- [learn-spring-boot] [           main] o.s.b.f.s.DefaultListableBeanFactory     : Returning cached instance of singleton bean 'mvcResourceUrlProvider'
2025-04-01T15:16:27.100+05:30 TRACE 16888 --- [learn-spring-boot] [           main] o.s.b.f.s.DefaultListableBeanFactory     : Returning cached instance of singleton bean 'startupTimeMetrics'
2025-04-01T15:16:27.116+05:30 DEBUG 16888 --- [learn-spring-boot] [           main] .s.b.a.l.ConditionEvaluationReportLogger : 


============================
CONDITIONS EVALUATION REPORT
============================


Positive matches:
-----------------

   AopAutoConfiguration matched:
      - @ConditionalOnProperty (spring.aop.auto=true) matched (OnPropertyCondition)

   AopAutoConfiguration.ClassProxyingConfiguration matched:
      - @ConditionalOnMissingClass did not find unwanted class 'org.aspectj.weaver.Advice' (OnClassCondition)
      - @ConditionalOnProperty (spring.aop.proxy-target-class=true) matched (OnPropertyCondition)

   ApplicationAvailabilityAutoConfiguration#applicationAvailability matched:
      - @ConditionalOnMissingBean (types: org.springframework.boot.availability.ApplicationAvailability; SearchStrategy: all) did not find any beans (OnBeanCondition)

   CacheMeterBinderProvidersConfiguration matched:
      - @ConditionalOnClass found required class 'io.micrometer.core.instrument.binder.MeterBinder' (OnClassCondition)

   CompositeMeterRegistryAutoConfiguration matched:
      - @ConditionalOnClass found required class 'io.micrometer.core.instrument.composite.CompositeMeterRegistry' (OnClassCondition)

   DiskSpaceHealthContributorAutoConfiguration matched:
      - @ConditionalOnEnabledHealthIndicator management.health.defaults.enabled is considered true (OnEnabledHealthIndicatorCondition)

   DiskSpaceHealthContributorAutoConfiguration#diskSpaceHealthIndicator matched:
      - @ConditionalOnMissingBean (names: diskSpaceHealthIndicator; SearchStrategy: all) did not find any beans (OnBeanCondition)

   DispatcherServletAutoConfiguration matched:
      - @ConditionalOnClass found required class 'org.springframework.web.servlet.DispatcherServlet' (OnClassCondition)
      - found 'session' scope (OnWebApplicationCondition)

   DispatcherServletAutoConfiguration.DispatcherServletConfiguration matched:
      - @ConditionalOnClass found required class 'jakarta.servlet.ServletRegistration' (OnClassCondition)
      - Default DispatcherServlet did not find dispatcher servlet beans (DispatcherServletAutoConfiguration.DefaultDispatcherServletCondition)

   DispatcherServletAutoConfiguration.DispatcherServletRegistrationConfiguration matched:
      - @ConditionalOnClass found required class 'jakarta.servlet.ServletRegistration' (OnClassCondition)
      - DispatcherServlet Registration did not find servlet registration bean (DispatcherServletAutoConfiguration.DispatcherServletRegistrationCondition)

   DispatcherServletAutoConfiguration.DispatcherServletRegistrationConfiguration#dispatcherServletRegistration matched:
      - @ConditionalOnBean (names: dispatcherServlet types: org.springframework.web.servlet.DispatcherServlet; SearchStrategy: all) found bean 'dispatcherServlet' (OnBeanCondition)

   EndpointAutoConfiguration#endpointCachingOperationInvokerAdvisor matched:
      - @ConditionalOnMissingBean (types: org.springframework.boot.actuate.endpoint.invoker.cache.CachingOperationInvokerAdvisor; SearchStrategy: all) did not find any beans (OnBeanCondition)

   EndpointAutoConfiguration#endpointOperationParameterMapper matched:
      - @ConditionalOnMissingBean (types: org.springframework.boot.actuate.endpoint.invoke.ParameterValueMapper; SearchStrategy: all) did not find any beans (OnBeanCondition)

   EndpointAutoConfiguration#propertiesEndpointAccessResolver matched:
      - @ConditionalOnMissingBean (types: org.springframework.boot.actuate.endpoint.EndpointAccessResolver; SearchStrategy: all) did not find any beans (OnBeanCondition)

   ErrorMvcAutoConfiguration matched:
      - @ConditionalOnClass found required classes 'jakarta.servlet.Servlet', 'org.springframework.web.servlet.DispatcherServlet' (OnClassCondition)
      - found 'session' scope (OnWebApplicationCondition)

   ErrorMvcAutoConfiguration#basicErrorController matched:
      - @ConditionalOnMissingBean (types: org.springframework.boot.web.servlet.error.ErrorController; SearchStrategy: current) did not find any beans (OnBeanCondition)

   ErrorMvcAutoConfiguration#errorAttributes matched:
      - @ConditionalOnMissingBean (types: org.springframework.boot.web.servlet.error.ErrorAttributes; SearchStrategy: current) did not find any beans (OnBeanCondition)

   ErrorMvcAutoConfiguration.DefaultErrorViewResolverConfiguration#conventionErrorViewResolver matched:
      - @ConditionalOnBean (types: org.springframework.web.servlet.DispatcherServlet; SearchStrategy: all) found bean 'dispatcherServlet'; @ConditionalOnMissingBean (types: org.springframework.boot.autoconfigure.web.servlet.error.ErrorViewResolver; SearchStrategy: all) did not find any beans (OnBeanCondition)

   ErrorMvcAutoConfiguration.WhitelabelErrorViewConfiguration matched:
      - @ConditionalOnProperty (server.error.whitelabel.enabled) matched (OnPropertyCondition)
      - ErrorTemplate Missing did not find error template view (ErrorMvcAutoConfiguration.ErrorTemplateMissingCondition)

   ErrorMvcAutoConfiguration.WhitelabelErrorViewConfiguration#beanNameViewResolver matched:
      - @ConditionalOnMissingBean (types: org.springframework.web.servlet.view.BeanNameViewResolver; SearchStrategy: all) did not find any beans (OnBeanCondition)

   ErrorMvcAutoConfiguration.WhitelabelErrorViewConfiguration#defaultErrorView matched:
      - @ConditionalOnMissingBean (names: error; SearchStrategy: all) did not find any beans (OnBeanCondition)

   GenericCacheConfiguration matched:
      - Cache org.springframework.boot.autoconfigure.cache.GenericCacheConfiguration automatic cache type (CacheCondition)

   HealthContributorAutoConfiguration#pingHealthContributor matched:
      - @ConditionalOnEnabledHealthIndicator management.health.defaults.enabled is considered true (OnEnabledHealthIndicatorCondition)

   HealthEndpointAutoConfiguration matched:
      - @ConditionalOnAvailableEndpoint marked as exposed by a 'management.endpoints.web.exposure' property (OnAvailableEndpointCondition)

   HealthEndpointConfiguration#healthContributorRegistry matched:
      - @ConditionalOnMissingBean (types: org.springframework.boot.actuate.health.HealthContributorRegistry; SearchStrategy: all) did not find any beans (OnBeanCondition)

   HealthEndpointConfiguration#healthEndpoint matched:
      - @ConditionalOnMissingBean (types: org.springframework.boot.actuate.health.HealthEndpoint; SearchStrategy: all) did not find any beans (OnBeanCondition)

   HealthEndpointConfiguration#healthEndpointGroupMembershipValidator matched:
      - @ConditionalOnProperty (management.endpoint.health.validate-group-membership=true) matched (OnPropertyCondition)

   HealthEndpointConfiguration#healthEndpointGroups matched:
      - @ConditionalOnMissingBean (types: org.springframework.boot.actuate.health.HealthEndpointGroups; SearchStrategy: all) did not find any beans (OnBeanCondition)

   HealthEndpointConfiguration#healthHttpCodeStatusMapper matched:
      - @ConditionalOnMissingBean (types: org.springframework.boot.actuate.health.HttpCodeStatusMapper; SearchStrategy: all) did not find any beans (OnBeanCondition)

   HealthEndpointConfiguration#healthStatusAggregator matched:
      - @ConditionalOnMissingBean (types: org.springframework.boot.actuate.health.StatusAggregator; SearchStrategy: all) did not find any beans (OnBeanCondition)

   HealthEndpointWebExtensionConfiguration matched:
      - found 'session' scope (OnWebApplicationCondition)
      - @ConditionalOnAvailableEndpoint marked as exposed by a 'management.endpoints.web.exposure' property (OnAvailableEndpointCondition)
      - @ConditionalOnBean (types: org.springframework.boot.actuate.health.HealthEndpoint; SearchStrategy: all) found bean 'healthEndpoint' (OnBeanCondition)

   HealthEndpointWebExtensionConfiguration#healthEndpointWebExtension matched:
      - @ConditionalOnMissingBean (types: org.springframework.boot.actuate.health.HealthEndpointWebExtension; SearchStrategy: all) did not find any beans (OnBeanCondition)

   HealthEndpointWebExtensionConfiguration.MvcAdditionalHealthEndpointPathsConfiguration matched:
      - @ConditionalOnBean (types: org.springframework.web.servlet.DispatcherServlet; SearchStrategy: all) found bean 'dispatcherServlet' (OnBeanCondition)

   HttpClientAutoConfiguration matched:
      - @ConditionalOnClass found required class 'org.springframework.http.client.ClientHttpRequestFactory' (OnClassCondition)
      - NoneNestedConditions 0 matched 1 did not; NestedCondition on NotReactiveWebApplicationCondition.ReactiveWebApplication did not find reactive web application classes (NotReactiveWebApplicationCondition)

   HttpClientAutoConfiguration#clientHttpRequestFactoryBuilder matched:
      - @ConditionalOnMissingBean (types: org.springframework.boot.http.client.ClientHttpRequestFactoryBuilder; SearchStrategy: all) did not find any beans (OnBeanCondition)

   HttpClientAutoConfiguration#clientHttpRequestFactorySettings matched:
      - @ConditionalOnMissingBean (types: org.springframework.boot.http.client.ClientHttpRequestFactorySettings; SearchStrategy: all) did not find any beans (OnBeanCondition)

   HttpClientObservationsAutoConfiguration matched:
      - @ConditionalOnClass found required class 'io.micrometer.observation.Observation' (OnClassCondition)
      - @ConditionalOnBean (types: io.micrometer.observation.ObservationRegistry; SearchStrategy: all) found bean 'observationRegistry' (OnBeanCondition)

   HttpClientObservationsAutoConfiguration.MeterFilterConfiguration matched:
      - @ConditionalOnClass found required class 'io.micrometer.core.instrument.MeterRegistry' (OnClassCondition)
      - @ConditionalOnBean (types: io.micrometer.core.instrument.MeterRegistry; SearchStrategy: all) found bean 'simpleMeterRegistry' (OnBeanCondition)

   HttpEncodingAutoConfiguration matched:
      - @ConditionalOnClass found required class 'org.springframework.web.filter.CharacterEncodingFilter' (OnClassCondition)
      - found 'session' scope (OnWebApplicationCondition)
      - @ConditionalOnProperty (server.servlet.encoding.enabled) matched (OnPropertyCondition)

   HttpEncodingAutoConfiguration#characterEncodingFilter matched:
      - @ConditionalOnMissingBean (types: org.springframework.web.filter.CharacterEncodingFilter; SearchStrategy: all) did not find any beans (OnBeanCondition)

   HttpMessageConvertersAutoConfiguration matched:
      - @ConditionalOnClass found required class 'org.springframework.http.converter.HttpMessageConverter' (OnClassCondition)
      - NoneNestedConditions 0 matched 1 did not; NestedCondition on HttpMessageConvertersAutoConfiguration.NotReactiveWebApplicationCondition.ReactiveWebApplication did not find reactive web application classes (HttpMessageConvertersAutoConfiguration.NotReactiveWebApplicationCondition)

   HttpMessageConvertersAutoConfiguration#messageConverters matched:
      - @ConditionalOnMissingBean (types: org.springframework.boot.autoconfigure.http.HttpMessageConverters; SearchStrategy: all) did not find any beans (OnBeanCondition)

   HttpMessageConvertersAutoConfiguration.StringHttpMessageConverterConfiguration matched:
      - @ConditionalOnClass found required class 'org.springframework.http.converter.StringHttpMessageConverter' (OnClassCondition)

   HttpMessageConvertersAutoConfiguration.StringHttpMessageConverterConfiguration#stringHttpMessageConverter matched:
      - @ConditionalOnMissingBean (types: org.springframework.http.converter.StringHttpMessageConverter; SearchStrategy: all) did not find any beans (OnBeanCondition)

   JacksonAutoConfiguration matched:
      - @ConditionalOnClass found required class 'com.fasterxml.jackson.databind.ObjectMapper' (OnClassCondition)

   JacksonAutoConfiguration.Jackson2ObjectMapperBuilderCustomizerConfiguration matched:
      - @ConditionalOnClass found required class 'org.springframework.http.converter.json.Jackson2ObjectMapperBuilder' (OnClassCondition)

   JacksonAutoConfiguration.JacksonObjectMapperBuilderConfiguration matched:
      - @ConditionalOnClass found required class 'org.springframework.http.converter.json.Jackson2ObjectMapperBuilder' (OnClassCondition)

   JacksonAutoConfiguration.JacksonObjectMapperBuilderConfiguration#jacksonObjectMapperBuilder matched:
      - @ConditionalOnMissingBean (types: org.springframework.http.converter.json.Jackson2ObjectMapperBuilder; SearchStrategy: all) did not find any beans (OnBeanCondition)

   JacksonAutoConfiguration.JacksonObjectMapperConfiguration matched:
      - @ConditionalOnClass found required class 'org.springframework.http.converter.json.Jackson2ObjectMapperBuilder' (OnClassCondition)

   JacksonAutoConfiguration.JacksonObjectMapperConfiguration#jacksonObjectMapper matched:
      - @ConditionalOnMissingBean (types: com.fasterxml.jackson.databind.ObjectMapper; SearchStrategy: all) did not find any beans (OnBeanCondition)

   JacksonAutoConfiguration.ParameterNamesModuleConfiguration matched:
      - @ConditionalOnClass found required class 'com.fasterxml.jackson.module.paramnames.ParameterNamesModule' (OnClassCondition)

   JacksonAutoConfiguration.ParameterNamesModuleConfiguration#parameterNamesModule matched:
      - @ConditionalOnMissingBean (types: com.fasterxml.jackson.module.paramnames.ParameterNamesModule; SearchStrategy: all) did not find any beans (OnBeanCondition)

   JacksonEndpointAutoConfiguration#endpointObjectMapper matched:
      - @ConditionalOnClass found required classes 'com.fasterxml.jackson.databind.ObjectMapper', 'org.springframework.http.converter.json.Jackson2ObjectMapperBuilder' (OnClassCondition)
      - @ConditionalOnProperty (management.endpoints.jackson.isolated-object-mapper) matched (OnPropertyCondition)

   JacksonHttpMessageConvertersConfiguration.MappingJackson2HttpMessageConverterConfiguration matched:
      - @ConditionalOnClass found required class 'com.fasterxml.jackson.databind.ObjectMapper' (OnClassCondition)
      - @ConditionalOnProperty (spring.mvc.converters.preferred-json-mapper=jackson) matched (OnPropertyCondition)
      - @ConditionalOnBean (types: com.fasterxml.jackson.databind.ObjectMapper; SearchStrategy: all) found bean 'jacksonObjectMapper' (OnBeanCondition)

   JacksonHttpMessageConvertersConfiguration.MappingJackson2HttpMessageConverterConfiguration#mappingJackson2HttpMessageConverter matched:
      - @ConditionalOnMissingBean (types: org.springframework.http.converter.json.MappingJackson2HttpMessageConverter ignored: org.springframework.hateoas.server.mvc.TypeConstrainedMappingJackson2HttpMessageConverter,org.springframework.data.rest.webmvc.alps.AlpsJsonHttpMessageConverter; SearchStrategy: all) did not find any beans (OnBeanCondition)

   JvmMetricsAutoConfiguration matched:
      - @ConditionalOnClass found required class 'io.micrometer.core.instrument.MeterRegistry' (OnClassCondition)
      - @ConditionalOnBean (types: io.micrometer.core.instrument.MeterRegistry; SearchStrategy: all) found bean 'simpleMeterRegistry' (OnBeanCondition)

   JvmMetricsAutoConfiguration#classLoaderMetrics matched:
      - @ConditionalOnMissingBean (types: io.micrometer.core.instrument.binder.jvm.ClassLoaderMetrics; SearchStrategy: all) did not find any beans (OnBeanCondition)

   JvmMetricsAutoConfiguration#jvmCompilationMetrics matched:
      - @ConditionalOnMissingBean (types: io.micrometer.core.instrument.binder.jvm.JvmCompilationMetrics; SearchStrategy: all) did not find any beans (OnBeanCondition)

   JvmMetricsAutoConfiguration#jvmGcMetrics matched:
      - @ConditionalOnMissingBean (types: io.micrometer.core.instrument.binder.jvm.JvmGcMetrics; SearchStrategy: all) did not find any beans (OnBeanCondition)

   JvmMetricsAutoConfiguration#jvmHeapPressureMetrics matched:
      - @ConditionalOnMissingBean (types: io.micrometer.core.instrument.binder.jvm.JvmHeapPressureMetrics; SearchStrategy: all) did not find any beans (OnBeanCondition)

   JvmMetricsAutoConfiguration#jvmInfoMetrics matched:
      - @ConditionalOnMissingBean (types: io.micrometer.core.instrument.binder.jvm.JvmInfoMetrics; SearchStrategy: all) did not find any beans (OnBeanCondition)

   JvmMetricsAutoConfiguration#jvmMemoryMetrics matched:
      - @ConditionalOnMissingBean (types: io.micrometer.core.instrument.binder.jvm.JvmMemoryMetrics; SearchStrategy: all) did not find any beans (OnBeanCondition)

   JvmMetricsAutoConfiguration#jvmThreadMetrics matched:
      - @ConditionalOnMissingBean (types: io.micrometer.core.instrument.binder.jvm.JvmThreadMetrics; SearchStrategy: all) did not find any beans (OnBeanCondition)

   LifecycleAutoConfiguration#defaultLifecycleProcessor matched:
      - @ConditionalOnMissingBean (names: lifecycleProcessor; SearchStrategy: current) did not find any beans (OnBeanCondition)

   LogbackMetricsAutoConfiguration matched:
      - @ConditionalOnClass found required classes 'io.micrometer.core.instrument.MeterRegistry', 'ch.qos.logback.classic.LoggerContext', 'org.slf4j.LoggerFactory' (OnClassCondition)
      - LogbackLoggingCondition ILoggerFactory is a Logback LoggerContext (LogbackMetricsAutoConfiguration.LogbackLoggingCondition)
      - @ConditionalOnBean (types: io.micrometer.core.instrument.MeterRegistry; SearchStrategy: all) found bean 'simpleMeterRegistry' (OnBeanCondition)

   LogbackMetricsAutoConfiguration#logbackMetrics matched:
      - @ConditionalOnMissingBean (types: io.micrometer.core.instrument.binder.logging.LogbackMetrics; SearchStrategy: all) did not find any beans (OnBeanCondition)

   ManagementContextAutoConfiguration.SameManagementContextConfiguration matched:
      - Management Port actual port type (SAME) matched required type (OnManagementPortCondition)

   MetricsAutoConfiguration matched:
      - @ConditionalOnClass found required class 'io.micrometer.core.annotation.Timed' (OnClassCondition)

   MetricsAutoConfiguration#micrometerClock matched:
      - @ConditionalOnMissingBean (types: io.micrometer.core.instrument.Clock; SearchStrategy: all) did not find any beans (OnBeanCondition)

   MultipartAutoConfiguration matched:
      - @ConditionalOnClass found required classes 'jakarta.servlet.Servlet', 'org.springframework.web.multipart.support.StandardServletMultipartResolver', 'jakarta.servlet.MultipartConfigElement' (OnClassCondition)
      - found 'session' scope (OnWebApplicationCondition)
      - @ConditionalOnProperty (spring.servlet.multipart.enabled) matched (OnPropertyCondition)

   MultipartAutoConfiguration#multipartConfigElement matched:
      - @ConditionalOnMissingBean (types: jakarta.servlet.MultipartConfigElement; SearchStrategy: all) did not find any beans (OnBeanCondition)

   MultipartAutoConfiguration#multipartResolver matched:
      - @ConditionalOnMissingBean (types: org.springframework.web.multipart.MultipartResolver; SearchStrategy: all) did not find any beans (OnBeanCondition)

   NoOpCacheConfiguration matched:
      - Cache org.springframework.boot.autoconfigure.cache.NoOpCacheConfiguration automatic cache type (CacheCondition)

   ObservationAutoConfiguration matched:
      - @ConditionalOnClass found required class 'io.micrometer.observation.ObservationRegistry' (OnClassCondition)

   ObservationAutoConfiguration#observationRegistry matched:
      - @ConditionalOnMissingBean (types: io.micrometer.observation.ObservationRegistry; SearchStrategy: all) did not find any beans (OnBeanCondition)

   ObservationAutoConfiguration.MeterObservationHandlerConfiguration matched:
      - @ConditionalOnBean (types: io.micrometer.core.instrument.MeterRegistry; SearchStrategy: all) found bean 'simpleMeterRegistry'; @ConditionalOnMissingBean (types: io.micrometer.core.instrument.observation.MeterObservationHandler; SearchStrategy: all) did not find any beans (OnBeanCondition)

   ObservationAutoConfiguration.MeterObservationHandlerConfiguration.OnlyMetricsMeterObservationHandlerConfiguration matched:
      - @ConditionalOnMissingBean (types: io.micrometer.tracing.Tracer; SearchStrategy: all) did not find any beans (OnBeanCondition)

   ObservationAutoConfiguration.OnlyMetricsConfiguration matched:
      - @ConditionalOnClass found required class 'io.micrometer.core.instrument.MeterRegistry'; @ConditionalOnMissingClass did not find unwanted class 'io.micrometer.tracing.Tracer' (OnClassCondition)

   PropertyPlaceholderAutoConfiguration#propertySourcesPlaceholderConfigurer matched:
      - @ConditionalOnMissingBean (types: org.springframework.context.support.PropertySourcesPlaceholderConfigurer; SearchStrategy: current) did not find any beans (OnBeanCondition)

   RestClientAutoConfiguration matched:
      - @ConditionalOnClass found required class 'org.springframework.web.client.RestClient' (OnClassCondition)
      - NoneNestedConditions 0 matched 1 did not; NestedCondition on NotReactiveWebApplicationCondition.ReactiveWebApplication did not find reactive web application classes (NotReactiveWebApplicationCondition)

   RestClientAutoConfiguration#httpMessageConvertersRestClientCustomizer matched:
      - @ConditionalOnMissingBean (types: org.springframework.boot.autoconfigure.web.client.HttpMessageConvertersRestClientCustomizer; SearchStrategy: all) did not find any beans (OnBeanCondition)

   RestClientAutoConfiguration#restClientBuilder matched:
      - @ConditionalOnMissingBean (types: org.springframework.web.client.RestClient$Builder; SearchStrategy: all) did not find any beans (OnBeanCondition)

   RestClientAutoConfiguration#restClientBuilderConfigurer matched:
      - @ConditionalOnMissingBean (types: org.springframework.boot.autoconfigure.web.client.RestClientBuilderConfigurer; SearchStrategy: all) did not find any beans (OnBeanCondition)

   RestClientAutoConfiguration#restClientSsl matched:
      - @ConditionalOnBean (types: org.springframework.boot.ssl.SslBundles; SearchStrategy: all) found bean 'sslBundleRegistry'; @ConditionalOnMissingBean (types: org.springframework.boot.autoconfigure.web.client.RestClientSsl; SearchStrategy: all) did not find any beans (OnBeanCondition)

   RestClientObservationConfiguration matched:
      - @ConditionalOnClass found required class 'org.springframework.web.client.RestClient' (OnClassCondition)
      - @ConditionalOnBean (types: org.springframework.web.client.RestClient$Builder; SearchStrategy: all) found bean 'restClientBuilder' (OnBeanCondition)

   RestTemplateAutoConfiguration matched:
      - @ConditionalOnClass found required class 'org.springframework.web.client.RestTemplate' (OnClassCondition)
      - NoneNestedConditions 0 matched 1 did not; NestedCondition on NotReactiveWebApplicationCondition.ReactiveWebApplication did not find reactive web application classes (NotReactiveWebApplicationCondition)

   RestTemplateAutoConfiguration#restTemplateBuilder matched:
      - @ConditionalOnMissingBean (types: org.springframework.boot.web.client.RestTemplateBuilder; SearchStrategy: all) did not find any beans (OnBeanCondition)

   RestTemplateObservationConfiguration matched:
      - @ConditionalOnClass found required class 'org.springframework.web.client.RestTemplate' (OnClassCondition)
      - @ConditionalOnBean (types: org.springframework.boot.web.client.RestTemplateBuilder; SearchStrategy: all) found bean 'restTemplateBuilder' (OnBeanCondition)

   ScheduledTasksObservabilityAutoConfiguration matched:
      - @ConditionalOnClass found required class 'org.springframework.scheduling.concurrent.ThreadPoolTaskScheduler' (OnClassCondition)
      - @ConditionalOnBean (types: io.micrometer.observation.ObservationRegistry; SearchStrategy: all) found bean 'observationRegistry' (OnBeanCondition)

   ServletEndpointManagementContextConfiguration matched:
      - found 'session' scope (OnWebApplicationCondition)

   ServletEndpointManagementContextConfiguration.WebMvcServletEndpointManagementContextConfiguration matched:
      - @ConditionalOnClass found required class 'org.springframework.web.servlet.DispatcherServlet' (OnClassCondition)

   ServletManagementContextAutoConfiguration matched:
      - @ConditionalOnClass found required class 'jakarta.servlet.Servlet' (OnClassCondition)
      - found 'session' scope (OnWebApplicationCondition)

   ServletWebServerFactoryAutoConfiguration matched:
      - @ConditionalOnClass found required class 'jakarta.servlet.ServletRequest' (OnClassCondition)
      - found 'session' scope (OnWebApplicationCondition)

   ServletWebServerFactoryAutoConfiguration#tomcatServletWebServerFactoryCustomizer matched:
      - @ConditionalOnClass found required class 'org.apache.catalina.startup.Tomcat' (OnClassCondition)

   ServletWebServerFactoryConfiguration.EmbeddedTomcat matched:
      - @ConditionalOnClass found required classes 'jakarta.servlet.Servlet', 'org.apache.catalina.startup.Tomcat', 'org.apache.coyote.UpgradeProtocol' (OnClassCondition)
      - @ConditionalOnMissingBean (types: org.springframework.boot.web.servlet.server.ServletWebServerFactory; SearchStrategy: current) did not find any beans (OnBeanCondition)

   SimpleCacheConfiguration matched:
      - Cache org.springframework.boot.autoconfigure.cache.SimpleCacheConfiguration automatic cache type (CacheCondition)

   SimpleMetricsExportAutoConfiguration matched:
      - @ConditionalOnEnabledMetricsExport management.simple.metrics.export.enabled is true (OnMetricsExportEnabledCondition)
      - @ConditionalOnBean (types: io.micrometer.core.instrument.Clock; SearchStrategy: all) found bean 'micrometerClock'; @ConditionalOnMissingBean (types: io.micrometer.core.instrument.MeterRegistry; SearchStrategy: all) did not find any beans (OnBeanCondition)

   SimpleMetricsExportAutoConfiguration#simpleConfig matched:
      - @ConditionalOnMissingBean (types: io.micrometer.core.instrument.simple.SimpleConfig; SearchStrategy: all) did not find any beans (OnBeanCondition)

   SqlInitializationAutoConfiguration matched:
      - @ConditionalOnProperty (spring.sql.init.enabled) matched (OnPropertyCondition)
      - NoneNestedConditions 0 matched 1 did not; NestedCondition on SqlInitializationAutoConfiguration.SqlInitializationModeCondition.ModeIsNever @ConditionalOnProperty (spring.sql.init.mode=never) did not find property 'mode' (SqlInitializationAutoConfiguration.SqlInitializationModeCondition)

   SslAutoConfiguration#sslBundleRegistry matched:
      - @ConditionalOnMissingBean (types: org.springframework.boot.ssl.SslBundleRegistry,org.springframework.boot.ssl.SslBundles; SearchStrategy: all) did not find any beans (OnBeanCondition)

   SslHealthContributorAutoConfiguration matched:
      - @ConditionalOnEnabledHealthIndicator management.health.defaults.enabled is considered true (OnEnabledHealthIndicatorCondition)

   SslHealthContributorAutoConfiguration#sslHealthIndicator matched:
      - @ConditionalOnMissingBean (names: sslHealthIndicator; SearchStrategy: all) did not find any beans (OnBeanCondition)

   SslHealthContributorAutoConfiguration#sslInfo matched:
      - @ConditionalOnMissingBean (types: org.springframework.boot.info.SslInfo; SearchStrategy: all) did not find any beans (OnBeanCondition)

   StartupTimeMetricsListenerAutoConfiguration matched:
      - @ConditionalOnClass found required class 'io.micrometer.core.instrument.MeterRegistry' (OnClassCondition)
      - @ConditionalOnBean (types: io.micrometer.core.instrument.MeterRegistry; SearchStrategy: all) found bean 'simpleMeterRegistry' (OnBeanCondition)

   StartupTimeMetricsListenerAutoConfiguration#startupTimeMetrics matched:
      - @ConditionalOnMissingBean (types: org.springframework.boot.actuate.metrics.startup.StartupTimeMetricsListener; SearchStrategy: all) did not find any beans (OnBeanCondition)

   SystemMetricsAutoConfiguration matched:
      - @ConditionalOnClass found required class 'io.micrometer.core.instrument.MeterRegistry' (OnClassCondition)
      - @ConditionalOnBean (types: io.micrometer.core.instrument.MeterRegistry; SearchStrategy: all) found bean 'simpleMeterRegistry' (OnBeanCondition)

   SystemMetricsAutoConfiguration#diskSpaceMetrics matched:
      - @ConditionalOnMissingBean (types: org.springframework.boot.actuate.metrics.system.DiskSpaceMetricsBinder; SearchStrategy: all) did not find any beans (OnBeanCondition)

   SystemMetricsAutoConfiguration#fileDescriptorMetrics matched:
      - @ConditionalOnMissingBean (types: io.micrometer.core.instrument.binder.system.FileDescriptorMetrics; SearchStrategy: all) did not find any beans (OnBeanCondition)

   SystemMetricsAutoConfiguration#processorMetrics matched:
      - @ConditionalOnMissingBean (types: io.micrometer.core.instrument.binder.system.ProcessorMetrics; SearchStrategy: all) did not find any beans (OnBeanCondition)

   SystemMetricsAutoConfiguration#uptimeMetrics matched:
      - @ConditionalOnMissingBean (types: io.micrometer.core.instrument.binder.system.UptimeMetrics; SearchStrategy: all) did not find any beans (OnBeanCondition)

   TaskExecutionAutoConfiguration matched:
      - @ConditionalOnClass found required class 'org.springframework.scheduling.concurrent.ThreadPoolTaskExecutor' (OnClassCondition)

   TaskExecutorConfigurations.SimpleAsyncTaskExecutorBuilderConfiguration#simpleAsyncTaskExecutorBuilder matched:
      - @ConditionalOnMissingBean (types: org.springframework.boot.task.SimpleAsyncTaskExecutorBuilder; SearchStrategy: all) did not find any beans (OnBeanCondition)
      - @ConditionalOnThreading found PLATFORM (OnThreadingCondition)

   TaskExecutorConfigurations.TaskExecutorConfiguration matched:
      - @ConditionalOnMissingBean (types: java.util.concurrent.Executor; SearchStrategy: all) did not find any beans (OnBeanCondition)

   TaskExecutorConfigurations.TaskExecutorConfiguration#applicationTaskExecutor matched:
      - @ConditionalOnThreading found PLATFORM (OnThreadingCondition)

   TaskExecutorConfigurations.ThreadPoolTaskExecutorBuilderConfiguration#threadPoolTaskExecutorBuilder matched:
      - @ConditionalOnMissingBean (types: org.springframework.boot.task.ThreadPoolTaskExecutorBuilder; SearchStrategy: all) did not find any beans (OnBeanCondition)

   TaskExecutorMetricsAutoConfiguration matched:
      - @ConditionalOnClass found required class 'io.micrometer.core.instrument.binder.jvm.ExecutorServiceMetrics' (OnClassCondition)
      - @ConditionalOnBean (types: java.util.concurrent.Executor,io.micrometer.core.instrument.MeterRegistry; SearchStrategy: all) found beans 'applicationTaskExecutor', 'simpleMeterRegistry' (OnBeanCondition)

   TaskSchedulingAutoConfiguration matched:
      - @ConditionalOnClass found required class 'org.springframework.scheduling.concurrent.ThreadPoolTaskScheduler' (OnClassCondition)

   TaskSchedulingConfigurations.SimpleAsyncTaskSchedulerBuilderConfiguration#simpleAsyncTaskSchedulerBuilder matched:
      - @ConditionalOnMissingBean (types: org.springframework.boot.task.SimpleAsyncTaskSchedulerBuilder; SearchStrategy: all) did not find any beans (OnBeanCondition)
      - @ConditionalOnThreading found PLATFORM (OnThreadingCondition)

   TaskSchedulingConfigurations.ThreadPoolTaskSchedulerBuilderConfiguration#threadPoolTaskSchedulerBuilder matched:
      - @ConditionalOnMissingBean (types: org.springframework.boot.task.ThreadPoolTaskSchedulerBuilder; SearchStrategy: all) did not find any beans (OnBeanCondition)

   TomcatMetricsAutoConfiguration matched:
      - @ConditionalOnClass found required classes 'io.micrometer.core.instrument.binder.tomcat.TomcatMetrics', 'org.apache.catalina.Manager' (OnClassCondition)
      - @ConditionalOnWebApplication (required) found 'session' scope (OnWebApplicationCondition)

   TomcatMetricsAutoConfiguration#tomcatMetricsBinder matched:
      - @ConditionalOnBean (types: io.micrometer.core.instrument.MeterRegistry; SearchStrategy: all) found bean 'simpleMeterRegistry'; @ConditionalOnMissingBean (types: io.micrometer.core.instrument.binder.tomcat.TomcatMetrics,org.springframework.boot.actuate.metrics.web.tomcat.TomcatMetricsBinder; SearchStrategy: all) did not find any beans (OnBeanCondition)

   WebEndpointAutoConfiguration matched:
      - @ConditionalOnWebApplication (required) found 'session' scope (OnWebApplicationCondition)

   WebEndpointAutoConfiguration#controllerEndpointDiscoverer matched:
      - @ConditionalOnMissingBean (types: org.springframework.boot.actuate.endpoint.web.annotation.ControllerEndpointsSupplier; SearchStrategy: all) did not find any beans (OnBeanCondition)

   WebEndpointAutoConfiguration#endpointMediaTypes matched:
      - @ConditionalOnMissingBean (types: org.springframework.boot.actuate.endpoint.web.EndpointMediaTypes; SearchStrategy: all) did not find any beans (OnBeanCondition)

   WebEndpointAutoConfiguration#pathMappedEndpoints matched:
      - @ConditionalOnMissingBean (types: org.springframework.boot.actuate.endpoint.web.PathMappedEndpoints; SearchStrategy: all) did not find any beans (OnBeanCondition)

   WebEndpointAutoConfiguration#webEndpointDiscoverer matched:
      - @ConditionalOnMissingBean (types: org.springframework.boot.actuate.endpoint.web.WebEndpointsSupplier; SearchStrategy: all) did not find any beans (OnBeanCondition)

   WebEndpointAutoConfiguration.WebEndpointServletConfiguration matched:
      - found 'session' scope (OnWebApplicationCondition)

   WebEndpointAutoConfiguration.WebEndpointServletConfiguration#servletEndpointDiscoverer matched:
      - @ConditionalOnMissingBean (types: org.springframework.boot.actuate.endpoint.web.annotation.ServletEndpointsSupplier; SearchStrategy: all) did not find any beans (OnBeanCondition)

   WebMvcAutoConfiguration matched:
      - @ConditionalOnClass found required classes 'jakarta.servlet.Servlet', 'org.springframework.web.servlet.DispatcherServlet', 'org.springframework.web.servlet.config.annotation.WebMvcConfigurer' (OnClassCondition)
      - found 'session' scope (OnWebApplicationCondition)
      - @ConditionalOnMissingBean (types: org.springframework.web.servlet.config.annotation.WebMvcConfigurationSupport; SearchStrategy: all) did not find any beans (OnBeanCondition)

   WebMvcAutoConfiguration#formContentFilter matched:
      - @ConditionalOnProperty (spring.mvc.formcontent.filter.enabled) matched (OnPropertyCondition)
      - @ConditionalOnMissingBean (types: org.springframework.web.filter.FormContentFilter; SearchStrategy: all) did not find any beans (OnBeanCondition)

   WebMvcAutoConfiguration.EnableWebMvcConfiguration#flashMapManager matched:
      - @ConditionalOnMissingBean (names: flashMapManager; SearchStrategy: all) did not find any beans (OnBeanCondition)

   WebMvcAutoConfiguration.EnableWebMvcConfiguration#localeResolver matched:
      - @ConditionalOnMissingBean (names: localeResolver; SearchStrategy: all) did not find any beans (OnBeanCondition)

   WebMvcAutoConfiguration.EnableWebMvcConfiguration#themeResolver matched:
      - @ConditionalOnMissingBean (names: themeResolver; SearchStrategy: all) did not find any beans (OnBeanCondition)

   WebMvcAutoConfiguration.EnableWebMvcConfiguration#viewNameTranslator matched:
      - @ConditionalOnMissingBean (names: viewNameTranslator; SearchStrategy: all) did not find any beans (OnBeanCondition)

   WebMvcAutoConfiguration.WebMvcAutoConfigurationAdapter#defaultViewResolver matched:
      - @ConditionalOnMissingBean (types: org.springframework.web.servlet.view.InternalResourceViewResolver; SearchStrategy: all) did not find any beans (OnBeanCondition)

   WebMvcAutoConfiguration.WebMvcAutoConfigurationAdapter#requestContextFilter matched:
      - @ConditionalOnMissingBean (types: org.springframework.web.context.request.RequestContextListener,org.springframework.web.filter.RequestContextFilter; SearchStrategy: all) did not find any beans (OnBeanCondition)

   WebMvcAutoConfiguration.WebMvcAutoConfigurationAdapter#viewResolver matched:
      - @ConditionalOnBean (types: org.springframework.web.servlet.ViewResolver; SearchStrategy: all) found beans 'defaultViewResolver', 'beanNameViewResolver', 'mvcViewResolver'; @ConditionalOnMissingBean (names: viewResolver types: org.springframework.web.servlet.view.ContentNegotiatingViewResolver; SearchStrategy: all) did not find any beans (OnBeanCondition)

   WebMvcEndpointManagementContextConfiguration matched:
      - @ConditionalOnClass found required class 'org.springframework.web.servlet.DispatcherServlet' (OnClassCondition)
      - found 'session' scope (OnWebApplicationCondition)
      - @ConditionalOnBean (types: org.springframework.web.servlet.DispatcherServlet,org.springframework.boot.actuate.endpoint.web.WebEndpointsSupplier; SearchStrategy: all) found beans 'webEndpointDiscoverer', 'dispatcherServlet' (OnBeanCondition)

   WebMvcEndpointManagementContextConfiguration#controllerEndpointHandlerMapping matched:
      - @ConditionalOnMissingBean (types: org.springframework.boot.actuate.endpoint.web.servlet.ControllerEndpointHandlerMapping; SearchStrategy: all) did not find any beans (OnBeanCondition)

   WebMvcEndpointManagementContextConfiguration#endpointObjectMapperWebMvcConfigurer matched:
      - @ConditionalOnBean (types: org.springframework.boot.actuate.endpoint.jackson.EndpointObjectMapper; SearchStrategy: all) found bean 'endpointObjectMapper' (OnBeanCondition)

   WebMvcEndpointManagementContextConfiguration#webEndpointServletHandlerMapping matched:
      - @ConditionalOnMissingBean (types: org.springframework.boot.actuate.endpoint.web.servlet.WebMvcEndpointHandlerMapping; SearchStrategy: all) did not find any beans (OnBeanCondition)

   WebMvcObservationAutoConfiguration matched:
      - @ConditionalOnClass found required classes 'org.springframework.web.servlet.DispatcherServlet', 'io.micrometer.observation.Observation' (OnClassCondition)
      - found 'session' scope (OnWebApplicationCondition)
      - @ConditionalOnBean (types: io.micrometer.observation.ObservationRegistry; SearchStrategy: all) found bean 'observationRegistry' (OnBeanCondition)

   WebMvcObservationAutoConfiguration#webMvcObservationFilter matched:
      - @ConditionalOnMissingBean (types: org.springframework.web.filter.ServerHttpObservationFilter; SearchStrategy: all) did not find any beans (OnBeanCondition)

   WebMvcObservationAutoConfiguration.MeterFilterConfiguration matched:
      - @ConditionalOnClass found required class 'io.micrometer.core.instrument.MeterRegistry' (OnClassCondition)
      - @ConditionalOnBean (types: io.micrometer.core.instrument.MeterRegistry; SearchStrategy: all) found bean 'simpleMeterRegistry' (OnBeanCondition)

   WebSocketServletAutoConfiguration matched:
      - @ConditionalOnClass found required classes 'jakarta.servlet.Servlet', 'jakarta.websocket.server.ServerContainer' (OnClassCondition)
      - found 'session' scope (OnWebApplicationCondition)

   WebSocketServletAutoConfiguration.TomcatWebSocketConfiguration matched:
      - @ConditionalOnClass found required classes 'org.apache.catalina.startup.Tomcat', 'org.apache.tomcat.websocket.server.WsSci' (OnClassCondition)

   WebSocketServletAutoConfiguration.TomcatWebSocketConfiguration#websocketServletWebServerCustomizer matched:
      - @ConditionalOnMissingBean (names: websocketServletWebServerCustomizer; SearchStrategy: all) did not find any beans (OnBeanCondition)


Negative matches:
-----------------

   ActiveMQAutoConfiguration:
      Did not match:
         - @ConditionalOnClass did not find required class 'jakarta.jms.ConnectionFactory' (OnClassCondition)

   AopAutoConfiguration.AspectJAutoProxyingConfiguration:
      Did not match:
         - @ConditionalOnClass did not find required class 'org.aspectj.weaver.Advice' (OnClassCondition)

   AppOpticsMetricsExportAutoConfiguration:
      Did not match:
         - @ConditionalOnClass did not find required class 'io.micrometer.appoptics.AppOpticsMeterRegistry' (OnClassCondition)

   ArtemisAutoConfiguration:
      Did not match:
         - @ConditionalOnClass did not find required class 'jakarta.jms.ConnectionFactory' (OnClassCondition)

   AtlasMetricsExportAutoConfiguration:
      Did not match:
         - @ConditionalOnClass did not find required class 'io.micrometer.atlas.AtlasMeterRegistry' (OnClassCondition)

   AuditAutoConfiguration:
      Did not match:
         - @ConditionalOnBean (types: org.springframework.boot.actuate.audit.AuditEventRepository; SearchStrategy: all) did not find any beans of type org.springframework.boot.actuate.audit.AuditEventRepository (OnBeanCondition)
      Matched:
         - @ConditionalOnProperty (management.auditevents.enabled) matched (OnPropertyCondition)

   AuditEventsEndpointAutoConfiguration:
      Did not match:
         - @ConditionalOnAvailableEndpoint not exposed (OnAvailableEndpointCondition)

   AvailabilityHealthContributorAutoConfiguration#livenessStateHealthIndicator:
      Did not match:
         - @ConditionalOnProperty (management.health.livenessstate.enabled=true) did not find property 'enabled' (OnPropertyCondition)

   AvailabilityHealthContributorAutoConfiguration#readinessStateHealthIndicator:
      Did not match:
         - @ConditionalOnProperty (management.health.readinessstate.enabled=true) did not find property 'enabled' (OnPropertyCondition)

   AvailabilityProbesAutoConfiguration:
      Did not match:
         - Probes availability not running on a supported cloud platform (AvailabilityProbesAutoConfiguration.ProbesCondition)

   BatchAutoConfiguration:
      Did not match:
         - @ConditionalOnClass did not find required class 'org.springframework.batch.core.launch.JobLauncher' (OnClassCondition)

   BatchObservationAutoConfiguration:
      Did not match:
         - @ConditionalOnClass did not find required class 'org.springframework.batch.core.configuration.annotation.BatchObservabilityBeanPostProcessor' (OnClassCondition)

   BeansEndpointAutoConfiguration:
      Did not match:
         - @ConditionalOnAvailableEndpoint not exposed (OnAvailableEndpointCondition)

   BraveAutoConfiguration:
      Did not match:
         - @ConditionalOnClass did not find required class 'brave.Tracer' (OnClassCondition)

   Cache2kCacheConfiguration:
      Did not match:
         - @ConditionalOnClass did not find required class 'org.cache2k.Cache2kBuilder' (OnClassCondition)

   CacheAutoConfiguration:
      Did not match:
         - @ConditionalOnBean (types: org.springframework.cache.interceptor.CacheAspectSupport; SearchStrategy: all) did not find any beans of type org.springframework.cache.interceptor.CacheAspectSupport (OnBeanCondition)
      Matched:
         - @ConditionalOnClass found required class 'org.springframework.cache.CacheManager' (OnClassCondition)

   CacheAutoConfiguration.CacheManagerEntityManagerFactoryDependsOnPostProcessor:
      Did not match:
         - @ConditionalOnClass did not find required class 'org.springframework.orm.jpa.LocalContainerEntityManagerFactoryBean' (OnClassCondition)
         - Ancestor org.springframework.boot.autoconfigure.cache.CacheAutoConfiguration did not match (ConditionEvaluationReport.AncestorsMatchedCondition)

   CacheMeterBinderProvidersConfiguration.Cache2kCacheMeterBinderProviderConfiguration:
      Did not match:
         - @ConditionalOnClass did not find required classes 'org.cache2k.Cache2kBuilder', 'org.cache2k.extra.spring.SpringCache2kCache', 'org.cache2k.extra.micrometer.Cache2kCacheMetrics' (OnClassCondition)

   CacheMeterBinderProvidersConfiguration.CaffeineCacheMeterBinderProviderConfiguration:
      Did not match:
         - @ConditionalOnClass did not find required classes 'org.springframework.cache.caffeine.CaffeineCache', 'com.github.benmanes.caffeine.cache.Cache' (OnClassCondition)

   CacheMeterBinderProvidersConfiguration.HazelcastCacheMeterBinderProviderConfiguration:
      Did not match:
         - @ConditionalOnClass did not find required classes 'com.hazelcast.spring.cache.HazelcastCache', 'com.hazelcast.core.Hazelcast' (OnClassCondition)

   CacheMeterBinderProvidersConfiguration.JCacheCacheMeterBinderProviderConfiguration:
      Did not match:
         - @ConditionalOnClass did not find required classes 'org.springframework.cache.jcache.JCacheCache', 'javax.cache.CacheManager' (OnClassCondition)

   CacheMeterBinderProvidersConfiguration.RedisCacheMeterBinderProviderConfiguration:
      Did not match:
         - @ConditionalOnClass did not find required class 'org.springframework.data.redis.cache.RedisCache' (OnClassCondition)

   CacheMetricsAutoConfiguration:
      Did not match:
         - @ConditionalOnBean (types: org.springframework.cache.CacheManager; SearchStrategy: all) did not find any beans of type org.springframework.cache.CacheManager (OnBeanCondition)

   CachesEndpointAutoConfiguration:
      Did not match:
         - @ConditionalOnAvailableEndpoint not exposed (OnAvailableEndpointCondition)
      Matched:
         - @ConditionalOnClass found required class 'org.springframework.cache.CacheManager' (OnClassCondition)

   CaffeineCacheConfiguration:
      Did not match:
         - @ConditionalOnClass did not find required class 'com.github.benmanes.caffeine.cache.Caffeine' (OnClassCondition)

   CassandraAutoConfiguration:
      Did not match:
         - @ConditionalOnClass did not find required class 'com.datastax.oss.driver.api.core.CqlSession' (OnClassCondition)

   CassandraDataAutoConfiguration:
      Did not match:
         - @ConditionalOnClass did not find required class 'com.datastax.oss.driver.api.core.CqlSession' (OnClassCondition)

   CassandraHealthContributorAutoConfiguration:
      Did not match:
         - @ConditionalOnClass did not find required class 'com.datastax.oss.driver.api.core.CqlSession' (OnClassCondition)

   CassandraReactiveDataAutoConfiguration:
      Did not match:
         - @ConditionalOnClass did not find required class 'com.datastax.oss.driver.api.core.CqlSession' (OnClassCondition)

   CassandraReactiveHealthContributorAutoConfiguration:
      Did not match:
         - @ConditionalOnClass did not find required class 'com.datastax.oss.driver.api.core.CqlSession' (OnClassCondition)

   CassandraReactiveRepositoriesAutoConfiguration:
      Did not match:
         - @ConditionalOnClass did not find required class 'org.springframework.data.cassandra.ReactiveSession' (OnClassCondition)

   CassandraRepositoriesAutoConfiguration:
      Did not match:
         - @ConditionalOnClass did not find required class 'com.datastax.oss.driver.api.core.CqlSession' (OnClassCondition)

   ClientHttpConnectorAutoConfiguration:
      Did not match:
         - @ConditionalOnClass did not find required class 'org.springframework.web.reactive.function.client.WebClient' (OnClassCondition)

   CloudFoundryActuatorAutoConfiguration:
      Did not match:
         - @ConditionalOnCloudPlatform did not find CLOUD_FOUNDRY (OnCloudPlatformCondition)
      Matched:
         - @ConditionalOnClass found required class 'org.springframework.web.servlet.DispatcherServlet' (OnClassCondition)
         - found 'session' scope (OnWebApplicationCondition)
         - @ConditionalOnProperty (management.cloudfoundry.enabled) matched (OnPropertyCondition)

   CodecsAutoConfiguration:
      Did not match:
         - @ConditionalOnClass did not find required class 'org.springframework.web.reactive.function.client.WebClient' (OnClassCondition)

   CompositeMeterRegistryConfiguration:
      Did not match:
         - NoneNestedConditions 1 matched 1 did not; NestedCondition on CompositeMeterRegistryConfiguration.MultipleNonPrimaryMeterRegistriesCondition.SingleInjectableMeterRegistry @ConditionalOnSingleCandidate (types: io.micrometer.core.instrument.MeterRegistry; SearchStrategy: all) found a single bean 'simpleMeterRegistry'; NestedCondition on CompositeMeterRegistryConfiguration.MultipleNonPrimaryMeterRegistriesCondition.NoMeterRegistryCondition @ConditionalOnMissingBean (types: io.micrometer.core.instrument.MeterRegistry; SearchStrategy: all) found beans of type 'io.micrometer.core.instrument.MeterRegistry' simpleMeterRegistry (CompositeMeterRegistryConfiguration.MultipleNonPrimaryMeterRegistriesCondition)

   ConditionsReportEndpointAutoConfiguration:
      Did not match:
         - @ConditionalOnAvailableEndpoint not exposed (OnAvailableEndpointCondition)

   ConfigurationPropertiesReportEndpointAutoConfiguration:
      Did not match:
         - @ConditionalOnAvailableEndpoint not exposed (OnAvailableEndpointCondition)

   ConnectionFactoryHealthContributorAutoConfiguration:
      Did not match:
         - @ConditionalOnClass did not find required class 'io.r2dbc.spi.ConnectionFactory' (OnClassCondition)

   ConnectionPoolMetricsAutoConfiguration:
      Did not match:
         - @ConditionalOnClass did not find required class 'io.r2dbc.pool.ConnectionPool' (OnClassCondition)

   CouchbaseAutoConfiguration:
      Did not match:
         - @ConditionalOnClass did not find required class 'com.couchbase.client.java.Cluster' (OnClassCondition)

   CouchbaseCacheConfiguration:
      Did not match:
         - @ConditionalOnClass did not find required class 'com.couchbase.client.java.Cluster' (OnClassCondition)

   CouchbaseDataAutoConfiguration:
      Did not match:
         - @ConditionalOnClass did not find required class 'com.couchbase.client.java.Bucket' (OnClassCondition)

   CouchbaseHealthContributorAutoConfiguration:
      Did not match:
         - @ConditionalOnClass did not find required class 'com.couchbase.client.java.Cluster' (OnClassCondition)

   CouchbaseReactiveDataAutoConfiguration:
      Did not match:
         - @ConditionalOnClass did not find required class 'com.couchbase.client.java.Cluster' (OnClassCondition)

   CouchbaseReactiveHealthContributorAutoConfiguration:
      Did not match:
         - @ConditionalOnClass did not find required class 'com.couchbase.client.java.Cluster' (OnClassCondition)

   CouchbaseReactiveRepositoriesAutoConfiguration:
      Did not match:
         - @ConditionalOnClass did not find required class 'com.couchbase.client.java.Cluster' (OnClassCondition)

   CouchbaseRepositoriesAutoConfiguration:
      Did not match:
         - @ConditionalOnClass did not find required class 'com.couchbase.client.java.Bucket' (OnClassCondition)

   DataSourceAutoConfiguration:
      Did not match:
         - @ConditionalOnClass did not find required class 'org.springframework.jdbc.datasource.embedded.EmbeddedDatabaseType' (OnClassCondition)

   DataSourceHealthContributorAutoConfiguration:
      Did not match:
         - @ConditionalOnClass did not find required class 'org.springframework.jdbc.core.JdbcTemplate' (OnClassCondition)

   DataSourceInitializationConfiguration:
      Did not match:
         - @ConditionalOnClass did not find required class 'org.springframework.jdbc.datasource.init.DatabasePopulator' (OnClassCondition)

   DataSourcePoolMetricsAutoConfiguration:
      Did not match:
         - @ConditionalOnBean (types: javax.sql.DataSource,io.micrometer.core.instrument.MeterRegistry; SearchStrategy: all) did not find any beans of type javax.sql.DataSource (OnBeanCondition)
      Matched:
         - @ConditionalOnClass found required classes 'javax.sql.DataSource', 'io.micrometer.core.instrument.MeterRegistry' (OnClassCondition)

   DataSourcePoolMetricsAutoConfiguration.HikariDataSourceMetricsConfiguration:
      Did not match:
         - @ConditionalOnClass did not find required class 'com.zaxxer.hikari.HikariDataSource' (OnClassCondition)
         - Ancestor org.springframework.boot.actuate.autoconfigure.metrics.jdbc.DataSourcePoolMetricsAutoConfiguration did not match (ConditionEvaluationReport.AncestorsMatchedCondition)

   DataSourceTransactionManagerAutoConfiguration:
      Did not match:
         - @ConditionalOnClass did not find required class 'org.springframework.jdbc.core.JdbcTemplate' (OnClassCondition)

   DatadogMetricsExportAutoConfiguration:
      Did not match:
         - @ConditionalOnClass did not find required class 'io.micrometer.datadog.DatadogMeterRegistry' (OnClassCondition)

   DevToolsDataSourceAutoConfiguration:
      Did not match:
         - Devtools devtools is disabled for current context. (OnEnabledDevToolsCondition)
      Matched:
         - @ConditionalOnClass found required class 'javax.sql.DataSource' (OnClassCondition)

   DevToolsR2dbcAutoConfiguration:
      Did not match:
         - @ConditionalOnClass did not find required class 'io.r2dbc.spi.ConnectionFactory' (OnClassCondition)

   DispatcherServletAutoConfiguration.DispatcherServletConfiguration#multipartResolver:
      Did not match:
         - @ConditionalOnBean (types: org.springframework.web.multipart.MultipartResolver; SearchStrategy: all) did not find any beans of type org.springframework.web.multipart.MultipartResolver (OnBeanCondition)

   DynatraceMetricsExportAutoConfiguration:
      Did not match:
         - @ConditionalOnClass did not find required class 'io.micrometer.dynatrace.DynatraceMeterRegistry' (OnClassCondition)

   ElasticMetricsExportAutoConfiguration:
      Did not match:
         - @ConditionalOnClass did not find required class 'io.micrometer.elastic.ElasticMeterRegistry' (OnClassCondition)

   ElasticsearchClientAutoConfiguration:
      Did not match:
         - @ConditionalOnClass did not find required class 'co.elastic.clients.elasticsearch.ElasticsearchClient' (OnClassCondition)

   ElasticsearchDataAutoConfiguration:
      Did not match:
         - @ConditionalOnClass did not find required class 'org.springframework.data.elasticsearch.client.elc.ElasticsearchTemplate' (OnClassCondition)

   ElasticsearchReactiveHealthContributorAutoConfiguration:
      Did not match:
         - @ConditionalOnClass did not find required class 'reactor.core.publisher.Flux' (OnClassCondition)

   ElasticsearchRepositoriesAutoConfiguration:
      Did not match:
         - @ConditionalOnClass did not find required class 'org.springframework.data.elasticsearch.repository.ElasticsearchRepository' (OnClassCondition)

   ElasticsearchRestClientAutoConfiguration:
      Did not match:
         - @ConditionalOnClass did not find required class 'org.elasticsearch.client.RestClientBuilder' (OnClassCondition)

   ElasticsearchRestHealthContributorAutoConfiguration:
      Did not match:
         - @ConditionalOnClass did not find required class 'org.elasticsearch.client.RestClient' (OnClassCondition)

   EmbeddedLdapAutoConfiguration:
      Did not match:
         - @ConditionalOnClass did not find required class 'com.unboundid.ldap.listener.InMemoryDirectoryServer' (OnClassCondition)

   EmbeddedWebServerFactoryCustomizerAutoConfiguration:
      Did not match:
         - Application is deployed as a WAR file. (OnWarDeploymentCondition)
      Matched:
         - @ConditionalOnWebApplication (required) found 'session' scope (OnWebApplicationCondition)

   EnvironmentEndpointAutoConfiguration:
      Did not match:
         - @ConditionalOnAvailableEndpoint not exposed (OnAvailableEndpointCondition)

   ErrorWebFluxAutoConfiguration:
      Did not match:
         - @ConditionalOnClass did not find required class 'org.springframework.web.reactive.config.WebFluxConfigurer' (OnClassCondition)

   FlywayAutoConfiguration:
      Did not match:
         - @ConditionalOnClass did not find required class 'org.flywaydb.core.Flyway' (OnClassCondition)

   FlywayEndpointAutoConfiguration:
      Did not match:
         - @ConditionalOnClass did not find required class 'org.flywaydb.core.Flyway' (OnClassCondition)

   FreeMarkerAutoConfiguration:
      Did not match:
         - @ConditionalOnClass did not find required class 'freemarker.template.Configuration' (OnClassCondition)

   GangliaMetricsExportAutoConfiguration:
      Did not match:
         - @ConditionalOnClass did not find required class 'io.micrometer.ganglia.GangliaMeterRegistry' (OnClassCondition)

   GraphQlAutoConfiguration:
      Did not match:
         - @ConditionalOnClass did not find required class 'graphql.GraphQL' (OnClassCondition)

   GraphQlObservationAutoConfiguration:
      Did not match:
         - @ConditionalOnClass did not find required class 'graphql.GraphQL' (OnClassCondition)

   GraphQlQueryByExampleAutoConfiguration:
      Did not match:
         - @ConditionalOnClass did not find required class 'graphql.GraphQL' (OnClassCondition)

   GraphQlQuerydslAutoConfiguration:
      Did not match:
         - @ConditionalOnClass did not find required class 'com.querydsl.core.Query' (OnClassCondition)

   GraphQlRSocketAutoConfiguration:
      Did not match:
         - @ConditionalOnClass did not find required class 'graphql.GraphQL' (OnClassCondition)

   GraphQlReactiveQueryByExampleAutoConfiguration:
      Did not match:
         - @ConditionalOnClass did not find required class 'graphql.GraphQL' (OnClassCondition)

   GraphQlReactiveQuerydslAutoConfiguration:
      Did not match:
         - @ConditionalOnClass did not find required class 'com.querydsl.core.Query' (OnClassCondition)

   GraphQlWebFluxAutoConfiguration:
      Did not match:
         - @ConditionalOnClass did not find required class 'graphql.GraphQL' (OnClassCondition)

   GraphQlWebFluxSecurityAutoConfiguration:
      Did not match:
         - @ConditionalOnClass did not find required class 'graphql.GraphQL' (OnClassCondition)

   GraphQlWebMvcAutoConfiguration:
      Did not match:
         - @ConditionalOnClass did not find required class 'graphql.GraphQL' (OnClassCondition)

   GraphQlWebMvcSecurityAutoConfiguration:
      Did not match:
         - @ConditionalOnClass did not find required class 'graphql.GraphQL' (OnClassCondition)

   GraphiteMetricsExportAutoConfiguration:
      Did not match:
         - @ConditionalOnClass did not find required class 'io.micrometer.graphite.GraphiteMeterRegistry' (OnClassCondition)

   GroovyTemplateAutoConfiguration:
      Did not match:
         - @ConditionalOnClass did not find required class 'groovy.text.markup.MarkupTemplateEngine' (OnClassCondition)

   GsonAutoConfiguration:
      Did not match:
         - @ConditionalOnClass did not find required class 'com.google.gson.Gson' (OnClassCondition)

   GsonHttpMessageConvertersConfiguration:
      Did not match:
         - @ConditionalOnClass did not find required class 'com.google.gson.Gson' (OnClassCondition)

   H2ConsoleAutoConfiguration:
      Did not match:
         - @ConditionalOnClass did not find required class 'org.h2.server.web.JakartaWebServlet' (OnClassCondition)

   HazelcastAutoConfiguration:
      Did not match:
         - @ConditionalOnClass did not find required class 'com.hazelcast.core.HazelcastInstance' (OnClassCondition)

   HazelcastCacheConfiguration:
      Did not match:
         - @ConditionalOnClass did not find required class 'com.hazelcast.core.HazelcastInstance' (OnClassCondition)

   HazelcastHealthContributorAutoConfiguration:
      Did not match:
         - @ConditionalOnClass did not find required class 'com.hazelcast.core.HazelcastInstance' (OnClassCondition)

   HazelcastJpaDependencyAutoConfiguration:
      Did not match:
         - @ConditionalOnClass did not find required class 'com.hazelcast.core.HazelcastInstance' (OnClassCondition)

   HealthEndpointReactiveWebExtensionConfiguration:
      Did not match:
         - did not find reactive web application classes (OnWebApplicationCondition)

   HealthEndpointWebExtensionConfiguration.JerseyAdditionalHealthEndpointPathsConfiguration:
      Did not match:
         - @ConditionalOnClass did not find required class 'org.glassfish.jersey.server.ResourceConfig' (OnClassCondition)

   HeapDumpWebEndpointAutoConfiguration:
      Did not match:
         - @ConditionalOnAvailableEndpoint not exposed (OnAvailableEndpointCondition)

   HibernateJpaAutoConfiguration:
      Did not match:
         - @ConditionalOnClass did not find required class 'jakarta.persistence.EntityManager' (OnClassCondition)

   HibernateMetricsAutoConfiguration:
      Did not match:
         - @ConditionalOnClass did not find required class 'jakarta.persistence.EntityManagerFactory' (OnClassCondition)

   HttpExchangesAutoConfiguration:
      Did not match:
         - @ConditionalOnBean (types: org.springframework.boot.actuate.web.exchanges.HttpExchangeRepository; SearchStrategy: all) did not find any beans of type org.springframework.boot.actuate.web.exchanges.HttpExchangeRepository (OnBeanCondition)
      Matched:
         - @ConditionalOnWebApplication (required) found 'session' scope (OnWebApplicationCondition)
         - @ConditionalOnProperty (management.httpexchanges.recording.enabled) matched (OnPropertyCondition)

   HttpExchangesAutoConfiguration.ReactiveHttpExchangesConfiguration:
      Did not match:
         - did not find reactive web application classes (OnWebApplicationCondition)
         - Ancestor org.springframework.boot.actuate.autoconfigure.web.exchanges.HttpExchangesAutoConfiguration did not match (ConditionEvaluationReport.AncestorsMatchedCondition)

   HttpExchangesAutoConfiguration.ServletHttpExchangesConfiguration:
      Did not match:
         - Ancestor org.springframework.boot.actuate.autoconfigure.web.exchanges.HttpExchangesAutoConfiguration did not match (ConditionEvaluationReport.AncestorsMatchedCondition)
      Matched:
         - found 'session' scope (OnWebApplicationCondition)

   HttpExchangesEndpointAutoConfiguration:
      Did not match:
         - @ConditionalOnAvailableEndpoint not exposed (OnAvailableEndpointCondition)

   HttpHandlerAutoConfiguration:
      Did not match:
         - @ConditionalOnClass did not find required class 'org.springframework.web.reactive.DispatcherHandler' (OnClassCondition)

   HumioMetricsExportAutoConfiguration:
      Did not match:
         - @ConditionalOnClass did not find required class 'io.micrometer.humio.HumioMeterRegistry' (OnClassCondition)

   HypermediaAutoConfiguration:
      Did not match:
         - @ConditionalOnClass did not find required class 'org.springframework.hateoas.EntityModel' (OnClassCondition)

   InfinispanCacheConfiguration:
      Did not match:
         - @ConditionalOnClass did not find required class 'org.infinispan.spring.embedded.provider.SpringEmbeddedCacheManager' (OnClassCondition)

   InfluxMetricsExportAutoConfiguration:
      Did not match:
         - @ConditionalOnClass did not find required class 'io.micrometer.influx.InfluxMeterRegistry' (OnClassCondition)

   InfoContributorAutoConfiguration#buildInfoContributor:
      Did not match:
         - @ConditionalOnSingleCandidate (types: org.springframework.boot.info.BuildProperties; SearchStrategy: all) did not find any beans (OnBeanCondition)
      Matched:
         - @ConditionalOnEnabledInfoContributor management.info.defaults.enabled is considered true (OnEnabledInfoContributorCondition)

   InfoContributorAutoConfiguration#envInfoContributor:
      Did not match:
         - @ConditionalOnEnabledInfoContributor management.info.env.enabled is not true (OnEnabledInfoContributorCondition)

   InfoContributorAutoConfiguration#gitInfoContributor:
      Did not match:
         - @ConditionalOnSingleCandidate (types: org.springframework.boot.info.GitProperties; SearchStrategy: all) did not find any beans (OnBeanCondition)
      Matched:
         - @ConditionalOnEnabledInfoContributor management.info.defaults.enabled is considered true (OnEnabledInfoContributorCondition)

   InfoContributorAutoConfiguration#javaInfoContributor:
      Did not match:
         - @ConditionalOnEnabledInfoContributor management.info.java.enabled is not true (OnEnabledInfoContributorCondition)

   InfoContributorAutoConfiguration#osInfoContributor:
      Did not match:
         - @ConditionalOnEnabledInfoContributor management.info.os.enabled is not true (OnEnabledInfoContributorCondition)

   InfoContributorAutoConfiguration#processInfoContributor:
      Did not match:
         - @ConditionalOnEnabledInfoContributor management.info.process.enabled is not true (OnEnabledInfoContributorCondition)

   InfoContributorAutoConfiguration#sslInfo:
      Did not match:
         - @ConditionalOnEnabledInfoContributor management.info.ssl.enabled is not true (OnEnabledInfoContributorCondition)
      Matched:
         - @ConditionalOnMissingBean (types: org.springframework.boot.info.SslInfo; SearchStrategy: all) did not find any beans (OnBeanCondition)

   InfoContributorAutoConfiguration#sslInfoContributor:
      Did not match:
         - @ConditionalOnEnabledInfoContributor management.info.ssl.enabled is not true (OnEnabledInfoContributorCondition)

   InfoEndpointAutoConfiguration:
      Did not match:
         - @ConditionalOnAvailableEndpoint not exposed (OnAvailableEndpointCondition)

   IntegrationAutoConfiguration:
      Did not match:
         - @ConditionalOnClass did not find required class 'org.springframework.integration.config.EnableIntegration' (OnClassCondition)

   IntegrationGraphEndpointAutoConfiguration:
      Did not match:
         - @ConditionalOnClass did not find required class 'org.springframework.integration.graph.IntegrationGraphServer' (OnClassCondition)

   JCacheCacheConfiguration:
      Did not match:
         - @ConditionalOnClass did not find required class 'javax.cache.Caching' (OnClassCondition)

   JacksonHttpMessageConvertersConfiguration.MappingJackson2XmlHttpMessageConverterConfiguration:
      Did not match:
         - @ConditionalOnClass did not find required class 'com.fasterxml.jackson.dataformat.xml.XmlMapper' (OnClassCondition)

   JdbcClientAutoConfiguration:
      Did not match:
         - @ConditionalOnSingleCandidate did not find required type 'org.springframework.jdbc.core.namedparam.NamedParameterJdbcTemplate' (OnBeanCondition)

   JdbcRepositoriesAutoConfiguration:
      Did not match:
         - @ConditionalOnClass did not find required class 'org.springframework.data.jdbc.repository.config.AbstractJdbcConfiguration' (OnClassCondition)

   JdbcTemplateAutoConfiguration:
      Did not match:
         - @ConditionalOnClass did not find required class 'org.springframework.jdbc.core.JdbcTemplate' (OnClassCondition)

   JerseyAutoConfiguration:
      Did not match:
         - @ConditionalOnClass did not find required class 'org.glassfish.jersey.server.spring.SpringComponentProvider' (OnClassCondition)

   JerseySameManagementContextConfiguration:
      Did not match:
         - @ConditionalOnClass did not find required class 'org.glassfish.jersey.server.ResourceConfig' (OnClassCondition)

   JerseyServerMetricsAutoConfiguration:
      Did not match:
         - @ConditionalOnClass did not find required class 'org.glassfish.jersey.micrometer.server.ObservationApplicationEventListener' (OnClassCondition)

   JerseyWebEndpointManagementContextConfiguration:
      Did not match:
         - @ConditionalOnClass did not find required class 'org.glassfish.jersey.server.ResourceConfig' (OnClassCondition)

   JettyMetricsAutoConfiguration:
      Did not match:
         - @ConditionalOnClass did not find required class 'org.eclipse.jetty.server.Server' (OnClassCondition)

   JmsAutoConfiguration:
      Did not match:
         - @ConditionalOnClass did not find required class 'jakarta.jms.Message' (OnClassCondition)

   JmsHealthContributorAutoConfiguration:
      Did not match:
         - @ConditionalOnClass did not find required class 'jakarta.jms.ConnectionFactory' (OnClassCondition)

   JmxAutoConfiguration:
      Did not match:
         - @ConditionalOnProperty (spring.jmx.enabled=true) found different value in property 'enabled' (OnPropertyCondition)
      Matched:
         - @ConditionalOnClass found required class 'org.springframework.jmx.export.MBeanExporter' (OnClassCondition)

   JmxEndpointAutoConfiguration:
      Did not match:
         - @ConditionalOnProperty (spring.jmx.enabled=true) found different value in property 'enabled' (OnPropertyCondition)

   JmxMetricsExportAutoConfiguration:
      Did not match:
         - @ConditionalOnClass did not find required class 'io.micrometer.jmx.JmxMeterRegistry' (OnClassCondition)

   JndiConnectionFactoryAutoConfiguration:
      Did not match:
         - @ConditionalOnClass did not find required class 'org.springframework.jms.core.JmsTemplate' (OnClassCondition)

   JndiDataSourceAutoConfiguration:
      Did not match:
         - @ConditionalOnClass did not find required class 'org.springframework.jdbc.datasource.embedded.EmbeddedDatabaseType' (OnClassCondition)

   JooqAutoConfiguration:
      Did not match:
         - @ConditionalOnClass did not find required class 'org.jooq.DSLContext' (OnClassCondition)

   JpaRepositoriesAutoConfiguration:
      Did not match:
         - @ConditionalOnClass did not find required class 'org.springframework.data.jpa.repository.JpaRepository' (OnClassCondition)

   JsonbAutoConfiguration:
      Did not match:
         - @ConditionalOnClass did not find required class 'jakarta.json.bind.Jsonb' (OnClassCondition)

   JsonbHttpMessageConvertersConfiguration:
      Did not match:
         - @ConditionalOnClass did not find required class 'jakarta.json.bind.Jsonb' (OnClassCondition)

   JtaAutoConfiguration:
      Did not match:
         - @ConditionalOnClass did not find required class 'jakarta.transaction.Transaction' (OnClassCondition)

   KafkaAutoConfiguration:
      Did not match:
         - @ConditionalOnClass did not find required class 'org.springframework.kafka.core.KafkaTemplate' (OnClassCondition)

   KafkaMetricsAutoConfiguration:
      Did not match:
         - @ConditionalOnClass did not find required class 'org.springframework.kafka.core.ProducerFactory' (OnClassCondition)

   KairosMetricsExportAutoConfiguration:
      Did not match:
         - @ConditionalOnClass did not find required class 'io.micrometer.kairos.KairosMeterRegistry' (OnClassCondition)

   LdapAutoConfiguration:
      Did not match:
         - @ConditionalOnClass did not find required class 'org.springframework.ldap.core.ContextSource' (OnClassCondition)

   LdapHealthContributorAutoConfiguration:
      Did not match:
         - @ConditionalOnClass did not find required class 'org.springframework.ldap.core.LdapOperations' (OnClassCondition)

   LdapRepositoriesAutoConfiguration:
      Did not match:
         - @ConditionalOnClass did not find required class 'org.springframework.data.ldap.repository.LdapRepository' (OnClassCondition)

   LettuceMetricsAutoConfiguration:
      Did not match:
         - @ConditionalOnClass did not find required class 'io.lettuce.core.metrics.MicrometerCommandLatencyRecorder' (OnClassCondition)

   LiquibaseAutoConfiguration:
      Did not match:
         - @ConditionalOnClass did not find required class 'liquibase.change.DatabaseChange' (OnClassCondition)

   LiquibaseEndpointAutoConfiguration:
      Did not match:
         - @ConditionalOnClass did not find required class 'liquibase.integration.spring.SpringLiquibase' (OnClassCondition)

   LocalDevToolsAutoConfiguration:
      Did not match:
         - Initialized Restarter Condition initialized without URLs (OnInitializedRestarterCondition)

   Log4J2MetricsAutoConfiguration:
      Did not match:
         - @ConditionalOnClass did not find required class 'org.apache.logging.log4j.core.LoggerContext' (OnClassCondition)

   LogFileWebEndpointAutoConfiguration:
      Did not match:
         - @ConditionalOnAvailableEndpoint not exposed (OnAvailableEndpointCondition)

   LoggersEndpointAutoConfiguration:
      Did not match:
         - @ConditionalOnAvailableEndpoint not exposed (OnAvailableEndpointCondition)

   MailHealthContributorAutoConfiguration:
      Did not match:
         - @ConditionalOnClass did not find required class 'org.springframework.mail.javamail.JavaMailSenderImpl' (OnClassCondition)

   MailSenderAutoConfiguration:
      Did not match:
         - @ConditionalOnClass did not find required class 'jakarta.mail.internet.MimeMessage' (OnClassCondition)

   MailSenderValidatorAutoConfiguration:
      Did not match:
         - @ConditionalOnSingleCandidate did not find required type 'org.springframework.mail.javamail.JavaMailSenderImpl' (OnBeanCondition)

   ManagementContextAutoConfiguration.DifferentManagementContextConfiguration:
      Did not match:
         - Management Port actual port type (SAME) did not match required type (DIFFERENT) (OnManagementPortCondition)

   ManagementWebSecurityAutoConfiguration:
      Did not match:
         - AllNestedConditions 1 matched 1 did not; NestedCondition on DefaultWebSecurityCondition.Beans @ConditionalOnMissingBean (types: org.springframework.security.web.SecurityFilterChain; SearchStrategy: all) did not find any beans; NestedCondition on DefaultWebSecurityCondition.Classes @ConditionalOnClass did not find required classes 'org.springframework.security.web.SecurityFilterChain', 'org.springframework.security.config.annotation.web.builders.HttpSecurity' (DefaultWebSecurityCondition)
      Matched:
         - found 'session' scope (OnWebApplicationCondition)

   MappingsEndpointAutoConfiguration:
      Did not match:
         - @ConditionalOnAvailableEndpoint not exposed (OnAvailableEndpointCondition)

   MessageSourceAutoConfiguration:
      Did not match:
         - ResourceBundle did not find bundle with basename messages (MessageSourceAutoConfiguration.ResourceBundleCondition)

   MetricsAspectsAutoConfiguration:
      Did not match:
         - @ConditionalOnClass did not find required class 'org.aspectj.weaver.Advice' (OnClassCondition)

   MetricsEndpointAutoConfiguration:
      Did not match:
         - @ConditionalOnAvailableEndpoint not exposed (OnAvailableEndpointCondition)
      Matched:
         - @ConditionalOnClass found required class 'io.micrometer.core.annotation.Timed' (OnClassCondition)

   MicrometerTracingAutoConfiguration:
      Did not match:
         - @ConditionalOnClass did not find required class 'io.micrometer.tracing.Tracer' (OnClassCondition)

   MongoAutoConfiguration:
      Did not match:
         - @ConditionalOnClass did not find required class 'com.mongodb.client.MongoClient' (OnClassCondition)

   MongoDataAutoConfiguration:
      Did not match:
         - @ConditionalOnClass did not find required class 'com.mongodb.client.MongoClient' (OnClassCondition)

   MongoHealthContributorAutoConfiguration:
      Did not match:
         - @ConditionalOnClass did not find required class 'org.springframework.data.mongodb.core.MongoTemplate' (OnClassCondition)

   MongoMetricsAutoConfiguration:
      Did not match:
         - @ConditionalOnClass did not find required class 'com.mongodb.MongoClientSettings' (OnClassCondition)

   MongoReactiveAutoConfiguration:
      Did not match:
         - @ConditionalOnClass did not find required class 'com.mongodb.reactivestreams.client.MongoClient' (OnClassCondition)

   MongoReactiveDataAutoConfiguration:
      Did not match:
         - @ConditionalOnClass did not find required class 'com.mongodb.reactivestreams.client.MongoClient' (OnClassCondition)

   MongoReactiveHealthContributorAutoConfiguration:
      Did not match:
         - @ConditionalOnClass did not find required class 'reactor.core.publisher.Flux' (OnClassCondition)

   MongoReactiveRepositoriesAutoConfiguration:
      Did not match:
         - @ConditionalOnClass did not find required class 'com.mongodb.reactivestreams.client.MongoClient' (OnClassCondition)

   MongoRepositoriesAutoConfiguration:
      Did not match:
         - @ConditionalOnClass did not find required class 'com.mongodb.client.MongoClient' (OnClassCondition)

   MustacheAutoConfiguration:
      Did not match:
         - @ConditionalOnClass did not find required class 'com.samskivert.mustache.Mustache' (OnClassCondition)

   Neo4jAutoConfiguration:
      Did not match:
         - @ConditionalOnClass did not find required class 'org.neo4j.driver.Driver' (OnClassCondition)

   Neo4jDataAutoConfiguration:
      Did not match:
         - @ConditionalOnClass did not find required class 'org.neo4j.driver.Driver' (OnClassCondition)

   Neo4jHealthContributorAutoConfiguration:
      Did not match:
         - @ConditionalOnClass did not find required class 'org.neo4j.driver.Driver' (OnClassCondition)

   Neo4jReactiveDataAutoConfiguration:
      Did not match:
         - @ConditionalOnClass did not find required class 'org.neo4j.driver.Driver' (OnClassCondition)

   Neo4jReactiveRepositoriesAutoConfiguration:
      Did not match:
         - @ConditionalOnClass did not find required class 'org.neo4j.driver.Driver' (OnClassCondition)

   Neo4jRepositoriesAutoConfiguration:
      Did not match:
         - @ConditionalOnClass did not find required class 'org.neo4j.driver.Driver' (OnClassCondition)

   NettyAutoConfiguration:
      Did not match:
         - @ConditionalOnClass did not find required class 'io.netty.util.NettyRuntime' (OnClassCondition)

   NewRelicMetricsExportAutoConfiguration:
      Did not match:
         - @ConditionalOnClass did not find required class 'io.micrometer.newrelic.NewRelicMeterRegistry' (OnClassCondition)

   NoOpMeterRegistryConfiguration:
      Did not match:
         - @ConditionalOnMissingBean (types: io.micrometer.core.instrument.MeterRegistry; SearchStrategy: all) found beans of type 'io.micrometer.core.instrument.MeterRegistry' simpleMeterRegistry (OnBeanCondition)

   NoopTracerAutoConfiguration:
      Did not match:
         - @ConditionalOnClass did not find required class 'io.micrometer.tracing.Tracer' (OnClassCondition)

   OAuth2AuthorizationServerAutoConfiguration:
      Did not match:
         - @ConditionalOnClass did not find required class 'org.springframework.security.oauth2.server.authorization.OAuth2Authorization' (OnClassCondition)

   OAuth2AuthorizationServerJwtAutoConfiguration:
      Did not match:
         - @ConditionalOnClass did not find required class 'org.springframework.security.oauth2.server.authorization.OAuth2Authorization' (OnClassCondition)

   OAuth2ClientAutoConfiguration:
      Did not match:
         - @ConditionalOnClass did not find required class 'org.springframework.security.config.annotation.web.configuration.EnableWebSecurity' (OnClassCondition)

   OAuth2ResourceServerAutoConfiguration:
      Did not match:
         - @ConditionalOnClass did not find required class 'org.springframework.security.oauth2.server.resource.authentication.BearerTokenAuthenticationToken' (OnClassCondition)

   ObservationAutoConfiguration.MeterObservationHandlerConfiguration.TracingAndMetricsObservationHandlerConfiguration:
      Did not match:
         - @ConditionalOnBean did not find required type 'io.micrometer.tracing.Tracer' (OnBeanCondition)
         - @ConditionalOnBean (types: io.micrometer.tracing.Tracer; SearchStrategy: all) did not find any beans of type io.micrometer.tracing.Tracer (OnBeanCondition)

   ObservationAutoConfiguration.MetricsWithTracingConfiguration:
      Did not match:
         - @ConditionalOnClass did not find required class 'io.micrometer.tracing.Tracer' (OnClassCondition)

   ObservationAutoConfiguration.ObservedAspectConfiguration:
      Did not match:
         - @ConditionalOnClass did not find required class 'org.aspectj.weaver.Advice' (OnClassCondition)

   ObservationAutoConfiguration.OnlyTracingConfiguration:
      Did not match:
         - @ConditionalOnClass did not find required class 'io.micrometer.tracing.Tracer' (OnClassCondition)

   OpenTelemetryAutoConfiguration:
      Did not match:
         - @ConditionalOnClass did not find required class 'io.opentelemetry.sdk.OpenTelemetrySdk' (OnClassCondition)

   OpenTelemetryLoggingAutoConfiguration:
      Did not match:
         - @ConditionalOnClass did not find required class 'io.opentelemetry.api.OpenTelemetry' (OnClassCondition)

   OpenTelemetryTracingAutoConfiguration:
      Did not match:
         - @ConditionalOnClass did not find required class 'io.micrometer.tracing.otel.bridge.OtelTracer' (OnClassCondition)

   OtlpLoggingAutoConfiguration:
      Did not match:
         - @ConditionalOnClass did not find required class 'io.opentelemetry.api.OpenTelemetry' (OnClassCondition)

   OtlpMetricsExportAutoConfiguration:
      Did not match:
         - @ConditionalOnClass did not find required class 'io.micrometer.registry.otlp.OtlpMeterRegistry' (OnClassCondition)

   OtlpTracingAutoConfiguration:
      Did not match:
         - @ConditionalOnClass did not find required class 'io.micrometer.tracing.otel.bridge.OtelTracer' (OnClassCondition)

   PersistenceExceptionTranslationAutoConfiguration:
      Did not match:
         - @ConditionalOnClass did not find required class 'org.springframework.dao.annotation.PersistenceExceptionTranslationPostProcessor' (OnClassCondition)

   ProjectInfoAutoConfiguration#buildProperties:
      Did not match:
         - @ConditionalOnResource did not find resource '${spring.info.build.location:classpath:META-INF/build-info.properties}' (OnResourceCondition)

   ProjectInfoAutoConfiguration#gitProperties:
      Did not match:
         - GitResource did not find git info at classpath:git.properties (ProjectInfoAutoConfiguration.GitResourceAvailableCondition)

   PrometheusExemplarsAutoConfiguration:
      Did not match:
         - @ConditionalOnClass did not find required class 'io.micrometer.tracing.Tracer' (OnClassCondition)

   PrometheusMetricsExportAutoConfiguration:
      Did not match:
         - @ConditionalOnClass did not find required class 'io.micrometer.prometheusmetrics.PrometheusMeterRegistry' (OnClassCondition)

   PrometheusSimpleclientExemplarsAutoConfiguration:
      Did not match:
         - @ConditionalOnClass did not find required class 'io.micrometer.tracing.Tracer' (OnClassCondition)

   PrometheusSimpleclientMetricsExportAutoConfiguration:
      Did not match:
         - @ConditionalOnClass did not find required class 'io.micrometer.prometheus.PrometheusMeterRegistry' (OnClassCondition)

   PulsarAutoConfiguration:
      Did not match:
         - @ConditionalOnClass did not find required class 'org.apache.pulsar.client.api.PulsarClient' (OnClassCondition)

   PulsarReactiveAutoConfiguration:
      Did not match:
         - @ConditionalOnClass did not find required class 'org.apache.pulsar.client.api.PulsarClient' (OnClassCondition)

   QuartzAutoConfiguration:
      Did not match:
         - @ConditionalOnClass did not find required class 'org.quartz.Scheduler' (OnClassCondition)

   QuartzEndpointAutoConfiguration:
      Did not match:
         - @ConditionalOnClass did not find required class 'org.quartz.Scheduler' (OnClassCondition)

   R2dbcAutoConfiguration:
      Did not match:
         - @ConditionalOnClass did not find required class 'io.r2dbc.spi.ConnectionFactory' (OnClassCondition)

   R2dbcDataAutoConfiguration:
      Did not match:
         - @ConditionalOnClass did not find required class 'org.springframework.data.r2dbc.core.R2dbcEntityTemplate' (OnClassCondition)

   R2dbcInitializationConfiguration:
      Did not match:
         - @ConditionalOnClass did not find required classes 'io.r2dbc.spi.ConnectionFactory', 'org.springframework.r2dbc.connection.init.DatabasePopulator' (OnClassCondition)

   R2dbcObservationAutoConfiguration:
      Did not match:
         - @ConditionalOnClass did not find required class 'io.r2dbc.proxy.ProxyConnectionFactory' (OnClassCondition)

   R2dbcProxyAutoConfiguration:
      Did not match:
         - @ConditionalOnClass did not find required class 'io.r2dbc.proxy.ProxyConnectionFactory' (OnClassCondition)

   R2dbcRepositoriesAutoConfiguration:
      Did not match:
         - @ConditionalOnClass did not find required class 'io.r2dbc.spi.ConnectionFactory' (OnClassCondition)

   R2dbcTransactionManagerAutoConfiguration:
      Did not match:
         - @ConditionalOnClass did not find required class 'org.springframework.r2dbc.connection.R2dbcTransactionManager' (OnClassCondition)

   RSocketGraphQlClientAutoConfiguration:
      Did not match:
         - @ConditionalOnClass did not find required class 'graphql.GraphQL' (OnClassCondition)

   RSocketMessagingAutoConfiguration:
      Did not match:
         - @ConditionalOnClass did not find required class 'io.rsocket.RSocket' (OnClassCondition)

   RSocketRequesterAutoConfiguration:
      Did not match:
         - @ConditionalOnClass did not find required class 'io.rsocket.RSocket' (OnClassCondition)

   RSocketSecurityAutoConfiguration:
      Did not match:
         - @ConditionalOnClass did not find required class 'org.springframework.security.rsocket.core.SecuritySocketAcceptorInterceptor' (OnClassCondition)

   RSocketServerAutoConfiguration:
      Did not match:
         - @ConditionalOnClass did not find required class 'io.rsocket.core.RSocketServer' (OnClassCondition)

   RSocketStrategiesAutoConfiguration:
      Did not match:
         - @ConditionalOnClass did not find required class 'io.netty.buffer.PooledByteBufAllocator' (OnClassCondition)

   RabbitAutoConfiguration:
      Did not match:
         - @ConditionalOnClass did not find required class 'com.rabbitmq.client.Channel' (OnClassCondition)

   RabbitHealthContributorAutoConfiguration:
      Did not match:
         - @ConditionalOnClass did not find required class 'org.springframework.amqp.rabbit.core.RabbitTemplate' (OnClassCondition)

   RabbitMetricsAutoConfiguration:
      Did not match:
         - @ConditionalOnClass did not find required class 'com.rabbitmq.client.ConnectionFactory' (OnClassCondition)

   ReactiveCloudFoundryActuatorAutoConfiguration:
      Did not match:
         - @ConditionalOnWebApplication did not find reactive web application classes (OnWebApplicationCondition)

   ReactiveElasticsearchClientAutoConfiguration:
      Did not match:
         - @ConditionalOnClass did not find required class 'co.elastic.clients.transport.ElasticsearchTransport' (OnClassCondition)

   ReactiveElasticsearchRepositoriesAutoConfiguration:
      Did not match:
         - @ConditionalOnClass did not find required class 'reactor.core.publisher.Mono' (OnClassCondition)

   ReactiveHealthEndpointConfiguration:
      Did not match:
         - @ConditionalOnClass did not find required class 'reactor.core.publisher.Flux' (OnClassCondition)

   ReactiveManagementContextAutoConfiguration:
      Did not match:
         - @ConditionalOnClass did not find required class 'reactor.core.publisher.Flux' (OnClassCondition)

   ReactiveManagementWebSecurityAutoConfiguration:
      Did not match:
         - @ConditionalOnClass did not find required class 'org.springframework.security.config.annotation.web.reactive.EnableWebFluxSecurity' (OnClassCondition)

   ReactiveMultipartAutoConfiguration:
      Did not match:
         - @ConditionalOnClass did not find required class 'org.springframework.web.reactive.config.WebFluxConfigurer' (OnClassCondition)

   ReactiveOAuth2ClientAutoConfiguration:
      Did not match:
         - @ConditionalOnClass did not find required class 'reactor.core.publisher.Flux' (OnClassCondition)

   ReactiveOAuth2ResourceServerAutoConfiguration:
      Did not match:
         - @ConditionalOnClass did not find required class 'org.springframework.security.config.annotation.web.reactive.EnableWebFluxSecurity' (OnClassCondition)

   ReactiveSecurityAutoConfiguration:
      Did not match:
         - @ConditionalOnClass did not find required class 'reactor.core.publisher.Flux' (OnClassCondition)

   ReactiveUserDetailsServiceAutoConfiguration:
      Did not match:
         - @ConditionalOnClass did not find required class 'org.springframework.security.authentication.ReactiveAuthenticationManager' (OnClassCondition)

   ReactiveWebServerFactoryAutoConfiguration:
      Did not match:
         - @ConditionalOnWebApplication did not find reactive web application classes (OnWebApplicationCondition)

   ReactorAutoConfiguration:
      Did not match:
         - @ConditionalOnClass did not find required class 'reactor.core.publisher.Hooks' (OnClassCondition)

   RedisAutoConfiguration:
      Did not match:
         - @ConditionalOnClass did not find required class 'org.springframework.data.redis.core.RedisOperations' (OnClassCondition)

   RedisCacheConfiguration:
      Did not match:
         - @ConditionalOnClass did not find required class 'org.springframework.data.redis.connection.RedisConnectionFactory' (OnClassCondition)

   RedisHealthContributorAutoConfiguration:
      Did not match:
         - @ConditionalOnClass did not find required class 'org.springframework.data.redis.connection.RedisConnectionFactory' (OnClassCondition)

   RedisReactiveAutoConfiguration:
      Did not match:
         - @ConditionalOnClass did not find required class 'reactor.core.publisher.Flux' (OnClassCondition)

   RedisReactiveHealthContributorAutoConfiguration:
      Did not match:
         - @ConditionalOnClass did not find required class 'reactor.core.publisher.Flux' (OnClassCondition)

   RedisRepositoriesAutoConfiguration:
      Did not match:
         - @ConditionalOnClass did not find required class 'org.springframework.data.redis.repository.configuration.EnableRedisRepositories' (OnClassCondition)

   RemoteDevToolsAutoConfiguration:
      Did not match:
         - @ConditionalOnProperty (spring.devtools.remote.secret) did not find property 'secret' (OnPropertyCondition)
      Matched:
         - @ConditionalOnClass found required classes 'jakarta.servlet.Filter', 'org.springframework.http.server.ServerHttpRequest' (OnClassCondition)

   RepositoryMetricsAutoConfiguration:
      Did not match:
         - @ConditionalOnClass did not find required class 'org.springframework.data.repository.Repository' (OnClassCondition)

   RepositoryRestMvcAutoConfiguration:
      Did not match:
         - @ConditionalOnClass did not find required class 'org.springframework.data.rest.webmvc.config.RepositoryRestMvcConfiguration' (OnClassCondition)

   Saml2RelyingPartyAutoConfiguration:
      Did not match:
         - @ConditionalOnClass did not find required class 'org.springframework.security.saml2.provider.service.registration.RelyingPartyRegistrationRepository' (OnClassCondition)

   SbomEndpointAutoConfiguration:
      Did not match:
         - @ConditionalOnAvailableEndpoint not exposed (OnAvailableEndpointCondition)

   ScheduledTasksEndpointAutoConfiguration:
      Did not match:
         - @ConditionalOnAvailableEndpoint not exposed (OnAvailableEndpointCondition)

   SecurityAutoConfiguration:
      Did not match:
         - @ConditionalOnClass did not find required class 'org.springframework.security.authentication.DefaultAuthenticationEventPublisher' (OnClassCondition)

   SecurityFilterAutoConfiguration:
      Did not match:
         - @ConditionalOnClass did not find required class 'org.springframework.security.config.http.SessionCreationPolicy' (OnClassCondition)

   SecurityRequestMatchersManagementContextConfiguration:
      Did not match:
         - @ConditionalOnClass did not find required class 'org.springframework.security.web.util.matcher.RequestMatcher' (OnClassCondition)

   SendGridAutoConfiguration:
      Did not match:
         - @ConditionalOnClass did not find required class 'com.sendgrid.SendGrid' (OnClassCondition)

   ServletEndpointManagementContextConfiguration.JerseyServletEndpointManagementContextConfiguration:
      Did not match:
         - @ConditionalOnClass did not find required class 'org.glassfish.jersey.server.ResourceConfig' (OnClassCondition)

   ServletManagementContextAutoConfiguration.ApplicationContextFilterConfiguration:
      Did not match:
         - @ConditionalOnProperty (management.server.add-application-context-header=true) did not find property 'add-application-context-header' (OnPropertyCondition)

   ServletWebServerFactoryAutoConfiguration.ForwardedHeaderFilterConfiguration:
      Did not match:
         - @ConditionalOnProperty (server.forward-headers-strategy=framework) did not find property 'server.forward-headers-strategy' (OnPropertyCondition)

   ServletWebServerFactoryConfiguration.EmbeddedJetty:
      Did not match:
         - @ConditionalOnClass did not find required classes 'org.eclipse.jetty.server.Server', 'org.eclipse.jetty.util.Loader', 'org.eclipse.jetty.ee10.webapp.WebAppContext' (OnClassCondition)

   ServletWebServerFactoryConfiguration.EmbeddedUndertow:
      Did not match:
         - @ConditionalOnClass did not find required classes 'io.undertow.Undertow', 'org.xnio.SslClientAuthMode' (OnClassCondition)

   SessionAutoConfiguration:
      Did not match:
         - @ConditionalOnClass did not find required class 'org.springframework.session.Session' (OnClassCondition)

   SessionsEndpointAutoConfiguration:
      Did not match:
         - @ConditionalOnClass did not find required class 'org.springframework.session.Session' (OnClassCondition)

   ShutdownEndpointAutoConfiguration:
      Did not match:
         - @ConditionalOnAvailableEndpoint the configured access for endpoint 'shutdown' is NONE (OnAvailableEndpointCondition)

   SignalFxMetricsExportAutoConfiguration:
      Did not match:
         - @ConditionalOnClass did not find required class 'io.micrometer.signalfx.SignalFxMeterRegistry' (OnClassCondition)

   SpringApplicationAdminJmxAutoConfiguration:
      Did not match:
         - @ConditionalOnProperty (spring.application.admin.enabled=true) did not find property 'enabled' (OnPropertyCondition)

   SpringDataWebAutoConfiguration:
      Did not match:
         - @ConditionalOnClass did not find required class 'org.springframework.data.web.PageableHandlerMethodArgumentResolver' (OnClassCondition)

   StackdriverMetricsExportAutoConfiguration:
      Did not match:
         - @ConditionalOnClass did not find required class 'io.micrometer.stackdriver.StackdriverMeterRegistry' (OnClassCondition)

   StartupEndpointAutoConfiguration:
      Did not match:
         - ApplicationStartup configured applicationStartup is of type class org.springframework.core.metrics.DefaultApplicationStartup, expected BufferingApplicationStartup. (StartupEndpointAutoConfiguration.ApplicationStartupCondition)

   StatsdMetricsExportAutoConfiguration:
      Did not match:
         - @ConditionalOnClass did not find required class 'io.micrometer.statsd.StatsdMeterRegistry' (OnClassCondition)

   TaskExecutorConfigurations.SimpleAsyncTaskExecutorBuilderConfiguration#simpleAsyncTaskExecutorBuilderVirtualThreads:
      Did not match:
         - @ConditionalOnMissingBean (types: org.springframework.boot.task.SimpleAsyncTaskExecutorBuilder; SearchStrategy: all) found beans of type 'org.springframework.boot.task.SimpleAsyncTaskExecutorBuilder' simpleAsyncTaskExecutorBuilder (OnBeanCondition)

   TaskExecutorConfigurations.TaskExecutorConfiguration#applicationTaskExecutorVirtualThreads:
      Did not match:
         - @ConditionalOnThreading did not find VIRTUAL (OnThreadingCondition)

   TaskSchedulingAutoConfiguration#scheduledBeanLazyInitializationExcludeFilter:
      Did not match:
         - @ConditionalOnBean (names: org.springframework.context.annotation.internalScheduledAnnotationProcessor; SearchStrategy: all) did not find any beans named org.springframework.context.annotation.internalScheduledAnnotationProcessor (OnBeanCondition)

   TaskSchedulingConfigurations.SimpleAsyncTaskSchedulerBuilderConfiguration#simpleAsyncTaskSchedulerBuilderVirtualThreads:
      Did not match:
         - @ConditionalOnMissingBean (types: org.springframework.boot.task.SimpleAsyncTaskSchedulerBuilder; SearchStrategy: all) found beans of type 'org.springframework.boot.task.SimpleAsyncTaskSchedulerBuilder' simpleAsyncTaskSchedulerBuilder (OnBeanCondition)

   TaskSchedulingConfigurations.TaskSchedulerConfiguration:
      Did not match:
         - @ConditionalOnBean (names: org.springframework.context.annotation.internalScheduledAnnotationProcessor; SearchStrategy: all) did not find any beans named org.springframework.context.annotation.internalScheduledAnnotationProcessor (OnBeanCondition)

   ThreadDumpEndpointAutoConfiguration:
      Did not match:
         - @ConditionalOnAvailableEndpoint not exposed (OnAvailableEndpointCondition)

   ThymeleafAutoConfiguration:
      Did not match:
         - @ConditionalOnClass did not find required class 'org.thymeleaf.spring6.SpringTemplateEngine' (OnClassCondition)

   TransactionAutoConfiguration:
      Did not match:
         - @ConditionalOnClass did not find required class 'org.springframework.transaction.PlatformTransactionManager' (OnClassCondition)

   TransactionManagerCustomizationAutoConfiguration:
      Did not match:
         - @ConditionalOnClass did not find required class 'org.springframework.transaction.PlatformTransactionManager' (OnClassCondition)

   UserDetailsServiceAutoConfiguration:
      Did not match:
         - @ConditionalOnClass did not find required class 'org.springframework.security.authentication.AuthenticationManager' (OnClassCondition)

   ValidationAutoConfiguration:
      Did not match:
         - @ConditionalOnClass did not find required class 'jakarta.validation.executable.ExecutableValidator' (OnClassCondition)

   WavefrontAutoConfiguration:
      Did not match:
         - @ConditionalOnClass did not find required class 'com.wavefront.sdk.common.application.ApplicationTags' (OnClassCondition)

   WavefrontMetricsExportAutoConfiguration:
      Did not match:
         - @ConditionalOnClass did not find required class 'com.wavefront.sdk.common.WavefrontSender' (OnClassCondition)

   WavefrontTracingAutoConfiguration:
      Did not match:
         - @ConditionalOnClass did not find required class 'com.wavefront.sdk.common.WavefrontSender' (OnClassCondition)

   WebClientAutoConfiguration:
      Did not match:
         - @ConditionalOnClass did not find required class 'org.springframework.web.reactive.function.client.WebClient' (OnClassCondition)

   WebClientObservationConfiguration:
      Did not match:
         - @ConditionalOnClass did not find required class 'org.springframework.web.reactive.function.client.WebClient' (OnClassCondition)

   WebFluxAutoConfiguration:
      Did not match:
         - @ConditionalOnClass did not find required class 'org.springframework.web.reactive.config.WebFluxConfigurer' (OnClassCondition)

   WebFluxEndpointManagementContextConfiguration:
      Did not match:
         - @ConditionalOnClass did not find required class 'org.springframework.web.reactive.DispatcherHandler' (OnClassCondition)

   WebFluxObservationAutoConfiguration:
      Did not match:
         - @ConditionalOnWebApplication did not find reactive web application classes (OnWebApplicationCondition)

   WebMvcAutoConfiguration#hiddenHttpMethodFilter:
      Did not match:
         - @ConditionalOnProperty (spring.mvc.hiddenmethod.filter.enabled) did not find property 'enabled' (OnPropertyCondition)

   WebMvcAutoConfiguration.ProblemDetailsErrorHandlingConfiguration:
      Did not match:
         - @ConditionalOnProperty (spring.mvc.problemdetails.enabled=true) did not find property 'enabled' (OnPropertyCondition)

   WebMvcAutoConfiguration.ResourceChainCustomizerConfiguration:
      Did not match:
         - @ConditionalOnEnabledResourceChain did not find class org.webjars.WebJarVersionLocator (OnEnabledResourceChainCondition)

   WebMvcAutoConfiguration.WebMvcAutoConfigurationAdapter#beanNameViewResolver:
      Did not match:
         - @ConditionalOnMissingBean (types: org.springframework.web.servlet.view.BeanNameViewResolver; SearchStrategy: all) found beans of type 'org.springframework.web.servlet.view.BeanNameViewResolver' beanNameViewResolver (OnBeanCondition)

   WebMvcEndpointManagementContextConfiguration#managementHealthEndpointWebMvcHandlerMapping:
      Did not match:
         - Management Port actual port type (SAME) did not match required type (DIFFERENT) (OnManagementPortCondition)

   WebServiceTemplateAutoConfiguration:
      Did not match:
         - @ConditionalOnClass did not find required class 'org.springframework.oxm.Marshaller' (OnClassCondition)

   WebServicesAutoConfiguration:
      Did not match:
         - @ConditionalOnClass did not find required class 'org.springframework.ws.transport.http.MessageDispatcherServlet' (OnClassCondition)

   WebSessionIdResolverAutoConfiguration:
      Did not match:
         - @ConditionalOnClass did not find required class 'reactor.core.publisher.Mono' (OnClassCondition)

   WebSocketMessagingAutoConfiguration:
      Did not match:
         - @ConditionalOnClass did not find required class 'org.springframework.web.socket.config.annotation.WebSocketMessageBrokerConfigurer' (OnClassCondition)

   WebSocketReactiveAutoConfiguration:
      Did not match:
         - @ConditionalOnWebApplication did not find reactive web application classes (OnWebApplicationCondition)

   WebSocketServletAutoConfiguration.JettyWebSocketConfiguration:
      Did not match:
         - @ConditionalOnClass did not find required class 'org.eclipse.jetty.ee10.websocket.jakarta.server.config.JakartaWebSocketServletContainerInitializer' (OnClassCondition)

   WebSocketServletAutoConfiguration.UndertowWebSocketConfiguration:
      Did not match:
         - @ConditionalOnClass did not find required class 'io.undertow.websockets.jsr.Bootstrap' (OnClassCondition)

   XADataSourceAutoConfiguration:
      Did not match:
         - @ConditionalOnClass did not find required class 'jakarta.transaction.TransactionManager' (OnClassCondition)

   ZipkinAutoConfiguration:
      Did not match:
         - @ConditionalOnClass did not find required class 'zipkin2.reporter.Encoding' (OnClassCondition)


Exclusions:
-----------

    None


Unconditional classes:
----------------------

    org.springframework.boot.autoconfigure.context.ConfigurationPropertiesAutoConfiguration

    org.springframework.boot.actuate.autoconfigure.availability.AvailabilityHealthContributorAutoConfiguration

    org.springframework.boot.autoconfigure.ssl.SslAutoConfiguration

    org.springframework.boot.actuate.autoconfigure.info.InfoContributorAutoConfiguration

    org.springframework.boot.autoconfigure.context.PropertyPlaceholderAutoConfiguration

    org.springframework.boot.autoconfigure.context.LifecycleAutoConfiguration

    org.springframework.boot.actuate.autoconfigure.metrics.integration.IntegrationMetricsAutoConfiguration

    org.springframework.boot.actuate.autoconfigure.endpoint.EndpointAutoConfiguration

    org.springframework.boot.actuate.autoconfigure.web.server.ManagementContextAutoConfiguration

    org.springframework.boot.actuate.autoconfigure.health.HealthContributorAutoConfiguration

    org.springframework.boot.actuate.autoconfigure.endpoint.jackson.JacksonEndpointAutoConfiguration

    org.springframework.boot.autoconfigure.availability.ApplicationAvailabilityAutoConfiguration

    org.springframework.boot.autoconfigure.info.ProjectInfoAutoConfiguration



2025-04-01T15:16:27.117+05:30 TRACE 16888 --- [learn-spring-boot] [           main] o.s.b.f.s.DefaultListableBeanFactory     : Returning cached instance of singleton bean 'welcomePageHandlerMapping'
2025-04-01T15:16:27.118+05:30 TRACE 16888 --- [learn-spring-boot] [           main] o.s.b.f.s.DefaultListableBeanFactory     : Returning cached instance of singleton bean 'welcomePageNotAcceptableHandlerMapping'
2025-04-01T15:16:27.118+05:30 TRACE 16888 --- [learn-spring-boot] [           main] o.s.b.f.s.DefaultListableBeanFactory     : Returning cached instance of singleton bean 'requestMappingHandlerMapping'
2025-04-01T15:16:27.118+05:30 TRACE 16888 --- [learn-spring-boot] [           main] o.s.b.f.s.DefaultListableBeanFactory     : Returning cached instance of singleton bean 'viewControllerHandlerMapping'
2025-04-01T15:16:27.118+05:30 TRACE 16888 --- [learn-spring-boot] [           main] o.s.b.f.s.DefaultListableBeanFactory     : Returning cached instance of singleton bean 'beanNameHandlerMapping'
2025-04-01T15:16:27.118+05:30 TRACE 16888 --- [learn-spring-boot] [           main] o.s.b.f.s.DefaultListableBeanFactory     : Returning cached instance of singleton bean 'routerFunctionMapping'
2025-04-01T15:16:27.118+05:30 TRACE 16888 --- [learn-spring-boot] [           main] o.s.b.f.s.DefaultListableBeanFactory     : Returning cached instance of singleton bean 'resourceHandlerMapping'
2025-04-01T15:16:27.118+05:30 TRACE 16888 --- [learn-spring-boot] [           main] o.s.b.f.s.DefaultListableBeanFactory     : Returning cached instance of singleton bean 'defaultServletHandlerMapping'
2025-04-01T15:16:27.118+05:30 TRACE 16888 --- [learn-spring-boot] [           main] o.s.b.f.s.DefaultListableBeanFactory     : Returning cached instance of singleton bean 'healthEndpointWebMvcHandlerMapping'
2025-04-01T15:16:27.118+05:30 TRACE 16888 --- [learn-spring-boot] [           main] o.s.b.f.s.DefaultListableBeanFactory     : Returning cached instance of singleton bean 'webEndpointServletHandlerMapping'
2025-04-01T15:16:27.118+05:30 TRACE 16888 --- [learn-spring-boot] [           main] o.s.b.f.s.DefaultListableBeanFactory     : Returning cached instance of singleton bean 'controllerEndpointHandlerMapping'
2025-04-01T15:16:27.120+05:30  INFO 16888 --- [learn-spring-boot] [           main] c.s.l.LearnSpringBootApplicationTests    : Started LearnSpringBootApplicationTests in 2.462 seconds (process running for 3.576)
2025-04-01T15:16:27.121+05:30 TRACE 16888 --- [learn-spring-boot] [           main] o.s.b.f.s.DefaultListableBeanFactory     : Returning cached instance of singleton bean 'startupTimeMetrics'
2025-04-01T15:16:27.121+05:30 TRACE 16888 --- [learn-spring-boot] [           main] o.s.b.f.s.DefaultListableBeanFactory     : Returning cached instance of singleton bean 'tomcatMetricsBinder'
2025-04-01T15:16:27.229+05:30 TRACE 16888 --- [learn-spring-boot] [           main] o.s.b.f.s.DefaultListableBeanFactory     : Returning cached instance of singleton bean 'applicationAvailability'
2025-04-01T15:16:27.229+05:30 TRACE 16888 --- [learn-spring-boot] [           main] o.s.b.f.s.DefaultListableBeanFactory     : Returning cached instance of singleton bean 'startupTimeMetrics'
2025-04-01T15:16:27.230+05:30 DEBUG 16888 --- [learn-spring-boot] [           main] o.s.b.a.ApplicationAvailabilityBean      : Application availability state LivenessState changed to CORRECT
2025-04-01T15:16:27.234+05:30 TRACE 16888 --- [learn-spring-boot] [           main] o.s.b.f.s.DefaultListableBeanFactory     : Returning cached instance of singleton bean 'startupTimeMetrics'
2025-04-01T15:16:27.235+05:30 DEBUG 16888 --- [learn-spring-boot] [           main] o.s.boot.devtools.restart.Restarter      : Creating new Restarter for thread Thread[#1,main,5,main]
2025-04-01T15:16:27.235+05:30 TRACE 16888 --- [learn-spring-boot] [           main] o.s.b.f.s.DefaultListableBeanFactory     : Returning cached instance of singleton bean 'applicationAvailability'
2025-04-01T15:16:27.235+05:30 TRACE 16888 --- [learn-spring-boot] [           main] o.s.b.f.s.DefaultListableBeanFactory     : Returning cached instance of singleton bean 'startupTimeMetrics'
2025-04-01T15:16:27.235+05:30 DEBUG 16888 --- [learn-spring-boot] [           main] o.s.b.a.ApplicationAvailabilityBean      : Application availability state ReadinessState changed to ACCEPTING_TRAFFIC
2025-04-01T15:16:27.237+05:30 TRACE 16888 --- [learn-spring-boot] [           main] c.DefaultCacheAwareContextLoaderDelegate : Storing ApplicationContext [1539038539] in cache under key [WebMergedContextConfiguration@22f02996 testClass = com.springboot.learn_spring_boot.LearnSpringBootApplicationTests, locations = [], classes = [com.springboot.learn_spring_boot.LearnSpringBootApplication], contextInitializerClasses = [], activeProfiles = [], propertySourceDescriptors = [], propertySourceProperties = ["org.springframework.boot.test.context.SpringBootTestContextBootstrapper=true"], contextCustomizers = [org.springframework.boot.test.context.filter.ExcludeFilterContextCustomizer@7e990ed7, org.springframework.boot.test.json.DuplicateJsonObjectContextCustomizerFactory$DuplicateJsonObjectContextCustomizer@5884a914, org.springframework.boot.test.mock.mockito.MockitoContextCustomizer@0, org.springframework.boot.test.web.client.TestRestTemplateContextCustomizer@446a1e84, org.springframework.boot.test.web.reactor.netty.DisableReactorResourceFactoryGlobalResourcesContextCustomizerFactory$DisableReactorResourceFactoryGlobalResourcesContextCustomizerCustomizer@7dfd3c81, org.springframework.boot.test.autoconfigure.OnFailureConditionReportContextCustomizerFactory$OnFailureConditionReportContextCustomizer@6933b6c6, org.springframework.boot.test.autoconfigure.actuate.observability.ObservabilityContextCustomizerFactory$DisableObservabilityContextCustomizer@1f, org.springframework.boot.test.autoconfigure.properties.PropertyMappingContextCustomizer@0, org.springframework.boot.test.autoconfigure.web.servlet.WebDriverContextCustomizer@1224144a, org.springframework.test.context.support.DynamicPropertiesContextCustomizer@0, org.springframework.boot.test.context.SpringBootTestAnnotation@69a9185d], resourceBasePath = "src/main/webapp", contextLoader = org.springframework.boot.test.context.SpringBootContextLoader, parent = null]
2025-04-01T15:16:27.238+05:30 DEBUG 16888 --- [learn-spring-boot] [           main] org.springframework.test.context.cache   : Spring test ApplicationContext cache statistics: [DefaultContextCache@7c8874ef size = 1, maxSize = 32, parentContextCount = 0, hitCount = 0, missCount = 1, failureCount = 0]
2025-04-01T15:16:27.238+05:30 TRACE 16888 --- [learn-spring-boot] [           main] o.s.t.c.w.ServletTestExecutionListener   : Setting up MockHttpServletRequest, MockHttpServletResponse, ServletWebRequest, and RequestContextHolder for test context [DefaultTestContext@77a0dd63 testClass = com.springboot.learn_spring_boot.LearnSpringBootApplicationTests, testInstance = com.springboot.learn_spring_boot.LearnSpringBootApplicationTests@543fe698, testMethod = null, testException = null, mergedContextConfiguration = [WebMergedContextConfiguration@22f02996 testClass = com.springboot.learn_spring_boot.LearnSpringBootApplicationTests, locations = [], classes = [com.springboot.learn_spring_boot.LearnSpringBootApplication], contextInitializerClasses = [], activeProfiles = [], propertySourceDescriptors = [], propertySourceProperties = ["org.springframework.boot.test.context.SpringBootTestContextBootstrapper=true"], contextCustomizers = [org.springframework.boot.test.context.filter.ExcludeFilterContextCustomizer@7e990ed7, org.springframework.boot.test.json.DuplicateJsonObjectContextCustomizerFactory$DuplicateJsonObjectContextCustomizer@5884a914, org.springframework.boot.test.mock.mockito.MockitoContextCustomizer@0, org.springframework.boot.test.web.client.TestRestTemplateContextCustomizer@446a1e84, org.springframework.boot.test.web.reactor.netty.DisableReactorResourceFactoryGlobalResourcesContextCustomizerFactory$DisableReactorResourceFactoryGlobalResourcesContextCustomizerCustomizer@7dfd3c81, org.springframework.boot.test.autoconfigure.OnFailureConditionReportContextCustomizerFactory$OnFailureConditionReportContextCustomizer@6933b6c6, org.springframework.boot.test.autoconfigure.actuate.observability.ObservabilityContextCustomizerFactory$DisableObservabilityContextCustomizer@1f, org.springframework.boot.test.autoconfigure.properties.PropertyMappingContextCustomizer@0, org.springframework.boot.test.autoconfigure.web.servlet.WebDriverContextCustomizer@1224144a, org.springframework.test.context.support.DynamicPropertiesContextCustomizer@0, org.springframework.boot.test.context.SpringBootTestAnnotation@69a9185d], resourceBasePath = "src/main/webapp", contextLoader = org.springframework.boot.test.context.SpringBootContextLoader, parent = null], attributes = {"org.springframework.test.context.web.ServletTestExecutionListener.activateListener" -> true}]
2025-04-01T15:16:27.257+05:30 TRACE 16888 --- [learn-spring-boot] [           main] DependencyInjectionTestExecutionListener : Performing dependency injection for test context [DefaultTestContext@77a0dd63 testClass = com.springboot.learn_spring_boot.LearnSpringBootApplicationTests, testInstance = com.springboot.learn_spring_boot.LearnSpringBootApplicationTests@543fe698, testMethod = null, testException = null, mergedContextConfiguration = [WebMergedContextConfiguration@22f02996 testClass = com.springboot.learn_spring_boot.LearnSpringBootApplicationTests, locations = [], classes = [com.springboot.learn_spring_boot.LearnSpringBootApplication], contextInitializerClasses = [], activeProfiles = [], propertySourceDescriptors = [], propertySourceProperties = ["org.springframework.boot.test.context.SpringBootTestContextBootstrapper=true"], contextCustomizers = [org.springframework.boot.test.context.filter.ExcludeFilterContextCustomizer@7e990ed7, org.springframework.boot.test.json.DuplicateJsonObjectContextCustomizerFactory$DuplicateJsonObjectContextCustomizer@5884a914, org.springframework.boot.test.mock.mockito.MockitoContextCustomizer@0, org.springframework.boot.test.web.client.TestRestTemplateContextCustomizer@446a1e84, org.springframework.boot.test.web.reactor.netty.DisableReactorResourceFactoryGlobalResourcesContextCustomizerFactory$DisableReactorResourceFactoryGlobalResourcesContextCustomizerCustomizer@7dfd3c81, org.springframework.boot.test.autoconfigure.OnFailureConditionReportContextCustomizerFactory$OnFailureConditionReportContextCustomizer@6933b6c6, org.springframework.boot.test.autoconfigure.actuate.observability.ObservabilityContextCustomizerFactory$DisableObservabilityContextCustomizer@1f, org.springframework.boot.test.autoconfigure.properties.PropertyMappingContextCustomizer@0, org.springframework.boot.test.autoconfigure.web.servlet.WebDriverContextCustomizer@1224144a, org.springframework.test.context.support.DynamicPropertiesContextCustomizer@0, org.springframework.boot.test.context.SpringBootTestAnnotation@69a9185d], resourceBasePath = "src/main/webapp", contextLoader = org.springframework.boot.test.context.SpringBootContextLoader, parent = null], attributes = {"org.springframework.test.context.web.ServletTestExecutionListener.activateListener" -> true, "org.springframework.test.context.web.ServletTestExecutionListener.populatedRequestContextHolder" -> true, "org.springframework.test.context.web.ServletTestExecutionListener.resetRequestContextHolder" -> true, "org.springframework.test.context.event.ApplicationEventsTestExecutionListener.recordApplicationEvents" -> false}]
2025-04-01T15:16:27.257+05:30 TRACE 16888 --- [learn-spring-boot] [           main] c.DefaultCacheAwareContextLoaderDelegate : Retrieved ApplicationContext [1539038539] from cache with key [WebMergedContextConfiguration@22f02996 testClass = com.springboot.learn_spring_boot.LearnSpringBootApplicationTests, locations = [], classes = [com.springboot.learn_spring_boot.LearnSpringBootApplication], contextInitializerClasses = [], activeProfiles = [], propertySourceDescriptors = [], propertySourceProperties = ["org.springframework.boot.test.context.SpringBootTestContextBootstrapper=true"], contextCustomizers = [org.springframework.boot.test.context.filter.ExcludeFilterContextCustomizer@7e990ed7, org.springframework.boot.test.json.DuplicateJsonObjectContextCustomizerFactory$DuplicateJsonObjectContextCustomizer@5884a914, org.springframework.boot.test.mock.mockito.MockitoContextCustomizer@0, org.springframework.boot.test.web.client.TestRestTemplateContextCustomizer@446a1e84, org.springframework.boot.test.web.reactor.netty.DisableReactorResourceFactoryGlobalResourcesContextCustomizerFactory$DisableReactorResourceFactoryGlobalResourcesContextCustomizerCustomizer@7dfd3c81, org.springframework.boot.test.autoconfigure.OnFailureConditionReportContextCustomizerFactory$OnFailureConditionReportContextCustomizer@6933b6c6, org.springframework.boot.test.autoconfigure.actuate.observability.ObservabilityContextCustomizerFactory$DisableObservabilityContextCustomizer@1f, org.springframework.boot.test.autoconfigure.properties.PropertyMappingContextCustomizer@0, org.springframework.boot.test.autoconfigure.web.servlet.WebDriverContextCustomizer@1224144a, org.springframework.test.context.support.DynamicPropertiesContextCustomizer@0, org.springframework.boot.test.context.SpringBootTestAnnotation@69a9185d], resourceBasePath = "src/main/webapp", contextLoader = org.springframework.boot.test.context.SpringBootContextLoader, parent = null]
2025-04-01T15:16:27.257+05:30 DEBUG 16888 --- [learn-spring-boot] [           main] org.springframework.test.context.cache   : Spring test ApplicationContext cache statistics: [DefaultContextCache@7c8874ef size = 1, maxSize = 32, parentContextCount = 0, hitCount = 1, missCount = 1, failureCount = 0]
2025-04-01T15:16:27.259+05:30 TRACE 16888 --- [learn-spring-boot] [           main] c.DefaultCacheAwareContextLoaderDelegate : Retrieved ApplicationContext [1539038539] from cache with key [WebMergedContextConfiguration@22f02996 testClass = com.springboot.learn_spring_boot.LearnSpringBootApplicationTests, locations = [], classes = [com.springboot.learn_spring_boot.LearnSpringBootApplication], contextInitializerClasses = [], activeProfiles = [], propertySourceDescriptors = [], propertySourceProperties = ["org.springframework.boot.test.context.SpringBootTestContextBootstrapper=true"], contextCustomizers = [org.springframework.boot.test.context.filter.ExcludeFilterContextCustomizer@7e990ed7, org.springframework.boot.test.json.DuplicateJsonObjectContextCustomizerFactory$DuplicateJsonObjectContextCustomizer@5884a914, org.springframework.boot.test.mock.mockito.MockitoContextCustomizer@0, org.springframework.boot.test.web.client.TestRestTemplateContextCustomizer@446a1e84, org.springframework.boot.test.web.reactor.netty.DisableReactorResourceFactoryGlobalResourcesContextCustomizerFactory$DisableReactorResourceFactoryGlobalResourcesContextCustomizerCustomizer@7dfd3c81, org.springframework.boot.test.autoconfigure.OnFailureConditionReportContextCustomizerFactory$OnFailureConditionReportContextCustomizer@6933b6c6, org.springframework.boot.test.autoconfigure.actuate.observability.ObservabilityContextCustomizerFactory$DisableObservabilityContextCustomizer@1f, org.springframework.boot.test.autoconfigure.properties.PropertyMappingContextCustomizer@0, org.springframework.boot.test.autoconfigure.web.servlet.WebDriverContextCustomizer@1224144a, org.springframework.test.context.support.DynamicPropertiesContextCustomizer@0, org.springframework.boot.test.context.SpringBootTestAnnotation@69a9185d], resourceBasePath = "src/main/webapp", contextLoader = org.springframework.boot.test.context.SpringBootContextLoader, parent = null]
2025-04-01T15:16:27.259+05:30 DEBUG 16888 --- [learn-spring-boot] [           main] org.springframework.test.context.cache   : Spring test ApplicationContext cache statistics: [DefaultContextCache@7c8874ef size = 1, maxSize = 32, parentContextCount = 0, hitCount = 2, missCount = 1, failureCount = 0]
2025-04-01T15:16:27.259+05:30 TRACE 16888 --- [learn-spring-boot] [           main] o.s.b.f.s.DefaultListableBeanFactory     : Returning cached instance of singleton bean 'startupTimeMetrics'
2025-04-01T15:16:27.264+05:30 TRACE 16888 --- [learn-spring-boot] [           main] o.s.test.context.TestContextManager      : beforeTestMethod(): instance [com.springboot.learn_spring_boot.LearnSpringBootApplicationTests@543fe698], method [void com.springboot.learn_spring_boot.LearnSpringBootApplicationTests.contextLoads()]
2025-04-01T15:16:27.265+05:30 TRACE 16888 --- [learn-spring-boot] [           main] sContextBeforeModesTestExecutionListener : Before test method: context [DefaultTestContext@77a0dd63 testClass = com.springboot.learn_spring_boot.LearnSpringBootApplicationTests, testInstance = com.springboot.learn_spring_boot.LearnSpringBootApplicationTests@543fe698, testMethod = contextLoads(), testException = null, mergedContextConfiguration = [WebMergedContextConfiguration@22f02996 testClass = com.springboot.learn_spring_boot.LearnSpringBootApplicationTests, locations = [], classes = [com.springboot.learn_spring_boot.LearnSpringBootApplication], contextInitializerClasses = [], activeProfiles = [], propertySourceDescriptors = [], propertySourceProperties = ["org.springframework.boot.test.context.SpringBootTestContextBootstrapper=true"], contextCustomizers = [org.springframework.boot.test.context.filter.ExcludeFilterContextCustomizer@7e990ed7, org.springframework.boot.test.json.DuplicateJsonObjectContextCustomizerFactory$DuplicateJsonObjectContextCustomizer@5884a914, org.springframework.boot.test.mock.mockito.MockitoContextCustomizer@0, org.springframework.boot.test.web.client.TestRestTemplateContextCustomizer@446a1e84, org.springframework.boot.test.web.reactor.netty.DisableReactorResourceFactoryGlobalResourcesContextCustomizerFactory$DisableReactorResourceFactoryGlobalResourcesContextCustomizerCustomizer@7dfd3c81, org.springframework.boot.test.autoconfigure.OnFailureConditionReportContextCustomizerFactory$OnFailureConditionReportContextCustomizer@6933b6c6, org.springframework.boot.test.autoconfigure.actuate.observability.ObservabilityContextCustomizerFactory$DisableObservabilityContextCustomizer@1f, org.springframework.boot.test.autoconfigure.properties.PropertyMappingContextCustomizer@0, org.springframework.boot.test.autoconfigure.web.servlet.WebDriverContextCustomizer@1224144a, org.springframework.test.context.support.DynamicPropertiesContextCustomizer@0, org.springframework.boot.test.context.SpringBootTestAnnotation@69a9185d], resourceBasePath = "src/main/webapp", contextLoader = org.springframework.boot.test.context.SpringBootContextLoader, parent = null], attributes = {"org.springframework.test.context.web.ServletTestExecutionListener.activateListener" -> true, "org.springframework.test.context.web.ServletTestExecutionListener.populatedRequestContextHolder" -> true, "org.springframework.test.context.web.ServletTestExecutionListener.resetRequestContextHolder" -> true, "org.springframework.test.context.event.ApplicationEventsTestExecutionListener.recordApplicationEvents" -> false}], class annotated with @DirtiesContext [false] with mode [null], method annotated with @DirtiesContext [false] with mode [null]
2025-04-01T15:16:27.266+05:30 TRACE 16888 --- [learn-spring-boot] [           main] c.DefaultCacheAwareContextLoaderDelegate : Retrieved ApplicationContext [1539038539] from cache with key [WebMergedContextConfiguration@22f02996 testClass = com.springboot.learn_spring_boot.LearnSpringBootApplicationTests, locations = [], classes = [com.springboot.learn_spring_boot.LearnSpringBootApplication], contextInitializerClasses = [], activeProfiles = [], propertySourceDescriptors = [], propertySourceProperties = ["org.springframework.boot.test.context.SpringBootTestContextBootstrapper=true"], contextCustomizers = [org.springframework.boot.test.context.filter.ExcludeFilterContextCustomizer@7e990ed7, org.springframework.boot.test.json.DuplicateJsonObjectContextCustomizerFactory$DuplicateJsonObjectContextCustomizer@5884a914, org.springframework.boot.test.mock.mockito.MockitoContextCustomizer@0, org.springframework.boot.test.web.client.TestRestTemplateContextCustomizer@446a1e84, org.springframework.boot.test.web.reactor.netty.DisableReactorResourceFactoryGlobalResourcesContextCustomizerFactory$DisableReactorResourceFactoryGlobalResourcesContextCustomizerCustomizer@7dfd3c81, org.springframework.boot.test.autoconfigure.OnFailureConditionReportContextCustomizerFactory$OnFailureConditionReportContextCustomizer@6933b6c6, org.springframework.boot.test.autoconfigure.actuate.observability.ObservabilityContextCustomizerFactory$DisableObservabilityContextCustomizer@1f, org.springframework.boot.test.autoconfigure.properties.PropertyMappingContextCustomizer@0, org.springframework.boot.test.autoconfigure.web.servlet.WebDriverContextCustomizer@1224144a, org.springframework.test.context.support.DynamicPropertiesContextCustomizer@0, org.springframework.boot.test.context.SpringBootTestAnnotation@69a9185d], resourceBasePath = "src/main/webapp", contextLoader = org.springframework.boot.test.context.SpringBootContextLoader, parent = null]
2025-04-01T15:16:27.266+05:30 DEBUG 16888 --- [learn-spring-boot] [           main] org.springframework.test.context.cache   : Spring test ApplicationContext cache statistics: [DefaultContextCache@7c8874ef size = 1, maxSize = 32, parentContextCount = 0, hitCount = 3, missCount = 1, failureCount = 0]
2025-04-01T15:16:27.266+05:30 TRACE 16888 --- [learn-spring-boot] [           main] o.s.b.f.s.DefaultListableBeanFactory     : Returning cached instance of singleton bean 'startupTimeMetrics'
2025-04-01T15:16:27.266+05:30 TRACE 16888 --- [learn-spring-boot] [           main] c.DefaultCacheAwareContextLoaderDelegate : Retrieved ApplicationContext [1539038539] from cache with key [WebMergedContextConfiguration@22f02996 testClass = com.springboot.learn_spring_boot.LearnSpringBootApplicationTests, locations = [], classes = [com.springboot.learn_spring_boot.LearnSpringBootApplication], contextInitializerClasses = [], activeProfiles = [], propertySourceDescriptors = [], propertySourceProperties = ["org.springframework.boot.test.context.SpringBootTestContextBootstrapper=true"], contextCustomizers = [org.springframework.boot.test.context.filter.ExcludeFilterContextCustomizer@7e990ed7, org.springframework.boot.test.json.DuplicateJsonObjectContextCustomizerFactory$DuplicateJsonObjectContextCustomizer@5884a914, org.springframework.boot.test.mock.mockito.MockitoContextCustomizer@0, org.springframework.boot.test.web.client.TestRestTemplateContextCustomizer@446a1e84, org.springframework.boot.test.web.reactor.netty.DisableReactorResourceFactoryGlobalResourcesContextCustomizerFactory$DisableReactorResourceFactoryGlobalResourcesContextCustomizerCustomizer@7dfd3c81, org.springframework.boot.test.autoconfigure.OnFailureConditionReportContextCustomizerFactory$OnFailureConditionReportContextCustomizer@6933b6c6, org.springframework.boot.test.autoconfigure.actuate.observability.ObservabilityContextCustomizerFactory$DisableObservabilityContextCustomizer@1f, org.springframework.boot.test.autoconfigure.properties.PropertyMappingContextCustomizer@0, org.springframework.boot.test.autoconfigure.web.servlet.WebDriverContextCustomizer@1224144a, org.springframework.test.context.support.DynamicPropertiesContextCustomizer@0, org.springframework.boot.test.context.SpringBootTestAnnotation@69a9185d], resourceBasePath = "src/main/webapp", contextLoader = org.springframework.boot.test.context.SpringBootContextLoader, parent = null]
2025-04-01T15:16:27.266+05:30 DEBUG 16888 --- [learn-spring-boot] [           main] org.springframework.test.context.cache   : Spring test ApplicationContext cache statistics: [DefaultContextCache@7c8874ef size = 1, maxSize = 32, parentContextCount = 0, hitCount = 4, missCount = 1, failureCount = 0]
2025-04-01T15:16:27.267+05:30 TRACE 16888 --- [learn-spring-boot] [           main] o.s.b.f.s.DefaultListableBeanFactory     : Returning cached instance of singleton bean 'org.springframework.boot.test.mock.mockito.MockitoPostProcessor$SpyPostProcessor'
2025-04-01T15:16:28.246+05:30 TRACE 16888 --- [learn-spring-boot] [           main] o.s.b.f.s.DefaultListableBeanFactory     : Returning cached instance of singleton bean 'org.springframework.boot.test.mock.mockito.MockitoPostProcessor'
2025-04-01T15:16:28.246+05:30 TRACE 16888 --- [learn-spring-boot] [           main] o.s.b.f.s.DefaultListableBeanFactory     : Returning cached instance of singleton bean 'org.springframework.test.context.support.internalDynamicPropertyRegistrarBeanInitializer'
2025-04-01T15:16:28.246+05:30 TRACE 16888 --- [learn-spring-boot] [           main] o.s.b.f.s.DefaultListableBeanFactory     : Returning cached instance of singleton bean 'org.springframework.context.annotation.internalConfigurationAnnotationProcessor'
2025-04-01T15:16:28.246+05:30 TRACE 16888 --- [learn-spring-boot] [           main] o.s.b.f.s.DefaultListableBeanFactory     : Returning cached instance of singleton bean 'org.springframework.context.annotation.internalAutowiredAnnotationProcessor'
2025-04-01T15:16:28.246+05:30 TRACE 16888 --- [learn-spring-boot] [           main] o.s.b.f.s.DefaultListableBeanFactory     : Returning cached instance of singleton bean 'org.springframework.context.annotation.internalCommonAnnotationProcessor'
2025-04-01T15:16:28.246+05:30 TRACE 16888 --- [learn-spring-boot] [           main] o.s.b.f.s.DefaultListableBeanFactory     : Returning cached instance of singleton bean 'org.springframework.context.event.internalEventListenerProcessor'
2025-04-01T15:16:28.246+05:30 TRACE 16888 --- [learn-spring-boot] [           main] o.s.b.f.s.DefaultListableBeanFactory     : Returning cached instance of singleton bean 'org.springframework.context.event.internalEventListenerFactory'
2025-04-01T15:16:28.246+05:30 TRACE 16888 --- [learn-spring-boot] [           main] o.s.b.f.s.DefaultListableBeanFactory     : Returning cached instance of singleton bean 'learnSpringBootApplication'
2025-04-01T15:16:28.246+05:30 TRACE 16888 --- [learn-spring-boot] [           main] o.s.b.f.s.DefaultListableBeanFactory     : Returning cached instance of singleton bean 'org.springframework.boot.autoconfigure.internalCachingMetadataReaderFactory'
2025-04-01T15:16:28.246+05:30 TRACE 16888 --- [learn-spring-boot] [           main] o.s.b.f.s.DefaultListableBeanFactory     : Returning cached instance of singleton bean 'org.springframework.boot.autoconfigure.internalCachingMetadataReaderFactory'
2025-04-01T15:16:28.246+05:30 TRACE 16888 --- [learn-spring-boot] [           main] o.s.b.f.s.DefaultListableBeanFactory     : Returning cached instance of singleton bean 'courseController'
2025-04-01T15:16:28.246+05:30 TRACE 16888 --- [learn-spring-boot] [           main] o.s.b.f.s.DefaultListableBeanFactory     : Returning cached instance of singleton bean 'currencyConfigurationController'
2025-04-01T15:16:28.246+05:30 TRACE 16888 --- [learn-spring-boot] [           main] o.s.b.f.s.DefaultListableBeanFactory     : Returning cached instance of singleton bean 'currencyServiceConfiguration'
2025-04-01T15:16:28.246+05:30 TRACE 16888 --- [learn-spring-boot] [           main] o.s.b.f.s.DefaultListableBeanFactory     : Returning cached instance of singleton bean 'org.springframework.boot.autoconfigure.AutoConfigurationPackages'
2025-04-01T15:16:28.246+05:30 TRACE 16888 --- [learn-spring-boot] [           main] o.s.b.f.s.DefaultListableBeanFactory     : Returning cached instance of singleton bean 'org.springframework.boot.autoconfigure.context.PropertyPlaceholderAutoConfiguration'
2025-04-01T15:16:28.246+05:30 TRACE 16888 --- [learn-spring-boot] [           main] o.s.b.f.s.DefaultListableBeanFactory     : Returning cached instance of singleton bean 'propertySourcesPlaceholderConfigurer'
2025-04-01T15:16:28.246+05:30 TRACE 16888 --- [learn-spring-boot] [           main] o.s.b.f.s.DefaultListableBeanFactory     : Returning cached instance of singleton bean 'org.springframework.boot.autoconfigure.ssl.SslAutoConfiguration'
2025-04-01T15:16:28.246+05:30 TRACE 16888 --- [learn-spring-boot] [           main] o.s.b.f.s.DefaultListableBeanFactory     : Returning cached instance of singleton bean 'fileWatcher'
2025-04-01T15:16:28.246+05:30 TRACE 16888 --- [learn-spring-boot] [           main] o.s.b.f.s.DefaultListableBeanFactory     : Returning cached instance of singleton bean 'sslPropertiesSslBundleRegistrar'
2025-04-01T15:16:28.246+05:30 TRACE 16888 --- [learn-spring-boot] [           main] o.s.b.f.s.DefaultListableBeanFactory     : Returning cached instance of singleton bean 'sslBundleRegistry'
2025-04-01T15:16:28.246+05:30 TRACE 16888 --- [learn-spring-boot] [           main] o.s.b.f.s.DefaultListableBeanFactory     : Returning cached instance of singleton bean 'org.springframework.boot.context.properties.ConfigurationPropertiesBindingPostProcessor'
2025-04-01T15:16:28.246+05:30 TRACE 16888 --- [learn-spring-boot] [           main] o.s.b.f.s.DefaultListableBeanFactory     : Returning cached instance of singleton bean 'org.springframework.boot.context.internalConfigurationPropertiesBinder'
2025-04-01T15:16:28.246+05:30 TRACE 16888 --- [learn-spring-boot] [           main] o.s.b.f.s.DefaultListableBeanFactory     : Returning cached instance of singleton bean 'org.springframework.boot.context.internalConfigurationPropertiesBinder'
2025-04-01T15:16:28.246+05:30 TRACE 16888 --- [learn-spring-boot] [           main] o.s.b.f.s.DefaultListableBeanFactory     : Returning cached instance of singleton bean 'org.springframework.boot.context.properties.BoundConfigurationProperties'
2025-04-01T15:16:28.246+05:30 TRACE 16888 --- [learn-spring-boot] [           main] o.s.b.f.s.DefaultListableBeanFactory     : Returning cached instance of singleton bean 'org.springframework.boot.context.properties.EnableConfigurationPropertiesRegistrar.methodValidationExcludeFilter'
2025-04-01T15:16:28.246+05:30 TRACE 16888 --- [learn-spring-boot] [           main] o.s.b.f.s.DefaultListableBeanFactory     : Returning cached instance of singleton bean 'spring.ssl-org.springframework.boot.autoconfigure.ssl.SslProperties'
2025-04-01T15:16:28.246+05:30 TRACE 16888 --- [learn-spring-boot] [           main] o.s.b.f.s.DefaultListableBeanFactory     : Returning cached instance of singleton bean 'org.springframework.boot.autoconfigure.websocket.servlet.WebSocketServletAutoConfiguration$TomcatWebSocketConfiguration'
2025-04-01T15:16:28.246+05:30 TRACE 16888 --- [learn-spring-boot] [           main] o.s.b.f.s.DefaultListableBeanFactory     : Returning cached instance of singleton bean 'websocketServletWebServerCustomizer'
2025-04-01T15:16:28.246+05:30 TRACE 16888 --- [learn-spring-boot] [           main] o.s.b.f.s.DefaultListableBeanFactory     : Returning cached instance of singleton bean 'org.springframework.boot.autoconfigure.websocket.servlet.WebSocketServletAutoConfiguration'
2025-04-01T15:16:28.246+05:30 TRACE 16888 --- [learn-spring-boot] [           main] o.s.b.f.s.DefaultListableBeanFactory     : Returning cached instance of singleton bean 'org.springframework.boot.autoconfigure.web.servlet.ServletWebServerFactoryConfiguration$EmbeddedTomcat'
2025-04-01T15:16:28.246+05:30 TRACE 16888 --- [learn-spring-boot] [           main] o.s.b.f.s.DefaultListableBeanFactory     : Returning cached instance of singleton bean 'tomcatServletWebServerFactory'
2025-04-01T15:16:28.246+05:30 TRACE 16888 --- [learn-spring-boot] [           main] o.s.b.f.s.DefaultListableBeanFactory     : Returning cached instance of singleton bean 'org.springframework.boot.autoconfigure.web.servlet.ServletWebServerFactoryAutoConfiguration'
2025-04-01T15:16:28.246+05:30 TRACE 16888 --- [learn-spring-boot] [           main] o.s.b.f.s.DefaultListableBeanFactory     : Returning cached instance of singleton bean 'servletWebServerFactoryCustomizer'
2025-04-01T15:16:28.246+05:30 TRACE 16888 --- [learn-spring-boot] [           main] o.s.b.f.s.DefaultListableBeanFactory     : Returning cached instance of singleton bean 'tomcatServletWebServerFactoryCustomizer'
2025-04-01T15:16:28.246+05:30 TRACE 16888 --- [learn-spring-boot] [           main] o.s.b.f.s.DefaultListableBeanFactory     : Returning cached instance of singleton bean 'server-org.springframework.boot.autoconfigure.web.ServerProperties'
2025-04-01T15:16:28.246+05:30 TRACE 16888 --- [learn-spring-boot] [           main] o.s.b.f.s.DefaultListableBeanFactory     : Returning cached instance of singleton bean 'webServerFactoryCustomizerBeanPostProcessor'
2025-04-01T15:16:28.246+05:30 TRACE 16888 --- [learn-spring-boot] [           main] o.s.b.f.s.DefaultListableBeanFactory     : Returning cached instance of singleton bean 'errorPageRegistrarBeanPostProcessor'
2025-04-01T15:16:28.246+05:30 TRACE 16888 --- [learn-spring-boot] [           main] o.s.b.f.s.DefaultListableBeanFactory     : Returning cached instance of singleton bean 'org.springframework.boot.autoconfigure.web.servlet.DispatcherServletAutoConfiguration$DispatcherServletConfiguration'
2025-04-01T15:16:28.246+05:30 TRACE 16888 --- [learn-spring-boot] [           main] o.s.b.f.s.DefaultListableBeanFactory     : Returning cached instance of singleton bean 'dispatcherServlet'
2025-04-01T15:16:28.246+05:30 TRACE 16888 --- [learn-spring-boot] [           main] o.s.b.f.s.DefaultListableBeanFactory     : Returning cached instance of singleton bean 'spring.mvc-org.springframework.boot.autoconfigure.web.servlet.WebMvcProperties'
2025-04-01T15:16:28.246+05:30 TRACE 16888 --- [learn-spring-boot] [           main] o.s.b.f.s.DefaultListableBeanFactory     : Returning cached instance of singleton bean 'org.springframework.boot.autoconfigure.web.servlet.DispatcherServletAutoConfiguration$DispatcherServletRegistrationConfiguration'
2025-04-01T15:16:28.246+05:30 TRACE 16888 --- [learn-spring-boot] [           main] o.s.b.f.s.DefaultListableBeanFactory     : Returning cached instance of singleton bean 'dispatcherServletRegistration'
2025-04-01T15:16:28.246+05:30 TRACE 16888 --- [learn-spring-boot] [           main] o.s.b.f.s.DefaultListableBeanFactory     : Returning cached instance of singleton bean 'org.springframework.boot.autoconfigure.web.servlet.DispatcherServletAutoConfiguration'
2025-04-01T15:16:28.246+05:30 TRACE 16888 --- [learn-spring-boot] [           main] o.s.b.f.s.DefaultListableBeanFactory     : Returning cached instance of singleton bean 'org.springframework.boot.autoconfigure.task.TaskExecutorConfigurations$ThreadPoolTaskExecutorBuilderConfiguration'
2025-04-01T15:16:28.247+05:30 TRACE 16888 --- [learn-spring-boot] [           main] o.s.b.f.s.DefaultListableBeanFactory     : Returning cached instance of singleton bean 'threadPoolTaskExecutorBuilder'
2025-04-01T15:16:28.247+05:30 TRACE 16888 --- [learn-spring-boot] [           main] o.s.b.f.s.DefaultListableBeanFactory     : Returning cached instance of singleton bean 'org.springframework.boot.autoconfigure.task.TaskExecutorConfigurations$SimpleAsyncTaskExecutorBuilderConfiguration'
2025-04-01T15:16:28.247+05:30 TRACE 16888 --- [learn-spring-boot] [           main] o.s.b.f.s.DefaultListableBeanFactory     : Returning cached instance of singleton bean 'simpleAsyncTaskExecutorBuilder'
2025-04-01T15:16:28.247+05:30 TRACE 16888 --- [learn-spring-boot] [           main] o.s.b.f.s.DefaultListableBeanFactory     : Returning cached instance of singleton bean 'org.springframework.boot.autoconfigure.task.TaskExecutorConfigurations$TaskExecutorConfiguration'
2025-04-01T15:16:28.247+05:30 TRACE 16888 --- [learn-spring-boot] [           main] o.s.b.f.s.DefaultListableBeanFactory     : Returning cached instance of singleton bean 'applicationTaskExecutor'
2025-04-01T15:16:28.247+05:30 TRACE 16888 --- [learn-spring-boot] [           main] o.s.b.f.s.DefaultListableBeanFactory     : Returning cached instance of singleton bean 'org.springframework.boot.autoconfigure.task.TaskExecutionAutoConfiguration'
2025-04-01T15:16:28.247+05:30 TRACE 16888 --- [learn-spring-boot] [           main] o.s.b.f.s.DefaultListableBeanFactory     : Returning cached instance of singleton bean 'spring.task.execution-org.springframework.boot.autoconfigure.task.TaskExecutionProperties'
2025-04-01T15:16:28.247+05:30 TRACE 16888 --- [learn-spring-boot] [           main] o.s.b.f.s.DefaultListableBeanFactory     : Returning cached instance of singleton bean 'org.springframework.boot.autoconfigure.web.servlet.error.ErrorMvcAutoConfiguration$WhitelabelErrorViewConfiguration'
2025-04-01T15:16:28.247+05:30 TRACE 16888 --- [learn-spring-boot] [           main] o.s.b.f.s.DefaultListableBeanFactory     : Returning cached instance of singleton bean 'error'
2025-04-01T15:16:28.247+05:30 TRACE 16888 --- [learn-spring-boot] [           main] o.s.b.f.s.DefaultListableBeanFactory     : Returning cached instance of singleton bean 'beanNameViewResolver'
2025-04-01T15:16:28.247+05:30 TRACE 16888 --- [learn-spring-boot] [           main] o.s.b.f.s.DefaultListableBeanFactory     : Returning cached instance of singleton bean 'org.springframework.boot.autoconfigure.web.servlet.error.ErrorMvcAutoConfiguration$DefaultErrorViewResolverConfiguration'
2025-04-01T15:16:28.247+05:30 TRACE 16888 --- [learn-spring-boot] [           main] o.s.b.f.s.DefaultListableBeanFactory     : Returning cached instance of singleton bean 'conventionErrorViewResolver'
2025-04-01T15:16:28.247+05:30 TRACE 16888 --- [learn-spring-boot] [           main] o.s.b.f.s.DefaultListableBeanFactory     : Returning cached instance of singleton bean 'spring.web-org.springframework.boot.autoconfigure.web.WebProperties'
2025-04-01T15:16:28.247+05:30 TRACE 16888 --- [learn-spring-boot] [           main] o.s.b.f.s.DefaultListableBeanFactory     : Returning cached instance of singleton bean 'org.springframework.boot.autoconfigure.web.servlet.error.ErrorMvcAutoConfiguration'
2025-04-01T15:16:28.247+05:30 TRACE 16888 --- [learn-spring-boot] [           main] o.s.b.f.s.DefaultListableBeanFactory     : Returning cached instance of singleton bean 'errorAttributes'
2025-04-01T15:16:28.247+05:30 TRACE 16888 --- [learn-spring-boot] [           main] o.s.b.f.s.DefaultListableBeanFactory     : Returning cached instance of singleton bean 'basicErrorController'
2025-04-01T15:16:28.247+05:30 TRACE 16888 --- [learn-spring-boot] [           main] o.s.b.f.s.DefaultListableBeanFactory     : Returning cached instance of singleton bean 'errorPageCustomizer'
2025-04-01T15:16:28.247+05:30 TRACE 16888 --- [learn-spring-boot] [           main] o.s.b.f.s.DefaultListableBeanFactory     : Returning cached instance of singleton bean 'preserveErrorControllerTargetClassPostProcessor'
2025-04-01T15:16:28.247+05:30 TRACE 16888 --- [learn-spring-boot] [           main] o.s.b.f.s.DefaultListableBeanFactory     : Returning cached instance of singleton bean 'org.springframework.boot.autoconfigure.web.servlet.WebMvcAutoConfiguration$EnableWebMvcConfiguration'
2025-04-01T15:16:28.247+05:30 TRACE 16888 --- [learn-spring-boot] [           main] o.s.b.f.s.DefaultListableBeanFactory     : Returning cached instance of singleton bean 'welcomePageHandlerMapping'
2025-04-01T15:16:28.247+05:30 TRACE 16888 --- [learn-spring-boot] [           main] o.s.b.f.s.DefaultListableBeanFactory     : Returning cached instance of singleton bean 'welcomePageNotAcceptableHandlerMapping'
2025-04-01T15:16:28.247+05:30 TRACE 16888 --- [learn-spring-boot] [           main] o.s.b.f.s.DefaultListableBeanFactory     : Returning cached instance of singleton bean 'localeResolver'
2025-04-01T15:16:28.247+05:30 TRACE 16888 --- [learn-spring-boot] [           main] o.s.b.f.s.DefaultListableBeanFactory     : Returning cached instance of singleton bean 'themeResolver'
2025-04-01T15:16:28.247+05:30 TRACE 16888 --- [learn-spring-boot] [           main] o.s.b.f.s.DefaultListableBeanFactory     : Returning cached instance of singleton bean 'flashMapManager'
2025-04-01T15:16:28.247+05:30 TRACE 16888 --- [learn-spring-boot] [           main] o.s.b.f.s.DefaultListableBeanFactory     : Returning cached instance of singleton bean 'viewNameTranslator'
2025-04-01T15:16:28.247+05:30 TRACE 16888 --- [learn-spring-boot] [           main] o.s.b.f.s.DefaultListableBeanFactory     : Returning cached instance of singleton bean 'mvcConversionService'
2025-04-01T15:16:28.247+05:30 TRACE 16888 --- [learn-spring-boot] [           main] o.s.b.f.s.DefaultListableBeanFactory     : Returning cached instance of singleton bean 'mvcValidator'
2025-04-01T15:16:28.247+05:30 TRACE 16888 --- [learn-spring-boot] [           main] o.s.b.f.s.DefaultListableBeanFactory     : Returning cached instance of singleton bean 'mvcContentNegotiationManager'
2025-04-01T15:16:28.247+05:30 TRACE 16888 --- [learn-spring-boot] [           main] o.s.b.f.s.DefaultListableBeanFactory     : Returning cached instance of singleton bean 'requestMappingHandlerMapping'
2025-04-01T15:16:28.247+05:30 TRACE 16888 --- [learn-spring-boot] [           main] o.s.b.f.s.DefaultListableBeanFactory     : Returning cached instance of singleton bean 'mvcPatternParser'
2025-04-01T15:16:28.247+05:30 TRACE 16888 --- [learn-spring-boot] [           main] o.s.b.f.s.DefaultListableBeanFactory     : Returning cached instance of singleton bean 'mvcUrlPathHelper'
2025-04-01T15:16:28.247+05:30 TRACE 16888 --- [learn-spring-boot] [           main] o.s.b.f.s.DefaultListableBeanFactory     : Returning cached instance of singleton bean 'mvcPathMatcher'
2025-04-01T15:16:28.247+05:30 TRACE 16888 --- [learn-spring-boot] [           main] o.s.b.f.s.DefaultListableBeanFactory     : Returning cached instance of singleton bean 'viewControllerHandlerMapping'
2025-04-01T15:16:28.247+05:30 TRACE 16888 --- [learn-spring-boot] [           main] o.s.b.f.s.DefaultListableBeanFactory     : Returning cached instance of singleton bean 'beanNameHandlerMapping'
2025-04-01T15:16:28.247+05:30 TRACE 16888 --- [learn-spring-boot] [           main] o.s.b.f.s.DefaultListableBeanFactory     : Returning cached instance of singleton bean 'routerFunctionMapping'
2025-04-01T15:16:28.247+05:30 TRACE 16888 --- [learn-spring-boot] [           main] o.s.b.f.s.DefaultListableBeanFactory     : Returning cached instance of singleton bean 'resourceHandlerMapping'
2025-04-01T15:16:28.247+05:30 TRACE 16888 --- [learn-spring-boot] [           main] o.s.b.f.s.DefaultListableBeanFactory     : Returning cached instance of singleton bean 'mvcResourceUrlProvider'
2025-04-01T15:16:28.247+05:30 TRACE 16888 --- [learn-spring-boot] [           main] o.s.b.f.s.DefaultListableBeanFactory     : Returning cached instance of singleton bean 'defaultServletHandlerMapping'
2025-04-01T15:16:28.247+05:30 TRACE 16888 --- [learn-spring-boot] [           main] o.s.b.f.s.DefaultListableBeanFactory     : Returning cached instance of singleton bean 'requestMappingHandlerAdapter'
2025-04-01T15:16:28.247+05:30 TRACE 16888 --- [learn-spring-boot] [           main] o.s.b.f.s.DefaultListableBeanFactory     : Returning cached instance of singleton bean 'handlerFunctionAdapter'
2025-04-01T15:16:28.247+05:30 TRACE 16888 --- [learn-spring-boot] [           main] o.s.b.f.s.DefaultListableBeanFactory     : Returning cached instance of singleton bean 'mvcUriComponentsContributor'
2025-04-01T15:16:28.247+05:30 TRACE 16888 --- [learn-spring-boot] [           main] o.s.b.f.s.DefaultListableBeanFactory     : Returning cached instance of singleton bean 'httpRequestHandlerAdapter'
2025-04-01T15:16:28.247+05:30 TRACE 16888 --- [learn-spring-boot] [           main] o.s.b.f.s.DefaultListableBeanFactory     : Returning cached instance of singleton bean 'simpleControllerHandlerAdapter'
2025-04-01T15:16:28.247+05:30 TRACE 16888 --- [learn-spring-boot] [           main] o.s.b.f.s.DefaultListableBeanFactory     : Returning cached instance of singleton bean 'handlerExceptionResolver'
2025-04-01T15:16:28.247+05:30 TRACE 16888 --- [learn-spring-boot] [           main] o.s.b.f.s.DefaultListableBeanFactory     : Returning cached instance of singleton bean 'mvcViewResolver'
2025-04-01T15:16:28.247+05:30 TRACE 16888 --- [learn-spring-boot] [           main] o.s.b.f.s.DefaultListableBeanFactory     : Returning cached instance of singleton bean 'org.springframework.boot.autoconfigure.web.servlet.WebMvcAutoConfiguration$WebMvcAutoConfigurationAdapter'
2025-04-01T15:16:28.247+05:30 TRACE 16888 --- [learn-spring-boot] [           main] o.s.b.f.s.DefaultListableBeanFactory     : Returning cached instance of singleton bean 'defaultViewResolver'
2025-04-01T15:16:28.247+05:30 TRACE 16888 --- [learn-spring-boot] [           main] o.s.b.f.s.DefaultListableBeanFactory     : Returning cached instance of singleton bean 'viewResolver'
2025-04-01T15:16:28.247+05:30 TRACE 16888 --- [learn-spring-boot] [           main] o.s.b.f.s.DefaultListableBeanFactory     : Returning cached instance of singleton bean 'requestContextFilter'
2025-04-01T15:16:28.248+05:30 TRACE 16888 --- [learn-spring-boot] [           main] o.s.b.f.s.DefaultListableBeanFactory     : Returning cached instance of singleton bean 'org.springframework.boot.autoconfigure.web.servlet.WebMvcAutoConfiguration'
2025-04-01T15:16:28.248+05:30 TRACE 16888 --- [learn-spring-boot] [           main] o.s.b.f.s.DefaultListableBeanFactory     : Returning cached instance of singleton bean 'formContentFilter'
2025-04-01T15:16:28.248+05:30 TRACE 16888 --- [learn-spring-boot] [           main] o.s.b.f.s.DefaultListableBeanFactory     : Returning cached instance of singleton bean 'org.springframework.boot.autoconfigure.availability.ApplicationAvailabilityAutoConfiguration'
2025-04-01T15:16:28.248+05:30 TRACE 16888 --- [learn-spring-boot] [           main] o.s.b.f.s.DefaultListableBeanFactory     : Returning cached instance of singleton bean 'applicationAvailability'
2025-04-01T15:16:28.248+05:30 TRACE 16888 --- [learn-spring-boot] [           main] o.s.b.f.s.DefaultListableBeanFactory     : Returning cached instance of singleton bean 'org.springframework.boot.actuate.autoconfigure.availability.AvailabilityHealthContributorAutoConfiguration'
2025-04-01T15:16:28.248+05:30 TRACE 16888 --- [learn-spring-boot] [           main] o.s.b.f.s.DefaultListableBeanFactory     : Returning cached instance of singleton bean 'org.springframework.boot.autoconfigure.jackson.JacksonAutoConfiguration$Jackson2ObjectMapperBuilderCustomizerConfiguration'
2025-04-01T15:16:28.248+05:30 TRACE 16888 --- [learn-spring-boot] [           main] o.s.b.f.s.DefaultListableBeanFactory     : Returning cached instance of singleton bean 'standardJacksonObjectMapperBuilderCustomizer'
2025-04-01T15:16:28.248+05:30 TRACE 16888 --- [learn-spring-boot] [           main] o.s.b.f.s.DefaultListableBeanFactory     : Returning cached instance of singleton bean 'spring.jackson-org.springframework.boot.autoconfigure.jackson.JacksonProperties'
2025-04-01T15:16:28.248+05:30 TRACE 16888 --- [learn-spring-boot] [           main] o.s.b.f.s.DefaultListableBeanFactory     : Returning cached instance of singleton bean 'org.springframework.boot.autoconfigure.jackson.JacksonAutoConfiguration$JacksonObjectMapperBuilderConfiguration'
2025-04-01T15:16:28.248+05:30 TRACE 16888 --- [learn-spring-boot] [           main] o.s.b.f.s.DefaultListableBeanFactory     : Returning cached instance of singleton bean 'org.springframework.boot.autoconfigure.jackson.JacksonAutoConfiguration$ParameterNamesModuleConfiguration'
2025-04-01T15:16:28.248+05:30 TRACE 16888 --- [learn-spring-boot] [           main] o.s.b.f.s.DefaultListableBeanFactory     : Returning cached instance of singleton bean 'parameterNamesModule'
2025-04-01T15:16:28.248+05:30 TRACE 16888 --- [learn-spring-boot] [           main] o.s.b.f.s.DefaultListableBeanFactory     : Returning cached instance of singleton bean 'org.springframework.boot.autoconfigure.jackson.JacksonAutoConfiguration$JacksonObjectMapperConfiguration'
2025-04-01T15:16:28.248+05:30 TRACE 16888 --- [learn-spring-boot] [           main] o.s.b.f.s.DefaultListableBeanFactory     : Returning cached instance of singleton bean 'jacksonObjectMapper'
2025-04-01T15:16:28.248+05:30 TRACE 16888 --- [learn-spring-boot] [           main] o.s.b.f.s.DefaultListableBeanFactory     : Returning cached instance of singleton bean 'org.springframework.boot.autoconfigure.jackson.JacksonAutoConfiguration$JacksonMixinConfiguration'
2025-04-01T15:16:28.248+05:30 TRACE 16888 --- [learn-spring-boot] [           main] o.s.b.f.s.DefaultListableBeanFactory     : Returning cached instance of singleton bean 'jsonMixinModuleEntries'
2025-04-01T15:16:28.248+05:30 TRACE 16888 --- [learn-spring-boot] [           main] o.s.b.f.s.DefaultListableBeanFactory     : Returning cached instance of singleton bean 'jsonMixinModule'
2025-04-01T15:16:28.248+05:30 TRACE 16888 --- [learn-spring-boot] [           main] o.s.b.f.s.DefaultListableBeanFactory     : Returning cached instance of singleton bean 'org.springframework.boot.autoconfigure.jackson.JacksonAutoConfiguration'
2025-04-01T15:16:28.248+05:30 TRACE 16888 --- [learn-spring-boot] [           main] o.s.b.f.s.DefaultListableBeanFactory     : Returning cached instance of singleton bean 'jsonComponentModule'
2025-04-01T15:16:28.248+05:30 TRACE 16888 --- [learn-spring-boot] [           main] o.s.b.f.s.DefaultListableBeanFactory     : Returning cached instance of singleton bean 'org.springframework.boot.actuate.autoconfigure.health.HealthEndpointConfiguration'
2025-04-01T15:16:28.248+05:30 TRACE 16888 --- [learn-spring-boot] [           main] o.s.b.f.s.DefaultListableBeanFactory     : Returning cached instance of singleton bean 'healthStatusAggregator'
2025-04-01T15:16:28.248+05:30 TRACE 16888 --- [learn-spring-boot] [           main] o.s.b.f.s.DefaultListableBeanFactory     : Returning cached instance of singleton bean 'healthHttpCodeStatusMapper'
2025-04-01T15:16:28.249+05:30 TRACE 16888 --- [learn-spring-boot] [           main] o.s.b.f.s.DefaultListableBeanFactory     : Returning cached instance of singleton bean 'healthEndpointGroups'
2025-04-01T15:16:28.249+05:30 TRACE 16888 --- [learn-spring-boot] [           main] o.s.b.f.s.DefaultListableBeanFactory     : Returning cached instance of singleton bean 'healthContributorRegistry'
2025-04-01T15:16:28.249+05:30 TRACE 16888 --- [learn-spring-boot] [           main] o.s.b.f.s.DefaultListableBeanFactory     : Returning cached instance of singleton bean 'healthEndpointGroupMembershipValidator'
2025-04-01T15:16:28.249+05:30 TRACE 16888 --- [learn-spring-boot] [           main] o.s.b.f.s.DefaultListableBeanFactory     : Returning cached instance of singleton bean 'healthEndpoint'
2025-04-01T15:16:28.249+05:30 TRACE 16888 --- [learn-spring-boot] [           main] o.s.b.f.s.DefaultListableBeanFactory     : Returning cached instance of singleton bean 'healthEndpointGroupsBeanPostProcessor'
2025-04-01T15:16:28.249+05:30 TRACE 16888 --- [learn-spring-boot] [           main] o.s.b.f.s.DefaultListableBeanFactory     : Returning cached instance of singleton bean 'org.springframework.boot.actuate.autoconfigure.health.HealthEndpointWebExtensionConfiguration$MvcAdditionalHealthEndpointPathsConfiguration'
2025-04-01T15:16:28.249+05:30 TRACE 16888 --- [learn-spring-boot] [           main] o.s.b.f.s.DefaultListableBeanFactory     : Returning cached instance of singleton bean 'healthEndpointWebMvcHandlerMapping'
2025-04-01T15:16:28.249+05:30 TRACE 16888 --- [learn-spring-boot] [           main] o.s.b.f.s.DefaultListableBeanFactory     : Returning cached instance of singleton bean 'org.springframework.boot.actuate.autoconfigure.health.HealthEndpointWebExtensionConfiguration'
2025-04-01T15:16:28.249+05:30 TRACE 16888 --- [learn-spring-boot] [           main] o.s.b.f.s.DefaultListableBeanFactory     : Returning cached instance of singleton bean 'healthEndpointWebExtension'
2025-04-01T15:16:28.249+05:30 TRACE 16888 --- [learn-spring-boot] [           main] o.s.b.f.s.DefaultListableBeanFactory     : Returning cached instance of singleton bean 'org.springframework.boot.actuate.autoconfigure.health.HealthEndpointAutoConfiguration'
2025-04-01T15:16:28.249+05:30 TRACE 16888 --- [learn-spring-boot] [           main] o.s.b.f.s.DefaultListableBeanFactory     : Returning cached instance of singleton bean 'management.endpoint.health-org.springframework.boot.actuate.autoconfigure.health.HealthEndpointProperties'
2025-04-01T15:16:28.249+05:30 TRACE 16888 --- [learn-spring-boot] [           main] o.s.b.f.s.DefaultListableBeanFactory     : Returning cached instance of singleton bean 'org.springframework.boot.autoconfigure.info.ProjectInfoAutoConfiguration'
2025-04-01T15:16:28.249+05:30 TRACE 16888 --- [learn-spring-boot] [           main] o.s.b.f.s.DefaultListableBeanFactory     : Returning cached instance of singleton bean 'spring.info-org.springframework.boot.autoconfigure.info.ProjectInfoProperties'
2025-04-01T15:16:28.249+05:30 TRACE 16888 --- [learn-spring-boot] [           main] o.s.b.f.s.DefaultListableBeanFactory     : Returning cached instance of singleton bean 'org.springframework.boot.actuate.autoconfigure.info.InfoContributorAutoConfiguration'
2025-04-01T15:16:28.249+05:30 TRACE 16888 --- [learn-spring-boot] [           main] o.s.b.f.s.DefaultListableBeanFactory     : Returning cached instance of singleton bean 'management.health.ssl-org.springframework.boot.actuate.autoconfigure.ssl.SslHealthIndicatorProperties'
2025-04-01T15:16:28.249+05:30 TRACE 16888 --- [learn-spring-boot] [           main] o.s.b.f.s.DefaultListableBeanFactory     : Returning cached instance of singleton bean 'management.info-org.springframework.boot.actuate.autoconfigure.info.InfoContributorProperties'
2025-04-01T15:16:28.249+05:30 TRACE 16888 --- [learn-spring-boot] [           main] o.s.b.f.s.DefaultListableBeanFactory     : Returning cached instance of singleton bean 'org.springframework.boot.actuate.autoconfigure.web.servlet.ServletManagementContextAutoConfiguration'
2025-04-01T15:16:28.249+05:30 TRACE 16888 --- [learn-spring-boot] [           main] o.s.b.f.s.DefaultListableBeanFactory     : Returning cached instance of singleton bean 'servletWebChildContextFactory'
2025-04-01T15:16:28.249+05:30 TRACE 16888 --- [learn-spring-boot] [           main] o.s.b.f.s.DefaultListableBeanFactory     : Returning cached instance of singleton bean 'managementServletContext'
2025-04-01T15:16:28.249+05:30 TRACE 16888 --- [learn-spring-boot] [           main] o.s.b.f.s.DefaultListableBeanFactory     : Returning cached instance of singleton bean 'org.springframework.boot.actuate.autoconfigure.endpoint.EndpointAutoConfiguration'
2025-04-01T15:16:28.249+05:30 TRACE 16888 --- [learn-spring-boot] [           main] o.s.b.f.s.DefaultListableBeanFactory     : Returning cached instance of singleton bean 'endpointOperationParameterMapper'
2025-04-01T15:16:28.249+05:30 TRACE 16888 --- [learn-spring-boot] [           main] o.s.b.f.s.DefaultListableBeanFactory     : Returning cached instance of singleton bean 'endpointCachingOperationInvokerAdvisor'
2025-04-01T15:16:28.249+05:30 TRACE 16888 --- [learn-spring-boot] [           main] o.s.b.f.s.DefaultListableBeanFactory     : Returning cached instance of singleton bean 'propertiesEndpointAccessResolver'
2025-04-01T15:16:28.249+05:30 TRACE 16888 --- [learn-spring-boot] [           main] o.s.b.f.s.DefaultListableBeanFactory     : Returning cached instance of singleton bean 'org.springframework.boot.actuate.autoconfigure.endpoint.jackson.JacksonEndpointAutoConfiguration'
2025-04-01T15:16:28.249+05:30 TRACE 16888 --- [learn-spring-boot] [           main] o.s.b.f.s.DefaultListableBeanFactory     : Returning cached instance of singleton bean 'endpointObjectMapper'
2025-04-01T15:16:28.249+05:30 TRACE 16888 --- [learn-spring-boot] [           main] o.s.b.f.s.DefaultListableBeanFactory     : Returning cached instance of singleton bean 'org.springframework.boot.actuate.autoconfigure.endpoint.web.WebEndpointAutoConfiguration$WebEndpointServletConfiguration'
2025-04-01T15:16:28.249+05:30 TRACE 16888 --- [learn-spring-boot] [           main] o.s.b.f.s.DefaultListableBeanFactory     : Returning cached instance of singleton bean 'servletEndpointDiscoverer'
2025-04-01T15:16:28.249+05:30 TRACE 16888 --- [learn-spring-boot] [           main] o.s.b.f.s.DefaultListableBeanFactory     : Returning cached instance of singleton bean 'org.springframework.boot.actuate.autoconfigure.endpoint.web.WebEndpointAutoConfiguration'
2025-04-01T15:16:28.249+05:30 TRACE 16888 --- [learn-spring-boot] [           main] o.s.b.f.s.DefaultListableBeanFactory     : Returning cached instance of singleton bean 'webEndpointPathMapper'
2025-04-01T15:16:28.249+05:30 TRACE 16888 --- [learn-spring-boot] [           main] o.s.b.f.s.DefaultListableBeanFactory     : Returning cached instance of singleton bean 'endpointMediaTypes'
2025-04-01T15:16:28.249+05:30 TRACE 16888 --- [learn-spring-boot] [           main] o.s.b.f.s.DefaultListableBeanFactory     : Returning cached instance of singleton bean 'webEndpointDiscoverer'
2025-04-01T15:16:28.249+05:30 TRACE 16888 --- [learn-spring-boot] [           main] o.s.b.f.s.DefaultListableBeanFactory     : Returning cached instance of singleton bean 'controllerEndpointDiscoverer'
2025-04-01T15:16:28.249+05:30 TRACE 16888 --- [learn-spring-boot] [           main] o.s.b.f.s.DefaultListableBeanFactory     : Returning cached instance of singleton bean 'pathMappedEndpoints'
2025-04-01T15:16:28.249+05:30 TRACE 16888 --- [learn-spring-boot] [           main] o.s.b.f.s.DefaultListableBeanFactory     : Returning cached instance of singleton bean 'webExposeExcludePropertyEndpointFilter'
2025-04-01T15:16:28.249+05:30 TRACE 16888 --- [learn-spring-boot] [           main] o.s.b.f.s.DefaultListableBeanFactory     : Returning cached instance of singleton bean 'controllerExposeExcludePropertyEndpointFilter'
2025-04-01T15:16:28.249+05:30 TRACE 16888 --- [learn-spring-boot] [           main] o.s.b.f.s.DefaultListableBeanFactory     : Returning cached instance of singleton bean 'webAccessPropertiesOperationFilter'
2025-04-01T15:16:28.249+05:30 TRACE 16888 --- [learn-spring-boot] [           main] o.s.b.f.s.DefaultListableBeanFactory     : Returning cached instance of singleton bean 'management.endpoints.web-org.springframework.boot.actuate.autoconfigure.endpoint.web.WebEndpointProperties'
2025-04-01T15:16:28.249+05:30 TRACE 16888 --- [learn-spring-boot] [           main] o.s.b.f.s.DefaultListableBeanFactory     : Returning cached instance of singleton bean 'org.springframework.boot.actuate.autoconfigure.ssl.SslHealthContributorAutoConfiguration'
2025-04-01T15:16:28.249+05:30 TRACE 16888 --- [learn-spring-boot] [           main] o.s.b.f.s.DefaultListableBeanFactory     : Returning cached instance of singleton bean 'sslHealthIndicator'
2025-04-01T15:16:28.249+05:30 TRACE 16888 --- [learn-spring-boot] [           main] o.s.b.f.s.DefaultListableBeanFactory     : Returning cached instance of singleton bean 'sslInfo'
2025-04-01T15:16:28.249+05:30 TRACE 16888 --- [learn-spring-boot] [           main] o.s.b.f.s.DefaultListableBeanFactory     : Returning cached instance of singleton bean 'org.springframework.boot.actuate.autoconfigure.system.DiskSpaceHealthContributorAutoConfiguration'
2025-04-01T15:16:28.249+05:30 TRACE 16888 --- [learn-spring-boot] [           main] o.s.b.f.s.DefaultListableBeanFactory     : Returning cached instance of singleton bean 'diskSpaceHealthIndicator'
2025-04-01T15:16:28.249+05:30 TRACE 16888 --- [learn-spring-boot] [           main] o.s.b.f.s.DefaultListableBeanFactory     : Returning cached instance of singleton bean 'management.health.diskspace-org.springframework.boot.actuate.autoconfigure.system.DiskSpaceHealthIndicatorProperties'
2025-04-01T15:16:28.250+05:30 TRACE 16888 --- [learn-spring-boot] [           main] o.s.b.f.s.DefaultListableBeanFactory     : Returning cached instance of singleton bean 'org.springframework.boot.actuate.autoconfigure.health.HealthContributorAutoConfiguration'
2025-04-01T15:16:28.250+05:30 TRACE 16888 --- [learn-spring-boot] [           main] o.s.b.f.s.DefaultListableBeanFactory     : Returning cached instance of singleton bean 'pingHealthContributor'
2025-04-01T15:16:28.250+05:30 TRACE 16888 --- [learn-spring-boot] [           main] o.s.b.f.s.DefaultListableBeanFactory     : Returning cached instance of singleton bean 'org.springframework.boot.actuate.autoconfigure.metrics.MetricsAutoConfiguration'
2025-04-01T15:16:28.250+05:30 TRACE 16888 --- [learn-spring-boot] [           main] o.s.b.f.s.DefaultListableBeanFactory     : Returning cached instance of singleton bean 'micrometerClock'
2025-04-01T15:16:28.250+05:30 TRACE 16888 --- [learn-spring-boot] [           main] o.s.b.f.s.DefaultListableBeanFactory     : Returning cached instance of singleton bean 'meterRegistryPostProcessor'
2025-04-01T15:16:28.250+05:30 TRACE 16888 --- [learn-spring-boot] [           main] o.s.b.f.s.DefaultListableBeanFactory     : Returning cached instance of singleton bean 'propertiesMeterFilter'
2025-04-01T15:16:28.250+05:30 TRACE 16888 --- [learn-spring-boot] [           main] o.s.b.f.s.DefaultListableBeanFactory     : Returning cached instance of singleton bean 'meterRegistryCloser'
2025-04-01T15:16:28.250+05:30 TRACE 16888 --- [learn-spring-boot] [           main] o.s.b.f.s.DefaultListableBeanFactory     : Returning cached instance of singleton bean 'management.metrics-org.springframework.boot.actuate.autoconfigure.metrics.MetricsProperties'
2025-04-01T15:16:28.250+05:30 TRACE 16888 --- [learn-spring-boot] [           main] o.s.b.f.s.DefaultListableBeanFactory     : Returning cached instance of singleton bean 'org.springframework.boot.actuate.autoconfigure.metrics.export.simple.SimpleMetricsExportAutoConfiguration'
2025-04-01T15:16:28.250+05:30 TRACE 16888 --- [learn-spring-boot] [           main] o.s.b.f.s.DefaultListableBeanFactory     : Returning cached instance of singleton bean 'simpleMeterRegistry'
2025-04-01T15:16:28.250+05:30 TRACE 16888 --- [learn-spring-boot] [           main] o.s.b.f.s.DefaultListableBeanFactory     : Returning cached instance of singleton bean 'simpleConfig'
2025-04-01T15:16:28.250+05:30 TRACE 16888 --- [learn-spring-boot] [           main] o.s.b.f.s.DefaultListableBeanFactory     : Returning cached instance of singleton bean 'management.simple.metrics.export-org.springframework.boot.actuate.autoconfigure.metrics.export.simple.SimpleProperties'
2025-04-01T15:16:28.250+05:30 TRACE 16888 --- [learn-spring-boot] [           main] o.s.b.f.s.DefaultListableBeanFactory     : Returning cached instance of singleton bean 'org.springframework.boot.actuate.autoconfigure.metrics.CompositeMeterRegistryAutoConfiguration'
2025-04-01T15:16:28.250+05:30 TRACE 16888 --- [learn-spring-boot] [           main] o.s.b.f.s.DefaultListableBeanFactory     : Returning cached instance of singleton bean 'org.springframework.boot.actuate.autoconfigure.metrics.JvmMetricsAutoConfiguration'
2025-04-01T15:16:28.250+05:30 TRACE 16888 --- [learn-spring-boot] [           main] o.s.b.f.s.DefaultListableBeanFactory     : Returning cached instance of singleton bean 'jvmGcMetrics'
2025-04-01T15:16:28.250+05:30 TRACE 16888 --- [learn-spring-boot] [           main] o.s.b.f.s.DefaultListableBeanFactory     : Returning cached instance of singleton bean 'jvmHeapPressureMetrics'
2025-04-01T15:16:28.250+05:30 TRACE 16888 --- [learn-spring-boot] [           main] o.s.b.f.s.DefaultListableBeanFactory     : Returning cached instance of singleton bean 'jvmMemoryMetrics'
2025-04-01T15:16:28.250+05:30 TRACE 16888 --- [learn-spring-boot] [           main] o.s.b.f.s.DefaultListableBeanFactory     : Returning cached instance of singleton bean 'jvmThreadMetrics'
2025-04-01T15:16:28.250+05:30 TRACE 16888 --- [learn-spring-boot] [           main] o.s.b.f.s.DefaultListableBeanFactory     : Returning cached instance of singleton bean 'classLoaderMetrics'
2025-04-01T15:16:28.250+05:30 TRACE 16888 --- [learn-spring-boot] [           main] o.s.b.f.s.DefaultListableBeanFactory     : Returning cached instance of singleton bean 'jvmInfoMetrics'
2025-04-01T15:16:28.250+05:30 TRACE 16888 --- [learn-spring-boot] [           main] o.s.b.f.s.DefaultListableBeanFactory     : Returning cached instance of singleton bean 'jvmCompilationMetrics'
2025-04-01T15:16:28.250+05:30 TRACE 16888 --- [learn-spring-boot] [           main] o.s.b.f.s.DefaultListableBeanFactory     : Returning cached instance of singleton bean 'org.springframework.boot.actuate.autoconfigure.metrics.LogbackMetricsAutoConfiguration'
2025-04-01T15:16:28.250+05:30 TRACE 16888 --- [learn-spring-boot] [           main] o.s.b.f.s.DefaultListableBeanFactory     : Returning cached instance of singleton bean 'logbackMetrics'
2025-04-01T15:16:28.250+05:30 TRACE 16888 --- [learn-spring-boot] [           main] o.s.b.f.s.DefaultListableBeanFactory     : Returning cached instance of singleton bean 'org.springframework.boot.actuate.autoconfigure.metrics.SystemMetricsAutoConfiguration'
2025-04-01T15:16:28.250+05:30 TRACE 16888 --- [learn-spring-boot] [           main] o.s.b.f.s.DefaultListableBeanFactory     : Returning cached instance of singleton bean 'uptimeMetrics'
2025-04-01T15:16:28.250+05:30 TRACE 16888 --- [learn-spring-boot] [           main] o.s.b.f.s.DefaultListableBeanFactory     : Returning cached instance of singleton bean 'processorMetrics'
2025-04-01T15:16:28.250+05:30 TRACE 16888 --- [learn-spring-boot] [           main] o.s.b.f.s.DefaultListableBeanFactory     : Returning cached instance of singleton bean 'fileDescriptorMetrics'
2025-04-01T15:16:28.250+05:30 TRACE 16888 --- [learn-spring-boot] [           main] o.s.b.f.s.DefaultListableBeanFactory     : Returning cached instance of singleton bean 'diskSpaceMetrics'
2025-04-01T15:16:28.250+05:30 TRACE 16888 --- [learn-spring-boot] [           main] o.s.b.f.s.DefaultListableBeanFactory     : Returning cached instance of singleton bean 'org.springframework.boot.actuate.autoconfigure.metrics.integration.IntegrationMetricsAutoConfiguration'
2025-04-01T15:16:28.250+05:30 TRACE 16888 --- [learn-spring-boot] [           main] o.s.b.f.s.DefaultListableBeanFactory     : Returning cached instance of singleton bean 'org.springframework.boot.actuate.autoconfigure.metrics.startup.StartupTimeMetricsListenerAutoConfiguration'
2025-04-01T15:16:28.250+05:30 TRACE 16888 --- [learn-spring-boot] [           main] o.s.b.f.s.DefaultListableBeanFactory     : Returning cached instance of singleton bean 'startupTimeMetrics'
2025-04-01T15:16:28.250+05:30 TRACE 16888 --- [learn-spring-boot] [           main] o.s.b.f.s.DefaultListableBeanFactory     : Returning cached instance of singleton bean 'org.springframework.boot.autoconfigure.task.TaskSchedulingConfigurations$ThreadPoolTaskSchedulerBuilderConfiguration'
2025-04-01T15:16:28.250+05:30 TRACE 16888 --- [learn-spring-boot] [           main] o.s.b.f.s.DefaultListableBeanFactory     : Returning cached instance of singleton bean 'threadPoolTaskSchedulerBuilder'
2025-04-01T15:16:28.250+05:30 TRACE 16888 --- [learn-spring-boot] [           main] o.s.b.f.s.DefaultListableBeanFactory     : Returning cached instance of singleton bean 'org.springframework.boot.autoconfigure.task.TaskSchedulingConfigurations$SimpleAsyncTaskSchedulerBuilderConfiguration'
2025-04-01T15:16:28.250+05:30 TRACE 16888 --- [learn-spring-boot] [           main] o.s.b.f.s.DefaultListableBeanFactory     : Returning cached instance of singleton bean 'simpleAsyncTaskSchedulerBuilder'
2025-04-01T15:16:28.250+05:30 TRACE 16888 --- [learn-spring-boot] [           main] o.s.b.f.s.DefaultListableBeanFactory     : Returning cached instance of singleton bean 'org.springframework.boot.autoconfigure.task.TaskSchedulingAutoConfiguration'
2025-04-01T15:16:28.250+05:30 TRACE 16888 --- [learn-spring-boot] [           main] o.s.b.f.s.DefaultListableBeanFactory     : Returning cached instance of singleton bean 'spring.task.scheduling-org.springframework.boot.autoconfigure.task.TaskSchedulingProperties'
2025-04-01T15:16:28.250+05:30 TRACE 16888 --- [learn-spring-boot] [           main] o.s.b.f.s.DefaultListableBeanFactory     : Returning cached instance of singleton bean 'org.springframework.boot.actuate.autoconfigure.metrics.task.TaskExecutorMetricsAutoConfiguration'
2025-04-01T15:16:28.250+05:30 TRACE 16888 --- [learn-spring-boot] [           main] o.s.b.f.s.DefaultListableBeanFactory     : Returning cached instance of singleton bean 'eagerTaskExecutorMetrics'
2025-04-01T15:16:28.250+05:30 TRACE 16888 --- [learn-spring-boot] [           main] o.s.b.f.s.DefaultListableBeanFactory     : Returning cached instance of singleton bean 'org.springframework.boot.actuate.autoconfigure.metrics.web.tomcat.TomcatMetricsAutoConfiguration'
2025-04-01T15:16:28.250+05:30 TRACE 16888 --- [learn-spring-boot] [           main] o.s.b.f.s.DefaultListableBeanFactory     : Returning cached instance of singleton bean 'tomcatMetricsBinder'
2025-04-01T15:16:28.250+05:30 TRACE 16888 --- [learn-spring-boot] [           main] o.s.b.f.s.DefaultListableBeanFactory     : Returning cached instance of singleton bean 'org.springframework.boot.actuate.autoconfigure.observation.ObservationAutoConfiguration$MeterObservationHandlerConfiguration$OnlyMetricsMeterObservationHandlerConfiguration'
2025-04-01T15:16:28.250+05:30 TRACE 16888 --- [learn-spring-boot] [           main] o.s.b.f.s.DefaultListableBeanFactory     : Returning cached instance of singleton bean 'defaultMeterObservationHandler'
2025-04-01T15:16:28.250+05:30 TRACE 16888 --- [learn-spring-boot] [           main] o.s.b.f.s.DefaultListableBeanFactory     : Returning cached instance of singleton bean 'org.springframework.boot.actuate.autoconfigure.observation.ObservationAutoConfiguration$MeterObservationHandlerConfiguration'
2025-04-01T15:16:28.250+05:30 TRACE 16888 --- [learn-spring-boot] [           main] o.s.b.f.s.DefaultListableBeanFactory     : Returning cached instance of singleton bean 'org.springframework.boot.actuate.autoconfigure.observation.ObservationAutoConfiguration$OnlyMetricsConfiguration'
2025-04-01T15:16:28.250+05:30 TRACE 16888 --- [learn-spring-boot] [           main] o.s.b.f.s.DefaultListableBeanFactory     : Returning cached instance of singleton bean 'metricsObservationHandlerGrouping'
2025-04-01T15:16:28.250+05:30 TRACE 16888 --- [learn-spring-boot] [           main] o.s.b.f.s.DefaultListableBeanFactory     : Returning cached instance of singleton bean 'org.springframework.boot.actuate.autoconfigure.observation.ObservationAutoConfiguration'
2025-04-01T15:16:28.250+05:30 TRACE 16888 --- [learn-spring-boot] [           main] o.s.b.f.s.DefaultListableBeanFactory     : Returning cached instance of singleton bean 'observationRegistryPostProcessor'
2025-04-01T15:16:28.250+05:30 TRACE 16888 --- [learn-spring-boot] [           main] o.s.b.f.s.DefaultListableBeanFactory     : Returning cached instance of singleton bean 'observationRegistry'
2025-04-01T15:16:28.250+05:30 TRACE 16888 --- [learn-spring-boot] [           main] o.s.b.f.s.DefaultListableBeanFactory     : Returning cached instance of singleton bean 'propertiesObservationFilter'
2025-04-01T15:16:28.250+05:30 TRACE 16888 --- [learn-spring-boot] [           main] o.s.b.f.s.DefaultListableBeanFactory     : Returning cached instance of singleton bean 'management.observations-org.springframework.boot.actuate.autoconfigure.observation.ObservationProperties'
2025-04-01T15:16:28.250+05:30 TRACE 16888 --- [learn-spring-boot] [           main] o.s.b.f.s.DefaultListableBeanFactory     : Returning cached instance of singleton bean 'org.springframework.boot.autoconfigure.http.HttpMessageConvertersAutoConfiguration$StringHttpMessageConverterConfiguration'
2025-04-01T15:16:28.250+05:30 TRACE 16888 --- [learn-spring-boot] [           main] o.s.b.f.s.DefaultListableBeanFactory     : Returning cached instance of singleton bean 'stringHttpMessageConverter'
2025-04-01T15:16:28.250+05:30 TRACE 16888 --- [learn-spring-boot] [           main] o.s.b.f.s.DefaultListableBeanFactory     : Returning cached instance of singleton bean 'org.springframework.boot.autoconfigure.http.JacksonHttpMessageConvertersConfiguration$MappingJackson2HttpMessageConverterConfiguration'
2025-04-01T15:16:28.250+05:30 TRACE 16888 --- [learn-spring-boot] [           main] o.s.b.f.s.DefaultListableBeanFactory     : Returning cached instance of singleton bean 'mappingJackson2HttpMessageConverter'
2025-04-01T15:16:28.250+05:30 TRACE 16888 --- [learn-spring-boot] [           main] o.s.b.f.s.DefaultListableBeanFactory     : Returning cached instance of singleton bean 'org.springframework.boot.autoconfigure.http.JacksonHttpMessageConvertersConfiguration'
2025-04-01T15:16:28.250+05:30 TRACE 16888 --- [learn-spring-boot] [           main] o.s.b.f.s.DefaultListableBeanFactory     : Returning cached instance of singleton bean 'org.springframework.boot.autoconfigure.http.HttpMessageConvertersAutoConfiguration'
2025-04-01T15:16:28.250+05:30 TRACE 16888 --- [learn-spring-boot] [           main] o.s.b.f.s.DefaultListableBeanFactory     : Returning cached instance of singleton bean 'messageConverters'
2025-04-01T15:16:28.250+05:30 TRACE 16888 --- [learn-spring-boot] [           main] o.s.b.f.s.DefaultListableBeanFactory     : Returning cached instance of singleton bean 'org.springframework.boot.autoconfigure.http.client.HttpClientAutoConfiguration'
2025-04-01T15:16:28.250+05:30 TRACE 16888 --- [learn-spring-boot] [           main] o.s.b.f.s.DefaultListableBeanFactory     : Returning cached instance of singleton bean 'clientHttpRequestFactoryBuilder'
2025-04-01T15:16:28.251+05:30 TRACE 16888 --- [learn-spring-boot] [           main] o.s.b.f.s.DefaultListableBeanFactory     : Returning cached instance of singleton bean 'clientHttpRequestFactorySettings'
2025-04-01T15:16:28.251+05:30 TRACE 16888 --- [learn-spring-boot] [           main] o.s.b.f.s.DefaultListableBeanFactory     : Returning cached instance of singleton bean 'spring.http.client-org.springframework.boot.autoconfigure.http.client.HttpClientProperties'
2025-04-01T15:16:28.251+05:30 TRACE 16888 --- [learn-spring-boot] [           main] o.s.b.f.s.DefaultListableBeanFactory     : Returning cached instance of singleton bean 'org.springframework.boot.autoconfigure.web.client.RestClientAutoConfiguration'
2025-04-01T15:16:28.251+05:30 TRACE 16888 --- [learn-spring-boot] [           main] o.s.b.f.s.DefaultListableBeanFactory     : Returning cached instance of singleton bean 'httpMessageConvertersRestClientCustomizer'
2025-04-01T15:16:28.251+05:30 TRACE 16888 --- [learn-spring-boot] [           main] o.s.b.f.s.DefaultListableBeanFactory     : Returning cached instance of singleton bean 'restClientSsl'
2025-04-01T15:16:28.251+05:30 TRACE 16888 --- [learn-spring-boot] [           main] o.s.b.f.s.DefaultListableBeanFactory     : Returning cached instance of singleton bean 'restClientBuilderConfigurer'
2025-04-01T15:16:28.251+05:30 TRACE 16888 --- [learn-spring-boot] [           main] o.s.b.f.s.DefaultListableBeanFactory     : Returning cached instance of singleton bean 'org.springframework.boot.autoconfigure.web.client.RestTemplateAutoConfiguration'
2025-04-01T15:16:28.251+05:30 TRACE 16888 --- [learn-spring-boot] [           main] o.s.b.f.s.DefaultListableBeanFactory     : Returning cached instance of singleton bean 'org.springframework.boot.actuate.autoconfigure.observation.web.client.HttpClientObservationsAutoConfiguration$MeterFilterConfiguration'
2025-04-01T15:16:28.251+05:30 TRACE 16888 --- [learn-spring-boot] [           main] o.s.b.f.s.DefaultListableBeanFactory     : Returning cached instance of singleton bean 'metricsHttpClientUriTagFilter'
2025-04-01T15:16:28.251+05:30 TRACE 16888 --- [learn-spring-boot] [           main] o.s.b.f.s.DefaultListableBeanFactory     : Returning cached instance of singleton bean 'org.springframework.boot.actuate.autoconfigure.observation.web.client.RestTemplateObservationConfiguration'
2025-04-01T15:16:28.251+05:30 TRACE 16888 --- [learn-spring-boot] [           main] o.s.b.f.s.DefaultListableBeanFactory     : Returning cached instance of singleton bean 'observationRestTemplateCustomizer'
2025-04-01T15:16:28.251+05:30 TRACE 16888 --- [learn-spring-boot] [           main] o.s.b.f.s.DefaultListableBeanFactory     : Returning cached instance of singleton bean 'org.springframework.boot.actuate.autoconfigure.observation.web.client.RestClientObservationConfiguration'
2025-04-01T15:16:28.251+05:30 TRACE 16888 --- [learn-spring-boot] [           main] o.s.b.f.s.DefaultListableBeanFactory     : Returning cached instance of singleton bean 'observationRestClientCustomizer'
2025-04-01T15:16:28.251+05:30 TRACE 16888 --- [learn-spring-boot] [           main] o.s.b.f.s.DefaultListableBeanFactory     : Returning cached instance of singleton bean 'org.springframework.boot.actuate.autoconfigure.observation.web.client.HttpClientObservationsAutoConfiguration'
2025-04-01T15:16:28.251+05:30 TRACE 16888 --- [learn-spring-boot] [           main] o.s.b.f.s.DefaultListableBeanFactory     : Returning cached instance of singleton bean 'org.springframework.boot.actuate.autoconfigure.observation.web.servlet.WebMvcObservationAutoConfiguration$MeterFilterConfiguration'
2025-04-01T15:16:28.251+05:30 TRACE 16888 --- [learn-spring-boot] [           main] o.s.b.f.s.DefaultListableBeanFactory     : Returning cached instance of singleton bean 'metricsHttpServerUriTagFilter'
2025-04-01T15:16:28.251+05:30 TRACE 16888 --- [learn-spring-boot] [           main] o.s.b.f.s.DefaultListableBeanFactory     : Returning cached instance of singleton bean 'org.springframework.boot.actuate.autoconfigure.observation.web.servlet.WebMvcObservationAutoConfiguration'
2025-04-01T15:16:28.251+05:30 TRACE 16888 --- [learn-spring-boot] [           main] o.s.b.f.s.DefaultListableBeanFactory     : Returning cached instance of singleton bean 'webMvcObservationFilter'
2025-04-01T15:16:28.251+05:30 TRACE 16888 --- [learn-spring-boot] [           main] o.s.b.f.s.DefaultListableBeanFactory     : Returning cached instance of singleton bean 'org.springframework.boot.actuate.autoconfigure.scheduling.ScheduledTasksObservabilityAutoConfiguration'
2025-04-01T15:16:28.251+05:30 TRACE 16888 --- [learn-spring-boot] [           main] o.s.b.f.s.DefaultListableBeanFactory     : Returning cached instance of singleton bean 'observabilitySchedulingConfigurer'
2025-04-01T15:16:28.251+05:30 TRACE 16888 --- [learn-spring-boot] [           main] o.s.b.f.s.DefaultListableBeanFactory     : Returning cached instance of singleton bean 'org.springframework.boot.autoconfigure.aop.AopAutoConfiguration$ClassProxyingConfiguration'
2025-04-01T15:16:28.251+05:30 TRACE 16888 --- [learn-spring-boot] [           main] o.s.b.f.s.DefaultListableBeanFactory     : Returning cached instance of singleton bean 'forceAutoProxyCreatorToUseClassProxying'
2025-04-01T15:16:28.251+05:30 TRACE 16888 --- [learn-spring-boot] [           main] o.s.b.f.s.DefaultListableBeanFactory     : Returning cached instance of singleton bean 'org.springframework.boot.autoconfigure.aop.AopAutoConfiguration'
2025-04-01T15:16:28.251+05:30 TRACE 16888 --- [learn-spring-boot] [           main] o.s.b.f.s.DefaultListableBeanFactory     : Returning cached instance of singleton bean 'org.springframework.boot.autoconfigure.context.ConfigurationPropertiesAutoConfiguration'
2025-04-01T15:16:28.251+05:30 TRACE 16888 --- [learn-spring-boot] [           main] o.s.b.f.s.DefaultListableBeanFactory     : Returning cached instance of singleton bean 'org.springframework.boot.autoconfigure.context.LifecycleAutoConfiguration'
2025-04-01T15:16:28.251+05:30 TRACE 16888 --- [learn-spring-boot] [           main] o.s.b.f.s.DefaultListableBeanFactory     : Returning cached instance of singleton bean 'lifecycleProcessor'
2025-04-01T15:16:28.251+05:30 TRACE 16888 --- [learn-spring-boot] [           main] o.s.b.f.s.DefaultListableBeanFactory     : Returning cached instance of singleton bean 'spring.lifecycle-org.springframework.boot.autoconfigure.context.LifecycleProperties'
2025-04-01T15:16:28.251+05:30 TRACE 16888 --- [learn-spring-boot] [           main] o.s.b.f.s.DefaultListableBeanFactory     : Returning cached instance of singleton bean 'org.springframework.boot.autoconfigure.sql.init.SqlInitializationAutoConfiguration'
2025-04-01T15:16:28.251+05:30 TRACE 16888 --- [learn-spring-boot] [           main] o.s.b.f.s.DefaultListableBeanFactory     : Returning cached instance of singleton bean 'spring.sql.init-org.springframework.boot.autoconfigure.sql.init.SqlInitializationProperties'
2025-04-01T15:16:28.251+05:30 TRACE 16888 --- [learn-spring-boot] [           main] o.s.b.f.s.DefaultListableBeanFactory     : Returning cached instance of singleton bean 'org.springframework.boot.sql.init.dependency.DatabaseInitializationDependencyConfigurer$DependsOnDatabaseInitializationPostProcessor'
2025-04-01T15:16:28.251+05:30 TRACE 16888 --- [learn-spring-boot] [           main] o.s.b.f.s.DefaultListableBeanFactory     : Returning cached instance of singleton bean 'org.springframework.boot.autoconfigure.web.servlet.HttpEncodingAutoConfiguration'
2025-04-01T15:16:28.251+05:30 TRACE 16888 --- [learn-spring-boot] [           main] o.s.b.f.s.DefaultListableBeanFactory     : Returning cached instance of singleton bean 'characterEncodingFilter'
2025-04-01T15:16:28.251+05:30 TRACE 16888 --- [learn-spring-boot] [           main] o.s.b.f.s.DefaultListableBeanFactory     : Returning cached instance of singleton bean 'localeCharsetMappingsCustomizer'
2025-04-01T15:16:28.251+05:30 TRACE 16888 --- [learn-spring-boot] [           main] o.s.b.f.s.DefaultListableBeanFactory     : Returning cached instance of singleton bean 'org.springframework.boot.autoconfigure.web.servlet.MultipartAutoConfiguration'
2025-04-01T15:16:28.251+05:30 TRACE 16888 --- [learn-spring-boot] [           main] o.s.b.f.s.DefaultListableBeanFactory     : Returning cached instance of singleton bean 'multipartConfigElement'
2025-04-01T15:16:28.251+05:30 TRACE 16888 --- [learn-spring-boot] [           main] o.s.b.f.s.DefaultListableBeanFactory     : Returning cached instance of singleton bean 'multipartResolver'
2025-04-01T15:16:28.251+05:30 TRACE 16888 --- [learn-spring-boot] [           main] o.s.b.f.s.DefaultListableBeanFactory     : Returning cached instance of singleton bean 'spring.servlet.multipart-org.springframework.boot.autoconfigure.web.servlet.MultipartProperties'
2025-04-01T15:16:28.251+05:30 TRACE 16888 --- [learn-spring-boot] [           main] o.s.b.f.s.DefaultListableBeanFactory     : Returning cached instance of singleton bean 'org.springframework.boot.actuate.autoconfigure.endpoint.web.ServletEndpointManagementContextConfiguration$WebMvcServletEndpointManagementContextConfiguration'
2025-04-01T15:16:28.251+05:30 TRACE 16888 --- [learn-spring-boot] [           main] o.s.b.f.s.DefaultListableBeanFactory     : Returning cached instance of singleton bean 'servletEndpointRegistrar'
2025-04-01T15:16:28.251+05:30 TRACE 16888 --- [learn-spring-boot] [           main] o.s.b.f.s.DefaultListableBeanFactory     : Returning cached instance of singleton bean 'org.springframework.boot.actuate.autoconfigure.endpoint.web.ServletEndpointManagementContextConfiguration'
2025-04-01T15:16:28.251+05:30 TRACE 16888 --- [learn-spring-boot] [           main] o.s.b.f.s.DefaultListableBeanFactory     : Returning cached instance of singleton bean 'servletExposeExcludePropertyEndpointFilter'
2025-04-01T15:16:28.251+05:30 TRACE 16888 --- [learn-spring-boot] [           main] o.s.b.f.s.DefaultListableBeanFactory     : Returning cached instance of singleton bean 'org.springframework.boot.actuate.autoconfigure.endpoint.web.servlet.WebMvcEndpointManagementContextConfiguration'
2025-04-01T15:16:28.251+05:30 TRACE 16888 --- [learn-spring-boot] [           main] o.s.b.f.s.DefaultListableBeanFactory     : Returning cached instance of singleton bean 'webEndpointServletHandlerMapping'
2025-04-01T15:16:28.251+05:30 TRACE 16888 --- [learn-spring-boot] [           main] o.s.b.f.s.DefaultListableBeanFactory     : Returning cached instance of singleton bean 'controllerEndpointHandlerMapping'
2025-04-01T15:16:28.251+05:30 TRACE 16888 --- [learn-spring-boot] [           main] o.s.b.f.s.DefaultListableBeanFactory     : Returning cached instance of singleton bean 'endpointObjectMapperWebMvcConfigurer'
2025-04-01T15:16:28.251+05:30 TRACE 16888 --- [learn-spring-boot] [           main] o.s.b.f.s.DefaultListableBeanFactory     : Returning cached instance of singleton bean 'management.endpoints.web.cors-org.springframework.boot.actuate.autoconfigure.endpoint.web.CorsEndpointProperties'
2025-04-01T15:16:28.251+05:30 TRACE 16888 --- [learn-spring-boot] [           main] o.s.b.f.s.DefaultListableBeanFactory     : Returning cached instance of singleton bean 'org.springframework.boot.actuate.autoconfigure.web.server.ManagementContextAutoConfiguration$SameManagementContextConfiguration$EnableSameManagementContextConfiguration'
2025-04-01T15:16:28.251+05:30 TRACE 16888 --- [learn-spring-boot] [           main] o.s.b.f.s.DefaultListableBeanFactory     : Returning cached instance of singleton bean 'org.springframework.boot.actuate.autoconfigure.web.server.ManagementContextAutoConfiguration$SameManagementContextConfiguration'
2025-04-01T15:16:28.251+05:30 TRACE 16888 --- [learn-spring-boot] [           main] o.s.b.f.s.DefaultListableBeanFactory     : Returning cached instance of singleton bean 'org.springframework.boot.actuate.autoconfigure.web.server.ManagementContextAutoConfiguration'
2025-04-01T15:16:28.251+05:30 TRACE 16888 --- [learn-spring-boot] [           main] o.s.b.f.s.DefaultListableBeanFactory     : Returning cached instance of singleton bean 'management.server-org.springframework.boot.actuate.autoconfigure.web.server.ManagementServerProperties'
2025-04-01T15:16:28.251+05:30 TRACE 16888 --- [learn-spring-boot] [           main] o.s.b.f.s.DefaultListableBeanFactory     : Returning cached instance of singleton bean 'org.springframework.aop.config.internalAutoProxyCreator'
2025-04-01T15:16:28.252+05:30 TRACE 16888 --- [learn-spring-boot] [           main] o.s.b.f.s.DefaultListableBeanFactory     : Returning cached instance of singleton bean 'org.springframework.boot.test.mock.mockito.MockitoBeans'
2025-04-01T15:16:28.252+05:30 TRACE 16888 --- [learn-spring-boot] [           main] c.DefaultCacheAwareContextLoaderDelegate : Retrieved ApplicationContext [1539038539] from cache with key [WebMergedContextConfiguration@22f02996 testClass = com.springboot.learn_spring_boot.LearnSpringBootApplicationTests, locations = [], classes = [com.springboot.learn_spring_boot.LearnSpringBootApplication], contextInitializerClasses = [], activeProfiles = [], propertySourceDescriptors = [], propertySourceProperties = ["org.springframework.boot.test.context.SpringBootTestContextBootstrapper=true"], contextCustomizers = [org.springframework.boot.test.context.filter.ExcludeFilterContextCustomizer@7e990ed7, org.springframework.boot.test.json.DuplicateJsonObjectContextCustomizerFactory$DuplicateJsonObjectContextCustomizer@5884a914, org.springframework.boot.test.mock.mockito.MockitoContextCustomizer@0, org.springframework.boot.test.web.client.TestRestTemplateContextCustomizer@446a1e84, org.springframework.boot.test.web.reactor.netty.DisableReactorResourceFactoryGlobalResourcesContextCustomizerFactory$DisableReactorResourceFactoryGlobalResourcesContextCustomizerCustomizer@7dfd3c81, org.springframework.boot.test.autoconfigure.OnFailureConditionReportContextCustomizerFactory$OnFailureConditionReportContextCustomizer@6933b6c6, org.springframework.boot.test.autoconfigure.actuate.observability.ObservabilityContextCustomizerFactory$DisableObservabilityContextCustomizer@1f, org.springframework.boot.test.autoconfigure.properties.PropertyMappingContextCustomizer@0, org.springframework.boot.test.autoconfigure.web.servlet.WebDriverContextCustomizer@1224144a, org.springframework.test.context.support.DynamicPropertiesContextCustomizer@0, org.springframework.boot.test.context.SpringBootTestAnnotation@69a9185d], resourceBasePath = "src/main/webapp", contextLoader = org.springframework.boot.test.context.SpringBootContextLoader, parent = null]
2025-04-01T15:16:28.252+05:30 DEBUG 16888 --- [learn-spring-boot] [           main] org.springframework.test.context.cache   : Spring test ApplicationContext cache statistics: [DefaultContextCache@7c8874ef size = 1, maxSize = 32, parentContextCount = 0, hitCount = 5, missCount = 1, failureCount = 0]
2025-04-01T15:16:28.253+05:30 TRACE 16888 --- [learn-spring-boot] [           main] o.s.b.f.s.DefaultListableBeanFactory     : Returning cached instance of singleton bean 'org.springframework.boot.test.mock.mockito.MockitoPostProcessor$SpyPostProcessor'
2025-04-01T15:16:28.253+05:30 TRACE 16888 --- [learn-spring-boot] [           main] o.s.b.f.s.DefaultListableBeanFactory     : Returning cached instance of singleton bean 'org.springframework.boot.test.mock.mockito.MockitoPostProcessor'
2025-04-01T15:16:28.253+05:30 TRACE 16888 --- [learn-spring-boot] [           main] o.s.b.f.s.DefaultListableBeanFactory     : Returning cached instance of singleton bean 'org.springframework.test.context.support.internalDynamicPropertyRegistrarBeanInitializer'
2025-04-01T15:16:28.253+05:30 TRACE 16888 --- [learn-spring-boot] [           main] o.s.b.f.s.DefaultListableBeanFactory     : Returning cached instance of singleton bean 'org.springframework.context.annotation.internalConfigurationAnnotationProcessor'
2025-04-01T15:16:28.253+05:30 TRACE 16888 --- [learn-spring-boot] [           main] o.s.b.f.s.DefaultListableBeanFactory     : Returning cached instance of singleton bean 'org.springframework.context.annotation.internalAutowiredAnnotationProcessor'
2025-04-01T15:16:28.253+05:30 TRACE 16888 --- [learn-spring-boot] [           main] o.s.b.f.s.DefaultListableBeanFactory     : Returning cached instance of singleton bean 'org.springframework.context.annotation.internalCommonAnnotationProcessor'
2025-04-01T15:16:28.253+05:30 TRACE 16888 --- [learn-spring-boot] [           main] o.s.b.f.s.DefaultListableBeanFactory     : Returning cached instance of singleton bean 'org.springframework.context.event.internalEventListenerProcessor'
2025-04-01T15:16:28.253+05:30 TRACE 16888 --- [learn-spring-boot] [           main] o.s.b.f.s.DefaultListableBeanFactory     : Returning cached instance of singleton bean 'org.springframework.context.event.internalEventListenerFactory'
2025-04-01T15:16:28.253+05:30 TRACE 16888 --- [learn-spring-boot] [           main] o.s.b.f.s.DefaultListableBeanFactory     : Returning cached instance of singleton bean 'learnSpringBootApplication'
2025-04-01T15:16:28.253+05:30 TRACE 16888 --- [learn-spring-boot] [           main] o.s.b.f.s.DefaultListableBeanFactory     : Returning cached instance of singleton bean 'org.springframework.boot.autoconfigure.internalCachingMetadataReaderFactory'
2025-04-01T15:16:28.253+05:30 TRACE 16888 --- [learn-spring-boot] [           main] o.s.b.f.s.DefaultListableBeanFactory     : Returning cached instance of singleton bean 'org.springframework.boot.autoconfigure.internalCachingMetadataReaderFactory'
2025-04-01T15:16:28.253+05:30 TRACE 16888 --- [learn-spring-boot] [           main] o.s.b.f.s.DefaultListableBeanFactory     : Returning cached instance of singleton bean 'courseController'
2025-04-01T15:16:28.253+05:30 TRACE 16888 --- [learn-spring-boot] [           main] o.s.b.f.s.DefaultListableBeanFactory     : Returning cached instance of singleton bean 'currencyConfigurationController'
2025-04-01T15:16:28.253+05:30 TRACE 16888 --- [learn-spring-boot] [           main] o.s.b.f.s.DefaultListableBeanFactory     : Returning cached instance of singleton bean 'currencyServiceConfiguration'
2025-04-01T15:16:28.254+05:30 TRACE 16888 --- [learn-spring-boot] [           main] o.s.b.f.s.DefaultListableBeanFactory     : Returning cached instance of singleton bean 'org.springframework.boot.autoconfigure.AutoConfigurationPackages'
2025-04-01T15:16:28.254+05:30 TRACE 16888 --- [learn-spring-boot] [           main] o.s.b.f.s.DefaultListableBeanFactory     : Returning cached instance of singleton bean 'org.springframework.boot.autoconfigure.context.PropertyPlaceholderAutoConfiguration'
2025-04-01T15:16:28.254+05:30 TRACE 16888 --- [learn-spring-boot] [           main] o.s.b.f.s.DefaultListableBeanFactory     : Returning cached instance of singleton bean 'propertySourcesPlaceholderConfigurer'
2025-04-01T15:16:28.254+05:30 TRACE 16888 --- [learn-spring-boot] [           main] o.s.b.f.s.DefaultListableBeanFactory     : Returning cached instance of singleton bean 'org.springframework.boot.autoconfigure.ssl.SslAutoConfiguration'
2025-04-01T15:16:28.254+05:30 TRACE 16888 --- [learn-spring-boot] [           main] o.s.b.f.s.DefaultListableBeanFactory     : Returning cached instance of singleton bean 'fileWatcher'
2025-04-01T15:16:28.254+05:30 TRACE 16888 --- [learn-spring-boot] [           main] o.s.b.f.s.DefaultListableBeanFactory     : Returning cached instance of singleton bean 'sslPropertiesSslBundleRegistrar'
2025-04-01T15:16:28.254+05:30 TRACE 16888 --- [learn-spring-boot] [           main] o.s.b.f.s.DefaultListableBeanFactory     : Returning cached instance of singleton bean 'sslBundleRegistry'
2025-04-01T15:16:28.254+05:30 TRACE 16888 --- [learn-spring-boot] [           main] o.s.b.f.s.DefaultListableBeanFactory     : Returning cached instance of singleton bean 'org.springframework.boot.context.properties.ConfigurationPropertiesBindingPostProcessor'
2025-04-01T15:16:28.254+05:30 TRACE 16888 --- [learn-spring-boot] [           main] o.s.b.f.s.DefaultListableBeanFactory     : Returning cached instance of singleton bean 'org.springframework.boot.context.internalConfigurationPropertiesBinder'
2025-04-01T15:16:28.254+05:30 TRACE 16888 --- [learn-spring-boot] [           main] o.s.b.f.s.DefaultListableBeanFactory     : Returning cached instance of singleton bean 'org.springframework.boot.context.internalConfigurationPropertiesBinder'
2025-04-01T15:16:28.254+05:30 TRACE 16888 --- [learn-spring-boot] [           main] o.s.b.f.s.DefaultListableBeanFactory     : Returning cached instance of singleton bean 'org.springframework.boot.context.properties.BoundConfigurationProperties'
2025-04-01T15:16:28.254+05:30 TRACE 16888 --- [learn-spring-boot] [           main] o.s.b.f.s.DefaultListableBeanFactory     : Returning cached instance of singleton bean 'org.springframework.boot.context.properties.EnableConfigurationPropertiesRegistrar.methodValidationExcludeFilter'
2025-04-01T15:16:28.254+05:30 TRACE 16888 --- [learn-spring-boot] [           main] o.s.b.f.s.DefaultListableBeanFactory     : Returning cached instance of singleton bean 'spring.ssl-org.springframework.boot.autoconfigure.ssl.SslProperties'
2025-04-01T15:16:28.254+05:30 TRACE 16888 --- [learn-spring-boot] [           main] o.s.b.f.s.DefaultListableBeanFactory     : Returning cached instance of singleton bean 'org.springframework.boot.autoconfigure.websocket.servlet.WebSocketServletAutoConfiguration$TomcatWebSocketConfiguration'
2025-04-01T15:16:28.254+05:30 TRACE 16888 --- [learn-spring-boot] [           main] o.s.b.f.s.DefaultListableBeanFactory     : Returning cached instance of singleton bean 'websocketServletWebServerCustomizer'
2025-04-01T15:16:28.254+05:30 TRACE 16888 --- [learn-spring-boot] [           main] o.s.b.f.s.DefaultListableBeanFactory     : Returning cached instance of singleton bean 'org.springframework.boot.autoconfigure.websocket.servlet.WebSocketServletAutoConfiguration'
2025-04-01T15:16:28.254+05:30 TRACE 16888 --- [learn-spring-boot] [           main] o.s.b.f.s.DefaultListableBeanFactory     : Returning cached instance of singleton bean 'org.springframework.boot.autoconfigure.web.servlet.ServletWebServerFactoryConfiguration$EmbeddedTomcat'
2025-04-01T15:16:28.254+05:30 TRACE 16888 --- [learn-spring-boot] [           main] o.s.b.f.s.DefaultListableBeanFactory     : Returning cached instance of singleton bean 'tomcatServletWebServerFactory'
2025-04-01T15:16:28.254+05:30 TRACE 16888 --- [learn-spring-boot] [           main] o.s.b.f.s.DefaultListableBeanFactory     : Returning cached instance of singleton bean 'org.springframework.boot.autoconfigure.web.servlet.ServletWebServerFactoryAutoConfiguration'
2025-04-01T15:16:28.254+05:30 TRACE 16888 --- [learn-spring-boot] [           main] o.s.b.f.s.DefaultListableBeanFactory     : Returning cached instance of singleton bean 'servletWebServerFactoryCustomizer'
2025-04-01T15:16:28.254+05:30 TRACE 16888 --- [learn-spring-boot] [           main] o.s.b.f.s.DefaultListableBeanFactory     : Returning cached instance of singleton bean 'tomcatServletWebServerFactoryCustomizer'
2025-04-01T15:16:28.254+05:30 TRACE 16888 --- [learn-spring-boot] [           main] o.s.b.f.s.DefaultListableBeanFactory     : Returning cached instance of singleton bean 'server-org.springframework.boot.autoconfigure.web.ServerProperties'
2025-04-01T15:16:28.254+05:30 TRACE 16888 --- [learn-spring-boot] [           main] o.s.b.f.s.DefaultListableBeanFactory     : Returning cached instance of singleton bean 'webServerFactoryCustomizerBeanPostProcessor'
2025-04-01T15:16:28.254+05:30 TRACE 16888 --- [learn-spring-boot] [           main] o.s.b.f.s.DefaultListableBeanFactory     : Returning cached instance of singleton bean 'errorPageRegistrarBeanPostProcessor'
2025-04-01T15:16:28.254+05:30 TRACE 16888 --- [learn-spring-boot] [           main] o.s.b.f.s.DefaultListableBeanFactory     : Returning cached instance of singleton bean 'org.springframework.boot.autoconfigure.web.servlet.DispatcherServletAutoConfiguration$DispatcherServletConfiguration'
2025-04-01T15:16:28.254+05:30 TRACE 16888 --- [learn-spring-boot] [           main] o.s.b.f.s.DefaultListableBeanFactory     : Returning cached instance of singleton bean 'dispatcherServlet'
2025-04-01T15:16:28.254+05:30 TRACE 16888 --- [learn-spring-boot] [           main] o.s.b.f.s.DefaultListableBeanFactory     : Returning cached instance of singleton bean 'spring.mvc-org.springframework.boot.autoconfigure.web.servlet.WebMvcProperties'
2025-04-01T15:16:28.254+05:30 TRACE 16888 --- [learn-spring-boot] [           main] o.s.b.f.s.DefaultListableBeanFactory     : Returning cached instance of singleton bean 'org.springframework.boot.autoconfigure.web.servlet.DispatcherServletAutoConfiguration$DispatcherServletRegistrationConfiguration'
2025-04-01T15:16:28.254+05:30 TRACE 16888 --- [learn-spring-boot] [           main] o.s.b.f.s.DefaultListableBeanFactory     : Returning cached instance of singleton bean 'dispatcherServletRegistration'
2025-04-01T15:16:28.254+05:30 TRACE 16888 --- [learn-spring-boot] [           main] o.s.b.f.s.DefaultListableBeanFactory     : Returning cached instance of singleton bean 'org.springframework.boot.autoconfigure.web.servlet.DispatcherServletAutoConfiguration'
2025-04-01T15:16:28.254+05:30 TRACE 16888 --- [learn-spring-boot] [           main] o.s.b.f.s.DefaultListableBeanFactory     : Returning cached instance of singleton bean 'org.springframework.boot.autoconfigure.task.TaskExecutorConfigurations$ThreadPoolTaskExecutorBuilderConfiguration'
2025-04-01T15:16:28.254+05:30 TRACE 16888 --- [learn-spring-boot] [           main] o.s.b.f.s.DefaultListableBeanFactory     : Returning cached instance of singleton bean 'threadPoolTaskExecutorBuilder'
2025-04-01T15:16:28.254+05:30 TRACE 16888 --- [learn-spring-boot] [           main] o.s.b.f.s.DefaultListableBeanFactory     : Returning cached instance of singleton bean 'org.springframework.boot.autoconfigure.task.TaskExecutorConfigurations$SimpleAsyncTaskExecutorBuilderConfiguration'
2025-04-01T15:16:28.254+05:30 TRACE 16888 --- [learn-spring-boot] [           main] o.s.b.f.s.DefaultListableBeanFactory     : Returning cached instance of singleton bean 'simpleAsyncTaskExecutorBuilder'
2025-04-01T15:16:28.254+05:30 TRACE 16888 --- [learn-spring-boot] [           main] o.s.b.f.s.DefaultListableBeanFactory     : Returning cached instance of singleton bean 'org.springframework.boot.autoconfigure.task.TaskExecutorConfigurations$TaskExecutorConfiguration'
2025-04-01T15:16:28.254+05:30 TRACE 16888 --- [learn-spring-boot] [           main] o.s.b.f.s.DefaultListableBeanFactory     : Returning cached instance of singleton bean 'applicationTaskExecutor'
2025-04-01T15:16:28.254+05:30 TRACE 16888 --- [learn-spring-boot] [           main] o.s.b.f.s.DefaultListableBeanFactory     : Returning cached instance of singleton bean 'org.springframework.boot.autoconfigure.task.TaskExecutionAutoConfiguration'
2025-04-01T15:16:28.254+05:30 TRACE 16888 --- [learn-spring-boot] [           main] o.s.b.f.s.DefaultListableBeanFactory     : Returning cached instance of singleton bean 'spring.task.execution-org.springframework.boot.autoconfigure.task.TaskExecutionProperties'
2025-04-01T15:16:28.254+05:30 TRACE 16888 --- [learn-spring-boot] [           main] o.s.b.f.s.DefaultListableBeanFactory     : Returning cached instance of singleton bean 'org.springframework.boot.autoconfigure.web.servlet.error.ErrorMvcAutoConfiguration$WhitelabelErrorViewConfiguration'
2025-04-01T15:16:28.254+05:30 TRACE 16888 --- [learn-spring-boot] [           main] o.s.b.f.s.DefaultListableBeanFactory     : Returning cached instance of singleton bean 'error'
2025-04-01T15:16:28.254+05:30 TRACE 16888 --- [learn-spring-boot] [           main] o.s.b.f.s.DefaultListableBeanFactory     : Returning cached instance of singleton bean 'beanNameViewResolver'
2025-04-01T15:16:28.254+05:30 TRACE 16888 --- [learn-spring-boot] [           main] o.s.b.f.s.DefaultListableBeanFactory     : Returning cached instance of singleton bean 'org.springframework.boot.autoconfigure.web.servlet.error.ErrorMvcAutoConfiguration$DefaultErrorViewResolverConfiguration'
2025-04-01T15:16:28.254+05:30 TRACE 16888 --- [learn-spring-boot] [           main] o.s.b.f.s.DefaultListableBeanFactory     : Returning cached instance of singleton bean 'conventionErrorViewResolver'
2025-04-01T15:16:28.254+05:30 TRACE 16888 --- [learn-spring-boot] [           main] o.s.b.f.s.DefaultListableBeanFactory     : Returning cached instance of singleton bean 'spring.web-org.springframework.boot.autoconfigure.web.WebProperties'
2025-04-01T15:16:28.254+05:30 TRACE 16888 --- [learn-spring-boot] [           main] o.s.b.f.s.DefaultListableBeanFactory     : Returning cached instance of singleton bean 'org.springframework.boot.autoconfigure.web.servlet.error.ErrorMvcAutoConfiguration'
2025-04-01T15:16:28.254+05:30 TRACE 16888 --- [learn-spring-boot] [           main] o.s.b.f.s.DefaultListableBeanFactory     : Returning cached instance of singleton bean 'errorAttributes'
2025-04-01T15:16:28.254+05:30 TRACE 16888 --- [learn-spring-boot] [           main] o.s.b.f.s.DefaultListableBeanFactory     : Returning cached instance of singleton bean 'basicErrorController'
2025-04-01T15:16:28.254+05:30 TRACE 16888 --- [learn-spring-boot] [           main] o.s.b.f.s.DefaultListableBeanFactory     : Returning cached instance of singleton bean 'errorPageCustomizer'
2025-04-01T15:16:28.255+05:30 TRACE 16888 --- [learn-spring-boot] [           main] o.s.b.f.s.DefaultListableBeanFactory     : Returning cached instance of singleton bean 'preserveErrorControllerTargetClassPostProcessor'
2025-04-01T15:16:28.255+05:30 TRACE 16888 --- [learn-spring-boot] [           main] o.s.b.f.s.DefaultListableBeanFactory     : Returning cached instance of singleton bean 'org.springframework.boot.autoconfigure.web.servlet.WebMvcAutoConfiguration$EnableWebMvcConfiguration'
2025-04-01T15:16:28.255+05:30 TRACE 16888 --- [learn-spring-boot] [           main] o.s.b.f.s.DefaultListableBeanFactory     : Returning cached instance of singleton bean 'welcomePageHandlerMapping'
2025-04-01T15:16:28.255+05:30 TRACE 16888 --- [learn-spring-boot] [           main] o.s.b.f.s.DefaultListableBeanFactory     : Returning cached instance of singleton bean 'welcomePageNotAcceptableHandlerMapping'
2025-04-01T15:16:28.255+05:30 TRACE 16888 --- [learn-spring-boot] [           main] o.s.b.f.s.DefaultListableBeanFactory     : Returning cached instance of singleton bean 'localeResolver'
2025-04-01T15:16:28.255+05:30 TRACE 16888 --- [learn-spring-boot] [           main] o.s.b.f.s.DefaultListableBeanFactory     : Returning cached instance of singleton bean 'themeResolver'
2025-04-01T15:16:28.255+05:30 TRACE 16888 --- [learn-spring-boot] [           main] o.s.b.f.s.DefaultListableBeanFactory     : Returning cached instance of singleton bean 'flashMapManager'
2025-04-01T15:16:28.255+05:30 TRACE 16888 --- [learn-spring-boot] [           main] o.s.b.f.s.DefaultListableBeanFactory     : Returning cached instance of singleton bean 'viewNameTranslator'
2025-04-01T15:16:28.255+05:30 TRACE 16888 --- [learn-spring-boot] [           main] o.s.b.f.s.DefaultListableBeanFactory     : Returning cached instance of singleton bean 'mvcConversionService'
2025-04-01T15:16:28.255+05:30 TRACE 16888 --- [learn-spring-boot] [           main] o.s.b.f.s.DefaultListableBeanFactory     : Returning cached instance of singleton bean 'mvcValidator'
2025-04-01T15:16:28.255+05:30 TRACE 16888 --- [learn-spring-boot] [           main] o.s.b.f.s.DefaultListableBeanFactory     : Returning cached instance of singleton bean 'mvcContentNegotiationManager'
2025-04-01T15:16:28.255+05:30 TRACE 16888 --- [learn-spring-boot] [           main] o.s.b.f.s.DefaultListableBeanFactory     : Returning cached instance of singleton bean 'requestMappingHandlerMapping'
2025-04-01T15:16:28.255+05:30 TRACE 16888 --- [learn-spring-boot] [           main] o.s.b.f.s.DefaultListableBeanFactory     : Returning cached instance of singleton bean 'mvcPatternParser'
2025-04-01T15:16:28.255+05:30 TRACE 16888 --- [learn-spring-boot] [           main] o.s.b.f.s.DefaultListableBeanFactory     : Returning cached instance of singleton bean 'mvcUrlPathHelper'
2025-04-01T15:16:28.255+05:30 TRACE 16888 --- [learn-spring-boot] [           main] o.s.b.f.s.DefaultListableBeanFactory     : Returning cached instance of singleton bean 'mvcPathMatcher'
2025-04-01T15:16:28.255+05:30 TRACE 16888 --- [learn-spring-boot] [           main] o.s.b.f.s.DefaultListableBeanFactory     : Returning cached instance of singleton bean 'viewControllerHandlerMapping'
2025-04-01T15:16:28.255+05:30 TRACE 16888 --- [learn-spring-boot] [           main] o.s.b.f.s.DefaultListableBeanFactory     : Returning cached instance of singleton bean 'beanNameHandlerMapping'
2025-04-01T15:16:28.255+05:30 TRACE 16888 --- [learn-spring-boot] [           main] o.s.b.f.s.DefaultListableBeanFactory     : Returning cached instance of singleton bean 'routerFunctionMapping'
2025-04-01T15:16:28.255+05:30 TRACE 16888 --- [learn-spring-boot] [           main] o.s.b.f.s.DefaultListableBeanFactory     : Returning cached instance of singleton bean 'resourceHandlerMapping'
2025-04-01T15:16:28.255+05:30 TRACE 16888 --- [learn-spring-boot] [           main] o.s.b.f.s.DefaultListableBeanFactory     : Returning cached instance of singleton bean 'mvcResourceUrlProvider'
2025-04-01T15:16:28.255+05:30 TRACE 16888 --- [learn-spring-boot] [           main] o.s.b.f.s.DefaultListableBeanFactory     : Returning cached instance of singleton bean 'defaultServletHandlerMapping'
2025-04-01T15:16:28.255+05:30 TRACE 16888 --- [learn-spring-boot] [           main] o.s.b.f.s.DefaultListableBeanFactory     : Returning cached instance of singleton bean 'requestMappingHandlerAdapter'
2025-04-01T15:16:28.255+05:30 TRACE 16888 --- [learn-spring-boot] [           main] o.s.b.f.s.DefaultListableBeanFactory     : Returning cached instance of singleton bean 'handlerFunctionAdapter'
2025-04-01T15:16:28.255+05:30 TRACE 16888 --- [learn-spring-boot] [           main] o.s.b.f.s.DefaultListableBeanFactory     : Returning cached instance of singleton bean 'mvcUriComponentsContributor'
2025-04-01T15:16:28.255+05:30 TRACE 16888 --- [learn-spring-boot] [           main] o.s.b.f.s.DefaultListableBeanFactory     : Returning cached instance of singleton bean 'httpRequestHandlerAdapter'
2025-04-01T15:16:28.255+05:30 TRACE 16888 --- [learn-spring-boot] [           main] o.s.b.f.s.DefaultListableBeanFactory     : Returning cached instance of singleton bean 'simpleControllerHandlerAdapter'
2025-04-01T15:16:28.255+05:30 TRACE 16888 --- [learn-spring-boot] [           main] o.s.b.f.s.DefaultListableBeanFactory     : Returning cached instance of singleton bean 'handlerExceptionResolver'
2025-04-01T15:16:28.255+05:30 TRACE 16888 --- [learn-spring-boot] [           main] o.s.b.f.s.DefaultListableBeanFactory     : Returning cached instance of singleton bean 'mvcViewResolver'
2025-04-01T15:16:28.255+05:30 TRACE 16888 --- [learn-spring-boot] [           main] o.s.b.f.s.DefaultListableBeanFactory     : Returning cached instance of singleton bean 'org.springframework.boot.autoconfigure.web.servlet.WebMvcAutoConfiguration$WebMvcAutoConfigurationAdapter'
2025-04-01T15:16:28.255+05:30 TRACE 16888 --- [learn-spring-boot] [           main] o.s.b.f.s.DefaultListableBeanFactory     : Returning cached instance of singleton bean 'defaultViewResolver'
2025-04-01T15:16:28.255+05:30 TRACE 16888 --- [learn-spring-boot] [           main] o.s.b.f.s.DefaultListableBeanFactory     : Returning cached instance of singleton bean 'viewResolver'
2025-04-01T15:16:28.255+05:30 TRACE 16888 --- [learn-spring-boot] [           main] o.s.b.f.s.DefaultListableBeanFactory     : Returning cached instance of singleton bean 'requestContextFilter'
2025-04-01T15:16:28.255+05:30 TRACE 16888 --- [learn-spring-boot] [           main] o.s.b.f.s.DefaultListableBeanFactory     : Returning cached instance of singleton bean 'org.springframework.boot.autoconfigure.web.servlet.WebMvcAutoConfiguration'
2025-04-01T15:16:28.255+05:30 TRACE 16888 --- [learn-spring-boot] [           main] o.s.b.f.s.DefaultListableBeanFactory     : Returning cached instance of singleton bean 'formContentFilter'
2025-04-01T15:16:28.255+05:30 TRACE 16888 --- [learn-spring-boot] [           main] o.s.b.f.s.DefaultListableBeanFactory     : Returning cached instance of singleton bean 'org.springframework.boot.autoconfigure.availability.ApplicationAvailabilityAutoConfiguration'
2025-04-01T15:16:28.255+05:30 TRACE 16888 --- [learn-spring-boot] [           main] o.s.b.f.s.DefaultListableBeanFactory     : Returning cached instance of singleton bean 'applicationAvailability'
2025-04-01T15:16:28.255+05:30 TRACE 16888 --- [learn-spring-boot] [           main] o.s.b.f.s.DefaultListableBeanFactory     : Returning cached instance of singleton bean 'org.springframework.boot.actuate.autoconfigure.availability.AvailabilityHealthContributorAutoConfiguration'
2025-04-01T15:16:28.255+05:30 TRACE 16888 --- [learn-spring-boot] [           main] o.s.b.f.s.DefaultListableBeanFactory     : Returning cached instance of singleton bean 'org.springframework.boot.autoconfigure.jackson.JacksonAutoConfiguration$Jackson2ObjectMapperBuilderCustomizerConfiguration'
2025-04-01T15:16:28.255+05:30 TRACE 16888 --- [learn-spring-boot] [           main] o.s.b.f.s.DefaultListableBeanFactory     : Returning cached instance of singleton bean 'standardJacksonObjectMapperBuilderCustomizer'
2025-04-01T15:16:28.255+05:30 TRACE 16888 --- [learn-spring-boot] [           main] o.s.b.f.s.DefaultListableBeanFactory     : Returning cached instance of singleton bean 'spring.jackson-org.springframework.boot.autoconfigure.jackson.JacksonProperties'
2025-04-01T15:16:28.255+05:30 TRACE 16888 --- [learn-spring-boot] [           main] o.s.b.f.s.DefaultListableBeanFactory     : Returning cached instance of singleton bean 'org.springframework.boot.autoconfigure.jackson.JacksonAutoConfiguration$JacksonObjectMapperBuilderConfiguration'
2025-04-01T15:16:28.255+05:30 TRACE 16888 --- [learn-spring-boot] [           main] o.s.b.f.s.DefaultListableBeanFactory     : Returning cached instance of singleton bean 'org.springframework.boot.autoconfigure.jackson.JacksonAutoConfiguration$ParameterNamesModuleConfiguration'
2025-04-01T15:16:28.255+05:30 TRACE 16888 --- [learn-spring-boot] [           main] o.s.b.f.s.DefaultListableBeanFactory     : Returning cached instance of singleton bean 'parameterNamesModule'
2025-04-01T15:16:28.255+05:30 TRACE 16888 --- [learn-spring-boot] [           main] o.s.b.f.s.DefaultListableBeanFactory     : Returning cached instance of singleton bean 'org.springframework.boot.autoconfigure.jackson.JacksonAutoConfiguration$JacksonObjectMapperConfiguration'
2025-04-01T15:16:28.256+05:30 TRACE 16888 --- [learn-spring-boot] [           main] o.s.b.f.s.DefaultListableBeanFactory     : Returning cached instance of singleton bean 'jacksonObjectMapper'
2025-04-01T15:16:28.256+05:30 TRACE 16888 --- [learn-spring-boot] [           main] o.s.b.f.s.DefaultListableBeanFactory     : Returning cached instance of singleton bean 'org.springframework.boot.autoconfigure.jackson.JacksonAutoConfiguration$JacksonMixinConfiguration'
2025-04-01T15:16:28.256+05:30 TRACE 16888 --- [learn-spring-boot] [           main] o.s.b.f.s.DefaultListableBeanFactory     : Returning cached instance of singleton bean 'jsonMixinModuleEntries'
2025-04-01T15:16:28.256+05:30 TRACE 16888 --- [learn-spring-boot] [           main] o.s.b.f.s.DefaultListableBeanFactory     : Returning cached instance of singleton bean 'jsonMixinModule'
2025-04-01T15:16:28.256+05:30 TRACE 16888 --- [learn-spring-boot] [           main] o.s.b.f.s.DefaultListableBeanFactory     : Returning cached instance of singleton bean 'org.springframework.boot.autoconfigure.jackson.JacksonAutoConfiguration'
2025-04-01T15:16:28.256+05:30 TRACE 16888 --- [learn-spring-boot] [           main] o.s.b.f.s.DefaultListableBeanFactory     : Returning cached instance of singleton bean 'jsonComponentModule'
2025-04-01T15:16:28.256+05:30 TRACE 16888 --- [learn-spring-boot] [           main] o.s.b.f.s.DefaultListableBeanFactory     : Returning cached instance of singleton bean 'org.springframework.boot.actuate.autoconfigure.health.HealthEndpointConfiguration'
2025-04-01T15:16:28.256+05:30 TRACE 16888 --- [learn-spring-boot] [           main] o.s.b.f.s.DefaultListableBeanFactory     : Returning cached instance of singleton bean 'healthStatusAggregator'
2025-04-01T15:16:28.256+05:30 TRACE 16888 --- [learn-spring-boot] [           main] o.s.b.f.s.DefaultListableBeanFactory     : Returning cached instance of singleton bean 'healthHttpCodeStatusMapper'
2025-04-01T15:16:28.256+05:30 TRACE 16888 --- [learn-spring-boot] [           main] o.s.b.f.s.DefaultListableBeanFactory     : Returning cached instance of singleton bean 'healthEndpointGroups'
2025-04-01T15:16:28.256+05:30 TRACE 16888 --- [learn-spring-boot] [           main] o.s.b.f.s.DefaultListableBeanFactory     : Returning cached instance of singleton bean 'healthContributorRegistry'
2025-04-01T15:16:28.256+05:30 TRACE 16888 --- [learn-spring-boot] [           main] o.s.b.f.s.DefaultListableBeanFactory     : Returning cached instance of singleton bean 'healthEndpointGroupMembershipValidator'
2025-04-01T15:16:28.256+05:30 TRACE 16888 --- [learn-spring-boot] [           main] o.s.b.f.s.DefaultListableBeanFactory     : Returning cached instance of singleton bean 'healthEndpoint'
2025-04-01T15:16:28.256+05:30 TRACE 16888 --- [learn-spring-boot] [           main] o.s.b.f.s.DefaultListableBeanFactory     : Returning cached instance of singleton bean 'healthEndpointGroupsBeanPostProcessor'
2025-04-01T15:16:28.256+05:30 TRACE 16888 --- [learn-spring-boot] [           main] o.s.b.f.s.DefaultListableBeanFactory     : Returning cached instance of singleton bean 'org.springframework.boot.actuate.autoconfigure.health.HealthEndpointWebExtensionConfiguration$MvcAdditionalHealthEndpointPathsConfiguration'
2025-04-01T15:16:28.256+05:30 TRACE 16888 --- [learn-spring-boot] [           main] o.s.b.f.s.DefaultListableBeanFactory     : Returning cached instance of singleton bean 'healthEndpointWebMvcHandlerMapping'
2025-04-01T15:16:28.256+05:30 TRACE 16888 --- [learn-spring-boot] [           main] o.s.b.f.s.DefaultListableBeanFactory     : Returning cached instance of singleton bean 'org.springframework.boot.actuate.autoconfigure.health.HealthEndpointWebExtensionConfiguration'
2025-04-01T15:16:28.256+05:30 TRACE 16888 --- [learn-spring-boot] [           main] o.s.b.f.s.DefaultListableBeanFactory     : Returning cached instance of singleton bean 'healthEndpointWebExtension'
2025-04-01T15:16:28.256+05:30 TRACE 16888 --- [learn-spring-boot] [           main] o.s.b.f.s.DefaultListableBeanFactory     : Returning cached instance of singleton bean 'org.springframework.boot.actuate.autoconfigure.health.HealthEndpointAutoConfiguration'
2025-04-01T15:16:28.256+05:30 TRACE 16888 --- [learn-spring-boot] [           main] o.s.b.f.s.DefaultListableBeanFactory     : Returning cached instance of singleton bean 'management.endpoint.health-org.springframework.boot.actuate.autoconfigure.health.HealthEndpointProperties'
2025-04-01T15:16:28.256+05:30 TRACE 16888 --- [learn-spring-boot] [           main] o.s.b.f.s.DefaultListableBeanFactory     : Returning cached instance of singleton bean 'org.springframework.boot.autoconfigure.info.ProjectInfoAutoConfiguration'
2025-04-01T15:16:28.256+05:30 TRACE 16888 --- [learn-spring-boot] [           main] o.s.b.f.s.DefaultListableBeanFactory     : Returning cached instance of singleton bean 'spring.info-org.springframework.boot.autoconfigure.info.ProjectInfoProperties'
2025-04-01T15:16:28.256+05:30 TRACE 16888 --- [learn-spring-boot] [           main] o.s.b.f.s.DefaultListableBeanFactory     : Returning cached instance of singleton bean 'org.springframework.boot.actuate.autoconfigure.info.InfoContributorAutoConfiguration'
2025-04-01T15:16:28.256+05:30 TRACE 16888 --- [learn-spring-boot] [           main] o.s.b.f.s.DefaultListableBeanFactory     : Returning cached instance of singleton bean 'management.health.ssl-org.springframework.boot.actuate.autoconfigure.ssl.SslHealthIndicatorProperties'
2025-04-01T15:16:28.256+05:30 TRACE 16888 --- [learn-spring-boot] [           main] o.s.b.f.s.DefaultListableBeanFactory     : Returning cached instance of singleton bean 'management.info-org.springframework.boot.actuate.autoconfigure.info.InfoContributorProperties'
2025-04-01T15:16:28.256+05:30 TRACE 16888 --- [learn-spring-boot] [           main] o.s.b.f.s.DefaultListableBeanFactory     : Returning cached instance of singleton bean 'org.springframework.boot.actuate.autoconfigure.web.servlet.ServletManagementContextAutoConfiguration'
2025-04-01T15:16:28.256+05:30 TRACE 16888 --- [learn-spring-boot] [           main] o.s.b.f.s.DefaultListableBeanFactory     : Returning cached instance of singleton bean 'servletWebChildContextFactory'
2025-04-01T15:16:28.256+05:30 TRACE 16888 --- [learn-spring-boot] [           main] o.s.b.f.s.DefaultListableBeanFactory     : Returning cached instance of singleton bean 'managementServletContext'
2025-04-01T15:16:28.256+05:30 TRACE 16888 --- [learn-spring-boot] [           main] o.s.b.f.s.DefaultListableBeanFactory     : Returning cached instance of singleton bean 'org.springframework.boot.actuate.autoconfigure.endpoint.EndpointAutoConfiguration'
2025-04-01T15:16:28.256+05:30 TRACE 16888 --- [learn-spring-boot] [           main] o.s.b.f.s.DefaultListableBeanFactory     : Returning cached instance of singleton bean 'endpointOperationParameterMapper'
2025-04-01T15:16:28.256+05:30 TRACE 16888 --- [learn-spring-boot] [           main] o.s.b.f.s.DefaultListableBeanFactory     : Returning cached instance of singleton bean 'endpointCachingOperationInvokerAdvisor'
2025-04-01T15:16:28.256+05:30 TRACE 16888 --- [learn-spring-boot] [           main] o.s.b.f.s.DefaultListableBeanFactory     : Returning cached instance of singleton bean 'propertiesEndpointAccessResolver'
2025-04-01T15:16:28.256+05:30 TRACE 16888 --- [learn-spring-boot] [           main] o.s.b.f.s.DefaultListableBeanFactory     : Returning cached instance of singleton bean 'org.springframework.boot.actuate.autoconfigure.endpoint.jackson.JacksonEndpointAutoConfiguration'
2025-04-01T15:16:28.256+05:30 TRACE 16888 --- [learn-spring-boot] [           main] o.s.b.f.s.DefaultListableBeanFactory     : Returning cached instance of singleton bean 'endpointObjectMapper'
2025-04-01T15:16:28.256+05:30 TRACE 16888 --- [learn-spring-boot] [           main] o.s.b.f.s.DefaultListableBeanFactory     : Returning cached instance of singleton bean 'org.springframework.boot.actuate.autoconfigure.endpoint.web.WebEndpointAutoConfiguration$WebEndpointServletConfiguration'
2025-04-01T15:16:28.256+05:30 TRACE 16888 --- [learn-spring-boot] [           main] o.s.b.f.s.DefaultListableBeanFactory     : Returning cached instance of singleton bean 'servletEndpointDiscoverer'
2025-04-01T15:16:28.256+05:30 TRACE 16888 --- [learn-spring-boot] [           main] o.s.b.f.s.DefaultListableBeanFactory     : Returning cached instance of singleton bean 'org.springframework.boot.actuate.autoconfigure.endpoint.web.WebEndpointAutoConfiguration'
2025-04-01T15:16:28.256+05:30 TRACE 16888 --- [learn-spring-boot] [           main] o.s.b.f.s.DefaultListableBeanFactory     : Returning cached instance of singleton bean 'webEndpointPathMapper'
2025-04-01T15:16:28.256+05:30 TRACE 16888 --- [learn-spring-boot] [           main] o.s.b.f.s.DefaultListableBeanFactory     : Returning cached instance of singleton bean 'endpointMediaTypes'
2025-04-01T15:16:28.256+05:30 TRACE 16888 --- [learn-spring-boot] [           main] o.s.b.f.s.DefaultListableBeanFactory     : Returning cached instance of singleton bean 'webEndpointDiscoverer'
2025-04-01T15:16:28.256+05:30 TRACE 16888 --- [learn-spring-boot] [           main] o.s.b.f.s.DefaultListableBeanFactory     : Returning cached instance of singleton bean 'controllerEndpointDiscoverer'
2025-04-01T15:16:28.256+05:30 TRACE 16888 --- [learn-spring-boot] [           main] o.s.b.f.s.DefaultListableBeanFactory     : Returning cached instance of singleton bean 'pathMappedEndpoints'
2025-04-01T15:16:28.256+05:30 TRACE 16888 --- [learn-spring-boot] [           main] o.s.b.f.s.DefaultListableBeanFactory     : Returning cached instance of singleton bean 'webExposeExcludePropertyEndpointFilter'
2025-04-01T15:16:28.256+05:30 TRACE 16888 --- [learn-spring-boot] [           main] o.s.b.f.s.DefaultListableBeanFactory     : Returning cached instance of singleton bean 'controllerExposeExcludePropertyEndpointFilter'
2025-04-01T15:16:28.256+05:30 TRACE 16888 --- [learn-spring-boot] [           main] o.s.b.f.s.DefaultListableBeanFactory     : Returning cached instance of singleton bean 'webAccessPropertiesOperationFilter'
2025-04-01T15:16:28.256+05:30 TRACE 16888 --- [learn-spring-boot] [           main] o.s.b.f.s.DefaultListableBeanFactory     : Returning cached instance of singleton bean 'management.endpoints.web-org.springframework.boot.actuate.autoconfigure.endpoint.web.WebEndpointProperties'
2025-04-01T15:16:28.256+05:30 TRACE 16888 --- [learn-spring-boot] [           main] o.s.b.f.s.DefaultListableBeanFactory     : Returning cached instance of singleton bean 'org.springframework.boot.actuate.autoconfigure.ssl.SslHealthContributorAutoConfiguration'
2025-04-01T15:16:28.256+05:30 TRACE 16888 --- [learn-spring-boot] [           main] o.s.b.f.s.DefaultListableBeanFactory     : Returning cached instance of singleton bean 'sslHealthIndicator'
2025-04-01T15:16:28.256+05:30 TRACE 16888 --- [learn-spring-boot] [           main] o.s.b.f.s.DefaultListableBeanFactory     : Returning cached instance of singleton bean 'sslInfo'
2025-04-01T15:16:28.256+05:30 TRACE 16888 --- [learn-spring-boot] [           main] o.s.b.f.s.DefaultListableBeanFactory     : Returning cached instance of singleton bean 'org.springframework.boot.actuate.autoconfigure.system.DiskSpaceHealthContributorAutoConfiguration'
2025-04-01T15:16:28.256+05:30 TRACE 16888 --- [learn-spring-boot] [           main] o.s.b.f.s.DefaultListableBeanFactory     : Returning cached instance of singleton bean 'diskSpaceHealthIndicator'
2025-04-01T15:16:28.256+05:30 TRACE 16888 --- [learn-spring-boot] [           main] o.s.b.f.s.DefaultListableBeanFactory     : Returning cached instance of singleton bean 'management.health.diskspace-org.springframework.boot.actuate.autoconfigure.system.DiskSpaceHealthIndicatorProperties'
2025-04-01T15:16:28.256+05:30 TRACE 16888 --- [learn-spring-boot] [           main] o.s.b.f.s.DefaultListableBeanFactory     : Returning cached instance of singleton bean 'org.springframework.boot.actuate.autoconfigure.health.HealthContributorAutoConfiguration'
2025-04-01T15:16:28.256+05:30 TRACE 16888 --- [learn-spring-boot] [           main] o.s.b.f.s.DefaultListableBeanFactory     : Returning cached instance of singleton bean 'pingHealthContributor'
2025-04-01T15:16:28.256+05:30 TRACE 16888 --- [learn-spring-boot] [           main] o.s.b.f.s.DefaultListableBeanFactory     : Returning cached instance of singleton bean 'org.springframework.boot.actuate.autoconfigure.metrics.MetricsAutoConfiguration'
2025-04-01T15:16:28.256+05:30 TRACE 16888 --- [learn-spring-boot] [           main] o.s.b.f.s.DefaultListableBeanFactory     : Returning cached instance of singleton bean 'micrometerClock'
2025-04-01T15:16:28.256+05:30 TRACE 16888 --- [learn-spring-boot] [           main] o.s.b.f.s.DefaultListableBeanFactory     : Returning cached instance of singleton bean 'meterRegistryPostProcessor'
2025-04-01T15:16:28.256+05:30 TRACE 16888 --- [learn-spring-boot] [           main] o.s.b.f.s.DefaultListableBeanFactory     : Returning cached instance of singleton bean 'propertiesMeterFilter'
2025-04-01T15:16:28.256+05:30 TRACE 16888 --- [learn-spring-boot] [           main] o.s.b.f.s.DefaultListableBeanFactory     : Returning cached instance of singleton bean 'meterRegistryCloser'
2025-04-01T15:16:28.256+05:30 TRACE 16888 --- [learn-spring-boot] [           main] o.s.b.f.s.DefaultListableBeanFactory     : Returning cached instance of singleton bean 'management.metrics-org.springframework.boot.actuate.autoconfigure.metrics.MetricsProperties'
2025-04-01T15:16:28.257+05:30 TRACE 16888 --- [learn-spring-boot] [           main] o.s.b.f.s.DefaultListableBeanFactory     : Returning cached instance of singleton bean 'org.springframework.boot.actuate.autoconfigure.metrics.export.simple.SimpleMetricsExportAutoConfiguration'
2025-04-01T15:16:28.257+05:30 TRACE 16888 --- [learn-spring-boot] [           main] o.s.b.f.s.DefaultListableBeanFactory     : Returning cached instance of singleton bean 'simpleMeterRegistry'
2025-04-01T15:16:28.257+05:30 TRACE 16888 --- [learn-spring-boot] [           main] o.s.b.f.s.DefaultListableBeanFactory     : Returning cached instance of singleton bean 'simpleConfig'
2025-04-01T15:16:28.257+05:30 TRACE 16888 --- [learn-spring-boot] [           main] o.s.b.f.s.DefaultListableBeanFactory     : Returning cached instance of singleton bean 'management.simple.metrics.export-org.springframework.boot.actuate.autoconfigure.metrics.export.simple.SimpleProperties'
2025-04-01T15:16:28.257+05:30 TRACE 16888 --- [learn-spring-boot] [           main] o.s.b.f.s.DefaultListableBeanFactory     : Returning cached instance of singleton bean 'org.springframework.boot.actuate.autoconfigure.metrics.CompositeMeterRegistryAutoConfiguration'
2025-04-01T15:16:28.257+05:30 TRACE 16888 --- [learn-spring-boot] [           main] o.s.b.f.s.DefaultListableBeanFactory     : Returning cached instance of singleton bean 'org.springframework.boot.actuate.autoconfigure.metrics.JvmMetricsAutoConfiguration'
2025-04-01T15:16:28.257+05:30 TRACE 16888 --- [learn-spring-boot] [           main] o.s.b.f.s.DefaultListableBeanFactory     : Returning cached instance of singleton bean 'jvmGcMetrics'
2025-04-01T15:16:28.257+05:30 TRACE 16888 --- [learn-spring-boot] [           main] o.s.b.f.s.DefaultListableBeanFactory     : Returning cached instance of singleton bean 'jvmHeapPressureMetrics'
2025-04-01T15:16:28.257+05:30 TRACE 16888 --- [learn-spring-boot] [           main] o.s.b.f.s.DefaultListableBeanFactory     : Returning cached instance of singleton bean 'jvmMemoryMetrics'
2025-04-01T15:16:28.257+05:30 TRACE 16888 --- [learn-spring-boot] [           main] o.s.b.f.s.DefaultListableBeanFactory     : Returning cached instance of singleton bean 'jvmThreadMetrics'
2025-04-01T15:16:28.257+05:30 TRACE 16888 --- [learn-spring-boot] [           main] o.s.b.f.s.DefaultListableBeanFactory     : Returning cached instance of singleton bean 'classLoaderMetrics'
2025-04-01T15:16:28.257+05:30 TRACE 16888 --- [learn-spring-boot] [           main] o.s.b.f.s.DefaultListableBeanFactory     : Returning cached instance of singleton bean 'jvmInfoMetrics'
2025-04-01T15:16:28.257+05:30 TRACE 16888 --- [learn-spring-boot] [           main] o.s.b.f.s.DefaultListableBeanFactory     : Returning cached instance of singleton bean 'jvmCompilationMetrics'
2025-04-01T15:16:28.257+05:30 TRACE 16888 --- [learn-spring-boot] [           main] o.s.b.f.s.DefaultListableBeanFactory     : Returning cached instance of singleton bean 'org.springframework.boot.actuate.autoconfigure.metrics.LogbackMetricsAutoConfiguration'
2025-04-01T15:16:28.257+05:30 TRACE 16888 --- [learn-spring-boot] [           main] o.s.b.f.s.DefaultListableBeanFactory     : Returning cached instance of singleton bean 'logbackMetrics'
2025-04-01T15:16:28.257+05:30 TRACE 16888 --- [learn-spring-boot] [           main] o.s.b.f.s.DefaultListableBeanFactory     : Returning cached instance of singleton bean 'org.springframework.boot.actuate.autoconfigure.metrics.SystemMetricsAutoConfiguration'
2025-04-01T15:16:28.257+05:30 TRACE 16888 --- [learn-spring-boot] [           main] o.s.b.f.s.DefaultListableBeanFactory     : Returning cached instance of singleton bean 'uptimeMetrics'
2025-04-01T15:16:28.257+05:30 TRACE 16888 --- [learn-spring-boot] [           main] o.s.b.f.s.DefaultListableBeanFactory     : Returning cached instance of singleton bean 'processorMetrics'
2025-04-01T15:16:28.257+05:30 TRACE 16888 --- [learn-spring-boot] [           main] o.s.b.f.s.DefaultListableBeanFactory     : Returning cached instance of singleton bean 'fileDescriptorMetrics'
2025-04-01T15:16:28.257+05:30 TRACE 16888 --- [learn-spring-boot] [           main] o.s.b.f.s.DefaultListableBeanFactory     : Returning cached instance of singleton bean 'diskSpaceMetrics'
2025-04-01T15:16:28.257+05:30 TRACE 16888 --- [learn-spring-boot] [           main] o.s.b.f.s.DefaultListableBeanFactory     : Returning cached instance of singleton bean 'org.springframework.boot.actuate.autoconfigure.metrics.integration.IntegrationMetricsAutoConfiguration'
2025-04-01T15:16:28.257+05:30 TRACE 16888 --- [learn-spring-boot] [           main] o.s.b.f.s.DefaultListableBeanFactory     : Returning cached instance of singleton bean 'org.springframework.boot.actuate.autoconfigure.metrics.startup.StartupTimeMetricsListenerAutoConfiguration'
2025-04-01T15:16:28.257+05:30 TRACE 16888 --- [learn-spring-boot] [           main] o.s.b.f.s.DefaultListableBeanFactory     : Returning cached instance of singleton bean 'startupTimeMetrics'
2025-04-01T15:16:28.257+05:30 TRACE 16888 --- [learn-spring-boot] [           main] o.s.b.f.s.DefaultListableBeanFactory     : Returning cached instance of singleton bean 'org.springframework.boot.autoconfigure.task.TaskSchedulingConfigurations$ThreadPoolTaskSchedulerBuilderConfiguration'
2025-04-01T15:16:28.257+05:30 TRACE 16888 --- [learn-spring-boot] [           main] o.s.b.f.s.DefaultListableBeanFactory     : Returning cached instance of singleton bean 'threadPoolTaskSchedulerBuilder'
2025-04-01T15:16:28.257+05:30 TRACE 16888 --- [learn-spring-boot] [           main] o.s.b.f.s.DefaultListableBeanFactory     : Returning cached instance of singleton bean 'org.springframework.boot.autoconfigure.task.TaskSchedulingConfigurations$SimpleAsyncTaskSchedulerBuilderConfiguration'
2025-04-01T15:16:28.257+05:30 TRACE 16888 --- [learn-spring-boot] [           main] o.s.b.f.s.DefaultListableBeanFactory     : Returning cached instance of singleton bean 'simpleAsyncTaskSchedulerBuilder'
2025-04-01T15:16:28.257+05:30 TRACE 16888 --- [learn-spring-boot] [           main] o.s.b.f.s.DefaultListableBeanFactory     : Returning cached instance of singleton bean 'org.springframework.boot.autoconfigure.task.TaskSchedulingAutoConfiguration'
2025-04-01T15:16:28.257+05:30 TRACE 16888 --- [learn-spring-boot] [           main] o.s.b.f.s.DefaultListableBeanFactory     : Returning cached instance of singleton bean 'spring.task.scheduling-org.springframework.boot.autoconfigure.task.TaskSchedulingProperties'
2025-04-01T15:16:28.257+05:30 TRACE 16888 --- [learn-spring-boot] [           main] o.s.b.f.s.DefaultListableBeanFactory     : Returning cached instance of singleton bean 'org.springframework.boot.actuate.autoconfigure.metrics.task.TaskExecutorMetricsAutoConfiguration'
2025-04-01T15:16:28.257+05:30 TRACE 16888 --- [learn-spring-boot] [           main] o.s.b.f.s.DefaultListableBeanFactory     : Returning cached instance of singleton bean 'eagerTaskExecutorMetrics'
2025-04-01T15:16:28.257+05:30 TRACE 16888 --- [learn-spring-boot] [           main] o.s.b.f.s.DefaultListableBeanFactory     : Returning cached instance of singleton bean 'org.springframework.boot.actuate.autoconfigure.metrics.web.tomcat.TomcatMetricsAutoConfiguration'
2025-04-01T15:16:28.257+05:30 TRACE 16888 --- [learn-spring-boot] [           main] o.s.b.f.s.DefaultListableBeanFactory     : Returning cached instance of singleton bean 'tomcatMetricsBinder'
2025-04-01T15:16:28.257+05:30 TRACE 16888 --- [learn-spring-boot] [           main] o.s.b.f.s.DefaultListableBeanFactory     : Returning cached instance of singleton bean 'org.springframework.boot.actuate.autoconfigure.observation.ObservationAutoConfiguration$MeterObservationHandlerConfiguration$OnlyMetricsMeterObservationHandlerConfiguration'
2025-04-01T15:16:28.257+05:30 TRACE 16888 --- [learn-spring-boot] [           main] o.s.b.f.s.DefaultListableBeanFactory     : Returning cached instance of singleton bean 'defaultMeterObservationHandler'
2025-04-01T15:16:28.257+05:30 TRACE 16888 --- [learn-spring-boot] [           main] o.s.b.f.s.DefaultListableBeanFactory     : Returning cached instance of singleton bean 'org.springframework.boot.actuate.autoconfigure.observation.ObservationAutoConfiguration$MeterObservationHandlerConfiguration'
2025-04-01T15:16:28.257+05:30 TRACE 16888 --- [learn-spring-boot] [           main] o.s.b.f.s.DefaultListableBeanFactory     : Returning cached instance of singleton bean 'org.springframework.boot.actuate.autoconfigure.observation.ObservationAutoConfiguration$OnlyMetricsConfiguration'
2025-04-01T15:16:28.257+05:30 TRACE 16888 --- [learn-spring-boot] [           main] o.s.b.f.s.DefaultListableBeanFactory     : Returning cached instance of singleton bean 'metricsObservationHandlerGrouping'
2025-04-01T15:16:28.257+05:30 TRACE 16888 --- [learn-spring-boot] [           main] o.s.b.f.s.DefaultListableBeanFactory     : Returning cached instance of singleton bean 'org.springframework.boot.actuate.autoconfigure.observation.ObservationAutoConfiguration'
2025-04-01T15:16:28.257+05:30 TRACE 16888 --- [learn-spring-boot] [           main] o.s.b.f.s.DefaultListableBeanFactory     : Returning cached instance of singleton bean 'observationRegistryPostProcessor'
2025-04-01T15:16:28.257+05:30 TRACE 16888 --- [learn-spring-boot] [           main] o.s.b.f.s.DefaultListableBeanFactory     : Returning cached instance of singleton bean 'observationRegistry'
2025-04-01T15:16:28.257+05:30 TRACE 16888 --- [learn-spring-boot] [           main] o.s.b.f.s.DefaultListableBeanFactory     : Returning cached instance of singleton bean 'propertiesObservationFilter'
2025-04-01T15:16:28.257+05:30 TRACE 16888 --- [learn-spring-boot] [           main] o.s.b.f.s.DefaultListableBeanFactory     : Returning cached instance of singleton bean 'management.observations-org.springframework.boot.actuate.autoconfigure.observation.ObservationProperties'
2025-04-01T15:16:28.257+05:30 TRACE 16888 --- [learn-spring-boot] [           main] o.s.b.f.s.DefaultListableBeanFactory     : Returning cached instance of singleton bean 'org.springframework.boot.autoconfigure.http.HttpMessageConvertersAutoConfiguration$StringHttpMessageConverterConfiguration'
2025-04-01T15:16:28.257+05:30 TRACE 16888 --- [learn-spring-boot] [           main] o.s.b.f.s.DefaultListableBeanFactory     : Returning cached instance of singleton bean 'stringHttpMessageConverter'
2025-04-01T15:16:28.257+05:30 TRACE 16888 --- [learn-spring-boot] [           main] o.s.b.f.s.DefaultListableBeanFactory     : Returning cached instance of singleton bean 'org.springframework.boot.autoconfigure.http.JacksonHttpMessageConvertersConfiguration$MappingJackson2HttpMessageConverterConfiguration'
2025-04-01T15:16:28.257+05:30 TRACE 16888 --- [learn-spring-boot] [           main] o.s.b.f.s.DefaultListableBeanFactory     : Returning cached instance of singleton bean 'mappingJackson2HttpMessageConverter'
2025-04-01T15:16:28.257+05:30 TRACE 16888 --- [learn-spring-boot] [           main] o.s.b.f.s.DefaultListableBeanFactory     : Returning cached instance of singleton bean 'org.springframework.boot.autoconfigure.http.JacksonHttpMessageConvertersConfiguration'
2025-04-01T15:16:28.257+05:30 TRACE 16888 --- [learn-spring-boot] [           main] o.s.b.f.s.DefaultListableBeanFactory     : Returning cached instance of singleton bean 'org.springframework.boot.autoconfigure.http.HttpMessageConvertersAutoConfiguration'
2025-04-01T15:16:28.257+05:30 TRACE 16888 --- [learn-spring-boot] [           main] o.s.b.f.s.DefaultListableBeanFactory     : Returning cached instance of singleton bean 'messageConverters'
2025-04-01T15:16:28.257+05:30 TRACE 16888 --- [learn-spring-boot] [           main] o.s.b.f.s.DefaultListableBeanFactory     : Returning cached instance of singleton bean 'org.springframework.boot.autoconfigure.http.client.HttpClientAutoConfiguration'
2025-04-01T15:16:28.257+05:30 TRACE 16888 --- [learn-spring-boot] [           main] o.s.b.f.s.DefaultListableBeanFactory     : Returning cached instance of singleton bean 'clientHttpRequestFactoryBuilder'
2025-04-01T15:16:28.257+05:30 TRACE 16888 --- [learn-spring-boot] [           main] o.s.b.f.s.DefaultListableBeanFactory     : Returning cached instance of singleton bean 'clientHttpRequestFactorySettings'
2025-04-01T15:16:28.257+05:30 TRACE 16888 --- [learn-spring-boot] [           main] o.s.b.f.s.DefaultListableBeanFactory     : Returning cached instance of singleton bean 'spring.http.client-org.springframework.boot.autoconfigure.http.client.HttpClientProperties'
2025-04-01T15:16:28.257+05:30 TRACE 16888 --- [learn-spring-boot] [           main] o.s.b.f.s.DefaultListableBeanFactory     : Returning cached instance of singleton bean 'org.springframework.boot.autoconfigure.web.client.RestClientAutoConfiguration'
2025-04-01T15:16:28.257+05:30 TRACE 16888 --- [learn-spring-boot] [           main] o.s.b.f.s.DefaultListableBeanFactory     : Returning cached instance of singleton bean 'httpMessageConvertersRestClientCustomizer'
2025-04-01T15:16:28.257+05:30 TRACE 16888 --- [learn-spring-boot] [           main] o.s.b.f.s.DefaultListableBeanFactory     : Returning cached instance of singleton bean 'restClientSsl'
2025-04-01T15:16:28.257+05:30 TRACE 16888 --- [learn-spring-boot] [           main] o.s.b.f.s.DefaultListableBeanFactory     : Returning cached instance of singleton bean 'restClientBuilderConfigurer'
2025-04-01T15:16:28.257+05:30 TRACE 16888 --- [learn-spring-boot] [           main] o.s.b.f.s.DefaultListableBeanFactory     : Returning cached instance of singleton bean 'org.springframework.boot.autoconfigure.web.client.RestTemplateAutoConfiguration'
2025-04-01T15:16:28.257+05:30 TRACE 16888 --- [learn-spring-boot] [           main] o.s.b.f.s.DefaultListableBeanFactory     : Returning cached instance of singleton bean 'org.springframework.boot.actuate.autoconfigure.observation.web.client.HttpClientObservationsAutoConfiguration$MeterFilterConfiguration'
2025-04-01T15:16:28.257+05:30 TRACE 16888 --- [learn-spring-boot] [           main] o.s.b.f.s.DefaultListableBeanFactory     : Returning cached instance of singleton bean 'metricsHttpClientUriTagFilter'
2025-04-01T15:16:28.257+05:30 TRACE 16888 --- [learn-spring-boot] [           main] o.s.b.f.s.DefaultListableBeanFactory     : Returning cached instance of singleton bean 'org.springframework.boot.actuate.autoconfigure.observation.web.client.RestTemplateObservationConfiguration'
2025-04-01T15:16:28.257+05:30 TRACE 16888 --- [learn-spring-boot] [           main] o.s.b.f.s.DefaultListableBeanFactory     : Returning cached instance of singleton bean 'observationRestTemplateCustomizer'
2025-04-01T15:16:28.257+05:30 TRACE 16888 --- [learn-spring-boot] [           main] o.s.b.f.s.DefaultListableBeanFactory     : Returning cached instance of singleton bean 'org.springframework.boot.actuate.autoconfigure.observation.web.client.RestClientObservationConfiguration'
2025-04-01T15:16:28.257+05:30 TRACE 16888 --- [learn-spring-boot] [           main] o.s.b.f.s.DefaultListableBeanFactory     : Returning cached instance of singleton bean 'observationRestClientCustomizer'
2025-04-01T15:16:28.257+05:30 TRACE 16888 --- [learn-spring-boot] [           main] o.s.b.f.s.DefaultListableBeanFactory     : Returning cached instance of singleton bean 'org.springframework.boot.actuate.autoconfigure.observation.web.client.HttpClientObservationsAutoConfiguration'
2025-04-01T15:16:28.257+05:30 TRACE 16888 --- [learn-spring-boot] [           main] o.s.b.f.s.DefaultListableBeanFactory     : Returning cached instance of singleton bean 'org.springframework.boot.actuate.autoconfigure.observation.web.servlet.WebMvcObservationAutoConfiguration$MeterFilterConfiguration'
2025-04-01T15:16:28.257+05:30 TRACE 16888 --- [learn-spring-boot] [           main] o.s.b.f.s.DefaultListableBeanFactory     : Returning cached instance of singleton bean 'metricsHttpServerUriTagFilter'
2025-04-01T15:16:28.257+05:30 TRACE 16888 --- [learn-spring-boot] [           main] o.s.b.f.s.DefaultListableBeanFactory     : Returning cached instance of singleton bean 'org.springframework.boot.actuate.autoconfigure.observation.web.servlet.WebMvcObservationAutoConfiguration'
2025-04-01T15:16:28.258+05:30 TRACE 16888 --- [learn-spring-boot] [           main] o.s.b.f.s.DefaultListableBeanFactory     : Returning cached instance of singleton bean 'webMvcObservationFilter'
2025-04-01T15:16:28.258+05:30 TRACE 16888 --- [learn-spring-boot] [           main] o.s.b.f.s.DefaultListableBeanFactory     : Returning cached instance of singleton bean 'org.springframework.boot.actuate.autoconfigure.scheduling.ScheduledTasksObservabilityAutoConfiguration'
2025-04-01T15:16:28.258+05:30 TRACE 16888 --- [learn-spring-boot] [           main] o.s.b.f.s.DefaultListableBeanFactory     : Returning cached instance of singleton bean 'observabilitySchedulingConfigurer'
2025-04-01T15:16:28.258+05:30 TRACE 16888 --- [learn-spring-boot] [           main] o.s.b.f.s.DefaultListableBeanFactory     : Returning cached instance of singleton bean 'org.springframework.boot.autoconfigure.aop.AopAutoConfiguration$ClassProxyingConfiguration'
2025-04-01T15:16:28.258+05:30 TRACE 16888 --- [learn-spring-boot] [           main] o.s.b.f.s.DefaultListableBeanFactory     : Returning cached instance of singleton bean 'forceAutoProxyCreatorToUseClassProxying'
2025-04-01T15:16:28.258+05:30 TRACE 16888 --- [learn-spring-boot] [           main] o.s.b.f.s.DefaultListableBeanFactory     : Returning cached instance of singleton bean 'org.springframework.boot.autoconfigure.aop.AopAutoConfiguration'
2025-04-01T15:16:28.258+05:30 TRACE 16888 --- [learn-spring-boot] [           main] o.s.b.f.s.DefaultListableBeanFactory     : Returning cached instance of singleton bean 'org.springframework.boot.autoconfigure.context.ConfigurationPropertiesAutoConfiguration'
2025-04-01T15:16:28.258+05:30 TRACE 16888 --- [learn-spring-boot] [           main] o.s.b.f.s.DefaultListableBeanFactory     : Returning cached instance of singleton bean 'org.springframework.boot.autoconfigure.context.LifecycleAutoConfiguration'
2025-04-01T15:16:28.258+05:30 TRACE 16888 --- [learn-spring-boot] [           main] o.s.b.f.s.DefaultListableBeanFactory     : Returning cached instance of singleton bean 'lifecycleProcessor'
2025-04-01T15:16:28.258+05:30 TRACE 16888 --- [learn-spring-boot] [           main] o.s.b.f.s.DefaultListableBeanFactory     : Returning cached instance of singleton bean 'spring.lifecycle-org.springframework.boot.autoconfigure.context.LifecycleProperties'
2025-04-01T15:16:28.258+05:30 TRACE 16888 --- [learn-spring-boot] [           main] o.s.b.f.s.DefaultListableBeanFactory     : Returning cached instance of singleton bean 'org.springframework.boot.autoconfigure.sql.init.SqlInitializationAutoConfiguration'
2025-04-01T15:16:28.258+05:30 TRACE 16888 --- [learn-spring-boot] [           main] o.s.b.f.s.DefaultListableBeanFactory     : Returning cached instance of singleton bean 'spring.sql.init-org.springframework.boot.autoconfigure.sql.init.SqlInitializationProperties'
2025-04-01T15:16:28.258+05:30 TRACE 16888 --- [learn-spring-boot] [           main] o.s.b.f.s.DefaultListableBeanFactory     : Returning cached instance of singleton bean 'org.springframework.boot.sql.init.dependency.DatabaseInitializationDependencyConfigurer$DependsOnDatabaseInitializationPostProcessor'
2025-04-01T15:16:28.258+05:30 TRACE 16888 --- [learn-spring-boot] [           main] o.s.b.f.s.DefaultListableBeanFactory     : Returning cached instance of singleton bean 'org.springframework.boot.autoconfigure.web.servlet.HttpEncodingAutoConfiguration'
2025-04-01T15:16:28.258+05:30 TRACE 16888 --- [learn-spring-boot] [           main] o.s.b.f.s.DefaultListableBeanFactory     : Returning cached instance of singleton bean 'characterEncodingFilter'
2025-04-01T15:16:28.258+05:30 TRACE 16888 --- [learn-spring-boot] [           main] o.s.b.f.s.DefaultListableBeanFactory     : Returning cached instance of singleton bean 'localeCharsetMappingsCustomizer'
2025-04-01T15:16:28.258+05:30 TRACE 16888 --- [learn-spring-boot] [           main] o.s.b.f.s.DefaultListableBeanFactory     : Returning cached instance of singleton bean 'org.springframework.boot.autoconfigure.web.servlet.MultipartAutoConfiguration'
2025-04-01T15:16:28.258+05:30 TRACE 16888 --- [learn-spring-boot] [           main] o.s.b.f.s.DefaultListableBeanFactory     : Returning cached instance of singleton bean 'multipartConfigElement'
2025-04-01T15:16:28.258+05:30 TRACE 16888 --- [learn-spring-boot] [           main] o.s.b.f.s.DefaultListableBeanFactory     : Returning cached instance of singleton bean 'multipartResolver'
2025-04-01T15:16:28.258+05:30 TRACE 16888 --- [learn-spring-boot] [           main] o.s.b.f.s.DefaultListableBeanFactory     : Returning cached instance of singleton bean 'spring.servlet.multipart-org.springframework.boot.autoconfigure.web.servlet.MultipartProperties'
2025-04-01T15:16:28.258+05:30 TRACE 16888 --- [learn-spring-boot] [           main] o.s.b.f.s.DefaultListableBeanFactory     : Returning cached instance of singleton bean 'org.springframework.boot.actuate.autoconfigure.endpoint.web.ServletEndpointManagementContextConfiguration$WebMvcServletEndpointManagementContextConfiguration'
2025-04-01T15:16:28.258+05:30 TRACE 16888 --- [learn-spring-boot] [           main] o.s.b.f.s.DefaultListableBeanFactory     : Returning cached instance of singleton bean 'servletEndpointRegistrar'
2025-04-01T15:16:28.258+05:30 TRACE 16888 --- [learn-spring-boot] [           main] o.s.b.f.s.DefaultListableBeanFactory     : Returning cached instance of singleton bean 'org.springframework.boot.actuate.autoconfigure.endpoint.web.ServletEndpointManagementContextConfiguration'
2025-04-01T15:16:28.258+05:30 TRACE 16888 --- [learn-spring-boot] [           main] o.s.b.f.s.DefaultListableBeanFactory     : Returning cached instance of singleton bean 'servletExposeExcludePropertyEndpointFilter'
2025-04-01T15:16:28.258+05:30 TRACE 16888 --- [learn-spring-boot] [           main] o.s.b.f.s.DefaultListableBeanFactory     : Returning cached instance of singleton bean 'org.springframework.boot.actuate.autoconfigure.endpoint.web.servlet.WebMvcEndpointManagementContextConfiguration'
2025-04-01T15:16:28.258+05:30 TRACE 16888 --- [learn-spring-boot] [           main] o.s.b.f.s.DefaultListableBeanFactory     : Returning cached instance of singleton bean 'webEndpointServletHandlerMapping'
2025-04-01T15:16:28.258+05:30 TRACE 16888 --- [learn-spring-boot] [           main] o.s.b.f.s.DefaultListableBeanFactory     : Returning cached instance of singleton bean 'controllerEndpointHandlerMapping'
2025-04-01T15:16:28.258+05:30 TRACE 16888 --- [learn-spring-boot] [           main] o.s.b.f.s.DefaultListableBeanFactory     : Returning cached instance of singleton bean 'endpointObjectMapperWebMvcConfigurer'
2025-04-01T15:16:28.258+05:30 TRACE 16888 --- [learn-spring-boot] [           main] o.s.b.f.s.DefaultListableBeanFactory     : Returning cached instance of singleton bean 'management.endpoints.web.cors-org.springframework.boot.actuate.autoconfigure.endpoint.web.CorsEndpointProperties'
2025-04-01T15:16:28.258+05:30 TRACE 16888 --- [learn-spring-boot] [           main] o.s.b.f.s.DefaultListableBeanFactory     : Returning cached instance of singleton bean 'org.springframework.boot.actuate.autoconfigure.web.server.ManagementContextAutoConfiguration$SameManagementContextConfiguration$EnableSameManagementContextConfiguration'
2025-04-01T15:16:28.258+05:30 TRACE 16888 --- [learn-spring-boot] [           main] o.s.b.f.s.DefaultListableBeanFactory     : Returning cached instance of singleton bean 'org.springframework.boot.actuate.autoconfigure.web.server.ManagementContextAutoConfiguration$SameManagementContextConfiguration'
2025-04-01T15:16:28.258+05:30 TRACE 16888 --- [learn-spring-boot] [           main] o.s.b.f.s.DefaultListableBeanFactory     : Returning cached instance of singleton bean 'org.springframework.boot.actuate.autoconfigure.web.server.ManagementContextAutoConfiguration'
2025-04-01T15:16:28.258+05:30 TRACE 16888 --- [learn-spring-boot] [           main] o.s.b.f.s.DefaultListableBeanFactory     : Returning cached instance of singleton bean 'management.server-org.springframework.boot.actuate.autoconfigure.web.server.ManagementServerProperties'
2025-04-01T15:16:28.258+05:30 TRACE 16888 --- [learn-spring-boot] [           main] o.s.b.f.s.DefaultListableBeanFactory     : Returning cached instance of singleton bean 'org.springframework.aop.config.internalAutoProxyCreator'
2025-04-01T15:16:28.261+05:30 TRACE 16888 --- [learn-spring-boot] [           main] o.s.test.context.TestContextManager      : beforeTestExecution(): instance [com.springboot.learn_spring_boot.LearnSpringBootApplicationTests@543fe698], method [void com.springboot.learn_spring_boot.LearnSpringBootApplicationTests.contextLoads()]
2025-04-01T15:16:28.262+05:30 TRACE 16888 --- [learn-spring-boot] [           main] c.DefaultCacheAwareContextLoaderDelegate : Retrieved ApplicationContext [1539038539] from cache with key [WebMergedContextConfiguration@22f02996 testClass = com.springboot.learn_spring_boot.LearnSpringBootApplicationTests, locations = [], classes = [com.springboot.learn_spring_boot.LearnSpringBootApplication], contextInitializerClasses = [], activeProfiles = [], propertySourceDescriptors = [], propertySourceProperties = ["org.springframework.boot.test.context.SpringBootTestContextBootstrapper=true"], contextCustomizers = [org.springframework.boot.test.context.filter.ExcludeFilterContextCustomizer@7e990ed7, org.springframework.boot.test.json.DuplicateJsonObjectContextCustomizerFactory$DuplicateJsonObjectContextCustomizer@5884a914, org.springframework.boot.test.mock.mockito.MockitoContextCustomizer@0, org.springframework.boot.test.web.client.TestRestTemplateContextCustomizer@446a1e84, org.springframework.boot.test.web.reactor.netty.DisableReactorResourceFactoryGlobalResourcesContextCustomizerFactory$DisableReactorResourceFactoryGlobalResourcesContextCustomizerCustomizer@7dfd3c81, org.springframework.boot.test.autoconfigure.OnFailureConditionReportContextCustomizerFactory$OnFailureConditionReportContextCustomizer@6933b6c6, org.springframework.boot.test.autoconfigure.actuate.observability.ObservabilityContextCustomizerFactory$DisableObservabilityContextCustomizer@1f, org.springframework.boot.test.autoconfigure.properties.PropertyMappingContextCustomizer@0, org.springframework.boot.test.autoconfigure.web.servlet.WebDriverContextCustomizer@1224144a, org.springframework.test.context.support.DynamicPropertiesContextCustomizer@0, org.springframework.boot.test.context.SpringBootTestAnnotation@69a9185d], resourceBasePath = "src/main/webapp", contextLoader = org.springframework.boot.test.context.SpringBootContextLoader, parent = null]
2025-04-01T15:16:28.262+05:30 DEBUG 16888 --- [learn-spring-boot] [           main] org.springframework.test.context.cache   : Spring test ApplicationContext cache statistics: [DefaultContextCache@7c8874ef size = 1, maxSize = 32, parentContextCount = 0, hitCount = 6, missCount = 1, failureCount = 0]
2025-04-01T15:16:28.262+05:30 TRACE 16888 --- [learn-spring-boot] [           main] o.s.b.f.s.DefaultListableBeanFactory     : Returning cached instance of singleton bean 'startupTimeMetrics'
2025-04-01T15:16:28.269+05:30 TRACE 16888 --- [learn-spring-boot] [           main] o.s.test.context.TestContextManager      : afterTestExecution(): instance [com.springboot.learn_spring_boot.LearnSpringBootApplicationTests@543fe698], method [void com.springboot.learn_spring_boot.LearnSpringBootApplicationTests.contextLoads()], exception [null]
2025-04-01T15:16:28.269+05:30 TRACE 16888 --- [learn-spring-boot] [           main] c.DefaultCacheAwareContextLoaderDelegate : Retrieved ApplicationContext [1539038539] from cache with key [WebMergedContextConfiguration@22f02996 testClass = com.springboot.learn_spring_boot.LearnSpringBootApplicationTests, locations = [], classes = [com.springboot.learn_spring_boot.LearnSpringBootApplication], contextInitializerClasses = [], activeProfiles = [], propertySourceDescriptors = [], propertySourceProperties = ["org.springframework.boot.test.context.SpringBootTestContextBootstrapper=true"], contextCustomizers = [org.springframework.boot.test.context.filter.ExcludeFilterContextCustomizer@7e990ed7, org.springframework.boot.test.json.DuplicateJsonObjectContextCustomizerFactory$DuplicateJsonObjectContextCustomizer@5884a914, org.springframework.boot.test.mock.mockito.MockitoContextCustomizer@0, org.springframework.boot.test.web.client.TestRestTemplateContextCustomizer@446a1e84, org.springframework.boot.test.web.reactor.netty.DisableReactorResourceFactoryGlobalResourcesContextCustomizerFactory$DisableReactorResourceFactoryGlobalResourcesContextCustomizerCustomizer@7dfd3c81, org.springframework.boot.test.autoconfigure.OnFailureConditionReportContextCustomizerFactory$OnFailureConditionReportContextCustomizer@6933b6c6, org.springframework.boot.test.autoconfigure.actuate.observability.ObservabilityContextCustomizerFactory$DisableObservabilityContextCustomizer@1f, org.springframework.boot.test.autoconfigure.properties.PropertyMappingContextCustomizer@0, org.springframework.boot.test.autoconfigure.web.servlet.WebDriverContextCustomizer@1224144a, org.springframework.test.context.support.DynamicPropertiesContextCustomizer@0, org.springframework.boot.test.context.SpringBootTestAnnotation@69a9185d], resourceBasePath = "src/main/webapp", contextLoader = org.springframework.boot.test.context.SpringBootContextLoader, parent = null]
2025-04-01T15:16:28.269+05:30 DEBUG 16888 --- [learn-spring-boot] [           main] org.springframework.test.context.cache   : Spring test ApplicationContext cache statistics: [DefaultContextCache@7c8874ef size = 1, maxSize = 32, parentContextCount = 0, hitCount = 7, missCount = 1, failureCount = 0]
2025-04-01T15:16:28.270+05:30 TRACE 16888 --- [learn-spring-boot] [           main] o.s.b.f.s.DefaultListableBeanFactory     : Returning cached instance of singleton bean 'startupTimeMetrics'
2025-04-01T15:16:28.270+05:30 TRACE 16888 --- [learn-spring-boot] [           main] o.s.test.context.TestContextManager      : afterTestMethod(): instance [com.springboot.learn_spring_boot.LearnSpringBootApplicationTests@543fe698], method [void com.springboot.learn_spring_boot.LearnSpringBootApplicationTests.contextLoads()], exception [null]
2025-04-01T15:16:28.271+05:30 TRACE 16888 --- [learn-spring-boot] [           main] c.DefaultCacheAwareContextLoaderDelegate : Retrieved ApplicationContext [1539038539] from cache with key [WebMergedContextConfiguration@22f02996 testClass = com.springboot.learn_spring_boot.LearnSpringBootApplicationTests, locations = [], classes = [com.springboot.learn_spring_boot.LearnSpringBootApplication], contextInitializerClasses = [], activeProfiles = [], propertySourceDescriptors = [], propertySourceProperties = ["org.springframework.boot.test.context.SpringBootTestContextBootstrapper=true"], contextCustomizers = [org.springframework.boot.test.context.filter.ExcludeFilterContextCustomizer@7e990ed7, org.springframework.boot.test.json.DuplicateJsonObjectContextCustomizerFactory$DuplicateJsonObjectContextCustomizer@5884a914, org.springframework.boot.test.mock.mockito.MockitoContextCustomizer@0, org.springframework.boot.test.web.client.TestRestTemplateContextCustomizer@446a1e84, org.springframework.boot.test.web.reactor.netty.DisableReactorResourceFactoryGlobalResourcesContextCustomizerFactory$DisableReactorResourceFactoryGlobalResourcesContextCustomizerCustomizer@7dfd3c81, org.springframework.boot.test.autoconfigure.OnFailureConditionReportContextCustomizerFactory$OnFailureConditionReportContextCustomizer@6933b6c6, org.springframework.boot.test.autoconfigure.actuate.observability.ObservabilityContextCustomizerFactory$DisableObservabilityContextCustomizer@1f, org.springframework.boot.test.autoconfigure.properties.PropertyMappingContextCustomizer@0, org.springframework.boot.test.autoconfigure.web.servlet.WebDriverContextCustomizer@1224144a, org.springframework.test.context.support.DynamicPropertiesContextCustomizer@0, org.springframework.boot.test.context.SpringBootTestAnnotation@69a9185d], resourceBasePath = "src/main/webapp", contextLoader = org.springframework.boot.test.context.SpringBootContextLoader, parent = null]
2025-04-01T15:16:28.271+05:30 DEBUG 16888 --- [learn-spring-boot] [           main] org.springframework.test.context.cache   : Spring test ApplicationContext cache statistics: [DefaultContextCache@7c8874ef size = 1, maxSize = 32, parentContextCount = 0, hitCount = 8, missCount = 1, failureCount = 0]
2025-04-01T15:16:28.271+05:30 TRACE 16888 --- [learn-spring-boot] [           main] o.s.b.f.s.DefaultListableBeanFactory     : Returning cached instance of singleton bean 'org.springframework.boot.test.mock.mockito.MockitoPostProcessor$SpyPostProcessor'
2025-04-01T15:16:28.271+05:30 TRACE 16888 --- [learn-spring-boot] [           main] o.s.b.f.s.DefaultListableBeanFactory     : Returning cached instance of singleton bean 'org.springframework.boot.test.mock.mockito.MockitoPostProcessor'
2025-04-01T15:16:28.271+05:30 TRACE 16888 --- [learn-spring-boot] [           main] o.s.b.f.s.DefaultListableBeanFactory     : Returning cached instance of singleton bean 'org.springframework.test.context.support.internalDynamicPropertyRegistrarBeanInitializer'
2025-04-01T15:16:28.271+05:30 TRACE 16888 --- [learn-spring-boot] [           main] o.s.b.f.s.DefaultListableBeanFactory     : Returning cached instance of singleton bean 'org.springframework.context.annotation.internalConfigurationAnnotationProcessor'
2025-04-01T15:16:28.271+05:30 TRACE 16888 --- [learn-spring-boot] [           main] o.s.b.f.s.DefaultListableBeanFactory     : Returning cached instance of singleton bean 'org.springframework.context.annotation.internalAutowiredAnnotationProcessor'
2025-04-01T15:16:28.271+05:30 TRACE 16888 --- [learn-spring-boot] [           main] o.s.b.f.s.DefaultListableBeanFactory     : Returning cached instance of singleton bean 'org.springframework.context.annotation.internalCommonAnnotationProcessor'
2025-04-01T15:16:28.271+05:30 TRACE 16888 --- [learn-spring-boot] [           main] o.s.b.f.s.DefaultListableBeanFactory     : Returning cached instance of singleton bean 'org.springframework.context.event.internalEventListenerProcessor'
2025-04-01T15:16:28.271+05:30 TRACE 16888 --- [learn-spring-boot] [           main] o.s.b.f.s.DefaultListableBeanFactory     : Returning cached instance of singleton bean 'org.springframework.context.event.internalEventListenerFactory'
2025-04-01T15:16:28.271+05:30 TRACE 16888 --- [learn-spring-boot] [           main] o.s.b.f.s.DefaultListableBeanFactory     : Returning cached instance of singleton bean 'learnSpringBootApplication'
2025-04-01T15:16:28.271+05:30 TRACE 16888 --- [learn-spring-boot] [           main] o.s.b.f.s.DefaultListableBeanFactory     : Returning cached instance of singleton bean 'org.springframework.boot.autoconfigure.internalCachingMetadataReaderFactory'
2025-04-01T15:16:28.271+05:30 TRACE 16888 --- [learn-spring-boot] [           main] o.s.b.f.s.DefaultListableBeanFactory     : Returning cached instance of singleton bean 'org.springframework.boot.autoconfigure.internalCachingMetadataReaderFactory'
2025-04-01T15:16:28.271+05:30 TRACE 16888 --- [learn-spring-boot] [           main] o.s.b.f.s.DefaultListableBeanFactory     : Returning cached instance of singleton bean 'courseController'
2025-04-01T15:16:28.271+05:30 TRACE 16888 --- [learn-spring-boot] [           main] o.s.b.f.s.DefaultListableBeanFactory     : Returning cached instance of singleton bean 'currencyConfigurationController'
2025-04-01T15:16:28.271+05:30 TRACE 16888 --- [learn-spring-boot] [           main] o.s.b.f.s.DefaultListableBeanFactory     : Returning cached instance of singleton bean 'currencyServiceConfiguration'
2025-04-01T15:16:28.271+05:30 TRACE 16888 --- [learn-spring-boot] [           main] o.s.b.f.s.DefaultListableBeanFactory     : Returning cached instance of singleton bean 'org.springframework.boot.autoconfigure.AutoConfigurationPackages'
2025-04-01T15:16:28.271+05:30 TRACE 16888 --- [learn-spring-boot] [           main] o.s.b.f.s.DefaultListableBeanFactory     : Returning cached instance of singleton bean 'org.springframework.boot.autoconfigure.context.PropertyPlaceholderAutoConfiguration'
2025-04-01T15:16:28.271+05:30 TRACE 16888 --- [learn-spring-boot] [           main] o.s.b.f.s.DefaultListableBeanFactory     : Returning cached instance of singleton bean 'propertySourcesPlaceholderConfigurer'
2025-04-01T15:16:28.271+05:30 TRACE 16888 --- [learn-spring-boot] [           main] o.s.b.f.s.DefaultListableBeanFactory     : Returning cached instance of singleton bean 'org.springframework.boot.autoconfigure.ssl.SslAutoConfiguration'
2025-04-01T15:16:28.271+05:30 TRACE 16888 --- [learn-spring-boot] [           main] o.s.b.f.s.DefaultListableBeanFactory     : Returning cached instance of singleton bean 'fileWatcher'
2025-04-01T15:16:28.271+05:30 TRACE 16888 --- [learn-spring-boot] [           main] o.s.b.f.s.DefaultListableBeanFactory     : Returning cached instance of singleton bean 'sslPropertiesSslBundleRegistrar'
2025-04-01T15:16:28.271+05:30 TRACE 16888 --- [learn-spring-boot] [           main] o.s.b.f.s.DefaultListableBeanFactory     : Returning cached instance of singleton bean 'sslBundleRegistry'
2025-04-01T15:16:28.271+05:30 TRACE 16888 --- [learn-spring-boot] [           main] o.s.b.f.s.DefaultListableBeanFactory     : Returning cached instance of singleton bean 'org.springframework.boot.context.properties.ConfigurationPropertiesBindingPostProcessor'
2025-04-01T15:16:28.271+05:30 TRACE 16888 --- [learn-spring-boot] [           main] o.s.b.f.s.DefaultListableBeanFactory     : Returning cached instance of singleton bean 'org.springframework.boot.context.internalConfigurationPropertiesBinder'
2025-04-01T15:16:28.271+05:30 TRACE 16888 --- [learn-spring-boot] [           main] o.s.b.f.s.DefaultListableBeanFactory     : Returning cached instance of singleton bean 'org.springframework.boot.context.internalConfigurationPropertiesBinder'
2025-04-01T15:16:28.271+05:30 TRACE 16888 --- [learn-spring-boot] [           main] o.s.b.f.s.DefaultListableBeanFactory     : Returning cached instance of singleton bean 'org.springframework.boot.context.properties.BoundConfigurationProperties'
2025-04-01T15:16:28.271+05:30 TRACE 16888 --- [learn-spring-boot] [           main] o.s.b.f.s.DefaultListableBeanFactory     : Returning cached instance of singleton bean 'org.springframework.boot.context.properties.EnableConfigurationPropertiesRegistrar.methodValidationExcludeFilter'
2025-04-01T15:16:28.271+05:30 TRACE 16888 --- [learn-spring-boot] [           main] o.s.b.f.s.DefaultListableBeanFactory     : Returning cached instance of singleton bean 'spring.ssl-org.springframework.boot.autoconfigure.ssl.SslProperties'
2025-04-01T15:16:28.271+05:30 TRACE 16888 --- [learn-spring-boot] [           main] o.s.b.f.s.DefaultListableBeanFactory     : Returning cached instance of singleton bean 'org.springframework.boot.autoconfigure.websocket.servlet.WebSocketServletAutoConfiguration$TomcatWebSocketConfiguration'
2025-04-01T15:16:28.271+05:30 TRACE 16888 --- [learn-spring-boot] [           main] o.s.b.f.s.DefaultListableBeanFactory     : Returning cached instance of singleton bean 'websocketServletWebServerCustomizer'
2025-04-01T15:16:28.271+05:30 TRACE 16888 --- [learn-spring-boot] [           main] o.s.b.f.s.DefaultListableBeanFactory     : Returning cached instance of singleton bean 'org.springframework.boot.autoconfigure.websocket.servlet.WebSocketServletAutoConfiguration'
2025-04-01T15:16:28.271+05:30 TRACE 16888 --- [learn-spring-boot] [           main] o.s.b.f.s.DefaultListableBeanFactory     : Returning cached instance of singleton bean 'org.springframework.boot.autoconfigure.web.servlet.ServletWebServerFactoryConfiguration$EmbeddedTomcat'
2025-04-01T15:16:28.271+05:30 TRACE 16888 --- [learn-spring-boot] [           main] o.s.b.f.s.DefaultListableBeanFactory     : Returning cached instance of singleton bean 'tomcatServletWebServerFactory'
2025-04-01T15:16:28.271+05:30 TRACE 16888 --- [learn-spring-boot] [           main] o.s.b.f.s.DefaultListableBeanFactory     : Returning cached instance of singleton bean 'org.springframework.boot.autoconfigure.web.servlet.ServletWebServerFactoryAutoConfiguration'
2025-04-01T15:16:28.271+05:30 TRACE 16888 --- [learn-spring-boot] [           main] o.s.b.f.s.DefaultListableBeanFactory     : Returning cached instance of singleton bean 'servletWebServerFactoryCustomizer'
2025-04-01T15:16:28.271+05:30 TRACE 16888 --- [learn-spring-boot] [           main] o.s.b.f.s.DefaultListableBeanFactory     : Returning cached instance of singleton bean 'tomcatServletWebServerFactoryCustomizer'
2025-04-01T15:16:28.271+05:30 TRACE 16888 --- [learn-spring-boot] [           main] o.s.b.f.s.DefaultListableBeanFactory     : Returning cached instance of singleton bean 'server-org.springframework.boot.autoconfigure.web.ServerProperties'
2025-04-01T15:16:28.271+05:30 TRACE 16888 --- [learn-spring-boot] [           main] o.s.b.f.s.DefaultListableBeanFactory     : Returning cached instance of singleton bean 'webServerFactoryCustomizerBeanPostProcessor'
2025-04-01T15:16:28.271+05:30 TRACE 16888 --- [learn-spring-boot] [           main] o.s.b.f.s.DefaultListableBeanFactory     : Returning cached instance of singleton bean 'errorPageRegistrarBeanPostProcessor'
2025-04-01T15:16:28.271+05:30 TRACE 16888 --- [learn-spring-boot] [           main] o.s.b.f.s.DefaultListableBeanFactory     : Returning cached instance of singleton bean 'org.springframework.boot.autoconfigure.web.servlet.DispatcherServletAutoConfiguration$DispatcherServletConfiguration'
2025-04-01T15:16:28.271+05:30 TRACE 16888 --- [learn-spring-boot] [           main] o.s.b.f.s.DefaultListableBeanFactory     : Returning cached instance of singleton bean 'dispatcherServlet'
2025-04-01T15:16:28.271+05:30 TRACE 16888 --- [learn-spring-boot] [           main] o.s.b.f.s.DefaultListableBeanFactory     : Returning cached instance of singleton bean 'spring.mvc-org.springframework.boot.autoconfigure.web.servlet.WebMvcProperties'
2025-04-01T15:16:28.271+05:30 TRACE 16888 --- [learn-spring-boot] [           main] o.s.b.f.s.DefaultListableBeanFactory     : Returning cached instance of singleton bean 'org.springframework.boot.autoconfigure.web.servlet.DispatcherServletAutoConfiguration$DispatcherServletRegistrationConfiguration'
2025-04-01T15:16:28.271+05:30 TRACE 16888 --- [learn-spring-boot] [           main] o.s.b.f.s.DefaultListableBeanFactory     : Returning cached instance of singleton bean 'dispatcherServletRegistration'
2025-04-01T15:16:28.271+05:30 TRACE 16888 --- [learn-spring-boot] [           main] o.s.b.f.s.DefaultListableBeanFactory     : Returning cached instance of singleton bean 'org.springframework.boot.autoconfigure.web.servlet.DispatcherServletAutoConfiguration'
2025-04-01T15:16:28.271+05:30 TRACE 16888 --- [learn-spring-boot] [           main] o.s.b.f.s.DefaultListableBeanFactory     : Returning cached instance of singleton bean 'org.springframework.boot.autoconfigure.task.TaskExecutorConfigurations$ThreadPoolTaskExecutorBuilderConfiguration'
2025-04-01T15:16:28.271+05:30 TRACE 16888 --- [learn-spring-boot] [           main] o.s.b.f.s.DefaultListableBeanFactory     : Returning cached instance of singleton bean 'threadPoolTaskExecutorBuilder'
2025-04-01T15:16:28.271+05:30 TRACE 16888 --- [learn-spring-boot] [           main] o.s.b.f.s.DefaultListableBeanFactory     : Returning cached instance of singleton bean 'org.springframework.boot.autoconfigure.task.TaskExecutorConfigurations$SimpleAsyncTaskExecutorBuilderConfiguration'
2025-04-01T15:16:28.271+05:30 TRACE 16888 --- [learn-spring-boot] [           main] o.s.b.f.s.DefaultListableBeanFactory     : Returning cached instance of singleton bean 'simpleAsyncTaskExecutorBuilder'
2025-04-01T15:16:28.271+05:30 TRACE 16888 --- [learn-spring-boot] [           main] o.s.b.f.s.DefaultListableBeanFactory     : Returning cached instance of singleton bean 'org.springframework.boot.autoconfigure.task.TaskExecutorConfigurations$TaskExecutorConfiguration'
2025-04-01T15:16:28.271+05:30 TRACE 16888 --- [learn-spring-boot] [           main] o.s.b.f.s.DefaultListableBeanFactory     : Returning cached instance of singleton bean 'applicationTaskExecutor'
2025-04-01T15:16:28.271+05:30 TRACE 16888 --- [learn-spring-boot] [           main] o.s.b.f.s.DefaultListableBeanFactory     : Returning cached instance of singleton bean 'org.springframework.boot.autoconfigure.task.TaskExecutionAutoConfiguration'
2025-04-01T15:16:28.271+05:30 TRACE 16888 --- [learn-spring-boot] [           main] o.s.b.f.s.DefaultListableBeanFactory     : Returning cached instance of singleton bean 'spring.task.execution-org.springframework.boot.autoconfigure.task.TaskExecutionProperties'
2025-04-01T15:16:28.271+05:30 TRACE 16888 --- [learn-spring-boot] [           main] o.s.b.f.s.DefaultListableBeanFactory     : Returning cached instance of singleton bean 'org.springframework.boot.autoconfigure.web.servlet.error.ErrorMvcAutoConfiguration$WhitelabelErrorViewConfiguration'
2025-04-01T15:16:28.271+05:30 TRACE 16888 --- [learn-spring-boot] [           main] o.s.b.f.s.DefaultListableBeanFactory     : Returning cached instance of singleton bean 'error'
2025-04-01T15:16:28.271+05:30 TRACE 16888 --- [learn-spring-boot] [           main] o.s.b.f.s.DefaultListableBeanFactory     : Returning cached instance of singleton bean 'beanNameViewResolver'
2025-04-01T15:16:28.271+05:30 TRACE 16888 --- [learn-spring-boot] [           main] o.s.b.f.s.DefaultListableBeanFactory     : Returning cached instance of singleton bean 'org.springframework.boot.autoconfigure.web.servlet.error.ErrorMvcAutoConfiguration$DefaultErrorViewResolverConfiguration'
2025-04-01T15:16:28.271+05:30 TRACE 16888 --- [learn-spring-boot] [           main] o.s.b.f.s.DefaultListableBeanFactory     : Returning cached instance of singleton bean 'conventionErrorViewResolver'
2025-04-01T15:16:28.271+05:30 TRACE 16888 --- [learn-spring-boot] [           main] o.s.b.f.s.DefaultListableBeanFactory     : Returning cached instance of singleton bean 'spring.web-org.springframework.boot.autoconfigure.web.WebProperties'
2025-04-01T15:16:28.271+05:30 TRACE 16888 --- [learn-spring-boot] [           main] o.s.b.f.s.DefaultListableBeanFactory     : Returning cached instance of singleton bean 'org.springframework.boot.autoconfigure.web.servlet.error.ErrorMvcAutoConfiguration'
2025-04-01T15:16:28.271+05:30 TRACE 16888 --- [learn-spring-boot] [           main] o.s.b.f.s.DefaultListableBeanFactory     : Returning cached instance of singleton bean 'errorAttributes'
2025-04-01T15:16:28.271+05:30 TRACE 16888 --- [learn-spring-boot] [           main] o.s.b.f.s.DefaultListableBeanFactory     : Returning cached instance of singleton bean 'basicErrorController'
2025-04-01T15:16:28.271+05:30 TRACE 16888 --- [learn-spring-boot] [           main] o.s.b.f.s.DefaultListableBeanFactory     : Returning cached instance of singleton bean 'errorPageCustomizer'
2025-04-01T15:16:28.271+05:30 TRACE 16888 --- [learn-spring-boot] [           main] o.s.b.f.s.DefaultListableBeanFactory     : Returning cached instance of singleton bean 'preserveErrorControllerTargetClassPostProcessor'
2025-04-01T15:16:28.271+05:30 TRACE 16888 --- [learn-spring-boot] [           main] o.s.b.f.s.DefaultListableBeanFactory     : Returning cached instance of singleton bean 'org.springframework.boot.autoconfigure.web.servlet.WebMvcAutoConfiguration$EnableWebMvcConfiguration'
2025-04-01T15:16:28.271+05:30 TRACE 16888 --- [learn-spring-boot] [           main] o.s.b.f.s.DefaultListableBeanFactory     : Returning cached instance of singleton bean 'welcomePageHandlerMapping'
2025-04-01T15:16:28.271+05:30 TRACE 16888 --- [learn-spring-boot] [           main] o.s.b.f.s.DefaultListableBeanFactory     : Returning cached instance of singleton bean 'welcomePageNotAcceptableHandlerMapping'
2025-04-01T15:16:28.271+05:30 TRACE 16888 --- [learn-spring-boot] [           main] o.s.b.f.s.DefaultListableBeanFactory     : Returning cached instance of singleton bean 'localeResolver'
2025-04-01T15:16:28.271+05:30 TRACE 16888 --- [learn-spring-boot] [           main] o.s.b.f.s.DefaultListableBeanFactory     : Returning cached instance of singleton bean 'themeResolver'
2025-04-01T15:16:28.271+05:30 TRACE 16888 --- [learn-spring-boot] [           main] o.s.b.f.s.DefaultListableBeanFactory     : Returning cached instance of singleton bean 'flashMapManager'
2025-04-01T15:16:28.271+05:30 TRACE 16888 --- [learn-spring-boot] [           main] o.s.b.f.s.DefaultListableBeanFactory     : Returning cached instance of singleton bean 'viewNameTranslator'
2025-04-01T15:16:28.271+05:30 TRACE 16888 --- [learn-spring-boot] [           main] o.s.b.f.s.DefaultListableBeanFactory     : Returning cached instance of singleton bean 'mvcConversionService'
2025-04-01T15:16:28.271+05:30 TRACE 16888 --- [learn-spring-boot] [           main] o.s.b.f.s.DefaultListableBeanFactory     : Returning cached instance of singleton bean 'mvcValidator'
2025-04-01T15:16:28.271+05:30 TRACE 16888 --- [learn-spring-boot] [           main] o.s.b.f.s.DefaultListableBeanFactory     : Returning cached instance of singleton bean 'mvcContentNegotiationManager'
2025-04-01T15:16:28.271+05:30 TRACE 16888 --- [learn-spring-boot] [           main] o.s.b.f.s.DefaultListableBeanFactory     : Returning cached instance of singleton bean 'requestMappingHandlerMapping'
2025-04-01T15:16:28.271+05:30 TRACE 16888 --- [learn-spring-boot] [           main] o.s.b.f.s.DefaultListableBeanFactory     : Returning cached instance of singleton bean 'mvcPatternParser'
2025-04-01T15:16:28.271+05:30 TRACE 16888 --- [learn-spring-boot] [           main] o.s.b.f.s.DefaultListableBeanFactory     : Returning cached instance of singleton bean 'mvcUrlPathHelper'
2025-04-01T15:16:28.271+05:30 TRACE 16888 --- [learn-spring-boot] [           main] o.s.b.f.s.DefaultListableBeanFactory     : Returning cached instance of singleton bean 'mvcPathMatcher'
2025-04-01T15:16:28.271+05:30 TRACE 16888 --- [learn-spring-boot] [           main] o.s.b.f.s.DefaultListableBeanFactory     : Returning cached instance of singleton bean 'viewControllerHandlerMapping'
2025-04-01T15:16:28.271+05:30 TRACE 16888 --- [learn-spring-boot] [           main] o.s.b.f.s.DefaultListableBeanFactory     : Returning cached instance of singleton bean 'beanNameHandlerMapping'
2025-04-01T15:16:28.271+05:30 TRACE 16888 --- [learn-spring-boot] [           main] o.s.b.f.s.DefaultListableBeanFactory     : Returning cached instance of singleton bean 'routerFunctionMapping'
2025-04-01T15:16:28.271+05:30 TRACE 16888 --- [learn-spring-boot] [           main] o.s.b.f.s.DefaultListableBeanFactory     : Returning cached instance of singleton bean 'resourceHandlerMapping'
2025-04-01T15:16:28.272+05:30 TRACE 16888 --- [learn-spring-boot] [           main] o.s.b.f.s.DefaultListableBeanFactory     : Returning cached instance of singleton bean 'mvcResourceUrlProvider'
2025-04-01T15:16:28.272+05:30 TRACE 16888 --- [learn-spring-boot] [           main] o.s.b.f.s.DefaultListableBeanFactory     : Returning cached instance of singleton bean 'defaultServletHandlerMapping'
2025-04-01T15:16:28.272+05:30 TRACE 16888 --- [learn-spring-boot] [           main] o.s.b.f.s.DefaultListableBeanFactory     : Returning cached instance of singleton bean 'requestMappingHandlerAdapter'
2025-04-01T15:16:28.272+05:30 TRACE 16888 --- [learn-spring-boot] [           main] o.s.b.f.s.DefaultListableBeanFactory     : Returning cached instance of singleton bean 'handlerFunctionAdapter'
2025-04-01T15:16:28.272+05:30 TRACE 16888 --- [learn-spring-boot] [           main] o.s.b.f.s.DefaultListableBeanFactory     : Returning cached instance of singleton bean 'mvcUriComponentsContributor'
2025-04-01T15:16:28.272+05:30 TRACE 16888 --- [learn-spring-boot] [           main] o.s.b.f.s.DefaultListableBeanFactory     : Returning cached instance of singleton bean 'httpRequestHandlerAdapter'
2025-04-01T15:16:28.272+05:30 TRACE 16888 --- [learn-spring-boot] [           main] o.s.b.f.s.DefaultListableBeanFactory     : Returning cached instance of singleton bean 'simpleControllerHandlerAdapter'
2025-04-01T15:16:28.272+05:30 TRACE 16888 --- [learn-spring-boot] [           main] o.s.b.f.s.DefaultListableBeanFactory     : Returning cached instance of singleton bean 'handlerExceptionResolver'
2025-04-01T15:16:28.272+05:30 TRACE 16888 --- [learn-spring-boot] [           main] o.s.b.f.s.DefaultListableBeanFactory     : Returning cached instance of singleton bean 'mvcViewResolver'
2025-04-01T15:16:28.272+05:30 TRACE 16888 --- [learn-spring-boot] [           main] o.s.b.f.s.DefaultListableBeanFactory     : Returning cached instance of singleton bean 'org.springframework.boot.autoconfigure.web.servlet.WebMvcAutoConfiguration$WebMvcAutoConfigurationAdapter'
2025-04-01T15:16:28.272+05:30 TRACE 16888 --- [learn-spring-boot] [           main] o.s.b.f.s.DefaultListableBeanFactory     : Returning cached instance of singleton bean 'defaultViewResolver'
2025-04-01T15:16:28.272+05:30 TRACE 16888 --- [learn-spring-boot] [           main] o.s.b.f.s.DefaultListableBeanFactory     : Returning cached instance of singleton bean 'viewResolver'
2025-04-01T15:16:28.272+05:30 TRACE 16888 --- [learn-spring-boot] [           main] o.s.b.f.s.DefaultListableBeanFactory     : Returning cached instance of singleton bean 'requestContextFilter'
2025-04-01T15:16:28.272+05:30 TRACE 16888 --- [learn-spring-boot] [           main] o.s.b.f.s.DefaultListableBeanFactory     : Returning cached instance of singleton bean 'org.springframework.boot.autoconfigure.web.servlet.WebMvcAutoConfiguration'
2025-04-01T15:16:28.272+05:30 TRACE 16888 --- [learn-spring-boot] [           main] o.s.b.f.s.DefaultListableBeanFactory     : Returning cached instance of singleton bean 'formContentFilter'
2025-04-01T15:16:28.272+05:30 TRACE 16888 --- [learn-spring-boot] [           main] o.s.b.f.s.DefaultListableBeanFactory     : Returning cached instance of singleton bean 'org.springframework.boot.autoconfigure.availability.ApplicationAvailabilityAutoConfiguration'
2025-04-01T15:16:28.272+05:30 TRACE 16888 --- [learn-spring-boot] [           main] o.s.b.f.s.DefaultListableBeanFactory     : Returning cached instance of singleton bean 'applicationAvailability'
2025-04-01T15:16:28.272+05:30 TRACE 16888 --- [learn-spring-boot] [           main] o.s.b.f.s.DefaultListableBeanFactory     : Returning cached instance of singleton bean 'org.springframework.boot.actuate.autoconfigure.availability.AvailabilityHealthContributorAutoConfiguration'
2025-04-01T15:16:28.272+05:30 TRACE 16888 --- [learn-spring-boot] [           main] o.s.b.f.s.DefaultListableBeanFactory     : Returning cached instance of singleton bean 'org.springframework.boot.autoconfigure.jackson.JacksonAutoConfiguration$Jackson2ObjectMapperBuilderCustomizerConfiguration'
2025-04-01T15:16:28.272+05:30 TRACE 16888 --- [learn-spring-boot] [           main] o.s.b.f.s.DefaultListableBeanFactory     : Returning cached instance of singleton bean 'standardJacksonObjectMapperBuilderCustomizer'
2025-04-01T15:16:28.272+05:30 TRACE 16888 --- [learn-spring-boot] [           main] o.s.b.f.s.DefaultListableBeanFactory     : Returning cached instance of singleton bean 'spring.jackson-org.springframework.boot.autoconfigure.jackson.JacksonProperties'
2025-04-01T15:16:28.272+05:30 TRACE 16888 --- [learn-spring-boot] [           main] o.s.b.f.s.DefaultListableBeanFactory     : Returning cached instance of singleton bean 'org.springframework.boot.autoconfigure.jackson.JacksonAutoConfiguration$JacksonObjectMapperBuilderConfiguration'
2025-04-01T15:16:28.272+05:30 TRACE 16888 --- [learn-spring-boot] [           main] o.s.b.f.s.DefaultListableBeanFactory     : Returning cached instance of singleton bean 'org.springframework.boot.autoconfigure.jackson.JacksonAutoConfiguration$ParameterNamesModuleConfiguration'
2025-04-01T15:16:28.272+05:30 TRACE 16888 --- [learn-spring-boot] [           main] o.s.b.f.s.DefaultListableBeanFactory     : Returning cached instance of singleton bean 'parameterNamesModule'
2025-04-01T15:16:28.272+05:30 TRACE 16888 --- [learn-spring-boot] [           main] o.s.b.f.s.DefaultListableBeanFactory     : Returning cached instance of singleton bean 'org.springframework.boot.autoconfigure.jackson.JacksonAutoConfiguration$JacksonObjectMapperConfiguration'
2025-04-01T15:16:28.272+05:30 TRACE 16888 --- [learn-spring-boot] [           main] o.s.b.f.s.DefaultListableBeanFactory     : Returning cached instance of singleton bean 'jacksonObjectMapper'
2025-04-01T15:16:28.272+05:30 TRACE 16888 --- [learn-spring-boot] [           main] o.s.b.f.s.DefaultListableBeanFactory     : Returning cached instance of singleton bean 'org.springframework.boot.autoconfigure.jackson.JacksonAutoConfiguration$JacksonMixinConfiguration'
2025-04-01T15:16:28.272+05:30 TRACE 16888 --- [learn-spring-boot] [           main] o.s.b.f.s.DefaultListableBeanFactory     : Returning cached instance of singleton bean 'jsonMixinModuleEntries'
2025-04-01T15:16:28.272+05:30 TRACE 16888 --- [learn-spring-boot] [           main] o.s.b.f.s.DefaultListableBeanFactory     : Returning cached instance of singleton bean 'jsonMixinModule'
2025-04-01T15:16:28.272+05:30 TRACE 16888 --- [learn-spring-boot] [           main] o.s.b.f.s.DefaultListableBeanFactory     : Returning cached instance of singleton bean 'org.springframework.boot.autoconfigure.jackson.JacksonAutoConfiguration'
2025-04-01T15:16:28.272+05:30 TRACE 16888 --- [learn-spring-boot] [           main] o.s.b.f.s.DefaultListableBeanFactory     : Returning cached instance of singleton bean 'jsonComponentModule'
2025-04-01T15:16:28.272+05:30 TRACE 16888 --- [learn-spring-boot] [           main] o.s.b.f.s.DefaultListableBeanFactory     : Returning cached instance of singleton bean 'org.springframework.boot.actuate.autoconfigure.health.HealthEndpointConfiguration'
2025-04-01T15:16:28.272+05:30 TRACE 16888 --- [learn-spring-boot] [           main] o.s.b.f.s.DefaultListableBeanFactory     : Returning cached instance of singleton bean 'healthStatusAggregator'
2025-04-01T15:16:28.272+05:30 TRACE 16888 --- [learn-spring-boot] [           main] o.s.b.f.s.DefaultListableBeanFactory     : Returning cached instance of singleton bean 'healthHttpCodeStatusMapper'
2025-04-01T15:16:28.272+05:30 TRACE 16888 --- [learn-spring-boot] [           main] o.s.b.f.s.DefaultListableBeanFactory     : Returning cached instance of singleton bean 'healthEndpointGroups'
2025-04-01T15:16:28.272+05:30 TRACE 16888 --- [learn-spring-boot] [           main] o.s.b.f.s.DefaultListableBeanFactory     : Returning cached instance of singleton bean 'healthContributorRegistry'
2025-04-01T15:16:28.272+05:30 TRACE 16888 --- [learn-spring-boot] [           main] o.s.b.f.s.DefaultListableBeanFactory     : Returning cached instance of singleton bean 'healthEndpointGroupMembershipValidator'
2025-04-01T15:16:28.272+05:30 TRACE 16888 --- [learn-spring-boot] [           main] o.s.b.f.s.DefaultListableBeanFactory     : Returning cached instance of singleton bean 'healthEndpoint'
2025-04-01T15:16:28.272+05:30 TRACE 16888 --- [learn-spring-boot] [           main] o.s.b.f.s.DefaultListableBeanFactory     : Returning cached instance of singleton bean 'healthEndpointGroupsBeanPostProcessor'
2025-04-01T15:16:28.272+05:30 TRACE 16888 --- [learn-spring-boot] [           main] o.s.b.f.s.DefaultListableBeanFactory     : Returning cached instance of singleton bean 'org.springframework.boot.actuate.autoconfigure.health.HealthEndpointWebExtensionConfiguration$MvcAdditionalHealthEndpointPathsConfiguration'
2025-04-01T15:16:28.272+05:30 TRACE 16888 --- [learn-spring-boot] [           main] o.s.b.f.s.DefaultListableBeanFactory     : Returning cached instance of singleton bean 'healthEndpointWebMvcHandlerMapping'
2025-04-01T15:16:28.272+05:30 TRACE 16888 --- [learn-spring-boot] [           main] o.s.b.f.s.DefaultListableBeanFactory     : Returning cached instance of singleton bean 'org.springframework.boot.actuate.autoconfigure.health.HealthEndpointWebExtensionConfiguration'
2025-04-01T15:16:28.272+05:30 TRACE 16888 --- [learn-spring-boot] [           main] o.s.b.f.s.DefaultListableBeanFactory     : Returning cached instance of singleton bean 'healthEndpointWebExtension'
2025-04-01T15:16:28.272+05:30 TRACE 16888 --- [learn-spring-boot] [           main] o.s.b.f.s.DefaultListableBeanFactory     : Returning cached instance of singleton bean 'org.springframework.boot.actuate.autoconfigure.health.HealthEndpointAutoConfiguration'
2025-04-01T15:16:28.272+05:30 TRACE 16888 --- [learn-spring-boot] [           main] o.s.b.f.s.DefaultListableBeanFactory     : Returning cached instance of singleton bean 'management.endpoint.health-org.springframework.boot.actuate.autoconfigure.health.HealthEndpointProperties'
2025-04-01T15:16:28.272+05:30 TRACE 16888 --- [learn-spring-boot] [           main] o.s.b.f.s.DefaultListableBeanFactory     : Returning cached instance of singleton bean 'org.springframework.boot.autoconfigure.info.ProjectInfoAutoConfiguration'
2025-04-01T15:16:28.272+05:30 TRACE 16888 --- [learn-spring-boot] [           main] o.s.b.f.s.DefaultListableBeanFactory     : Returning cached instance of singleton bean 'spring.info-org.springframework.boot.autoconfigure.info.ProjectInfoProperties'
2025-04-01T15:16:28.272+05:30 TRACE 16888 --- [learn-spring-boot] [           main] o.s.b.f.s.DefaultListableBeanFactory     : Returning cached instance of singleton bean 'org.springframework.boot.actuate.autoconfigure.info.InfoContributorAutoConfiguration'
2025-04-01T15:16:28.272+05:30 TRACE 16888 --- [learn-spring-boot] [           main] o.s.b.f.s.DefaultListableBeanFactory     : Returning cached instance of singleton bean 'management.health.ssl-org.springframework.boot.actuate.autoconfigure.ssl.SslHealthIndicatorProperties'
2025-04-01T15:16:28.272+05:30 TRACE 16888 --- [learn-spring-boot] [           main] o.s.b.f.s.DefaultListableBeanFactory     : Returning cached instance of singleton bean 'management.info-org.springframework.boot.actuate.autoconfigure.info.InfoContributorProperties'
2025-04-01T15:16:28.272+05:30 TRACE 16888 --- [learn-spring-boot] [           main] o.s.b.f.s.DefaultListableBeanFactory     : Returning cached instance of singleton bean 'org.springframework.boot.actuate.autoconfigure.web.servlet.ServletManagementContextAutoConfiguration'
2025-04-01T15:16:28.272+05:30 TRACE 16888 --- [learn-spring-boot] [           main] o.s.b.f.s.DefaultListableBeanFactory     : Returning cached instance of singleton bean 'servletWebChildContextFactory'
2025-04-01T15:16:28.272+05:30 TRACE 16888 --- [learn-spring-boot] [           main] o.s.b.f.s.DefaultListableBeanFactory     : Returning cached instance of singleton bean 'managementServletContext'
2025-04-01T15:16:28.272+05:30 TRACE 16888 --- [learn-spring-boot] [           main] o.s.b.f.s.DefaultListableBeanFactory     : Returning cached instance of singleton bean 'org.springframework.boot.actuate.autoconfigure.endpoint.EndpointAutoConfiguration'
2025-04-01T15:16:28.272+05:30 TRACE 16888 --- [learn-spring-boot] [           main] o.s.b.f.s.DefaultListableBeanFactory     : Returning cached instance of singleton bean 'endpointOperationParameterMapper'
2025-04-01T15:16:28.272+05:30 TRACE 16888 --- [learn-spring-boot] [           main] o.s.b.f.s.DefaultListableBeanFactory     : Returning cached instance of singleton bean 'endpointCachingOperationInvokerAdvisor'
2025-04-01T15:16:28.272+05:30 TRACE 16888 --- [learn-spring-boot] [           main] o.s.b.f.s.DefaultListableBeanFactory     : Returning cached instance of singleton bean 'propertiesEndpointAccessResolver'
2025-04-01T15:16:28.272+05:30 TRACE 16888 --- [learn-spring-boot] [           main] o.s.b.f.s.DefaultListableBeanFactory     : Returning cached instance of singleton bean 'org.springframework.boot.actuate.autoconfigure.endpoint.jackson.JacksonEndpointAutoConfiguration'
2025-04-01T15:16:28.272+05:30 TRACE 16888 --- [learn-spring-boot] [           main] o.s.b.f.s.DefaultListableBeanFactory     : Returning cached instance of singleton bean 'endpointObjectMapper'
2025-04-01T15:16:28.272+05:30 TRACE 16888 --- [learn-spring-boot] [           main] o.s.b.f.s.DefaultListableBeanFactory     : Returning cached instance of singleton bean 'org.springframework.boot.actuate.autoconfigure.endpoint.web.WebEndpointAutoConfiguration$WebEndpointServletConfiguration'
2025-04-01T15:16:28.272+05:30 TRACE 16888 --- [learn-spring-boot] [           main] o.s.b.f.s.DefaultListableBeanFactory     : Returning cached instance of singleton bean 'servletEndpointDiscoverer'
2025-04-01T15:16:28.272+05:30 TRACE 16888 --- [learn-spring-boot] [           main] o.s.b.f.s.DefaultListableBeanFactory     : Returning cached instance of singleton bean 'org.springframework.boot.actuate.autoconfigure.endpoint.web.WebEndpointAutoConfiguration'
2025-04-01T15:16:28.272+05:30 TRACE 16888 --- [learn-spring-boot] [           main] o.s.b.f.s.DefaultListableBeanFactory     : Returning cached instance of singleton bean 'webEndpointPathMapper'
2025-04-01T15:16:28.272+05:30 TRACE 16888 --- [learn-spring-boot] [           main] o.s.b.f.s.DefaultListableBeanFactory     : Returning cached instance of singleton bean 'endpointMediaTypes'
2025-04-01T15:16:28.272+05:30 TRACE 16888 --- [learn-spring-boot] [           main] o.s.b.f.s.DefaultListableBeanFactory     : Returning cached instance of singleton bean 'webEndpointDiscoverer'
2025-04-01T15:16:28.272+05:30 TRACE 16888 --- [learn-spring-boot] [           main] o.s.b.f.s.DefaultListableBeanFactory     : Returning cached instance of singleton bean 'controllerEndpointDiscoverer'
2025-04-01T15:16:28.272+05:30 TRACE 16888 --- [learn-spring-boot] [           main] o.s.b.f.s.DefaultListableBeanFactory     : Returning cached instance of singleton bean 'pathMappedEndpoints'
2025-04-01T15:16:28.272+05:30 TRACE 16888 --- [learn-spring-boot] [           main] o.s.b.f.s.DefaultListableBeanFactory     : Returning cached instance of singleton bean 'webExposeExcludePropertyEndpointFilter'
2025-04-01T15:16:28.272+05:30 TRACE 16888 --- [learn-spring-boot] [           main] o.s.b.f.s.DefaultListableBeanFactory     : Returning cached instance of singleton bean 'controllerExposeExcludePropertyEndpointFilter'
2025-04-01T15:16:28.272+05:30 TRACE 16888 --- [learn-spring-boot] [           main] o.s.b.f.s.DefaultListableBeanFactory     : Returning cached instance of singleton bean 'webAccessPropertiesOperationFilter'
2025-04-01T15:16:28.272+05:30 TRACE 16888 --- [learn-spring-boot] [           main] o.s.b.f.s.DefaultListableBeanFactory     : Returning cached instance of singleton bean 'management.endpoints.web-org.springframework.boot.actuate.autoconfigure.endpoint.web.WebEndpointProperties'
2025-04-01T15:16:28.272+05:30 TRACE 16888 --- [learn-spring-boot] [           main] o.s.b.f.s.DefaultListableBeanFactory     : Returning cached instance of singleton bean 'org.springframework.boot.actuate.autoconfigure.ssl.SslHealthContributorAutoConfiguration'
2025-04-01T15:16:28.272+05:30 TRACE 16888 --- [learn-spring-boot] [           main] o.s.b.f.s.DefaultListableBeanFactory     : Returning cached instance of singleton bean 'sslHealthIndicator'
2025-04-01T15:16:28.272+05:30 TRACE 16888 --- [learn-spring-boot] [           main] o.s.b.f.s.DefaultListableBeanFactory     : Returning cached instance of singleton bean 'sslInfo'
2025-04-01T15:16:28.272+05:30 TRACE 16888 --- [learn-spring-boot] [           main] o.s.b.f.s.DefaultListableBeanFactory     : Returning cached instance of singleton bean 'org.springframework.boot.actuate.autoconfigure.system.DiskSpaceHealthContributorAutoConfiguration'
2025-04-01T15:16:28.272+05:30 TRACE 16888 --- [learn-spring-boot] [           main] o.s.b.f.s.DefaultListableBeanFactory     : Returning cached instance of singleton bean 'diskSpaceHealthIndicator'
2025-04-01T15:16:28.272+05:30 TRACE 16888 --- [learn-spring-boot] [           main] o.s.b.f.s.DefaultListableBeanFactory     : Returning cached instance of singleton bean 'management.health.diskspace-org.springframework.boot.actuate.autoconfigure.system.DiskSpaceHealthIndicatorProperties'
2025-04-01T15:16:28.272+05:30 TRACE 16888 --- [learn-spring-boot] [           main] o.s.b.f.s.DefaultListableBeanFactory     : Returning cached instance of singleton bean 'org.springframework.boot.actuate.autoconfigure.health.HealthContributorAutoConfiguration'
2025-04-01T15:16:28.272+05:30 TRACE 16888 --- [learn-spring-boot] [           main] o.s.b.f.s.DefaultListableBeanFactory     : Returning cached instance of singleton bean 'pingHealthContributor'
2025-04-01T15:16:28.272+05:30 TRACE 16888 --- [learn-spring-boot] [           main] o.s.b.f.s.DefaultListableBeanFactory     : Returning cached instance of singleton bean 'org.springframework.boot.actuate.autoconfigure.metrics.MetricsAutoConfiguration'
2025-04-01T15:16:28.272+05:30 TRACE 16888 --- [learn-spring-boot] [           main] o.s.b.f.s.DefaultListableBeanFactory     : Returning cached instance of singleton bean 'micrometerClock'
2025-04-01T15:16:28.272+05:30 TRACE 16888 --- [learn-spring-boot] [           main] o.s.b.f.s.DefaultListableBeanFactory     : Returning cached instance of singleton bean 'meterRegistryPostProcessor'
2025-04-01T15:16:28.272+05:30 TRACE 16888 --- [learn-spring-boot] [           main] o.s.b.f.s.DefaultListableBeanFactory     : Returning cached instance of singleton bean 'propertiesMeterFilter'
2025-04-01T15:16:28.272+05:30 TRACE 16888 --- [learn-spring-boot] [           main] o.s.b.f.s.DefaultListableBeanFactory     : Returning cached instance of singleton bean 'meterRegistryCloser'
2025-04-01T15:16:28.272+05:30 TRACE 16888 --- [learn-spring-boot] [           main] o.s.b.f.s.DefaultListableBeanFactory     : Returning cached instance of singleton bean 'management.metrics-org.springframework.boot.actuate.autoconfigure.metrics.MetricsProperties'
2025-04-01T15:16:28.272+05:30 TRACE 16888 --- [learn-spring-boot] [           main] o.s.b.f.s.DefaultListableBeanFactory     : Returning cached instance of singleton bean 'org.springframework.boot.actuate.autoconfigure.metrics.export.simple.SimpleMetricsExportAutoConfiguration'
2025-04-01T15:16:28.272+05:30 TRACE 16888 --- [learn-spring-boot] [           main] o.s.b.f.s.DefaultListableBeanFactory     : Returning cached instance of singleton bean 'simpleMeterRegistry'
2025-04-01T15:16:28.272+05:30 TRACE 16888 --- [learn-spring-boot] [           main] o.s.b.f.s.DefaultListableBeanFactory     : Returning cached instance of singleton bean 'simpleConfig'
2025-04-01T15:16:28.272+05:30 TRACE 16888 --- [learn-spring-boot] [           main] o.s.b.f.s.DefaultListableBeanFactory     : Returning cached instance of singleton bean 'management.simple.metrics.export-org.springframework.boot.actuate.autoconfigure.metrics.export.simple.SimpleProperties'
2025-04-01T15:16:28.272+05:30 TRACE 16888 --- [learn-spring-boot] [           main] o.s.b.f.s.DefaultListableBeanFactory     : Returning cached instance of singleton bean 'org.springframework.boot.actuate.autoconfigure.metrics.CompositeMeterRegistryAutoConfiguration'
2025-04-01T15:16:28.272+05:30 TRACE 16888 --- [learn-spring-boot] [           main] o.s.b.f.s.DefaultListableBeanFactory     : Returning cached instance of singleton bean 'org.springframework.boot.actuate.autoconfigure.metrics.JvmMetricsAutoConfiguration'
2025-04-01T15:16:28.272+05:30 TRACE 16888 --- [learn-spring-boot] [           main] o.s.b.f.s.DefaultListableBeanFactory     : Returning cached instance of singleton bean 'jvmGcMetrics'
2025-04-01T15:16:28.272+05:30 TRACE 16888 --- [learn-spring-boot] [           main] o.s.b.f.s.DefaultListableBeanFactory     : Returning cached instance of singleton bean 'jvmHeapPressureMetrics'
2025-04-01T15:16:28.272+05:30 TRACE 16888 --- [learn-spring-boot] [           main] o.s.b.f.s.DefaultListableBeanFactory     : Returning cached instance of singleton bean 'jvmMemoryMetrics'
2025-04-01T15:16:28.272+05:30 TRACE 16888 --- [learn-spring-boot] [           main] o.s.b.f.s.DefaultListableBeanFactory     : Returning cached instance of singleton bean 'jvmThreadMetrics'
2025-04-01T15:16:28.272+05:30 TRACE 16888 --- [learn-spring-boot] [           main] o.s.b.f.s.DefaultListableBeanFactory     : Returning cached instance of singleton bean 'classLoaderMetrics'
2025-04-01T15:16:28.273+05:30 TRACE 16888 --- [learn-spring-boot] [           main] o.s.b.f.s.DefaultListableBeanFactory     : Returning cached instance of singleton bean 'jvmInfoMetrics'
2025-04-01T15:16:28.273+05:30 TRACE 16888 --- [learn-spring-boot] [           main] o.s.b.f.s.DefaultListableBeanFactory     : Returning cached instance of singleton bean 'jvmCompilationMetrics'
2025-04-01T15:16:28.273+05:30 TRACE 16888 --- [learn-spring-boot] [           main] o.s.b.f.s.DefaultListableBeanFactory     : Returning cached instance of singleton bean 'org.springframework.boot.actuate.autoconfigure.metrics.LogbackMetricsAutoConfiguration'
2025-04-01T15:16:28.273+05:30 TRACE 16888 --- [learn-spring-boot] [           main] o.s.b.f.s.DefaultListableBeanFactory     : Returning cached instance of singleton bean 'logbackMetrics'
2025-04-01T15:16:28.273+05:30 TRACE 16888 --- [learn-spring-boot] [           main] o.s.b.f.s.DefaultListableBeanFactory     : Returning cached instance of singleton bean 'org.springframework.boot.actuate.autoconfigure.metrics.SystemMetricsAutoConfiguration'
2025-04-01T15:16:28.273+05:30 TRACE 16888 --- [learn-spring-boot] [           main] o.s.b.f.s.DefaultListableBeanFactory     : Returning cached instance of singleton bean 'uptimeMetrics'
2025-04-01T15:16:28.273+05:30 TRACE 16888 --- [learn-spring-boot] [           main] o.s.b.f.s.DefaultListableBeanFactory     : Returning cached instance of singleton bean 'processorMetrics'
2025-04-01T15:16:28.273+05:30 TRACE 16888 --- [learn-spring-boot] [           main] o.s.b.f.s.DefaultListableBeanFactory     : Returning cached instance of singleton bean 'fileDescriptorMetrics'
2025-04-01T15:16:28.273+05:30 TRACE 16888 --- [learn-spring-boot] [           main] o.s.b.f.s.DefaultListableBeanFactory     : Returning cached instance of singleton bean 'diskSpaceMetrics'
2025-04-01T15:16:28.273+05:30 TRACE 16888 --- [learn-spring-boot] [           main] o.s.b.f.s.DefaultListableBeanFactory     : Returning cached instance of singleton bean 'org.springframework.boot.actuate.autoconfigure.metrics.integration.IntegrationMetricsAutoConfiguration'
2025-04-01T15:16:28.273+05:30 TRACE 16888 --- [learn-spring-boot] [           main] o.s.b.f.s.DefaultListableBeanFactory     : Returning cached instance of singleton bean 'org.springframework.boot.actuate.autoconfigure.metrics.startup.StartupTimeMetricsListenerAutoConfiguration'
2025-04-01T15:16:28.273+05:30 TRACE 16888 --- [learn-spring-boot] [           main] o.s.b.f.s.DefaultListableBeanFactory     : Returning cached instance of singleton bean 'startupTimeMetrics'
2025-04-01T15:16:28.273+05:30 TRACE 16888 --- [learn-spring-boot] [           main] o.s.b.f.s.DefaultListableBeanFactory     : Returning cached instance of singleton bean 'org.springframework.boot.autoconfigure.task.TaskSchedulingConfigurations$ThreadPoolTaskSchedulerBuilderConfiguration'
2025-04-01T15:16:28.273+05:30 TRACE 16888 --- [learn-spring-boot] [           main] o.s.b.f.s.DefaultListableBeanFactory     : Returning cached instance of singleton bean 'threadPoolTaskSchedulerBuilder'
2025-04-01T15:16:28.273+05:30 TRACE 16888 --- [learn-spring-boot] [           main] o.s.b.f.s.DefaultListableBeanFactory     : Returning cached instance of singleton bean 'org.springframework.boot.autoconfigure.task.TaskSchedulingConfigurations$SimpleAsyncTaskSchedulerBuilderConfiguration'
2025-04-01T15:16:28.273+05:30 TRACE 16888 --- [learn-spring-boot] [           main] o.s.b.f.s.DefaultListableBeanFactory     : Returning cached instance of singleton bean 'simpleAsyncTaskSchedulerBuilder'
2025-04-01T15:16:28.273+05:30 TRACE 16888 --- [learn-spring-boot] [           main] o.s.b.f.s.DefaultListableBeanFactory     : Returning cached instance of singleton bean 'org.springframework.boot.autoconfigure.task.TaskSchedulingAutoConfiguration'
2025-04-01T15:16:28.273+05:30 TRACE 16888 --- [learn-spring-boot] [           main] o.s.b.f.s.DefaultListableBeanFactory     : Returning cached instance of singleton bean 'spring.task.scheduling-org.springframework.boot.autoconfigure.task.TaskSchedulingProperties'
2025-04-01T15:16:28.273+05:30 TRACE 16888 --- [learn-spring-boot] [           main] o.s.b.f.s.DefaultListableBeanFactory     : Returning cached instance of singleton bean 'org.springframework.boot.actuate.autoconfigure.metrics.task.TaskExecutorMetricsAutoConfiguration'
2025-04-01T15:16:28.273+05:30 TRACE 16888 --- [learn-spring-boot] [           main] o.s.b.f.s.DefaultListableBeanFactory     : Returning cached instance of singleton bean 'eagerTaskExecutorMetrics'
2025-04-01T15:16:28.273+05:30 TRACE 16888 --- [learn-spring-boot] [           main] o.s.b.f.s.DefaultListableBeanFactory     : Returning cached instance of singleton bean 'org.springframework.boot.actuate.autoconfigure.metrics.web.tomcat.TomcatMetricsAutoConfiguration'
2025-04-01T15:16:28.273+05:30 TRACE 16888 --- [learn-spring-boot] [           main] o.s.b.f.s.DefaultListableBeanFactory     : Returning cached instance of singleton bean 'tomcatMetricsBinder'
2025-04-01T15:16:28.273+05:30 TRACE 16888 --- [learn-spring-boot] [           main] o.s.b.f.s.DefaultListableBeanFactory     : Returning cached instance of singleton bean 'org.springframework.boot.actuate.autoconfigure.observation.ObservationAutoConfiguration$MeterObservationHandlerConfiguration$OnlyMetricsMeterObservationHandlerConfiguration'
2025-04-01T15:16:28.273+05:30 TRACE 16888 --- [learn-spring-boot] [           main] o.s.b.f.s.DefaultListableBeanFactory     : Returning cached instance of singleton bean 'defaultMeterObservationHandler'
2025-04-01T15:16:28.273+05:30 TRACE 16888 --- [learn-spring-boot] [           main] o.s.b.f.s.DefaultListableBeanFactory     : Returning cached instance of singleton bean 'org.springframework.boot.actuate.autoconfigure.observation.ObservationAutoConfiguration$MeterObservationHandlerConfiguration'
2025-04-01T15:16:28.273+05:30 TRACE 16888 --- [learn-spring-boot] [           main] o.s.b.f.s.DefaultListableBeanFactory     : Returning cached instance of singleton bean 'org.springframework.boot.actuate.autoconfigure.observation.ObservationAutoConfiguration$OnlyMetricsConfiguration'
2025-04-01T15:16:28.273+05:30 TRACE 16888 --- [learn-spring-boot] [           main] o.s.b.f.s.DefaultListableBeanFactory     : Returning cached instance of singleton bean 'metricsObservationHandlerGrouping'
2025-04-01T15:16:28.273+05:30 TRACE 16888 --- [learn-spring-boot] [           main] o.s.b.f.s.DefaultListableBeanFactory     : Returning cached instance of singleton bean 'org.springframework.boot.actuate.autoconfigure.observation.ObservationAutoConfiguration'
2025-04-01T15:16:28.273+05:30 TRACE 16888 --- [learn-spring-boot] [           main] o.s.b.f.s.DefaultListableBeanFactory     : Returning cached instance of singleton bean 'observationRegistryPostProcessor'
2025-04-01T15:16:28.273+05:30 TRACE 16888 --- [learn-spring-boot] [           main] o.s.b.f.s.DefaultListableBeanFactory     : Returning cached instance of singleton bean 'observationRegistry'
2025-04-01T15:16:28.273+05:30 TRACE 16888 --- [learn-spring-boot] [           main] o.s.b.f.s.DefaultListableBeanFactory     : Returning cached instance of singleton bean 'propertiesObservationFilter'
2025-04-01T15:16:28.273+05:30 TRACE 16888 --- [learn-spring-boot] [           main] o.s.b.f.s.DefaultListableBeanFactory     : Returning cached instance of singleton bean 'management.observations-org.springframework.boot.actuate.autoconfigure.observation.ObservationProperties'
2025-04-01T15:16:28.273+05:30 TRACE 16888 --- [learn-spring-boot] [           main] o.s.b.f.s.DefaultListableBeanFactory     : Returning cached instance of singleton bean 'org.springframework.boot.autoconfigure.http.HttpMessageConvertersAutoConfiguration$StringHttpMessageConverterConfiguration'
2025-04-01T15:16:28.273+05:30 TRACE 16888 --- [learn-spring-boot] [           main] o.s.b.f.s.DefaultListableBeanFactory     : Returning cached instance of singleton bean 'stringHttpMessageConverter'
2025-04-01T15:16:28.273+05:30 TRACE 16888 --- [learn-spring-boot] [           main] o.s.b.f.s.DefaultListableBeanFactory     : Returning cached instance of singleton bean 'org.springframework.boot.autoconfigure.http.JacksonHttpMessageConvertersConfiguration$MappingJackson2HttpMessageConverterConfiguration'
2025-04-01T15:16:28.273+05:30 TRACE 16888 --- [learn-spring-boot] [           main] o.s.b.f.s.DefaultListableBeanFactory     : Returning cached instance of singleton bean 'mappingJackson2HttpMessageConverter'
2025-04-01T15:16:28.273+05:30 TRACE 16888 --- [learn-spring-boot] [           main] o.s.b.f.s.DefaultListableBeanFactory     : Returning cached instance of singleton bean 'org.springframework.boot.autoconfigure.http.JacksonHttpMessageConvertersConfiguration'
2025-04-01T15:16:28.273+05:30 TRACE 16888 --- [learn-spring-boot] [           main] o.s.b.f.s.DefaultListableBeanFactory     : Returning cached instance of singleton bean 'org.springframework.boot.autoconfigure.http.HttpMessageConvertersAutoConfiguration'
2025-04-01T15:16:28.273+05:30 TRACE 16888 --- [learn-spring-boot] [           main] o.s.b.f.s.DefaultListableBeanFactory     : Returning cached instance of singleton bean 'messageConverters'
2025-04-01T15:16:28.273+05:30 TRACE 16888 --- [learn-spring-boot] [           main] o.s.b.f.s.DefaultListableBeanFactory     : Returning cached instance of singleton bean 'org.springframework.boot.autoconfigure.http.client.HttpClientAutoConfiguration'
2025-04-01T15:16:28.273+05:30 TRACE 16888 --- [learn-spring-boot] [           main] o.s.b.f.s.DefaultListableBeanFactory     : Returning cached instance of singleton bean 'clientHttpRequestFactoryBuilder'
2025-04-01T15:16:28.273+05:30 TRACE 16888 --- [learn-spring-boot] [           main] o.s.b.f.s.DefaultListableBeanFactory     : Returning cached instance of singleton bean 'clientHttpRequestFactorySettings'
2025-04-01T15:16:28.273+05:30 TRACE 16888 --- [learn-spring-boot] [           main] o.s.b.f.s.DefaultListableBeanFactory     : Returning cached instance of singleton bean 'spring.http.client-org.springframework.boot.autoconfigure.http.client.HttpClientProperties'
2025-04-01T15:16:28.273+05:30 TRACE 16888 --- [learn-spring-boot] [           main] o.s.b.f.s.DefaultListableBeanFactory     : Returning cached instance of singleton bean 'org.springframework.boot.autoconfigure.web.client.RestClientAutoConfiguration'
2025-04-01T15:16:28.273+05:30 TRACE 16888 --- [learn-spring-boot] [           main] o.s.b.f.s.DefaultListableBeanFactory     : Returning cached instance of singleton bean 'httpMessageConvertersRestClientCustomizer'
2025-04-01T15:16:28.273+05:30 TRACE 16888 --- [learn-spring-boot] [           main] o.s.b.f.s.DefaultListableBeanFactory     : Returning cached instance of singleton bean 'restClientSsl'
2025-04-01T15:16:28.273+05:30 TRACE 16888 --- [learn-spring-boot] [           main] o.s.b.f.s.DefaultListableBeanFactory     : Returning cached instance of singleton bean 'restClientBuilderConfigurer'
2025-04-01T15:16:28.274+05:30 TRACE 16888 --- [learn-spring-boot] [           main] o.s.b.f.s.DefaultListableBeanFactory     : Returning cached instance of singleton bean 'org.springframework.boot.autoconfigure.web.client.RestTemplateAutoConfiguration'
2025-04-01T15:16:28.274+05:30 TRACE 16888 --- [learn-spring-boot] [           main] o.s.b.f.s.DefaultListableBeanFactory     : Returning cached instance of singleton bean 'org.springframework.boot.actuate.autoconfigure.observation.web.client.HttpClientObservationsAutoConfiguration$MeterFilterConfiguration'
2025-04-01T15:16:28.274+05:30 TRACE 16888 --- [learn-spring-boot] [           main] o.s.b.f.s.DefaultListableBeanFactory     : Returning cached instance of singleton bean 'metricsHttpClientUriTagFilter'
2025-04-01T15:16:28.274+05:30 TRACE 16888 --- [learn-spring-boot] [           main] o.s.b.f.s.DefaultListableBeanFactory     : Returning cached instance of singleton bean 'org.springframework.boot.actuate.autoconfigure.observation.web.client.RestTemplateObservationConfiguration'
2025-04-01T15:16:28.274+05:30 TRACE 16888 --- [learn-spring-boot] [           main] o.s.b.f.s.DefaultListableBeanFactory     : Returning cached instance of singleton bean 'observationRestTemplateCustomizer'
2025-04-01T15:16:28.274+05:30 TRACE 16888 --- [learn-spring-boot] [           main] o.s.b.f.s.DefaultListableBeanFactory     : Returning cached instance of singleton bean 'org.springframework.boot.actuate.autoconfigure.observation.web.client.RestClientObservationConfiguration'
2025-04-01T15:16:28.274+05:30 TRACE 16888 --- [learn-spring-boot] [           main] o.s.b.f.s.DefaultListableBeanFactory     : Returning cached instance of singleton bean 'observationRestClientCustomizer'
2025-04-01T15:16:28.274+05:30 TRACE 16888 --- [learn-spring-boot] [           main] o.s.b.f.s.DefaultListableBeanFactory     : Returning cached instance of singleton bean 'org.springframework.boot.actuate.autoconfigure.observation.web.client.HttpClientObservationsAutoConfiguration'
2025-04-01T15:16:28.274+05:30 TRACE 16888 --- [learn-spring-boot] [           main] o.s.b.f.s.DefaultListableBeanFactory     : Returning cached instance of singleton bean 'org.springframework.boot.actuate.autoconfigure.observation.web.servlet.WebMvcObservationAutoConfiguration$MeterFilterConfiguration'
2025-04-01T15:16:28.274+05:30 TRACE 16888 --- [learn-spring-boot] [           main] o.s.b.f.s.DefaultListableBeanFactory     : Returning cached instance of singleton bean 'metricsHttpServerUriTagFilter'
2025-04-01T15:16:28.274+05:30 TRACE 16888 --- [learn-spring-boot] [           main] o.s.b.f.s.DefaultListableBeanFactory     : Returning cached instance of singleton bean 'org.springframework.boot.actuate.autoconfigure.observation.web.servlet.WebMvcObservationAutoConfiguration'
2025-04-01T15:16:28.274+05:30 TRACE 16888 --- [learn-spring-boot] [           main] o.s.b.f.s.DefaultListableBeanFactory     : Returning cached instance of singleton bean 'webMvcObservationFilter'
2025-04-01T15:16:28.274+05:30 TRACE 16888 --- [learn-spring-boot] [           main] o.s.b.f.s.DefaultListableBeanFactory     : Returning cached instance of singleton bean 'org.springframework.boot.actuate.autoconfigure.scheduling.ScheduledTasksObservabilityAutoConfiguration'
2025-04-01T15:16:28.274+05:30 TRACE 16888 --- [learn-spring-boot] [           main] o.s.b.f.s.DefaultListableBeanFactory     : Returning cached instance of singleton bean 'observabilitySchedulingConfigurer'
2025-04-01T15:16:28.274+05:30 TRACE 16888 --- [learn-spring-boot] [           main] o.s.b.f.s.DefaultListableBeanFactory     : Returning cached instance of singleton bean 'org.springframework.boot.autoconfigure.aop.AopAutoConfiguration$ClassProxyingConfiguration'
2025-04-01T15:16:28.274+05:30 TRACE 16888 --- [learn-spring-boot] [           main] o.s.b.f.s.DefaultListableBeanFactory     : Returning cached instance of singleton bean 'forceAutoProxyCreatorToUseClassProxying'
2025-04-01T15:16:28.274+05:30 TRACE 16888 --- [learn-spring-boot] [           main] o.s.b.f.s.DefaultListableBeanFactory     : Returning cached instance of singleton bean 'org.springframework.boot.autoconfigure.aop.AopAutoConfiguration'
2025-04-01T15:16:28.274+05:30 TRACE 16888 --- [learn-spring-boot] [           main] o.s.b.f.s.DefaultListableBeanFactory     : Returning cached instance of singleton bean 'org.springframework.boot.autoconfigure.context.ConfigurationPropertiesAutoConfiguration'
2025-04-01T15:16:28.274+05:30 TRACE 16888 --- [learn-spring-boot] [           main] o.s.b.f.s.DefaultListableBeanFactory     : Returning cached instance of singleton bean 'org.springframework.boot.autoconfigure.context.LifecycleAutoConfiguration'
2025-04-01T15:16:28.274+05:30 TRACE 16888 --- [learn-spring-boot] [           main] o.s.b.f.s.DefaultListableBeanFactory     : Returning cached instance of singleton bean 'lifecycleProcessor'
2025-04-01T15:16:28.274+05:30 TRACE 16888 --- [learn-spring-boot] [           main] o.s.b.f.s.DefaultListableBeanFactory     : Returning cached instance of singleton bean 'spring.lifecycle-org.springframework.boot.autoconfigure.context.LifecycleProperties'
2025-04-01T15:16:28.274+05:30 TRACE 16888 --- [learn-spring-boot] [           main] o.s.b.f.s.DefaultListableBeanFactory     : Returning cached instance of singleton bean 'org.springframework.boot.autoconfigure.sql.init.SqlInitializationAutoConfiguration'
2025-04-01T15:16:28.274+05:30 TRACE 16888 --- [learn-spring-boot] [           main] o.s.b.f.s.DefaultListableBeanFactory     : Returning cached instance of singleton bean 'spring.sql.init-org.springframework.boot.autoconfigure.sql.init.SqlInitializationProperties'
2025-04-01T15:16:28.274+05:30 TRACE 16888 --- [learn-spring-boot] [           main] o.s.b.f.s.DefaultListableBeanFactory     : Returning cached instance of singleton bean 'org.springframework.boot.sql.init.dependency.DatabaseInitializationDependencyConfigurer$DependsOnDatabaseInitializationPostProcessor'
2025-04-01T15:16:28.274+05:30 TRACE 16888 --- [learn-spring-boot] [           main] o.s.b.f.s.DefaultListableBeanFactory     : Returning cached instance of singleton bean 'org.springframework.boot.autoconfigure.web.servlet.HttpEncodingAutoConfiguration'
2025-04-01T15:16:28.274+05:30 TRACE 16888 --- [learn-spring-boot] [           main] o.s.b.f.s.DefaultListableBeanFactory     : Returning cached instance of singleton bean 'characterEncodingFilter'
2025-04-01T15:16:28.274+05:30 TRACE 16888 --- [learn-spring-boot] [           main] o.s.b.f.s.DefaultListableBeanFactory     : Returning cached instance of singleton bean 'localeCharsetMappingsCustomizer'
2025-04-01T15:16:28.274+05:30 TRACE 16888 --- [learn-spring-boot] [           main] o.s.b.f.s.DefaultListableBeanFactory     : Returning cached instance of singleton bean 'org.springframework.boot.autoconfigure.web.servlet.MultipartAutoConfiguration'
2025-04-01T15:16:28.274+05:30 TRACE 16888 --- [learn-spring-boot] [           main] o.s.b.f.s.DefaultListableBeanFactory     : Returning cached instance of singleton bean 'multipartConfigElement'
2025-04-01T15:16:28.274+05:30 TRACE 16888 --- [learn-spring-boot] [           main] o.s.b.f.s.DefaultListableBeanFactory     : Returning cached instance of singleton bean 'multipartResolver'
2025-04-01T15:16:28.274+05:30 TRACE 16888 --- [learn-spring-boot] [           main] o.s.b.f.s.DefaultListableBeanFactory     : Returning cached instance of singleton bean 'spring.servlet.multipart-org.springframework.boot.autoconfigure.web.servlet.MultipartProperties'
2025-04-01T15:16:28.274+05:30 TRACE 16888 --- [learn-spring-boot] [           main] o.s.b.f.s.DefaultListableBeanFactory     : Returning cached instance of singleton bean 'org.springframework.boot.actuate.autoconfigure.endpoint.web.ServletEndpointManagementContextConfiguration$WebMvcServletEndpointManagementContextConfiguration'
2025-04-01T15:16:28.274+05:30 TRACE 16888 --- [learn-spring-boot] [           main] o.s.b.f.s.DefaultListableBeanFactory     : Returning cached instance of singleton bean 'servletEndpointRegistrar'
2025-04-01T15:16:28.274+05:30 TRACE 16888 --- [learn-spring-boot] [           main] o.s.b.f.s.DefaultListableBeanFactory     : Returning cached instance of singleton bean 'org.springframework.boot.actuate.autoconfigure.endpoint.web.ServletEndpointManagementContextConfiguration'
2025-04-01T15:16:28.274+05:30 TRACE 16888 --- [learn-spring-boot] [           main] o.s.b.f.s.DefaultListableBeanFactory     : Returning cached instance of singleton bean 'servletExposeExcludePropertyEndpointFilter'
2025-04-01T15:16:28.274+05:30 TRACE 16888 --- [learn-spring-boot] [           main] o.s.b.f.s.DefaultListableBeanFactory     : Returning cached instance of singleton bean 'org.springframework.boot.actuate.autoconfigure.endpoint.web.servlet.WebMvcEndpointManagementContextConfiguration'
2025-04-01T15:16:28.274+05:30 TRACE 16888 --- [learn-spring-boot] [           main] o.s.b.f.s.DefaultListableBeanFactory     : Returning cached instance of singleton bean 'webEndpointServletHandlerMapping'
2025-04-01T15:16:28.274+05:30 TRACE 16888 --- [learn-spring-boot] [           main] o.s.b.f.s.DefaultListableBeanFactory     : Returning cached instance of singleton bean 'controllerEndpointHandlerMapping'
2025-04-01T15:16:28.274+05:30 TRACE 16888 --- [learn-spring-boot] [           main] o.s.b.f.s.DefaultListableBeanFactory     : Returning cached instance of singleton bean 'endpointObjectMapperWebMvcConfigurer'
2025-04-01T15:16:28.274+05:30 TRACE 16888 --- [learn-spring-boot] [           main] o.s.b.f.s.DefaultListableBeanFactory     : Returning cached instance of singleton bean 'management.endpoints.web.cors-org.springframework.boot.actuate.autoconfigure.endpoint.web.CorsEndpointProperties'
2025-04-01T15:16:28.274+05:30 TRACE 16888 --- [learn-spring-boot] [           main] o.s.b.f.s.DefaultListableBeanFactory     : Returning cached instance of singleton bean 'org.springframework.boot.actuate.autoconfigure.web.server.ManagementContextAutoConfiguration$SameManagementContextConfiguration$EnableSameManagementContextConfiguration'
2025-04-01T15:16:28.274+05:30 TRACE 16888 --- [learn-spring-boot] [           main] o.s.b.f.s.DefaultListableBeanFactory     : Returning cached instance of singleton bean 'org.springframework.boot.actuate.autoconfigure.web.server.ManagementContextAutoConfiguration$SameManagementContextConfiguration'
2025-04-01T15:16:28.274+05:30 TRACE 16888 --- [learn-spring-boot] [           main] o.s.b.f.s.DefaultListableBeanFactory     : Returning cached instance of singleton bean 'org.springframework.boot.actuate.autoconfigure.web.server.ManagementContextAutoConfiguration'
2025-04-01T15:16:28.274+05:30 TRACE 16888 --- [learn-spring-boot] [           main] o.s.b.f.s.DefaultListableBeanFactory     : Returning cached instance of singleton bean 'management.server-org.springframework.boot.actuate.autoconfigure.web.server.ManagementServerProperties'
2025-04-01T15:16:28.274+05:30 TRACE 16888 --- [learn-spring-boot] [           main] o.s.b.f.s.DefaultListableBeanFactory     : Returning cached instance of singleton bean 'org.springframework.aop.config.internalAutoProxyCreator'
2025-04-01T15:16:28.274+05:30 TRACE 16888 --- [learn-spring-boot] [           main] c.DefaultCacheAwareContextLoaderDelegate : Retrieved ApplicationContext [1539038539] from cache with key [WebMergedContextConfiguration@22f02996 testClass = com.springboot.learn_spring_boot.LearnSpringBootApplicationTests, locations = [], classes = [com.springboot.learn_spring_boot.LearnSpringBootApplication], contextInitializerClasses = [], activeProfiles = [], propertySourceDescriptors = [], propertySourceProperties = ["org.springframework.boot.test.context.SpringBootTestContextBootstrapper=true"], contextCustomizers = [org.springframework.boot.test.context.filter.ExcludeFilterContextCustomizer@7e990ed7, org.springframework.boot.test.json.DuplicateJsonObjectContextCustomizerFactory$DuplicateJsonObjectContextCustomizer@5884a914, org.springframework.boot.test.mock.mockito.MockitoContextCustomizer@0, org.springframework.boot.test.web.client.TestRestTemplateContextCustomizer@446a1e84, org.springframework.boot.test.web.reactor.netty.DisableReactorResourceFactoryGlobalResourcesContextCustomizerFactory$DisableReactorResourceFactoryGlobalResourcesContextCustomizerCustomizer@7dfd3c81, org.springframework.boot.test.autoconfigure.OnFailureConditionReportContextCustomizerFactory$OnFailureConditionReportContextCustomizer@6933b6c6, org.springframework.boot.test.autoconfigure.actuate.observability.ObservabilityContextCustomizerFactory$DisableObservabilityContextCustomizer@1f, org.springframework.boot.test.autoconfigure.properties.PropertyMappingContextCustomizer@0, org.springframework.boot.test.autoconfigure.web.servlet.WebDriverContextCustomizer@1224144a, org.springframework.test.context.support.DynamicPropertiesContextCustomizer@0, org.springframework.boot.test.context.SpringBootTestAnnotation@69a9185d], resourceBasePath = "src/main/webapp", contextLoader = org.springframework.boot.test.context.SpringBootContextLoader, parent = null]
2025-04-01T15:16:28.275+05:30 DEBUG 16888 --- [learn-spring-boot] [           main] org.springframework.test.context.cache   : Spring test ApplicationContext cache statistics: [DefaultContextCache@7c8874ef size = 1, maxSize = 32, parentContextCount = 0, hitCount = 9, missCount = 1, failureCount = 0]
2025-04-01T15:16:28.275+05:30 TRACE 16888 --- [learn-spring-boot] [           main] c.DefaultCacheAwareContextLoaderDelegate : Retrieved ApplicationContext [1539038539] from cache with key [WebMergedContextConfiguration@22f02996 testClass = com.springboot.learn_spring_boot.LearnSpringBootApplicationTests, locations = [], classes = [com.springboot.learn_spring_boot.LearnSpringBootApplication], contextInitializerClasses = [], activeProfiles = [], propertySourceDescriptors = [], propertySourceProperties = ["org.springframework.boot.test.context.SpringBootTestContextBootstrapper=true"], contextCustomizers = [org.springframework.boot.test.context.filter.ExcludeFilterContextCustomizer@7e990ed7, org.springframework.boot.test.json.DuplicateJsonObjectContextCustomizerFactory$DuplicateJsonObjectContextCustomizer@5884a914, org.springframework.boot.test.mock.mockito.MockitoContextCustomizer@0, org.springframework.boot.test.web.client.TestRestTemplateContextCustomizer@446a1e84, org.springframework.boot.test.web.reactor.netty.DisableReactorResourceFactoryGlobalResourcesContextCustomizerFactory$DisableReactorResourceFactoryGlobalResourcesContextCustomizerCustomizer@7dfd3c81, org.springframework.boot.test.autoconfigure.OnFailureConditionReportContextCustomizerFactory$OnFailureConditionReportContextCustomizer@6933b6c6, org.springframework.boot.test.autoconfigure.actuate.observability.ObservabilityContextCustomizerFactory$DisableObservabilityContextCustomizer@1f, org.springframework.boot.test.autoconfigure.properties.PropertyMappingContextCustomizer@0, org.springframework.boot.test.autoconfigure.web.servlet.WebDriverContextCustomizer@1224144a, org.springframework.test.context.support.DynamicPropertiesContextCustomizer@0, org.springframework.boot.test.context.SpringBootTestAnnotation@69a9185d], resourceBasePath = "src/main/webapp", contextLoader = org.springframework.boot.test.context.SpringBootContextLoader, parent = null]
2025-04-01T15:16:28.275+05:30 DEBUG 16888 --- [learn-spring-boot] [           main] org.springframework.test.context.cache   : Spring test ApplicationContext cache statistics: [DefaultContextCache@7c8874ef size = 1, maxSize = 32, parentContextCount = 0, hitCount = 10, missCount = 1, failureCount = 0]
2025-04-01T15:16:28.276+05:30 TRACE 16888 --- [learn-spring-boot] [           main] o.s.b.f.s.DefaultListableBeanFactory     : No bean named 'org.springframework.boot.test.autoconfigure.web.servlet.SpringBootMockMvcBuilderCustomizer$DeferredLinesWriter' found in org.springframework.beans.factory.support.DefaultListableBeanFactory@bcb09a6: defining beans [org.springframework.boot.test.mock.mockito.MockitoPostProcessor$SpyPostProcessor,org.springframework.boot.test.mock.mockito.MockitoPostProcessor,org.springframework.test.context.support.internalDynamicPropertyRegistrarBeanInitializer,org.springframework.context.annotation.internalConfigurationAnnotationProcessor,org.springframework.context.annotation.internalAutowiredAnnotationProcessor,org.springframework.context.annotation.internalCommonAnnotationProcessor,org.springframework.context.event.internalEventListenerProcessor,org.springframework.context.event.internalEventListenerFactory,learnSpringBootApplication,org.springframework.boot.autoconfigure.internalCachingMetadataReaderFactory,courseController,currencyConfigurationController,currencyServiceConfiguration,org.springframework.boot.autoconfigure.AutoConfigurationPackages,org.springframework.boot.autoconfigure.context.PropertyPlaceholderAutoConfiguration,propertySourcesPlaceholderConfigurer,org.springframework.boot.autoconfigure.ssl.SslAutoConfiguration,fileWatcher,sslPropertiesSslBundleRegistrar,sslBundleRegistry,org.springframework.boot.context.properties.ConfigurationPropertiesBindingPostProcessor,org.springframework.boot.context.internalConfigurationPropertiesBinder,org.springframework.boot.context.properties.BoundConfigurationProperties,org.springframework.boot.context.properties.EnableConfigurationPropertiesRegistrar.methodValidationExcludeFilter,spring.ssl-org.springframework.boot.autoconfigure.ssl.SslProperties,org.springframework.boot.autoconfigure.websocket.servlet.WebSocketServletAutoConfiguration$TomcatWebSocketConfiguration,websocketServletWebServerCustomizer,org.springframework.boot.autoconfigure.websocket.servlet.WebSocketServletAutoConfiguration,org.springframework.boot.autoconfigure.web.servlet.ServletWebServerFactoryConfiguration$EmbeddedTomcat,tomcatServletWebServerFactory,org.springframework.boot.autoconfigure.web.servlet.ServletWebServerFactoryAutoConfiguration,servletWebServerFactoryCustomizer,tomcatServletWebServerFactoryCustomizer,server-org.springframework.boot.autoconfigure.web.ServerProperties,webServerFactoryCustomizerBeanPostProcessor,errorPageRegistrarBeanPostProcessor,org.springframework.boot.autoconfigure.web.servlet.DispatcherServletAutoConfiguration$DispatcherServletConfiguration,dispatcherServlet,spring.mvc-org.springframework.boot.autoconfigure.web.servlet.WebMvcProperties,org.springframework.boot.autoconfigure.web.servlet.DispatcherServletAutoConfiguration$DispatcherServletRegistrationConfiguration,dispatcherServletRegistration,org.springframework.boot.autoconfigure.web.servlet.DispatcherServletAutoConfiguration,org.springframework.boot.autoconfigure.task.TaskExecutorConfigurations$ThreadPoolTaskExecutorBuilderConfiguration,threadPoolTaskExecutorBuilder,org.springframework.boot.autoconfigure.task.TaskExecutorConfigurations$SimpleAsyncTaskExecutorBuilderConfiguration,simpleAsyncTaskExecutorBuilder,org.springframework.boot.autoconfigure.task.TaskExecutorConfigurations$TaskExecutorConfiguration,applicationTaskExecutor,org.springframework.boot.autoconfigure.task.TaskExecutionAutoConfiguration,spring.task.execution-org.springframework.boot.autoconfigure.task.TaskExecutionProperties,org.springframework.boot.autoconfigure.web.servlet.error.ErrorMvcAutoConfiguration$WhitelabelErrorViewConfiguration,error,beanNameViewResolver,org.springframework.boot.autoconfigure.web.servlet.error.ErrorMvcAutoConfiguration$DefaultErrorViewResolverConfiguration,conventionErrorViewResolver,spring.web-org.springframework.boot.autoconfigure.web.WebProperties,org.springframework.boot.autoconfigure.web.servlet.error.ErrorMvcAutoConfiguration,errorAttributes,basicErrorController,errorPageCustomizer,preserveErrorControllerTargetClassPostProcessor,org.springframework.boot.autoconfigure.web.servlet.WebMvcAutoConfiguration$EnableWebMvcConfiguration,welcomePageHandlerMapping,welcomePageNotAcceptableHandlerMapping,localeResolver,themeResolver,flashMapManager,viewNameTranslator,mvcConversionService,mvcValidator,mvcContentNegotiationManager,requestMappingHandlerMapping,mvcPatternParser,mvcUrlPathHelper,mvcPathMatcher,viewControllerHandlerMapping,beanNameHandlerMapping,routerFunctionMapping,resourceHandlerMapping,mvcResourceUrlProvider,defaultServletHandlerMapping,requestMappingHandlerAdapter,handlerFunctionAdapter,mvcUriComponentsContributor,httpRequestHandlerAdapter,simpleControllerHandlerAdapter,handlerExceptionResolver,mvcViewResolver,mvcHandlerMappingIntrospector,org.springframework.boot.autoconfigure.web.servlet.WebMvcAutoConfiguration$WebMvcAutoConfigurationAdapter,defaultViewResolver,viewResolver,requestContextFilter,org.springframework.boot.autoconfigure.web.servlet.WebMvcAutoConfiguration,formContentFilter,org.springframework.boot.autoconfigure.availability.ApplicationAvailabilityAutoConfiguration,applicationAvailability,org.springframework.boot.actuate.autoconfigure.availability.AvailabilityHealthContributorAutoConfiguration,org.springframework.boot.autoconfigure.jackson.JacksonAutoConfiguration$Jackson2ObjectMapperBuilderCustomizerConfiguration,standardJacksonObjectMapperBuilderCustomizer,spring.jackson-org.springframework.boot.autoconfigure.jackson.JacksonProperties,org.springframework.boot.autoconfigure.jackson.JacksonAutoConfiguration$JacksonObjectMapperBuilderConfiguration,jacksonObjectMapperBuilder,org.springframework.boot.autoconfigure.jackson.JacksonAutoConfiguration$ParameterNamesModuleConfiguration,parameterNamesModule,org.springframework.boot.autoconfigure.jackson.JacksonAutoConfiguration$JacksonObjectMapperConfiguration,jacksonObjectMapper,org.springframework.boot.autoconfigure.jackson.JacksonAutoConfiguration$JacksonMixinConfiguration,jsonMixinModuleEntries,jsonMixinModule,org.springframework.boot.autoconfigure.jackson.JacksonAutoConfiguration,jsonComponentModule,org.springframework.boot.actuate.autoconfigure.health.HealthEndpointConfiguration,healthStatusAggregator,healthHttpCodeStatusMapper,healthEndpointGroups,healthContributorRegistry,healthEndpointGroupMembershipValidator,healthEndpoint,healthEndpointGroupsBeanPostProcessor,org.springframework.boot.actuate.autoconfigure.health.HealthEndpointWebExtensionConfiguration$MvcAdditionalHealthEndpointPathsConfiguration,healthEndpointWebMvcHandlerMapping,org.springframework.boot.actuate.autoconfigure.health.HealthEndpointWebExtensionConfiguration,healthEndpointWebExtension,org.springframework.boot.actuate.autoconfigure.health.HealthEndpointAutoConfiguration,management.endpoint.health-org.springframework.boot.actuate.autoconfigure.health.HealthEndpointProperties,org.springframework.boot.autoconfigure.info.ProjectInfoAutoConfiguration,spring.info-org.springframework.boot.autoconfigure.info.ProjectInfoProperties,org.springframework.boot.actuate.autoconfigure.info.InfoContributorAutoConfiguration,management.health.ssl-org.springframework.boot.actuate.autoconfigure.ssl.SslHealthIndicatorProperties,management.info-org.springframework.boot.actuate.autoconfigure.info.InfoContributorProperties,org.springframework.boot.actuate.autoconfigure.web.servlet.ServletManagementContextAutoConfiguration,servletWebChildContextFactory,managementServletContext,org.springframework.boot.actuate.autoconfigure.endpoint.EndpointAutoConfiguration,endpointOperationParameterMapper,endpointCachingOperationInvokerAdvisor,propertiesEndpointAccessResolver,org.springframework.boot.actuate.autoconfigure.endpoint.jackson.JacksonEndpointAutoConfiguration,endpointObjectMapper,org.springframework.boot.actuate.autoconfigure.endpoint.web.WebEndpointAutoConfiguration$WebEndpointServletConfiguration,servletEndpointDiscoverer,org.springframework.boot.actuate.autoconfigure.endpoint.web.WebEndpointAutoConfiguration,webEndpointPathMapper,endpointMediaTypes,webEndpointDiscoverer,controllerEndpointDiscoverer,pathMappedEndpoints,webExposeExcludePropertyEndpointFilter,controllerExposeExcludePropertyEndpointFilter,webAccessPropertiesOperationFilter,management.endpoints.web-org.springframework.boot.actuate.autoconfigure.endpoint.web.WebEndpointProperties,org.springframework.boot.actuate.autoconfigure.ssl.SslHealthContributorAutoConfiguration,sslHealthIndicator,sslInfo,org.springframework.boot.actuate.autoconfigure.system.DiskSpaceHealthContributorAutoConfiguration,diskSpaceHealthIndicator,management.health.diskspace-org.springframework.boot.actuate.autoconfigure.system.DiskSpaceHealthIndicatorProperties,org.springframework.boot.actuate.autoconfigure.health.HealthContributorAutoConfiguration,pingHealthContributor,org.springframework.boot.actuate.autoconfigure.metrics.MetricsAutoConfiguration,micrometerClock,meterRegistryPostProcessor,propertiesMeterFilter,meterRegistryCloser,management.metrics-org.springframework.boot.actuate.autoconfigure.metrics.MetricsProperties,org.springframework.boot.actuate.autoconfigure.metrics.export.simple.SimpleMetricsExportAutoConfiguration,simpleMeterRegistry,simpleConfig,management.simple.metrics.export-org.springframework.boot.actuate.autoconfigure.metrics.export.simple.SimpleProperties,org.springframework.boot.actuate.autoconfigure.metrics.CompositeMeterRegistryAutoConfiguration,org.springframework.boot.actuate.autoconfigure.metrics.JvmMetricsAutoConfiguration,jvmGcMetrics,jvmHeapPressureMetrics,jvmMemoryMetrics,jvmThreadMetrics,classLoaderMetrics,jvmInfoMetrics,jvmCompilationMetrics,org.springframework.boot.actuate.autoconfigure.metrics.LogbackMetricsAutoConfiguration,logbackMetrics,org.springframework.boot.actuate.autoconfigure.metrics.SystemMetricsAutoConfiguration,uptimeMetrics,processorMetrics,fileDescriptorMetrics,diskSpaceMetrics,org.springframework.boot.actuate.autoconfigure.metrics.integration.IntegrationMetricsAutoConfiguration,org.springframework.boot.actuate.autoconfigure.metrics.startup.StartupTimeMetricsListenerAutoConfiguration,startupTimeMetrics,org.springframework.boot.autoconfigure.task.TaskSchedulingConfigurations$ThreadPoolTaskSchedulerBuilderConfiguration,threadPoolTaskSchedulerBuilder,org.springframework.boot.autoconfigure.task.TaskSchedulingConfigurations$SimpleAsyncTaskSchedulerBuilderConfiguration,simpleAsyncTaskSchedulerBuilder,org.springframework.boot.autoconfigure.task.TaskSchedulingAutoConfiguration,spring.task.scheduling-org.springframework.boot.autoconfigure.task.TaskSchedulingProperties,org.springframework.boot.actuate.autoconfigure.metrics.task.TaskExecutorMetricsAutoConfiguration,eagerTaskExecutorMetrics,org.springframework.boot.actuate.autoconfigure.metrics.web.tomcat.TomcatMetricsAutoConfiguration,tomcatMetricsBinder,org.springframework.boot.actuate.autoconfigure.observation.ObservationAutoConfiguration$MeterObservationHandlerConfiguration$OnlyMetricsMeterObservationHandlerConfiguration,defaultMeterObservationHandler,org.springframework.boot.actuate.autoconfigure.observation.ObservationAutoConfiguration$MeterObservationHandlerConfiguration,org.springframework.boot.actuate.autoconfigure.observation.ObservationAutoConfiguration$OnlyMetricsConfiguration,metricsObservationHandlerGrouping,org.springframework.boot.actuate.autoconfigure.observation.ObservationAutoConfiguration,observationRegistryPostProcessor,observationRegistry,propertiesObservationFilter,management.observations-org.springframework.boot.actuate.autoconfigure.observation.ObservationProperties,org.springframework.boot.autoconfigure.http.HttpMessageConvertersAutoConfiguration$StringHttpMessageConverterConfiguration,stringHttpMessageConverter,org.springframework.boot.autoconfigure.http.JacksonHttpMessageConvertersConfiguration$MappingJackson2HttpMessageConverterConfiguration,mappingJackson2HttpMessageConverter,org.springframework.boot.autoconfigure.http.JacksonHttpMessageConvertersConfiguration,org.springframework.boot.autoconfigure.http.HttpMessageConvertersAutoConfiguration,messageConverters,org.springframework.boot.autoconfigure.http.client.HttpClientAutoConfiguration,clientHttpRequestFactoryBuilder,clientHttpRequestFactorySettings,spring.http.client-org.springframework.boot.autoconfigure.http.client.HttpClientProperties,org.springframework.boot.autoconfigure.web.client.RestClientAutoConfiguration,httpMessageConvertersRestClientCustomizer,restClientSsl,restClientBuilderConfigurer,restClientBuilder,org.springframework.boot.autoconfigure.web.client.RestTemplateAutoConfiguration,restTemplateBuilderConfigurer,restTemplateBuilder,org.springframework.boot.actuate.autoconfigure.observation.web.client.HttpClientObservationsAutoConfiguration$MeterFilterConfiguration,metricsHttpClientUriTagFilter,org.springframework.boot.actuate.autoconfigure.observation.web.client.RestTemplateObservationConfiguration,observationRestTemplateCustomizer,org.springframework.boot.actuate.autoconfigure.observation.web.client.RestClientObservationConfiguration,observationRestClientCustomizer,org.springframework.boot.actuate.autoconfigure.observation.web.client.HttpClientObservationsAutoConfiguration,org.springframework.boot.actuate.autoconfigure.observation.web.servlet.WebMvcObservationAutoConfiguration$MeterFilterConfiguration,metricsHttpServerUriTagFilter,org.springframework.boot.actuate.autoconfigure.observation.web.servlet.WebMvcObservationAutoConfiguration,webMvcObservationFilter,org.springframework.boot.actuate.autoconfigure.scheduling.ScheduledTasksObservabilityAutoConfiguration,observabilitySchedulingConfigurer,org.springframework.boot.autoconfigure.aop.AopAutoConfiguration$ClassProxyingConfiguration,forceAutoProxyCreatorToUseClassProxying,org.springframework.boot.autoconfigure.aop.AopAutoConfiguration,org.springframework.boot.autoconfigure.context.ConfigurationPropertiesAutoConfiguration,org.springframework.boot.autoconfigure.context.LifecycleAutoConfiguration,lifecycleProcessor,spring.lifecycle-org.springframework.boot.autoconfigure.context.LifecycleProperties,org.springframework.boot.autoconfigure.sql.init.SqlInitializationAutoConfiguration,spring.sql.init-org.springframework.boot.autoconfigure.sql.init.SqlInitializationProperties,org.springframework.boot.sql.init.dependency.DatabaseInitializationDependencyConfigurer$DependsOnDatabaseInitializationPostProcessor,org.springframework.boot.autoconfigure.web.servlet.HttpEncodingAutoConfiguration,characterEncodingFilter,localeCharsetMappingsCustomizer,org.springframework.boot.autoconfigure.web.servlet.MultipartAutoConfiguration,multipartConfigElement,multipartResolver,spring.servlet.multipart-org.springframework.boot.autoconfigure.web.servlet.MultipartProperties,org.springframework.boot.actuate.autoconfigure.endpoint.web.ServletEndpointManagementContextConfiguration$WebMvcServletEndpointManagementContextConfiguration,servletEndpointRegistrar,org.springframework.boot.actuate.autoconfigure.endpoint.web.ServletEndpointManagementContextConfiguration,servletExposeExcludePropertyEndpointFilter,org.springframework.boot.actuate.autoconfigure.endpoint.web.servlet.WebMvcEndpointManagementContextConfiguration,webEndpointServletHandlerMapping,controllerEndpointHandlerMapping,endpointObjectMapperWebMvcConfigurer,management.endpoints.web.cors-org.springframework.boot.actuate.autoconfigure.endpoint.web.CorsEndpointProperties,org.springframework.boot.actuate.autoconfigure.web.server.ManagementContextAutoConfiguration$SameManagementContextConfiguration$EnableSameManagementContextConfiguration,org.springframework.boot.actuate.autoconfigure.web.server.ManagementContextAutoConfiguration$SameManagementContextConfiguration,org.springframework.boot.actuate.autoconfigure.web.server.ManagementContextAutoConfiguration,management.server-org.springframework.boot.actuate.autoconfigure.web.server.ManagementServerProperties,org.springframework.aop.config.internalAutoProxyCreator]; root of factory hierarchy
2025-04-01T15:16:28.277+05:30 TRACE 16888 --- [learn-spring-boot] [           main] c.DefaultCacheAwareContextLoaderDelegate : Retrieved ApplicationContext [1539038539] from cache with key [WebMergedContextConfiguration@22f02996 testClass = com.springboot.learn_spring_boot.LearnSpringBootApplicationTests, locations = [], classes = [com.springboot.learn_spring_boot.LearnSpringBootApplication], contextInitializerClasses = [], activeProfiles = [], propertySourceDescriptors = [], propertySourceProperties = ["org.springframework.boot.test.context.SpringBootTestContextBootstrapper=true"], contextCustomizers = [org.springframework.boot.test.context.filter.ExcludeFilterContextCustomizer@7e990ed7, org.springframework.boot.test.json.DuplicateJsonObjectContextCustomizerFactory$DuplicateJsonObjectContextCustomizer@5884a914, org.springframework.boot.test.mock.mockito.MockitoContextCustomizer@0, org.springframework.boot.test.web.client.TestRestTemplateContextCustomizer@446a1e84, org.springframework.boot.test.web.reactor.netty.DisableReactorResourceFactoryGlobalResourcesContextCustomizerFactory$DisableReactorResourceFactoryGlobalResourcesContextCustomizerCustomizer@7dfd3c81, org.springframework.boot.test.autoconfigure.OnFailureConditionReportContextCustomizerFactory$OnFailureConditionReportContextCustomizer@6933b6c6, org.springframework.boot.test.autoconfigure.actuate.observability.ObservabilityContextCustomizerFactory$DisableObservabilityContextCustomizer@1f, org.springframework.boot.test.autoconfigure.properties.PropertyMappingContextCustomizer@0, org.springframework.boot.test.autoconfigure.web.servlet.WebDriverContextCustomizer@1224144a, org.springframework.test.context.support.DynamicPropertiesContextCustomizer@0, org.springframework.boot.test.context.SpringBootTestAnnotation@69a9185d], resourceBasePath = "src/main/webapp", contextLoader = org.springframework.boot.test.context.SpringBootContextLoader, parent = null]
2025-04-01T15:16:28.277+05:30 DEBUG 16888 --- [learn-spring-boot] [           main] org.springframework.test.context.cache   : Spring test ApplicationContext cache statistics: [DefaultContextCache@7c8874ef size = 1, maxSize = 32, parentContextCount = 0, hitCount = 11, missCount = 1, failureCount = 0]
2025-04-01T15:16:28.278+05:30 TRACE 16888 --- [learn-spring-boot] [           main] c.DefaultCacheAwareContextLoaderDelegate : Retrieved ApplicationContext [1539038539] from cache with key [WebMergedContextConfiguration@22f02996 testClass = com.springboot.learn_spring_boot.LearnSpringBootApplicationTests, locations = [], classes = [com.springboot.learn_spring_boot.LearnSpringBootApplication], contextInitializerClasses = [], activeProfiles = [], propertySourceDescriptors = [], propertySourceProperties = ["org.springframework.boot.test.context.SpringBootTestContextBootstrapper=true"], contextCustomizers = [org.springframework.boot.test.context.filter.ExcludeFilterContextCustomizer@7e990ed7, org.springframework.boot.test.json.DuplicateJsonObjectContextCustomizerFactory$DuplicateJsonObjectContextCustomizer@5884a914, org.springframework.boot.test.mock.mockito.MockitoContextCustomizer@0, org.springframework.boot.test.web.client.TestRestTemplateContextCustomizer@446a1e84, org.springframework.boot.test.web.reactor.netty.DisableReactorResourceFactoryGlobalResourcesContextCustomizerFactory$DisableReactorResourceFactoryGlobalResourcesContextCustomizerCustomizer@7dfd3c81, org.springframework.boot.test.autoconfigure.OnFailureConditionReportContextCustomizerFactory$OnFailureConditionReportContextCustomizer@6933b6c6, org.springframework.boot.test.autoconfigure.actuate.observability.ObservabilityContextCustomizerFactory$DisableObservabilityContextCustomizer@1f, org.springframework.boot.test.autoconfigure.properties.PropertyMappingContextCustomizer@0, org.springframework.boot.test.autoconfigure.web.servlet.WebDriverContextCustomizer@1224144a, org.springframework.test.context.support.DynamicPropertiesContextCustomizer@0, org.springframework.boot.test.context.SpringBootTestAnnotation@69a9185d], resourceBasePath = "src/main/webapp", contextLoader = org.springframework.boot.test.context.SpringBootContextLoader, parent = null]
2025-04-01T15:16:28.278+05:30 DEBUG 16888 --- [learn-spring-boot] [           main] org.springframework.test.context.cache   : Spring test ApplicationContext cache statistics: [DefaultContextCache@7c8874ef size = 1, maxSize = 32, parentContextCount = 0, hitCount = 12, missCount = 1, failureCount = 0]
2025-04-01T15:16:28.279+05:30 TRACE 16888 --- [learn-spring-boot] [           main] o.s.b.f.s.DefaultListableBeanFactory     : Returning cached instance of singleton bean 'org.springframework.boot.test.mock.mockito.MockitoPostProcessor$SpyPostProcessor'
2025-04-01T15:16:28.279+05:30 TRACE 16888 --- [learn-spring-boot] [           main] o.s.b.f.s.DefaultListableBeanFactory     : Returning cached instance of singleton bean 'org.springframework.boot.test.mock.mockito.MockitoPostProcessor'
2025-04-01T15:16:28.279+05:30 TRACE 16888 --- [learn-spring-boot] [           main] o.s.b.f.s.DefaultListableBeanFactory     : Returning cached instance of singleton bean 'org.springframework.test.context.support.internalDynamicPropertyRegistrarBeanInitializer'
2025-04-01T15:16:28.279+05:30 TRACE 16888 --- [learn-spring-boot] [           main] o.s.b.f.s.DefaultListableBeanFactory     : Returning cached instance of singleton bean 'org.springframework.context.annotation.internalConfigurationAnnotationProcessor'
2025-04-01T15:16:28.279+05:30 TRACE 16888 --- [learn-spring-boot] [           main] o.s.b.f.s.DefaultListableBeanFactory     : Returning cached instance of singleton bean 'org.springframework.context.annotation.internalAutowiredAnnotationProcessor'
2025-04-01T15:16:28.279+05:30 TRACE 16888 --- [learn-spring-boot] [           main] o.s.b.f.s.DefaultListableBeanFactory     : Returning cached instance of singleton bean 'org.springframework.context.annotation.internalCommonAnnotationProcessor'
2025-04-01T15:16:28.279+05:30 TRACE 16888 --- [learn-spring-boot] [           main] o.s.b.f.s.DefaultListableBeanFactory     : Returning cached instance of singleton bean 'org.springframework.context.event.internalEventListenerProcessor'
2025-04-01T15:16:28.279+05:30 TRACE 16888 --- [learn-spring-boot] [           main] o.s.b.f.s.DefaultListableBeanFactory     : Returning cached instance of singleton bean 'org.springframework.context.event.internalEventListenerFactory'
2025-04-01T15:16:28.279+05:30 TRACE 16888 --- [learn-spring-boot] [           main] o.s.b.f.s.DefaultListableBeanFactory     : Returning cached instance of singleton bean 'learnSpringBootApplication'
2025-04-01T15:16:28.279+05:30 TRACE 16888 --- [learn-spring-boot] [           main] o.s.b.f.s.DefaultListableBeanFactory     : Returning cached instance of singleton bean 'org.springframework.boot.autoconfigure.internalCachingMetadataReaderFactory'
2025-04-01T15:16:28.279+05:30 TRACE 16888 --- [learn-spring-boot] [           main] o.s.b.f.s.DefaultListableBeanFactory     : Returning cached instance of singleton bean 'org.springframework.boot.autoconfigure.internalCachingMetadataReaderFactory'
2025-04-01T15:16:28.279+05:30 TRACE 16888 --- [learn-spring-boot] [           main] o.s.b.f.s.DefaultListableBeanFactory     : Returning cached instance of singleton bean 'courseController'
2025-04-01T15:16:28.279+05:30 TRACE 16888 --- [learn-spring-boot] [           main] o.s.b.f.s.DefaultListableBeanFactory     : Returning cached instance of singleton bean 'currencyConfigurationController'
2025-04-01T15:16:28.279+05:30 TRACE 16888 --- [learn-spring-boot] [           main] o.s.b.f.s.DefaultListableBeanFactory     : Returning cached instance of singleton bean 'currencyServiceConfiguration'
2025-04-01T15:16:28.279+05:30 TRACE 16888 --- [learn-spring-boot] [           main] o.s.b.f.s.DefaultListableBeanFactory     : Returning cached instance of singleton bean 'org.springframework.boot.autoconfigure.AutoConfigurationPackages'
2025-04-01T15:16:28.280+05:30 TRACE 16888 --- [learn-spring-boot] [           main] o.s.b.f.s.DefaultListableBeanFactory     : Returning cached instance of singleton bean 'org.springframework.boot.autoconfigure.context.PropertyPlaceholderAutoConfiguration'
2025-04-01T15:16:28.280+05:30 TRACE 16888 --- [learn-spring-boot] [           main] o.s.b.f.s.DefaultListableBeanFactory     : Returning cached instance of singleton bean 'propertySourcesPlaceholderConfigurer'
2025-04-01T15:16:28.280+05:30 TRACE 16888 --- [learn-spring-boot] [           main] o.s.b.f.s.DefaultListableBeanFactory     : Returning cached instance of singleton bean 'org.springframework.boot.autoconfigure.ssl.SslAutoConfiguration'
2025-04-01T15:16:28.280+05:30 TRACE 16888 --- [learn-spring-boot] [           main] o.s.b.f.s.DefaultListableBeanFactory     : Returning cached instance of singleton bean 'fileWatcher'
2025-04-01T15:16:28.280+05:30 TRACE 16888 --- [learn-spring-boot] [           main] o.s.b.f.s.DefaultListableBeanFactory     : Returning cached instance of singleton bean 'sslPropertiesSslBundleRegistrar'
2025-04-01T15:16:28.280+05:30 TRACE 16888 --- [learn-spring-boot] [           main] o.s.b.f.s.DefaultListableBeanFactory     : Returning cached instance of singleton bean 'sslBundleRegistry'
2025-04-01T15:16:28.280+05:30 TRACE 16888 --- [learn-spring-boot] [           main] o.s.b.f.s.DefaultListableBeanFactory     : Returning cached instance of singleton bean 'org.springframework.boot.context.properties.ConfigurationPropertiesBindingPostProcessor'
2025-04-01T15:16:28.280+05:30 TRACE 16888 --- [learn-spring-boot] [           main] o.s.b.f.s.DefaultListableBeanFactory     : Returning cached instance of singleton bean 'org.springframework.boot.context.internalConfigurationPropertiesBinder'
2025-04-01T15:16:28.280+05:30 TRACE 16888 --- [learn-spring-boot] [           main] o.s.b.f.s.DefaultListableBeanFactory     : Returning cached instance of singleton bean 'org.springframework.boot.context.internalConfigurationPropertiesBinder'
2025-04-01T15:16:28.280+05:30 TRACE 16888 --- [learn-spring-boot] [           main] o.s.b.f.s.DefaultListableBeanFactory     : Returning cached instance of singleton bean 'org.springframework.boot.context.properties.BoundConfigurationProperties'
2025-04-01T15:16:28.280+05:30 TRACE 16888 --- [learn-spring-boot] [           main] o.s.b.f.s.DefaultListableBeanFactory     : Returning cached instance of singleton bean 'org.springframework.boot.context.properties.EnableConfigurationPropertiesRegistrar.methodValidationExcludeFilter'
2025-04-01T15:16:28.280+05:30 TRACE 16888 --- [learn-spring-boot] [           main] o.s.b.f.s.DefaultListableBeanFactory     : Returning cached instance of singleton bean 'spring.ssl-org.springframework.boot.autoconfigure.ssl.SslProperties'
2025-04-01T15:16:28.280+05:30 TRACE 16888 --- [learn-spring-boot] [           main] o.s.b.f.s.DefaultListableBeanFactory     : Returning cached instance of singleton bean 'org.springframework.boot.autoconfigure.websocket.servlet.WebSocketServletAutoConfiguration$TomcatWebSocketConfiguration'
2025-04-01T15:16:28.280+05:30 TRACE 16888 --- [learn-spring-boot] [           main] o.s.b.f.s.DefaultListableBeanFactory     : Returning cached instance of singleton bean 'websocketServletWebServerCustomizer'
2025-04-01T15:16:28.280+05:30 TRACE 16888 --- [learn-spring-boot] [           main] o.s.b.f.s.DefaultListableBeanFactory     : Returning cached instance of singleton bean 'org.springframework.boot.autoconfigure.websocket.servlet.WebSocketServletAutoConfiguration'
2025-04-01T15:16:28.280+05:30 TRACE 16888 --- [learn-spring-boot] [           main] o.s.b.f.s.DefaultListableBeanFactory     : Returning cached instance of singleton bean 'org.springframework.boot.autoconfigure.web.servlet.ServletWebServerFactoryConfiguration$EmbeddedTomcat'
2025-04-01T15:16:28.280+05:30 TRACE 16888 --- [learn-spring-boot] [           main] o.s.b.f.s.DefaultListableBeanFactory     : Returning cached instance of singleton bean 'tomcatServletWebServerFactory'
2025-04-01T15:16:28.280+05:30 TRACE 16888 --- [learn-spring-boot] [           main] o.s.b.f.s.DefaultListableBeanFactory     : Returning cached instance of singleton bean 'org.springframework.boot.autoconfigure.web.servlet.ServletWebServerFactoryAutoConfiguration'
2025-04-01T15:16:28.280+05:30 TRACE 16888 --- [learn-spring-boot] [           main] o.s.b.f.s.DefaultListableBeanFactory     : Returning cached instance of singleton bean 'servletWebServerFactoryCustomizer'
2025-04-01T15:16:28.280+05:30 TRACE 16888 --- [learn-spring-boot] [           main] o.s.b.f.s.DefaultListableBeanFactory     : Returning cached instance of singleton bean 'tomcatServletWebServerFactoryCustomizer'
2025-04-01T15:16:28.280+05:30 TRACE 16888 --- [learn-spring-boot] [           main] o.s.b.f.s.DefaultListableBeanFactory     : Returning cached instance of singleton bean 'server-org.springframework.boot.autoconfigure.web.ServerProperties'
2025-04-01T15:16:28.280+05:30 TRACE 16888 --- [learn-spring-boot] [           main] o.s.b.f.s.DefaultListableBeanFactory     : Returning cached instance of singleton bean 'webServerFactoryCustomizerBeanPostProcessor'
2025-04-01T15:16:28.280+05:30 TRACE 16888 --- [learn-spring-boot] [           main] o.s.b.f.s.DefaultListableBeanFactory     : Returning cached instance of singleton bean 'errorPageRegistrarBeanPostProcessor'
2025-04-01T15:16:28.280+05:30 TRACE 16888 --- [learn-spring-boot] [           main] o.s.b.f.s.DefaultListableBeanFactory     : Returning cached instance of singleton bean 'org.springframework.boot.autoconfigure.web.servlet.DispatcherServletAutoConfiguration$DispatcherServletConfiguration'
2025-04-01T15:16:28.280+05:30 TRACE 16888 --- [learn-spring-boot] [           main] o.s.b.f.s.DefaultListableBeanFactory     : Returning cached instance of singleton bean 'dispatcherServlet'
2025-04-01T15:16:28.280+05:30 TRACE 16888 --- [learn-spring-boot] [           main] o.s.b.f.s.DefaultListableBeanFactory     : Returning cached instance of singleton bean 'spring.mvc-org.springframework.boot.autoconfigure.web.servlet.WebMvcProperties'
2025-04-01T15:16:28.280+05:30 TRACE 16888 --- [learn-spring-boot] [           main] o.s.b.f.s.DefaultListableBeanFactory     : Returning cached instance of singleton bean 'org.springframework.boot.autoconfigure.web.servlet.DispatcherServletAutoConfiguration$DispatcherServletRegistrationConfiguration'
2025-04-01T15:16:28.280+05:30 TRACE 16888 --- [learn-spring-boot] [           main] o.s.b.f.s.DefaultListableBeanFactory     : Returning cached instance of singleton bean 'dispatcherServletRegistration'
2025-04-01T15:16:28.280+05:30 TRACE 16888 --- [learn-spring-boot] [           main] o.s.b.f.s.DefaultListableBeanFactory     : Returning cached instance of singleton bean 'org.springframework.boot.autoconfigure.web.servlet.DispatcherServletAutoConfiguration'
2025-04-01T15:16:28.281+05:30 TRACE 16888 --- [learn-spring-boot] [           main] o.s.b.f.s.DefaultListableBeanFactory     : Returning cached instance of singleton bean 'org.springframework.boot.autoconfigure.task.TaskExecutorConfigurations$ThreadPoolTaskExecutorBuilderConfiguration'
2025-04-01T15:16:28.281+05:30 TRACE 16888 --- [learn-spring-boot] [           main] o.s.b.f.s.DefaultListableBeanFactory     : Returning cached instance of singleton bean 'threadPoolTaskExecutorBuilder'
2025-04-01T15:16:28.281+05:30 TRACE 16888 --- [learn-spring-boot] [           main] o.s.b.f.s.DefaultListableBeanFactory     : Returning cached instance of singleton bean 'org.springframework.boot.autoconfigure.task.TaskExecutorConfigurations$SimpleAsyncTaskExecutorBuilderConfiguration'
2025-04-01T15:16:28.281+05:30 TRACE 16888 --- [learn-spring-boot] [           main] o.s.b.f.s.DefaultListableBeanFactory     : Returning cached instance of singleton bean 'simpleAsyncTaskExecutorBuilder'
2025-04-01T15:16:28.281+05:30 TRACE 16888 --- [learn-spring-boot] [           main] o.s.b.f.s.DefaultListableBeanFactory     : Returning cached instance of singleton bean 'org.springframework.boot.autoconfigure.task.TaskExecutorConfigurations$TaskExecutorConfiguration'
2025-04-01T15:16:28.281+05:30 TRACE 16888 --- [learn-spring-boot] [           main] o.s.b.f.s.DefaultListableBeanFactory     : Returning cached instance of singleton bean 'applicationTaskExecutor'
2025-04-01T15:16:28.281+05:30 TRACE 16888 --- [learn-spring-boot] [           main] o.s.b.f.s.DefaultListableBeanFactory     : Returning cached instance of singleton bean 'org.springframework.boot.autoconfigure.task.TaskExecutionAutoConfiguration'
2025-04-01T15:16:28.281+05:30 TRACE 16888 --- [learn-spring-boot] [           main] o.s.b.f.s.DefaultListableBeanFactory     : Returning cached instance of singleton bean 'spring.task.execution-org.springframework.boot.autoconfigure.task.TaskExecutionProperties'
2025-04-01T15:16:28.281+05:30 TRACE 16888 --- [learn-spring-boot] [           main] o.s.b.f.s.DefaultListableBeanFactory     : Returning cached instance of singleton bean 'org.springframework.boot.autoconfigure.web.servlet.error.ErrorMvcAutoConfiguration$WhitelabelErrorViewConfiguration'
2025-04-01T15:16:28.281+05:30 TRACE 16888 --- [learn-spring-boot] [           main] o.s.b.f.s.DefaultListableBeanFactory     : Returning cached instance of singleton bean 'error'
2025-04-01T15:16:28.281+05:30 TRACE 16888 --- [learn-spring-boot] [           main] o.s.b.f.s.DefaultListableBeanFactory     : Returning cached instance of singleton bean 'beanNameViewResolver'
2025-04-01T15:16:28.281+05:30 TRACE 16888 --- [learn-spring-boot] [           main] o.s.b.f.s.DefaultListableBeanFactory     : Returning cached instance of singleton bean 'org.springframework.boot.autoconfigure.web.servlet.error.ErrorMvcAutoConfiguration$DefaultErrorViewResolverConfiguration'
2025-04-01T15:16:28.281+05:30 TRACE 16888 --- [learn-spring-boot] [           main] o.s.b.f.s.DefaultListableBeanFactory     : Returning cached instance of singleton bean 'conventionErrorViewResolver'
2025-04-01T15:16:28.281+05:30 TRACE 16888 --- [learn-spring-boot] [           main] o.s.b.f.s.DefaultListableBeanFactory     : Returning cached instance of singleton bean 'spring.web-org.springframework.boot.autoconfigure.web.WebProperties'
2025-04-01T15:16:28.281+05:30 TRACE 16888 --- [learn-spring-boot] [           main] o.s.b.f.s.DefaultListableBeanFactory     : Returning cached instance of singleton bean 'org.springframework.boot.autoconfigure.web.servlet.error.ErrorMvcAutoConfiguration'
2025-04-01T15:16:28.281+05:30 TRACE 16888 --- [learn-spring-boot] [           main] o.s.b.f.s.DefaultListableBeanFactory     : Returning cached instance of singleton bean 'errorAttributes'
2025-04-01T15:16:28.281+05:30 TRACE 16888 --- [learn-spring-boot] [           main] o.s.b.f.s.DefaultListableBeanFactory     : Returning cached instance of singleton bean 'basicErrorController'
2025-04-01T15:16:28.281+05:30 TRACE 16888 --- [learn-spring-boot] [           main] o.s.b.f.s.DefaultListableBeanFactory     : Returning cached instance of singleton bean 'errorPageCustomizer'
2025-04-01T15:16:28.281+05:30 TRACE 16888 --- [learn-spring-boot] [           main] o.s.b.f.s.DefaultListableBeanFactory     : Returning cached instance of singleton bean 'preserveErrorControllerTargetClassPostProcessor'
2025-04-01T15:16:28.281+05:30 TRACE 16888 --- [learn-spring-boot] [           main] o.s.b.f.s.DefaultListableBeanFactory     : Returning cached instance of singleton bean 'org.springframework.boot.autoconfigure.web.servlet.WebMvcAutoConfiguration$EnableWebMvcConfiguration'
2025-04-01T15:16:28.281+05:30 TRACE 16888 --- [learn-spring-boot] [           main] o.s.b.f.s.DefaultListableBeanFactory     : Returning cached instance of singleton bean 'welcomePageHandlerMapping'
2025-04-01T15:16:28.281+05:30 TRACE 16888 --- [learn-spring-boot] [           main] o.s.b.f.s.DefaultListableBeanFactory     : Returning cached instance of singleton bean 'welcomePageNotAcceptableHandlerMapping'
2025-04-01T15:16:28.281+05:30 TRACE 16888 --- [learn-spring-boot] [           main] o.s.b.f.s.DefaultListableBeanFactory     : Returning cached instance of singleton bean 'localeResolver'
2025-04-01T15:16:28.281+05:30 TRACE 16888 --- [learn-spring-boot] [           main] o.s.b.f.s.DefaultListableBeanFactory     : Returning cached instance of singleton bean 'themeResolver'
2025-04-01T15:16:28.281+05:30 TRACE 16888 --- [learn-spring-boot] [           main] o.s.b.f.s.DefaultListableBeanFactory     : Returning cached instance of singleton bean 'flashMapManager'
2025-04-01T15:16:28.281+05:30 TRACE 16888 --- [learn-spring-boot] [           main] o.s.b.f.s.DefaultListableBeanFactory     : Returning cached instance of singleton bean 'viewNameTranslator'
2025-04-01T15:16:28.281+05:30 TRACE 16888 --- [learn-spring-boot] [           main] o.s.b.f.s.DefaultListableBeanFactory     : Returning cached instance of singleton bean 'mvcConversionService'
2025-04-01T15:16:28.281+05:30 TRACE 16888 --- [learn-spring-boot] [           main] o.s.b.f.s.DefaultListableBeanFactory     : Returning cached instance of singleton bean 'mvcValidator'
2025-04-01T15:16:28.281+05:30 TRACE 16888 --- [learn-spring-boot] [           main] o.s.b.f.s.DefaultListableBeanFactory     : Returning cached instance of singleton bean 'mvcContentNegotiationManager'
2025-04-01T15:16:28.281+05:30 TRACE 16888 --- [learn-spring-boot] [           main] o.s.b.f.s.DefaultListableBeanFactory     : Returning cached instance of singleton bean 'requestMappingHandlerMapping'
2025-04-01T15:16:28.281+05:30 TRACE 16888 --- [learn-spring-boot] [           main] o.s.b.f.s.DefaultListableBeanFactory     : Returning cached instance of singleton bean 'mvcPatternParser'
2025-04-01T15:16:28.281+05:30 TRACE 16888 --- [learn-spring-boot] [           main] o.s.b.f.s.DefaultListableBeanFactory     : Returning cached instance of singleton bean 'mvcUrlPathHelper'
2025-04-01T15:16:28.281+05:30 TRACE 16888 --- [learn-spring-boot] [           main] o.s.b.f.s.DefaultListableBeanFactory     : Returning cached instance of singleton bean 'mvcPathMatcher'
2025-04-01T15:16:28.281+05:30 TRACE 16888 --- [learn-spring-boot] [           main] o.s.b.f.s.DefaultListableBeanFactory     : Returning cached instance of singleton bean 'viewControllerHandlerMapping'
2025-04-01T15:16:28.281+05:30 TRACE 16888 --- [learn-spring-boot] [           main] o.s.b.f.s.DefaultListableBeanFactory     : Returning cached instance of singleton bean 'beanNameHandlerMapping'
2025-04-01T15:16:28.281+05:30 TRACE 16888 --- [learn-spring-boot] [           main] o.s.b.f.s.DefaultListableBeanFactory     : Returning cached instance of singleton bean 'routerFunctionMapping'
2025-04-01T15:16:28.281+05:30 TRACE 16888 --- [learn-spring-boot] [           main] o.s.b.f.s.DefaultListableBeanFactory     : Returning cached instance of singleton bean 'resourceHandlerMapping'
2025-04-01T15:16:28.281+05:30 TRACE 16888 --- [learn-spring-boot] [           main] o.s.b.f.s.DefaultListableBeanFactory     : Returning cached instance of singleton bean 'mvcResourceUrlProvider'
2025-04-01T15:16:28.281+05:30 TRACE 16888 --- [learn-spring-boot] [           main] o.s.b.f.s.DefaultListableBeanFactory     : Returning cached instance of singleton bean 'defaultServletHandlerMapping'
2025-04-01T15:16:28.281+05:30 TRACE 16888 --- [learn-spring-boot] [           main] o.s.b.f.s.DefaultListableBeanFactory     : Returning cached instance of singleton bean 'requestMappingHandlerAdapter'
2025-04-01T15:16:28.281+05:30 TRACE 16888 --- [learn-spring-boot] [           main] o.s.b.f.s.DefaultListableBeanFactory     : Returning cached instance of singleton bean 'handlerFunctionAdapter'
2025-04-01T15:16:28.282+05:30 TRACE 16888 --- [learn-spring-boot] [           main] o.s.b.f.s.DefaultListableBeanFactory     : Returning cached instance of singleton bean 'mvcUriComponentsContributor'
2025-04-01T15:16:28.282+05:30 TRACE 16888 --- [learn-spring-boot] [           main] o.s.b.f.s.DefaultListableBeanFactory     : Returning cached instance of singleton bean 'httpRequestHandlerAdapter'
2025-04-01T15:16:28.282+05:30 TRACE 16888 --- [learn-spring-boot] [           main] o.s.b.f.s.DefaultListableBeanFactory     : Returning cached instance of singleton bean 'simpleControllerHandlerAdapter'
2025-04-01T15:16:28.282+05:30 TRACE 16888 --- [learn-spring-boot] [           main] o.s.b.f.s.DefaultListableBeanFactory     : Returning cached instance of singleton bean 'handlerExceptionResolver'
2025-04-01T15:16:28.282+05:30 TRACE 16888 --- [learn-spring-boot] [           main] o.s.b.f.s.DefaultListableBeanFactory     : Returning cached instance of singleton bean 'mvcViewResolver'
2025-04-01T15:16:28.282+05:30 TRACE 16888 --- [learn-spring-boot] [           main] o.s.b.f.s.DefaultListableBeanFactory     : Returning cached instance of singleton bean 'org.springframework.boot.autoconfigure.web.servlet.WebMvcAutoConfiguration$WebMvcAutoConfigurationAdapter'
2025-04-01T15:16:28.282+05:30 TRACE 16888 --- [learn-spring-boot] [           main] o.s.b.f.s.DefaultListableBeanFactory     : Returning cached instance of singleton bean 'defaultViewResolver'
2025-04-01T15:16:28.282+05:30 TRACE 16888 --- [learn-spring-boot] [           main] o.s.b.f.s.DefaultListableBeanFactory     : Returning cached instance of singleton bean 'viewResolver'
2025-04-01T15:16:28.282+05:30 TRACE 16888 --- [learn-spring-boot] [           main] o.s.b.f.s.DefaultListableBeanFactory     : Returning cached instance of singleton bean 'requestContextFilter'
2025-04-01T15:16:28.282+05:30 TRACE 16888 --- [learn-spring-boot] [           main] o.s.b.f.s.DefaultListableBeanFactory     : Returning cached instance of singleton bean 'org.springframework.boot.autoconfigure.web.servlet.WebMvcAutoConfiguration'
2025-04-01T15:16:28.282+05:30 TRACE 16888 --- [learn-spring-boot] [           main] o.s.b.f.s.DefaultListableBeanFactory     : Returning cached instance of singleton bean 'formContentFilter'
2025-04-01T15:16:28.282+05:30 TRACE 16888 --- [learn-spring-boot] [           main] o.s.b.f.s.DefaultListableBeanFactory     : Returning cached instance of singleton bean 'org.springframework.boot.autoconfigure.availability.ApplicationAvailabilityAutoConfiguration'
2025-04-01T15:16:28.282+05:30 TRACE 16888 --- [learn-spring-boot] [           main] o.s.b.f.s.DefaultListableBeanFactory     : Returning cached instance of singleton bean 'applicationAvailability'
2025-04-01T15:16:28.282+05:30 TRACE 16888 --- [learn-spring-boot] [           main] o.s.b.f.s.DefaultListableBeanFactory     : Returning cached instance of singleton bean 'org.springframework.boot.actuate.autoconfigure.availability.AvailabilityHealthContributorAutoConfiguration'
2025-04-01T15:16:28.282+05:30 TRACE 16888 --- [learn-spring-boot] [           main] o.s.b.f.s.DefaultListableBeanFactory     : Returning cached instance of singleton bean 'org.springframework.boot.autoconfigure.jackson.JacksonAutoConfiguration$Jackson2ObjectMapperBuilderCustomizerConfiguration'
2025-04-01T15:16:28.282+05:30 TRACE 16888 --- [learn-spring-boot] [           main] o.s.b.f.s.DefaultListableBeanFactory     : Returning cached instance of singleton bean 'standardJacksonObjectMapperBuilderCustomizer'
2025-04-01T15:16:28.282+05:30 TRACE 16888 --- [learn-spring-boot] [           main] o.s.b.f.s.DefaultListableBeanFactory     : Returning cached instance of singleton bean 'spring.jackson-org.springframework.boot.autoconfigure.jackson.JacksonProperties'
2025-04-01T15:16:28.282+05:30 TRACE 16888 --- [learn-spring-boot] [           main] o.s.b.f.s.DefaultListableBeanFactory     : Returning cached instance of singleton bean 'org.springframework.boot.autoconfigure.jackson.JacksonAutoConfiguration$JacksonObjectMapperBuilderConfiguration'
2025-04-01T15:16:28.282+05:30 TRACE 16888 --- [learn-spring-boot] [           main] o.s.b.f.s.DefaultListableBeanFactory     : Returning cached instance of singleton bean 'org.springframework.boot.autoconfigure.jackson.JacksonAutoConfiguration$ParameterNamesModuleConfiguration'
2025-04-01T15:16:28.282+05:30 TRACE 16888 --- [learn-spring-boot] [           main] o.s.b.f.s.DefaultListableBeanFactory     : Returning cached instance of singleton bean 'parameterNamesModule'
2025-04-01T15:16:28.282+05:30 TRACE 16888 --- [learn-spring-boot] [           main] o.s.b.f.s.DefaultListableBeanFactory     : Returning cached instance of singleton bean 'org.springframework.boot.autoconfigure.jackson.JacksonAutoConfiguration$JacksonObjectMapperConfiguration'
2025-04-01T15:16:28.282+05:30 TRACE 16888 --- [learn-spring-boot] [           main] o.s.b.f.s.DefaultListableBeanFactory     : Returning cached instance of singleton bean 'jacksonObjectMapper'
2025-04-01T15:16:28.282+05:30 TRACE 16888 --- [learn-spring-boot] [           main] o.s.b.f.s.DefaultListableBeanFactory     : Returning cached instance of singleton bean 'org.springframework.boot.autoconfigure.jackson.JacksonAutoConfiguration$JacksonMixinConfiguration'
2025-04-01T15:16:28.282+05:30 TRACE 16888 --- [learn-spring-boot] [           main] o.s.b.f.s.DefaultListableBeanFactory     : Returning cached instance of singleton bean 'jsonMixinModuleEntries'
2025-04-01T15:16:28.282+05:30 TRACE 16888 --- [learn-spring-boot] [           main] o.s.b.f.s.DefaultListableBeanFactory     : Returning cached instance of singleton bean 'jsonMixinModule'
2025-04-01T15:16:28.282+05:30 TRACE 16888 --- [learn-spring-boot] [           main] o.s.b.f.s.DefaultListableBeanFactory     : Returning cached instance of singleton bean 'org.springframework.boot.autoconfigure.jackson.JacksonAutoConfiguration'
2025-04-01T15:16:28.282+05:30 TRACE 16888 --- [learn-spring-boot] [           main] o.s.b.f.s.DefaultListableBeanFactory     : Returning cached instance of singleton bean 'jsonComponentModule'
2025-04-01T15:16:28.282+05:30 TRACE 16888 --- [learn-spring-boot] [           main] o.s.b.f.s.DefaultListableBeanFactory     : Returning cached instance of singleton bean 'org.springframework.boot.actuate.autoconfigure.health.HealthEndpointConfiguration'
2025-04-01T15:16:28.282+05:30 TRACE 16888 --- [learn-spring-boot] [           main] o.s.b.f.s.DefaultListableBeanFactory     : Returning cached instance of singleton bean 'healthStatusAggregator'
2025-04-01T15:16:28.282+05:30 TRACE 16888 --- [learn-spring-boot] [           main] o.s.b.f.s.DefaultListableBeanFactory     : Returning cached instance of singleton bean 'healthHttpCodeStatusMapper'
2025-04-01T15:16:28.282+05:30 TRACE 16888 --- [learn-spring-boot] [           main] o.s.b.f.s.DefaultListableBeanFactory     : Returning cached instance of singleton bean 'healthEndpointGroups'
2025-04-01T15:16:28.282+05:30 TRACE 16888 --- [learn-spring-boot] [           main] o.s.b.f.s.DefaultListableBeanFactory     : Returning cached instance of singleton bean 'healthContributorRegistry'
2025-04-01T15:16:28.282+05:30 TRACE 16888 --- [learn-spring-boot] [           main] o.s.b.f.s.DefaultListableBeanFactory     : Returning cached instance of singleton bean 'healthEndpointGroupMembershipValidator'
2025-04-01T15:16:28.282+05:30 TRACE 16888 --- [learn-spring-boot] [           main] o.s.b.f.s.DefaultListableBeanFactory     : Returning cached instance of singleton bean 'healthEndpoint'
2025-04-01T15:16:28.282+05:30 TRACE 16888 --- [learn-spring-boot] [           main] o.s.b.f.s.DefaultListableBeanFactory     : Returning cached instance of singleton bean 'healthEndpointGroupsBeanPostProcessor'
2025-04-01T15:16:28.282+05:30 TRACE 16888 --- [learn-spring-boot] [           main] o.s.b.f.s.DefaultListableBeanFactory     : Returning cached instance of singleton bean 'org.springframework.boot.actuate.autoconfigure.health.HealthEndpointWebExtensionConfiguration$MvcAdditionalHealthEndpointPathsConfiguration'
2025-04-01T15:16:28.282+05:30 TRACE 16888 --- [learn-spring-boot] [           main] o.s.b.f.s.DefaultListableBeanFactory     : Returning cached instance of singleton bean 'healthEndpointWebMvcHandlerMapping'
2025-04-01T15:16:28.282+05:30 TRACE 16888 --- [learn-spring-boot] [           main] o.s.b.f.s.DefaultListableBeanFactory     : Returning cached instance of singleton bean 'org.springframework.boot.actuate.autoconfigure.health.HealthEndpointWebExtensionConfiguration'
2025-04-01T15:16:28.282+05:30 TRACE 16888 --- [learn-spring-boot] [           main] o.s.b.f.s.DefaultListableBeanFactory     : Returning cached instance of singleton bean 'healthEndpointWebExtension'
2025-04-01T15:16:28.282+05:30 TRACE 16888 --- [learn-spring-boot] [           main] o.s.b.f.s.DefaultListableBeanFactory     : Returning cached instance of singleton bean 'org.springframework.boot.actuate.autoconfigure.health.HealthEndpointAutoConfiguration'
2025-04-01T15:16:28.282+05:30 TRACE 16888 --- [learn-spring-boot] [           main] o.s.b.f.s.DefaultListableBeanFactory     : Returning cached instance of singleton bean 'management.endpoint.health-org.springframework.boot.actuate.autoconfigure.health.HealthEndpointProperties'
2025-04-01T15:16:28.282+05:30 TRACE 16888 --- [learn-spring-boot] [           main] o.s.b.f.s.DefaultListableBeanFactory     : Returning cached instance of singleton bean 'org.springframework.boot.autoconfigure.info.ProjectInfoAutoConfiguration'
2025-04-01T15:16:28.282+05:30 TRACE 16888 --- [learn-spring-boot] [           main] o.s.b.f.s.DefaultListableBeanFactory     : Returning cached instance of singleton bean 'spring.info-org.springframework.boot.autoconfigure.info.ProjectInfoProperties'
2025-04-01T15:16:28.282+05:30 TRACE 16888 --- [learn-spring-boot] [           main] o.s.b.f.s.DefaultListableBeanFactory     : Returning cached instance of singleton bean 'org.springframework.boot.actuate.autoconfigure.info.InfoContributorAutoConfiguration'
2025-04-01T15:16:28.282+05:30 TRACE 16888 --- [learn-spring-boot] [           main] o.s.b.f.s.DefaultListableBeanFactory     : Returning cached instance of singleton bean 'management.health.ssl-org.springframework.boot.actuate.autoconfigure.ssl.SslHealthIndicatorProperties'
2025-04-01T15:16:28.282+05:30 TRACE 16888 --- [learn-spring-boot] [           main] o.s.b.f.s.DefaultListableBeanFactory     : Returning cached instance of singleton bean 'management.info-org.springframework.boot.actuate.autoconfigure.info.InfoContributorProperties'
2025-04-01T15:16:28.282+05:30 TRACE 16888 --- [learn-spring-boot] [           main] o.s.b.f.s.DefaultListableBeanFactory     : Returning cached instance of singleton bean 'org.springframework.boot.actuate.autoconfigure.web.servlet.ServletManagementContextAutoConfiguration'
2025-04-01T15:16:28.282+05:30 TRACE 16888 --- [learn-spring-boot] [           main] o.s.b.f.s.DefaultListableBeanFactory     : Returning cached instance of singleton bean 'servletWebChildContextFactory'
2025-04-01T15:16:28.282+05:30 TRACE 16888 --- [learn-spring-boot] [           main] o.s.b.f.s.DefaultListableBeanFactory     : Returning cached instance of singleton bean 'managementServletContext'
2025-04-01T15:16:28.282+05:30 TRACE 16888 --- [learn-spring-boot] [           main] o.s.b.f.s.DefaultListableBeanFactory     : Returning cached instance of singleton bean 'org.springframework.boot.actuate.autoconfigure.endpoint.EndpointAutoConfiguration'
2025-04-01T15:16:28.282+05:30 TRACE 16888 --- [learn-spring-boot] [           main] o.s.b.f.s.DefaultListableBeanFactory     : Returning cached instance of singleton bean 'endpointOperationParameterMapper'
2025-04-01T15:16:28.282+05:30 TRACE 16888 --- [learn-spring-boot] [           main] o.s.b.f.s.DefaultListableBeanFactory     : Returning cached instance of singleton bean 'endpointCachingOperationInvokerAdvisor'
2025-04-01T15:16:28.282+05:30 TRACE 16888 --- [learn-spring-boot] [           main] o.s.b.f.s.DefaultListableBeanFactory     : Returning cached instance of singleton bean 'propertiesEndpointAccessResolver'
2025-04-01T15:16:28.282+05:30 TRACE 16888 --- [learn-spring-boot] [           main] o.s.b.f.s.DefaultListableBeanFactory     : Returning cached instance of singleton bean 'org.springframework.boot.actuate.autoconfigure.endpoint.jackson.JacksonEndpointAutoConfiguration'
2025-04-01T15:16:28.282+05:30 TRACE 16888 --- [learn-spring-boot] [           main] o.s.b.f.s.DefaultListableBeanFactory     : Returning cached instance of singleton bean 'endpointObjectMapper'
2025-04-01T15:16:28.282+05:30 TRACE 16888 --- [learn-spring-boot] [           main] o.s.b.f.s.DefaultListableBeanFactory     : Returning cached instance of singleton bean 'org.springframework.boot.actuate.autoconfigure.endpoint.web.WebEndpointAutoConfiguration$WebEndpointServletConfiguration'
2025-04-01T15:16:28.282+05:30 TRACE 16888 --- [learn-spring-boot] [           main] o.s.b.f.s.DefaultListableBeanFactory     : Returning cached instance of singleton bean 'servletEndpointDiscoverer'
2025-04-01T15:16:28.282+05:30 TRACE 16888 --- [learn-spring-boot] [           main] o.s.b.f.s.DefaultListableBeanFactory     : Returning cached instance of singleton bean 'org.springframework.boot.actuate.autoconfigure.endpoint.web.WebEndpointAutoConfiguration'
2025-04-01T15:16:28.282+05:30 TRACE 16888 --- [learn-spring-boot] [           main] o.s.b.f.s.DefaultListableBeanFactory     : Returning cached instance of singleton bean 'webEndpointPathMapper'
2025-04-01T15:16:28.282+05:30 TRACE 16888 --- [learn-spring-boot] [           main] o.s.b.f.s.DefaultListableBeanFactory     : Returning cached instance of singleton bean 'endpointMediaTypes'
2025-04-01T15:16:28.282+05:30 TRACE 16888 --- [learn-spring-boot] [           main] o.s.b.f.s.DefaultListableBeanFactory     : Returning cached instance of singleton bean 'webEndpointDiscoverer'
2025-04-01T15:16:28.282+05:30 TRACE 16888 --- [learn-spring-boot] [           main] o.s.b.f.s.DefaultListableBeanFactory     : Returning cached instance of singleton bean 'controllerEndpointDiscoverer'
2025-04-01T15:16:28.282+05:30 TRACE 16888 --- [learn-spring-boot] [           main] o.s.b.f.s.DefaultListableBeanFactory     : Returning cached instance of singleton bean 'pathMappedEndpoints'
2025-04-01T15:16:28.282+05:30 TRACE 16888 --- [learn-spring-boot] [           main] o.s.b.f.s.DefaultListableBeanFactory     : Returning cached instance of singleton bean 'webExposeExcludePropertyEndpointFilter'
2025-04-01T15:16:28.282+05:30 TRACE 16888 --- [learn-spring-boot] [           main] o.s.b.f.s.DefaultListableBeanFactory     : Returning cached instance of singleton bean 'controllerExposeExcludePropertyEndpointFilter'
2025-04-01T15:16:28.282+05:30 TRACE 16888 --- [learn-spring-boot] [           main] o.s.b.f.s.DefaultListableBeanFactory     : Returning cached instance of singleton bean 'webAccessPropertiesOperationFilter'
2025-04-01T15:16:28.282+05:30 TRACE 16888 --- [learn-spring-boot] [           main] o.s.b.f.s.DefaultListableBeanFactory     : Returning cached instance of singleton bean 'management.endpoints.web-org.springframework.boot.actuate.autoconfigure.endpoint.web.WebEndpointProperties'
2025-04-01T15:16:28.282+05:30 TRACE 16888 --- [learn-spring-boot] [           main] o.s.b.f.s.DefaultListableBeanFactory     : Returning cached instance of singleton bean 'org.springframework.boot.actuate.autoconfigure.ssl.SslHealthContributorAutoConfiguration'
2025-04-01T15:16:28.282+05:30 TRACE 16888 --- [learn-spring-boot] [           main] o.s.b.f.s.DefaultListableBeanFactory     : Returning cached instance of singleton bean 'sslHealthIndicator'
2025-04-01T15:16:28.282+05:30 TRACE 16888 --- [learn-spring-boot] [           main] o.s.b.f.s.DefaultListableBeanFactory     : Returning cached instance of singleton bean 'sslInfo'
2025-04-01T15:16:28.282+05:30 TRACE 16888 --- [learn-spring-boot] [           main] o.s.b.f.s.DefaultListableBeanFactory     : Returning cached instance of singleton bean 'org.springframework.boot.actuate.autoconfigure.system.DiskSpaceHealthContributorAutoConfiguration'
2025-04-01T15:16:28.282+05:30 TRACE 16888 --- [learn-spring-boot] [           main] o.s.b.f.s.DefaultListableBeanFactory     : Returning cached instance of singleton bean 'diskSpaceHealthIndicator'
2025-04-01T15:16:28.282+05:30 TRACE 16888 --- [learn-spring-boot] [           main] o.s.b.f.s.DefaultListableBeanFactory     : Returning cached instance of singleton bean 'management.health.diskspace-org.springframework.boot.actuate.autoconfigure.system.DiskSpaceHealthIndicatorProperties'
2025-04-01T15:16:28.282+05:30 TRACE 16888 --- [learn-spring-boot] [           main] o.s.b.f.s.DefaultListableBeanFactory     : Returning cached instance of singleton bean 'org.springframework.boot.actuate.autoconfigure.health.HealthContributorAutoConfiguration'
2025-04-01T15:16:28.283+05:30 TRACE 16888 --- [learn-spring-boot] [           main] o.s.b.f.s.DefaultListableBeanFactory     : Returning cached instance of singleton bean 'pingHealthContributor'
2025-04-01T15:16:28.283+05:30 TRACE 16888 --- [learn-spring-boot] [           main] o.s.b.f.s.DefaultListableBeanFactory     : Returning cached instance of singleton bean 'org.springframework.boot.actuate.autoconfigure.metrics.MetricsAutoConfiguration'
2025-04-01T15:16:28.283+05:30 TRACE 16888 --- [learn-spring-boot] [           main] o.s.b.f.s.DefaultListableBeanFactory     : Returning cached instance of singleton bean 'micrometerClock'
2025-04-01T15:16:28.283+05:30 TRACE 16888 --- [learn-spring-boot] [           main] o.s.b.f.s.DefaultListableBeanFactory     : Returning cached instance of singleton bean 'meterRegistryPostProcessor'
2025-04-01T15:16:28.283+05:30 TRACE 16888 --- [learn-spring-boot] [           main] o.s.b.f.s.DefaultListableBeanFactory     : Returning cached instance of singleton bean 'propertiesMeterFilter'
2025-04-01T15:16:28.283+05:30 TRACE 16888 --- [learn-spring-boot] [           main] o.s.b.f.s.DefaultListableBeanFactory     : Returning cached instance of singleton bean 'meterRegistryCloser'
2025-04-01T15:16:28.283+05:30 TRACE 16888 --- [learn-spring-boot] [           main] o.s.b.f.s.DefaultListableBeanFactory     : Returning cached instance of singleton bean 'management.metrics-org.springframework.boot.actuate.autoconfigure.metrics.MetricsProperties'
2025-04-01T15:16:28.283+05:30 TRACE 16888 --- [learn-spring-boot] [           main] o.s.b.f.s.DefaultListableBeanFactory     : Returning cached instance of singleton bean 'org.springframework.boot.actuate.autoconfigure.metrics.export.simple.SimpleMetricsExportAutoConfiguration'
2025-04-01T15:16:28.283+05:30 TRACE 16888 --- [learn-spring-boot] [           main] o.s.b.f.s.DefaultListableBeanFactory     : Returning cached instance of singleton bean 'simpleMeterRegistry'
2025-04-01T15:16:28.283+05:30 TRACE 16888 --- [learn-spring-boot] [           main] o.s.b.f.s.DefaultListableBeanFactory     : Returning cached instance of singleton bean 'simpleConfig'
2025-04-01T15:16:28.283+05:30 TRACE 16888 --- [learn-spring-boot] [           main] o.s.b.f.s.DefaultListableBeanFactory     : Returning cached instance of singleton bean 'management.simple.metrics.export-org.springframework.boot.actuate.autoconfigure.metrics.export.simple.SimpleProperties'
2025-04-01T15:16:28.283+05:30 TRACE 16888 --- [learn-spring-boot] [           main] o.s.b.f.s.DefaultListableBeanFactory     : Returning cached instance of singleton bean 'org.springframework.boot.actuate.autoconfigure.metrics.CompositeMeterRegistryAutoConfiguration'
2025-04-01T15:16:28.283+05:30 TRACE 16888 --- [learn-spring-boot] [           main] o.s.b.f.s.DefaultListableBeanFactory     : Returning cached instance of singleton bean 'org.springframework.boot.actuate.autoconfigure.metrics.JvmMetricsAutoConfiguration'
2025-04-01T15:16:28.283+05:30 TRACE 16888 --- [learn-spring-boot] [           main] o.s.b.f.s.DefaultListableBeanFactory     : Returning cached instance of singleton bean 'jvmGcMetrics'
2025-04-01T15:16:28.283+05:30 TRACE 16888 --- [learn-spring-boot] [           main] o.s.b.f.s.DefaultListableBeanFactory     : Returning cached instance of singleton bean 'jvmHeapPressureMetrics'
2025-04-01T15:16:28.283+05:30 TRACE 16888 --- [learn-spring-boot] [           main] o.s.b.f.s.DefaultListableBeanFactory     : Returning cached instance of singleton bean 'jvmMemoryMetrics'
2025-04-01T15:16:28.283+05:30 TRACE 16888 --- [learn-spring-boot] [           main] o.s.b.f.s.DefaultListableBeanFactory     : Returning cached instance of singleton bean 'jvmThreadMetrics'
2025-04-01T15:16:28.283+05:30 TRACE 16888 --- [learn-spring-boot] [           main] o.s.b.f.s.DefaultListableBeanFactory     : Returning cached instance of singleton bean 'classLoaderMetrics'
2025-04-01T15:16:28.283+05:30 TRACE 16888 --- [learn-spring-boot] [           main] o.s.b.f.s.DefaultListableBeanFactory     : Returning cached instance of singleton bean 'jvmInfoMetrics'
2025-04-01T15:16:28.283+05:30 TRACE 16888 --- [learn-spring-boot] [           main] o.s.b.f.s.DefaultListableBeanFactory     : Returning cached instance of singleton bean 'jvmCompilationMetrics'
2025-04-01T15:16:28.283+05:30 TRACE 16888 --- [learn-spring-boot] [           main] o.s.b.f.s.DefaultListableBeanFactory     : Returning cached instance of singleton bean 'org.springframework.boot.actuate.autoconfigure.metrics.LogbackMetricsAutoConfiguration'
2025-04-01T15:16:28.283+05:30 TRACE 16888 --- [learn-spring-boot] [           main] o.s.b.f.s.DefaultListableBeanFactory     : Returning cached instance of singleton bean 'logbackMetrics'
2025-04-01T15:16:28.283+05:30 TRACE 16888 --- [learn-spring-boot] [           main] o.s.b.f.s.DefaultListableBeanFactory     : Returning cached instance of singleton bean 'org.springframework.boot.actuate.autoconfigure.metrics.SystemMetricsAutoConfiguration'
2025-04-01T15:16:28.283+05:30 TRACE 16888 --- [learn-spring-boot] [           main] o.s.b.f.s.DefaultListableBeanFactory     : Returning cached instance of singleton bean 'uptimeMetrics'
2025-04-01T15:16:28.283+05:30 TRACE 16888 --- [learn-spring-boot] [           main] o.s.b.f.s.DefaultListableBeanFactory     : Returning cached instance of singleton bean 'processorMetrics'
2025-04-01T15:16:28.283+05:30 TRACE 16888 --- [learn-spring-boot] [           main] o.s.b.f.s.DefaultListableBeanFactory     : Returning cached instance of singleton bean 'fileDescriptorMetrics'
2025-04-01T15:16:28.283+05:30 TRACE 16888 --- [learn-spring-boot] [           main] o.s.b.f.s.DefaultListableBeanFactory     : Returning cached instance of singleton bean 'diskSpaceMetrics'
2025-04-01T15:16:28.283+05:30 TRACE 16888 --- [learn-spring-boot] [           main] o.s.b.f.s.DefaultListableBeanFactory     : Returning cached instance of singleton bean 'org.springframework.boot.actuate.autoconfigure.metrics.integration.IntegrationMetricsAutoConfiguration'
2025-04-01T15:16:28.283+05:30 TRACE 16888 --- [learn-spring-boot] [           main] o.s.b.f.s.DefaultListableBeanFactory     : Returning cached instance of singleton bean 'org.springframework.boot.actuate.autoconfigure.metrics.startup.StartupTimeMetricsListenerAutoConfiguration'
2025-04-01T15:16:28.283+05:30 TRACE 16888 --- [learn-spring-boot] [           main] o.s.b.f.s.DefaultListableBeanFactory     : Returning cached instance of singleton bean 'startupTimeMetrics'
2025-04-01T15:16:28.283+05:30 TRACE 16888 --- [learn-spring-boot] [           main] o.s.b.f.s.DefaultListableBeanFactory     : Returning cached instance of singleton bean 'org.springframework.boot.autoconfigure.task.TaskSchedulingConfigurations$ThreadPoolTaskSchedulerBuilderConfiguration'
2025-04-01T15:16:28.283+05:30 TRACE 16888 --- [learn-spring-boot] [           main] o.s.b.f.s.DefaultListableBeanFactory     : Returning cached instance of singleton bean 'threadPoolTaskSchedulerBuilder'
2025-04-01T15:16:28.283+05:30 TRACE 16888 --- [learn-spring-boot] [           main] o.s.b.f.s.DefaultListableBeanFactory     : Returning cached instance of singleton bean 'org.springframework.boot.autoconfigure.task.TaskSchedulingConfigurations$SimpleAsyncTaskSchedulerBuilderConfiguration'
2025-04-01T15:16:28.283+05:30 TRACE 16888 --- [learn-spring-boot] [           main] o.s.b.f.s.DefaultListableBeanFactory     : Returning cached instance of singleton bean 'simpleAsyncTaskSchedulerBuilder'
2025-04-01T15:16:28.283+05:30 TRACE 16888 --- [learn-spring-boot] [           main] o.s.b.f.s.DefaultListableBeanFactory     : Returning cached instance of singleton bean 'org.springframework.boot.autoconfigure.task.TaskSchedulingAutoConfiguration'
2025-04-01T15:16:28.283+05:30 TRACE 16888 --- [learn-spring-boot] [           main] o.s.b.f.s.DefaultListableBeanFactory     : Returning cached instance of singleton bean 'spring.task.scheduling-org.springframework.boot.autoconfigure.task.TaskSchedulingProperties'
2025-04-01T15:16:28.283+05:30 TRACE 16888 --- [learn-spring-boot] [           main] o.s.b.f.s.DefaultListableBeanFactory     : Returning cached instance of singleton bean 'org.springframework.boot.actuate.autoconfigure.metrics.task.TaskExecutorMetricsAutoConfiguration'
2025-04-01T15:16:28.283+05:30 TRACE 16888 --- [learn-spring-boot] [           main] o.s.b.f.s.DefaultListableBeanFactory     : Returning cached instance of singleton bean 'eagerTaskExecutorMetrics'
2025-04-01T15:16:28.283+05:30 TRACE 16888 --- [learn-spring-boot] [           main] o.s.b.f.s.DefaultListableBeanFactory     : Returning cached instance of singleton bean 'org.springframework.boot.actuate.autoconfigure.metrics.web.tomcat.TomcatMetricsAutoConfiguration'
2025-04-01T15:16:28.283+05:30 TRACE 16888 --- [learn-spring-boot] [           main] o.s.b.f.s.DefaultListableBeanFactory     : Returning cached instance of singleton bean 'tomcatMetricsBinder'
2025-04-01T15:16:28.283+05:30 TRACE 16888 --- [learn-spring-boot] [           main] o.s.b.f.s.DefaultListableBeanFactory     : Returning cached instance of singleton bean 'org.springframework.boot.actuate.autoconfigure.observation.ObservationAutoConfiguration$MeterObservationHandlerConfiguration$OnlyMetricsMeterObservationHandlerConfiguration'
2025-04-01T15:16:28.283+05:30 TRACE 16888 --- [learn-spring-boot] [           main] o.s.b.f.s.DefaultListableBeanFactory     : Returning cached instance of singleton bean 'defaultMeterObservationHandler'
2025-04-01T15:16:28.283+05:30 TRACE 16888 --- [learn-spring-boot] [           main] o.s.b.f.s.DefaultListableBeanFactory     : Returning cached instance of singleton bean 'org.springframework.boot.actuate.autoconfigure.observation.ObservationAutoConfiguration$MeterObservationHandlerConfiguration'
2025-04-01T15:16:28.283+05:30 TRACE 16888 --- [learn-spring-boot] [           main] o.s.b.f.s.DefaultListableBeanFactory     : Returning cached instance of singleton bean 'org.springframework.boot.actuate.autoconfigure.observation.ObservationAutoConfiguration$OnlyMetricsConfiguration'
2025-04-01T15:16:28.283+05:30 TRACE 16888 --- [learn-spring-boot] [           main] o.s.b.f.s.DefaultListableBeanFactory     : Returning cached instance of singleton bean 'metricsObservationHandlerGrouping'
2025-04-01T15:16:28.283+05:30 TRACE 16888 --- [learn-spring-boot] [           main] o.s.b.f.s.DefaultListableBeanFactory     : Returning cached instance of singleton bean 'org.springframework.boot.actuate.autoconfigure.observation.ObservationAutoConfiguration'
2025-04-01T15:16:28.283+05:30 TRACE 16888 --- [learn-spring-boot] [           main] o.s.b.f.s.DefaultListableBeanFactory     : Returning cached instance of singleton bean 'observationRegistryPostProcessor'
2025-04-01T15:16:28.283+05:30 TRACE 16888 --- [learn-spring-boot] [           main] o.s.b.f.s.DefaultListableBeanFactory     : Returning cached instance of singleton bean 'observationRegistry'
2025-04-01T15:16:28.283+05:30 TRACE 16888 --- [learn-spring-boot] [           main] o.s.b.f.s.DefaultListableBeanFactory     : Returning cached instance of singleton bean 'propertiesObservationFilter'
2025-04-01T15:16:28.283+05:30 TRACE 16888 --- [learn-spring-boot] [           main] o.s.b.f.s.DefaultListableBeanFactory     : Returning cached instance of singleton bean 'management.observations-org.springframework.boot.actuate.autoconfigure.observation.ObservationProperties'
2025-04-01T15:16:28.283+05:30 TRACE 16888 --- [learn-spring-boot] [           main] o.s.b.f.s.DefaultListableBeanFactory     : Returning cached instance of singleton bean 'org.springframework.boot.autoconfigure.http.HttpMessageConvertersAutoConfiguration$StringHttpMessageConverterConfiguration'
2025-04-01T15:16:28.283+05:30 TRACE 16888 --- [learn-spring-boot] [           main] o.s.b.f.s.DefaultListableBeanFactory     : Returning cached instance of singleton bean 'stringHttpMessageConverter'
2025-04-01T15:16:28.283+05:30 TRACE 16888 --- [learn-spring-boot] [           main] o.s.b.f.s.DefaultListableBeanFactory     : Returning cached instance of singleton bean 'org.springframework.boot.autoconfigure.http.JacksonHttpMessageConvertersConfiguration$MappingJackson2HttpMessageConverterConfiguration'
2025-04-01T15:16:28.283+05:30 TRACE 16888 --- [learn-spring-boot] [           main] o.s.b.f.s.DefaultListableBeanFactory     : Returning cached instance of singleton bean 'mappingJackson2HttpMessageConverter'
2025-04-01T15:16:28.283+05:30 TRACE 16888 --- [learn-spring-boot] [           main] o.s.b.f.s.DefaultListableBeanFactory     : Returning cached instance of singleton bean 'org.springframework.boot.autoconfigure.http.JacksonHttpMessageConvertersConfiguration'
2025-04-01T15:16:28.283+05:30 TRACE 16888 --- [learn-spring-boot] [           main] o.s.b.f.s.DefaultListableBeanFactory     : Returning cached instance of singleton bean 'org.springframework.boot.autoconfigure.http.HttpMessageConvertersAutoConfiguration'
2025-04-01T15:16:28.283+05:30 TRACE 16888 --- [learn-spring-boot] [           main] o.s.b.f.s.DefaultListableBeanFactory     : Returning cached instance of singleton bean 'messageConverters'
2025-04-01T15:16:28.283+05:30 TRACE 16888 --- [learn-spring-boot] [           main] o.s.b.f.s.DefaultListableBeanFactory     : Returning cached instance of singleton bean 'org.springframework.boot.autoconfigure.http.client.HttpClientAutoConfiguration'
2025-04-01T15:16:28.283+05:30 TRACE 16888 --- [learn-spring-boot] [           main] o.s.b.f.s.DefaultListableBeanFactory     : Returning cached instance of singleton bean 'clientHttpRequestFactoryBuilder'
2025-04-01T15:16:28.283+05:30 TRACE 16888 --- [learn-spring-boot] [           main] o.s.b.f.s.DefaultListableBeanFactory     : Returning cached instance of singleton bean 'clientHttpRequestFactorySettings'
2025-04-01T15:16:28.283+05:30 TRACE 16888 --- [learn-spring-boot] [           main] o.s.b.f.s.DefaultListableBeanFactory     : Returning cached instance of singleton bean 'spring.http.client-org.springframework.boot.autoconfigure.http.client.HttpClientProperties'
2025-04-01T15:16:28.283+05:30 TRACE 16888 --- [learn-spring-boot] [           main] o.s.b.f.s.DefaultListableBeanFactory     : Returning cached instance of singleton bean 'org.springframework.boot.autoconfigure.web.client.RestClientAutoConfiguration'
2025-04-01T15:16:28.283+05:30 TRACE 16888 --- [learn-spring-boot] [           main] o.s.b.f.s.DefaultListableBeanFactory     : Returning cached instance of singleton bean 'httpMessageConvertersRestClientCustomizer'
2025-04-01T15:16:28.283+05:30 TRACE 16888 --- [learn-spring-boot] [           main] o.s.b.f.s.DefaultListableBeanFactory     : Returning cached instance of singleton bean 'restClientSsl'
2025-04-01T15:16:28.283+05:30 TRACE 16888 --- [learn-spring-boot] [           main] o.s.b.f.s.DefaultListableBeanFactory     : Returning cached instance of singleton bean 'restClientBuilderConfigurer'
2025-04-01T15:16:28.283+05:30 TRACE 16888 --- [learn-spring-boot] [           main] o.s.b.f.s.DefaultListableBeanFactory     : Returning cached instance of singleton bean 'org.springframework.boot.autoconfigure.web.client.RestTemplateAutoConfiguration'
2025-04-01T15:16:28.283+05:30 TRACE 16888 --- [learn-spring-boot] [           main] o.s.b.f.s.DefaultListableBeanFactory     : Returning cached instance of singleton bean 'org.springframework.boot.actuate.autoconfigure.observation.web.client.HttpClientObservationsAutoConfiguration$MeterFilterConfiguration'
2025-04-01T15:16:28.283+05:30 TRACE 16888 --- [learn-spring-boot] [           main] o.s.b.f.s.DefaultListableBeanFactory     : Returning cached instance of singleton bean 'metricsHttpClientUriTagFilter'
2025-04-01T15:16:28.283+05:30 TRACE 16888 --- [learn-spring-boot] [           main] o.s.b.f.s.DefaultListableBeanFactory     : Returning cached instance of singleton bean 'org.springframework.boot.actuate.autoconfigure.observation.web.client.RestTemplateObservationConfiguration'
2025-04-01T15:16:28.283+05:30 TRACE 16888 --- [learn-spring-boot] [           main] o.s.b.f.s.DefaultListableBeanFactory     : Returning cached instance of singleton bean 'observationRestTemplateCustomizer'
2025-04-01T15:16:28.283+05:30 TRACE 16888 --- [learn-spring-boot] [           main] o.s.b.f.s.DefaultListableBeanFactory     : Returning cached instance of singleton bean 'org.springframework.boot.actuate.autoconfigure.observation.web.client.RestClientObservationConfiguration'
2025-04-01T15:16:28.283+05:30 TRACE 16888 --- [learn-spring-boot] [           main] o.s.b.f.s.DefaultListableBeanFactory     : Returning cached instance of singleton bean 'observationRestClientCustomizer'
2025-04-01T15:16:28.283+05:30 TRACE 16888 --- [learn-spring-boot] [           main] o.s.b.f.s.DefaultListableBeanFactory     : Returning cached instance of singleton bean 'org.springframework.boot.actuate.autoconfigure.observation.web.client.HttpClientObservationsAutoConfiguration'
2025-04-01T15:16:28.283+05:30 TRACE 16888 --- [learn-spring-boot] [           main] o.s.b.f.s.DefaultListableBeanFactory     : Returning cached instance of singleton bean 'org.springframework.boot.actuate.autoconfigure.observation.web.servlet.WebMvcObservationAutoConfiguration$MeterFilterConfiguration'
2025-04-01T15:16:28.283+05:30 TRACE 16888 --- [learn-spring-boot] [           main] o.s.b.f.s.DefaultListableBeanFactory     : Returning cached instance of singleton bean 'metricsHttpServerUriTagFilter'
2025-04-01T15:16:28.283+05:30 TRACE 16888 --- [learn-spring-boot] [           main] o.s.b.f.s.DefaultListableBeanFactory     : Returning cached instance of singleton bean 'org.springframework.boot.actuate.autoconfigure.observation.web.servlet.WebMvcObservationAutoConfiguration'
2025-04-01T15:16:28.283+05:30 TRACE 16888 --- [learn-spring-boot] [           main] o.s.b.f.s.DefaultListableBeanFactory     : Returning cached instance of singleton bean 'webMvcObservationFilter'
2025-04-01T15:16:28.283+05:30 TRACE 16888 --- [learn-spring-boot] [           main] o.s.b.f.s.DefaultListableBeanFactory     : Returning cached instance of singleton bean 'org.springframework.boot.actuate.autoconfigure.scheduling.ScheduledTasksObservabilityAutoConfiguration'
2025-04-01T15:16:28.283+05:30 TRACE 16888 --- [learn-spring-boot] [           main] o.s.b.f.s.DefaultListableBeanFactory     : Returning cached instance of singleton bean 'observabilitySchedulingConfigurer'
2025-04-01T15:16:28.283+05:30 TRACE 16888 --- [learn-spring-boot] [           main] o.s.b.f.s.DefaultListableBeanFactory     : Returning cached instance of singleton bean 'org.springframework.boot.autoconfigure.aop.AopAutoConfiguration$ClassProxyingConfiguration'
2025-04-01T15:16:28.283+05:30 TRACE 16888 --- [learn-spring-boot] [           main] o.s.b.f.s.DefaultListableBeanFactory     : Returning cached instance of singleton bean 'forceAutoProxyCreatorToUseClassProxying'
2025-04-01T15:16:28.283+05:30 TRACE 16888 --- [learn-spring-boot] [           main] o.s.b.f.s.DefaultListableBeanFactory     : Returning cached instance of singleton bean 'org.springframework.boot.autoconfigure.aop.AopAutoConfiguration'
2025-04-01T15:16:28.283+05:30 TRACE 16888 --- [learn-spring-boot] [           main] o.s.b.f.s.DefaultListableBeanFactory     : Returning cached instance of singleton bean 'org.springframework.boot.autoconfigure.context.ConfigurationPropertiesAutoConfiguration'
2025-04-01T15:16:28.283+05:30 TRACE 16888 --- [learn-spring-boot] [           main] o.s.b.f.s.DefaultListableBeanFactory     : Returning cached instance of singleton bean 'org.springframework.boot.autoconfigure.context.LifecycleAutoConfiguration'
2025-04-01T15:16:28.283+05:30 TRACE 16888 --- [learn-spring-boot] [           main] o.s.b.f.s.DefaultListableBeanFactory     : Returning cached instance of singleton bean 'lifecycleProcessor'
2025-04-01T15:16:28.284+05:30 TRACE 16888 --- [learn-spring-boot] [           main] o.s.b.f.s.DefaultListableBeanFactory     : Returning cached instance of singleton bean 'spring.lifecycle-org.springframework.boot.autoconfigure.context.LifecycleProperties'
2025-04-01T15:16:28.284+05:30 TRACE 16888 --- [learn-spring-boot] [           main] o.s.b.f.s.DefaultListableBeanFactory     : Returning cached instance of singleton bean 'org.springframework.boot.autoconfigure.sql.init.SqlInitializationAutoConfiguration'
2025-04-01T15:16:28.284+05:30 TRACE 16888 --- [learn-spring-boot] [           main] o.s.b.f.s.DefaultListableBeanFactory     : Returning cached instance of singleton bean 'spring.sql.init-org.springframework.boot.autoconfigure.sql.init.SqlInitializationProperties'
2025-04-01T15:16:28.284+05:30 TRACE 16888 --- [learn-spring-boot] [           main] o.s.b.f.s.DefaultListableBeanFactory     : Returning cached instance of singleton bean 'org.springframework.boot.sql.init.dependency.DatabaseInitializationDependencyConfigurer$DependsOnDatabaseInitializationPostProcessor'
2025-04-01T15:16:28.284+05:30 TRACE 16888 --- [learn-spring-boot] [           main] o.s.b.f.s.DefaultListableBeanFactory     : Returning cached instance of singleton bean 'org.springframework.boot.autoconfigure.web.servlet.HttpEncodingAutoConfiguration'
2025-04-01T15:16:28.284+05:30 TRACE 16888 --- [learn-spring-boot] [           main] o.s.b.f.s.DefaultListableBeanFactory     : Returning cached instance of singleton bean 'characterEncodingFilter'
2025-04-01T15:16:28.284+05:30 TRACE 16888 --- [learn-spring-boot] [           main] o.s.b.f.s.DefaultListableBeanFactory     : Returning cached instance of singleton bean 'localeCharsetMappingsCustomizer'
2025-04-01T15:16:28.284+05:30 TRACE 16888 --- [learn-spring-boot] [           main] o.s.b.f.s.DefaultListableBeanFactory     : Returning cached instance of singleton bean 'org.springframework.boot.autoconfigure.web.servlet.MultipartAutoConfiguration'
2025-04-01T15:16:28.284+05:30 TRACE 16888 --- [learn-spring-boot] [           main] o.s.b.f.s.DefaultListableBeanFactory     : Returning cached instance of singleton bean 'multipartConfigElement'
2025-04-01T15:16:28.284+05:30 TRACE 16888 --- [learn-spring-boot] [           main] o.s.b.f.s.DefaultListableBeanFactory     : Returning cached instance of singleton bean 'multipartResolver'
2025-04-01T15:16:28.284+05:30 TRACE 16888 --- [learn-spring-boot] [           main] o.s.b.f.s.DefaultListableBeanFactory     : Returning cached instance of singleton bean 'spring.servlet.multipart-org.springframework.boot.autoconfigure.web.servlet.MultipartProperties'
2025-04-01T15:16:28.284+05:30 TRACE 16888 --- [learn-spring-boot] [           main] o.s.b.f.s.DefaultListableBeanFactory     : Returning cached instance of singleton bean 'org.springframework.boot.actuate.autoconfigure.endpoint.web.ServletEndpointManagementContextConfiguration$WebMvcServletEndpointManagementContextConfiguration'
2025-04-01T15:16:28.284+05:30 TRACE 16888 --- [learn-spring-boot] [           main] o.s.b.f.s.DefaultListableBeanFactory     : Returning cached instance of singleton bean 'servletEndpointRegistrar'
2025-04-01T15:16:28.284+05:30 TRACE 16888 --- [learn-spring-boot] [           main] o.s.b.f.s.DefaultListableBeanFactory     : Returning cached instance of singleton bean 'org.springframework.boot.actuate.autoconfigure.endpoint.web.ServletEndpointManagementContextConfiguration'
2025-04-01T15:16:28.284+05:30 TRACE 16888 --- [learn-spring-boot] [           main] o.s.b.f.s.DefaultListableBeanFactory     : Returning cached instance of singleton bean 'servletExposeExcludePropertyEndpointFilter'
2025-04-01T15:16:28.284+05:30 TRACE 16888 --- [learn-spring-boot] [           main] o.s.b.f.s.DefaultListableBeanFactory     : Returning cached instance of singleton bean 'org.springframework.boot.actuate.autoconfigure.endpoint.web.servlet.WebMvcEndpointManagementContextConfiguration'
2025-04-01T15:16:28.284+05:30 TRACE 16888 --- [learn-spring-boot] [           main] o.s.b.f.s.DefaultListableBeanFactory     : Returning cached instance of singleton bean 'webEndpointServletHandlerMapping'
2025-04-01T15:16:28.284+05:30 TRACE 16888 --- [learn-spring-boot] [           main] o.s.b.f.s.DefaultListableBeanFactory     : Returning cached instance of singleton bean 'controllerEndpointHandlerMapping'
2025-04-01T15:16:28.284+05:30 TRACE 16888 --- [learn-spring-boot] [           main] o.s.b.f.s.DefaultListableBeanFactory     : Returning cached instance of singleton bean 'endpointObjectMapperWebMvcConfigurer'
2025-04-01T15:16:28.284+05:30 TRACE 16888 --- [learn-spring-boot] [           main] o.s.b.f.s.DefaultListableBeanFactory     : Returning cached instance of singleton bean 'management.endpoints.web.cors-org.springframework.boot.actuate.autoconfigure.endpoint.web.CorsEndpointProperties'
2025-04-01T15:16:28.284+05:30 TRACE 16888 --- [learn-spring-boot] [           main] o.s.b.f.s.DefaultListableBeanFactory     : Returning cached instance of singleton bean 'org.springframework.boot.actuate.autoconfigure.web.server.ManagementContextAutoConfiguration$SameManagementContextConfiguration$EnableSameManagementContextConfiguration'
2025-04-01T15:16:28.284+05:30 TRACE 16888 --- [learn-spring-boot] [           main] o.s.b.f.s.DefaultListableBeanFactory     : Returning cached instance of singleton bean 'org.springframework.boot.actuate.autoconfigure.web.server.ManagementContextAutoConfiguration$SameManagementContextConfiguration'
2025-04-01T15:16:28.284+05:30 TRACE 16888 --- [learn-spring-boot] [           main] o.s.b.f.s.DefaultListableBeanFactory     : Returning cached instance of singleton bean 'org.springframework.boot.actuate.autoconfigure.web.server.ManagementContextAutoConfiguration'
2025-04-01T15:16:28.284+05:30 TRACE 16888 --- [learn-spring-boot] [           main] o.s.b.f.s.DefaultListableBeanFactory     : Returning cached instance of singleton bean 'management.server-org.springframework.boot.actuate.autoconfigure.web.server.ManagementServerProperties'
2025-04-01T15:16:28.284+05:30 TRACE 16888 --- [learn-spring-boot] [           main] o.s.b.f.s.DefaultListableBeanFactory     : Returning cached instance of singleton bean 'org.springframework.aop.config.internalAutoProxyCreator'
2025-04-01T15:16:28.284+05:30 TRACE 16888 --- [learn-spring-boot] [           main] o.s.b.f.s.DefaultListableBeanFactory     : Returning cached instance of singleton bean 'org.springframework.boot.test.mock.mockito.MockitoBeans'
2025-04-01T15:16:28.285+05:30 TRACE 16888 --- [learn-spring-boot] [           main] c.DefaultCacheAwareContextLoaderDelegate : Retrieved ApplicationContext [1539038539] from cache with key [WebMergedContextConfiguration@22f02996 testClass = com.springboot.learn_spring_boot.LearnSpringBootApplicationTests, locations = [], classes = [com.springboot.learn_spring_boot.LearnSpringBootApplication], contextInitializerClasses = [], activeProfiles = [], propertySourceDescriptors = [], propertySourceProperties = ["org.springframework.boot.test.context.SpringBootTestContextBootstrapper=true"], contextCustomizers = [org.springframework.boot.test.context.filter.ExcludeFilterContextCustomizer@7e990ed7, org.springframework.boot.test.json.DuplicateJsonObjectContextCustomizerFactory$DuplicateJsonObjectContextCustomizer@5884a914, org.springframework.boot.test.mock.mockito.MockitoContextCustomizer@0, org.springframework.boot.test.web.client.TestRestTemplateContextCustomizer@446a1e84, org.springframework.boot.test.web.reactor.netty.DisableReactorResourceFactoryGlobalResourcesContextCustomizerFactory$DisableReactorResourceFactoryGlobalResourcesContextCustomizerCustomizer@7dfd3c81, org.springframework.boot.test.autoconfigure.OnFailureConditionReportContextCustomizerFactory$OnFailureConditionReportContextCustomizer@6933b6c6, org.springframework.boot.test.autoconfigure.actuate.observability.ObservabilityContextCustomizerFactory$DisableObservabilityContextCustomizer@1f, org.springframework.boot.test.autoconfigure.properties.PropertyMappingContextCustomizer@0, org.springframework.boot.test.autoconfigure.web.servlet.WebDriverContextCustomizer@1224144a, org.springframework.test.context.support.DynamicPropertiesContextCustomizer@0, org.springframework.boot.test.context.SpringBootTestAnnotation@69a9185d], resourceBasePath = "src/main/webapp", contextLoader = org.springframework.boot.test.context.SpringBootContextLoader, parent = null]
2025-04-01T15:16:28.285+05:30 DEBUG 16888 --- [learn-spring-boot] [           main] org.springframework.test.context.cache   : Spring test ApplicationContext cache statistics: [DefaultContextCache@7c8874ef size = 1, maxSize = 32, parentContextCount = 0, hitCount = 13, missCount = 1, failureCount = 0]
2025-04-01T15:16:28.285+05:30 TRACE 16888 --- [learn-spring-boot] [           main] o.s.b.f.s.DefaultListableBeanFactory     : Returning cached instance of singleton bean 'startupTimeMetrics'
2025-04-01T15:16:28.286+05:30 TRACE 16888 --- [learn-spring-boot] [           main] .c.s.DirtiesContextTestExecutionListener : After test method: context [DefaultTestContext@77a0dd63 testClass = com.springboot.learn_spring_boot.LearnSpringBootApplicationTests, testInstance = com.springboot.learn_spring_boot.LearnSpringBootApplicationTests@543fe698, testMethod = contextLoads(), testException = null, mergedContextConfiguration = [WebMergedContextConfiguration@22f02996 testClass = com.springboot.learn_spring_boot.LearnSpringBootApplicationTests, locations = [], classes = [com.springboot.learn_spring_boot.LearnSpringBootApplication], contextInitializerClasses = [], activeProfiles = [], propertySourceDescriptors = [], propertySourceProperties = ["org.springframework.boot.test.context.SpringBootTestContextBootstrapper=true"], contextCustomizers = [org.springframework.boot.test.context.filter.ExcludeFilterContextCustomizer@7e990ed7, org.springframework.boot.test.json.DuplicateJsonObjectContextCustomizerFactory$DuplicateJsonObjectContextCustomizer@5884a914, org.springframework.boot.test.mock.mockito.MockitoContextCustomizer@0, org.springframework.boot.test.web.client.TestRestTemplateContextCustomizer@446a1e84, org.springframework.boot.test.web.reactor.netty.DisableReactorResourceFactoryGlobalResourcesContextCustomizerFactory$DisableReactorResourceFactoryGlobalResourcesContextCustomizerCustomizer@7dfd3c81, org.springframework.boot.test.autoconfigure.OnFailureConditionReportContextCustomizerFactory$OnFailureConditionReportContextCustomizer@6933b6c6, org.springframework.boot.test.autoconfigure.actuate.observability.ObservabilityContextCustomizerFactory$DisableObservabilityContextCustomizer@1f, org.springframework.boot.test.autoconfigure.properties.PropertyMappingContextCustomizer@0, org.springframework.boot.test.autoconfigure.web.servlet.WebDriverContextCustomizer@1224144a, org.springframework.test.context.support.DynamicPropertiesContextCustomizer@0, org.springframework.boot.test.context.SpringBootTestAnnotation@69a9185d], resourceBasePath = "src/main/webapp", contextLoader = org.springframework.boot.test.context.SpringBootContextLoader, parent = null], attributes = {"org.springframework.test.context.web.ServletTestExecutionListener.activateListener" -> true, "org.springframework.test.context.web.ServletTestExecutionListener.populatedRequestContextHolder" -> true, "org.springframework.test.context.web.ServletTestExecutionListener.resetRequestContextHolder" -> true, "org.springframework.test.context.event.ApplicationEventsTestExecutionListener.recordApplicationEvents" -> false}], class annotated with @DirtiesContext [false] with mode [null], method annotated with @DirtiesContext [false] with mode [null]
2025-04-01T15:16:28.286+05:30 TRACE 16888 --- [learn-spring-boot] [           main] o.s.t.c.w.ServletTestExecutionListener   : Resetting RequestContextHolder for test context [DefaultTestContext@77a0dd63 testClass = com.springboot.learn_spring_boot.LearnSpringBootApplicationTests, testInstance = com.springboot.learn_spring_boot.LearnSpringBootApplicationTests@543fe698, testMethod = contextLoads(), testException = null, mergedContextConfiguration = [WebMergedContextConfiguration@22f02996 testClass = com.springboot.learn_spring_boot.LearnSpringBootApplicationTests, locations = [], classes = [com.springboot.learn_spring_boot.LearnSpringBootApplication], contextInitializerClasses = [], activeProfiles = [], propertySourceDescriptors = [], propertySourceProperties = ["org.springframework.boot.test.context.SpringBootTestContextBootstrapper=true"], contextCustomizers = [org.springframework.boot.test.context.filter.ExcludeFilterContextCustomizer@7e990ed7, org.springframework.boot.test.json.DuplicateJsonObjectContextCustomizerFactory$DuplicateJsonObjectContextCustomizer@5884a914, org.springframework.boot.test.mock.mockito.MockitoContextCustomizer@0, org.springframework.boot.test.web.client.TestRestTemplateContextCustomizer@446a1e84, org.springframework.boot.test.web.reactor.netty.DisableReactorResourceFactoryGlobalResourcesContextCustomizerFactory$DisableReactorResourceFactoryGlobalResourcesContextCustomizerCustomizer@7dfd3c81, org.springframework.boot.test.autoconfigure.OnFailureConditionReportContextCustomizerFactory$OnFailureConditionReportContextCustomizer@6933b6c6, org.springframework.boot.test.autoconfigure.actuate.observability.ObservabilityContextCustomizerFactory$DisableObservabilityContextCustomizer@1f, org.springframework.boot.test.autoconfigure.properties.PropertyMappingContextCustomizer@0, org.springframework.boot.test.autoconfigure.web.servlet.WebDriverContextCustomizer@1224144a, org.springframework.test.context.support.DynamicPropertiesContextCustomizer@0, org.springframework.boot.test.context.SpringBootTestAnnotation@69a9185d], resourceBasePath = "src/main/webapp", contextLoader = org.springframework.boot.test.context.SpringBootContextLoader, parent = null], attributes = {"org.springframework.test.context.web.ServletTestExecutionListener.activateListener" -> true, "org.springframework.test.context.web.ServletTestExecutionListener.populatedRequestContextHolder" -> true, "org.springframework.test.context.web.ServletTestExecutionListener.resetRequestContextHolder" -> true, "org.springframework.test.context.event.ApplicationEventsTestExecutionListener.recordApplicationEvents" -> false}]
]]></system-out>
    <system-err><![CDATA[Mockito is currently self-attaching to enable the inline-mock-maker. This will no longer work in future releases of the JDK. Please add Mockito as an agent to your build what is described in Mockito's documentation: https://javadoc.io/doc/org.mockito/mockito-core/latest/org/mockito/Mockito.html#0.3
WARNING: A Java agent has been loaded dynamically (C:\Users\Dhruti Parmar\.m2\repository\net\bytebuddy\byte-buddy-agent\1.15.11\byte-buddy-agent-1.15.11.jar)
WARNING: If a serviceability tool is in use, please run with -XX:+EnableDynamicAgentLoading to hide this warning
WARNING: If a serviceability tool is not in use, please run with -Djdk.instrument.traceUsage for more information
WARNING: Dynamic loading of agents will be disallowed by default in a future release
]]></system-err>
  </testcase>
</testsuite>